[2025-02-14T22:37:16.388+0600] {local_task_job_runner.py:123} INFO - ::group::Pre task execution logs
[2025-02-14T22:37:16.601+0600] {taskinstance.py:2613} INFO - Dependencies all met for dep_context=non-requeueable deps ti=<TaskInstance: supermarket_sales_eTOe_dag.transform_data_task scheduled__2025-02-12T05:00:00+00:00 [queued]>
[2025-02-14T22:37:16.668+0600] {taskinstance.py:2613} INFO - Dependencies all met for dep_context=requeueable deps ti=<TaskInstance: supermarket_sales_eTOe_dag.transform_data_task scheduled__2025-02-12T05:00:00+00:00 [queued]>
[2025-02-14T22:37:16.669+0600] {taskinstance.py:2866} INFO - Starting attempt 1 of 1
[2025-02-14T22:37:16.750+0600] {taskinstance.py:2889} INFO - Executing <Task(PythonOperator): transform_data_task> on 2025-02-12 05:00:00+00:00
[2025-02-14T22:37:16.824+0600] {standard_task_runner.py:104} INFO - Running: ['airflow', 'tasks', 'run', 'supermarket_sales_eTOe_dag', 'transform_data_task', 'scheduled__2025-02-12T05:00:00+00:00', '--job-id', '174', '--raw', '--subdir', 'DAGS_FOLDER/final_assignment.py', '--cfg-path', '/tmp/tmpgjii1hnm']
[2025-02-14T22:37:16.828+0600] {standard_task_runner.py:105} INFO - Job 174: Subtask transform_data_task
[2025-02-14T22:37:16.918+0600] {logging_mixin.py:190} WARNING - /home/shamim/airflow_git/Airflow_project/air_venv/lib/python3.12/site-packages/airflow/task/task_runner/standard_task_runner.py:70 DeprecationWarning: This process (pid=604373) is multi-threaded, use of fork() may lead to deadlocks in the child.
[2025-02-14T22:37:16.931+0600] {standard_task_runner.py:72} INFO - Started process 604491 to run task
[2025-02-14T22:37:17.318+0600] {task_command.py:467} INFO - Running <TaskInstance: supermarket_sales_eTOe_dag.transform_data_task scheduled__2025-02-12T05:00:00+00:00 [running]> on host shamim-X541UV
[2025-02-14T22:37:18.570+0600] {taskinstance.py:3132} INFO - Exporting env vars: AIRFLOW_CTX_DAG_OWNER='airflow' AIRFLOW_CTX_DAG_ID='supermarket_sales_eTOe_dag' AIRFLOW_CTX_TASK_ID='transform_data_task' AIRFLOW_CTX_EXECUTION_DATE='2025-02-12T05:00:00+00:00' AIRFLOW_CTX_TRY_NUMBER='1' AIRFLOW_CTX_DAG_RUN_ID='scheduled__2025-02-12T05:00:00+00:00'
[2025-02-14T22:37:18.584+0600] {logging_mixin.py:190} INFO - Task instance is in running state
[2025-02-14T22:37:18.586+0600] {logging_mixin.py:190} INFO -  Previous state of the Task instance: queued
[2025-02-14T22:37:18.595+0600] {logging_mixin.py:190} INFO - Current task name:transform_data_task state:running start_date:2025-02-14 16:37:16.603670+00:00
[2025-02-14T22:37:18.595+0600] {logging_mixin.py:190} INFO - Dag name:supermarket_sales_eTOe_dag and current dag run status:running
[2025-02-14T22:37:18.596+0600] {taskinstance.py:731} INFO - ::endgroup::
[2025-02-14T22:37:20.465+0600] {python.py:240} INFO - Done. Returned value was: None
[2025-02-14T22:37:20.553+0600] {taskinstance.py:340} INFO - ::group::Post task execution logs
[2025-02-14T22:37:20.557+0600] {taskinstance.py:352} INFO - Marking task as SUCCESS. dag_id=supermarket_sales_eTOe_dag, task_id=transform_data_task, run_id=scheduled__2025-02-12T05:00:00+00:00, execution_date=20250212T050000, start_date=20250214T163716, end_date=20250214T163720
[2025-02-14T22:37:20.599+0600] {logging_mixin.py:190} INFO - Task instance in success state
[2025-02-14T22:37:20.602+0600] {logging_mixin.py:190} INFO -  Previous state of the Task instance: running
[2025-02-14T22:37:20.603+0600] {logging_mixin.py:190} INFO - Dag name:supermarket_sales_eTOe_dag queued_at:2025-02-14 16:36:56.680041+00:00
[2025-02-14T22:37:20.603+0600] {logging_mixin.py:190} INFO - Task hostname:shamim-X541UV operator:PythonOperator
[2025-02-14T22:37:20.683+0600] {local_task_job_runner.py:266} INFO - Task exited with return code 0
[2025-02-14T22:37:20.861+0600] {taskinstance.py:3895} INFO - 1 downstream tasks scheduled from follow-on schedule check
[2025-02-14T22:37:20.870+0600] {local_task_job_runner.py:245} INFO - ::endgroup::
