[2025-02-14T22:37:03.338+0600] {local_task_job_runner.py:123} INFO - ::group::Pre task execution logs
[2025-02-14T22:37:03.480+0600] {taskinstance.py:2613} INFO - Dependencies all met for dep_context=non-requeueable deps ti=<TaskInstance: supermarket_sales_eTOe_dag.extract_data_task scheduled__2025-02-13T05:00:00+00:00 [queued]>
[2025-02-14T22:37:03.531+0600] {taskinstance.py:2613} INFO - Dependencies all met for dep_context=requeueable deps ti=<TaskInstance: supermarket_sales_eTOe_dag.extract_data_task scheduled__2025-02-13T05:00:00+00:00 [queued]>
[2025-02-14T22:37:03.534+0600] {taskinstance.py:2866} INFO - Starting attempt 1 of 1
[2025-02-14T22:37:03.622+0600] {taskinstance.py:2889} INFO - Executing <Task(PythonOperator): extract_data_task> on 2025-02-13 05:00:00+00:00
[2025-02-14T22:37:03.693+0600] {standard_task_runner.py:104} INFO - Running: ['airflow', 'tasks', 'run', 'supermarket_sales_eTOe_dag', 'extract_data_task', 'scheduled__2025-02-13T05:00:00+00:00', '--job-id', '170', '--raw', '--subdir', 'DAGS_FOLDER/final_assignment.py', '--cfg-path', '/tmp/tmpdj7o7d19']
[2025-02-14T22:37:03.701+0600] {standard_task_runner.py:105} INFO - Job 170: Subtask extract_data_task
[2025-02-14T22:37:03.737+0600] {logging_mixin.py:190} WARNING - /home/shamim/airflow_git/Airflow_project/air_venv/lib/python3.12/site-packages/airflow/task/task_runner/standard_task_runner.py:70 DeprecationWarning: This process (pid=604171) is multi-threaded, use of fork() may lead to deadlocks in the child.
[2025-02-14T22:37:03.739+0600] {standard_task_runner.py:72} INFO - Started process 604261 to run task
[2025-02-14T22:37:04.222+0600] {task_command.py:467} INFO - Running <TaskInstance: supermarket_sales_eTOe_dag.extract_data_task scheduled__2025-02-13T05:00:00+00:00 [running]> on host shamim-X541UV
[2025-02-14T22:37:05.077+0600] {taskinstance.py:3132} INFO - Exporting env vars: AIRFLOW_CTX_DAG_OWNER='airflow' AIRFLOW_CTX_DAG_ID='supermarket_sales_eTOe_dag' AIRFLOW_CTX_TASK_ID='extract_data_task' AIRFLOW_CTX_EXECUTION_DATE='2025-02-13T05:00:00+00:00' AIRFLOW_CTX_TRY_NUMBER='1' AIRFLOW_CTX_DAG_RUN_ID='scheduled__2025-02-13T05:00:00+00:00'
[2025-02-14T22:37:05.095+0600] {logging_mixin.py:190} INFO - Task instance is in running state
[2025-02-14T22:37:05.096+0600] {logging_mixin.py:190} INFO -  Previous state of the Task instance: queued
[2025-02-14T22:37:05.096+0600] {logging_mixin.py:190} INFO - Current task name:extract_data_task state:running start_date:2025-02-14 16:37:03.481343+00:00
[2025-02-14T22:37:05.097+0600] {logging_mixin.py:190} INFO - Dag name:supermarket_sales_eTOe_dag and current dag run status:running
[2025-02-14T22:37:05.110+0600] {taskinstance.py:731} INFO - ::endgroup::
[2025-02-14T22:37:06.653+0600] {python.py:240} INFO - Done. Returned value was: None
[2025-02-14T22:37:06.789+0600] {taskinstance.py:340} INFO - ::group::Post task execution logs
[2025-02-14T22:37:06.795+0600] {taskinstance.py:352} INFO - Marking task as SUCCESS. dag_id=supermarket_sales_eTOe_dag, task_id=extract_data_task, run_id=scheduled__2025-02-13T05:00:00+00:00, execution_date=20250213T050000, start_date=20250214T163703, end_date=20250214T163706
[2025-02-14T22:37:06.839+0600] {logging_mixin.py:190} INFO - Task instance in success state
[2025-02-14T22:37:06.839+0600] {logging_mixin.py:190} INFO -  Previous state of the Task instance: running
[2025-02-14T22:37:06.840+0600] {logging_mixin.py:190} INFO - Dag name:supermarket_sales_eTOe_dag queued_at:2025-02-14 16:36:56.983622+00:00
[2025-02-14T22:37:06.846+0600] {logging_mixin.py:190} INFO - Task hostname:shamim-X541UV operator:PythonOperator
[2025-02-14T22:37:06.968+0600] {local_task_job_runner.py:266} INFO - Task exited with return code 0
[2025-02-14T22:37:07.199+0600] {taskinstance.py:3895} INFO - 1 downstream tasks scheduled from follow-on schedule check
[2025-02-14T22:37:07.211+0600] {local_task_job_runner.py:245} INFO - ::endgroup::
