[2025-02-11T17:08:18.274+0600] {local_task_job_runner.py:123} INFO - ::group::Pre task execution logs
[2025-02-11T17:08:18.315+0600] {taskinstance.py:2613} INFO - Dependencies all met for dep_context=non-requeueable deps ti=<TaskInstance: e2e_data_loading_to_pg_dag.create_table_task manual__2025-02-11T11:08:11.261939+00:00 [queued]>
[2025-02-11T17:08:18.327+0600] {taskinstance.py:2613} INFO - Dependencies all met for dep_context=requeueable deps ti=<TaskInstance: e2e_data_loading_to_pg_dag.create_table_task manual__2025-02-11T11:08:11.261939+00:00 [queued]>
[2025-02-11T17:08:18.328+0600] {taskinstance.py:2866} INFO - Starting attempt 1 of 1
[2025-02-11T17:08:18.350+0600] {taskinstance.py:2889} INFO - Executing <Task(SQLExecuteQueryOperator): create_table_task> on 2025-02-11 11:08:11.261939+00:00
[2025-02-11T17:08:18.365+0600] {standard_task_runner.py:104} INFO - Running: ['airflow', 'tasks', 'run', 'e2e_data_loading_to_pg_dag', 'create_table_task', 'manual__2025-02-11T11:08:11.261939+00:00', '--job-id', '7', '--raw', '--subdir', 'DAGS_FOLDER/e_to_e_processing.py', '--cfg-path', '/tmp/tmpgpjalcei']
[2025-02-11T17:08:18.367+0600] {standard_task_runner.py:105} INFO - Job 7: Subtask create_table_task
[2025-02-11T17:08:18.374+0600] {logging_mixin.py:190} WARNING - /home/shamim/airflow_git/Airflow_project/air_venv/lib/python3.12/site-packages/airflow/task/task_runner/standard_task_runner.py:70 DeprecationWarning: This process (pid=112966) is multi-threaded, use of fork() may lead to deadlocks in the child.
[2025-02-11T17:08:18.375+0600] {standard_task_runner.py:72} INFO - Started process 113021 to run task
[2025-02-11T17:08:18.511+0600] {task_command.py:467} INFO - Running <TaskInstance: e2e_data_loading_to_pg_dag.create_table_task manual__2025-02-11T11:08:11.261939+00:00 [running]> on host shamim-X541UV
[2025-02-11T17:08:18.886+0600] {taskinstance.py:3132} INFO - Exporting env vars: AIRFLOW_CTX_DAG_OWNER='airflow' AIRFLOW_CTX_DAG_ID='e2e_data_loading_to_pg_dag' AIRFLOW_CTX_TASK_ID='create_table_task' AIRFLOW_CTX_EXECUTION_DATE='2025-02-11T11:08:11.261939+00:00' AIRFLOW_CTX_TRY_NUMBER='1' AIRFLOW_CTX_DAG_RUN_ID='manual__2025-02-11T11:08:11.261939+00:00'
[2025-02-11T17:08:18.891+0600] {logging_mixin.py:190} INFO - Task instance is in running state
[2025-02-11T17:08:18.892+0600] {logging_mixin.py:190} INFO -  Previous state of the Task instance: queued
[2025-02-11T17:08:18.892+0600] {logging_mixin.py:190} INFO - Current task name:create_table_task state:running start_date:2025-02-11 11:08:18.315545+00:00
[2025-02-11T17:08:18.893+0600] {logging_mixin.py:190} INFO - Dag name:e2e_data_loading_to_pg_dag and current dag run status:running
[2025-02-11T17:08:18.893+0600] {taskinstance.py:731} INFO - ::endgroup::
[2025-02-11T17:08:18.894+0600] {sql.py:295} INFO - Executing: 
    DROP TABLE IF EXISTS staging_table;
    CREATE TABLE IF NOT EXISTs staging_table(
    id SERIAL PRIMARY KEY,
    name VARCHAR(100),
    age INT,
    month VARCHAR(100),
    salary NUMERIC
    );
    
[2025-02-11T17:08:18.933+0600] {base.py:84} INFO - Retrieving connection 'postgres'
[2025-02-11T17:08:18.964+0600] {base.py:84} INFO - Retrieving connection 'postgres'
[2025-02-11T17:08:18.985+0600] {sql.py:511} INFO - Running statement: 
    DROP TABLE IF EXISTS staging_table;
    CREATE TABLE IF NOT EXISTs staging_table(
    id SERIAL PRIMARY KEY,
    name VARCHAR(100),
    age INT,
    month VARCHAR(100),
    salary NUMERIC
    );
    , parameters: None
[2025-02-11T17:08:19.012+0600] {logging_mixin.py:190} WARNING - /home/shamim/airflow_git/Airflow_project/air_venv/lib/python3.12/site-packages/airflow/providers/common/sql/hooks/sql.py:470 DeprecationWarning: Import of fetch_all_handler from the 'airflow.providers.common.sql.hooks' module is deprecated and will
be removed in the future. Please import it from 'airflow.providers.common.sql.hooks.handlers'.
[2025-02-11T17:08:19.014+0600] {logging_mixin.py:190} WARNING - /home/shamim/airflow_git/Airflow_project/air_venv/lib/python3.12/site-packages/airflow/providers/common/sql/hooks/sql.py:471 DeprecationWarning: Import of return_single_query_results from the 'airflow.providers.common.sql.hooks' module is deprecated and will
be removed in the future. Please import it from 'airflow.providers.common.sql.hooks.handlers'.
[2025-02-11T17:08:19.022+0600] {logging_mixin.py:190} WARNING - /home/shamim/airflow_git/Airflow_project/air_venv/lib/python3.12/site-packages/airflow/providers/common/sql/hooks/sql.py:486 DeprecationWarning: Import of return_single_query_results from the 'airflow.providers.common.sql.hooks' module is deprecated and will
be removed in the future. Please import it from 'airflow.providers.common.sql.hooks.handlers'.
[2025-02-11T17:08:19.026+0600] {logging_mixin.py:190} WARNING - /home/shamim/airflow_git/Airflow_project/air_venv/lib/python3.12/site-packages/airflow/providers/common/sql/operators/sql.py:311 DeprecationWarning: Import of return_single_query_results from the 'airflow.providers.common.sql.hooks' module is deprecated and will
be removed in the future. Please import it from 'airflow.providers.common.sql.hooks.handlers'.
[2025-02-11T17:08:19.064+0600] {taskinstance.py:340} INFO - ::group::Post task execution logs
[2025-02-11T17:08:19.065+0600] {taskinstance.py:352} INFO - Marking task as SUCCESS. dag_id=e2e_data_loading_to_pg_dag, task_id=create_table_task, run_id=manual__2025-02-11T11:08:11.261939+00:00, execution_date=20250211T110811, start_date=20250211T110818, end_date=20250211T110819
[2025-02-11T17:08:19.089+0600] {logging_mixin.py:190} INFO - Task instance in success state
[2025-02-11T17:08:19.089+0600] {logging_mixin.py:190} INFO -  Previous state of the Task instance: running
[2025-02-11T17:08:19.090+0600] {logging_mixin.py:190} INFO - Dag name:e2e_data_loading_to_pg_dag queued_at:2025-02-11 11:08:11.283252+00:00
[2025-02-11T17:08:19.090+0600] {logging_mixin.py:190} INFO - Task hostname:shamim-X541UV operator:SQLExecuteQueryOperator
[2025-02-11T17:08:19.137+0600] {local_task_job_runner.py:266} INFO - Task exited with return code 0
[2025-02-11T17:08:19.199+0600] {taskinstance.py:3895} INFO - 1 downstream tasks scheduled from follow-on schedule check
[2025-02-11T17:08:19.205+0600] {local_task_job_runner.py:245} INFO - ::endgroup::
