[2025-02-11T15:47:12.651+0600] {local_task_job_runner.py:123} INFO - ::group::Pre task execution logs
[2025-02-11T15:47:12.664+0600] {taskinstance.py:2613} INFO - Dependencies all met for dep_context=non-requeueable deps ti=<TaskInstance: e2e_data_loading_to_pg_dag.create_table_task manual__2025-02-11T09:47:06.830687+00:00 [queued]>
[2025-02-11T15:47:12.672+0600] {taskinstance.py:2613} INFO - Dependencies all met for dep_context=requeueable deps ti=<TaskInstance: e2e_data_loading_to_pg_dag.create_table_task manual__2025-02-11T09:47:06.830687+00:00 [queued]>
[2025-02-11T15:47:12.673+0600] {taskinstance.py:2866} INFO - Starting attempt 1 of 1
[2025-02-11T15:47:12.688+0600] {taskinstance.py:2889} INFO - Executing <Task(SQLExecuteQueryOperator): create_table_task> on 2025-02-11 09:47:06.830687+00:00
[2025-02-11T15:47:12.701+0600] {standard_task_runner.py:104} INFO - Running: ['airflow', 'tasks', 'run', 'e2e_data_loading_to_pg_dag', 'create_table_task', 'manual__2025-02-11T09:47:06.830687+00:00', '--job-id', '36', '--raw', '--subdir', 'DAGS_FOLDER/e_to_e_processing.py', '--cfg-path', '/tmp/tmp1p_yaadm']
[2025-02-11T15:47:12.703+0600] {standard_task_runner.py:105} INFO - Job 36: Subtask create_table_task
[2025-02-11T15:47:12.706+0600] {logging_mixin.py:190} WARNING - /home/shamim/airflow_git/Airflow_project/air_venv/lib/python3.12/site-packages/airflow/task/task_runner/standard_task_runner.py:70 DeprecationWarning: This process (pid=97066) is multi-threaded, use of fork() may lead to deadlocks in the child.
[2025-02-11T15:47:12.707+0600] {standard_task_runner.py:72} INFO - Started process 97086 to run task
[2025-02-11T15:47:12.749+0600] {task_command.py:467} INFO - Running <TaskInstance: e2e_data_loading_to_pg_dag.create_table_task manual__2025-02-11T09:47:06.830687+00:00 [running]> on host shamim-X541UV
[2025-02-11T15:47:12.832+0600] {taskinstance.py:3132} INFO - Exporting env vars: AIRFLOW_CTX_DAG_OWNER='airflow' AIRFLOW_CTX_DAG_ID='e2e_data_loading_to_pg_dag' AIRFLOW_CTX_TASK_ID='create_table_task' AIRFLOW_CTX_EXECUTION_DATE='2025-02-11T09:47:06.830687+00:00' AIRFLOW_CTX_TRY_NUMBER='1' AIRFLOW_CTX_DAG_RUN_ID='manual__2025-02-11T09:47:06.830687+00:00'
[2025-02-11T15:47:12.834+0600] {logging_mixin.py:190} INFO - Task instance is in running state
[2025-02-11T15:47:12.835+0600] {logging_mixin.py:190} INFO -  Previous state of the Task instance: queued
[2025-02-11T15:47:12.835+0600] {logging_mixin.py:190} INFO - Current task name:create_table_task state:running start_date:2025-02-11 09:47:12.665381+00:00
[2025-02-11T15:47:12.836+0600] {logging_mixin.py:190} INFO - Dag name:e2e_data_loading_to_pg_dag and current dag run status:running
[2025-02-11T15:47:12.836+0600] {taskinstance.py:731} INFO - ::endgroup::
[2025-02-11T15:47:12.836+0600] {sql.py:295} INFO - Executing: 
    DROP TABLE IF EXISTS staging_table;
    CREATE TABLE IF NOT EXISTs staging_table(
    id SERIAL PRIMARY KEY,
    name VARCHAR(100),
    age INT,
    month VARCHAR(100),
    salary NUMERIC
    );
    
[2025-02-11T15:47:12.842+0600] {base.py:84} INFO - Retrieving connection 'postgres'
[2025-02-11T15:47:12.850+0600] {base.py:84} INFO - Retrieving connection 'postgres'
[2025-02-11T15:47:12.870+0600] {sql.py:511} INFO - Running statement: 
    DROP TABLE IF EXISTS staging_table;
    CREATE TABLE IF NOT EXISTs staging_table(
    id SERIAL PRIMARY KEY,
    name VARCHAR(100),
    age INT,
    month VARCHAR(100),
    salary NUMERIC
    );
    , parameters: None
[2025-02-11T15:47:12.905+0600] {logging_mixin.py:190} WARNING - /home/shamim/airflow_git/Airflow_project/air_venv/lib/python3.12/site-packages/airflow/providers/common/sql/hooks/sql.py:470 DeprecationWarning: Import of fetch_all_handler from the 'airflow.providers.common.sql.hooks' module is deprecated and will
be removed in the future. Please import it from 'airflow.providers.common.sql.hooks.handlers'.
[2025-02-11T15:47:12.907+0600] {logging_mixin.py:190} WARNING - /home/shamim/airflow_git/Airflow_project/air_venv/lib/python3.12/site-packages/airflow/providers/common/sql/hooks/sql.py:471 DeprecationWarning: Import of return_single_query_results from the 'airflow.providers.common.sql.hooks' module is deprecated and will
be removed in the future. Please import it from 'airflow.providers.common.sql.hooks.handlers'.
[2025-02-11T15:47:12.911+0600] {logging_mixin.py:190} WARNING - /home/shamim/airflow_git/Airflow_project/air_venv/lib/python3.12/site-packages/airflow/providers/common/sql/hooks/sql.py:486 DeprecationWarning: Import of return_single_query_results from the 'airflow.providers.common.sql.hooks' module is deprecated and will
be removed in the future. Please import it from 'airflow.providers.common.sql.hooks.handlers'.
[2025-02-11T15:47:12.913+0600] {logging_mixin.py:190} WARNING - /home/shamim/airflow_git/Airflow_project/air_venv/lib/python3.12/site-packages/airflow/providers/common/sql/operators/sql.py:311 DeprecationWarning: Import of return_single_query_results from the 'airflow.providers.common.sql.hooks' module is deprecated and will
be removed in the future. Please import it from 'airflow.providers.common.sql.hooks.handlers'.
[2025-02-11T15:47:12.920+0600] {taskinstance.py:340} INFO - ::group::Post task execution logs
[2025-02-11T15:47:12.920+0600] {taskinstance.py:352} INFO - Marking task as SUCCESS. dag_id=e2e_data_loading_to_pg_dag, task_id=create_table_task, run_id=manual__2025-02-11T09:47:06.830687+00:00, execution_date=20250211T094706, start_date=20250211T094712, end_date=20250211T094712
[2025-02-11T15:47:12.930+0600] {logging_mixin.py:190} INFO - Task instance in success state
[2025-02-11T15:47:12.930+0600] {logging_mixin.py:190} INFO -  Previous state of the Task instance: running
[2025-02-11T15:47:12.931+0600] {logging_mixin.py:190} INFO - Dag name:e2e_data_loading_to_pg_dag queued_at:2025-02-11 09:47:06.845326+00:00
[2025-02-11T15:47:12.931+0600] {logging_mixin.py:190} INFO - Task hostname:shamim-X541UV operator:SQLExecuteQueryOperator
[2025-02-11T15:47:12.962+0600] {local_task_job_runner.py:266} INFO - Task exited with return code 0
[2025-02-11T15:47:12.993+0600] {taskinstance.py:3895} INFO - 1 downstream tasks scheduled from follow-on schedule check
[2025-02-11T15:47:12.996+0600] {local_task_job_runner.py:245} INFO - ::endgroup::
