[2025-02-11T08:59:50.362+0600] {processor.py:186} INFO - Started process (PID=5739) to work on /home/shamim/airflow_git/Airflow_project/air_venv/lib/python3.12/site-packages/airflow/example_dags/example_display_name.py
[2025-02-11T08:59:50.363+0600] {processor.py:914} INFO - Processing file /home/shamim/airflow_git/Airflow_project/air_venv/lib/python3.12/site-packages/airflow/example_dags/example_display_name.py for tasks to queue
[2025-02-11T08:59:50.367+0600] {logging_mixin.py:190} INFO - [2025-02-11T08:59:50.366+0600] {dagbag.py:588} INFO - Filling up the DagBag from /home/shamim/airflow_git/Airflow_project/air_venv/lib/python3.12/site-packages/airflow/example_dags/example_display_name.py
[2025-02-11T08:59:50.378+0600] {processor.py:925} INFO - DAG(s) 'example_display_name' retrieved from /home/shamim/airflow_git/Airflow_project/air_venv/lib/python3.12/site-packages/airflow/example_dags/example_display_name.py
[2025-02-11T08:59:50.400+0600] {logging_mixin.py:190} INFO - [2025-02-11T08:59:50.400+0600] {dag.py:3239} INFO - Sync 1 DAGs
[2025-02-11T08:59:50.420+0600] {logging_mixin.py:190} INFO - [2025-02-11T08:59:50.420+0600] {dag.py:4180} INFO - Setting next_dagrun for example_display_name to None, run_after=None
[2025-02-11T08:59:50.475+0600] {processor.py:208} INFO - Processing /home/shamim/airflow_git/Airflow_project/air_venv/lib/python3.12/site-packages/airflow/example_dags/example_display_name.py took 0.124 seconds
[2025-02-11T09:01:14.606+0600] {processor.py:186} INFO - Started process (PID=5963) to work on /home/shamim/airflow_git/Airflow_project/air_venv/lib/python3.12/site-packages/airflow/example_dags/example_display_name.py
[2025-02-11T09:01:14.612+0600] {processor.py:914} INFO - Processing file /home/shamim/airflow_git/Airflow_project/air_venv/lib/python3.12/site-packages/airflow/example_dags/example_display_name.py for tasks to queue
[2025-02-11T09:01:14.616+0600] {logging_mixin.py:190} INFO - [2025-02-11T09:01:14.615+0600] {dagbag.py:588} INFO - Filling up the DagBag from /home/shamim/airflow_git/Airflow_project/air_venv/lib/python3.12/site-packages/airflow/example_dags/example_display_name.py
[2025-02-11T09:01:14.629+0600] {processor.py:925} INFO - DAG(s) 'example_display_name' retrieved from /home/shamim/airflow_git/Airflow_project/air_venv/lib/python3.12/site-packages/airflow/example_dags/example_display_name.py
[2025-02-11T09:01:14.648+0600] {logging_mixin.py:190} INFO - [2025-02-11T09:01:14.648+0600] {dag.py:3239} INFO - Sync 1 DAGs
[2025-02-11T09:01:14.666+0600] {logging_mixin.py:190} INFO - [2025-02-11T09:01:14.665+0600] {dag.py:4180} INFO - Setting next_dagrun for example_display_name to None, run_after=None
[2025-02-11T09:01:14.702+0600] {processor.py:208} INFO - Processing /home/shamim/airflow_git/Airflow_project/air_venv/lib/python3.12/site-packages/airflow/example_dags/example_display_name.py took 0.108 seconds
[2025-02-11T09:02:38.956+0600] {processor.py:186} INFO - Started process (PID=6393) to work on /home/shamim/airflow_git/Airflow_project/air_venv/lib/python3.12/site-packages/airflow/example_dags/example_display_name.py
[2025-02-11T09:02:38.963+0600] {processor.py:914} INFO - Processing file /home/shamim/airflow_git/Airflow_project/air_venv/lib/python3.12/site-packages/airflow/example_dags/example_display_name.py for tasks to queue
[2025-02-11T09:02:38.971+0600] {logging_mixin.py:190} INFO - [2025-02-11T09:02:38.969+0600] {dagbag.py:588} INFO - Filling up the DagBag from /home/shamim/airflow_git/Airflow_project/air_venv/lib/python3.12/site-packages/airflow/example_dags/example_display_name.py
[2025-02-11T09:02:38.988+0600] {processor.py:925} INFO - DAG(s) 'example_display_name' retrieved from /home/shamim/airflow_git/Airflow_project/air_venv/lib/python3.12/site-packages/airflow/example_dags/example_display_name.py
[2025-02-11T09:02:39.005+0600] {logging_mixin.py:190} INFO - [2025-02-11T09:02:39.005+0600] {dag.py:3239} INFO - Sync 1 DAGs
[2025-02-11T09:02:39.019+0600] {logging_mixin.py:190} INFO - [2025-02-11T09:02:39.019+0600] {dag.py:4180} INFO - Setting next_dagrun for example_display_name to None, run_after=None
[2025-02-11T09:02:39.054+0600] {processor.py:208} INFO - Processing /home/shamim/airflow_git/Airflow_project/air_venv/lib/python3.12/site-packages/airflow/example_dags/example_display_name.py took 0.106 seconds
[2025-02-11T09:04:03.415+0600] {processor.py:186} INFO - Started process (PID=6869) to work on /home/shamim/airflow_git/Airflow_project/air_venv/lib/python3.12/site-packages/airflow/example_dags/example_display_name.py
[2025-02-11T09:04:03.422+0600] {processor.py:914} INFO - Processing file /home/shamim/airflow_git/Airflow_project/air_venv/lib/python3.12/site-packages/airflow/example_dags/example_display_name.py for tasks to queue
[2025-02-11T09:04:03.426+0600] {logging_mixin.py:190} INFO - [2025-02-11T09:04:03.425+0600] {dagbag.py:588} INFO - Filling up the DagBag from /home/shamim/airflow_git/Airflow_project/air_venv/lib/python3.12/site-packages/airflow/example_dags/example_display_name.py
[2025-02-11T09:04:03.449+0600] {processor.py:925} INFO - DAG(s) 'example_display_name' retrieved from /home/shamim/airflow_git/Airflow_project/air_venv/lib/python3.12/site-packages/airflow/example_dags/example_display_name.py
[2025-02-11T09:04:03.468+0600] {logging_mixin.py:190} INFO - [2025-02-11T09:04:03.467+0600] {dag.py:3239} INFO - Sync 1 DAGs
[2025-02-11T09:04:03.482+0600] {logging_mixin.py:190} INFO - [2025-02-11T09:04:03.482+0600] {dag.py:4180} INFO - Setting next_dagrun for example_display_name to None, run_after=None
[2025-02-11T09:04:03.507+0600] {processor.py:208} INFO - Processing /home/shamim/airflow_git/Airflow_project/air_venv/lib/python3.12/site-packages/airflow/example_dags/example_display_name.py took 0.098 seconds
[2025-02-11T09:05:19.341+0600] {processor.py:186} INFO - Started process (PID=7176) to work on /home/shamim/airflow_git/Airflow_project/air_venv/lib/python3.12/site-packages/airflow/example_dags/example_display_name.py
[2025-02-11T09:05:19.347+0600] {processor.py:914} INFO - Processing file /home/shamim/airflow_git/Airflow_project/air_venv/lib/python3.12/site-packages/airflow/example_dags/example_display_name.py for tasks to queue
[2025-02-11T09:05:19.349+0600] {logging_mixin.py:190} INFO - [2025-02-11T09:05:19.349+0600] {dagbag.py:588} INFO - Filling up the DagBag from /home/shamim/airflow_git/Airflow_project/air_venv/lib/python3.12/site-packages/airflow/example_dags/example_display_name.py
[2025-02-11T09:05:19.360+0600] {processor.py:925} INFO - DAG(s) 'example_display_name' retrieved from /home/shamim/airflow_git/Airflow_project/air_venv/lib/python3.12/site-packages/airflow/example_dags/example_display_name.py
[2025-02-11T09:05:19.377+0600] {logging_mixin.py:190} INFO - [2025-02-11T09:05:19.376+0600] {dag.py:3239} INFO - Sync 1 DAGs
[2025-02-11T09:05:19.392+0600] {logging_mixin.py:190} INFO - [2025-02-11T09:05:19.392+0600] {dag.py:4180} INFO - Setting next_dagrun for example_display_name to None, run_after=None
[2025-02-11T09:05:19.416+0600] {processor.py:208} INFO - Processing /home/shamim/airflow_git/Airflow_project/air_venv/lib/python3.12/site-packages/airflow/example_dags/example_display_name.py took 0.083 seconds
[2025-02-11T09:06:39.473+0600] {processor.py:186} INFO - Started process (PID=7532) to work on /home/shamim/airflow_git/Airflow_project/air_venv/lib/python3.12/site-packages/airflow/example_dags/example_display_name.py
[2025-02-11T09:06:39.480+0600] {processor.py:914} INFO - Processing file /home/shamim/airflow_git/Airflow_project/air_venv/lib/python3.12/site-packages/airflow/example_dags/example_display_name.py for tasks to queue
[2025-02-11T09:06:39.483+0600] {logging_mixin.py:190} INFO - [2025-02-11T09:06:39.482+0600] {dagbag.py:588} INFO - Filling up the DagBag from /home/shamim/airflow_git/Airflow_project/air_venv/lib/python3.12/site-packages/airflow/example_dags/example_display_name.py
[2025-02-11T09:06:39.498+0600] {processor.py:925} INFO - DAG(s) 'example_display_name' retrieved from /home/shamim/airflow_git/Airflow_project/air_venv/lib/python3.12/site-packages/airflow/example_dags/example_display_name.py
[2025-02-11T09:06:39.521+0600] {logging_mixin.py:190} INFO - [2025-02-11T09:06:39.521+0600] {dag.py:3239} INFO - Sync 1 DAGs
[2025-02-11T09:06:39.538+0600] {logging_mixin.py:190} INFO - [2025-02-11T09:06:39.537+0600] {dag.py:4180} INFO - Setting next_dagrun for example_display_name to None, run_after=None
[2025-02-11T09:06:39.576+0600] {processor.py:208} INFO - Processing /home/shamim/airflow_git/Airflow_project/air_venv/lib/python3.12/site-packages/airflow/example_dags/example_display_name.py took 0.118 seconds
[2025-02-11T09:08:03.048+0600] {processor.py:186} INFO - Started process (PID=8057) to work on /home/shamim/airflow_git/Airflow_project/air_venv/lib/python3.12/site-packages/airflow/example_dags/example_display_name.py
[2025-02-11T09:08:03.050+0600] {processor.py:914} INFO - Processing file /home/shamim/airflow_git/Airflow_project/air_venv/lib/python3.12/site-packages/airflow/example_dags/example_display_name.py for tasks to queue
[2025-02-11T09:08:03.052+0600] {logging_mixin.py:190} INFO - [2025-02-11T09:08:03.051+0600] {dagbag.py:588} INFO - Filling up the DagBag from /home/shamim/airflow_git/Airflow_project/air_venv/lib/python3.12/site-packages/airflow/example_dags/example_display_name.py
[2025-02-11T09:08:03.063+0600] {processor.py:925} INFO - DAG(s) 'example_display_name' retrieved from /home/shamim/airflow_git/Airflow_project/air_venv/lib/python3.12/site-packages/airflow/example_dags/example_display_name.py
[2025-02-11T09:08:03.082+0600] {logging_mixin.py:190} INFO - [2025-02-11T09:08:03.081+0600] {dag.py:3239} INFO - Sync 1 DAGs
[2025-02-11T09:08:03.098+0600] {logging_mixin.py:190} INFO - [2025-02-11T09:08:03.098+0600] {dag.py:4180} INFO - Setting next_dagrun for example_display_name to None, run_after=None
[2025-02-11T09:08:03.134+0600] {processor.py:208} INFO - Processing /home/shamim/airflow_git/Airflow_project/air_venv/lib/python3.12/site-packages/airflow/example_dags/example_display_name.py took 0.095 seconds
[2025-02-11T09:09:29.421+0600] {processor.py:186} INFO - Started process (PID=8569) to work on /home/shamim/airflow_git/Airflow_project/air_venv/lib/python3.12/site-packages/airflow/example_dags/example_display_name.py
[2025-02-11T09:09:29.429+0600] {processor.py:914} INFO - Processing file /home/shamim/airflow_git/Airflow_project/air_venv/lib/python3.12/site-packages/airflow/example_dags/example_display_name.py for tasks to queue
[2025-02-11T09:09:29.434+0600] {logging_mixin.py:190} INFO - [2025-02-11T09:09:29.432+0600] {dagbag.py:588} INFO - Filling up the DagBag from /home/shamim/airflow_git/Airflow_project/air_venv/lib/python3.12/site-packages/airflow/example_dags/example_display_name.py
[2025-02-11T09:09:29.469+0600] {processor.py:925} INFO - DAG(s) 'example_display_name' retrieved from /home/shamim/airflow_git/Airflow_project/air_venv/lib/python3.12/site-packages/airflow/example_dags/example_display_name.py
[2025-02-11T09:09:29.514+0600] {logging_mixin.py:190} INFO - [2025-02-11T09:09:29.514+0600] {dag.py:3239} INFO - Sync 1 DAGs
[2025-02-11T09:09:29.535+0600] {logging_mixin.py:190} INFO - [2025-02-11T09:09:29.535+0600] {dag.py:4180} INFO - Setting next_dagrun for example_display_name to None, run_after=None
[2025-02-11T09:09:29.575+0600] {processor.py:208} INFO - Processing /home/shamim/airflow_git/Airflow_project/air_venv/lib/python3.12/site-packages/airflow/example_dags/example_display_name.py took 0.163 seconds
[2025-02-11T09:10:50.179+0600] {processor.py:186} INFO - Started process (PID=9048) to work on /home/shamim/airflow_git/Airflow_project/air_venv/lib/python3.12/site-packages/airflow/example_dags/example_display_name.py
[2025-02-11T09:10:50.204+0600] {processor.py:914} INFO - Processing file /home/shamim/airflow_git/Airflow_project/air_venv/lib/python3.12/site-packages/airflow/example_dags/example_display_name.py for tasks to queue
[2025-02-11T09:10:50.209+0600] {logging_mixin.py:190} INFO - [2025-02-11T09:10:50.207+0600] {dagbag.py:588} INFO - Filling up the DagBag from /home/shamim/airflow_git/Airflow_project/air_venv/lib/python3.12/site-packages/airflow/example_dags/example_display_name.py
[2025-02-11T09:10:50.228+0600] {processor.py:925} INFO - DAG(s) 'example_display_name' retrieved from /home/shamim/airflow_git/Airflow_project/air_venv/lib/python3.12/site-packages/airflow/example_dags/example_display_name.py
[2025-02-11T09:10:50.246+0600] {logging_mixin.py:190} INFO - [2025-02-11T09:10:50.246+0600] {dag.py:3239} INFO - Sync 1 DAGs
[2025-02-11T09:10:50.261+0600] {logging_mixin.py:190} INFO - [2025-02-11T09:10:50.261+0600] {dag.py:4180} INFO - Setting next_dagrun for example_display_name to None, run_after=None
[2025-02-11T09:10:50.296+0600] {processor.py:208} INFO - Processing /home/shamim/airflow_git/Airflow_project/air_venv/lib/python3.12/site-packages/airflow/example_dags/example_display_name.py took 0.128 seconds
[2025-02-11T09:12:13.666+0600] {processor.py:186} INFO - Started process (PID=9566) to work on /home/shamim/airflow_git/Airflow_project/air_venv/lib/python3.12/site-packages/airflow/example_dags/example_display_name.py
[2025-02-11T09:12:13.671+0600] {processor.py:914} INFO - Processing file /home/shamim/airflow_git/Airflow_project/air_venv/lib/python3.12/site-packages/airflow/example_dags/example_display_name.py for tasks to queue
[2025-02-11T09:12:13.673+0600] {logging_mixin.py:190} INFO - [2025-02-11T09:12:13.673+0600] {dagbag.py:588} INFO - Filling up the DagBag from /home/shamim/airflow_git/Airflow_project/air_venv/lib/python3.12/site-packages/airflow/example_dags/example_display_name.py
[2025-02-11T09:12:13.685+0600] {processor.py:925} INFO - DAG(s) 'example_display_name' retrieved from /home/shamim/airflow_git/Airflow_project/air_venv/lib/python3.12/site-packages/airflow/example_dags/example_display_name.py
[2025-02-11T09:12:13.708+0600] {logging_mixin.py:190} INFO - [2025-02-11T09:12:13.707+0600] {dag.py:3239} INFO - Sync 1 DAGs
[2025-02-11T09:12:13.740+0600] {logging_mixin.py:190} INFO - [2025-02-11T09:12:13.739+0600] {dag.py:4180} INFO - Setting next_dagrun for example_display_name to None, run_after=None
[2025-02-11T09:12:13.799+0600] {processor.py:208} INFO - Processing /home/shamim/airflow_git/Airflow_project/air_venv/lib/python3.12/site-packages/airflow/example_dags/example_display_name.py took 0.140 seconds
[2025-02-11T09:13:34.524+0600] {processor.py:186} INFO - Started process (PID=10073) to work on /home/shamim/airflow_git/Airflow_project/air_venv/lib/python3.12/site-packages/airflow/example_dags/example_display_name.py
[2025-02-11T09:13:34.527+0600] {processor.py:914} INFO - Processing file /home/shamim/airflow_git/Airflow_project/air_venv/lib/python3.12/site-packages/airflow/example_dags/example_display_name.py for tasks to queue
[2025-02-11T09:13:34.529+0600] {logging_mixin.py:190} INFO - [2025-02-11T09:13:34.528+0600] {dagbag.py:588} INFO - Filling up the DagBag from /home/shamim/airflow_git/Airflow_project/air_venv/lib/python3.12/site-packages/airflow/example_dags/example_display_name.py
[2025-02-11T09:13:34.542+0600] {processor.py:925} INFO - DAG(s) 'example_display_name' retrieved from /home/shamim/airflow_git/Airflow_project/air_venv/lib/python3.12/site-packages/airflow/example_dags/example_display_name.py
[2025-02-11T09:13:34.566+0600] {logging_mixin.py:190} INFO - [2025-02-11T09:13:34.566+0600] {dag.py:3239} INFO - Sync 1 DAGs
[2025-02-11T09:13:34.584+0600] {logging_mixin.py:190} INFO - [2025-02-11T09:13:34.584+0600] {dag.py:4180} INFO - Setting next_dagrun for example_display_name to None, run_after=None
[2025-02-11T09:13:34.606+0600] {processor.py:208} INFO - Processing /home/shamim/airflow_git/Airflow_project/air_venv/lib/python3.12/site-packages/airflow/example_dags/example_display_name.py took 0.092 seconds
