[2025-02-11T08:59:19.149+0600] {processor.py:186} INFO - Started process (PID=5602) to work on /home/shamim/airflow_git/Airflow_project/air_venv/lib/python3.12/site-packages/airflow/example_dags/example_trigger_target_dag.py
[2025-02-11T08:59:19.150+0600] {processor.py:914} INFO - Processing file /home/shamim/airflow_git/Airflow_project/air_venv/lib/python3.12/site-packages/airflow/example_dags/example_trigger_target_dag.py for tasks to queue
[2025-02-11T08:59:19.152+0600] {logging_mixin.py:190} INFO - [2025-02-11T08:59:19.151+0600] {dagbag.py:588} INFO - Filling up the DagBag from /home/shamim/airflow_git/Airflow_project/air_venv/lib/python3.12/site-packages/airflow/example_dags/example_trigger_target_dag.py
[2025-02-11T08:59:19.162+0600] {processor.py:925} INFO - DAG(s) 'example_trigger_target_dag' retrieved from /home/shamim/airflow_git/Airflow_project/air_venv/lib/python3.12/site-packages/airflow/example_dags/example_trigger_target_dag.py
[2025-02-11T08:59:19.181+0600] {logging_mixin.py:190} INFO - [2025-02-11T08:59:19.181+0600] {dag.py:3239} INFO - Sync 1 DAGs
[2025-02-11T08:59:19.195+0600] {logging_mixin.py:190} INFO - [2025-02-11T08:59:19.195+0600] {dag.py:4180} INFO - Setting next_dagrun for example_trigger_target_dag to None, run_after=None
[2025-02-11T08:59:19.224+0600] {processor.py:208} INFO - Processing /home/shamim/airflow_git/Airflow_project/air_venv/lib/python3.12/site-packages/airflow/example_dags/example_trigger_target_dag.py took 0.084 seconds
[2025-02-11T09:00:27.401+0600] {processor.py:186} INFO - Started process (PID=5824) to work on /home/shamim/airflow_git/Airflow_project/air_venv/lib/python3.12/site-packages/airflow/example_dags/example_trigger_target_dag.py
[2025-02-11T09:00:27.402+0600] {processor.py:914} INFO - Processing file /home/shamim/airflow_git/Airflow_project/air_venv/lib/python3.12/site-packages/airflow/example_dags/example_trigger_target_dag.py for tasks to queue
[2025-02-11T09:00:27.405+0600] {logging_mixin.py:190} INFO - [2025-02-11T09:00:27.404+0600] {dagbag.py:588} INFO - Filling up the DagBag from /home/shamim/airflow_git/Airflow_project/air_venv/lib/python3.12/site-packages/airflow/example_dags/example_trigger_target_dag.py
[2025-02-11T09:00:27.414+0600] {processor.py:925} INFO - DAG(s) 'example_trigger_target_dag' retrieved from /home/shamim/airflow_git/Airflow_project/air_venv/lib/python3.12/site-packages/airflow/example_dags/example_trigger_target_dag.py
[2025-02-11T09:00:27.431+0600] {logging_mixin.py:190} INFO - [2025-02-11T09:00:27.431+0600] {dag.py:3239} INFO - Sync 1 DAGs
[2025-02-11T09:00:27.447+0600] {logging_mixin.py:190} INFO - [2025-02-11T09:00:27.446+0600] {dag.py:4180} INFO - Setting next_dagrun for example_trigger_target_dag to None, run_after=None
[2025-02-11T09:00:27.470+0600] {processor.py:208} INFO - Processing /home/shamim/airflow_git/Airflow_project/air_venv/lib/python3.12/site-packages/airflow/example_dags/example_trigger_target_dag.py took 0.076 seconds
[2025-02-11T09:01:55.047+0600] {processor.py:186} INFO - Started process (PID=6166) to work on /home/shamim/airflow_git/Airflow_project/air_venv/lib/python3.12/site-packages/airflow/example_dags/example_trigger_target_dag.py
[2025-02-11T09:01:55.053+0600] {processor.py:914} INFO - Processing file /home/shamim/airflow_git/Airflow_project/air_venv/lib/python3.12/site-packages/airflow/example_dags/example_trigger_target_dag.py for tasks to queue
[2025-02-11T09:01:55.056+0600] {logging_mixin.py:190} INFO - [2025-02-11T09:01:55.055+0600] {dagbag.py:588} INFO - Filling up the DagBag from /home/shamim/airflow_git/Airflow_project/air_venv/lib/python3.12/site-packages/airflow/example_dags/example_trigger_target_dag.py
[2025-02-11T09:01:55.065+0600] {processor.py:925} INFO - DAG(s) 'example_trigger_target_dag' retrieved from /home/shamim/airflow_git/Airflow_project/air_venv/lib/python3.12/site-packages/airflow/example_dags/example_trigger_target_dag.py
[2025-02-11T09:01:55.083+0600] {logging_mixin.py:190} INFO - [2025-02-11T09:01:55.083+0600] {dag.py:3239} INFO - Sync 1 DAGs
[2025-02-11T09:01:55.099+0600] {logging_mixin.py:190} INFO - [2025-02-11T09:01:55.099+0600] {dag.py:4180} INFO - Setting next_dagrun for example_trigger_target_dag to None, run_after=None
[2025-02-11T09:01:55.135+0600] {processor.py:208} INFO - Processing /home/shamim/airflow_git/Airflow_project/air_venv/lib/python3.12/site-packages/airflow/example_dags/example_trigger_target_dag.py took 0.096 seconds
[2025-02-11T09:03:17.195+0600] {processor.py:186} INFO - Started process (PID=6644) to work on /home/shamim/airflow_git/Airflow_project/air_venv/lib/python3.12/site-packages/airflow/example_dags/example_trigger_target_dag.py
[2025-02-11T09:03:17.199+0600] {processor.py:914} INFO - Processing file /home/shamim/airflow_git/Airflow_project/air_venv/lib/python3.12/site-packages/airflow/example_dags/example_trigger_target_dag.py for tasks to queue
[2025-02-11T09:03:17.202+0600] {logging_mixin.py:190} INFO - [2025-02-11T09:03:17.202+0600] {dagbag.py:588} INFO - Filling up the DagBag from /home/shamim/airflow_git/Airflow_project/air_venv/lib/python3.12/site-packages/airflow/example_dags/example_trigger_target_dag.py
[2025-02-11T09:03:17.213+0600] {processor.py:925} INFO - DAG(s) 'example_trigger_target_dag' retrieved from /home/shamim/airflow_git/Airflow_project/air_venv/lib/python3.12/site-packages/airflow/example_dags/example_trigger_target_dag.py
[2025-02-11T09:03:17.231+0600] {logging_mixin.py:190} INFO - [2025-02-11T09:03:17.231+0600] {dag.py:3239} INFO - Sync 1 DAGs
[2025-02-11T09:03:17.249+0600] {logging_mixin.py:190} INFO - [2025-02-11T09:03:17.249+0600] {dag.py:4180} INFO - Setting next_dagrun for example_trigger_target_dag to None, run_after=None
[2025-02-11T09:03:17.294+0600] {processor.py:208} INFO - Processing /home/shamim/airflow_git/Airflow_project/air_venv/lib/python3.12/site-packages/airflow/example_dags/example_trigger_target_dag.py took 0.106 seconds
[2025-02-11T09:04:34.778+0600] {processor.py:186} INFO - Started process (PID=6939) to work on /home/shamim/airflow_git/Airflow_project/air_venv/lib/python3.12/site-packages/airflow/example_dags/example_trigger_target_dag.py
[2025-02-11T09:04:34.782+0600] {processor.py:914} INFO - Processing file /home/shamim/airflow_git/Airflow_project/air_venv/lib/python3.12/site-packages/airflow/example_dags/example_trigger_target_dag.py for tasks to queue
[2025-02-11T09:04:34.784+0600] {logging_mixin.py:190} INFO - [2025-02-11T09:04:34.783+0600] {dagbag.py:588} INFO - Filling up the DagBag from /home/shamim/airflow_git/Airflow_project/air_venv/lib/python3.12/site-packages/airflow/example_dags/example_trigger_target_dag.py
[2025-02-11T09:04:34.793+0600] {processor.py:925} INFO - DAG(s) 'example_trigger_target_dag' retrieved from /home/shamim/airflow_git/Airflow_project/air_venv/lib/python3.12/site-packages/airflow/example_dags/example_trigger_target_dag.py
[2025-02-11T09:04:34.810+0600] {logging_mixin.py:190} INFO - [2025-02-11T09:04:34.810+0600] {dag.py:3239} INFO - Sync 1 DAGs
[2025-02-11T09:04:34.826+0600] {logging_mixin.py:190} INFO - [2025-02-11T09:04:34.826+0600] {dag.py:4180} INFO - Setting next_dagrun for example_trigger_target_dag to None, run_after=None
[2025-02-11T09:04:34.848+0600] {processor.py:208} INFO - Processing /home/shamim/airflow_git/Airflow_project/air_venv/lib/python3.12/site-packages/airflow/example_dags/example_trigger_target_dag.py took 0.076 seconds
[2025-02-11T09:05:53.020+0600] {processor.py:186} INFO - Started process (PID=7301) to work on /home/shamim/airflow_git/Airflow_project/air_venv/lib/python3.12/site-packages/airflow/example_dags/example_trigger_target_dag.py
[2025-02-11T09:05:53.024+0600] {processor.py:914} INFO - Processing file /home/shamim/airflow_git/Airflow_project/air_venv/lib/python3.12/site-packages/airflow/example_dags/example_trigger_target_dag.py for tasks to queue
[2025-02-11T09:05:53.025+0600] {logging_mixin.py:190} INFO - [2025-02-11T09:05:53.025+0600] {dagbag.py:588} INFO - Filling up the DagBag from /home/shamim/airflow_git/Airflow_project/air_venv/lib/python3.12/site-packages/airflow/example_dags/example_trigger_target_dag.py
[2025-02-11T09:05:53.035+0600] {processor.py:925} INFO - DAG(s) 'example_trigger_target_dag' retrieved from /home/shamim/airflow_git/Airflow_project/air_venv/lib/python3.12/site-packages/airflow/example_dags/example_trigger_target_dag.py
[2025-02-11T09:05:53.051+0600] {logging_mixin.py:190} INFO - [2025-02-11T09:05:53.051+0600] {dag.py:3239} INFO - Sync 1 DAGs
[2025-02-11T09:05:53.067+0600] {logging_mixin.py:190} INFO - [2025-02-11T09:05:53.067+0600] {dag.py:4180} INFO - Setting next_dagrun for example_trigger_target_dag to None, run_after=None
[2025-02-11T09:05:53.101+0600] {processor.py:208} INFO - Processing /home/shamim/airflow_git/Airflow_project/air_venv/lib/python3.12/site-packages/airflow/example_dags/example_trigger_target_dag.py took 0.088 seconds
[2025-02-11T09:07:15.651+0600] {processor.py:186} INFO - Started process (PID=7743) to work on /home/shamim/airflow_git/Airflow_project/air_venv/lib/python3.12/site-packages/airflow/example_dags/example_trigger_target_dag.py
[2025-02-11T09:07:15.658+0600] {processor.py:914} INFO - Processing file /home/shamim/airflow_git/Airflow_project/air_venv/lib/python3.12/site-packages/airflow/example_dags/example_trigger_target_dag.py for tasks to queue
[2025-02-11T09:07:15.659+0600] {logging_mixin.py:190} INFO - [2025-02-11T09:07:15.659+0600] {dagbag.py:588} INFO - Filling up the DagBag from /home/shamim/airflow_git/Airflow_project/air_venv/lib/python3.12/site-packages/airflow/example_dags/example_trigger_target_dag.py
[2025-02-11T09:07:15.671+0600] {processor.py:925} INFO - DAG(s) 'example_trigger_target_dag' retrieved from /home/shamim/airflow_git/Airflow_project/air_venv/lib/python3.12/site-packages/airflow/example_dags/example_trigger_target_dag.py
[2025-02-11T09:07:15.689+0600] {logging_mixin.py:190} INFO - [2025-02-11T09:07:15.688+0600] {dag.py:3239} INFO - Sync 1 DAGs
[2025-02-11T09:07:15.704+0600] {logging_mixin.py:190} INFO - [2025-02-11T09:07:15.704+0600] {dag.py:4180} INFO - Setting next_dagrun for example_trigger_target_dag to None, run_after=None
[2025-02-11T09:07:15.748+0600] {processor.py:208} INFO - Processing /home/shamim/airflow_git/Airflow_project/air_venv/lib/python3.12/site-packages/airflow/example_dags/example_trigger_target_dag.py took 0.104 seconds
[2025-02-11T09:08:40.685+0600] {processor.py:186} INFO - Started process (PID=8277) to work on /home/shamim/airflow_git/Airflow_project/air_venv/lib/python3.12/site-packages/airflow/example_dags/example_trigger_target_dag.py
[2025-02-11T09:08:40.693+0600] {processor.py:914} INFO - Processing file /home/shamim/airflow_git/Airflow_project/air_venv/lib/python3.12/site-packages/airflow/example_dags/example_trigger_target_dag.py for tasks to queue
[2025-02-11T09:08:40.696+0600] {logging_mixin.py:190} INFO - [2025-02-11T09:08:40.695+0600] {dagbag.py:588} INFO - Filling up the DagBag from /home/shamim/airflow_git/Airflow_project/air_venv/lib/python3.12/site-packages/airflow/example_dags/example_trigger_target_dag.py
[2025-02-11T09:08:40.714+0600] {processor.py:925} INFO - DAG(s) 'example_trigger_target_dag' retrieved from /home/shamim/airflow_git/Airflow_project/air_venv/lib/python3.12/site-packages/airflow/example_dags/example_trigger_target_dag.py
[2025-02-11T09:08:40.737+0600] {logging_mixin.py:190} INFO - [2025-02-11T09:08:40.736+0600] {dag.py:3239} INFO - Sync 1 DAGs
[2025-02-11T09:08:40.759+0600] {logging_mixin.py:190} INFO - [2025-02-11T09:08:40.758+0600] {dag.py:4180} INFO - Setting next_dagrun for example_trigger_target_dag to None, run_after=None
[2025-02-11T09:08:40.801+0600] {processor.py:208} INFO - Processing /home/shamim/airflow_git/Airflow_project/air_venv/lib/python3.12/site-packages/airflow/example_dags/example_trigger_target_dag.py took 0.129 seconds
[2025-02-11T09:10:03.636+0600] {processor.py:186} INFO - Started process (PID=8758) to work on /home/shamim/airflow_git/Airflow_project/air_venv/lib/python3.12/site-packages/airflow/example_dags/example_trigger_target_dag.py
[2025-02-11T09:10:03.662+0600] {processor.py:914} INFO - Processing file /home/shamim/airflow_git/Airflow_project/air_venv/lib/python3.12/site-packages/airflow/example_dags/example_trigger_target_dag.py for tasks to queue
[2025-02-11T09:10:03.664+0600] {logging_mixin.py:190} INFO - [2025-02-11T09:10:03.664+0600] {dagbag.py:588} INFO - Filling up the DagBag from /home/shamim/airflow_git/Airflow_project/air_venv/lib/python3.12/site-packages/airflow/example_dags/example_trigger_target_dag.py
[2025-02-11T09:10:03.678+0600] {processor.py:925} INFO - DAG(s) 'example_trigger_target_dag' retrieved from /home/shamim/airflow_git/Airflow_project/air_venv/lib/python3.12/site-packages/airflow/example_dags/example_trigger_target_dag.py
[2025-02-11T09:10:03.698+0600] {logging_mixin.py:190} INFO - [2025-02-11T09:10:03.698+0600] {dag.py:3239} INFO - Sync 1 DAGs
[2025-02-11T09:10:03.714+0600] {logging_mixin.py:190} INFO - [2025-02-11T09:10:03.714+0600] {dag.py:4180} INFO - Setting next_dagrun for example_trigger_target_dag to None, run_after=None
[2025-02-11T09:10:03.736+0600] {processor.py:208} INFO - Processing /home/shamim/airflow_git/Airflow_project/air_venv/lib/python3.12/site-packages/airflow/example_dags/example_trigger_target_dag.py took 0.108 seconds
[2025-02-11T09:11:23.503+0600] {processor.py:186} INFO - Started process (PID=9249) to work on /home/shamim/airflow_git/Airflow_project/air_venv/lib/python3.12/site-packages/airflow/example_dags/example_trigger_target_dag.py
[2025-02-11T09:11:23.510+0600] {processor.py:914} INFO - Processing file /home/shamim/airflow_git/Airflow_project/air_venv/lib/python3.12/site-packages/airflow/example_dags/example_trigger_target_dag.py for tasks to queue
[2025-02-11T09:11:23.511+0600] {logging_mixin.py:190} INFO - [2025-02-11T09:11:23.511+0600] {dagbag.py:588} INFO - Filling up the DagBag from /home/shamim/airflow_git/Airflow_project/air_venv/lib/python3.12/site-packages/airflow/example_dags/example_trigger_target_dag.py
[2025-02-11T09:11:23.522+0600] {processor.py:925} INFO - DAG(s) 'example_trigger_target_dag' retrieved from /home/shamim/airflow_git/Airflow_project/air_venv/lib/python3.12/site-packages/airflow/example_dags/example_trigger_target_dag.py
[2025-02-11T09:11:23.553+0600] {logging_mixin.py:190} INFO - [2025-02-11T09:11:23.553+0600] {dag.py:3239} INFO - Sync 1 DAGs
[2025-02-11T09:11:23.579+0600] {logging_mixin.py:190} INFO - [2025-02-11T09:11:23.579+0600] {dag.py:4180} INFO - Setting next_dagrun for example_trigger_target_dag to None, run_after=None
[2025-02-11T09:11:23.622+0600] {processor.py:208} INFO - Processing /home/shamim/airflow_git/Airflow_project/air_venv/lib/python3.12/site-packages/airflow/example_dags/example_trigger_target_dag.py took 0.127 seconds
[2025-02-11T09:12:50.038+0600] {processor.py:186} INFO - Started process (PID=9818) to work on /home/shamim/airflow_git/Airflow_project/air_venv/lib/python3.12/site-packages/airflow/example_dags/example_trigger_target_dag.py
[2025-02-11T09:12:50.045+0600] {processor.py:914} INFO - Processing file /home/shamim/airflow_git/Airflow_project/air_venv/lib/python3.12/site-packages/airflow/example_dags/example_trigger_target_dag.py for tasks to queue
[2025-02-11T09:12:50.048+0600] {logging_mixin.py:190} INFO - [2025-02-11T09:12:50.047+0600] {dagbag.py:588} INFO - Filling up the DagBag from /home/shamim/airflow_git/Airflow_project/air_venv/lib/python3.12/site-packages/airflow/example_dags/example_trigger_target_dag.py
[2025-02-11T09:12:50.064+0600] {processor.py:925} INFO - DAG(s) 'example_trigger_target_dag' retrieved from /home/shamim/airflow_git/Airflow_project/air_venv/lib/python3.12/site-packages/airflow/example_dags/example_trigger_target_dag.py
[2025-02-11T09:12:50.081+0600] {logging_mixin.py:190} INFO - [2025-02-11T09:12:50.081+0600] {dag.py:3239} INFO - Sync 1 DAGs
[2025-02-11T09:12:50.098+0600] {logging_mixin.py:190} INFO - [2025-02-11T09:12:50.097+0600] {dag.py:4180} INFO - Setting next_dagrun for example_trigger_target_dag to None, run_after=None
[2025-02-11T09:12:50.122+0600] {processor.py:208} INFO - Processing /home/shamim/airflow_git/Airflow_project/air_venv/lib/python3.12/site-packages/airflow/example_dags/example_trigger_target_dag.py took 0.096 seconds
