[2025-02-11T08:59:31.274+0600] {processor.py:186} INFO - Started process (PID=5619) to work on /home/shamim/airflow_git/Airflow_project/air_venv/lib/python3.12/site-packages/airflow/example_dags/example_python_operator.py
[2025-02-11T08:59:31.275+0600] {processor.py:914} INFO - Processing file /home/shamim/airflow_git/Airflow_project/air_venv/lib/python3.12/site-packages/airflow/example_dags/example_python_operator.py for tasks to queue
[2025-02-11T08:59:31.278+0600] {logging_mixin.py:190} INFO - [2025-02-11T08:59:31.277+0600] {dagbag.py:588} INFO - Filling up the DagBag from /home/shamim/airflow_git/Airflow_project/air_venv/lib/python3.12/site-packages/airflow/example_dags/example_python_operator.py
[2025-02-11T08:59:31.288+0600] {logging_mixin.py:190} INFO - [2025-02-11T08:59:31.288+0600] {example_python_operator.py:93} WARNING - The virtalenv_python example task requires virtualenv, please install it.
[2025-02-11T08:59:31.291+0600] {processor.py:925} INFO - DAG(s) 'example_python_operator' retrieved from /home/shamim/airflow_git/Airflow_project/air_venv/lib/python3.12/site-packages/airflow/example_dags/example_python_operator.py
[2025-02-11T08:59:31.313+0600] {logging_mixin.py:190} INFO - [2025-02-11T08:59:31.313+0600] {dag.py:3239} INFO - Sync 1 DAGs
[2025-02-11T08:59:31.329+0600] {logging_mixin.py:190} INFO - [2025-02-11T08:59:31.329+0600] {dag.py:4180} INFO - Setting next_dagrun for example_python_operator to None, run_after=None
[2025-02-11T08:59:31.357+0600] {processor.py:208} INFO - Processing /home/shamim/airflow_git/Airflow_project/air_venv/lib/python3.12/site-packages/airflow/example_dags/example_python_operator.py took 0.089 seconds
[2025-02-11T09:00:41.578+0600] {processor.py:186} INFO - Started process (PID=5895) to work on /home/shamim/airflow_git/Airflow_project/air_venv/lib/python3.12/site-packages/airflow/example_dags/example_python_operator.py
[2025-02-11T09:00:41.584+0600] {processor.py:914} INFO - Processing file /home/shamim/airflow_git/Airflow_project/air_venv/lib/python3.12/site-packages/airflow/example_dags/example_python_operator.py for tasks to queue
[2025-02-11T09:00:41.588+0600] {logging_mixin.py:190} INFO - [2025-02-11T09:00:41.587+0600] {dagbag.py:588} INFO - Filling up the DagBag from /home/shamim/airflow_git/Airflow_project/air_venv/lib/python3.12/site-packages/airflow/example_dags/example_python_operator.py
[2025-02-11T09:00:41.600+0600] {logging_mixin.py:190} INFO - [2025-02-11T09:00:41.600+0600] {example_python_operator.py:93} WARNING - The virtalenv_python example task requires virtualenv, please install it.
[2025-02-11T09:00:41.603+0600] {processor.py:925} INFO - DAG(s) 'example_python_operator' retrieved from /home/shamim/airflow_git/Airflow_project/air_venv/lib/python3.12/site-packages/airflow/example_dags/example_python_operator.py
[2025-02-11T09:00:41.629+0600] {logging_mixin.py:190} INFO - [2025-02-11T09:00:41.629+0600] {dag.py:3239} INFO - Sync 1 DAGs
[2025-02-11T09:00:41.649+0600] {logging_mixin.py:190} INFO - [2025-02-11T09:00:41.649+0600] {dag.py:4180} INFO - Setting next_dagrun for example_python_operator to None, run_after=None
[2025-02-11T09:00:41.695+0600] {processor.py:208} INFO - Processing /home/shamim/airflow_git/Airflow_project/air_venv/lib/python3.12/site-packages/airflow/example_dags/example_python_operator.py took 0.128 seconds
[2025-02-11T09:02:07.960+0600] {processor.py:186} INFO - Started process (PID=6232) to work on /home/shamim/airflow_git/Airflow_project/air_venv/lib/python3.12/site-packages/airflow/example_dags/example_python_operator.py
[2025-02-11T09:02:07.967+0600] {processor.py:914} INFO - Processing file /home/shamim/airflow_git/Airflow_project/air_venv/lib/python3.12/site-packages/airflow/example_dags/example_python_operator.py for tasks to queue
[2025-02-11T09:02:07.970+0600] {logging_mixin.py:190} INFO - [2025-02-11T09:02:07.969+0600] {dagbag.py:588} INFO - Filling up the DagBag from /home/shamim/airflow_git/Airflow_project/air_venv/lib/python3.12/site-packages/airflow/example_dags/example_python_operator.py
[2025-02-11T09:02:07.983+0600] {logging_mixin.py:190} INFO - [2025-02-11T09:02:07.983+0600] {example_python_operator.py:93} WARNING - The virtalenv_python example task requires virtualenv, please install it.
[2025-02-11T09:02:07.987+0600] {processor.py:925} INFO - DAG(s) 'example_python_operator' retrieved from /home/shamim/airflow_git/Airflow_project/air_venv/lib/python3.12/site-packages/airflow/example_dags/example_python_operator.py
[2025-02-11T09:02:08.018+0600] {logging_mixin.py:190} INFO - [2025-02-11T09:02:08.018+0600] {dag.py:3239} INFO - Sync 1 DAGs
[2025-02-11T09:02:08.042+0600] {logging_mixin.py:190} INFO - [2025-02-11T09:02:08.042+0600] {dag.py:4180} INFO - Setting next_dagrun for example_python_operator to None, run_after=None
[2025-02-11T09:02:08.086+0600] {processor.py:208} INFO - Processing /home/shamim/airflow_git/Airflow_project/air_venv/lib/python3.12/site-packages/airflow/example_dags/example_python_operator.py took 0.141 seconds
[2025-02-11T09:03:32.151+0600] {processor.py:186} INFO - Started process (PID=6748) to work on /home/shamim/airflow_git/Airflow_project/air_venv/lib/python3.12/site-packages/airflow/example_dags/example_python_operator.py
[2025-02-11T09:03:32.158+0600] {processor.py:914} INFO - Processing file /home/shamim/airflow_git/Airflow_project/air_venv/lib/python3.12/site-packages/airflow/example_dags/example_python_operator.py for tasks to queue
[2025-02-11T09:03:32.162+0600] {logging_mixin.py:190} INFO - [2025-02-11T09:03:32.161+0600] {dagbag.py:588} INFO - Filling up the DagBag from /home/shamim/airflow_git/Airflow_project/air_venv/lib/python3.12/site-packages/airflow/example_dags/example_python_operator.py
[2025-02-11T09:03:32.173+0600] {logging_mixin.py:190} INFO - [2025-02-11T09:03:32.173+0600] {example_python_operator.py:93} WARNING - The virtalenv_python example task requires virtualenv, please install it.
[2025-02-11T09:03:32.176+0600] {processor.py:925} INFO - DAG(s) 'example_python_operator' retrieved from /home/shamim/airflow_git/Airflow_project/air_venv/lib/python3.12/site-packages/airflow/example_dags/example_python_operator.py
[2025-02-11T09:03:32.196+0600] {logging_mixin.py:190} INFO - [2025-02-11T09:03:32.195+0600] {dag.py:3239} INFO - Sync 1 DAGs
[2025-02-11T09:03:32.211+0600] {logging_mixin.py:190} INFO - [2025-02-11T09:03:32.210+0600] {dag.py:4180} INFO - Setting next_dagrun for example_python_operator to None, run_after=None
[2025-02-11T09:03:32.238+0600] {processor.py:208} INFO - Processing /home/shamim/airflow_git/Airflow_project/air_venv/lib/python3.12/site-packages/airflow/example_dags/example_python_operator.py took 0.097 seconds
[2025-02-11T09:04:49.110+0600] {processor.py:186} INFO - Started process (PID=6985) to work on /home/shamim/airflow_git/Airflow_project/air_venv/lib/python3.12/site-packages/airflow/example_dags/example_python_operator.py
[2025-02-11T09:04:49.117+0600] {processor.py:914} INFO - Processing file /home/shamim/airflow_git/Airflow_project/air_venv/lib/python3.12/site-packages/airflow/example_dags/example_python_operator.py for tasks to queue
[2025-02-11T09:04:49.118+0600] {logging_mixin.py:190} INFO - [2025-02-11T09:04:49.118+0600] {dagbag.py:588} INFO - Filling up the DagBag from /home/shamim/airflow_git/Airflow_project/air_venv/lib/python3.12/site-packages/airflow/example_dags/example_python_operator.py
[2025-02-11T09:04:49.128+0600] {logging_mixin.py:190} INFO - [2025-02-11T09:04:49.127+0600] {example_python_operator.py:93} WARNING - The virtalenv_python example task requires virtualenv, please install it.
[2025-02-11T09:04:49.131+0600] {processor.py:925} INFO - DAG(s) 'example_python_operator' retrieved from /home/shamim/airflow_git/Airflow_project/air_venv/lib/python3.12/site-packages/airflow/example_dags/example_python_operator.py
[2025-02-11T09:04:49.151+0600] {logging_mixin.py:190} INFO - [2025-02-11T09:04:49.150+0600] {dag.py:3239} INFO - Sync 1 DAGs
[2025-02-11T09:04:49.166+0600] {logging_mixin.py:190} INFO - [2025-02-11T09:04:49.166+0600] {dag.py:4180} INFO - Setting next_dagrun for example_python_operator to None, run_after=None
[2025-02-11T09:04:49.190+0600] {processor.py:208} INFO - Processing /home/shamim/airflow_git/Airflow_project/air_venv/lib/python3.12/site-packages/airflow/example_dags/example_python_operator.py took 0.087 seconds
[2025-02-11T09:06:06.699+0600] {processor.py:186} INFO - Started process (PID=7344) to work on /home/shamim/airflow_git/Airflow_project/air_venv/lib/python3.12/site-packages/airflow/example_dags/example_python_operator.py
[2025-02-11T09:06:06.706+0600] {processor.py:914} INFO - Processing file /home/shamim/airflow_git/Airflow_project/air_venv/lib/python3.12/site-packages/airflow/example_dags/example_python_operator.py for tasks to queue
[2025-02-11T09:06:06.709+0600] {logging_mixin.py:190} INFO - [2025-02-11T09:06:06.708+0600] {dagbag.py:588} INFO - Filling up the DagBag from /home/shamim/airflow_git/Airflow_project/air_venv/lib/python3.12/site-packages/airflow/example_dags/example_python_operator.py
[2025-02-11T09:06:06.731+0600] {logging_mixin.py:190} INFO - [2025-02-11T09:06:06.730+0600] {example_python_operator.py:93} WARNING - The virtalenv_python example task requires virtualenv, please install it.
[2025-02-11T09:06:06.735+0600] {processor.py:925} INFO - DAG(s) 'example_python_operator' retrieved from /home/shamim/airflow_git/Airflow_project/air_venv/lib/python3.12/site-packages/airflow/example_dags/example_python_operator.py
[2025-02-11T09:06:06.755+0600] {logging_mixin.py:190} INFO - [2025-02-11T09:06:06.755+0600] {dag.py:3239} INFO - Sync 1 DAGs
[2025-02-11T09:06:06.771+0600] {logging_mixin.py:190} INFO - [2025-02-11T09:06:06.771+0600] {dag.py:4180} INFO - Setting next_dagrun for example_python_operator to None, run_after=None
[2025-02-11T09:06:06.806+0600] {processor.py:208} INFO - Processing /home/shamim/airflow_git/Airflow_project/air_venv/lib/python3.12/site-packages/airflow/example_dags/example_python_operator.py took 0.115 seconds
[2025-02-11T09:07:27.961+0600] {processor.py:186} INFO - Started process (PID=7805) to work on /home/shamim/airflow_git/Airflow_project/air_venv/lib/python3.12/site-packages/airflow/example_dags/example_python_operator.py
[2025-02-11T09:07:27.975+0600] {processor.py:914} INFO - Processing file /home/shamim/airflow_git/Airflow_project/air_venv/lib/python3.12/site-packages/airflow/example_dags/example_python_operator.py for tasks to queue
[2025-02-11T09:07:27.978+0600] {logging_mixin.py:190} INFO - [2025-02-11T09:07:27.976+0600] {dagbag.py:588} INFO - Filling up the DagBag from /home/shamim/airflow_git/Airflow_project/air_venv/lib/python3.12/site-packages/airflow/example_dags/example_python_operator.py
[2025-02-11T09:07:28.000+0600] {logging_mixin.py:190} INFO - [2025-02-11T09:07:27.999+0600] {example_python_operator.py:93} WARNING - The virtalenv_python example task requires virtualenv, please install it.
[2025-02-11T09:07:28.009+0600] {processor.py:925} INFO - DAG(s) 'example_python_operator' retrieved from /home/shamim/airflow_git/Airflow_project/air_venv/lib/python3.12/site-packages/airflow/example_dags/example_python_operator.py
[2025-02-11T09:07:28.067+0600] {logging_mixin.py:190} INFO - [2025-02-11T09:07:28.067+0600] {dag.py:3239} INFO - Sync 1 DAGs
[2025-02-11T09:07:28.093+0600] {logging_mixin.py:190} INFO - [2025-02-11T09:07:28.093+0600] {dag.py:4180} INFO - Setting next_dagrun for example_python_operator to None, run_after=None
[2025-02-11T09:07:28.152+0600] {processor.py:208} INFO - Processing /home/shamim/airflow_git/Airflow_project/air_venv/lib/python3.12/site-packages/airflow/example_dags/example_python_operator.py took 0.199 seconds
[2025-02-11T09:08:54.792+0600] {processor.py:186} INFO - Started process (PID=8369) to work on /home/shamim/airflow_git/Airflow_project/air_venv/lib/python3.12/site-packages/airflow/example_dags/example_python_operator.py
[2025-02-11T09:08:54.808+0600] {processor.py:914} INFO - Processing file /home/shamim/airflow_git/Airflow_project/air_venv/lib/python3.12/site-packages/airflow/example_dags/example_python_operator.py for tasks to queue
[2025-02-11T09:08:54.811+0600] {logging_mixin.py:190} INFO - [2025-02-11T09:08:54.810+0600] {dagbag.py:588} INFO - Filling up the DagBag from /home/shamim/airflow_git/Airflow_project/air_venv/lib/python3.12/site-packages/airflow/example_dags/example_python_operator.py
[2025-02-11T09:08:54.827+0600] {logging_mixin.py:190} INFO - [2025-02-11T09:08:54.827+0600] {example_python_operator.py:93} WARNING - The virtalenv_python example task requires virtualenv, please install it.
[2025-02-11T09:08:54.833+0600] {processor.py:925} INFO - DAG(s) 'example_python_operator' retrieved from /home/shamim/airflow_git/Airflow_project/air_venv/lib/python3.12/site-packages/airflow/example_dags/example_python_operator.py
[2025-02-11T09:08:54.862+0600] {logging_mixin.py:190} INFO - [2025-02-11T09:08:54.862+0600] {dag.py:3239} INFO - Sync 1 DAGs
[2025-02-11T09:08:54.885+0600] {logging_mixin.py:190} INFO - [2025-02-11T09:08:54.884+0600] {dag.py:4180} INFO - Setting next_dagrun for example_python_operator to None, run_after=None
[2025-02-11T09:08:54.930+0600] {processor.py:208} INFO - Processing /home/shamim/airflow_git/Airflow_project/air_venv/lib/python3.12/site-packages/airflow/example_dags/example_python_operator.py took 0.146 seconds
[2025-02-11T09:10:16.343+0600] {processor.py:186} INFO - Started process (PID=8847) to work on /home/shamim/airflow_git/Airflow_project/air_venv/lib/python3.12/site-packages/airflow/example_dags/example_python_operator.py
[2025-02-11T09:10:16.349+0600] {processor.py:914} INFO - Processing file /home/shamim/airflow_git/Airflow_project/air_venv/lib/python3.12/site-packages/airflow/example_dags/example_python_operator.py for tasks to queue
[2025-02-11T09:10:16.351+0600] {logging_mixin.py:190} INFO - [2025-02-11T09:10:16.351+0600] {dagbag.py:588} INFO - Filling up the DagBag from /home/shamim/airflow_git/Airflow_project/air_venv/lib/python3.12/site-packages/airflow/example_dags/example_python_operator.py
[2025-02-11T09:10:16.364+0600] {logging_mixin.py:190} INFO - [2025-02-11T09:10:16.363+0600] {example_python_operator.py:93} WARNING - The virtalenv_python example task requires virtualenv, please install it.
[2025-02-11T09:10:16.368+0600] {processor.py:925} INFO - DAG(s) 'example_python_operator' retrieved from /home/shamim/airflow_git/Airflow_project/air_venv/lib/python3.12/site-packages/airflow/example_dags/example_python_operator.py
[2025-02-11T09:10:16.398+0600] {logging_mixin.py:190} INFO - [2025-02-11T09:10:16.398+0600] {dag.py:3239} INFO - Sync 1 DAGs
[2025-02-11T09:10:16.415+0600] {logging_mixin.py:190} INFO - [2025-02-11T09:10:16.415+0600] {dag.py:4180} INFO - Setting next_dagrun for example_python_operator to None, run_after=None
[2025-02-11T09:10:16.453+0600] {processor.py:208} INFO - Processing /home/shamim/airflow_git/Airflow_project/air_venv/lib/python3.12/site-packages/airflow/example_dags/example_python_operator.py took 0.119 seconds
[2025-02-11T09:11:37.832+0600] {processor.py:186} INFO - Started process (PID=9342) to work on /home/shamim/airflow_git/Airflow_project/air_venv/lib/python3.12/site-packages/airflow/example_dags/example_python_operator.py
[2025-02-11T09:11:37.839+0600] {processor.py:914} INFO - Processing file /home/shamim/airflow_git/Airflow_project/air_venv/lib/python3.12/site-packages/airflow/example_dags/example_python_operator.py for tasks to queue
[2025-02-11T09:11:37.841+0600] {logging_mixin.py:190} INFO - [2025-02-11T09:11:37.840+0600] {dagbag.py:588} INFO - Filling up the DagBag from /home/shamim/airflow_git/Airflow_project/air_venv/lib/python3.12/site-packages/airflow/example_dags/example_python_operator.py
[2025-02-11T09:11:37.852+0600] {logging_mixin.py:190} INFO - [2025-02-11T09:11:37.852+0600] {example_python_operator.py:93} WARNING - The virtalenv_python example task requires virtualenv, please install it.
[2025-02-11T09:11:37.857+0600] {processor.py:925} INFO - DAG(s) 'example_python_operator' retrieved from /home/shamim/airflow_git/Airflow_project/air_venv/lib/python3.12/site-packages/airflow/example_dags/example_python_operator.py
[2025-02-11T09:11:37.878+0600] {logging_mixin.py:190} INFO - [2025-02-11T09:11:37.877+0600] {dag.py:3239} INFO - Sync 1 DAGs
[2025-02-11T09:11:37.893+0600] {logging_mixin.py:190} INFO - [2025-02-11T09:11:37.893+0600] {dag.py:4180} INFO - Setting next_dagrun for example_python_operator to None, run_after=None
[2025-02-11T09:11:37.928+0600] {processor.py:208} INFO - Processing /home/shamim/airflow_git/Airflow_project/air_venv/lib/python3.12/site-packages/airflow/example_dags/example_python_operator.py took 0.105 seconds
[2025-02-11T09:13:03.731+0600] {processor.py:186} INFO - Started process (PID=9909) to work on /home/shamim/airflow_git/Airflow_project/air_venv/lib/python3.12/site-packages/airflow/example_dags/example_python_operator.py
[2025-02-11T09:13:03.739+0600] {processor.py:914} INFO - Processing file /home/shamim/airflow_git/Airflow_project/air_venv/lib/python3.12/site-packages/airflow/example_dags/example_python_operator.py for tasks to queue
[2025-02-11T09:13:03.744+0600] {logging_mixin.py:190} INFO - [2025-02-11T09:13:03.743+0600] {dagbag.py:588} INFO - Filling up the DagBag from /home/shamim/airflow_git/Airflow_project/air_venv/lib/python3.12/site-packages/airflow/example_dags/example_python_operator.py
[2025-02-11T09:13:03.769+0600] {logging_mixin.py:190} INFO - [2025-02-11T09:13:03.768+0600] {example_python_operator.py:93} WARNING - The virtalenv_python example task requires virtualenv, please install it.
[2025-02-11T09:13:03.779+0600] {processor.py:925} INFO - DAG(s) 'example_python_operator' retrieved from /home/shamim/airflow_git/Airflow_project/air_venv/lib/python3.12/site-packages/airflow/example_dags/example_python_operator.py
[2025-02-11T09:13:03.814+0600] {logging_mixin.py:190} INFO - [2025-02-11T09:13:03.814+0600] {dag.py:3239} INFO - Sync 1 DAGs
[2025-02-11T09:13:03.831+0600] {logging_mixin.py:190} INFO - [2025-02-11T09:13:03.830+0600] {dag.py:4180} INFO - Setting next_dagrun for example_python_operator to None, run_after=None
[2025-02-11T09:13:03.858+0600] {processor.py:208} INFO - Processing /home/shamim/airflow_git/Airflow_project/air_venv/lib/python3.12/site-packages/airflow/example_dags/example_python_operator.py took 0.149 seconds
