[2025-02-11T08:59:49.025+0600] {processor.py:186} INFO - Started process (PID=5733) to work on /home/shamim/airflow_git/Airflow_project/air_venv/lib/python3.12/site-packages/airflow/example_dags/example_dynamic_task_mapping.py
[2025-02-11T08:59:49.026+0600] {processor.py:914} INFO - Processing file /home/shamim/airflow_git/Airflow_project/air_venv/lib/python3.12/site-packages/airflow/example_dags/example_dynamic_task_mapping.py for tasks to queue
[2025-02-11T08:59:49.031+0600] {logging_mixin.py:190} INFO - [2025-02-11T08:59:49.030+0600] {dagbag.py:588} INFO - Filling up the DagBag from /home/shamim/airflow_git/Airflow_project/air_venv/lib/python3.12/site-packages/airflow/example_dags/example_dynamic_task_mapping.py
[2025-02-11T08:59:49.043+0600] {processor.py:925} INFO - DAG(s) 'example_dynamic_task_mapping' retrieved from /home/shamim/airflow_git/Airflow_project/air_venv/lib/python3.12/site-packages/airflow/example_dags/example_dynamic_task_mapping.py
[2025-02-11T08:59:49.068+0600] {logging_mixin.py:190} INFO - [2025-02-11T08:59:49.067+0600] {dag.py:3239} INFO - Sync 1 DAGs
[2025-02-11T08:59:49.094+0600] {logging_mixin.py:190} INFO - [2025-02-11T08:59:49.093+0600] {dag.py:4180} INFO - Setting next_dagrun for example_dynamic_task_mapping to None, run_after=None
[2025-02-11T08:59:49.182+0600] {processor.py:208} INFO - Processing /home/shamim/airflow_git/Airflow_project/air_venv/lib/python3.12/site-packages/airflow/example_dags/example_dynamic_task_mapping.py took 0.164 seconds
[2025-02-11T09:01:13.284+0600] {processor.py:186} INFO - Started process (PID=5937) to work on /home/shamim/airflow_git/Airflow_project/air_venv/lib/python3.12/site-packages/airflow/example_dags/example_dynamic_task_mapping.py
[2025-02-11T09:01:13.292+0600] {processor.py:914} INFO - Processing file /home/shamim/airflow_git/Airflow_project/air_venv/lib/python3.12/site-packages/airflow/example_dags/example_dynamic_task_mapping.py for tasks to queue
[2025-02-11T09:01:13.296+0600] {logging_mixin.py:190} INFO - [2025-02-11T09:01:13.296+0600] {dagbag.py:588} INFO - Filling up the DagBag from /home/shamim/airflow_git/Airflow_project/air_venv/lib/python3.12/site-packages/airflow/example_dags/example_dynamic_task_mapping.py
[2025-02-11T09:01:13.309+0600] {processor.py:925} INFO - DAG(s) 'example_dynamic_task_mapping' retrieved from /home/shamim/airflow_git/Airflow_project/air_venv/lib/python3.12/site-packages/airflow/example_dags/example_dynamic_task_mapping.py
[2025-02-11T09:01:13.326+0600] {logging_mixin.py:190} INFO - [2025-02-11T09:01:13.326+0600] {dag.py:3239} INFO - Sync 1 DAGs
[2025-02-11T09:01:13.340+0600] {logging_mixin.py:190} INFO - [2025-02-11T09:01:13.340+0600] {dag.py:4180} INFO - Setting next_dagrun for example_dynamic_task_mapping to None, run_after=None
[2025-02-11T09:01:13.374+0600] {processor.py:208} INFO - Processing /home/shamim/airflow_git/Airflow_project/air_venv/lib/python3.12/site-packages/airflow/example_dags/example_dynamic_task_mapping.py took 0.108 seconds
[2025-02-11T09:02:37.677+0600] {processor.py:186} INFO - Started process (PID=6391) to work on /home/shamim/airflow_git/Airflow_project/air_venv/lib/python3.12/site-packages/airflow/example_dags/example_dynamic_task_mapping.py
[2025-02-11T09:02:37.683+0600] {processor.py:914} INFO - Processing file /home/shamim/airflow_git/Airflow_project/air_venv/lib/python3.12/site-packages/airflow/example_dags/example_dynamic_task_mapping.py for tasks to queue
[2025-02-11T09:02:37.686+0600] {logging_mixin.py:190} INFO - [2025-02-11T09:02:37.686+0600] {dagbag.py:588} INFO - Filling up the DagBag from /home/shamim/airflow_git/Airflow_project/air_venv/lib/python3.12/site-packages/airflow/example_dags/example_dynamic_task_mapping.py
[2025-02-11T09:02:37.697+0600] {processor.py:925} INFO - DAG(s) 'example_dynamic_task_mapping' retrieved from /home/shamim/airflow_git/Airflow_project/air_venv/lib/python3.12/site-packages/airflow/example_dags/example_dynamic_task_mapping.py
[2025-02-11T09:02:37.714+0600] {logging_mixin.py:190} INFO - [2025-02-11T09:02:37.713+0600] {dag.py:3239} INFO - Sync 1 DAGs
[2025-02-11T09:02:37.728+0600] {logging_mixin.py:190} INFO - [2025-02-11T09:02:37.728+0600] {dag.py:4180} INFO - Setting next_dagrun for example_dynamic_task_mapping to None, run_after=None
[2025-02-11T09:02:37.763+0600] {processor.py:208} INFO - Processing /home/shamim/airflow_git/Airflow_project/air_venv/lib/python3.12/site-packages/airflow/example_dags/example_dynamic_task_mapping.py took 0.096 seconds
[2025-02-11T09:04:02.245+0600] {processor.py:186} INFO - Started process (PID=6868) to work on /home/shamim/airflow_git/Airflow_project/air_venv/lib/python3.12/site-packages/airflow/example_dags/example_dynamic_task_mapping.py
[2025-02-11T09:04:02.251+0600] {processor.py:914} INFO - Processing file /home/shamim/airflow_git/Airflow_project/air_venv/lib/python3.12/site-packages/airflow/example_dags/example_dynamic_task_mapping.py for tasks to queue
[2025-02-11T09:04:02.253+0600] {logging_mixin.py:190} INFO - [2025-02-11T09:04:02.253+0600] {dagbag.py:588} INFO - Filling up the DagBag from /home/shamim/airflow_git/Airflow_project/air_venv/lib/python3.12/site-packages/airflow/example_dags/example_dynamic_task_mapping.py
[2025-02-11T09:04:02.266+0600] {processor.py:925} INFO - DAG(s) 'example_dynamic_task_mapping' retrieved from /home/shamim/airflow_git/Airflow_project/air_venv/lib/python3.12/site-packages/airflow/example_dags/example_dynamic_task_mapping.py
[2025-02-11T09:04:02.285+0600] {logging_mixin.py:190} INFO - [2025-02-11T09:04:02.284+0600] {dag.py:3239} INFO - Sync 1 DAGs
[2025-02-11T09:04:02.300+0600] {logging_mixin.py:190} INFO - [2025-02-11T09:04:02.300+0600] {dag.py:4180} INFO - Setting next_dagrun for example_dynamic_task_mapping to None, run_after=None
[2025-02-11T09:04:02.327+0600] {processor.py:208} INFO - Processing /home/shamim/airflow_git/Airflow_project/air_venv/lib/python3.12/site-packages/airflow/example_dags/example_dynamic_task_mapping.py took 0.089 seconds
[2025-02-11T09:05:18.166+0600] {processor.py:186} INFO - Started process (PID=7173) to work on /home/shamim/airflow_git/Airflow_project/air_venv/lib/python3.12/site-packages/airflow/example_dags/example_dynamic_task_mapping.py
[2025-02-11T09:05:18.172+0600] {processor.py:914} INFO - Processing file /home/shamim/airflow_git/Airflow_project/air_venv/lib/python3.12/site-packages/airflow/example_dags/example_dynamic_task_mapping.py for tasks to queue
[2025-02-11T09:05:18.174+0600] {logging_mixin.py:190} INFO - [2025-02-11T09:05:18.173+0600] {dagbag.py:588} INFO - Filling up the DagBag from /home/shamim/airflow_git/Airflow_project/air_venv/lib/python3.12/site-packages/airflow/example_dags/example_dynamic_task_mapping.py
[2025-02-11T09:05:18.185+0600] {processor.py:925} INFO - DAG(s) 'example_dynamic_task_mapping' retrieved from /home/shamim/airflow_git/Airflow_project/air_venv/lib/python3.12/site-packages/airflow/example_dags/example_dynamic_task_mapping.py
[2025-02-11T09:05:18.202+0600] {logging_mixin.py:190} INFO - [2025-02-11T09:05:18.202+0600] {dag.py:3239} INFO - Sync 1 DAGs
[2025-02-11T09:05:18.216+0600] {logging_mixin.py:190} INFO - [2025-02-11T09:05:18.216+0600] {dag.py:4180} INFO - Setting next_dagrun for example_dynamic_task_mapping to None, run_after=None
[2025-02-11T09:05:18.241+0600] {processor.py:208} INFO - Processing /home/shamim/airflow_git/Airflow_project/air_venv/lib/python3.12/site-packages/airflow/example_dags/example_dynamic_task_mapping.py took 0.081 seconds
[2025-02-11T09:06:38.193+0600] {processor.py:186} INFO - Started process (PID=7531) to work on /home/shamim/airflow_git/Airflow_project/air_venv/lib/python3.12/site-packages/airflow/example_dags/example_dynamic_task_mapping.py
[2025-02-11T09:06:38.211+0600] {processor.py:914} INFO - Processing file /home/shamim/airflow_git/Airflow_project/air_venv/lib/python3.12/site-packages/airflow/example_dags/example_dynamic_task_mapping.py for tasks to queue
[2025-02-11T09:06:38.217+0600] {logging_mixin.py:190} INFO - [2025-02-11T09:06:38.215+0600] {dagbag.py:588} INFO - Filling up the DagBag from /home/shamim/airflow_git/Airflow_project/air_venv/lib/python3.12/site-packages/airflow/example_dags/example_dynamic_task_mapping.py
[2025-02-11T09:06:38.255+0600] {processor.py:925} INFO - DAG(s) 'example_dynamic_task_mapping' retrieved from /home/shamim/airflow_git/Airflow_project/air_venv/lib/python3.12/site-packages/airflow/example_dags/example_dynamic_task_mapping.py
[2025-02-11T09:06:38.287+0600] {logging_mixin.py:190} INFO - [2025-02-11T09:06:38.287+0600] {dag.py:3239} INFO - Sync 1 DAGs
[2025-02-11T09:06:38.304+0600] {logging_mixin.py:190} INFO - [2025-02-11T09:06:38.303+0600] {dag.py:4180} INFO - Setting next_dagrun for example_dynamic_task_mapping to None, run_after=None
[2025-02-11T09:06:38.325+0600] {processor.py:208} INFO - Processing /home/shamim/airflow_git/Airflow_project/air_venv/lib/python3.12/site-packages/airflow/example_dags/example_dynamic_task_mapping.py took 0.155 seconds
[2025-02-11T09:08:01.765+0600] {processor.py:186} INFO - Started process (PID=8055) to work on /home/shamim/airflow_git/Airflow_project/air_venv/lib/python3.12/site-packages/airflow/example_dags/example_dynamic_task_mapping.py
[2025-02-11T09:08:01.772+0600] {processor.py:914} INFO - Processing file /home/shamim/airflow_git/Airflow_project/air_venv/lib/python3.12/site-packages/airflow/example_dags/example_dynamic_task_mapping.py for tasks to queue
[2025-02-11T09:08:01.774+0600] {logging_mixin.py:190} INFO - [2025-02-11T09:08:01.773+0600] {dagbag.py:588} INFO - Filling up the DagBag from /home/shamim/airflow_git/Airflow_project/air_venv/lib/python3.12/site-packages/airflow/example_dags/example_dynamic_task_mapping.py
[2025-02-11T09:08:01.790+0600] {processor.py:925} INFO - DAG(s) 'example_dynamic_task_mapping' retrieved from /home/shamim/airflow_git/Airflow_project/air_venv/lib/python3.12/site-packages/airflow/example_dags/example_dynamic_task_mapping.py
[2025-02-11T09:08:01.808+0600] {logging_mixin.py:190} INFO - [2025-02-11T09:08:01.808+0600] {dag.py:3239} INFO - Sync 1 DAGs
[2025-02-11T09:08:01.823+0600] {logging_mixin.py:190} INFO - [2025-02-11T09:08:01.822+0600] {dag.py:4180} INFO - Setting next_dagrun for example_dynamic_task_mapping to None, run_after=None
[2025-02-11T09:08:01.856+0600] {processor.py:208} INFO - Processing /home/shamim/airflow_git/Airflow_project/air_venv/lib/python3.12/site-packages/airflow/example_dags/example_dynamic_task_mapping.py took 0.100 seconds
[2025-02-11T09:09:28.167+0600] {processor.py:186} INFO - Started process (PID=8568) to work on /home/shamim/airflow_git/Airflow_project/air_venv/lib/python3.12/site-packages/airflow/example_dags/example_dynamic_task_mapping.py
[2025-02-11T09:09:28.169+0600] {processor.py:914} INFO - Processing file /home/shamim/airflow_git/Airflow_project/air_venv/lib/python3.12/site-packages/airflow/example_dags/example_dynamic_task_mapping.py for tasks to queue
[2025-02-11T09:09:28.171+0600] {logging_mixin.py:190} INFO - [2025-02-11T09:09:28.171+0600] {dagbag.py:588} INFO - Filling up the DagBag from /home/shamim/airflow_git/Airflow_project/air_venv/lib/python3.12/site-packages/airflow/example_dags/example_dynamic_task_mapping.py
[2025-02-11T09:09:28.188+0600] {processor.py:925} INFO - DAG(s) 'example_dynamic_task_mapping' retrieved from /home/shamim/airflow_git/Airflow_project/air_venv/lib/python3.12/site-packages/airflow/example_dags/example_dynamic_task_mapping.py
[2025-02-11T09:09:28.214+0600] {logging_mixin.py:190} INFO - [2025-02-11T09:09:28.213+0600] {dag.py:3239} INFO - Sync 1 DAGs
[2025-02-11T09:09:28.236+0600] {logging_mixin.py:190} INFO - [2025-02-11T09:09:28.236+0600] {dag.py:4180} INFO - Setting next_dagrun for example_dynamic_task_mapping to None, run_after=None
[2025-02-11T09:09:28.272+0600] {processor.py:208} INFO - Processing /home/shamim/airflow_git/Airflow_project/air_venv/lib/python3.12/site-packages/airflow/example_dags/example_dynamic_task_mapping.py took 0.122 seconds
[2025-02-11T09:10:49.441+0600] {processor.py:186} INFO - Started process (PID=9047) to work on /home/shamim/airflow_git/Airflow_project/air_venv/lib/python3.12/site-packages/airflow/example_dags/example_dynamic_task_mapping.py
[2025-02-11T09:10:49.449+0600] {processor.py:914} INFO - Processing file /home/shamim/airflow_git/Airflow_project/air_venv/lib/python3.12/site-packages/airflow/example_dags/example_dynamic_task_mapping.py for tasks to queue
[2025-02-11T09:10:49.451+0600] {logging_mixin.py:190} INFO - [2025-02-11T09:10:49.450+0600] {dagbag.py:588} INFO - Filling up the DagBag from /home/shamim/airflow_git/Airflow_project/air_venv/lib/python3.12/site-packages/airflow/example_dags/example_dynamic_task_mapping.py
[2025-02-11T09:10:49.467+0600] {processor.py:925} INFO - DAG(s) 'example_dynamic_task_mapping' retrieved from /home/shamim/airflow_git/Airflow_project/air_venv/lib/python3.12/site-packages/airflow/example_dags/example_dynamic_task_mapping.py
[2025-02-11T09:10:49.485+0600] {logging_mixin.py:190} INFO - [2025-02-11T09:10:49.485+0600] {dag.py:3239} INFO - Sync 1 DAGs
[2025-02-11T09:10:49.499+0600] {logging_mixin.py:190} INFO - [2025-02-11T09:10:49.499+0600] {dag.py:4180} INFO - Setting next_dagrun for example_dynamic_task_mapping to None, run_after=None
[2025-02-11T09:10:49.534+0600] {processor.py:208} INFO - Processing /home/shamim/airflow_git/Airflow_project/air_venv/lib/python3.12/site-packages/airflow/example_dags/example_dynamic_task_mapping.py took 0.103 seconds
[2025-02-11T09:12:12.516+0600] {processor.py:186} INFO - Started process (PID=9541) to work on /home/shamim/airflow_git/Airflow_project/air_venv/lib/python3.12/site-packages/airflow/example_dags/example_dynamic_task_mapping.py
[2025-02-11T09:12:12.521+0600] {processor.py:914} INFO - Processing file /home/shamim/airflow_git/Airflow_project/air_venv/lib/python3.12/site-packages/airflow/example_dags/example_dynamic_task_mapping.py for tasks to queue
[2025-02-11T09:12:12.523+0600] {logging_mixin.py:190} INFO - [2025-02-11T09:12:12.522+0600] {dagbag.py:588} INFO - Filling up the DagBag from /home/shamim/airflow_git/Airflow_project/air_venv/lib/python3.12/site-packages/airflow/example_dags/example_dynamic_task_mapping.py
[2025-02-11T09:12:12.536+0600] {processor.py:925} INFO - DAG(s) 'example_dynamic_task_mapping' retrieved from /home/shamim/airflow_git/Airflow_project/air_venv/lib/python3.12/site-packages/airflow/example_dags/example_dynamic_task_mapping.py
[2025-02-11T09:12:12.553+0600] {logging_mixin.py:190} INFO - [2025-02-11T09:12:12.553+0600] {dag.py:3239} INFO - Sync 1 DAGs
[2025-02-11T09:12:12.572+0600] {logging_mixin.py:190} INFO - [2025-02-11T09:12:12.572+0600] {dag.py:4180} INFO - Setting next_dagrun for example_dynamic_task_mapping to None, run_after=None
[2025-02-11T09:12:12.594+0600] {processor.py:208} INFO - Processing /home/shamim/airflow_git/Airflow_project/air_venv/lib/python3.12/site-packages/airflow/example_dags/example_dynamic_task_mapping.py took 0.085 seconds
[2025-02-11T09:13:34.264+0600] {processor.py:186} INFO - Started process (PID=10072) to work on /home/shamim/airflow_git/Airflow_project/air_venv/lib/python3.12/site-packages/airflow/example_dags/example_dynamic_task_mapping.py
[2025-02-11T09:13:34.271+0600] {processor.py:914} INFO - Processing file /home/shamim/airflow_git/Airflow_project/air_venv/lib/python3.12/site-packages/airflow/example_dags/example_dynamic_task_mapping.py for tasks to queue
[2025-02-11T09:13:34.272+0600] {logging_mixin.py:190} INFO - [2025-02-11T09:13:34.272+0600] {dagbag.py:588} INFO - Filling up the DagBag from /home/shamim/airflow_git/Airflow_project/air_venv/lib/python3.12/site-packages/airflow/example_dags/example_dynamic_task_mapping.py
[2025-02-11T09:13:34.285+0600] {processor.py:925} INFO - DAG(s) 'example_dynamic_task_mapping' retrieved from /home/shamim/airflow_git/Airflow_project/air_venv/lib/python3.12/site-packages/airflow/example_dags/example_dynamic_task_mapping.py
[2025-02-11T09:13:34.302+0600] {logging_mixin.py:190} INFO - [2025-02-11T09:13:34.302+0600] {dag.py:3239} INFO - Sync 1 DAGs
[2025-02-11T09:13:34.317+0600] {logging_mixin.py:190} INFO - [2025-02-11T09:13:34.316+0600] {dag.py:4180} INFO - Setting next_dagrun for example_dynamic_task_mapping to None, run_after=None
[2025-02-11T09:13:34.341+0600] {processor.py:208} INFO - Processing /home/shamim/airflow_git/Airflow_project/air_venv/lib/python3.12/site-packages/airflow/example_dags/example_dynamic_task_mapping.py took 0.084 seconds
