[2025-02-11T08:59:41.586+0600] {processor.py:186} INFO - Started process (PID=5642) to work on /home/shamim/airflow_git/Airflow_project/air_venv/lib/python3.12/site-packages/airflow/example_dags/example_nested_branch_dag.py
[2025-02-11T08:59:41.587+0600] {processor.py:914} INFO - Processing file /home/shamim/airflow_git/Airflow_project/air_venv/lib/python3.12/site-packages/airflow/example_dags/example_nested_branch_dag.py for tasks to queue
[2025-02-11T08:59:41.590+0600] {logging_mixin.py:190} INFO - [2025-02-11T08:59:41.589+0600] {dagbag.py:588} INFO - Filling up the DagBag from /home/shamim/airflow_git/Airflow_project/air_venv/lib/python3.12/site-packages/airflow/example_dags/example_nested_branch_dag.py
[2025-02-11T08:59:41.609+0600] {processor.py:925} INFO - DAG(s) 'example_nested_branch_dag' retrieved from /home/shamim/airflow_git/Airflow_project/air_venv/lib/python3.12/site-packages/airflow/example_dags/example_nested_branch_dag.py
[2025-02-11T08:59:41.634+0600] {logging_mixin.py:190} INFO - [2025-02-11T08:59:41.634+0600] {dag.py:3239} INFO - Sync 1 DAGs
[2025-02-11T08:59:41.659+0600] {logging_mixin.py:190} INFO - [2025-02-11T08:59:41.659+0600] {dag.py:4180} INFO - Setting next_dagrun for example_nested_branch_dag to 2025-02-10 00:00:00+00:00, run_after=2025-02-11 00:00:00+00:00
[2025-02-11T08:59:41.681+0600] {processor.py:208} INFO - Processing /home/shamim/airflow_git/Airflow_project/air_venv/lib/python3.12/site-packages/airflow/example_dags/example_nested_branch_dag.py took 0.101 seconds
[2025-02-11T09:01:04.726+0600] {processor.py:186} INFO - Started process (PID=5926) to work on /home/shamim/airflow_git/Airflow_project/air_venv/lib/python3.12/site-packages/airflow/example_dags/example_nested_branch_dag.py
[2025-02-11T09:01:04.733+0600] {processor.py:914} INFO - Processing file /home/shamim/airflow_git/Airflow_project/air_venv/lib/python3.12/site-packages/airflow/example_dags/example_nested_branch_dag.py for tasks to queue
[2025-02-11T09:01:04.736+0600] {logging_mixin.py:190} INFO - [2025-02-11T09:01:04.736+0600] {dagbag.py:588} INFO - Filling up the DagBag from /home/shamim/airflow_git/Airflow_project/air_venv/lib/python3.12/site-packages/airflow/example_dags/example_nested_branch_dag.py
[2025-02-11T09:01:04.752+0600] {processor.py:925} INFO - DAG(s) 'example_nested_branch_dag' retrieved from /home/shamim/airflow_git/Airflow_project/air_venv/lib/python3.12/site-packages/airflow/example_dags/example_nested_branch_dag.py
[2025-02-11T09:01:04.773+0600] {logging_mixin.py:190} INFO - [2025-02-11T09:01:04.773+0600] {dag.py:3239} INFO - Sync 1 DAGs
[2025-02-11T09:01:04.799+0600] {logging_mixin.py:190} INFO - [2025-02-11T09:01:04.799+0600] {dag.py:4180} INFO - Setting next_dagrun for example_nested_branch_dag to 2025-02-10 00:00:00+00:00, run_after=2025-02-11 00:00:00+00:00
[2025-02-11T09:01:04.835+0600] {processor.py:208} INFO - Processing /home/shamim/airflow_git/Airflow_project/air_venv/lib/python3.12/site-packages/airflow/example_dags/example_nested_branch_dag.py took 0.117 seconds
[2025-02-11T09:02:29.727+0600] {processor.py:186} INFO - Started process (PID=6357) to work on /home/shamim/airflow_git/Airflow_project/air_venv/lib/python3.12/site-packages/airflow/example_dags/example_nested_branch_dag.py
[2025-02-11T09:02:29.733+0600] {processor.py:914} INFO - Processing file /home/shamim/airflow_git/Airflow_project/air_venv/lib/python3.12/site-packages/airflow/example_dags/example_nested_branch_dag.py for tasks to queue
[2025-02-11T09:02:29.737+0600] {logging_mixin.py:190} INFO - [2025-02-11T09:02:29.737+0600] {dagbag.py:588} INFO - Filling up the DagBag from /home/shamim/airflow_git/Airflow_project/air_venv/lib/python3.12/site-packages/airflow/example_dags/example_nested_branch_dag.py
[2025-02-11T09:02:29.759+0600] {processor.py:925} INFO - DAG(s) 'example_nested_branch_dag' retrieved from /home/shamim/airflow_git/Airflow_project/air_venv/lib/python3.12/site-packages/airflow/example_dags/example_nested_branch_dag.py
[2025-02-11T09:02:29.786+0600] {logging_mixin.py:190} INFO - [2025-02-11T09:02:29.786+0600] {dag.py:3239} INFO - Sync 1 DAGs
[2025-02-11T09:02:29.815+0600] {logging_mixin.py:190} INFO - [2025-02-11T09:02:29.815+0600] {dag.py:4180} INFO - Setting next_dagrun for example_nested_branch_dag to 2025-02-10 00:00:00+00:00, run_after=2025-02-11 00:00:00+00:00
[2025-02-11T09:02:29.854+0600] {processor.py:208} INFO - Processing /home/shamim/airflow_git/Airflow_project/air_venv/lib/python3.12/site-packages/airflow/example_dags/example_nested_branch_dag.py took 0.148 seconds
[2025-02-11T09:03:55.574+0600] {processor.py:186} INFO - Started process (PID=6813) to work on /home/shamim/airflow_git/Airflow_project/air_venv/lib/python3.12/site-packages/airflow/example_dags/example_nested_branch_dag.py
[2025-02-11T09:03:55.581+0600] {processor.py:914} INFO - Processing file /home/shamim/airflow_git/Airflow_project/air_venv/lib/python3.12/site-packages/airflow/example_dags/example_nested_branch_dag.py for tasks to queue
[2025-02-11T09:03:55.592+0600] {logging_mixin.py:190} INFO - [2025-02-11T09:03:55.590+0600] {dagbag.py:588} INFO - Filling up the DagBag from /home/shamim/airflow_git/Airflow_project/air_venv/lib/python3.12/site-packages/airflow/example_dags/example_nested_branch_dag.py
[2025-02-11T09:03:55.613+0600] {processor.py:925} INFO - DAG(s) 'example_nested_branch_dag' retrieved from /home/shamim/airflow_git/Airflow_project/air_venv/lib/python3.12/site-packages/airflow/example_dags/example_nested_branch_dag.py
[2025-02-11T09:03:55.635+0600] {logging_mixin.py:190} INFO - [2025-02-11T09:03:55.635+0600] {dag.py:3239} INFO - Sync 1 DAGs
[2025-02-11T09:03:55.663+0600] {logging_mixin.py:190} INFO - [2025-02-11T09:03:55.663+0600] {dag.py:4180} INFO - Setting next_dagrun for example_nested_branch_dag to 2025-02-10 00:00:00+00:00, run_after=2025-02-11 00:00:00+00:00
[2025-02-11T09:03:55.690+0600] {processor.py:208} INFO - Processing /home/shamim/airflow_git/Airflow_project/air_venv/lib/python3.12/site-packages/airflow/example_dags/example_nested_branch_dag.py took 0.125 seconds
[2025-02-11T09:05:10.663+0600] {processor.py:186} INFO - Started process (PID=7115) to work on /home/shamim/airflow_git/Airflow_project/air_venv/lib/python3.12/site-packages/airflow/example_dags/example_nested_branch_dag.py
[2025-02-11T09:05:10.669+0600] {processor.py:914} INFO - Processing file /home/shamim/airflow_git/Airflow_project/air_venv/lib/python3.12/site-packages/airflow/example_dags/example_nested_branch_dag.py for tasks to queue
[2025-02-11T09:05:10.670+0600] {logging_mixin.py:190} INFO - [2025-02-11T09:05:10.670+0600] {dagbag.py:588} INFO - Filling up the DagBag from /home/shamim/airflow_git/Airflow_project/air_venv/lib/python3.12/site-packages/airflow/example_dags/example_nested_branch_dag.py
[2025-02-11T09:05:10.685+0600] {processor.py:925} INFO - DAG(s) 'example_nested_branch_dag' retrieved from /home/shamim/airflow_git/Airflow_project/air_venv/lib/python3.12/site-packages/airflow/example_dags/example_nested_branch_dag.py
[2025-02-11T09:05:10.704+0600] {logging_mixin.py:190} INFO - [2025-02-11T09:05:10.703+0600] {dag.py:3239} INFO - Sync 1 DAGs
[2025-02-11T09:05:10.728+0600] {logging_mixin.py:190} INFO - [2025-02-11T09:05:10.728+0600] {dag.py:4180} INFO - Setting next_dagrun for example_nested_branch_dag to 2025-02-10 00:00:00+00:00, run_after=2025-02-11 00:00:00+00:00
[2025-02-11T09:05:10.752+0600] {processor.py:208} INFO - Processing /home/shamim/airflow_git/Airflow_project/air_venv/lib/python3.12/site-packages/airflow/example_dags/example_nested_branch_dag.py took 0.096 seconds
[2025-02-11T09:06:31.527+0600] {processor.py:186} INFO - Started process (PID=7497) to work on /home/shamim/airflow_git/Airflow_project/air_venv/lib/python3.12/site-packages/airflow/example_dags/example_nested_branch_dag.py
[2025-02-11T09:06:31.541+0600] {processor.py:914} INFO - Processing file /home/shamim/airflow_git/Airflow_project/air_venv/lib/python3.12/site-packages/airflow/example_dags/example_nested_branch_dag.py for tasks to queue
[2025-02-11T09:06:31.543+0600] {logging_mixin.py:190} INFO - [2025-02-11T09:06:31.542+0600] {dagbag.py:588} INFO - Filling up the DagBag from /home/shamim/airflow_git/Airflow_project/air_venv/lib/python3.12/site-packages/airflow/example_dags/example_nested_branch_dag.py
[2025-02-11T09:06:31.565+0600] {processor.py:925} INFO - DAG(s) 'example_nested_branch_dag' retrieved from /home/shamim/airflow_git/Airflow_project/air_venv/lib/python3.12/site-packages/airflow/example_dags/example_nested_branch_dag.py
[2025-02-11T09:06:31.594+0600] {logging_mixin.py:190} INFO - [2025-02-11T09:06:31.594+0600] {dag.py:3239} INFO - Sync 1 DAGs
[2025-02-11T09:06:31.633+0600] {logging_mixin.py:190} INFO - [2025-02-11T09:06:31.632+0600] {dag.py:4180} INFO - Setting next_dagrun for example_nested_branch_dag to 2025-02-10 00:00:00+00:00, run_after=2025-02-11 00:00:00+00:00
[2025-02-11T09:06:31.674+0600] {processor.py:208} INFO - Processing /home/shamim/airflow_git/Airflow_project/air_venv/lib/python3.12/site-packages/airflow/example_dags/example_nested_branch_dag.py took 0.154 seconds
[2025-02-11T09:07:54.606+0600] {processor.py:186} INFO - Started process (PID=7987) to work on /home/shamim/airflow_git/Airflow_project/air_venv/lib/python3.12/site-packages/airflow/example_dags/example_nested_branch_dag.py
[2025-02-11T09:07:54.615+0600] {processor.py:914} INFO - Processing file /home/shamim/airflow_git/Airflow_project/air_venv/lib/python3.12/site-packages/airflow/example_dags/example_nested_branch_dag.py for tasks to queue
[2025-02-11T09:07:54.621+0600] {logging_mixin.py:190} INFO - [2025-02-11T09:07:54.618+0600] {dagbag.py:588} INFO - Filling up the DagBag from /home/shamim/airflow_git/Airflow_project/air_venv/lib/python3.12/site-packages/airflow/example_dags/example_nested_branch_dag.py
[2025-02-11T09:07:54.653+0600] {processor.py:925} INFO - DAG(s) 'example_nested_branch_dag' retrieved from /home/shamim/airflow_git/Airflow_project/air_venv/lib/python3.12/site-packages/airflow/example_dags/example_nested_branch_dag.py
[2025-02-11T09:07:54.677+0600] {logging_mixin.py:190} INFO - [2025-02-11T09:07:54.677+0600] {dag.py:3239} INFO - Sync 1 DAGs
[2025-02-11T09:07:54.708+0600] {logging_mixin.py:190} INFO - [2025-02-11T09:07:54.707+0600] {dag.py:4180} INFO - Setting next_dagrun for example_nested_branch_dag to 2025-02-10 00:00:00+00:00, run_after=2025-02-11 00:00:00+00:00
[2025-02-11T09:07:54.743+0600] {processor.py:208} INFO - Processing /home/shamim/airflow_git/Airflow_project/air_venv/lib/python3.12/site-packages/airflow/example_dags/example_nested_branch_dag.py took 0.160 seconds
[2025-02-11T09:09:21.617+0600] {processor.py:186} INFO - Started process (PID=8535) to work on /home/shamim/airflow_git/Airflow_project/air_venv/lib/python3.12/site-packages/airflow/example_dags/example_nested_branch_dag.py
[2025-02-11T09:09:21.624+0600] {processor.py:914} INFO - Processing file /home/shamim/airflow_git/Airflow_project/air_venv/lib/python3.12/site-packages/airflow/example_dags/example_nested_branch_dag.py for tasks to queue
[2025-02-11T09:09:21.625+0600] {logging_mixin.py:190} INFO - [2025-02-11T09:09:21.625+0600] {dagbag.py:588} INFO - Filling up the DagBag from /home/shamim/airflow_git/Airflow_project/air_venv/lib/python3.12/site-packages/airflow/example_dags/example_nested_branch_dag.py
[2025-02-11T09:09:21.640+0600] {processor.py:925} INFO - DAG(s) 'example_nested_branch_dag' retrieved from /home/shamim/airflow_git/Airflow_project/air_venv/lib/python3.12/site-packages/airflow/example_dags/example_nested_branch_dag.py
[2025-02-11T09:09:21.666+0600] {logging_mixin.py:190} INFO - [2025-02-11T09:09:21.665+0600] {dag.py:3239} INFO - Sync 1 DAGs
[2025-02-11T09:09:21.693+0600] {logging_mixin.py:190} INFO - [2025-02-11T09:09:21.693+0600] {dag.py:4180} INFO - Setting next_dagrun for example_nested_branch_dag to 2025-02-10 00:00:00+00:00, run_after=2025-02-11 00:00:00+00:00
[2025-02-11T09:09:21.730+0600] {processor.py:208} INFO - Processing /home/shamim/airflow_git/Airflow_project/air_venv/lib/python3.12/site-packages/airflow/example_dags/example_nested_branch_dag.py took 0.120 seconds
[2025-02-11T09:10:42.355+0600] {processor.py:186} INFO - Started process (PID=9013) to work on /home/shamim/airflow_git/Airflow_project/air_venv/lib/python3.12/site-packages/airflow/example_dags/example_nested_branch_dag.py
[2025-02-11T09:10:42.362+0600] {processor.py:914} INFO - Processing file /home/shamim/airflow_git/Airflow_project/air_venv/lib/python3.12/site-packages/airflow/example_dags/example_nested_branch_dag.py for tasks to queue
[2025-02-11T09:10:42.364+0600] {logging_mixin.py:190} INFO - [2025-02-11T09:10:42.363+0600] {dagbag.py:588} INFO - Filling up the DagBag from /home/shamim/airflow_git/Airflow_project/air_venv/lib/python3.12/site-packages/airflow/example_dags/example_nested_branch_dag.py
[2025-02-11T09:10:42.379+0600] {processor.py:925} INFO - DAG(s) 'example_nested_branch_dag' retrieved from /home/shamim/airflow_git/Airflow_project/air_venv/lib/python3.12/site-packages/airflow/example_dags/example_nested_branch_dag.py
[2025-02-11T09:10:42.398+0600] {logging_mixin.py:190} INFO - [2025-02-11T09:10:42.398+0600] {dag.py:3239} INFO - Sync 1 DAGs
[2025-02-11T09:10:42.427+0600] {logging_mixin.py:190} INFO - [2025-02-11T09:10:42.427+0600] {dag.py:4180} INFO - Setting next_dagrun for example_nested_branch_dag to 2025-02-10 00:00:00+00:00, run_after=2025-02-11 00:00:00+00:00
[2025-02-11T09:10:42.462+0600] {processor.py:208} INFO - Processing /home/shamim/airflow_git/Airflow_project/air_venv/lib/python3.12/site-packages/airflow/example_dags/example_nested_branch_dag.py took 0.118 seconds
[2025-02-11T09:12:05.336+0600] {processor.py:186} INFO - Started process (PID=9507) to work on /home/shamim/airflow_git/Airflow_project/air_venv/lib/python3.12/site-packages/airflow/example_dags/example_nested_branch_dag.py
[2025-02-11T09:12:05.341+0600] {processor.py:914} INFO - Processing file /home/shamim/airflow_git/Airflow_project/air_venv/lib/python3.12/site-packages/airflow/example_dags/example_nested_branch_dag.py for tasks to queue
[2025-02-11T09:12:05.343+0600] {logging_mixin.py:190} INFO - [2025-02-11T09:12:05.342+0600] {dagbag.py:588} INFO - Filling up the DagBag from /home/shamim/airflow_git/Airflow_project/air_venv/lib/python3.12/site-packages/airflow/example_dags/example_nested_branch_dag.py
[2025-02-11T09:12:05.365+0600] {processor.py:925} INFO - DAG(s) 'example_nested_branch_dag' retrieved from /home/shamim/airflow_git/Airflow_project/air_venv/lib/python3.12/site-packages/airflow/example_dags/example_nested_branch_dag.py
[2025-02-11T09:12:05.397+0600] {logging_mixin.py:190} INFO - [2025-02-11T09:12:05.397+0600] {dag.py:3239} INFO - Sync 1 DAGs
[2025-02-11T09:12:05.429+0600] {logging_mixin.py:190} INFO - [2025-02-11T09:12:05.429+0600] {dag.py:4180} INFO - Setting next_dagrun for example_nested_branch_dag to 2025-02-10 00:00:00+00:00, run_after=2025-02-11 00:00:00+00:00
[2025-02-11T09:12:05.453+0600] {processor.py:208} INFO - Processing /home/shamim/airflow_git/Airflow_project/air_venv/lib/python3.12/site-packages/airflow/example_dags/example_nested_branch_dag.py took 0.126 seconds
[2025-02-11T09:13:26.712+0600] {processor.py:186} INFO - Started process (PID=10039) to work on /home/shamim/airflow_git/Airflow_project/air_venv/lib/python3.12/site-packages/airflow/example_dags/example_nested_branch_dag.py
[2025-02-11T09:13:26.714+0600] {processor.py:914} INFO - Processing file /home/shamim/airflow_git/Airflow_project/air_venv/lib/python3.12/site-packages/airflow/example_dags/example_nested_branch_dag.py for tasks to queue
[2025-02-11T09:13:26.716+0600] {logging_mixin.py:190} INFO - [2025-02-11T09:13:26.715+0600] {dagbag.py:588} INFO - Filling up the DagBag from /home/shamim/airflow_git/Airflow_project/air_venv/lib/python3.12/site-packages/airflow/example_dags/example_nested_branch_dag.py
[2025-02-11T09:13:26.731+0600] {processor.py:925} INFO - DAG(s) 'example_nested_branch_dag' retrieved from /home/shamim/airflow_git/Airflow_project/air_venv/lib/python3.12/site-packages/airflow/example_dags/example_nested_branch_dag.py
[2025-02-11T09:13:26.750+0600] {logging_mixin.py:190} INFO - [2025-02-11T09:13:26.750+0600] {dag.py:3239} INFO - Sync 1 DAGs
[2025-02-11T09:13:26.776+0600] {logging_mixin.py:190} INFO - [2025-02-11T09:13:26.776+0600] {dag.py:4180} INFO - Setting next_dagrun for example_nested_branch_dag to 2025-02-10 00:00:00+00:00, run_after=2025-02-11 00:00:00+00:00
[2025-02-11T09:13:26.801+0600] {processor.py:208} INFO - Processing /home/shamim/airflow_git/Airflow_project/air_venv/lib/python3.12/site-packages/airflow/example_dags/example_nested_branch_dag.py took 0.098 seconds
