[2025-02-11T08:59:58.584+0600] {processor.py:186} INFO - Started process (PID=5750) to work on /home/shamim/airflow_git/Airflow_project/air_venv/lib/python3.12/site-packages/airflow/example_dags/example_complex.py
[2025-02-11T08:59:58.585+0600] {processor.py:914} INFO - Processing file /home/shamim/airflow_git/Airflow_project/air_venv/lib/python3.12/site-packages/airflow/example_dags/example_complex.py for tasks to queue
[2025-02-11T08:59:58.588+0600] {logging_mixin.py:190} INFO - [2025-02-11T08:59:58.588+0600] {dagbag.py:588} INFO - Filling up the DagBag from /home/shamim/airflow_git/Airflow_project/air_venv/lib/python3.12/site-packages/airflow/example_dags/example_complex.py
[2025-02-11T08:59:58.604+0600] {processor.py:925} INFO - DAG(s) 'example_complex' retrieved from /home/shamim/airflow_git/Airflow_project/air_venv/lib/python3.12/site-packages/airflow/example_dags/example_complex.py
[2025-02-11T08:59:58.637+0600] {logging_mixin.py:190} INFO - [2025-02-11T08:59:58.636+0600] {dag.py:3239} INFO - Sync 1 DAGs
[2025-02-11T08:59:58.654+0600] {logging_mixin.py:190} INFO - [2025-02-11T08:59:58.653+0600] {dag.py:4180} INFO - Setting next_dagrun for example_complex to None, run_after=None
[2025-02-11T08:59:58.686+0600] {processor.py:208} INFO - Processing /home/shamim/airflow_git/Airflow_project/air_venv/lib/python3.12/site-packages/airflow/example_dags/example_complex.py took 0.110 seconds
[2025-02-11T09:01:22.279+0600] {processor.py:186} INFO - Started process (PID=5994) to work on /home/shamim/airflow_git/Airflow_project/air_venv/lib/python3.12/site-packages/airflow/example_dags/example_complex.py
[2025-02-11T09:01:22.287+0600] {processor.py:914} INFO - Processing file /home/shamim/airflow_git/Airflow_project/air_venv/lib/python3.12/site-packages/airflow/example_dags/example_complex.py for tasks to queue
[2025-02-11T09:01:22.296+0600] {logging_mixin.py:190} INFO - [2025-02-11T09:01:22.294+0600] {dagbag.py:588} INFO - Filling up the DagBag from /home/shamim/airflow_git/Airflow_project/air_venv/lib/python3.12/site-packages/airflow/example_dags/example_complex.py
[2025-02-11T09:01:22.349+0600] {processor.py:925} INFO - DAG(s) 'example_complex' retrieved from /home/shamim/airflow_git/Airflow_project/air_venv/lib/python3.12/site-packages/airflow/example_dags/example_complex.py
[2025-02-11T09:01:22.391+0600] {logging_mixin.py:190} INFO - [2025-02-11T09:01:22.391+0600] {dag.py:3239} INFO - Sync 1 DAGs
[2025-02-11T09:01:22.407+0600] {logging_mixin.py:190} INFO - [2025-02-11T09:01:22.407+0600] {dag.py:4180} INFO - Setting next_dagrun for example_complex to None, run_after=None
[2025-02-11T09:01:23.345+0600] {processor.py:208} INFO - Processing /home/shamim/airflow_git/Airflow_project/air_venv/lib/python3.12/site-packages/airflow/example_dags/example_complex.py took 1.092 seconds
[2025-02-11T09:02:49.014+0600] {processor.py:186} INFO - Started process (PID=6482) to work on /home/shamim/airflow_git/Airflow_project/air_venv/lib/python3.12/site-packages/airflow/example_dags/example_complex.py
[2025-02-11T09:02:49.018+0600] {processor.py:914} INFO - Processing file /home/shamim/airflow_git/Airflow_project/air_venv/lib/python3.12/site-packages/airflow/example_dags/example_complex.py for tasks to queue
[2025-02-11T09:02:49.022+0600] {logging_mixin.py:190} INFO - [2025-02-11T09:02:49.021+0600] {dagbag.py:588} INFO - Filling up the DagBag from /home/shamim/airflow_git/Airflow_project/air_venv/lib/python3.12/site-packages/airflow/example_dags/example_complex.py
[2025-02-11T09:02:49.045+0600] {processor.py:925} INFO - DAG(s) 'example_complex' retrieved from /home/shamim/airflow_git/Airflow_project/air_venv/lib/python3.12/site-packages/airflow/example_dags/example_complex.py
[2025-02-11T09:02:49.094+0600] {logging_mixin.py:190} INFO - [2025-02-11T09:02:49.093+0600] {dag.py:3239} INFO - Sync 1 DAGs
[2025-02-11T09:02:49.113+0600] {logging_mixin.py:190} INFO - [2025-02-11T09:02:49.113+0600] {dag.py:4180} INFO - Setting next_dagrun for example_complex to None, run_after=None
[2025-02-11T09:02:49.151+0600] {processor.py:208} INFO - Processing /home/shamim/airflow_git/Airflow_project/air_venv/lib/python3.12/site-packages/airflow/example_dags/example_complex.py took 0.155 seconds
[2025-02-11T09:04:10.474+0600] {processor.py:186} INFO - Started process (PID=6903) to work on /home/shamim/airflow_git/Airflow_project/air_venv/lib/python3.12/site-packages/airflow/example_dags/example_complex.py
[2025-02-11T09:04:10.480+0600] {processor.py:914} INFO - Processing file /home/shamim/airflow_git/Airflow_project/air_venv/lib/python3.12/site-packages/airflow/example_dags/example_complex.py for tasks to queue
[2025-02-11T09:04:10.482+0600] {logging_mixin.py:190} INFO - [2025-02-11T09:04:10.481+0600] {dagbag.py:588} INFO - Filling up the DagBag from /home/shamim/airflow_git/Airflow_project/air_venv/lib/python3.12/site-packages/airflow/example_dags/example_complex.py
[2025-02-11T09:04:10.498+0600] {processor.py:925} INFO - DAG(s) 'example_complex' retrieved from /home/shamim/airflow_git/Airflow_project/air_venv/lib/python3.12/site-packages/airflow/example_dags/example_complex.py
[2025-02-11T09:04:10.530+0600] {logging_mixin.py:190} INFO - [2025-02-11T09:04:10.529+0600] {dag.py:3239} INFO - Sync 1 DAGs
[2025-02-11T09:04:10.545+0600] {logging_mixin.py:190} INFO - [2025-02-11T09:04:10.544+0600] {dag.py:4180} INFO - Setting next_dagrun for example_complex to None, run_after=None
[2025-02-11T09:04:10.568+0600] {processor.py:208} INFO - Processing /home/shamim/airflow_git/Airflow_project/air_venv/lib/python3.12/site-packages/airflow/example_dags/example_complex.py took 0.102 seconds
[2025-02-11T09:05:26.328+0600] {processor.py:186} INFO - Started process (PID=7206) to work on /home/shamim/airflow_git/Airflow_project/air_venv/lib/python3.12/site-packages/airflow/example_dags/example_complex.py
[2025-02-11T09:05:26.334+0600] {processor.py:914} INFO - Processing file /home/shamim/airflow_git/Airflow_project/air_venv/lib/python3.12/site-packages/airflow/example_dags/example_complex.py for tasks to queue
[2025-02-11T09:05:26.336+0600] {logging_mixin.py:190} INFO - [2025-02-11T09:05:26.335+0600] {dagbag.py:588} INFO - Filling up the DagBag from /home/shamim/airflow_git/Airflow_project/air_venv/lib/python3.12/site-packages/airflow/example_dags/example_complex.py
[2025-02-11T09:05:26.352+0600] {processor.py:925} INFO - DAG(s) 'example_complex' retrieved from /home/shamim/airflow_git/Airflow_project/air_venv/lib/python3.12/site-packages/airflow/example_dags/example_complex.py
[2025-02-11T09:05:26.384+0600] {logging_mixin.py:190} INFO - [2025-02-11T09:05:26.384+0600] {dag.py:3239} INFO - Sync 1 DAGs
[2025-02-11T09:05:26.399+0600] {logging_mixin.py:190} INFO - [2025-02-11T09:05:26.399+0600] {dag.py:4180} INFO - Setting next_dagrun for example_complex to None, run_after=None
[2025-02-11T09:05:26.434+0600] {processor.py:208} INFO - Processing /home/shamim/airflow_git/Airflow_project/air_venv/lib/python3.12/site-packages/airflow/example_dags/example_complex.py took 0.114 seconds
[2025-02-11T09:06:47.849+0600] {processor.py:186} INFO - Started process (PID=7587) to work on /home/shamim/airflow_git/Airflow_project/air_venv/lib/python3.12/site-packages/airflow/example_dags/example_complex.py
[2025-02-11T09:06:47.856+0600] {processor.py:914} INFO - Processing file /home/shamim/airflow_git/Airflow_project/air_venv/lib/python3.12/site-packages/airflow/example_dags/example_complex.py for tasks to queue
[2025-02-11T09:06:47.857+0600] {logging_mixin.py:190} INFO - [2025-02-11T09:06:47.857+0600] {dagbag.py:588} INFO - Filling up the DagBag from /home/shamim/airflow_git/Airflow_project/air_venv/lib/python3.12/site-packages/airflow/example_dags/example_complex.py
[2025-02-11T09:06:47.886+0600] {processor.py:925} INFO - DAG(s) 'example_complex' retrieved from /home/shamim/airflow_git/Airflow_project/air_venv/lib/python3.12/site-packages/airflow/example_dags/example_complex.py
[2025-02-11T09:06:47.948+0600] {logging_mixin.py:190} INFO - [2025-02-11T09:06:47.948+0600] {dag.py:3239} INFO - Sync 1 DAGs
[2025-02-11T09:06:47.967+0600] {logging_mixin.py:190} INFO - [2025-02-11T09:06:47.967+0600] {dag.py:4180} INFO - Setting next_dagrun for example_complex to None, run_after=None
[2025-02-11T09:06:48.048+0600] {processor.py:208} INFO - Processing /home/shamim/airflow_git/Airflow_project/air_venv/lib/python3.12/site-packages/airflow/example_dags/example_complex.py took 0.209 seconds
[2025-02-11T09:08:10.752+0600] {processor.py:186} INFO - Started process (PID=8089) to work on /home/shamim/airflow_git/Airflow_project/air_venv/lib/python3.12/site-packages/airflow/example_dags/example_complex.py
[2025-02-11T09:08:10.758+0600] {processor.py:914} INFO - Processing file /home/shamim/airflow_git/Airflow_project/air_venv/lib/python3.12/site-packages/airflow/example_dags/example_complex.py for tasks to queue
[2025-02-11T09:08:10.761+0600] {logging_mixin.py:190} INFO - [2025-02-11T09:08:10.760+0600] {dagbag.py:588} INFO - Filling up the DagBag from /home/shamim/airflow_git/Airflow_project/air_venv/lib/python3.12/site-packages/airflow/example_dags/example_complex.py
[2025-02-11T09:08:10.787+0600] {processor.py:925} INFO - DAG(s) 'example_complex' retrieved from /home/shamim/airflow_git/Airflow_project/air_venv/lib/python3.12/site-packages/airflow/example_dags/example_complex.py
[2025-02-11T09:08:10.842+0600] {logging_mixin.py:190} INFO - [2025-02-11T09:08:10.842+0600] {dag.py:3239} INFO - Sync 1 DAGs
[2025-02-11T09:08:10.867+0600] {logging_mixin.py:190} INFO - [2025-02-11T09:08:10.867+0600] {dag.py:4180} INFO - Setting next_dagrun for example_complex to None, run_after=None
[2025-02-11T09:08:10.914+0600] {processor.py:208} INFO - Processing /home/shamim/airflow_git/Airflow_project/air_venv/lib/python3.12/site-packages/airflow/example_dags/example_complex.py took 0.173 seconds
[2025-02-11T09:09:37.739+0600] {processor.py:186} INFO - Started process (PID=8625) to work on /home/shamim/airflow_git/Airflow_project/air_venv/lib/python3.12/site-packages/airflow/example_dags/example_complex.py
[2025-02-11T09:09:37.745+0600] {processor.py:914} INFO - Processing file /home/shamim/airflow_git/Airflow_project/air_venv/lib/python3.12/site-packages/airflow/example_dags/example_complex.py for tasks to queue
[2025-02-11T09:09:37.748+0600] {logging_mixin.py:190} INFO - [2025-02-11T09:09:37.747+0600] {dagbag.py:588} INFO - Filling up the DagBag from /home/shamim/airflow_git/Airflow_project/air_venv/lib/python3.12/site-packages/airflow/example_dags/example_complex.py
[2025-02-11T09:09:37.789+0600] {processor.py:925} INFO - DAG(s) 'example_complex' retrieved from /home/shamim/airflow_git/Airflow_project/air_venv/lib/python3.12/site-packages/airflow/example_dags/example_complex.py
[2025-02-11T09:09:37.842+0600] {logging_mixin.py:190} INFO - [2025-02-11T09:09:37.842+0600] {dag.py:3239} INFO - Sync 1 DAGs
[2025-02-11T09:09:37.859+0600] {logging_mixin.py:190} INFO - [2025-02-11T09:09:37.859+0600] {dag.py:4180} INFO - Setting next_dagrun for example_complex to None, run_after=None
[2025-02-11T09:09:37.907+0600] {processor.py:208} INFO - Processing /home/shamim/airflow_git/Airflow_project/air_venv/lib/python3.12/site-packages/airflow/example_dags/example_complex.py took 0.185 seconds
[2025-02-11T09:10:58.216+0600] {processor.py:186} INFO - Started process (PID=9105) to work on /home/shamim/airflow_git/Airflow_project/air_venv/lib/python3.12/site-packages/airflow/example_dags/example_complex.py
[2025-02-11T09:10:58.239+0600] {processor.py:914} INFO - Processing file /home/shamim/airflow_git/Airflow_project/air_venv/lib/python3.12/site-packages/airflow/example_dags/example_complex.py for tasks to queue
[2025-02-11T09:10:58.240+0600] {logging_mixin.py:190} INFO - [2025-02-11T09:10:58.240+0600] {dagbag.py:588} INFO - Filling up the DagBag from /home/shamim/airflow_git/Airflow_project/air_venv/lib/python3.12/site-packages/airflow/example_dags/example_complex.py
[2025-02-11T09:10:58.260+0600] {processor.py:925} INFO - DAG(s) 'example_complex' retrieved from /home/shamim/airflow_git/Airflow_project/air_venv/lib/python3.12/site-packages/airflow/example_dags/example_complex.py
[2025-02-11T09:10:58.293+0600] {logging_mixin.py:190} INFO - [2025-02-11T09:10:58.292+0600] {dag.py:3239} INFO - Sync 1 DAGs
[2025-02-11T09:10:58.309+0600] {logging_mixin.py:190} INFO - [2025-02-11T09:10:58.308+0600] {dag.py:4180} INFO - Setting next_dagrun for example_complex to None, run_after=None
[2025-02-11T09:10:58.334+0600] {processor.py:208} INFO - Processing /home/shamim/airflow_git/Airflow_project/air_venv/lib/python3.12/site-packages/airflow/example_dags/example_complex.py took 0.125 seconds
[2025-02-11T09:12:20.062+0600] {processor.py:186} INFO - Started process (PID=9623) to work on /home/shamim/airflow_git/Airflow_project/air_venv/lib/python3.12/site-packages/airflow/example_dags/example_complex.py
[2025-02-11T09:12:20.070+0600] {processor.py:914} INFO - Processing file /home/shamim/airflow_git/Airflow_project/air_venv/lib/python3.12/site-packages/airflow/example_dags/example_complex.py for tasks to queue
[2025-02-11T09:12:20.074+0600] {logging_mixin.py:190} INFO - [2025-02-11T09:12:20.072+0600] {dagbag.py:588} INFO - Filling up the DagBag from /home/shamim/airflow_git/Airflow_project/air_venv/lib/python3.12/site-packages/airflow/example_dags/example_complex.py
[2025-02-11T09:12:20.130+0600] {processor.py:925} INFO - DAG(s) 'example_complex' retrieved from /home/shamim/airflow_git/Airflow_project/air_venv/lib/python3.12/site-packages/airflow/example_dags/example_complex.py
[2025-02-11T09:12:20.180+0600] {logging_mixin.py:190} INFO - [2025-02-11T09:12:20.180+0600] {dag.py:3239} INFO - Sync 1 DAGs
[2025-02-11T09:12:20.197+0600] {logging_mixin.py:190} INFO - [2025-02-11T09:12:20.196+0600] {dag.py:4180} INFO - Setting next_dagrun for example_complex to None, run_after=None
[2025-02-11T09:12:20.223+0600] {processor.py:208} INFO - Processing /home/shamim/airflow_git/Airflow_project/air_venv/lib/python3.12/site-packages/airflow/example_dags/example_complex.py took 0.181 seconds
[2025-02-11T09:13:41.176+0600] {processor.py:186} INFO - Started process (PID=10082) to work on /home/shamim/airflow_git/Airflow_project/air_venv/lib/python3.12/site-packages/airflow/example_dags/example_complex.py
[2025-02-11T09:13:41.182+0600] {processor.py:914} INFO - Processing file /home/shamim/airflow_git/Airflow_project/air_venv/lib/python3.12/site-packages/airflow/example_dags/example_complex.py for tasks to queue
[2025-02-11T09:13:41.184+0600] {logging_mixin.py:190} INFO - [2025-02-11T09:13:41.183+0600] {dagbag.py:588} INFO - Filling up the DagBag from /home/shamim/airflow_git/Airflow_project/air_venv/lib/python3.12/site-packages/airflow/example_dags/example_complex.py
[2025-02-11T09:13:41.199+0600] {processor.py:925} INFO - DAG(s) 'example_complex' retrieved from /home/shamim/airflow_git/Airflow_project/air_venv/lib/python3.12/site-packages/airflow/example_dags/example_complex.py
[2025-02-11T09:13:41.231+0600] {logging_mixin.py:190} INFO - [2025-02-11T09:13:41.230+0600] {dag.py:3239} INFO - Sync 1 DAGs
[2025-02-11T09:13:41.246+0600] {logging_mixin.py:190} INFO - [2025-02-11T09:13:41.246+0600] {dag.py:4180} INFO - Setting next_dagrun for example_complex to None, run_after=None
[2025-02-11T09:13:41.270+0600] {processor.py:208} INFO - Processing /home/shamim/airflow_git/Airflow_project/air_venv/lib/python3.12/site-packages/airflow/example_dags/example_complex.py took 0.100 seconds
