[2025-02-11T08:59:14.939+0600] {processor.py:186} INFO - Started process (PID=5596) to work on /home/shamim/airflow_git/Airflow_project/air_venv/lib/python3.12/site-packages/airflow/example_dags/example_xcom.py
[2025-02-11T08:59:14.940+0600] {processor.py:914} INFO - Processing file /home/shamim/airflow_git/Airflow_project/air_venv/lib/python3.12/site-packages/airflow/example_dags/example_xcom.py for tasks to queue
[2025-02-11T08:59:14.942+0600] {logging_mixin.py:190} INFO - [2025-02-11T08:59:14.942+0600] {dagbag.py:588} INFO - Filling up the DagBag from /home/shamim/airflow_git/Airflow_project/air_venv/lib/python3.12/site-packages/airflow/example_dags/example_xcom.py
[2025-02-11T08:59:14.954+0600] {processor.py:925} INFO - DAG(s) 'example_xcom' retrieved from /home/shamim/airflow_git/Airflow_project/air_venv/lib/python3.12/site-packages/airflow/example_dags/example_xcom.py
[2025-02-11T08:59:14.981+0600] {logging_mixin.py:190} INFO - [2025-02-11T08:59:14.981+0600] {dag.py:3239} INFO - Sync 1 DAGs
[2025-02-11T08:59:15.004+0600] {logging_mixin.py:190} INFO - [2025-02-11T08:59:15.004+0600] {dag.py:4180} INFO - Setting next_dagrun for example_xcom to 2021-01-01 00:00:00+00:00, run_after=2021-01-01 00:00:00+00:00
[2025-02-11T08:59:15.031+0600] {processor.py:208} INFO - Processing /home/shamim/airflow_git/Airflow_project/air_venv/lib/python3.12/site-packages/airflow/example_dags/example_xcom.py took 0.099 seconds
[2025-02-11T09:00:22.351+0600] {processor.py:186} INFO - Started process (PID=5786) to work on /home/shamim/airflow_git/Airflow_project/air_venv/lib/python3.12/site-packages/airflow/example_dags/example_xcom.py
[2025-02-11T09:00:22.357+0600] {processor.py:914} INFO - Processing file /home/shamim/airflow_git/Airflow_project/air_venv/lib/python3.12/site-packages/airflow/example_dags/example_xcom.py for tasks to queue
[2025-02-11T09:00:22.360+0600] {logging_mixin.py:190} INFO - [2025-02-11T09:00:22.360+0600] {dagbag.py:588} INFO - Filling up the DagBag from /home/shamim/airflow_git/Airflow_project/air_venv/lib/python3.12/site-packages/airflow/example_dags/example_xcom.py
[2025-02-11T09:00:22.374+0600] {processor.py:925} INFO - DAG(s) 'example_xcom' retrieved from /home/shamim/airflow_git/Airflow_project/air_venv/lib/python3.12/site-packages/airflow/example_dags/example_xcom.py
[2025-02-11T09:00:22.396+0600] {logging_mixin.py:190} INFO - [2025-02-11T09:00:22.395+0600] {dag.py:3239} INFO - Sync 1 DAGs
[2025-02-11T09:00:22.423+0600] {logging_mixin.py:190} INFO - [2025-02-11T09:00:22.423+0600] {dag.py:4180} INFO - Setting next_dagrun for example_xcom to 2021-01-01 00:00:00+00:00, run_after=2021-01-01 00:00:00+00:00
[2025-02-11T09:00:22.466+0600] {processor.py:208} INFO - Processing /home/shamim/airflow_git/Airflow_project/air_venv/lib/python3.12/site-packages/airflow/example_dags/example_xcom.py took 0.123 seconds
[2025-02-11T09:01:50.614+0600] {processor.py:186} INFO - Started process (PID=6159) to work on /home/shamim/airflow_git/Airflow_project/air_venv/lib/python3.12/site-packages/airflow/example_dags/example_xcom.py
[2025-02-11T09:01:50.617+0600] {processor.py:914} INFO - Processing file /home/shamim/airflow_git/Airflow_project/air_venv/lib/python3.12/site-packages/airflow/example_dags/example_xcom.py for tasks to queue
[2025-02-11T09:01:50.622+0600] {logging_mixin.py:190} INFO - [2025-02-11T09:01:50.621+0600] {dagbag.py:588} INFO - Filling up the DagBag from /home/shamim/airflow_git/Airflow_project/air_venv/lib/python3.12/site-packages/airflow/example_dags/example_xcom.py
[2025-02-11T09:01:50.636+0600] {processor.py:925} INFO - DAG(s) 'example_xcom' retrieved from /home/shamim/airflow_git/Airflow_project/air_venv/lib/python3.12/site-packages/airflow/example_dags/example_xcom.py
[2025-02-11T09:01:50.655+0600] {logging_mixin.py:190} INFO - [2025-02-11T09:01:50.655+0600] {dag.py:3239} INFO - Sync 1 DAGs
[2025-02-11T09:01:50.678+0600] {logging_mixin.py:190} INFO - [2025-02-11T09:01:50.678+0600] {dag.py:4180} INFO - Setting next_dagrun for example_xcom to 2021-01-01 00:00:00+00:00, run_after=2021-01-01 00:00:00+00:00
[2025-02-11T09:01:50.700+0600] {processor.py:208} INFO - Processing /home/shamim/airflow_git/Airflow_project/air_venv/lib/python3.12/site-packages/airflow/example_dags/example_xcom.py took 0.104 seconds
[2025-02-11T09:03:12.571+0600] {processor.py:186} INFO - Started process (PID=6613) to work on /home/shamim/airflow_git/Airflow_project/air_venv/lib/python3.12/site-packages/airflow/example_dags/example_xcom.py
[2025-02-11T09:03:12.577+0600] {processor.py:914} INFO - Processing file /home/shamim/airflow_git/Airflow_project/air_venv/lib/python3.12/site-packages/airflow/example_dags/example_xcom.py for tasks to queue
[2025-02-11T09:03:12.581+0600] {logging_mixin.py:190} INFO - [2025-02-11T09:03:12.580+0600] {dagbag.py:588} INFO - Filling up the DagBag from /home/shamim/airflow_git/Airflow_project/air_venv/lib/python3.12/site-packages/airflow/example_dags/example_xcom.py
[2025-02-11T09:03:12.594+0600] {processor.py:925} INFO - DAG(s) 'example_xcom' retrieved from /home/shamim/airflow_git/Airflow_project/air_venv/lib/python3.12/site-packages/airflow/example_dags/example_xcom.py
[2025-02-11T09:03:12.617+0600] {logging_mixin.py:190} INFO - [2025-02-11T09:03:12.617+0600] {dag.py:3239} INFO - Sync 1 DAGs
[2025-02-11T09:03:12.647+0600] {logging_mixin.py:190} INFO - [2025-02-11T09:03:12.647+0600] {dag.py:4180} INFO - Setting next_dagrun for example_xcom to 2021-01-01 00:00:00+00:00, run_after=2021-01-01 00:00:00+00:00
[2025-02-11T09:03:12.686+0600] {processor.py:208} INFO - Processing /home/shamim/airflow_git/Airflow_project/air_venv/lib/python3.12/site-packages/airflow/example_dags/example_xcom.py took 0.123 seconds
[2025-02-11T09:04:29.996+0600] {processor.py:186} INFO - Started process (PID=6931) to work on /home/shamim/airflow_git/Airflow_project/air_venv/lib/python3.12/site-packages/airflow/example_dags/example_xcom.py
[2025-02-11T09:04:30.002+0600] {processor.py:914} INFO - Processing file /home/shamim/airflow_git/Airflow_project/air_venv/lib/python3.12/site-packages/airflow/example_dags/example_xcom.py for tasks to queue
[2025-02-11T09:04:30.004+0600] {logging_mixin.py:190} INFO - [2025-02-11T09:04:30.003+0600] {dagbag.py:588} INFO - Filling up the DagBag from /home/shamim/airflow_git/Airflow_project/air_venv/lib/python3.12/site-packages/airflow/example_dags/example_xcom.py
[2025-02-11T09:04:30.018+0600] {processor.py:925} INFO - DAG(s) 'example_xcom' retrieved from /home/shamim/airflow_git/Airflow_project/air_venv/lib/python3.12/site-packages/airflow/example_dags/example_xcom.py
[2025-02-11T09:04:30.037+0600] {logging_mixin.py:190} INFO - [2025-02-11T09:04:30.037+0600] {dag.py:3239} INFO - Sync 1 DAGs
[2025-02-11T09:04:30.062+0600] {logging_mixin.py:190} INFO - [2025-02-11T09:04:30.061+0600] {dag.py:4180} INFO - Setting next_dagrun for example_xcom to 2021-01-01 00:00:00+00:00, run_after=2021-01-01 00:00:00+00:00
[2025-02-11T09:04:30.086+0600] {processor.py:208} INFO - Processing /home/shamim/airflow_git/Airflow_project/air_venv/lib/python3.12/site-packages/airflow/example_dags/example_xcom.py took 0.096 seconds
[2025-02-11T09:05:48.327+0600] {processor.py:186} INFO - Started process (PID=7294) to work on /home/shamim/airflow_git/Airflow_project/air_venv/lib/python3.12/site-packages/airflow/example_dags/example_xcom.py
[2025-02-11T09:05:48.337+0600] {processor.py:914} INFO - Processing file /home/shamim/airflow_git/Airflow_project/air_venv/lib/python3.12/site-packages/airflow/example_dags/example_xcom.py for tasks to queue
[2025-02-11T09:05:48.339+0600] {logging_mixin.py:190} INFO - [2025-02-11T09:05:48.339+0600] {dagbag.py:588} INFO - Filling up the DagBag from /home/shamim/airflow_git/Airflow_project/air_venv/lib/python3.12/site-packages/airflow/example_dags/example_xcom.py
[2025-02-11T09:05:48.350+0600] {processor.py:925} INFO - DAG(s) 'example_xcom' retrieved from /home/shamim/airflow_git/Airflow_project/air_venv/lib/python3.12/site-packages/airflow/example_dags/example_xcom.py
[2025-02-11T09:05:48.369+0600] {logging_mixin.py:190} INFO - [2025-02-11T09:05:48.369+0600] {dag.py:3239} INFO - Sync 1 DAGs
[2025-02-11T09:05:48.393+0600] {logging_mixin.py:190} INFO - [2025-02-11T09:05:48.393+0600] {dag.py:4180} INFO - Setting next_dagrun for example_xcom to 2021-01-01 00:00:00+00:00, run_after=2021-01-01 00:00:00+00:00
[2025-02-11T09:05:48.427+0600] {processor.py:208} INFO - Processing /home/shamim/airflow_git/Airflow_project/air_venv/lib/python3.12/site-packages/airflow/example_dags/example_xcom.py took 0.107 seconds
[2025-02-11T09:07:11.420+0600] {processor.py:186} INFO - Started process (PID=7712) to work on /home/shamim/airflow_git/Airflow_project/air_venv/lib/python3.12/site-packages/airflow/example_dags/example_xcom.py
[2025-02-11T09:07:11.429+0600] {processor.py:914} INFO - Processing file /home/shamim/airflow_git/Airflow_project/air_venv/lib/python3.12/site-packages/airflow/example_dags/example_xcom.py for tasks to queue
[2025-02-11T09:07:11.433+0600] {logging_mixin.py:190} INFO - [2025-02-11T09:07:11.431+0600] {dagbag.py:588} INFO - Filling up the DagBag from /home/shamim/airflow_git/Airflow_project/air_venv/lib/python3.12/site-packages/airflow/example_dags/example_xcom.py
[2025-02-11T09:07:11.465+0600] {processor.py:925} INFO - DAG(s) 'example_xcom' retrieved from /home/shamim/airflow_git/Airflow_project/air_venv/lib/python3.12/site-packages/airflow/example_dags/example_xcom.py
[2025-02-11T09:07:11.491+0600] {logging_mixin.py:190} INFO - [2025-02-11T09:07:11.491+0600] {dag.py:3239} INFO - Sync 1 DAGs
[2025-02-11T09:07:11.515+0600] {logging_mixin.py:190} INFO - [2025-02-11T09:07:11.515+0600] {dag.py:4180} INFO - Setting next_dagrun for example_xcom to 2021-01-01 00:00:00+00:00, run_after=2021-01-01 00:00:00+00:00
[2025-02-11T09:07:11.550+0600] {processor.py:208} INFO - Processing /home/shamim/airflow_git/Airflow_project/air_venv/lib/python3.12/site-packages/airflow/example_dags/example_xcom.py took 0.145 seconds
[2025-02-11T09:08:35.519+0600] {processor.py:186} INFO - Started process (PID=8245) to work on /home/shamim/airflow_git/Airflow_project/air_venv/lib/python3.12/site-packages/airflow/example_dags/example_xcom.py
[2025-02-11T09:08:35.525+0600] {processor.py:914} INFO - Processing file /home/shamim/airflow_git/Airflow_project/air_venv/lib/python3.12/site-packages/airflow/example_dags/example_xcom.py for tasks to queue
[2025-02-11T09:08:35.527+0600] {logging_mixin.py:190} INFO - [2025-02-11T09:08:35.526+0600] {dagbag.py:588} INFO - Filling up the DagBag from /home/shamim/airflow_git/Airflow_project/air_venv/lib/python3.12/site-packages/airflow/example_dags/example_xcom.py
[2025-02-11T09:08:35.540+0600] {processor.py:925} INFO - DAG(s) 'example_xcom' retrieved from /home/shamim/airflow_git/Airflow_project/air_venv/lib/python3.12/site-packages/airflow/example_dags/example_xcom.py
[2025-02-11T09:08:35.559+0600] {logging_mixin.py:190} INFO - [2025-02-11T09:08:35.559+0600] {dag.py:3239} INFO - Sync 1 DAGs
[2025-02-11T09:08:35.583+0600] {logging_mixin.py:190} INFO - [2025-02-11T09:08:35.583+0600] {dag.py:4180} INFO - Setting next_dagrun for example_xcom to 2021-01-01 00:00:00+00:00, run_after=2021-01-01 00:00:00+00:00
[2025-02-11T09:08:35.618+0600] {processor.py:208} INFO - Processing /home/shamim/airflow_git/Airflow_project/air_venv/lib/python3.12/site-packages/airflow/example_dags/example_xcom.py took 0.107 seconds
[2025-02-11T09:09:59.985+0600] {processor.py:186} INFO - Started process (PID=8747) to work on /home/shamim/airflow_git/Airflow_project/air_venv/lib/python3.12/site-packages/airflow/example_dags/example_xcom.py
[2025-02-11T09:09:59.991+0600] {processor.py:914} INFO - Processing file /home/shamim/airflow_git/Airflow_project/air_venv/lib/python3.12/site-packages/airflow/example_dags/example_xcom.py for tasks to queue
[2025-02-11T09:09:59.993+0600] {logging_mixin.py:190} INFO - [2025-02-11T09:09:59.992+0600] {dagbag.py:588} INFO - Filling up the DagBag from /home/shamim/airflow_git/Airflow_project/air_venv/lib/python3.12/site-packages/airflow/example_dags/example_xcom.py
[2025-02-11T09:10:00.007+0600] {processor.py:925} INFO - DAG(s) 'example_xcom' retrieved from /home/shamim/airflow_git/Airflow_project/air_venv/lib/python3.12/site-packages/airflow/example_dags/example_xcom.py
[2025-02-11T09:10:00.026+0600] {logging_mixin.py:190} INFO - [2025-02-11T09:10:00.026+0600] {dag.py:3239} INFO - Sync 1 DAGs
[2025-02-11T09:10:00.050+0600] {logging_mixin.py:190} INFO - [2025-02-11T09:10:00.049+0600] {dag.py:4180} INFO - Setting next_dagrun for example_xcom to 2021-01-01 00:00:00+00:00, run_after=2021-01-01 00:00:00+00:00
[2025-02-11T09:10:00.084+0600] {processor.py:208} INFO - Processing /home/shamim/airflow_git/Airflow_project/air_venv/lib/python3.12/site-packages/airflow/example_dags/example_xcom.py took 0.107 seconds
[2025-02-11T09:11:18.984+0600] {processor.py:186} INFO - Started process (PID=9221) to work on /home/shamim/airflow_git/Airflow_project/air_venv/lib/python3.12/site-packages/airflow/example_dags/example_xcom.py
[2025-02-11T09:11:19.000+0600] {processor.py:914} INFO - Processing file /home/shamim/airflow_git/Airflow_project/air_venv/lib/python3.12/site-packages/airflow/example_dags/example_xcom.py for tasks to queue
[2025-02-11T09:11:19.001+0600] {logging_mixin.py:190} INFO - [2025-02-11T09:11:19.001+0600] {dagbag.py:588} INFO - Filling up the DagBag from /home/shamim/airflow_git/Airflow_project/air_venv/lib/python3.12/site-packages/airflow/example_dags/example_xcom.py
[2025-02-11T09:11:19.014+0600] {processor.py:925} INFO - DAG(s) 'example_xcom' retrieved from /home/shamim/airflow_git/Airflow_project/air_venv/lib/python3.12/site-packages/airflow/example_dags/example_xcom.py
[2025-02-11T09:11:19.034+0600] {logging_mixin.py:190} INFO - [2025-02-11T09:11:19.034+0600] {dag.py:3239} INFO - Sync 1 DAGs
[2025-02-11T09:11:19.062+0600] {logging_mixin.py:190} INFO - [2025-02-11T09:11:19.062+0600] {dag.py:4180} INFO - Setting next_dagrun for example_xcom to 2021-01-01 00:00:00+00:00, run_after=2021-01-01 00:00:00+00:00
[2025-02-11T09:11:19.085+0600] {processor.py:208} INFO - Processing /home/shamim/airflow_git/Airflow_project/air_venv/lib/python3.12/site-packages/airflow/example_dags/example_xcom.py took 0.108 seconds
[2025-02-11T09:12:45.722+0600] {processor.py:186} INFO - Started process (PID=9787) to work on /home/shamim/airflow_git/Airflow_project/air_venv/lib/python3.12/site-packages/airflow/example_dags/example_xcom.py
[2025-02-11T09:12:45.728+0600] {processor.py:914} INFO - Processing file /home/shamim/airflow_git/Airflow_project/air_venv/lib/python3.12/site-packages/airflow/example_dags/example_xcom.py for tasks to queue
[2025-02-11T09:12:45.729+0600] {logging_mixin.py:190} INFO - [2025-02-11T09:12:45.729+0600] {dagbag.py:588} INFO - Filling up the DagBag from /home/shamim/airflow_git/Airflow_project/air_venv/lib/python3.12/site-packages/airflow/example_dags/example_xcom.py
[2025-02-11T09:12:45.742+0600] {processor.py:925} INFO - DAG(s) 'example_xcom' retrieved from /home/shamim/airflow_git/Airflow_project/air_venv/lib/python3.12/site-packages/airflow/example_dags/example_xcom.py
[2025-02-11T09:12:45.765+0600] {logging_mixin.py:190} INFO - [2025-02-11T09:12:45.764+0600] {dag.py:3239} INFO - Sync 1 DAGs
[2025-02-11T09:12:45.796+0600] {logging_mixin.py:190} INFO - [2025-02-11T09:12:45.796+0600] {dag.py:4180} INFO - Setting next_dagrun for example_xcom to 2021-01-01 00:00:00+00:00, run_after=2021-01-01 00:00:00+00:00
[2025-02-11T09:12:45.820+0600] {processor.py:208} INFO - Processing /home/shamim/airflow_git/Airflow_project/air_venv/lib/python3.12/site-packages/airflow/example_dags/example_xcom.py took 0.105 seconds
