[2025-02-11T08:59:16.709+0600] {processor.py:186} INFO - Started process (PID=5599) to work on /home/shamim/airflow_git/Airflow_project/air_venv/lib/python3.12/site-packages/airflow/example_dags/example_workday_timetable.py
[2025-02-11T08:59:16.710+0600] {processor.py:914} INFO - Processing file /home/shamim/airflow_git/Airflow_project/air_venv/lib/python3.12/site-packages/airflow/example_dags/example_workday_timetable.py for tasks to queue
[2025-02-11T08:59:16.714+0600] {logging_mixin.py:190} INFO - [2025-02-11T08:59:16.713+0600] {dagbag.py:588} INFO - Filling up the DagBag from /home/shamim/airflow_git/Airflow_project/air_venv/lib/python3.12/site-packages/airflow/example_dags/example_workday_timetable.py
[2025-02-11T08:59:16.724+0600] {processor.py:925} INFO - DAG(s) 'example_workday_timetable' retrieved from /home/shamim/airflow_git/Airflow_project/air_venv/lib/python3.12/site-packages/airflow/example_dags/example_workday_timetable.py
[2025-02-11T08:59:16.748+0600] {logging_mixin.py:190} INFO - [2025-02-11T08:59:16.748+0600] {dag.py:3239} INFO - Sync 1 DAGs
[2025-02-11T08:59:16.841+0600] {logging_mixin.py:190} INFO - [2025-02-11T08:59:16.841+0600] {dag.py:4180} INFO - Setting next_dagrun for example_workday_timetable to 2021-01-04 00:00:00+00:00, run_after=2021-01-05 00:00:00+00:00
[2025-02-11T08:59:16.864+0600] {processor.py:208} INFO - Processing /home/shamim/airflow_git/Airflow_project/air_venv/lib/python3.12/site-packages/airflow/example_dags/example_workday_timetable.py took 0.167 seconds
[2025-02-11T09:00:24.897+0600] {processor.py:186} INFO - Started process (PID=5791) to work on /home/shamim/airflow_git/Airflow_project/air_venv/lib/python3.12/site-packages/airflow/example_dags/example_workday_timetable.py
[2025-02-11T09:00:24.904+0600] {processor.py:914} INFO - Processing file /home/shamim/airflow_git/Airflow_project/air_venv/lib/python3.12/site-packages/airflow/example_dags/example_workday_timetable.py for tasks to queue
[2025-02-11T09:00:24.907+0600] {logging_mixin.py:190} INFO - [2025-02-11T09:00:24.907+0600] {dagbag.py:588} INFO - Filling up the DagBag from /home/shamim/airflow_git/Airflow_project/air_venv/lib/python3.12/site-packages/airflow/example_dags/example_workday_timetable.py
[2025-02-11T09:00:24.916+0600] {processor.py:925} INFO - DAG(s) 'example_workday_timetable' retrieved from /home/shamim/airflow_git/Airflow_project/air_venv/lib/python3.12/site-packages/airflow/example_dags/example_workday_timetable.py
[2025-02-11T09:00:24.934+0600] {logging_mixin.py:190} INFO - [2025-02-11T09:00:24.933+0600] {dag.py:3239} INFO - Sync 1 DAGs
[2025-02-11T09:00:25.018+0600] {logging_mixin.py:190} INFO - [2025-02-11T09:00:25.018+0600] {dag.py:4180} INFO - Setting next_dagrun for example_workday_timetable to 2021-01-04 00:00:00+00:00, run_after=2021-01-05 00:00:00+00:00
[2025-02-11T09:00:25.056+0600] {processor.py:208} INFO - Processing /home/shamim/airflow_git/Airflow_project/air_venv/lib/python3.12/site-packages/airflow/example_dags/example_workday_timetable.py took 0.167 seconds
[2025-02-11T09:01:52.331+0600] {processor.py:186} INFO - Started process (PID=6164) to work on /home/shamim/airflow_git/Airflow_project/air_venv/lib/python3.12/site-packages/airflow/example_dags/example_workday_timetable.py
[2025-02-11T09:01:52.333+0600] {processor.py:914} INFO - Processing file /home/shamim/airflow_git/Airflow_project/air_venv/lib/python3.12/site-packages/airflow/example_dags/example_workday_timetable.py for tasks to queue
[2025-02-11T09:01:52.338+0600] {logging_mixin.py:190} INFO - [2025-02-11T09:01:52.337+0600] {dagbag.py:588} INFO - Filling up the DagBag from /home/shamim/airflow_git/Airflow_project/air_venv/lib/python3.12/site-packages/airflow/example_dags/example_workday_timetable.py
[2025-02-11T09:01:52.348+0600] {processor.py:925} INFO - DAG(s) 'example_workday_timetable' retrieved from /home/shamim/airflow_git/Airflow_project/air_venv/lib/python3.12/site-packages/airflow/example_dags/example_workday_timetable.py
[2025-02-11T09:01:52.375+0600] {logging_mixin.py:190} INFO - [2025-02-11T09:01:52.375+0600] {dag.py:3239} INFO - Sync 1 DAGs
[2025-02-11T09:01:52.511+0600] {logging_mixin.py:190} INFO - [2025-02-11T09:01:52.511+0600] {dag.py:4180} INFO - Setting next_dagrun for example_workday_timetable to 2021-01-04 00:00:00+00:00, run_after=2021-01-05 00:00:00+00:00
[2025-02-11T09:01:52.550+0600] {processor.py:208} INFO - Processing /home/shamim/airflow_git/Airflow_project/air_venv/lib/python3.12/site-packages/airflow/example_dags/example_workday_timetable.py took 0.230 seconds
[2025-02-11T09:03:15.210+0600] {processor.py:186} INFO - Started process (PID=6641) to work on /home/shamim/airflow_git/Airflow_project/air_venv/lib/python3.12/site-packages/airflow/example_dags/example_workday_timetable.py
[2025-02-11T09:03:15.216+0600] {processor.py:914} INFO - Processing file /home/shamim/airflow_git/Airflow_project/air_venv/lib/python3.12/site-packages/airflow/example_dags/example_workday_timetable.py for tasks to queue
[2025-02-11T09:03:15.223+0600] {logging_mixin.py:190} INFO - [2025-02-11T09:03:15.221+0600] {dagbag.py:588} INFO - Filling up the DagBag from /home/shamim/airflow_git/Airflow_project/air_venv/lib/python3.12/site-packages/airflow/example_dags/example_workday_timetable.py
[2025-02-11T09:03:15.233+0600] {processor.py:925} INFO - DAG(s) 'example_workday_timetable' retrieved from /home/shamim/airflow_git/Airflow_project/air_venv/lib/python3.12/site-packages/airflow/example_dags/example_workday_timetable.py
[2025-02-11T09:03:15.266+0600] {logging_mixin.py:190} INFO - [2025-02-11T09:03:15.266+0600] {dag.py:3239} INFO - Sync 1 DAGs
[2025-02-11T09:03:15.448+0600] {logging_mixin.py:190} INFO - [2025-02-11T09:03:15.448+0600] {dag.py:4180} INFO - Setting next_dagrun for example_workday_timetable to 2021-01-04 00:00:00+00:00, run_after=2021-01-05 00:00:00+00:00
[2025-02-11T09:03:15.499+0600] {processor.py:208} INFO - Processing /home/shamim/airflow_git/Airflow_project/air_venv/lib/python3.12/site-packages/airflow/example_dags/example_workday_timetable.py took 0.299 seconds
[2025-02-11T09:04:32.330+0600] {processor.py:186} INFO - Started process (PID=6936) to work on /home/shamim/airflow_git/Airflow_project/air_venv/lib/python3.12/site-packages/airflow/example_dags/example_workday_timetable.py
[2025-02-11T09:04:32.336+0600] {processor.py:914} INFO - Processing file /home/shamim/airflow_git/Airflow_project/air_venv/lib/python3.12/site-packages/airflow/example_dags/example_workday_timetable.py for tasks to queue
[2025-02-11T09:04:32.338+0600] {logging_mixin.py:190} INFO - [2025-02-11T09:04:32.338+0600] {dagbag.py:588} INFO - Filling up the DagBag from /home/shamim/airflow_git/Airflow_project/air_venv/lib/python3.12/site-packages/airflow/example_dags/example_workday_timetable.py
[2025-02-11T09:04:32.348+0600] {processor.py:925} INFO - DAG(s) 'example_workday_timetable' retrieved from /home/shamim/airflow_git/Airflow_project/air_venv/lib/python3.12/site-packages/airflow/example_dags/example_workday_timetable.py
[2025-02-11T09:04:32.368+0600] {logging_mixin.py:190} INFO - [2025-02-11T09:04:32.368+0600] {dag.py:3239} INFO - Sync 1 DAGs
[2025-02-11T09:04:32.442+0600] {logging_mixin.py:190} INFO - [2025-02-11T09:04:32.442+0600] {dag.py:4180} INFO - Setting next_dagrun for example_workday_timetable to 2021-01-04 00:00:00+00:00, run_after=2021-01-05 00:00:00+00:00
[2025-02-11T09:04:32.467+0600] {processor.py:208} INFO - Processing /home/shamim/airflow_git/Airflow_project/air_venv/lib/python3.12/site-packages/airflow/example_dags/example_workday_timetable.py took 0.147 seconds
[2025-02-11T09:05:50.916+0600] {processor.py:186} INFO - Started process (PID=7298) to work on /home/shamim/airflow_git/Airflow_project/air_venv/lib/python3.12/site-packages/airflow/example_dags/example_workday_timetable.py
[2025-02-11T09:05:50.922+0600] {processor.py:914} INFO - Processing file /home/shamim/airflow_git/Airflow_project/air_venv/lib/python3.12/site-packages/airflow/example_dags/example_workday_timetable.py for tasks to queue
[2025-02-11T09:05:50.924+0600] {logging_mixin.py:190} INFO - [2025-02-11T09:05:50.924+0600] {dagbag.py:588} INFO - Filling up the DagBag from /home/shamim/airflow_git/Airflow_project/air_venv/lib/python3.12/site-packages/airflow/example_dags/example_workday_timetable.py
[2025-02-11T09:05:50.934+0600] {processor.py:925} INFO - DAG(s) 'example_workday_timetable' retrieved from /home/shamim/airflow_git/Airflow_project/air_venv/lib/python3.12/site-packages/airflow/example_dags/example_workday_timetable.py
[2025-02-11T09:05:50.953+0600] {logging_mixin.py:190} INFO - [2025-02-11T09:05:50.953+0600] {dag.py:3239} INFO - Sync 1 DAGs
[2025-02-11T09:05:51.028+0600] {logging_mixin.py:190} INFO - [2025-02-11T09:05:51.028+0600] {dag.py:4180} INFO - Setting next_dagrun for example_workday_timetable to 2021-01-04 00:00:00+00:00, run_after=2021-01-05 00:00:00+00:00
[2025-02-11T09:05:51.064+0600] {processor.py:208} INFO - Processing /home/shamim/airflow_git/Airflow_project/air_venv/lib/python3.12/site-packages/airflow/example_dags/example_workday_timetable.py took 0.158 seconds
[2025-02-11T09:07:13.998+0600] {processor.py:186} INFO - Started process (PID=7716) to work on /home/shamim/airflow_git/Airflow_project/air_venv/lib/python3.12/site-packages/airflow/example_dags/example_workday_timetable.py
[2025-02-11T09:07:14.004+0600] {processor.py:914} INFO - Processing file /home/shamim/airflow_git/Airflow_project/air_venv/lib/python3.12/site-packages/airflow/example_dags/example_workday_timetable.py for tasks to queue
[2025-02-11T09:07:14.006+0600] {logging_mixin.py:190} INFO - [2025-02-11T09:07:14.005+0600] {dagbag.py:588} INFO - Filling up the DagBag from /home/shamim/airflow_git/Airflow_project/air_venv/lib/python3.12/site-packages/airflow/example_dags/example_workday_timetable.py
[2025-02-11T09:07:14.013+0600] {processor.py:925} INFO - DAG(s) 'example_workday_timetable' retrieved from /home/shamim/airflow_git/Airflow_project/air_venv/lib/python3.12/site-packages/airflow/example_dags/example_workday_timetable.py
[2025-02-11T09:07:14.030+0600] {logging_mixin.py:190} INFO - [2025-02-11T09:07:14.030+0600] {dag.py:3239} INFO - Sync 1 DAGs
[2025-02-11T09:07:14.103+0600] {logging_mixin.py:190} INFO - [2025-02-11T09:07:14.103+0600] {dag.py:4180} INFO - Setting next_dagrun for example_workday_timetable to 2021-01-04 00:00:00+00:00, run_after=2021-01-05 00:00:00+00:00
[2025-02-11T09:07:14.138+0600] {processor.py:208} INFO - Processing /home/shamim/airflow_git/Airflow_project/air_venv/lib/python3.12/site-packages/airflow/example_dags/example_workday_timetable.py took 0.147 seconds
[2025-02-11T09:08:38.105+0600] {processor.py:186} INFO - Started process (PID=8248) to work on /home/shamim/airflow_git/Airflow_project/air_venv/lib/python3.12/site-packages/airflow/example_dags/example_workday_timetable.py
[2025-02-11T09:08:38.111+0600] {processor.py:914} INFO - Processing file /home/shamim/airflow_git/Airflow_project/air_venv/lib/python3.12/site-packages/airflow/example_dags/example_workday_timetable.py for tasks to queue
[2025-02-11T09:08:38.113+0600] {logging_mixin.py:190} INFO - [2025-02-11T09:08:38.113+0600] {dagbag.py:588} INFO - Filling up the DagBag from /home/shamim/airflow_git/Airflow_project/air_venv/lib/python3.12/site-packages/airflow/example_dags/example_workday_timetable.py
[2025-02-11T09:08:38.120+0600] {processor.py:925} INFO - DAG(s) 'example_workday_timetable' retrieved from /home/shamim/airflow_git/Airflow_project/air_venv/lib/python3.12/site-packages/airflow/example_dags/example_workday_timetable.py
[2025-02-11T09:08:38.139+0600] {logging_mixin.py:190} INFO - [2025-02-11T09:08:38.139+0600] {dag.py:3239} INFO - Sync 1 DAGs
[2025-02-11T09:08:38.225+0600] {logging_mixin.py:190} INFO - [2025-02-11T09:08:38.225+0600] {dag.py:4180} INFO - Setting next_dagrun for example_workday_timetable to 2021-01-04 00:00:00+00:00, run_after=2021-01-05 00:00:00+00:00
[2025-02-11T09:08:38.266+0600] {processor.py:208} INFO - Processing /home/shamim/airflow_git/Airflow_project/air_venv/lib/python3.12/site-packages/airflow/example_dags/example_workday_timetable.py took 0.174 seconds
[2025-02-11T09:10:01.806+0600] {processor.py:186} INFO - Started process (PID=8753) to work on /home/shamim/airflow_git/Airflow_project/air_venv/lib/python3.12/site-packages/airflow/example_dags/example_workday_timetable.py
[2025-02-11T09:10:01.813+0600] {processor.py:914} INFO - Processing file /home/shamim/airflow_git/Airflow_project/air_venv/lib/python3.12/site-packages/airflow/example_dags/example_workday_timetable.py for tasks to queue
[2025-02-11T09:10:01.817+0600] {logging_mixin.py:190} INFO - [2025-02-11T09:10:01.816+0600] {dagbag.py:588} INFO - Filling up the DagBag from /home/shamim/airflow_git/Airflow_project/air_venv/lib/python3.12/site-packages/airflow/example_dags/example_workday_timetable.py
[2025-02-11T09:10:01.830+0600] {processor.py:925} INFO - DAG(s) 'example_workday_timetable' retrieved from /home/shamim/airflow_git/Airflow_project/air_venv/lib/python3.12/site-packages/airflow/example_dags/example_workday_timetable.py
[2025-02-11T09:10:01.851+0600] {logging_mixin.py:190} INFO - [2025-02-11T09:10:01.851+0600] {dag.py:3239} INFO - Sync 1 DAGs
[2025-02-11T09:10:01.933+0600] {logging_mixin.py:190} INFO - [2025-02-11T09:10:01.932+0600] {dag.py:4180} INFO - Setting next_dagrun for example_workday_timetable to 2021-01-04 00:00:00+00:00, run_after=2021-01-05 00:00:00+00:00
[2025-02-11T09:10:01.967+0600] {processor.py:208} INFO - Processing /home/shamim/airflow_git/Airflow_project/air_venv/lib/python3.12/site-packages/airflow/example_dags/example_workday_timetable.py took 0.184 seconds
[2025-02-11T09:11:20.966+0600] {processor.py:186} INFO - Started process (PID=9247) to work on /home/shamim/airflow_git/Airflow_project/air_venv/lib/python3.12/site-packages/airflow/example_dags/example_workday_timetable.py
[2025-02-11T09:11:20.981+0600] {processor.py:914} INFO - Processing file /home/shamim/airflow_git/Airflow_project/air_venv/lib/python3.12/site-packages/airflow/example_dags/example_workday_timetable.py for tasks to queue
[2025-02-11T09:11:20.983+0600] {logging_mixin.py:190} INFO - [2025-02-11T09:11:20.982+0600] {dagbag.py:588} INFO - Filling up the DagBag from /home/shamim/airflow_git/Airflow_project/air_venv/lib/python3.12/site-packages/airflow/example_dags/example_workday_timetable.py
[2025-02-11T09:11:20.990+0600] {processor.py:925} INFO - DAG(s) 'example_workday_timetable' retrieved from /home/shamim/airflow_git/Airflow_project/air_venv/lib/python3.12/site-packages/airflow/example_dags/example_workday_timetable.py
[2025-02-11T09:11:21.009+0600] {logging_mixin.py:190} INFO - [2025-02-11T09:11:21.009+0600] {dag.py:3239} INFO - Sync 1 DAGs
[2025-02-11T09:11:21.094+0600] {logging_mixin.py:190} INFO - [2025-02-11T09:11:21.094+0600] {dag.py:4180} INFO - Setting next_dagrun for example_workday_timetable to 2021-01-04 00:00:00+00:00, run_after=2021-01-05 00:00:00+00:00
[2025-02-11T09:11:21.118+0600] {processor.py:208} INFO - Processing /home/shamim/airflow_git/Airflow_project/air_venv/lib/python3.12/site-packages/airflow/example_dags/example_workday_timetable.py took 0.159 seconds
[2025-02-11T09:12:47.497+0600] {processor.py:186} INFO - Started process (PID=9815) to work on /home/shamim/airflow_git/Airflow_project/air_venv/lib/python3.12/site-packages/airflow/example_dags/example_workday_timetable.py
[2025-02-11T09:12:47.504+0600] {processor.py:914} INFO - Processing file /home/shamim/airflow_git/Airflow_project/air_venv/lib/python3.12/site-packages/airflow/example_dags/example_workday_timetable.py for tasks to queue
[2025-02-11T09:12:47.506+0600] {logging_mixin.py:190} INFO - [2025-02-11T09:12:47.505+0600] {dagbag.py:588} INFO - Filling up the DagBag from /home/shamim/airflow_git/Airflow_project/air_venv/lib/python3.12/site-packages/airflow/example_dags/example_workday_timetable.py
[2025-02-11T09:12:47.516+0600] {processor.py:925} INFO - DAG(s) 'example_workday_timetable' retrieved from /home/shamim/airflow_git/Airflow_project/air_venv/lib/python3.12/site-packages/airflow/example_dags/example_workday_timetable.py
[2025-02-11T09:12:47.537+0600] {logging_mixin.py:190} INFO - [2025-02-11T09:12:47.537+0600] {dag.py:3239} INFO - Sync 1 DAGs
[2025-02-11T09:12:47.626+0600] {logging_mixin.py:190} INFO - [2025-02-11T09:12:47.625+0600] {dag.py:4180} INFO - Setting next_dagrun for example_workday_timetable to 2021-01-04 00:00:00+00:00, run_after=2021-01-05 00:00:00+00:00
[2025-02-11T09:12:47.648+0600] {processor.py:208} INFO - Processing /home/shamim/airflow_git/Airflow_project/air_venv/lib/python3.12/site-packages/airflow/example_dags/example_workday_timetable.py took 0.161 seconds
