[2025-02-11T08:59:43.785+0600] {processor.py:186} INFO - Started process (PID=5673) to work on /home/shamim/airflow_git/Airflow_project/air_venv/lib/python3.12/site-packages/airflow/example_dags/example_latest_only.py
[2025-02-11T08:59:43.788+0600] {processor.py:914} INFO - Processing file /home/shamim/airflow_git/Airflow_project/air_venv/lib/python3.12/site-packages/airflow/example_dags/example_latest_only.py for tasks to queue
[2025-02-11T08:59:43.795+0600] {logging_mixin.py:190} INFO - [2025-02-11T08:59:43.794+0600] {dagbag.py:588} INFO - Filling up the DagBag from /home/shamim/airflow_git/Airflow_project/air_venv/lib/python3.12/site-packages/airflow/example_dags/example_latest_only.py
[2025-02-11T08:59:43.819+0600] {processor.py:925} INFO - DAG(s) 'latest_only' retrieved from /home/shamim/airflow_git/Airflow_project/air_venv/lib/python3.12/site-packages/airflow/example_dags/example_latest_only.py
[2025-02-11T08:59:43.844+0600] {logging_mixin.py:190} INFO - [2025-02-11T08:59:43.843+0600] {dag.py:3239} INFO - Sync 1 DAGs
[2025-02-11T08:59:43.874+0600] {logging_mixin.py:190} INFO - [2025-02-11T08:59:43.874+0600] {dag.py:4180} INFO - Setting next_dagrun for latest_only to 2025-02-10 20:00:00+00:00, run_after=2025-02-11 00:00:00+00:00
[2025-02-11T08:59:43.907+0600] {processor.py:208} INFO - Processing /home/shamim/airflow_git/Airflow_project/air_venv/lib/python3.12/site-packages/airflow/example_dags/example_latest_only.py took 0.145 seconds
[2025-02-11T09:01:07.227+0600] {processor.py:186} INFO - Started process (PID=5929) to work on /home/shamim/airflow_git/Airflow_project/air_venv/lib/python3.12/site-packages/airflow/example_dags/example_latest_only.py
[2025-02-11T09:01:08.105+0600] {processor.py:914} INFO - Processing file /home/shamim/airflow_git/Airflow_project/air_venv/lib/python3.12/site-packages/airflow/example_dags/example_latest_only.py for tasks to queue
[2025-02-11T09:01:08.113+0600] {logging_mixin.py:190} INFO - [2025-02-11T09:01:08.112+0600] {dagbag.py:588} INFO - Filling up the DagBag from /home/shamim/airflow_git/Airflow_project/air_venv/lib/python3.12/site-packages/airflow/example_dags/example_latest_only.py
[2025-02-11T09:01:08.135+0600] {processor.py:925} INFO - DAG(s) 'latest_only' retrieved from /home/shamim/airflow_git/Airflow_project/air_venv/lib/python3.12/site-packages/airflow/example_dags/example_latest_only.py
[2025-02-11T09:01:08.153+0600] {logging_mixin.py:190} INFO - [2025-02-11T09:01:08.153+0600] {dag.py:3239} INFO - Sync 1 DAGs
[2025-02-11T09:01:08.176+0600] {logging_mixin.py:190} INFO - [2025-02-11T09:01:08.176+0600] {dag.py:4180} INFO - Setting next_dagrun for latest_only to 2025-02-10 20:00:00+00:00, run_after=2025-02-11 00:00:00+00:00
[2025-02-11T09:01:08.198+0600] {processor.py:208} INFO - Processing /home/shamim/airflow_git/Airflow_project/air_venv/lib/python3.12/site-packages/airflow/example_dags/example_latest_only.py took 0.991 seconds
[2025-02-11T09:02:32.144+0600] {processor.py:186} INFO - Started process (PID=6362) to work on /home/shamim/airflow_git/Airflow_project/air_venv/lib/python3.12/site-packages/airflow/example_dags/example_latest_only.py
[2025-02-11T09:02:32.151+0600] {processor.py:914} INFO - Processing file /home/shamim/airflow_git/Airflow_project/air_venv/lib/python3.12/site-packages/airflow/example_dags/example_latest_only.py for tasks to queue
[2025-02-11T09:02:32.154+0600] {logging_mixin.py:190} INFO - [2025-02-11T09:02:32.153+0600] {dagbag.py:588} INFO - Filling up the DagBag from /home/shamim/airflow_git/Airflow_project/air_venv/lib/python3.12/site-packages/airflow/example_dags/example_latest_only.py
[2025-02-11T09:02:32.167+0600] {processor.py:925} INFO - DAG(s) 'latest_only' retrieved from /home/shamim/airflow_git/Airflow_project/air_venv/lib/python3.12/site-packages/airflow/example_dags/example_latest_only.py
[2025-02-11T09:02:32.192+0600] {logging_mixin.py:190} INFO - [2025-02-11T09:02:32.191+0600] {dag.py:3239} INFO - Sync 1 DAGs
[2025-02-11T09:02:32.225+0600] {logging_mixin.py:190} INFO - [2025-02-11T09:02:32.225+0600] {dag.py:4180} INFO - Setting next_dagrun for latest_only to 2025-02-10 20:00:00+00:00, run_after=2025-02-11 00:00:00+00:00
[2025-02-11T09:02:32.282+0600] {processor.py:208} INFO - Processing /home/shamim/airflow_git/Airflow_project/air_venv/lib/python3.12/site-packages/airflow/example_dags/example_latest_only.py took 0.149 seconds
[2025-02-11T09:03:57.993+0600] {processor.py:186} INFO - Started process (PID=6839) to work on /home/shamim/airflow_git/Airflow_project/air_venv/lib/python3.12/site-packages/airflow/example_dags/example_latest_only.py
[2025-02-11T09:03:57.998+0600] {processor.py:914} INFO - Processing file /home/shamim/airflow_git/Airflow_project/air_venv/lib/python3.12/site-packages/airflow/example_dags/example_latest_only.py for tasks to queue
[2025-02-11T09:03:58.000+0600] {logging_mixin.py:190} INFO - [2025-02-11T09:03:58.000+0600] {dagbag.py:588} INFO - Filling up the DagBag from /home/shamim/airflow_git/Airflow_project/air_venv/lib/python3.12/site-packages/airflow/example_dags/example_latest_only.py
[2025-02-11T09:03:58.010+0600] {processor.py:925} INFO - DAG(s) 'latest_only' retrieved from /home/shamim/airflow_git/Airflow_project/air_venv/lib/python3.12/site-packages/airflow/example_dags/example_latest_only.py
[2025-02-11T09:03:58.030+0600] {logging_mixin.py:190} INFO - [2025-02-11T09:03:58.029+0600] {dag.py:3239} INFO - Sync 1 DAGs
[2025-02-11T09:03:58.056+0600] {logging_mixin.py:190} INFO - [2025-02-11T09:03:58.056+0600] {dag.py:4180} INFO - Setting next_dagrun for latest_only to 2025-02-10 20:00:00+00:00, run_after=2025-02-11 00:00:00+00:00
[2025-02-11T09:03:58.080+0600] {processor.py:208} INFO - Processing /home/shamim/airflow_git/Airflow_project/air_venv/lib/python3.12/site-packages/airflow/example_dags/example_latest_only.py took 0.094 seconds
[2025-02-11T09:05:12.864+0600] {processor.py:186} INFO - Started process (PID=7142) to work on /home/shamim/airflow_git/Airflow_project/air_venv/lib/python3.12/site-packages/airflow/example_dags/example_latest_only.py
[2025-02-11T09:05:12.870+0600] {processor.py:914} INFO - Processing file /home/shamim/airflow_git/Airflow_project/air_venv/lib/python3.12/site-packages/airflow/example_dags/example_latest_only.py for tasks to queue
[2025-02-11T09:05:12.872+0600] {logging_mixin.py:190} INFO - [2025-02-11T09:05:12.872+0600] {dagbag.py:588} INFO - Filling up the DagBag from /home/shamim/airflow_git/Airflow_project/air_venv/lib/python3.12/site-packages/airflow/example_dags/example_latest_only.py
[2025-02-11T09:05:12.886+0600] {processor.py:925} INFO - DAG(s) 'latest_only' retrieved from /home/shamim/airflow_git/Airflow_project/air_venv/lib/python3.12/site-packages/airflow/example_dags/example_latest_only.py
[2025-02-11T09:05:12.903+0600] {logging_mixin.py:190} INFO - [2025-02-11T09:05:12.903+0600] {dag.py:3239} INFO - Sync 1 DAGs
[2025-02-11T09:05:12.927+0600] {logging_mixin.py:190} INFO - [2025-02-11T09:05:12.927+0600] {dag.py:4180} INFO - Setting next_dagrun for latest_only to 2025-02-10 20:00:00+00:00, run_after=2025-02-11 00:00:00+00:00
[2025-02-11T09:05:12.957+0600] {processor.py:208} INFO - Processing /home/shamim/airflow_git/Airflow_project/air_venv/lib/python3.12/site-packages/airflow/example_dags/example_latest_only.py took 0.103 seconds
[2025-02-11T09:06:32.979+0600] {processor.py:186} INFO - Started process (PID=7501) to work on /home/shamim/airflow_git/Airflow_project/air_venv/lib/python3.12/site-packages/airflow/example_dags/example_latest_only.py
[2025-02-11T09:06:32.995+0600] {processor.py:914} INFO - Processing file /home/shamim/airflow_git/Airflow_project/air_venv/lib/python3.12/site-packages/airflow/example_dags/example_latest_only.py for tasks to queue
[2025-02-11T09:06:32.997+0600] {logging_mixin.py:190} INFO - [2025-02-11T09:06:32.996+0600] {dagbag.py:588} INFO - Filling up the DagBag from /home/shamim/airflow_git/Airflow_project/air_venv/lib/python3.12/site-packages/airflow/example_dags/example_latest_only.py
[2025-02-11T09:06:33.006+0600] {processor.py:925} INFO - DAG(s) 'latest_only' retrieved from /home/shamim/airflow_git/Airflow_project/air_venv/lib/python3.12/site-packages/airflow/example_dags/example_latest_only.py
[2025-02-11T09:06:33.024+0600] {logging_mixin.py:190} INFO - [2025-02-11T09:06:33.024+0600] {dag.py:3239} INFO - Sync 1 DAGs
[2025-02-11T09:06:33.052+0600] {logging_mixin.py:190} INFO - [2025-02-11T09:06:33.052+0600] {dag.py:4180} INFO - Setting next_dagrun for latest_only to 2025-02-10 20:00:00+00:00, run_after=2025-02-11 00:00:00+00:00
[2025-02-11T09:06:33.080+0600] {processor.py:208} INFO - Processing /home/shamim/airflow_git/Airflow_project/air_venv/lib/python3.12/site-packages/airflow/example_dags/example_latest_only.py took 0.108 seconds
[2025-02-11T09:07:56.567+0600] {processor.py:186} INFO - Started process (PID=8013) to work on /home/shamim/airflow_git/Airflow_project/air_venv/lib/python3.12/site-packages/airflow/example_dags/example_latest_only.py
[2025-02-11T09:07:56.583+0600] {processor.py:914} INFO - Processing file /home/shamim/airflow_git/Airflow_project/air_venv/lib/python3.12/site-packages/airflow/example_dags/example_latest_only.py for tasks to queue
[2025-02-11T09:07:56.584+0600] {logging_mixin.py:190} INFO - [2025-02-11T09:07:56.584+0600] {dagbag.py:588} INFO - Filling up the DagBag from /home/shamim/airflow_git/Airflow_project/air_venv/lib/python3.12/site-packages/airflow/example_dags/example_latest_only.py
[2025-02-11T09:07:56.595+0600] {processor.py:925} INFO - DAG(s) 'latest_only' retrieved from /home/shamim/airflow_git/Airflow_project/air_venv/lib/python3.12/site-packages/airflow/example_dags/example_latest_only.py
[2025-02-11T09:07:56.616+0600] {logging_mixin.py:190} INFO - [2025-02-11T09:07:56.616+0600] {dag.py:3239} INFO - Sync 1 DAGs
[2025-02-11T09:07:56.643+0600] {logging_mixin.py:190} INFO - [2025-02-11T09:07:56.643+0600] {dag.py:4180} INFO - Setting next_dagrun for latest_only to 2025-02-10 20:00:00+00:00, run_after=2025-02-11 00:00:00+00:00
[2025-02-11T09:07:56.671+0600] {processor.py:208} INFO - Processing /home/shamim/airflow_git/Airflow_project/air_venv/lib/python3.12/site-packages/airflow/example_dags/example_latest_only.py took 0.113 seconds
[2025-02-11T09:09:23.612+0600] {processor.py:186} INFO - Started process (PID=8539) to work on /home/shamim/airflow_git/Airflow_project/air_venv/lib/python3.12/site-packages/airflow/example_dags/example_latest_only.py
[2025-02-11T09:09:23.618+0600] {processor.py:914} INFO - Processing file /home/shamim/airflow_git/Airflow_project/air_venv/lib/python3.12/site-packages/airflow/example_dags/example_latest_only.py for tasks to queue
[2025-02-11T09:09:23.620+0600] {logging_mixin.py:190} INFO - [2025-02-11T09:09:23.619+0600] {dagbag.py:588} INFO - Filling up the DagBag from /home/shamim/airflow_git/Airflow_project/air_venv/lib/python3.12/site-packages/airflow/example_dags/example_latest_only.py
[2025-02-11T09:09:23.630+0600] {processor.py:925} INFO - DAG(s) 'latest_only' retrieved from /home/shamim/airflow_git/Airflow_project/air_venv/lib/python3.12/site-packages/airflow/example_dags/example_latest_only.py
[2025-02-11T09:09:23.649+0600] {logging_mixin.py:190} INFO - [2025-02-11T09:09:23.648+0600] {dag.py:3239} INFO - Sync 1 DAGs
[2025-02-11T09:09:23.675+0600] {logging_mixin.py:190} INFO - [2025-02-11T09:09:23.675+0600] {dag.py:4180} INFO - Setting next_dagrun for latest_only to 2025-02-10 20:00:00+00:00, run_after=2025-02-11 00:00:00+00:00
[2025-02-11T09:09:23.712+0600] {processor.py:208} INFO - Processing /home/shamim/airflow_git/Airflow_project/air_venv/lib/python3.12/site-packages/airflow/example_dags/example_latest_only.py took 0.107 seconds
[2025-02-11T09:10:44.264+0600] {processor.py:186} INFO - Started process (PID=9016) to work on /home/shamim/airflow_git/Airflow_project/air_venv/lib/python3.12/site-packages/airflow/example_dags/example_latest_only.py
[2025-02-11T09:10:44.270+0600] {processor.py:914} INFO - Processing file /home/shamim/airflow_git/Airflow_project/air_venv/lib/python3.12/site-packages/airflow/example_dags/example_latest_only.py for tasks to queue
[2025-02-11T09:10:44.272+0600] {logging_mixin.py:190} INFO - [2025-02-11T09:10:44.271+0600] {dagbag.py:588} INFO - Filling up the DagBag from /home/shamim/airflow_git/Airflow_project/air_venv/lib/python3.12/site-packages/airflow/example_dags/example_latest_only.py
[2025-02-11T09:10:44.285+0600] {processor.py:925} INFO - DAG(s) 'latest_only' retrieved from /home/shamim/airflow_git/Airflow_project/air_venv/lib/python3.12/site-packages/airflow/example_dags/example_latest_only.py
[2025-02-11T09:10:44.304+0600] {logging_mixin.py:190} INFO - [2025-02-11T09:10:44.304+0600] {dag.py:3239} INFO - Sync 1 DAGs
[2025-02-11T09:10:44.332+0600] {logging_mixin.py:190} INFO - [2025-02-11T09:10:44.331+0600] {dag.py:4180} INFO - Setting next_dagrun for latest_only to 2025-02-10 20:00:00+00:00, run_after=2025-02-11 00:00:00+00:00
[2025-02-11T09:10:44.369+0600] {processor.py:208} INFO - Processing /home/shamim/airflow_git/Airflow_project/air_venv/lib/python3.12/site-packages/airflow/example_dags/example_latest_only.py took 0.117 seconds
[2025-02-11T09:12:07.782+0600] {processor.py:186} INFO - Started process (PID=9510) to work on /home/shamim/airflow_git/Airflow_project/air_venv/lib/python3.12/site-packages/airflow/example_dags/example_latest_only.py
[2025-02-11T09:12:07.783+0600] {processor.py:914} INFO - Processing file /home/shamim/airflow_git/Airflow_project/air_venv/lib/python3.12/site-packages/airflow/example_dags/example_latest_only.py for tasks to queue
[2025-02-11T09:12:07.786+0600] {logging_mixin.py:190} INFO - [2025-02-11T09:12:07.785+0600] {dagbag.py:588} INFO - Filling up the DagBag from /home/shamim/airflow_git/Airflow_project/air_venv/lib/python3.12/site-packages/airflow/example_dags/example_latest_only.py
[2025-02-11T09:12:07.800+0600] {processor.py:925} INFO - DAG(s) 'latest_only' retrieved from /home/shamim/airflow_git/Airflow_project/air_venv/lib/python3.12/site-packages/airflow/example_dags/example_latest_only.py
[2025-02-11T09:12:07.833+0600] {logging_mixin.py:190} INFO - [2025-02-11T09:12:07.833+0600] {dag.py:3239} INFO - Sync 1 DAGs
[2025-02-11T09:12:07.874+0600] {logging_mixin.py:190} INFO - [2025-02-11T09:12:07.874+0600] {dag.py:4180} INFO - Setting next_dagrun for latest_only to 2025-02-10 20:00:00+00:00, run_after=2025-02-11 00:00:00+00:00
[2025-02-11T09:12:07.921+0600] {processor.py:208} INFO - Processing /home/shamim/airflow_git/Airflow_project/air_venv/lib/python3.12/site-packages/airflow/example_dags/example_latest_only.py took 0.149 seconds
[2025-02-11T09:13:29.088+0600] {processor.py:186} INFO - Started process (PID=10043) to work on /home/shamim/airflow_git/Airflow_project/air_venv/lib/python3.12/site-packages/airflow/example_dags/example_latest_only.py
[2025-02-11T09:13:29.092+0600] {processor.py:914} INFO - Processing file /home/shamim/airflow_git/Airflow_project/air_venv/lib/python3.12/site-packages/airflow/example_dags/example_latest_only.py for tasks to queue
[2025-02-11T09:13:29.093+0600] {logging_mixin.py:190} INFO - [2025-02-11T09:13:29.093+0600] {dagbag.py:588} INFO - Filling up the DagBag from /home/shamim/airflow_git/Airflow_project/air_venv/lib/python3.12/site-packages/airflow/example_dags/example_latest_only.py
[2025-02-11T09:13:29.104+0600] {processor.py:925} INFO - DAG(s) 'latest_only' retrieved from /home/shamim/airflow_git/Airflow_project/air_venv/lib/python3.12/site-packages/airflow/example_dags/example_latest_only.py
[2025-02-11T09:13:29.121+0600] {logging_mixin.py:190} INFO - [2025-02-11T09:13:29.121+0600] {dag.py:3239} INFO - Sync 1 DAGs
[2025-02-11T09:13:29.146+0600] {logging_mixin.py:190} INFO - [2025-02-11T09:13:29.145+0600] {dag.py:4180} INFO - Setting next_dagrun for latest_only to 2025-02-10 20:00:00+00:00, run_after=2025-02-11 00:00:00+00:00
[2025-02-11T09:13:29.169+0600] {processor.py:208} INFO - Processing /home/shamim/airflow_git/Airflow_project/air_venv/lib/python3.12/site-packages/airflow/example_dags/example_latest_only.py took 0.088 seconds
