[2025-02-11T08:59:47.034+0600] {processor.py:186} INFO - Started process (PID=5705) to work on /home/shamim/airflow_git/Airflow_project/air_venv/lib/python3.12/site-packages/airflow/example_dags/example_external_task_marker_dag.py
[2025-02-11T08:59:47.036+0600] {processor.py:914} INFO - Processing file /home/shamim/airflow_git/Airflow_project/air_venv/lib/python3.12/site-packages/airflow/example_dags/example_external_task_marker_dag.py for tasks to queue
[2025-02-11T08:59:47.047+0600] {logging_mixin.py:190} INFO - [2025-02-11T08:59:47.046+0600] {dagbag.py:588} INFO - Filling up the DagBag from /home/shamim/airflow_git/Airflow_project/air_venv/lib/python3.12/site-packages/airflow/example_dags/example_external_task_marker_dag.py
[2025-02-11T08:59:47.065+0600] {processor.py:925} INFO - DAG(s) 'example_external_task_marker_child', 'example_external_task_marker_parent' retrieved from /home/shamim/airflow_git/Airflow_project/air_venv/lib/python3.12/site-packages/airflow/example_dags/example_external_task_marker_dag.py
[2025-02-11T08:59:47.087+0600] {logging_mixin.py:190} INFO - [2025-02-11T08:59:47.087+0600] {dag.py:3239} INFO - Sync 2 DAGs
[2025-02-11T08:59:47.102+0600] {logging_mixin.py:190} INFO - [2025-02-11T08:59:47.102+0600] {dag.py:4180} INFO - Setting next_dagrun for example_external_task_marker_child to None, run_after=None
[2025-02-11T08:59:47.106+0600] {logging_mixin.py:190} INFO - [2025-02-11T08:59:47.106+0600] {dag.py:4180} INFO - Setting next_dagrun for example_external_task_marker_parent to None, run_after=None
[2025-02-11T08:59:47.152+0600] {processor.py:208} INFO - Processing /home/shamim/airflow_git/Airflow_project/air_venv/lib/python3.12/site-packages/airflow/example_dags/example_external_task_marker_dag.py took 0.135 seconds
[2025-02-11T09:01:11.267+0600] {processor.py:186} INFO - Started process (PID=5934) to work on /home/shamim/airflow_git/Airflow_project/air_venv/lib/python3.12/site-packages/airflow/example_dags/example_external_task_marker_dag.py
[2025-02-11T09:01:11.273+0600] {processor.py:914} INFO - Processing file /home/shamim/airflow_git/Airflow_project/air_venv/lib/python3.12/site-packages/airflow/example_dags/example_external_task_marker_dag.py for tasks to queue
[2025-02-11T09:01:11.277+0600] {logging_mixin.py:190} INFO - [2025-02-11T09:01:11.276+0600] {dagbag.py:588} INFO - Filling up the DagBag from /home/shamim/airflow_git/Airflow_project/air_venv/lib/python3.12/site-packages/airflow/example_dags/example_external_task_marker_dag.py
[2025-02-11T09:01:11.294+0600] {processor.py:925} INFO - DAG(s) 'example_external_task_marker_parent', 'example_external_task_marker_child' retrieved from /home/shamim/airflow_git/Airflow_project/air_venv/lib/python3.12/site-packages/airflow/example_dags/example_external_task_marker_dag.py
[2025-02-11T09:01:11.326+0600] {logging_mixin.py:190} INFO - [2025-02-11T09:01:11.326+0600] {dag.py:3239} INFO - Sync 2 DAGs
[2025-02-11T09:01:11.348+0600] {logging_mixin.py:190} INFO - [2025-02-11T09:01:11.348+0600] {dag.py:4180} INFO - Setting next_dagrun for example_external_task_marker_child to None, run_after=None
[2025-02-11T09:01:11.353+0600] {logging_mixin.py:190} INFO - [2025-02-11T09:01:11.353+0600] {dag.py:4180} INFO - Setting next_dagrun for example_external_task_marker_parent to None, run_after=None
[2025-02-11T09:01:11.382+0600] {processor.py:208} INFO - Processing /home/shamim/airflow_git/Airflow_project/air_venv/lib/python3.12/site-packages/airflow/example_dags/example_external_task_marker_dag.py took 0.124 seconds
[2025-02-11T09:02:35.030+0600] {processor.py:186} INFO - Started process (PID=6388) to work on /home/shamim/airflow_git/Airflow_project/air_venv/lib/python3.12/site-packages/airflow/example_dags/example_external_task_marker_dag.py
[2025-02-11T09:02:35.044+0600] {processor.py:914} INFO - Processing file /home/shamim/airflow_git/Airflow_project/air_venv/lib/python3.12/site-packages/airflow/example_dags/example_external_task_marker_dag.py for tasks to queue
[2025-02-11T09:02:35.048+0600] {logging_mixin.py:190} INFO - [2025-02-11T09:02:35.047+0600] {dagbag.py:588} INFO - Filling up the DagBag from /home/shamim/airflow_git/Airflow_project/air_venv/lib/python3.12/site-packages/airflow/example_dags/example_external_task_marker_dag.py
[2025-02-11T09:02:35.064+0600] {processor.py:925} INFO - DAG(s) 'example_external_task_marker_child', 'example_external_task_marker_parent' retrieved from /home/shamim/airflow_git/Airflow_project/air_venv/lib/python3.12/site-packages/airflow/example_dags/example_external_task_marker_dag.py
[2025-02-11T09:02:35.099+0600] {logging_mixin.py:190} INFO - [2025-02-11T09:02:35.099+0600] {dag.py:3239} INFO - Sync 2 DAGs
[2025-02-11T09:02:35.126+0600] {logging_mixin.py:190} INFO - [2025-02-11T09:02:35.125+0600] {dag.py:4180} INFO - Setting next_dagrun for example_external_task_marker_child to None, run_after=None
[2025-02-11T09:02:35.133+0600] {logging_mixin.py:190} INFO - [2025-02-11T09:02:35.132+0600] {dag.py:4180} INFO - Setting next_dagrun for example_external_task_marker_parent to None, run_after=None
[2025-02-11T09:02:35.171+0600] {processor.py:208} INFO - Processing /home/shamim/airflow_git/Airflow_project/air_venv/lib/python3.12/site-packages/airflow/example_dags/example_external_task_marker_dag.py took 0.178 seconds
[2025-02-11T09:03:59.566+0600] {processor.py:186} INFO - Started process (PID=6841) to work on /home/shamim/airflow_git/Airflow_project/air_venv/lib/python3.12/site-packages/airflow/example_dags/example_external_task_marker_dag.py
[2025-02-11T09:03:59.571+0600] {processor.py:914} INFO - Processing file /home/shamim/airflow_git/Airflow_project/air_venv/lib/python3.12/site-packages/airflow/example_dags/example_external_task_marker_dag.py for tasks to queue
[2025-02-11T09:03:59.578+0600] {logging_mixin.py:190} INFO - [2025-02-11T09:03:59.576+0600] {dagbag.py:588} INFO - Filling up the DagBag from /home/shamim/airflow_git/Airflow_project/air_venv/lib/python3.12/site-packages/airflow/example_dags/example_external_task_marker_dag.py
[2025-02-11T09:03:59.594+0600] {processor.py:925} INFO - DAG(s) 'example_external_task_marker_child', 'example_external_task_marker_parent' retrieved from /home/shamim/airflow_git/Airflow_project/air_venv/lib/python3.12/site-packages/airflow/example_dags/example_external_task_marker_dag.py
[2025-02-11T09:03:59.616+0600] {logging_mixin.py:190} INFO - [2025-02-11T09:03:59.616+0600] {dag.py:3239} INFO - Sync 2 DAGs
[2025-02-11T09:03:59.633+0600] {logging_mixin.py:190} INFO - [2025-02-11T09:03:59.633+0600] {dag.py:4180} INFO - Setting next_dagrun for example_external_task_marker_child to None, run_after=None
[2025-02-11T09:03:59.638+0600] {logging_mixin.py:190} INFO - [2025-02-11T09:03:59.638+0600] {dag.py:4180} INFO - Setting next_dagrun for example_external_task_marker_parent to None, run_after=None
[2025-02-11T09:03:59.660+0600] {processor.py:208} INFO - Processing /home/shamim/airflow_git/Airflow_project/air_venv/lib/python3.12/site-packages/airflow/example_dags/example_external_task_marker_dag.py took 0.100 seconds
[2025-02-11T09:05:15.947+0600] {processor.py:186} INFO - Started process (PID=7145) to work on /home/shamim/airflow_git/Airflow_project/air_venv/lib/python3.12/site-packages/airflow/example_dags/example_external_task_marker_dag.py
[2025-02-11T09:05:15.954+0600] {processor.py:914} INFO - Processing file /home/shamim/airflow_git/Airflow_project/air_venv/lib/python3.12/site-packages/airflow/example_dags/example_external_task_marker_dag.py for tasks to queue
[2025-02-11T09:05:15.956+0600] {logging_mixin.py:190} INFO - [2025-02-11T09:05:15.955+0600] {dagbag.py:588} INFO - Filling up the DagBag from /home/shamim/airflow_git/Airflow_project/air_venv/lib/python3.12/site-packages/airflow/example_dags/example_external_task_marker_dag.py
[2025-02-11T09:05:15.974+0600] {processor.py:925} INFO - DAG(s) 'example_external_task_marker_parent', 'example_external_task_marker_child' retrieved from /home/shamim/airflow_git/Airflow_project/air_venv/lib/python3.12/site-packages/airflow/example_dags/example_external_task_marker_dag.py
[2025-02-11T09:05:16.002+0600] {logging_mixin.py:190} INFO - [2025-02-11T09:05:16.001+0600] {dag.py:3239} INFO - Sync 2 DAGs
[2025-02-11T09:05:16.017+0600] {logging_mixin.py:190} INFO - [2025-02-11T09:05:16.017+0600] {dag.py:4180} INFO - Setting next_dagrun for example_external_task_marker_child to None, run_after=None
[2025-02-11T09:05:16.021+0600] {logging_mixin.py:190} INFO - [2025-02-11T09:05:16.021+0600] {dag.py:4180} INFO - Setting next_dagrun for example_external_task_marker_parent to None, run_after=None
[2025-02-11T09:05:16.047+0600] {processor.py:208} INFO - Processing /home/shamim/airflow_git/Airflow_project/air_venv/lib/python3.12/site-packages/airflow/example_dags/example_external_task_marker_dag.py took 0.110 seconds
[2025-02-11T09:06:36.151+0600] {processor.py:186} INFO - Started process (PID=7503) to work on /home/shamim/airflow_git/Airflow_project/air_venv/lib/python3.12/site-packages/airflow/example_dags/example_external_task_marker_dag.py
[2025-02-11T09:06:36.157+0600] {processor.py:914} INFO - Processing file /home/shamim/airflow_git/Airflow_project/air_venv/lib/python3.12/site-packages/airflow/example_dags/example_external_task_marker_dag.py for tasks to queue
[2025-02-11T09:06:36.158+0600] {logging_mixin.py:190} INFO - [2025-02-11T09:06:36.158+0600] {dagbag.py:588} INFO - Filling up the DagBag from /home/shamim/airflow_git/Airflow_project/air_venv/lib/python3.12/site-packages/airflow/example_dags/example_external_task_marker_dag.py
[2025-02-11T09:06:36.168+0600] {processor.py:925} INFO - DAG(s) 'example_external_task_marker_child', 'example_external_task_marker_parent' retrieved from /home/shamim/airflow_git/Airflow_project/air_venv/lib/python3.12/site-packages/airflow/example_dags/example_external_task_marker_dag.py
[2025-02-11T09:06:36.190+0600] {logging_mixin.py:190} INFO - [2025-02-11T09:06:36.189+0600] {dag.py:3239} INFO - Sync 2 DAGs
[2025-02-11T09:06:36.205+0600] {logging_mixin.py:190} INFO - [2025-02-11T09:06:36.205+0600] {dag.py:4180} INFO - Setting next_dagrun for example_external_task_marker_child to None, run_after=None
[2025-02-11T09:06:36.209+0600] {logging_mixin.py:190} INFO - [2025-02-11T09:06:36.209+0600] {dag.py:4180} INFO - Setting next_dagrun for example_external_task_marker_parent to None, run_after=None
[2025-02-11T09:06:36.241+0600] {processor.py:208} INFO - Processing /home/shamim/airflow_git/Airflow_project/air_venv/lib/python3.12/site-packages/airflow/example_dags/example_external_task_marker_dag.py took 0.097 seconds
[2025-02-11T09:07:59.205+0600] {processor.py:186} INFO - Started process (PID=8028) to work on /home/shamim/airflow_git/Airflow_project/air_venv/lib/python3.12/site-packages/airflow/example_dags/example_external_task_marker_dag.py
[2025-02-11T09:07:59.232+0600] {processor.py:914} INFO - Processing file /home/shamim/airflow_git/Airflow_project/air_venv/lib/python3.12/site-packages/airflow/example_dags/example_external_task_marker_dag.py for tasks to queue
[2025-02-11T09:07:59.236+0600] {logging_mixin.py:190} INFO - [2025-02-11T09:07:59.235+0600] {dagbag.py:588} INFO - Filling up the DagBag from /home/shamim/airflow_git/Airflow_project/air_venv/lib/python3.12/site-packages/airflow/example_dags/example_external_task_marker_dag.py
[2025-02-11T09:07:59.272+0600] {processor.py:925} INFO - DAG(s) 'example_external_task_marker_child', 'example_external_task_marker_parent' retrieved from /home/shamim/airflow_git/Airflow_project/air_venv/lib/python3.12/site-packages/airflow/example_dags/example_external_task_marker_dag.py
[2025-02-11T09:07:59.316+0600] {logging_mixin.py:190} INFO - [2025-02-11T09:07:59.315+0600] {dag.py:3239} INFO - Sync 2 DAGs
[2025-02-11T09:07:59.340+0600] {logging_mixin.py:190} INFO - [2025-02-11T09:07:59.339+0600] {dag.py:4180} INFO - Setting next_dagrun for example_external_task_marker_child to None, run_after=None
[2025-02-11T09:07:59.346+0600] {logging_mixin.py:190} INFO - [2025-02-11T09:07:59.345+0600] {dag.py:4180} INFO - Setting next_dagrun for example_external_task_marker_parent to None, run_after=None
[2025-02-11T09:07:59.370+0600] {processor.py:208} INFO - Processing /home/shamim/airflow_git/Airflow_project/air_venv/lib/python3.12/site-packages/airflow/example_dags/example_external_task_marker_dag.py took 0.186 seconds
[2025-02-11T09:09:26.719+0600] {processor.py:186} INFO - Started process (PID=8541) to work on /home/shamim/airflow_git/Airflow_project/air_venv/lib/python3.12/site-packages/airflow/example_dags/example_external_task_marker_dag.py
[2025-02-11T09:09:27.242+0600] {processor.py:914} INFO - Processing file /home/shamim/airflow_git/Airflow_project/air_venv/lib/python3.12/site-packages/airflow/example_dags/example_external_task_marker_dag.py for tasks to queue
[2025-02-11T09:09:27.244+0600] {logging_mixin.py:190} INFO - [2025-02-11T09:09:27.244+0600] {dagbag.py:588} INFO - Filling up the DagBag from /home/shamim/airflow_git/Airflow_project/air_venv/lib/python3.12/site-packages/airflow/example_dags/example_external_task_marker_dag.py
[2025-02-11T09:09:27.259+0600] {processor.py:925} INFO - DAG(s) 'example_external_task_marker_parent', 'example_external_task_marker_child' retrieved from /home/shamim/airflow_git/Airflow_project/air_venv/lib/python3.12/site-packages/airflow/example_dags/example_external_task_marker_dag.py
[2025-02-11T09:09:27.283+0600] {logging_mixin.py:190} INFO - [2025-02-11T09:09:27.282+0600] {dag.py:3239} INFO - Sync 2 DAGs
[2025-02-11T09:09:27.298+0600] {logging_mixin.py:190} INFO - [2025-02-11T09:09:27.298+0600] {dag.py:4180} INFO - Setting next_dagrun for example_external_task_marker_child to None, run_after=None
[2025-02-11T09:09:27.302+0600] {logging_mixin.py:190} INFO - [2025-02-11T09:09:27.302+0600] {dag.py:4180} INFO - Setting next_dagrun for example_external_task_marker_parent to None, run_after=None
[2025-02-11T09:09:27.322+0600] {processor.py:208} INFO - Processing /home/shamim/airflow_git/Airflow_project/air_venv/lib/python3.12/site-packages/airflow/example_dags/example_external_task_marker_dag.py took 0.611 seconds
[2025-02-11T09:10:47.399+0600] {processor.py:186} INFO - Started process (PID=9042) to work on /home/shamim/airflow_git/Airflow_project/air_venv/lib/python3.12/site-packages/airflow/example_dags/example_external_task_marker_dag.py
[2025-02-11T09:10:47.406+0600] {processor.py:914} INFO - Processing file /home/shamim/airflow_git/Airflow_project/air_venv/lib/python3.12/site-packages/airflow/example_dags/example_external_task_marker_dag.py for tasks to queue
[2025-02-11T09:10:47.408+0600] {logging_mixin.py:190} INFO - [2025-02-11T09:10:47.408+0600] {dagbag.py:588} INFO - Filling up the DagBag from /home/shamim/airflow_git/Airflow_project/air_venv/lib/python3.12/site-packages/airflow/example_dags/example_external_task_marker_dag.py
[2025-02-11T09:10:47.424+0600] {processor.py:925} INFO - DAG(s) 'example_external_task_marker_child', 'example_external_task_marker_parent' retrieved from /home/shamim/airflow_git/Airflow_project/air_venv/lib/python3.12/site-packages/airflow/example_dags/example_external_task_marker_dag.py
[2025-02-11T09:10:47.461+0600] {logging_mixin.py:190} INFO - [2025-02-11T09:10:47.460+0600] {dag.py:3239} INFO - Sync 2 DAGs
[2025-02-11T09:10:47.490+0600] {logging_mixin.py:190} INFO - [2025-02-11T09:10:47.489+0600] {dag.py:4180} INFO - Setting next_dagrun for example_external_task_marker_child to None, run_after=None
[2025-02-11T09:10:47.497+0600] {logging_mixin.py:190} INFO - [2025-02-11T09:10:47.497+0600] {dag.py:4180} INFO - Setting next_dagrun for example_external_task_marker_parent to None, run_after=None
[2025-02-11T09:10:47.542+0600] {processor.py:208} INFO - Processing /home/shamim/airflow_git/Airflow_project/air_venv/lib/python3.12/site-packages/airflow/example_dags/example_external_task_marker_dag.py took 0.152 seconds
[2025-02-11T09:12:10.071+0600] {processor.py:186} INFO - Started process (PID=9537) to work on /home/shamim/airflow_git/Airflow_project/air_venv/lib/python3.12/site-packages/airflow/example_dags/example_external_task_marker_dag.py
[2025-02-11T09:12:10.076+0600] {processor.py:914} INFO - Processing file /home/shamim/airflow_git/Airflow_project/air_venv/lib/python3.12/site-packages/airflow/example_dags/example_external_task_marker_dag.py for tasks to queue
[2025-02-11T09:12:10.077+0600] {logging_mixin.py:190} INFO - [2025-02-11T09:12:10.077+0600] {dagbag.py:588} INFO - Filling up the DagBag from /home/shamim/airflow_git/Airflow_project/air_venv/lib/python3.12/site-packages/airflow/example_dags/example_external_task_marker_dag.py
[2025-02-11T09:12:10.087+0600] {processor.py:925} INFO - DAG(s) 'example_external_task_marker_child', 'example_external_task_marker_parent' retrieved from /home/shamim/airflow_git/Airflow_project/air_venv/lib/python3.12/site-packages/airflow/example_dags/example_external_task_marker_dag.py
[2025-02-11T09:12:10.108+0600] {logging_mixin.py:190} INFO - [2025-02-11T09:12:10.108+0600] {dag.py:3239} INFO - Sync 2 DAGs
[2025-02-11T09:12:10.126+0600] {logging_mixin.py:190} INFO - [2025-02-11T09:12:10.126+0600] {dag.py:4180} INFO - Setting next_dagrun for example_external_task_marker_child to None, run_after=None
[2025-02-11T09:12:10.130+0600] {logging_mixin.py:190} INFO - [2025-02-11T09:12:10.130+0600] {dag.py:4180} INFO - Setting next_dagrun for example_external_task_marker_parent to None, run_after=None
[2025-02-11T09:12:10.151+0600] {processor.py:208} INFO - Processing /home/shamim/airflow_git/Airflow_project/air_venv/lib/python3.12/site-packages/airflow/example_dags/example_external_task_marker_dag.py took 0.087 seconds
[2025-02-11T09:13:32.039+0600] {processor.py:186} INFO - Started process (PID=10068) to work on /home/shamim/airflow_git/Airflow_project/air_venv/lib/python3.12/site-packages/airflow/example_dags/example_external_task_marker_dag.py
[2025-02-11T09:13:32.045+0600] {processor.py:914} INFO - Processing file /home/shamim/airflow_git/Airflow_project/air_venv/lib/python3.12/site-packages/airflow/example_dags/example_external_task_marker_dag.py for tasks to queue
[2025-02-11T09:13:32.046+0600] {logging_mixin.py:190} INFO - [2025-02-11T09:13:32.046+0600] {dagbag.py:588} INFO - Filling up the DagBag from /home/shamim/airflow_git/Airflow_project/air_venv/lib/python3.12/site-packages/airflow/example_dags/example_external_task_marker_dag.py
[2025-02-11T09:13:32.057+0600] {processor.py:925} INFO - DAG(s) 'example_external_task_marker_child', 'example_external_task_marker_parent' retrieved from /home/shamim/airflow_git/Airflow_project/air_venv/lib/python3.12/site-packages/airflow/example_dags/example_external_task_marker_dag.py
[2025-02-11T09:13:32.077+0600] {logging_mixin.py:190} INFO - [2025-02-11T09:13:32.076+0600] {dag.py:3239} INFO - Sync 2 DAGs
[2025-02-11T09:13:32.092+0600] {logging_mixin.py:190} INFO - [2025-02-11T09:13:32.092+0600] {dag.py:4180} INFO - Setting next_dagrun for example_external_task_marker_child to None, run_after=None
[2025-02-11T09:13:32.096+0600] {logging_mixin.py:190} INFO - [2025-02-11T09:13:32.095+0600] {dag.py:4180} INFO - Setting next_dagrun for example_external_task_marker_parent to None, run_after=None
[2025-02-11T09:13:32.117+0600] {processor.py:208} INFO - Processing /home/shamim/airflow_git/Airflow_project/air_venv/lib/python3.12/site-packages/airflow/example_dags/example_external_task_marker_dag.py took 0.086 seconds
