[2025-02-11T08:59:51.652+0600] {processor.py:186} INFO - Started process (PID=5741) to work on /home/shamim/airflow_git/Airflow_project/air_venv/lib/python3.12/site-packages/airflow/example_dags/example_datasets.py
[2025-02-11T08:59:51.653+0600] {processor.py:914} INFO - Processing file /home/shamim/airflow_git/Airflow_project/air_venv/lib/python3.12/site-packages/airflow/example_dags/example_datasets.py for tasks to queue
[2025-02-11T08:59:51.661+0600] {logging_mixin.py:190} INFO - [2025-02-11T08:59:51.661+0600] {dagbag.py:588} INFO - Filling up the DagBag from /home/shamim/airflow_git/Airflow_project/air_venv/lib/python3.12/site-packages/airflow/example_dags/example_datasets.py
[2025-02-11T08:59:52.460+0600] {processor.py:925} INFO - DAG(s) 'consume_1_and_2_with_dataset_expressions', 'dataset_produces_2', 'consume_1_or_2_with_dataset_expressions', 'dataset_consumes_1_never_scheduled', 'dataset_produces_1', 'dataset_consumes_1', 'dataset_consumes_1_and_2', 'consume_1_or_both_2_and_3_with_dataset_expressions', 'dataset_consumes_unknown_never_scheduled', 'conditional_dataset_and_time_based_timetable' retrieved from /home/shamim/airflow_git/Airflow_project/air_venv/lib/python3.12/site-packages/airflow/example_dags/example_datasets.py
[2025-02-11T08:59:52.515+0600] {logging_mixin.py:190} INFO - [2025-02-11T08:59:52.515+0600] {dag.py:3239} INFO - Sync 10 DAGs
[2025-02-11T08:59:52.564+0600] {logging_mixin.py:190} INFO - [2025-02-11T08:59:52.564+0600] {dag.py:4180} INFO - Setting next_dagrun for conditional_dataset_and_time_based_timetable to 2025-02-05 01:00:00+00:00, run_after=2025-02-05 01:00:00+00:00
[2025-02-11T08:59:52.571+0600] {logging_mixin.py:190} INFO - [2025-02-11T08:59:52.571+0600] {dag.py:4180} INFO - Setting next_dagrun for consume_1_and_2_with_dataset_expressions to None, run_after=None
[2025-02-11T08:59:52.573+0600] {logging_mixin.py:190} INFO - [2025-02-11T08:59:52.573+0600] {dag.py:4180} INFO - Setting next_dagrun for consume_1_or_2_with_dataset_expressions to None, run_after=None
[2025-02-11T08:59:52.575+0600] {logging_mixin.py:190} INFO - [2025-02-11T08:59:52.575+0600] {dag.py:4180} INFO - Setting next_dagrun for consume_1_or_both_2_and_3_with_dataset_expressions to None, run_after=None
[2025-02-11T08:59:52.577+0600] {logging_mixin.py:190} INFO - [2025-02-11T08:59:52.577+0600] {dag.py:4180} INFO - Setting next_dagrun for dataset_consumes_1 to None, run_after=None
[2025-02-11T08:59:52.579+0600] {logging_mixin.py:190} INFO - [2025-02-11T08:59:52.579+0600] {dag.py:4180} INFO - Setting next_dagrun for dataset_consumes_1_and_2 to None, run_after=None
[2025-02-11T08:59:52.582+0600] {logging_mixin.py:190} INFO - [2025-02-11T08:59:52.581+0600] {dag.py:4180} INFO - Setting next_dagrun for dataset_consumes_1_never_scheduled to None, run_after=None
[2025-02-11T08:59:52.584+0600] {logging_mixin.py:190} INFO - [2025-02-11T08:59:52.583+0600] {dag.py:4180} INFO - Setting next_dagrun for dataset_consumes_unknown_never_scheduled to None, run_after=None
[2025-02-11T08:59:52.589+0600] {logging_mixin.py:190} INFO - [2025-02-11T08:59:52.589+0600] {dag.py:4180} INFO - Setting next_dagrun for dataset_produces_1 to 2025-02-10 00:00:00+00:00, run_after=2025-02-11 00:00:00+00:00
[2025-02-11T08:59:52.591+0600] {logging_mixin.py:190} INFO - [2025-02-11T08:59:52.591+0600] {dag.py:4180} INFO - Setting next_dagrun for dataset_produces_2 to None, run_after=None
[2025-02-11T08:59:52.655+0600] {processor.py:208} INFO - Processing /home/shamim/airflow_git/Airflow_project/air_venv/lib/python3.12/site-packages/airflow/example_dags/example_datasets.py took 1.018 seconds
[2025-02-11T09:01:15.906+0600] {processor.py:186} INFO - Started process (PID=5964) to work on /home/shamim/airflow_git/Airflow_project/air_venv/lib/python3.12/site-packages/airflow/example_dags/example_datasets.py
[2025-02-11T09:01:15.915+0600] {processor.py:914} INFO - Processing file /home/shamim/airflow_git/Airflow_project/air_venv/lib/python3.12/site-packages/airflow/example_dags/example_datasets.py for tasks to queue
[2025-02-11T09:01:15.922+0600] {logging_mixin.py:190} INFO - [2025-02-11T09:01:15.921+0600] {dagbag.py:588} INFO - Filling up the DagBag from /home/shamim/airflow_git/Airflow_project/air_venv/lib/python3.12/site-packages/airflow/example_dags/example_datasets.py
[2025-02-11T09:01:16.635+0600] {processor.py:925} INFO - DAG(s) 'consume_1_or_both_2_and_3_with_dataset_expressions', 'consume_1_or_2_with_dataset_expressions', 'dataset_consumes_1', 'dataset_consumes_1_never_scheduled', 'conditional_dataset_and_time_based_timetable', 'dataset_produces_1', 'dataset_consumes_1_and_2', 'dataset_produces_2', 'consume_1_and_2_with_dataset_expressions', 'dataset_consumes_unknown_never_scheduled' retrieved from /home/shamim/airflow_git/Airflow_project/air_venv/lib/python3.12/site-packages/airflow/example_dags/example_datasets.py
[2025-02-11T09:01:16.682+0600] {logging_mixin.py:190} INFO - [2025-02-11T09:01:16.681+0600] {dag.py:3239} INFO - Sync 10 DAGs
[2025-02-11T09:01:16.714+0600] {logging_mixin.py:190} INFO - [2025-02-11T09:01:16.714+0600] {dag.py:4180} INFO - Setting next_dagrun for conditional_dataset_and_time_based_timetable to 2025-02-05 01:00:00+00:00, run_after=2025-02-05 01:00:00+00:00
[2025-02-11T09:01:16.718+0600] {logging_mixin.py:190} INFO - [2025-02-11T09:01:16.717+0600] {dag.py:4180} INFO - Setting next_dagrun for consume_1_and_2_with_dataset_expressions to None, run_after=None
[2025-02-11T09:01:16.719+0600] {logging_mixin.py:190} INFO - [2025-02-11T09:01:16.719+0600] {dag.py:4180} INFO - Setting next_dagrun for consume_1_or_2_with_dataset_expressions to None, run_after=None
[2025-02-11T09:01:16.720+0600] {logging_mixin.py:190} INFO - [2025-02-11T09:01:16.720+0600] {dag.py:4180} INFO - Setting next_dagrun for consume_1_or_both_2_and_3_with_dataset_expressions to None, run_after=None
[2025-02-11T09:01:16.721+0600] {logging_mixin.py:190} INFO - [2025-02-11T09:01:16.721+0600] {dag.py:4180} INFO - Setting next_dagrun for dataset_consumes_1 to None, run_after=None
[2025-02-11T09:01:16.722+0600] {logging_mixin.py:190} INFO - [2025-02-11T09:01:16.722+0600] {dag.py:4180} INFO - Setting next_dagrun for dataset_consumes_1_and_2 to None, run_after=None
[2025-02-11T09:01:16.723+0600] {logging_mixin.py:190} INFO - [2025-02-11T09:01:16.723+0600] {dag.py:4180} INFO - Setting next_dagrun for dataset_consumes_1_never_scheduled to None, run_after=None
[2025-02-11T09:01:16.725+0600] {logging_mixin.py:190} INFO - [2025-02-11T09:01:16.725+0600] {dag.py:4180} INFO - Setting next_dagrun for dataset_consumes_unknown_never_scheduled to None, run_after=None
[2025-02-11T09:01:16.729+0600] {logging_mixin.py:190} INFO - [2025-02-11T09:01:16.729+0600] {dag.py:4180} INFO - Setting next_dagrun for dataset_produces_1 to 2025-02-10 00:00:00+00:00, run_after=2025-02-11 00:00:00+00:00
[2025-02-11T09:01:16.730+0600] {logging_mixin.py:190} INFO - [2025-02-11T09:01:16.730+0600] {dag.py:4180} INFO - Setting next_dagrun for dataset_produces_2 to None, run_after=None
[2025-02-11T09:01:16.765+0600] {processor.py:208} INFO - Processing /home/shamim/airflow_git/Airflow_project/air_venv/lib/python3.12/site-packages/airflow/example_dags/example_datasets.py took 0.881 seconds
[2025-02-11T09:02:40.260+0600] {processor.py:186} INFO - Started process (PID=6419) to work on /home/shamim/airflow_git/Airflow_project/air_venv/lib/python3.12/site-packages/airflow/example_dags/example_datasets.py
[2025-02-11T09:02:40.276+0600] {processor.py:914} INFO - Processing file /home/shamim/airflow_git/Airflow_project/air_venv/lib/python3.12/site-packages/airflow/example_dags/example_datasets.py for tasks to queue
[2025-02-11T09:02:40.279+0600] {logging_mixin.py:190} INFO - [2025-02-11T09:02:40.278+0600] {dagbag.py:588} INFO - Filling up the DagBag from /home/shamim/airflow_git/Airflow_project/air_venv/lib/python3.12/site-packages/airflow/example_dags/example_datasets.py
[2025-02-11T09:02:41.155+0600] {processor.py:925} INFO - DAG(s) 'dataset_consumes_1_and_2', 'consume_1_or_2_with_dataset_expressions', 'dataset_consumes_1', 'consume_1_or_both_2_and_3_with_dataset_expressions', 'conditional_dataset_and_time_based_timetable', 'consume_1_and_2_with_dataset_expressions', 'dataset_produces_2', 'dataset_produces_1', 'dataset_consumes_1_never_scheduled', 'dataset_consumes_unknown_never_scheduled' retrieved from /home/shamim/airflow_git/Airflow_project/air_venv/lib/python3.12/site-packages/airflow/example_dags/example_datasets.py
[2025-02-11T09:02:41.221+0600] {logging_mixin.py:190} INFO - [2025-02-11T09:02:41.220+0600] {dag.py:3239} INFO - Sync 10 DAGs
[2025-02-11T09:02:41.273+0600] {logging_mixin.py:190} INFO - [2025-02-11T09:02:41.271+0600] {dag.py:4180} INFO - Setting next_dagrun for conditional_dataset_and_time_based_timetable to 2025-02-05 01:00:00+00:00, run_after=2025-02-05 01:00:00+00:00
[2025-02-11T09:02:41.280+0600] {logging_mixin.py:190} INFO - [2025-02-11T09:02:41.280+0600] {dag.py:4180} INFO - Setting next_dagrun for consume_1_and_2_with_dataset_expressions to None, run_after=None
[2025-02-11T09:02:41.285+0600] {logging_mixin.py:190} INFO - [2025-02-11T09:02:41.285+0600] {dag.py:4180} INFO - Setting next_dagrun for consume_1_or_2_with_dataset_expressions to None, run_after=None
[2025-02-11T09:02:41.287+0600] {logging_mixin.py:190} INFO - [2025-02-11T09:02:41.287+0600] {dag.py:4180} INFO - Setting next_dagrun for consume_1_or_both_2_and_3_with_dataset_expressions to None, run_after=None
[2025-02-11T09:02:41.289+0600] {logging_mixin.py:190} INFO - [2025-02-11T09:02:41.289+0600] {dag.py:4180} INFO - Setting next_dagrun for dataset_consumes_1 to None, run_after=None
[2025-02-11T09:02:41.292+0600] {logging_mixin.py:190} INFO - [2025-02-11T09:02:41.291+0600] {dag.py:4180} INFO - Setting next_dagrun for dataset_consumes_1_and_2 to None, run_after=None
[2025-02-11T09:02:41.294+0600] {logging_mixin.py:190} INFO - [2025-02-11T09:02:41.293+0600] {dag.py:4180} INFO - Setting next_dagrun for dataset_consumes_1_never_scheduled to None, run_after=None
[2025-02-11T09:02:41.296+0600] {logging_mixin.py:190} INFO - [2025-02-11T09:02:41.295+0600] {dag.py:4180} INFO - Setting next_dagrun for dataset_consumes_unknown_never_scheduled to None, run_after=None
[2025-02-11T09:02:41.300+0600] {logging_mixin.py:190} INFO - [2025-02-11T09:02:41.300+0600] {dag.py:4180} INFO - Setting next_dagrun for dataset_produces_1 to 2025-02-10 00:00:00+00:00, run_after=2025-02-11 00:00:00+00:00
[2025-02-11T09:02:41.302+0600] {logging_mixin.py:190} INFO - [2025-02-11T09:02:41.301+0600] {dag.py:4180} INFO - Setting next_dagrun for dataset_produces_2 to None, run_after=None
[2025-02-11T09:02:41.353+0600] {processor.py:208} INFO - Processing /home/shamim/airflow_git/Airflow_project/air_venv/lib/python3.12/site-packages/airflow/example_dags/example_datasets.py took 1.111 seconds
[2025-02-11T09:04:04.687+0600] {processor.py:186} INFO - Started process (PID=6871) to work on /home/shamim/airflow_git/Airflow_project/air_venv/lib/python3.12/site-packages/airflow/example_dags/example_datasets.py
[2025-02-11T09:04:04.693+0600] {processor.py:914} INFO - Processing file /home/shamim/airflow_git/Airflow_project/air_venv/lib/python3.12/site-packages/airflow/example_dags/example_datasets.py for tasks to queue
[2025-02-11T09:04:04.695+0600] {logging_mixin.py:190} INFO - [2025-02-11T09:04:04.695+0600] {dagbag.py:588} INFO - Filling up the DagBag from /home/shamim/airflow_git/Airflow_project/air_venv/lib/python3.12/site-packages/airflow/example_dags/example_datasets.py
[2025-02-11T09:04:05.221+0600] {processor.py:925} INFO - DAG(s) 'dataset_consumes_1_never_scheduled', 'dataset_consumes_1_and_2', 'dataset_consumes_1', 'consume_1_or_both_2_and_3_with_dataset_expressions', 'consume_1_and_2_with_dataset_expressions', 'conditional_dataset_and_time_based_timetable', 'dataset_produces_1', 'dataset_produces_2', 'consume_1_or_2_with_dataset_expressions', 'dataset_consumes_unknown_never_scheduled' retrieved from /home/shamim/airflow_git/Airflow_project/air_venv/lib/python3.12/site-packages/airflow/example_dags/example_datasets.py
[2025-02-11T09:04:05.258+0600] {logging_mixin.py:190} INFO - [2025-02-11T09:04:05.258+0600] {dag.py:3239} INFO - Sync 10 DAGs
[2025-02-11T09:04:05.286+0600] {logging_mixin.py:190} INFO - [2025-02-11T09:04:05.286+0600] {dag.py:4180} INFO - Setting next_dagrun for conditional_dataset_and_time_based_timetable to 2025-02-05 01:00:00+00:00, run_after=2025-02-05 01:00:00+00:00
[2025-02-11T09:04:05.290+0600] {logging_mixin.py:190} INFO - [2025-02-11T09:04:05.290+0600] {dag.py:4180} INFO - Setting next_dagrun for consume_1_and_2_with_dataset_expressions to None, run_after=None
[2025-02-11T09:04:05.291+0600] {logging_mixin.py:190} INFO - [2025-02-11T09:04:05.291+0600] {dag.py:4180} INFO - Setting next_dagrun for consume_1_or_2_with_dataset_expressions to None, run_after=None
[2025-02-11T09:04:05.292+0600] {logging_mixin.py:190} INFO - [2025-02-11T09:04:05.292+0600] {dag.py:4180} INFO - Setting next_dagrun for consume_1_or_both_2_and_3_with_dataset_expressions to None, run_after=None
[2025-02-11T09:04:05.294+0600] {logging_mixin.py:190} INFO - [2025-02-11T09:04:05.293+0600] {dag.py:4180} INFO - Setting next_dagrun for dataset_consumes_1 to None, run_after=None
[2025-02-11T09:04:05.295+0600] {logging_mixin.py:190} INFO - [2025-02-11T09:04:05.294+0600] {dag.py:4180} INFO - Setting next_dagrun for dataset_consumes_1_and_2 to None, run_after=None
[2025-02-11T09:04:05.295+0600] {logging_mixin.py:190} INFO - [2025-02-11T09:04:05.295+0600] {dag.py:4180} INFO - Setting next_dagrun for dataset_consumes_1_never_scheduled to None, run_after=None
[2025-02-11T09:04:05.296+0600] {logging_mixin.py:190} INFO - [2025-02-11T09:04:05.296+0600] {dag.py:4180} INFO - Setting next_dagrun for dataset_consumes_unknown_never_scheduled to None, run_after=None
[2025-02-11T09:04:05.299+0600] {logging_mixin.py:190} INFO - [2025-02-11T09:04:05.299+0600] {dag.py:4180} INFO - Setting next_dagrun for dataset_produces_1 to 2025-02-10 00:00:00+00:00, run_after=2025-02-11 00:00:00+00:00
[2025-02-11T09:04:05.301+0600] {logging_mixin.py:190} INFO - [2025-02-11T09:04:05.300+0600] {dag.py:4180} INFO - Setting next_dagrun for dataset_produces_2 to None, run_after=None
[2025-02-11T09:04:05.340+0600] {processor.py:208} INFO - Processing /home/shamim/airflow_git/Airflow_project/air_venv/lib/python3.12/site-packages/airflow/example_dags/example_datasets.py took 0.661 seconds
[2025-02-11T09:05:20.504+0600] {processor.py:186} INFO - Started process (PID=7177) to work on /home/shamim/airflow_git/Airflow_project/air_venv/lib/python3.12/site-packages/airflow/example_dags/example_datasets.py
[2025-02-11T09:05:20.510+0600] {processor.py:914} INFO - Processing file /home/shamim/airflow_git/Airflow_project/air_venv/lib/python3.12/site-packages/airflow/example_dags/example_datasets.py for tasks to queue
[2025-02-11T09:05:20.512+0600] {logging_mixin.py:190} INFO - [2025-02-11T09:05:20.511+0600] {dagbag.py:588} INFO - Filling up the DagBag from /home/shamim/airflow_git/Airflow_project/air_venv/lib/python3.12/site-packages/airflow/example_dags/example_datasets.py
[2025-02-11T09:05:21.046+0600] {processor.py:925} INFO - DAG(s) 'conditional_dataset_and_time_based_timetable', 'dataset_consumes_1', 'dataset_produces_1', 'dataset_consumes_unknown_never_scheduled', 'dataset_produces_2', 'consume_1_or_2_with_dataset_expressions', 'consume_1_or_both_2_and_3_with_dataset_expressions', 'dataset_consumes_1_and_2', 'dataset_consumes_1_never_scheduled', 'consume_1_and_2_with_dataset_expressions' retrieved from /home/shamim/airflow_git/Airflow_project/air_venv/lib/python3.12/site-packages/airflow/example_dags/example_datasets.py
[2025-02-11T09:05:21.079+0600] {logging_mixin.py:190} INFO - [2025-02-11T09:05:21.079+0600] {dag.py:3239} INFO - Sync 10 DAGs
[2025-02-11T09:05:21.103+0600] {logging_mixin.py:190} INFO - [2025-02-11T09:05:21.103+0600] {dag.py:4180} INFO - Setting next_dagrun for conditional_dataset_and_time_based_timetable to 2025-02-05 01:00:00+00:00, run_after=2025-02-05 01:00:00+00:00
[2025-02-11T09:05:21.107+0600] {logging_mixin.py:190} INFO - [2025-02-11T09:05:21.106+0600] {dag.py:4180} INFO - Setting next_dagrun for consume_1_and_2_with_dataset_expressions to None, run_after=None
[2025-02-11T09:05:21.110+0600] {logging_mixin.py:190} INFO - [2025-02-11T09:05:21.109+0600] {dag.py:4180} INFO - Setting next_dagrun for consume_1_or_2_with_dataset_expressions to None, run_after=None
[2025-02-11T09:05:21.111+0600] {logging_mixin.py:190} INFO - [2025-02-11T09:05:21.110+0600] {dag.py:4180} INFO - Setting next_dagrun for consume_1_or_both_2_and_3_with_dataset_expressions to None, run_after=None
[2025-02-11T09:05:21.112+0600] {logging_mixin.py:190} INFO - [2025-02-11T09:05:21.111+0600] {dag.py:4180} INFO - Setting next_dagrun for dataset_consumes_1 to None, run_after=None
[2025-02-11T09:05:21.113+0600] {logging_mixin.py:190} INFO - [2025-02-11T09:05:21.112+0600] {dag.py:4180} INFO - Setting next_dagrun for dataset_consumes_1_and_2 to None, run_after=None
[2025-02-11T09:05:21.114+0600] {logging_mixin.py:190} INFO - [2025-02-11T09:05:21.113+0600] {dag.py:4180} INFO - Setting next_dagrun for dataset_consumes_1_never_scheduled to None, run_after=None
[2025-02-11T09:05:21.115+0600] {logging_mixin.py:190} INFO - [2025-02-11T09:05:21.114+0600] {dag.py:4180} INFO - Setting next_dagrun for dataset_consumes_unknown_never_scheduled to None, run_after=None
[2025-02-11T09:05:21.117+0600] {logging_mixin.py:190} INFO - [2025-02-11T09:05:21.117+0600] {dag.py:4180} INFO - Setting next_dagrun for dataset_produces_1 to 2025-02-10 00:00:00+00:00, run_after=2025-02-11 00:00:00+00:00
[2025-02-11T09:05:21.118+0600] {logging_mixin.py:190} INFO - [2025-02-11T09:05:21.118+0600] {dag.py:4180} INFO - Setting next_dagrun for dataset_produces_2 to None, run_after=None
[2025-02-11T09:05:21.154+0600] {processor.py:208} INFO - Processing /home/shamim/airflow_git/Airflow_project/air_venv/lib/python3.12/site-packages/airflow/example_dags/example_datasets.py took 0.657 seconds
[2025-02-11T09:06:39.934+0600] {processor.py:186} INFO - Started process (PID=7534) to work on /home/shamim/airflow_git/Airflow_project/air_venv/lib/python3.12/site-packages/airflow/example_dags/example_datasets.py
[2025-02-11T09:06:39.940+0600] {processor.py:914} INFO - Processing file /home/shamim/airflow_git/Airflow_project/air_venv/lib/python3.12/site-packages/airflow/example_dags/example_datasets.py for tasks to queue
[2025-02-11T09:06:39.943+0600] {logging_mixin.py:190} INFO - [2025-02-11T09:06:39.942+0600] {dagbag.py:588} INFO - Filling up the DagBag from /home/shamim/airflow_git/Airflow_project/air_venv/lib/python3.12/site-packages/airflow/example_dags/example_datasets.py
[2025-02-11T09:06:40.782+0600] {processor.py:925} INFO - DAG(s) 'consume_1_or_both_2_and_3_with_dataset_expressions', 'consume_1_and_2_with_dataset_expressions', 'dataset_consumes_1', 'dataset_consumes_1_and_2', 'dataset_produces_1', 'consume_1_or_2_with_dataset_expressions', 'dataset_produces_2', 'dataset_consumes_1_never_scheduled', 'dataset_consumes_unknown_never_scheduled', 'conditional_dataset_and_time_based_timetable' retrieved from /home/shamim/airflow_git/Airflow_project/air_venv/lib/python3.12/site-packages/airflow/example_dags/example_datasets.py
[2025-02-11T09:06:40.829+0600] {logging_mixin.py:190} INFO - [2025-02-11T09:06:40.829+0600] {dag.py:3239} INFO - Sync 10 DAGs
[2025-02-11T09:06:40.860+0600] {logging_mixin.py:190} INFO - [2025-02-11T09:06:40.859+0600] {dag.py:4180} INFO - Setting next_dagrun for conditional_dataset_and_time_based_timetable to 2025-02-05 01:00:00+00:00, run_after=2025-02-05 01:00:00+00:00
[2025-02-11T09:06:40.865+0600] {logging_mixin.py:190} INFO - [2025-02-11T09:06:40.865+0600] {dag.py:4180} INFO - Setting next_dagrun for consume_1_and_2_with_dataset_expressions to None, run_after=None
[2025-02-11T09:06:40.870+0600] {logging_mixin.py:190} INFO - [2025-02-11T09:06:40.869+0600] {dag.py:4180} INFO - Setting next_dagrun for consume_1_or_2_with_dataset_expressions to None, run_after=None
[2025-02-11T09:06:40.871+0600] {logging_mixin.py:190} INFO - [2025-02-11T09:06:40.871+0600] {dag.py:4180} INFO - Setting next_dagrun for consume_1_or_both_2_and_3_with_dataset_expressions to None, run_after=None
[2025-02-11T09:06:40.873+0600] {logging_mixin.py:190} INFO - [2025-02-11T09:06:40.873+0600] {dag.py:4180} INFO - Setting next_dagrun for dataset_consumes_1 to None, run_after=None
[2025-02-11T09:06:40.875+0600] {logging_mixin.py:190} INFO - [2025-02-11T09:06:40.874+0600] {dag.py:4180} INFO - Setting next_dagrun for dataset_consumes_1_and_2 to None, run_after=None
[2025-02-11T09:06:40.876+0600] {logging_mixin.py:190} INFO - [2025-02-11T09:06:40.876+0600] {dag.py:4180} INFO - Setting next_dagrun for dataset_consumes_1_never_scheduled to None, run_after=None
[2025-02-11T09:06:40.878+0600] {logging_mixin.py:190} INFO - [2025-02-11T09:06:40.878+0600] {dag.py:4180} INFO - Setting next_dagrun for dataset_consumes_unknown_never_scheduled to None, run_after=None
[2025-02-11T09:06:40.882+0600] {logging_mixin.py:190} INFO - [2025-02-11T09:06:40.882+0600] {dag.py:4180} INFO - Setting next_dagrun for dataset_produces_1 to 2025-02-10 00:00:00+00:00, run_after=2025-02-11 00:00:00+00:00
[2025-02-11T09:06:40.884+0600] {logging_mixin.py:190} INFO - [2025-02-11T09:06:40.884+0600] {dag.py:4180} INFO - Setting next_dagrun for dataset_produces_2 to None, run_after=None
[2025-02-11T09:06:40.932+0600] {processor.py:208} INFO - Processing /home/shamim/airflow_git/Airflow_project/air_venv/lib/python3.12/site-packages/airflow/example_dags/example_datasets.py took 1.008 seconds
[2025-02-11T09:08:04.214+0600] {processor.py:186} INFO - Started process (PID=8059) to work on /home/shamim/airflow_git/Airflow_project/air_venv/lib/python3.12/site-packages/airflow/example_dags/example_datasets.py
[2025-02-11T09:08:04.227+0600] {processor.py:914} INFO - Processing file /home/shamim/airflow_git/Airflow_project/air_venv/lib/python3.12/site-packages/airflow/example_dags/example_datasets.py for tasks to queue
[2025-02-11T09:08:04.229+0600] {logging_mixin.py:190} INFO - [2025-02-11T09:08:04.228+0600] {dagbag.py:588} INFO - Filling up the DagBag from /home/shamim/airflow_git/Airflow_project/air_venv/lib/python3.12/site-packages/airflow/example_dags/example_datasets.py
[2025-02-11T09:08:04.886+0600] {processor.py:925} INFO - DAG(s) 'dataset_consumes_1_and_2', 'consume_1_or_2_with_dataset_expressions', 'dataset_produces_1', 'consume_1_and_2_with_dataset_expressions', 'conditional_dataset_and_time_based_timetable', 'dataset_produces_2', 'dataset_consumes_1', 'dataset_consumes_1_never_scheduled', 'dataset_consumes_unknown_never_scheduled', 'consume_1_or_both_2_and_3_with_dataset_expressions' retrieved from /home/shamim/airflow_git/Airflow_project/air_venv/lib/python3.12/site-packages/airflow/example_dags/example_datasets.py
[2025-02-11T09:08:04.924+0600] {logging_mixin.py:190} INFO - [2025-02-11T09:08:04.924+0600] {dag.py:3239} INFO - Sync 10 DAGs
[2025-02-11T09:08:04.951+0600] {logging_mixin.py:190} INFO - [2025-02-11T09:08:04.951+0600] {dag.py:4180} INFO - Setting next_dagrun for conditional_dataset_and_time_based_timetable to 2025-02-05 01:00:00+00:00, run_after=2025-02-05 01:00:00+00:00
[2025-02-11T09:08:04.955+0600] {logging_mixin.py:190} INFO - [2025-02-11T09:08:04.955+0600] {dag.py:4180} INFO - Setting next_dagrun for consume_1_and_2_with_dataset_expressions to None, run_after=None
[2025-02-11T09:08:04.958+0600] {logging_mixin.py:190} INFO - [2025-02-11T09:08:04.957+0600] {dag.py:4180} INFO - Setting next_dagrun for consume_1_or_2_with_dataset_expressions to None, run_after=None
[2025-02-11T09:08:04.959+0600] {logging_mixin.py:190} INFO - [2025-02-11T09:08:04.959+0600] {dag.py:4180} INFO - Setting next_dagrun for consume_1_or_both_2_and_3_with_dataset_expressions to None, run_after=None
[2025-02-11T09:08:04.960+0600] {logging_mixin.py:190} INFO - [2025-02-11T09:08:04.960+0600] {dag.py:4180} INFO - Setting next_dagrun for dataset_consumes_1 to None, run_after=None
[2025-02-11T09:08:04.962+0600] {logging_mixin.py:190} INFO - [2025-02-11T09:08:04.961+0600] {dag.py:4180} INFO - Setting next_dagrun for dataset_consumes_1_and_2 to None, run_after=None
[2025-02-11T09:08:04.963+0600] {logging_mixin.py:190} INFO - [2025-02-11T09:08:04.963+0600] {dag.py:4180} INFO - Setting next_dagrun for dataset_consumes_1_never_scheduled to None, run_after=None
[2025-02-11T09:08:04.965+0600] {logging_mixin.py:190} INFO - [2025-02-11T09:08:04.964+0600] {dag.py:4180} INFO - Setting next_dagrun for dataset_consumes_unknown_never_scheduled to None, run_after=None
[2025-02-11T09:08:04.967+0600] {logging_mixin.py:190} INFO - [2025-02-11T09:08:04.967+0600] {dag.py:4180} INFO - Setting next_dagrun for dataset_produces_1 to 2025-02-10 00:00:00+00:00, run_after=2025-02-11 00:00:00+00:00
[2025-02-11T09:08:04.968+0600] {logging_mixin.py:190} INFO - [2025-02-11T09:08:04.968+0600] {dag.py:4180} INFO - Setting next_dagrun for dataset_produces_2 to None, run_after=None
[2025-02-11T09:08:05.006+0600] {processor.py:208} INFO - Processing /home/shamim/airflow_git/Airflow_project/air_venv/lib/python3.12/site-packages/airflow/example_dags/example_datasets.py took 0.800 seconds
[2025-02-11T09:09:30.727+0600] {processor.py:186} INFO - Started process (PID=8570) to work on /home/shamim/airflow_git/Airflow_project/air_venv/lib/python3.12/site-packages/airflow/example_dags/example_datasets.py
[2025-02-11T09:09:30.743+0600] {processor.py:914} INFO - Processing file /home/shamim/airflow_git/Airflow_project/air_venv/lib/python3.12/site-packages/airflow/example_dags/example_datasets.py for tasks to queue
[2025-02-11T09:09:30.748+0600] {logging_mixin.py:190} INFO - [2025-02-11T09:09:30.747+0600] {dagbag.py:588} INFO - Filling up the DagBag from /home/shamim/airflow_git/Airflow_project/air_venv/lib/python3.12/site-packages/airflow/example_dags/example_datasets.py
[2025-02-11T09:09:31.365+0600] {processor.py:925} INFO - DAG(s) 'dataset_consumes_1', 'consume_1_or_both_2_and_3_with_dataset_expressions', 'dataset_produces_2', 'consume_1_or_2_with_dataset_expressions', 'dataset_consumes_1_and_2', 'consume_1_and_2_with_dataset_expressions', 'conditional_dataset_and_time_based_timetable', 'dataset_consumes_1_never_scheduled', 'dataset_consumes_unknown_never_scheduled', 'dataset_produces_1' retrieved from /home/shamim/airflow_git/Airflow_project/air_venv/lib/python3.12/site-packages/airflow/example_dags/example_datasets.py
[2025-02-11T09:09:31.413+0600] {logging_mixin.py:190} INFO - [2025-02-11T09:09:31.412+0600] {dag.py:3239} INFO - Sync 10 DAGs
[2025-02-11T09:09:31.439+0600] {logging_mixin.py:190} INFO - [2025-02-11T09:09:31.439+0600] {dag.py:4180} INFO - Setting next_dagrun for conditional_dataset_and_time_based_timetable to 2025-02-05 01:00:00+00:00, run_after=2025-02-05 01:00:00+00:00
[2025-02-11T09:09:31.443+0600] {logging_mixin.py:190} INFO - [2025-02-11T09:09:31.443+0600] {dag.py:4180} INFO - Setting next_dagrun for consume_1_and_2_with_dataset_expressions to None, run_after=None
[2025-02-11T09:09:31.444+0600] {logging_mixin.py:190} INFO - [2025-02-11T09:09:31.444+0600] {dag.py:4180} INFO - Setting next_dagrun for consume_1_or_2_with_dataset_expressions to None, run_after=None
[2025-02-11T09:09:31.445+0600] {logging_mixin.py:190} INFO - [2025-02-11T09:09:31.445+0600] {dag.py:4180} INFO - Setting next_dagrun for consume_1_or_both_2_and_3_with_dataset_expressions to None, run_after=None
[2025-02-11T09:09:31.446+0600] {logging_mixin.py:190} INFO - [2025-02-11T09:09:31.446+0600] {dag.py:4180} INFO - Setting next_dagrun for dataset_consumes_1 to None, run_after=None
[2025-02-11T09:09:31.447+0600] {logging_mixin.py:190} INFO - [2025-02-11T09:09:31.447+0600] {dag.py:4180} INFO - Setting next_dagrun for dataset_consumes_1_and_2 to None, run_after=None
[2025-02-11T09:09:31.448+0600] {logging_mixin.py:190} INFO - [2025-02-11T09:09:31.448+0600] {dag.py:4180} INFO - Setting next_dagrun for dataset_consumes_1_never_scheduled to None, run_after=None
[2025-02-11T09:09:31.449+0600] {logging_mixin.py:190} INFO - [2025-02-11T09:09:31.449+0600] {dag.py:4180} INFO - Setting next_dagrun for dataset_consumes_unknown_never_scheduled to None, run_after=None
[2025-02-11T09:09:31.452+0600] {logging_mixin.py:190} INFO - [2025-02-11T09:09:31.452+0600] {dag.py:4180} INFO - Setting next_dagrun for dataset_produces_1 to 2025-02-10 00:00:00+00:00, run_after=2025-02-11 00:00:00+00:00
[2025-02-11T09:09:31.453+0600] {logging_mixin.py:190} INFO - [2025-02-11T09:09:31.453+0600] {dag.py:4180} INFO - Setting next_dagrun for dataset_produces_2 to None, run_after=None
[2025-02-11T09:09:31.503+0600] {processor.py:208} INFO - Processing /home/shamim/airflow_git/Airflow_project/air_venv/lib/python3.12/site-packages/airflow/example_dags/example_datasets.py took 0.798 seconds
[2025-02-11T09:10:51.434+0600] {processor.py:186} INFO - Started process (PID=9050) to work on /home/shamim/airflow_git/Airflow_project/air_venv/lib/python3.12/site-packages/airflow/example_dags/example_datasets.py
[2025-02-11T09:10:51.441+0600] {processor.py:914} INFO - Processing file /home/shamim/airflow_git/Airflow_project/air_venv/lib/python3.12/site-packages/airflow/example_dags/example_datasets.py for tasks to queue
[2025-02-11T09:10:51.444+0600] {logging_mixin.py:190} INFO - [2025-02-11T09:10:51.443+0600] {dagbag.py:588} INFO - Filling up the DagBag from /home/shamim/airflow_git/Airflow_project/air_venv/lib/python3.12/site-packages/airflow/example_dags/example_datasets.py
[2025-02-11T09:10:52.010+0600] {processor.py:925} INFO - DAG(s) 'dataset_consumes_unknown_never_scheduled', 'dataset_produces_2', 'consume_1_and_2_with_dataset_expressions', 'dataset_consumes_1_and_2', 'consume_1_or_2_with_dataset_expressions', 'consume_1_or_both_2_and_3_with_dataset_expressions', 'dataset_produces_1', 'dataset_consumes_1_never_scheduled', 'conditional_dataset_and_time_based_timetable', 'dataset_consumes_1' retrieved from /home/shamim/airflow_git/Airflow_project/air_venv/lib/python3.12/site-packages/airflow/example_dags/example_datasets.py
[2025-02-11T09:10:52.044+0600] {logging_mixin.py:190} INFO - [2025-02-11T09:10:52.044+0600] {dag.py:3239} INFO - Sync 10 DAGs
[2025-02-11T09:10:52.069+0600] {logging_mixin.py:190} INFO - [2025-02-11T09:10:52.069+0600] {dag.py:4180} INFO - Setting next_dagrun for conditional_dataset_and_time_based_timetable to 2025-02-05 01:00:00+00:00, run_after=2025-02-05 01:00:00+00:00
[2025-02-11T09:10:52.073+0600] {logging_mixin.py:190} INFO - [2025-02-11T09:10:52.073+0600] {dag.py:4180} INFO - Setting next_dagrun for consume_1_and_2_with_dataset_expressions to None, run_after=None
[2025-02-11T09:10:52.074+0600] {logging_mixin.py:190} INFO - [2025-02-11T09:10:52.074+0600] {dag.py:4180} INFO - Setting next_dagrun for consume_1_or_2_with_dataset_expressions to None, run_after=None
[2025-02-11T09:10:52.075+0600] {logging_mixin.py:190} INFO - [2025-02-11T09:10:52.075+0600] {dag.py:4180} INFO - Setting next_dagrun for consume_1_or_both_2_and_3_with_dataset_expressions to None, run_after=None
[2025-02-11T09:10:52.076+0600] {logging_mixin.py:190} INFO - [2025-02-11T09:10:52.076+0600] {dag.py:4180} INFO - Setting next_dagrun for dataset_consumes_1 to None, run_after=None
[2025-02-11T09:10:52.077+0600] {logging_mixin.py:190} INFO - [2025-02-11T09:10:52.077+0600] {dag.py:4180} INFO - Setting next_dagrun for dataset_consumes_1_and_2 to None, run_after=None
[2025-02-11T09:10:52.078+0600] {logging_mixin.py:190} INFO - [2025-02-11T09:10:52.078+0600] {dag.py:4180} INFO - Setting next_dagrun for dataset_consumes_1_never_scheduled to None, run_after=None
[2025-02-11T09:10:52.080+0600] {logging_mixin.py:190} INFO - [2025-02-11T09:10:52.080+0600] {dag.py:4180} INFO - Setting next_dagrun for dataset_consumes_unknown_never_scheduled to None, run_after=None
[2025-02-11T09:10:52.082+0600] {logging_mixin.py:190} INFO - [2025-02-11T09:10:52.082+0600] {dag.py:4180} INFO - Setting next_dagrun for dataset_produces_1 to 2025-02-10 00:00:00+00:00, run_after=2025-02-11 00:00:00+00:00
[2025-02-11T09:10:52.084+0600] {logging_mixin.py:190} INFO - [2025-02-11T09:10:52.083+0600] {dag.py:4180} INFO - Setting next_dagrun for dataset_produces_2 to None, run_after=None
[2025-02-11T09:10:52.130+0600] {processor.py:208} INFO - Processing /home/shamim/airflow_git/Airflow_project/air_venv/lib/python3.12/site-packages/airflow/example_dags/example_datasets.py took 0.704 seconds
[2025-02-11T09:12:14.056+0600] {processor.py:186} INFO - Started process (PID=9568) to work on /home/shamim/airflow_git/Airflow_project/air_venv/lib/python3.12/site-packages/airflow/example_dags/example_datasets.py
[2025-02-11T09:12:14.061+0600] {processor.py:914} INFO - Processing file /home/shamim/airflow_git/Airflow_project/air_venv/lib/python3.12/site-packages/airflow/example_dags/example_datasets.py for tasks to queue
[2025-02-11T09:12:14.062+0600] {logging_mixin.py:190} INFO - [2025-02-11T09:12:14.062+0600] {dagbag.py:588} INFO - Filling up the DagBag from /home/shamim/airflow_git/Airflow_project/air_venv/lib/python3.12/site-packages/airflow/example_dags/example_datasets.py
[2025-02-11T09:12:14.776+0600] {processor.py:925} INFO - DAG(s) 'consume_1_or_both_2_and_3_with_dataset_expressions', 'dataset_consumes_1_never_scheduled', 'dataset_consumes_unknown_never_scheduled', 'dataset_produces_1', 'dataset_produces_2', 'conditional_dataset_and_time_based_timetable', 'dataset_consumes_1', 'consume_1_or_2_with_dataset_expressions', 'consume_1_and_2_with_dataset_expressions', 'dataset_consumes_1_and_2' retrieved from /home/shamim/airflow_git/Airflow_project/air_venv/lib/python3.12/site-packages/airflow/example_dags/example_datasets.py
[2025-02-11T09:12:14.816+0600] {logging_mixin.py:190} INFO - [2025-02-11T09:12:14.816+0600] {dag.py:3239} INFO - Sync 10 DAGs
[2025-02-11T09:12:14.850+0600] {logging_mixin.py:190} INFO - [2025-02-11T09:12:14.849+0600] {dag.py:4180} INFO - Setting next_dagrun for conditional_dataset_and_time_based_timetable to 2025-02-05 01:00:00+00:00, run_after=2025-02-05 01:00:00+00:00
[2025-02-11T09:12:14.853+0600] {logging_mixin.py:190} INFO - [2025-02-11T09:12:14.853+0600] {dag.py:4180} INFO - Setting next_dagrun for consume_1_and_2_with_dataset_expressions to None, run_after=None
[2025-02-11T09:12:14.856+0600] {logging_mixin.py:190} INFO - [2025-02-11T09:12:14.856+0600] {dag.py:4180} INFO - Setting next_dagrun for consume_1_or_2_with_dataset_expressions to None, run_after=None
[2025-02-11T09:12:14.857+0600] {logging_mixin.py:190} INFO - [2025-02-11T09:12:14.857+0600] {dag.py:4180} INFO - Setting next_dagrun for consume_1_or_both_2_and_3_with_dataset_expressions to None, run_after=None
[2025-02-11T09:12:14.858+0600] {logging_mixin.py:190} INFO - [2025-02-11T09:12:14.858+0600] {dag.py:4180} INFO - Setting next_dagrun for dataset_consumes_1 to None, run_after=None
[2025-02-11T09:12:14.859+0600] {logging_mixin.py:190} INFO - [2025-02-11T09:12:14.859+0600] {dag.py:4180} INFO - Setting next_dagrun for dataset_consumes_1_and_2 to None, run_after=None
[2025-02-11T09:12:14.860+0600] {logging_mixin.py:190} INFO - [2025-02-11T09:12:14.860+0600] {dag.py:4180} INFO - Setting next_dagrun for dataset_consumes_1_never_scheduled to None, run_after=None
[2025-02-11T09:12:14.861+0600] {logging_mixin.py:190} INFO - [2025-02-11T09:12:14.861+0600] {dag.py:4180} INFO - Setting next_dagrun for dataset_consumes_unknown_never_scheduled to None, run_after=None
[2025-02-11T09:12:14.864+0600] {logging_mixin.py:190} INFO - [2025-02-11T09:12:14.864+0600] {dag.py:4180} INFO - Setting next_dagrun for dataset_produces_1 to 2025-02-10 00:00:00+00:00, run_after=2025-02-11 00:00:00+00:00
[2025-02-11T09:12:14.865+0600] {logging_mixin.py:190} INFO - [2025-02-11T09:12:14.865+0600] {dag.py:4180} INFO - Setting next_dagrun for dataset_produces_2 to None, run_after=None
[2025-02-11T09:12:14.899+0600] {processor.py:208} INFO - Processing /home/shamim/airflow_git/Airflow_project/air_venv/lib/python3.12/site-packages/airflow/example_dags/example_datasets.py took 0.852 seconds
[2025-02-11T09:13:35.696+0600] {processor.py:186} INFO - Started process (PID=10074) to work on /home/shamim/airflow_git/Airflow_project/air_venv/lib/python3.12/site-packages/airflow/example_dags/example_datasets.py
[2025-02-11T09:13:35.700+0600] {processor.py:914} INFO - Processing file /home/shamim/airflow_git/Airflow_project/air_venv/lib/python3.12/site-packages/airflow/example_dags/example_datasets.py for tasks to queue
[2025-02-11T09:13:35.702+0600] {logging_mixin.py:190} INFO - [2025-02-11T09:13:35.702+0600] {dagbag.py:588} INFO - Filling up the DagBag from /home/shamim/airflow_git/Airflow_project/air_venv/lib/python3.12/site-packages/airflow/example_dags/example_datasets.py
[2025-02-11T09:13:36.231+0600] {processor.py:925} INFO - DAG(s) 'dataset_consumes_unknown_never_scheduled', 'consume_1_or_2_with_dataset_expressions', 'dataset_consumes_1_and_2', 'consume_1_or_both_2_and_3_with_dataset_expressions', 'conditional_dataset_and_time_based_timetable', 'dataset_produces_1', 'dataset_consumes_1_never_scheduled', 'dataset_produces_2', 'consume_1_and_2_with_dataset_expressions', 'dataset_consumes_1' retrieved from /home/shamim/airflow_git/Airflow_project/air_venv/lib/python3.12/site-packages/airflow/example_dags/example_datasets.py
[2025-02-11T09:13:36.266+0600] {logging_mixin.py:190} INFO - [2025-02-11T09:13:36.266+0600] {dag.py:3239} INFO - Sync 10 DAGs
[2025-02-11T09:13:36.291+0600] {logging_mixin.py:190} INFO - [2025-02-11T09:13:36.290+0600] {dag.py:4180} INFO - Setting next_dagrun for conditional_dataset_and_time_based_timetable to 2025-02-05 01:00:00+00:00, run_after=2025-02-05 01:00:00+00:00
[2025-02-11T09:13:36.294+0600] {logging_mixin.py:190} INFO - [2025-02-11T09:13:36.294+0600] {dag.py:4180} INFO - Setting next_dagrun for consume_1_and_2_with_dataset_expressions to None, run_after=None
[2025-02-11T09:13:36.295+0600] {logging_mixin.py:190} INFO - [2025-02-11T09:13:36.295+0600] {dag.py:4180} INFO - Setting next_dagrun for consume_1_or_2_with_dataset_expressions to None, run_after=None
[2025-02-11T09:13:36.296+0600] {logging_mixin.py:190} INFO - [2025-02-11T09:13:36.296+0600] {dag.py:4180} INFO - Setting next_dagrun for consume_1_or_both_2_and_3_with_dataset_expressions to None, run_after=None
[2025-02-11T09:13:36.297+0600] {logging_mixin.py:190} INFO - [2025-02-11T09:13:36.297+0600] {dag.py:4180} INFO - Setting next_dagrun for dataset_consumes_1 to None, run_after=None
[2025-02-11T09:13:36.298+0600] {logging_mixin.py:190} INFO - [2025-02-11T09:13:36.298+0600] {dag.py:4180} INFO - Setting next_dagrun for dataset_consumes_1_and_2 to None, run_after=None
[2025-02-11T09:13:36.299+0600] {logging_mixin.py:190} INFO - [2025-02-11T09:13:36.299+0600] {dag.py:4180} INFO - Setting next_dagrun for dataset_consumes_1_never_scheduled to None, run_after=None
[2025-02-11T09:13:36.300+0600] {logging_mixin.py:190} INFO - [2025-02-11T09:13:36.300+0600] {dag.py:4180} INFO - Setting next_dagrun for dataset_consumes_unknown_never_scheduled to None, run_after=None
[2025-02-11T09:13:36.303+0600] {logging_mixin.py:190} INFO - [2025-02-11T09:13:36.302+0600] {dag.py:4180} INFO - Setting next_dagrun for dataset_produces_1 to 2025-02-10 00:00:00+00:00, run_after=2025-02-11 00:00:00+00:00
[2025-02-11T09:13:36.304+0600] {logging_mixin.py:190} INFO - [2025-02-11T09:13:36.303+0600] {dag.py:4180} INFO - Setting next_dagrun for dataset_produces_2 to None, run_after=None
[2025-02-11T09:13:36.339+0600] {processor.py:208} INFO - Processing /home/shamim/airflow_git/Airflow_project/air_venv/lib/python3.12/site-packages/airflow/example_dags/example_datasets.py took 0.650 seconds
