[2025-02-11T09:00:03.597+0600] {processor.py:186} INFO - Started process (PID=5760) to work on /home/shamim/airflow_git/Airflow_project/air_venv/lib/python3.12/site-packages/airflow/example_dags/example_branch_datetime_operator.py
[2025-02-11T09:00:03.598+0600] {processor.py:914} INFO - Processing file /home/shamim/airflow_git/Airflow_project/air_venv/lib/python3.12/site-packages/airflow/example_dags/example_branch_datetime_operator.py for tasks to queue
[2025-02-11T09:00:03.602+0600] {logging_mixin.py:190} INFO - [2025-02-11T09:00:03.601+0600] {dagbag.py:588} INFO - Filling up the DagBag from /home/shamim/airflow_git/Airflow_project/air_venv/lib/python3.12/site-packages/airflow/example_dags/example_branch_datetime_operator.py
[2025-02-11T09:00:03.617+0600] {processor.py:925} INFO - DAG(s) 'example_branch_datetime_operator_2', 'example_branch_datetime_operator', 'example_branch_datetime_operator_3' retrieved from /home/shamim/airflow_git/Airflow_project/air_venv/lib/python3.12/site-packages/airflow/example_dags/example_branch_datetime_operator.py
[2025-02-11T09:00:03.641+0600] {logging_mixin.py:190} INFO - [2025-02-11T09:00:03.641+0600] {dag.py:3239} INFO - Sync 3 DAGs
[2025-02-11T09:00:03.668+0600] {logging_mixin.py:190} INFO - [2025-02-11T09:00:03.668+0600] {dag.py:4180} INFO - Setting next_dagrun for example_branch_datetime_operator to 2025-02-10 00:00:00+00:00, run_after=2025-02-11 00:00:00+00:00
[2025-02-11T09:00:03.673+0600] {logging_mixin.py:190} INFO - [2025-02-11T09:00:03.673+0600] {dag.py:4180} INFO - Setting next_dagrun for example_branch_datetime_operator_2 to 2025-02-10 00:00:00+00:00, run_after=2025-02-11 00:00:00+00:00
[2025-02-11T09:00:03.676+0600] {logging_mixin.py:190} INFO - [2025-02-11T09:00:03.676+0600] {dag.py:4180} INFO - Setting next_dagrun for example_branch_datetime_operator_3 to 2025-02-10 00:00:00+00:00, run_after=2025-02-11 00:00:00+00:00
[2025-02-11T09:00:03.698+0600] {processor.py:208} INFO - Processing /home/shamim/airflow_git/Airflow_project/air_venv/lib/python3.12/site-packages/airflow/example_dags/example_branch_datetime_operator.py took 0.109 seconds
[2025-02-11T09:01:29.934+0600] {processor.py:186} INFO - Started process (PID=6025) to work on /home/shamim/airflow_git/Airflow_project/air_venv/lib/python3.12/site-packages/airflow/example_dags/example_branch_datetime_operator.py
[2025-02-11T09:01:29.935+0600] {processor.py:914} INFO - Processing file /home/shamim/airflow_git/Airflow_project/air_venv/lib/python3.12/site-packages/airflow/example_dags/example_branch_datetime_operator.py for tasks to queue
[2025-02-11T09:01:29.939+0600] {logging_mixin.py:190} INFO - [2025-02-11T09:01:29.938+0600] {dagbag.py:588} INFO - Filling up the DagBag from /home/shamim/airflow_git/Airflow_project/air_venv/lib/python3.12/site-packages/airflow/example_dags/example_branch_datetime_operator.py
[2025-02-11T09:01:29.965+0600] {processor.py:925} INFO - DAG(s) 'example_branch_datetime_operator_2', 'example_branch_datetime_operator_3', 'example_branch_datetime_operator' retrieved from /home/shamim/airflow_git/Airflow_project/air_venv/lib/python3.12/site-packages/airflow/example_dags/example_branch_datetime_operator.py
[2025-02-11T09:01:30.052+0600] {logging_mixin.py:190} INFO - [2025-02-11T09:01:30.034+0600] {dag.py:3239} INFO - Sync 3 DAGs
[2025-02-11T09:01:30.119+0600] {logging_mixin.py:190} INFO - [2025-02-11T09:01:30.119+0600] {dag.py:4180} INFO - Setting next_dagrun for example_branch_datetime_operator to 2025-02-10 00:00:00+00:00, run_after=2025-02-11 00:00:00+00:00
[2025-02-11T09:01:30.127+0600] {logging_mixin.py:190} INFO - [2025-02-11T09:01:30.127+0600] {dag.py:4180} INFO - Setting next_dagrun for example_branch_datetime_operator_2 to 2025-02-10 00:00:00+00:00, run_after=2025-02-11 00:00:00+00:00
[2025-02-11T09:01:30.130+0600] {logging_mixin.py:190} INFO - [2025-02-11T09:01:30.130+0600] {dag.py:4180} INFO - Setting next_dagrun for example_branch_datetime_operator_3 to 2025-02-10 00:00:00+00:00, run_after=2025-02-11 00:00:00+00:00
[2025-02-11T09:01:30.157+0600] {processor.py:208} INFO - Processing /home/shamim/airflow_git/Airflow_project/air_venv/lib/python3.12/site-packages/airflow/example_dags/example_branch_datetime_operator.py took 0.237 seconds
[2025-02-11T09:02:55.578+0600] {processor.py:186} INFO - Started process (PID=6517) to work on /home/shamim/airflow_git/Airflow_project/air_venv/lib/python3.12/site-packages/airflow/example_dags/example_branch_datetime_operator.py
[2025-02-11T09:02:55.581+0600] {processor.py:914} INFO - Processing file /home/shamim/airflow_git/Airflow_project/air_venv/lib/python3.12/site-packages/airflow/example_dags/example_branch_datetime_operator.py for tasks to queue
[2025-02-11T09:02:55.584+0600] {logging_mixin.py:190} INFO - [2025-02-11T09:02:55.583+0600] {dagbag.py:588} INFO - Filling up the DagBag from /home/shamim/airflow_git/Airflow_project/air_venv/lib/python3.12/site-packages/airflow/example_dags/example_branch_datetime_operator.py
[2025-02-11T09:02:55.608+0600] {processor.py:925} INFO - DAG(s) 'example_branch_datetime_operator', 'example_branch_datetime_operator_2', 'example_branch_datetime_operator_3' retrieved from /home/shamim/airflow_git/Airflow_project/air_venv/lib/python3.12/site-packages/airflow/example_dags/example_branch_datetime_operator.py
[2025-02-11T09:02:55.649+0600] {logging_mixin.py:190} INFO - [2025-02-11T09:02:55.649+0600] {dag.py:3239} INFO - Sync 3 DAGs
[2025-02-11T09:02:55.695+0600] {logging_mixin.py:190} INFO - [2025-02-11T09:02:55.694+0600] {dag.py:4180} INFO - Setting next_dagrun for example_branch_datetime_operator to 2025-02-10 00:00:00+00:00, run_after=2025-02-11 00:00:00+00:00
[2025-02-11T09:02:55.704+0600] {logging_mixin.py:190} INFO - [2025-02-11T09:02:55.703+0600] {dag.py:4180} INFO - Setting next_dagrun for example_branch_datetime_operator_2 to 2025-02-10 00:00:00+00:00, run_after=2025-02-11 00:00:00+00:00
[2025-02-11T09:02:55.709+0600] {logging_mixin.py:190} INFO - [2025-02-11T09:02:55.709+0600] {dag.py:4180} INFO - Setting next_dagrun for example_branch_datetime_operator_3 to 2025-02-10 00:00:00+00:00, run_after=2025-02-11 00:00:00+00:00
[2025-02-11T09:02:55.754+0600] {processor.py:208} INFO - Processing /home/shamim/airflow_git/Airflow_project/air_venv/lib/python3.12/site-packages/airflow/example_dags/example_branch_datetime_operator.py took 0.185 seconds
[2025-02-11T09:04:16.947+0600] {processor.py:186} INFO - Started process (PID=6912) to work on /home/shamim/airflow_git/Airflow_project/air_venv/lib/python3.12/site-packages/airflow/example_dags/example_branch_datetime_operator.py
[2025-02-11T09:04:16.954+0600] {processor.py:914} INFO - Processing file /home/shamim/airflow_git/Airflow_project/air_venv/lib/python3.12/site-packages/airflow/example_dags/example_branch_datetime_operator.py for tasks to queue
[2025-02-11T09:04:16.956+0600] {logging_mixin.py:190} INFO - [2025-02-11T09:04:16.955+0600] {dagbag.py:588} INFO - Filling up the DagBag from /home/shamim/airflow_git/Airflow_project/air_venv/lib/python3.12/site-packages/airflow/example_dags/example_branch_datetime_operator.py
[2025-02-11T09:04:16.972+0600] {processor.py:925} INFO - DAG(s) 'example_branch_datetime_operator_3', 'example_branch_datetime_operator_2', 'example_branch_datetime_operator' retrieved from /home/shamim/airflow_git/Airflow_project/air_venv/lib/python3.12/site-packages/airflow/example_dags/example_branch_datetime_operator.py
[2025-02-11T09:04:16.997+0600] {logging_mixin.py:190} INFO - [2025-02-11T09:04:16.997+0600] {dag.py:3239} INFO - Sync 3 DAGs
[2025-02-11T09:04:17.023+0600] {logging_mixin.py:190} INFO - [2025-02-11T09:04:17.023+0600] {dag.py:4180} INFO - Setting next_dagrun for example_branch_datetime_operator to 2025-02-10 00:00:00+00:00, run_after=2025-02-11 00:00:00+00:00
[2025-02-11T09:04:17.029+0600] {logging_mixin.py:190} INFO - [2025-02-11T09:04:17.028+0600] {dag.py:4180} INFO - Setting next_dagrun for example_branch_datetime_operator_2 to 2025-02-10 00:00:00+00:00, run_after=2025-02-11 00:00:00+00:00
[2025-02-11T09:04:17.031+0600] {logging_mixin.py:190} INFO - [2025-02-11T09:04:17.031+0600] {dag.py:4180} INFO - Setting next_dagrun for example_branch_datetime_operator_3 to 2025-02-10 00:00:00+00:00, run_after=2025-02-11 00:00:00+00:00
[2025-02-11T09:04:17.055+0600] {processor.py:208} INFO - Processing /home/shamim/airflow_git/Airflow_project/air_venv/lib/python3.12/site-packages/airflow/example_dags/example_branch_datetime_operator.py took 0.115 seconds
[2025-02-11T09:05:33.802+0600] {processor.py:186} INFO - Started process (PID=7263) to work on /home/shamim/airflow_git/Airflow_project/air_venv/lib/python3.12/site-packages/airflow/example_dags/example_branch_datetime_operator.py
[2025-02-11T09:05:33.809+0600] {processor.py:914} INFO - Processing file /home/shamim/airflow_git/Airflow_project/air_venv/lib/python3.12/site-packages/airflow/example_dags/example_branch_datetime_operator.py for tasks to queue
[2025-02-11T09:05:33.810+0600] {logging_mixin.py:190} INFO - [2025-02-11T09:05:33.810+0600] {dagbag.py:588} INFO - Filling up the DagBag from /home/shamim/airflow_git/Airflow_project/air_venv/lib/python3.12/site-packages/airflow/example_dags/example_branch_datetime_operator.py
[2025-02-11T09:05:33.826+0600] {processor.py:925} INFO - DAG(s) 'example_branch_datetime_operator_3', 'example_branch_datetime_operator', 'example_branch_datetime_operator_2' retrieved from /home/shamim/airflow_git/Airflow_project/air_venv/lib/python3.12/site-packages/airflow/example_dags/example_branch_datetime_operator.py
[2025-02-11T09:05:33.856+0600] {logging_mixin.py:190} INFO - [2025-02-11T09:05:33.856+0600] {dag.py:3239} INFO - Sync 3 DAGs
[2025-02-11T09:05:33.886+0600] {logging_mixin.py:190} INFO - [2025-02-11T09:05:33.886+0600] {dag.py:4180} INFO - Setting next_dagrun for example_branch_datetime_operator to 2025-02-10 00:00:00+00:00, run_after=2025-02-11 00:00:00+00:00
[2025-02-11T09:05:33.893+0600] {logging_mixin.py:190} INFO - [2025-02-11T09:05:33.892+0600] {dag.py:4180} INFO - Setting next_dagrun for example_branch_datetime_operator_2 to 2025-02-10 00:00:00+00:00, run_after=2025-02-11 00:00:00+00:00
[2025-02-11T09:05:33.896+0600] {logging_mixin.py:190} INFO - [2025-02-11T09:05:33.896+0600] {dag.py:4180} INFO - Setting next_dagrun for example_branch_datetime_operator_3 to 2025-02-10 00:00:00+00:00, run_after=2025-02-11 00:00:00+00:00
[2025-02-11T09:05:33.936+0600] {processor.py:208} INFO - Processing /home/shamim/airflow_git/Airflow_project/air_venv/lib/python3.12/site-packages/airflow/example_dags/example_branch_datetime_operator.py took 0.143 seconds
[2025-02-11T09:06:53.925+0600] {processor.py:186} INFO - Started process (PID=7620) to work on /home/shamim/airflow_git/Airflow_project/air_venv/lib/python3.12/site-packages/airflow/example_dags/example_branch_datetime_operator.py
[2025-02-11T09:06:53.931+0600] {processor.py:914} INFO - Processing file /home/shamim/airflow_git/Airflow_project/air_venv/lib/python3.12/site-packages/airflow/example_dags/example_branch_datetime_operator.py for tasks to queue
[2025-02-11T09:06:53.934+0600] {logging_mixin.py:190} INFO - [2025-02-11T09:06:53.933+0600] {dagbag.py:588} INFO - Filling up the DagBag from /home/shamim/airflow_git/Airflow_project/air_venv/lib/python3.12/site-packages/airflow/example_dags/example_branch_datetime_operator.py
[2025-02-11T09:06:53.954+0600] {processor.py:925} INFO - DAG(s) 'example_branch_datetime_operator_3', 'example_branch_datetime_operator_2', 'example_branch_datetime_operator' retrieved from /home/shamim/airflow_git/Airflow_project/air_venv/lib/python3.12/site-packages/airflow/example_dags/example_branch_datetime_operator.py
[2025-02-11T09:06:53.989+0600] {logging_mixin.py:190} INFO - [2025-02-11T09:06:53.988+0600] {dag.py:3239} INFO - Sync 3 DAGs
[2025-02-11T09:06:54.019+0600] {logging_mixin.py:190} INFO - [2025-02-11T09:06:54.019+0600] {dag.py:4180} INFO - Setting next_dagrun for example_branch_datetime_operator to 2025-02-10 00:00:00+00:00, run_after=2025-02-11 00:00:00+00:00
[2025-02-11T09:06:54.025+0600] {logging_mixin.py:190} INFO - [2025-02-11T09:06:54.024+0600] {dag.py:4180} INFO - Setting next_dagrun for example_branch_datetime_operator_2 to 2025-02-10 00:00:00+00:00, run_after=2025-02-11 00:00:00+00:00
[2025-02-11T09:06:54.028+0600] {logging_mixin.py:190} INFO - [2025-02-11T09:06:54.027+0600] {dag.py:4180} INFO - Setting next_dagrun for example_branch_datetime_operator_3 to 2025-02-10 00:00:00+00:00, run_after=2025-02-11 00:00:00+00:00
[2025-02-11T09:06:54.061+0600] {processor.py:208} INFO - Processing /home/shamim/airflow_git/Airflow_project/air_venv/lib/python3.12/site-packages/airflow/example_dags/example_branch_datetime_operator.py took 0.145 seconds
[2025-02-11T09:08:17.889+0600] {processor.py:186} INFO - Started process (PID=8145) to work on /home/shamim/airflow_git/Airflow_project/air_venv/lib/python3.12/site-packages/airflow/example_dags/example_branch_datetime_operator.py
[2025-02-11T09:08:17.896+0600] {processor.py:914} INFO - Processing file /home/shamim/airflow_git/Airflow_project/air_venv/lib/python3.12/site-packages/airflow/example_dags/example_branch_datetime_operator.py for tasks to queue
[2025-02-11T09:08:17.898+0600] {logging_mixin.py:190} INFO - [2025-02-11T09:08:17.898+0600] {dagbag.py:588} INFO - Filling up the DagBag from /home/shamim/airflow_git/Airflow_project/air_venv/lib/python3.12/site-packages/airflow/example_dags/example_branch_datetime_operator.py
[2025-02-11T09:08:17.919+0600] {processor.py:925} INFO - DAG(s) 'example_branch_datetime_operator', 'example_branch_datetime_operator_3', 'example_branch_datetime_operator_2' retrieved from /home/shamim/airflow_git/Airflow_project/air_venv/lib/python3.12/site-packages/airflow/example_dags/example_branch_datetime_operator.py
[2025-02-11T09:08:17.955+0600] {logging_mixin.py:190} INFO - [2025-02-11T09:08:17.955+0600] {dag.py:3239} INFO - Sync 3 DAGs
[2025-02-11T09:08:17.989+0600] {logging_mixin.py:190} INFO - [2025-02-11T09:08:17.989+0600] {dag.py:4180} INFO - Setting next_dagrun for example_branch_datetime_operator to 2025-02-10 00:00:00+00:00, run_after=2025-02-11 00:00:00+00:00
[2025-02-11T09:08:17.998+0600] {logging_mixin.py:190} INFO - [2025-02-11T09:08:17.998+0600] {dag.py:4180} INFO - Setting next_dagrun for example_branch_datetime_operator_2 to 2025-02-10 00:00:00+00:00, run_after=2025-02-11 00:00:00+00:00
[2025-02-11T09:08:18.001+0600] {logging_mixin.py:190} INFO - [2025-02-11T09:08:18.001+0600] {dag.py:4180} INFO - Setting next_dagrun for example_branch_datetime_operator_3 to 2025-02-10 00:00:00+00:00, run_after=2025-02-11 00:00:00+00:00
[2025-02-11T09:08:18.044+0600] {processor.py:208} INFO - Processing /home/shamim/airflow_git/Airflow_project/air_venv/lib/python3.12/site-packages/airflow/example_dags/example_branch_datetime_operator.py took 0.177 seconds
[2025-02-11T09:09:43.832+0600] {processor.py:186} INFO - Started process (PID=8657) to work on /home/shamim/airflow_git/Airflow_project/air_venv/lib/python3.12/site-packages/airflow/example_dags/example_branch_datetime_operator.py
[2025-02-11T09:09:43.859+0600] {processor.py:914} INFO - Processing file /home/shamim/airflow_git/Airflow_project/air_venv/lib/python3.12/site-packages/airflow/example_dags/example_branch_datetime_operator.py for tasks to queue
[2025-02-11T09:09:43.861+0600] {logging_mixin.py:190} INFO - [2025-02-11T09:09:43.860+0600] {dagbag.py:588} INFO - Filling up the DagBag from /home/shamim/airflow_git/Airflow_project/air_venv/lib/python3.12/site-packages/airflow/example_dags/example_branch_datetime_operator.py
[2025-02-11T09:09:43.892+0600] {processor.py:925} INFO - DAG(s) 'example_branch_datetime_operator_2', 'example_branch_datetime_operator_3', 'example_branch_datetime_operator' retrieved from /home/shamim/airflow_git/Airflow_project/air_venv/lib/python3.12/site-packages/airflow/example_dags/example_branch_datetime_operator.py
[2025-02-11T09:09:43.919+0600] {logging_mixin.py:190} INFO - [2025-02-11T09:09:43.919+0600] {dag.py:3239} INFO - Sync 3 DAGs
[2025-02-11T09:09:43.945+0600] {logging_mixin.py:190} INFO - [2025-02-11T09:09:43.945+0600] {dag.py:4180} INFO - Setting next_dagrun for example_branch_datetime_operator to 2025-02-10 00:00:00+00:00, run_after=2025-02-11 00:00:00+00:00
[2025-02-11T09:09:43.952+0600] {logging_mixin.py:190} INFO - [2025-02-11T09:09:43.951+0600] {dag.py:4180} INFO - Setting next_dagrun for example_branch_datetime_operator_2 to 2025-02-10 00:00:00+00:00, run_after=2025-02-11 00:00:00+00:00
[2025-02-11T09:09:43.954+0600] {logging_mixin.py:190} INFO - [2025-02-11T09:09:43.954+0600] {dag.py:4180} INFO - Setting next_dagrun for example_branch_datetime_operator_3 to 2025-02-10 00:00:00+00:00, run_after=2025-02-11 00:00:00+00:00
[2025-02-11T09:09:43.974+0600] {processor.py:208} INFO - Processing /home/shamim/airflow_git/Airflow_project/air_venv/lib/python3.12/site-packages/airflow/example_dags/example_branch_datetime_operator.py took 0.149 seconds
[2025-02-11T09:11:03.905+0600] {processor.py:186} INFO - Started process (PID=9137) to work on /home/shamim/airflow_git/Airflow_project/air_venv/lib/python3.12/site-packages/airflow/example_dags/example_branch_datetime_operator.py
[2025-02-11T09:11:03.920+0600] {processor.py:914} INFO - Processing file /home/shamim/airflow_git/Airflow_project/air_venv/lib/python3.12/site-packages/airflow/example_dags/example_branch_datetime_operator.py for tasks to queue
[2025-02-11T09:11:03.925+0600] {logging_mixin.py:190} INFO - [2025-02-11T09:11:03.923+0600] {dagbag.py:588} INFO - Filling up the DagBag from /home/shamim/airflow_git/Airflow_project/air_venv/lib/python3.12/site-packages/airflow/example_dags/example_branch_datetime_operator.py
[2025-02-11T09:11:03.953+0600] {processor.py:925} INFO - DAG(s) 'example_branch_datetime_operator_3', 'example_branch_datetime_operator', 'example_branch_datetime_operator_2' retrieved from /home/shamim/airflow_git/Airflow_project/air_venv/lib/python3.12/site-packages/airflow/example_dags/example_branch_datetime_operator.py
[2025-02-11T09:11:03.978+0600] {logging_mixin.py:190} INFO - [2025-02-11T09:11:03.977+0600] {dag.py:3239} INFO - Sync 3 DAGs
[2025-02-11T09:11:04.004+0600] {logging_mixin.py:190} INFO - [2025-02-11T09:11:04.004+0600] {dag.py:4180} INFO - Setting next_dagrun for example_branch_datetime_operator to 2025-02-10 00:00:00+00:00, run_after=2025-02-11 00:00:00+00:00
[2025-02-11T09:11:04.011+0600] {logging_mixin.py:190} INFO - [2025-02-11T09:11:04.010+0600] {dag.py:4180} INFO - Setting next_dagrun for example_branch_datetime_operator_2 to 2025-02-10 00:00:00+00:00, run_after=2025-02-11 00:00:00+00:00
[2025-02-11T09:11:04.013+0600] {logging_mixin.py:190} INFO - [2025-02-11T09:11:04.013+0600] {dag.py:4180} INFO - Setting next_dagrun for example_branch_datetime_operator_3 to 2025-02-10 00:00:00+00:00, run_after=2025-02-11 00:00:00+00:00
[2025-02-11T09:11:04.033+0600] {processor.py:208} INFO - Processing /home/shamim/airflow_git/Airflow_project/air_venv/lib/python3.12/site-packages/airflow/example_dags/example_branch_datetime_operator.py took 0.136 seconds
[2025-02-11T09:12:27.726+0600] {processor.py:186} INFO - Started process (PID=9657) to work on /home/shamim/airflow_git/Airflow_project/air_venv/lib/python3.12/site-packages/airflow/example_dags/example_branch_datetime_operator.py
[2025-02-11T09:12:27.735+0600] {processor.py:914} INFO - Processing file /home/shamim/airflow_git/Airflow_project/air_venv/lib/python3.12/site-packages/airflow/example_dags/example_branch_datetime_operator.py for tasks to queue
[2025-02-11T09:12:27.738+0600] {logging_mixin.py:190} INFO - [2025-02-11T09:12:27.736+0600] {dagbag.py:588} INFO - Filling up the DagBag from /home/shamim/airflow_git/Airflow_project/air_venv/lib/python3.12/site-packages/airflow/example_dags/example_branch_datetime_operator.py
[2025-02-11T09:12:27.775+0600] {processor.py:925} INFO - DAG(s) 'example_branch_datetime_operator_2', 'example_branch_datetime_operator', 'example_branch_datetime_operator_3' retrieved from /home/shamim/airflow_git/Airflow_project/air_venv/lib/python3.12/site-packages/airflow/example_dags/example_branch_datetime_operator.py
[2025-02-11T09:12:27.857+0600] {logging_mixin.py:190} INFO - [2025-02-11T09:12:27.857+0600] {dag.py:3239} INFO - Sync 3 DAGs
[2025-02-11T09:12:27.936+0600] {logging_mixin.py:190} INFO - [2025-02-11T09:12:27.935+0600] {dag.py:4180} INFO - Setting next_dagrun for example_branch_datetime_operator to 2025-02-10 00:00:00+00:00, run_after=2025-02-11 00:00:00+00:00
[2025-02-11T09:12:27.949+0600] {logging_mixin.py:190} INFO - [2025-02-11T09:12:27.948+0600] {dag.py:4180} INFO - Setting next_dagrun for example_branch_datetime_operator_2 to 2025-02-10 00:00:00+00:00, run_after=2025-02-11 00:00:00+00:00
[2025-02-11T09:12:27.952+0600] {logging_mixin.py:190} INFO - [2025-02-11T09:12:27.952+0600] {dag.py:4180} INFO - Setting next_dagrun for example_branch_datetime_operator_3 to 2025-02-10 00:00:00+00:00, run_after=2025-02-11 00:00:00+00:00
[2025-02-11T09:12:27.985+0600] {processor.py:208} INFO - Processing /home/shamim/airflow_git/Airflow_project/air_venv/lib/python3.12/site-packages/airflow/example_dags/example_branch_datetime_operator.py took 0.274 seconds
[2025-02-11T09:13:48.328+0600] {processor.py:186} INFO - Started process (PID=10090) to work on /home/shamim/airflow_git/Airflow_project/air_venv/lib/python3.12/site-packages/airflow/example_dags/example_branch_datetime_operator.py
[2025-02-11T09:13:48.334+0600] {processor.py:914} INFO - Processing file /home/shamim/airflow_git/Airflow_project/air_venv/lib/python3.12/site-packages/airflow/example_dags/example_branch_datetime_operator.py for tasks to queue
[2025-02-11T09:13:48.335+0600] {logging_mixin.py:190} INFO - [2025-02-11T09:13:48.335+0600] {dagbag.py:588} INFO - Filling up the DagBag from /home/shamim/airflow_git/Airflow_project/air_venv/lib/python3.12/site-packages/airflow/example_dags/example_branch_datetime_operator.py
[2025-02-11T09:13:48.349+0600] {processor.py:925} INFO - DAG(s) 'example_branch_datetime_operator_3', 'example_branch_datetime_operator', 'example_branch_datetime_operator_2' retrieved from /home/shamim/airflow_git/Airflow_project/air_venv/lib/python3.12/site-packages/airflow/example_dags/example_branch_datetime_operator.py
[2025-02-11T09:13:48.374+0600] {logging_mixin.py:190} INFO - [2025-02-11T09:13:48.374+0600] {dag.py:3239} INFO - Sync 3 DAGs
[2025-02-11T09:13:48.400+0600] {logging_mixin.py:190} INFO - [2025-02-11T09:13:48.399+0600] {dag.py:4180} INFO - Setting next_dagrun for example_branch_datetime_operator to 2025-02-10 00:00:00+00:00, run_after=2025-02-11 00:00:00+00:00
[2025-02-11T09:13:48.406+0600] {logging_mixin.py:190} INFO - [2025-02-11T09:13:48.406+0600] {dag.py:4180} INFO - Setting next_dagrun for example_branch_datetime_operator_2 to 2025-02-10 00:00:00+00:00, run_after=2025-02-11 00:00:00+00:00
[2025-02-11T09:13:48.409+0600] {logging_mixin.py:190} INFO - [2025-02-11T09:13:48.408+0600] {dag.py:4180} INFO - Setting next_dagrun for example_branch_datetime_operator_3 to 2025-02-10 00:00:00+00:00, run_after=2025-02-11 00:00:00+00:00
[2025-02-11T09:13:48.429+0600] {processor.py:208} INFO - Processing /home/shamim/airflow_git/Airflow_project/air_venv/lib/python3.12/site-packages/airflow/example_dags/example_branch_datetime_operator.py took 0.108 seconds
