[2025-02-11T08:59:25.718+0600] {processor.py:186} INFO - Started process (PID=5610) to work on /home/shamim/airflow_git/Airflow_project/air_venv/lib/python3.12/site-packages/airflow/example_dags/example_short_circuit_operator.py
[2025-02-11T08:59:25.719+0600] {processor.py:914} INFO - Processing file /home/shamim/airflow_git/Airflow_project/air_venv/lib/python3.12/site-packages/airflow/example_dags/example_short_circuit_operator.py for tasks to queue
[2025-02-11T08:59:25.722+0600] {logging_mixin.py:190} INFO - [2025-02-11T08:59:25.721+0600] {dagbag.py:588} INFO - Filling up the DagBag from /home/shamim/airflow_git/Airflow_project/air_venv/lib/python3.12/site-packages/airflow/example_dags/example_short_circuit_operator.py
[2025-02-11T08:59:25.734+0600] {processor.py:925} INFO - DAG(s) 'example_short_circuit_operator' retrieved from /home/shamim/airflow_git/Airflow_project/air_venv/lib/python3.12/site-packages/airflow/example_dags/example_short_circuit_operator.py
[2025-02-11T08:59:25.757+0600] {logging_mixin.py:190} INFO - [2025-02-11T08:59:25.757+0600] {dag.py:3239} INFO - Sync 1 DAGs
[2025-02-11T08:59:25.773+0600] {logging_mixin.py:190} INFO - [2025-02-11T08:59:25.773+0600] {dag.py:4180} INFO - Setting next_dagrun for example_short_circuit_operator to None, run_after=None
[2025-02-11T08:59:25.799+0600] {processor.py:208} INFO - Processing /home/shamim/airflow_git/Airflow_project/air_venv/lib/python3.12/site-packages/airflow/example_dags/example_short_circuit_operator.py took 0.088 seconds
[2025-02-11T09:00:33.901+0600] {processor.py:186} INFO - Started process (PID=5884) to work on /home/shamim/airflow_git/Airflow_project/air_venv/lib/python3.12/site-packages/airflow/example_dags/example_short_circuit_operator.py
[2025-02-11T09:00:33.917+0600] {processor.py:914} INFO - Processing file /home/shamim/airflow_git/Airflow_project/air_venv/lib/python3.12/site-packages/airflow/example_dags/example_short_circuit_operator.py for tasks to queue
[2025-02-11T09:00:33.919+0600] {logging_mixin.py:190} INFO - [2025-02-11T09:00:33.919+0600] {dagbag.py:588} INFO - Filling up the DagBag from /home/shamim/airflow_git/Airflow_project/air_venv/lib/python3.12/site-packages/airflow/example_dags/example_short_circuit_operator.py
[2025-02-11T09:00:33.931+0600] {processor.py:925} INFO - DAG(s) 'example_short_circuit_operator' retrieved from /home/shamim/airflow_git/Airflow_project/air_venv/lib/python3.12/site-packages/airflow/example_dags/example_short_circuit_operator.py
[2025-02-11T09:00:33.956+0600] {logging_mixin.py:190} INFO - [2025-02-11T09:00:33.956+0600] {dag.py:3239} INFO - Sync 1 DAGs
[2025-02-11T09:00:33.975+0600] {logging_mixin.py:190} INFO - [2025-02-11T09:00:33.975+0600] {dag.py:4180} INFO - Setting next_dagrun for example_short_circuit_operator to None, run_after=None
[2025-02-11T09:00:34.000+0600] {processor.py:208} INFO - Processing /home/shamim/airflow_git/Airflow_project/air_venv/lib/python3.12/site-packages/airflow/example_dags/example_short_circuit_operator.py took 0.107 seconds
[2025-02-11T09:02:00.706+0600] {processor.py:186} INFO - Started process (PID=6174) to work on /home/shamim/airflow_git/Airflow_project/air_venv/lib/python3.12/site-packages/airflow/example_dags/example_short_circuit_operator.py
[2025-02-11T09:02:00.712+0600] {processor.py:914} INFO - Processing file /home/shamim/airflow_git/Airflow_project/air_venv/lib/python3.12/site-packages/airflow/example_dags/example_short_circuit_operator.py for tasks to queue
[2025-02-11T09:02:00.715+0600] {logging_mixin.py:190} INFO - [2025-02-11T09:02:00.714+0600] {dagbag.py:588} INFO - Filling up the DagBag from /home/shamim/airflow_git/Airflow_project/air_venv/lib/python3.12/site-packages/airflow/example_dags/example_short_circuit_operator.py
[2025-02-11T09:02:00.725+0600] {processor.py:925} INFO - DAG(s) 'example_short_circuit_operator' retrieved from /home/shamim/airflow_git/Airflow_project/air_venv/lib/python3.12/site-packages/airflow/example_dags/example_short_circuit_operator.py
[2025-02-11T09:02:00.748+0600] {logging_mixin.py:190} INFO - [2025-02-11T09:02:00.747+0600] {dag.py:3239} INFO - Sync 1 DAGs
[2025-02-11T09:02:00.763+0600] {logging_mixin.py:190} INFO - [2025-02-11T09:02:00.763+0600] {dag.py:4180} INFO - Setting next_dagrun for example_short_circuit_operator to None, run_after=None
[2025-02-11T09:02:00.798+0600] {processor.py:208} INFO - Processing /home/shamim/airflow_git/Airflow_project/air_venv/lib/python3.12/site-packages/airflow/example_dags/example_short_circuit_operator.py took 0.098 seconds
[2025-02-11T09:03:24.335+0600] {processor.py:186} INFO - Started process (PID=6713) to work on /home/shamim/airflow_git/Airflow_project/air_venv/lib/python3.12/site-packages/airflow/example_dags/example_short_circuit_operator.py
[2025-02-11T09:03:24.337+0600] {processor.py:914} INFO - Processing file /home/shamim/airflow_git/Airflow_project/air_venv/lib/python3.12/site-packages/airflow/example_dags/example_short_circuit_operator.py for tasks to queue
[2025-02-11T09:03:24.341+0600] {logging_mixin.py:190} INFO - [2025-02-11T09:03:24.340+0600] {dagbag.py:588} INFO - Filling up the DagBag from /home/shamim/airflow_git/Airflow_project/air_venv/lib/python3.12/site-packages/airflow/example_dags/example_short_circuit_operator.py
[2025-02-11T09:03:24.358+0600] {processor.py:925} INFO - DAG(s) 'example_short_circuit_operator' retrieved from /home/shamim/airflow_git/Airflow_project/air_venv/lib/python3.12/site-packages/airflow/example_dags/example_short_circuit_operator.py
[2025-02-11T09:03:24.392+0600] {logging_mixin.py:190} INFO - [2025-02-11T09:03:24.392+0600] {dag.py:3239} INFO - Sync 1 DAGs
[2025-02-11T09:03:24.418+0600] {logging_mixin.py:190} INFO - [2025-02-11T09:03:24.417+0600] {dag.py:4180} INFO - Setting next_dagrun for example_short_circuit_operator to None, run_after=None
[2025-02-11T09:03:24.458+0600] {processor.py:208} INFO - Processing /home/shamim/airflow_git/Airflow_project/air_venv/lib/python3.12/site-packages/airflow/example_dags/example_short_circuit_operator.py took 0.133 seconds
[2025-02-11T09:04:41.458+0600] {processor.py:186} INFO - Started process (PID=6949) to work on /home/shamim/airflow_git/Airflow_project/air_venv/lib/python3.12/site-packages/airflow/example_dags/example_short_circuit_operator.py
[2025-02-11T09:04:41.466+0600] {processor.py:914} INFO - Processing file /home/shamim/airflow_git/Airflow_project/air_venv/lib/python3.12/site-packages/airflow/example_dags/example_short_circuit_operator.py for tasks to queue
[2025-02-11T09:04:41.471+0600] {logging_mixin.py:190} INFO - [2025-02-11T09:04:41.470+0600] {dagbag.py:588} INFO - Filling up the DagBag from /home/shamim/airflow_git/Airflow_project/air_venv/lib/python3.12/site-packages/airflow/example_dags/example_short_circuit_operator.py
[2025-02-11T09:04:41.497+0600] {processor.py:925} INFO - DAG(s) 'example_short_circuit_operator' retrieved from /home/shamim/airflow_git/Airflow_project/air_venv/lib/python3.12/site-packages/airflow/example_dags/example_short_circuit_operator.py
[2025-02-11T09:04:41.536+0600] {logging_mixin.py:190} INFO - [2025-02-11T09:04:41.536+0600] {dag.py:3239} INFO - Sync 1 DAGs
[2025-02-11T09:04:41.553+0600] {logging_mixin.py:190} INFO - [2025-02-11T09:04:41.553+0600] {dag.py:4180} INFO - Setting next_dagrun for example_short_circuit_operator to None, run_after=None
[2025-02-11T09:04:41.578+0600] {processor.py:208} INFO - Processing /home/shamim/airflow_git/Airflow_project/air_venv/lib/python3.12/site-packages/airflow/example_dags/example_short_circuit_operator.py took 0.136 seconds
[2025-02-11T09:06:00.084+0600] {processor.py:186} INFO - Started process (PID=7312) to work on /home/shamim/airflow_git/Airflow_project/air_venv/lib/python3.12/site-packages/airflow/example_dags/example_short_circuit_operator.py
[2025-02-11T09:06:00.091+0600] {processor.py:914} INFO - Processing file /home/shamim/airflow_git/Airflow_project/air_venv/lib/python3.12/site-packages/airflow/example_dags/example_short_circuit_operator.py for tasks to queue
[2025-02-11T09:06:00.093+0600] {logging_mixin.py:190} INFO - [2025-02-11T09:06:00.093+0600] {dagbag.py:588} INFO - Filling up the DagBag from /home/shamim/airflow_git/Airflow_project/air_venv/lib/python3.12/site-packages/airflow/example_dags/example_short_circuit_operator.py
[2025-02-11T09:06:00.107+0600] {processor.py:925} INFO - DAG(s) 'example_short_circuit_operator' retrieved from /home/shamim/airflow_git/Airflow_project/air_venv/lib/python3.12/site-packages/airflow/example_dags/example_short_circuit_operator.py
[2025-02-11T09:06:00.136+0600] {logging_mixin.py:190} INFO - [2025-02-11T09:06:00.136+0600] {dag.py:3239} INFO - Sync 1 DAGs
[2025-02-11T09:06:00.153+0600] {logging_mixin.py:190} INFO - [2025-02-11T09:06:00.152+0600] {dag.py:4180} INFO - Setting next_dagrun for example_short_circuit_operator to None, run_after=None
[2025-02-11T09:06:00.174+0600] {processor.py:208} INFO - Processing /home/shamim/airflow_git/Airflow_project/air_venv/lib/python3.12/site-packages/airflow/example_dags/example_short_circuit_operator.py took 0.098 seconds
[2025-02-11T09:07:22.340+0600] {processor.py:186} INFO - Started process (PID=7786) to work on /home/shamim/airflow_git/Airflow_project/air_venv/lib/python3.12/site-packages/airflow/example_dags/example_short_circuit_operator.py
[2025-02-11T09:07:22.343+0600] {processor.py:914} INFO - Processing file /home/shamim/airflow_git/Airflow_project/air_venv/lib/python3.12/site-packages/airflow/example_dags/example_short_circuit_operator.py for tasks to queue
[2025-02-11T09:07:22.347+0600] {logging_mixin.py:190} INFO - [2025-02-11T09:07:22.346+0600] {dagbag.py:588} INFO - Filling up the DagBag from /home/shamim/airflow_git/Airflow_project/air_venv/lib/python3.12/site-packages/airflow/example_dags/example_short_circuit_operator.py
[2025-02-11T09:07:22.363+0600] {processor.py:925} INFO - DAG(s) 'example_short_circuit_operator' retrieved from /home/shamim/airflow_git/Airflow_project/air_venv/lib/python3.12/site-packages/airflow/example_dags/example_short_circuit_operator.py
[2025-02-11T09:07:22.387+0600] {logging_mixin.py:190} INFO - [2025-02-11T09:07:22.387+0600] {dag.py:3239} INFO - Sync 1 DAGs
[2025-02-11T09:07:22.406+0600] {logging_mixin.py:190} INFO - [2025-02-11T09:07:22.405+0600] {dag.py:4180} INFO - Setting next_dagrun for example_short_circuit_operator to None, run_after=None
[2025-02-11T09:07:22.431+0600] {processor.py:208} INFO - Processing /home/shamim/airflow_git/Airflow_project/air_venv/lib/python3.12/site-packages/airflow/example_dags/example_short_circuit_operator.py took 0.113 seconds
[2025-02-11T09:08:47.090+0600] {processor.py:186} INFO - Started process (PID=8310) to work on /home/shamim/airflow_git/Airflow_project/air_venv/lib/python3.12/site-packages/airflow/example_dags/example_short_circuit_operator.py
[2025-02-11T09:08:47.096+0600] {processor.py:914} INFO - Processing file /home/shamim/airflow_git/Airflow_project/air_venv/lib/python3.12/site-packages/airflow/example_dags/example_short_circuit_operator.py for tasks to queue
[2025-02-11T09:08:47.098+0600] {logging_mixin.py:190} INFO - [2025-02-11T09:08:47.097+0600] {dagbag.py:588} INFO - Filling up the DagBag from /home/shamim/airflow_git/Airflow_project/air_venv/lib/python3.12/site-packages/airflow/example_dags/example_short_circuit_operator.py
[2025-02-11T09:08:47.110+0600] {processor.py:925} INFO - DAG(s) 'example_short_circuit_operator' retrieved from /home/shamim/airflow_git/Airflow_project/air_venv/lib/python3.12/site-packages/airflow/example_dags/example_short_circuit_operator.py
[2025-02-11T09:08:47.140+0600] {logging_mixin.py:190} INFO - [2025-02-11T09:08:47.140+0600] {dag.py:3239} INFO - Sync 1 DAGs
[2025-02-11T09:08:47.160+0600] {logging_mixin.py:190} INFO - [2025-02-11T09:08:47.160+0600] {dag.py:4180} INFO - Setting next_dagrun for example_short_circuit_operator to None, run_after=None
[2025-02-11T09:08:47.204+0600] {processor.py:208} INFO - Processing /home/shamim/airflow_git/Airflow_project/air_venv/lib/python3.12/site-packages/airflow/example_dags/example_short_circuit_operator.py took 0.123 seconds
[2025-02-11T09:10:10.570+0600] {processor.py:186} INFO - Started process (PID=8815) to work on /home/shamim/airflow_git/Airflow_project/air_venv/lib/python3.12/site-packages/airflow/example_dags/example_short_circuit_operator.py
[2025-02-11T09:10:10.587+0600] {processor.py:914} INFO - Processing file /home/shamim/airflow_git/Airflow_project/air_venv/lib/python3.12/site-packages/airflow/example_dags/example_short_circuit_operator.py for tasks to queue
[2025-02-11T09:10:10.591+0600] {logging_mixin.py:190} INFO - [2025-02-11T09:10:10.590+0600] {dagbag.py:588} INFO - Filling up the DagBag from /home/shamim/airflow_git/Airflow_project/air_venv/lib/python3.12/site-packages/airflow/example_dags/example_short_circuit_operator.py
[2025-02-11T09:10:10.613+0600] {processor.py:925} INFO - DAG(s) 'example_short_circuit_operator' retrieved from /home/shamim/airflow_git/Airflow_project/air_venv/lib/python3.12/site-packages/airflow/example_dags/example_short_circuit_operator.py
[2025-02-11T09:10:10.637+0600] {logging_mixin.py:190} INFO - [2025-02-11T09:10:10.637+0600] {dag.py:3239} INFO - Sync 1 DAGs
[2025-02-11T09:10:10.653+0600] {logging_mixin.py:190} INFO - [2025-02-11T09:10:10.652+0600] {dag.py:4180} INFO - Setting next_dagrun for example_short_circuit_operator to None, run_after=None
[2025-02-11T09:10:10.677+0600] {processor.py:208} INFO - Processing /home/shamim/airflow_git/Airflow_project/air_venv/lib/python3.12/site-packages/airflow/example_dags/example_short_circuit_operator.py took 0.125 seconds
[2025-02-11T09:11:31.236+0600] {processor.py:186} INFO - Started process (PID=9307) to work on /home/shamim/airflow_git/Airflow_project/air_venv/lib/python3.12/site-packages/airflow/example_dags/example_short_circuit_operator.py
[2025-02-11T09:11:31.244+0600] {processor.py:914} INFO - Processing file /home/shamim/airflow_git/Airflow_project/air_venv/lib/python3.12/site-packages/airflow/example_dags/example_short_circuit_operator.py for tasks to queue
[2025-02-11T09:11:31.247+0600] {logging_mixin.py:190} INFO - [2025-02-11T09:11:31.246+0600] {dagbag.py:588} INFO - Filling up the DagBag from /home/shamim/airflow_git/Airflow_project/air_venv/lib/python3.12/site-packages/airflow/example_dags/example_short_circuit_operator.py
[2025-02-11T09:11:31.266+0600] {processor.py:925} INFO - DAG(s) 'example_short_circuit_operator' retrieved from /home/shamim/airflow_git/Airflow_project/air_venv/lib/python3.12/site-packages/airflow/example_dags/example_short_circuit_operator.py
[2025-02-11T09:11:31.312+0600] {logging_mixin.py:190} INFO - [2025-02-11T09:11:31.311+0600] {dag.py:3239} INFO - Sync 1 DAGs
[2025-02-11T09:11:31.344+0600] {logging_mixin.py:190} INFO - [2025-02-11T09:11:31.344+0600] {dag.py:4180} INFO - Setting next_dagrun for example_short_circuit_operator to None, run_after=None
[2025-02-11T09:11:31.387+0600] {processor.py:208} INFO - Processing /home/shamim/airflow_git/Airflow_project/air_venv/lib/python3.12/site-packages/airflow/example_dags/example_short_circuit_operator.py took 0.163 seconds
[2025-02-11T09:12:56.593+0600] {processor.py:186} INFO - Started process (PID=9850) to work on /home/shamim/airflow_git/Airflow_project/air_venv/lib/python3.12/site-packages/airflow/example_dags/example_short_circuit_operator.py
[2025-02-11T09:12:56.599+0600] {processor.py:914} INFO - Processing file /home/shamim/airflow_git/Airflow_project/air_venv/lib/python3.12/site-packages/airflow/example_dags/example_short_circuit_operator.py for tasks to queue
[2025-02-11T09:12:56.601+0600] {logging_mixin.py:190} INFO - [2025-02-11T09:12:56.601+0600] {dagbag.py:588} INFO - Filling up the DagBag from /home/shamim/airflow_git/Airflow_project/air_venv/lib/python3.12/site-packages/airflow/example_dags/example_short_circuit_operator.py
[2025-02-11T09:12:56.614+0600] {processor.py:925} INFO - DAG(s) 'example_short_circuit_operator' retrieved from /home/shamim/airflow_git/Airflow_project/air_venv/lib/python3.12/site-packages/airflow/example_dags/example_short_circuit_operator.py
[2025-02-11T09:12:56.639+0600] {logging_mixin.py:190} INFO - [2025-02-11T09:12:56.639+0600] {dag.py:3239} INFO - Sync 1 DAGs
[2025-02-11T09:12:56.660+0600] {logging_mixin.py:190} INFO - [2025-02-11T09:12:56.660+0600] {dag.py:4180} INFO - Setting next_dagrun for example_short_circuit_operator to None, run_after=None
[2025-02-11T09:12:56.694+0600] {processor.py:208} INFO - Processing /home/shamim/airflow_git/Airflow_project/air_venv/lib/python3.12/site-packages/airflow/example_dags/example_short_circuit_operator.py took 0.109 seconds
