[2025-02-11T08:59:20.705+0600] {processor.py:186} INFO - Started process (PID=5605) to work on /home/shamim/airflow_git/Airflow_project/air_venv/lib/python3.12/site-packages/airflow/example_dags/example_task_group_decorator.py
[2025-02-11T08:59:20.706+0600] {processor.py:914} INFO - Processing file /home/shamim/airflow_git/Airflow_project/air_venv/lib/python3.12/site-packages/airflow/example_dags/example_task_group_decorator.py for tasks to queue
[2025-02-11T08:59:20.709+0600] {logging_mixin.py:190} INFO - [2025-02-11T08:59:20.709+0600] {dagbag.py:588} INFO - Filling up the DagBag from /home/shamim/airflow_git/Airflow_project/air_venv/lib/python3.12/site-packages/airflow/example_dags/example_task_group_decorator.py
[2025-02-11T08:59:20.728+0600] {processor.py:925} INFO - DAG(s) 'example_task_group_decorator' retrieved from /home/shamim/airflow_git/Airflow_project/air_venv/lib/python3.12/site-packages/airflow/example_dags/example_task_group_decorator.py
[2025-02-11T08:59:20.754+0600] {logging_mixin.py:190} INFO - [2025-02-11T08:59:20.754+0600] {dag.py:3239} INFO - Sync 1 DAGs
[2025-02-11T08:59:20.770+0600] {logging_mixin.py:190} INFO - [2025-02-11T08:59:20.770+0600] {dag.py:4180} INFO - Setting next_dagrun for example_task_group_decorator to None, run_after=None
[2025-02-11T08:59:20.797+0600] {processor.py:208} INFO - Processing /home/shamim/airflow_git/Airflow_project/air_venv/lib/python3.12/site-packages/airflow/example_dags/example_task_group_decorator.py took 0.098 seconds
[2025-02-11T09:00:29.716+0600] {processor.py:186} INFO - Started process (PID=5874) to work on /home/shamim/airflow_git/Airflow_project/air_venv/lib/python3.12/site-packages/airflow/example_dags/example_task_group_decorator.py
[2025-02-11T09:00:29.722+0600] {processor.py:914} INFO - Processing file /home/shamim/airflow_git/Airflow_project/air_venv/lib/python3.12/site-packages/airflow/example_dags/example_task_group_decorator.py for tasks to queue
[2025-02-11T09:00:29.728+0600] {logging_mixin.py:190} INFO - [2025-02-11T09:00:29.727+0600] {dagbag.py:588} INFO - Filling up the DagBag from /home/shamim/airflow_git/Airflow_project/air_venv/lib/python3.12/site-packages/airflow/example_dags/example_task_group_decorator.py
[2025-02-11T09:00:29.760+0600] {processor.py:925} INFO - DAG(s) 'example_task_group_decorator' retrieved from /home/shamim/airflow_git/Airflow_project/air_venv/lib/python3.12/site-packages/airflow/example_dags/example_task_group_decorator.py
[2025-02-11T09:00:29.803+0600] {logging_mixin.py:190} INFO - [2025-02-11T09:00:29.803+0600] {dag.py:3239} INFO - Sync 1 DAGs
[2025-02-11T09:00:29.828+0600] {logging_mixin.py:190} INFO - [2025-02-11T09:00:29.828+0600] {dag.py:4180} INFO - Setting next_dagrun for example_task_group_decorator to None, run_after=None
[2025-02-11T09:00:29.892+0600] {processor.py:208} INFO - Processing /home/shamim/airflow_git/Airflow_project/air_venv/lib/python3.12/site-packages/airflow/example_dags/example_task_group_decorator.py took 0.187 seconds
[2025-02-11T09:01:57.369+0600] {processor.py:186} INFO - Started process (PID=6168) to work on /home/shamim/airflow_git/Airflow_project/air_venv/lib/python3.12/site-packages/airflow/example_dags/example_task_group_decorator.py
[2025-02-11T09:01:57.375+0600] {processor.py:914} INFO - Processing file /home/shamim/airflow_git/Airflow_project/air_venv/lib/python3.12/site-packages/airflow/example_dags/example_task_group_decorator.py for tasks to queue
[2025-02-11T09:01:57.377+0600] {logging_mixin.py:190} INFO - [2025-02-11T09:01:57.377+0600] {dagbag.py:588} INFO - Filling up the DagBag from /home/shamim/airflow_git/Airflow_project/air_venv/lib/python3.12/site-packages/airflow/example_dags/example_task_group_decorator.py
[2025-02-11T09:01:57.396+0600] {processor.py:925} INFO - DAG(s) 'example_task_group_decorator' retrieved from /home/shamim/airflow_git/Airflow_project/air_venv/lib/python3.12/site-packages/airflow/example_dags/example_task_group_decorator.py
[2025-02-11T09:01:57.421+0600] {logging_mixin.py:190} INFO - [2025-02-11T09:01:57.421+0600] {dag.py:3239} INFO - Sync 1 DAGs
[2025-02-11T09:01:57.437+0600] {logging_mixin.py:190} INFO - [2025-02-11T09:01:57.437+0600] {dag.py:4180} INFO - Setting next_dagrun for example_task_group_decorator to None, run_after=None
[2025-02-11T09:01:57.472+0600] {processor.py:208} INFO - Processing /home/shamim/airflow_git/Airflow_project/air_venv/lib/python3.12/site-packages/airflow/example_dags/example_task_group_decorator.py took 0.111 seconds
[2025-02-11T09:03:19.229+0600] {processor.py:186} INFO - Started process (PID=6682) to work on /home/shamim/airflow_git/Airflow_project/air_venv/lib/python3.12/site-packages/airflow/example_dags/example_task_group_decorator.py
[2025-02-11T09:03:19.234+0600] {processor.py:914} INFO - Processing file /home/shamim/airflow_git/Airflow_project/air_venv/lib/python3.12/site-packages/airflow/example_dags/example_task_group_decorator.py for tasks to queue
[2025-02-11T09:03:19.240+0600] {logging_mixin.py:190} INFO - [2025-02-11T09:03:19.239+0600] {dagbag.py:588} INFO - Filling up the DagBag from /home/shamim/airflow_git/Airflow_project/air_venv/lib/python3.12/site-packages/airflow/example_dags/example_task_group_decorator.py
[2025-02-11T09:03:19.276+0600] {processor.py:925} INFO - DAG(s) 'example_task_group_decorator' retrieved from /home/shamim/airflow_git/Airflow_project/air_venv/lib/python3.12/site-packages/airflow/example_dags/example_task_group_decorator.py
[2025-02-11T09:03:19.312+0600] {logging_mixin.py:190} INFO - [2025-02-11T09:03:19.309+0600] {dag.py:3239} INFO - Sync 1 DAGs
[2025-02-11T09:03:19.341+0600] {logging_mixin.py:190} INFO - [2025-02-11T09:03:19.341+0600] {dag.py:4180} INFO - Setting next_dagrun for example_task_group_decorator to None, run_after=None
[2025-02-11T09:03:19.380+0600] {processor.py:208} INFO - Processing /home/shamim/airflow_git/Airflow_project/air_venv/lib/python3.12/site-packages/airflow/example_dags/example_task_group_decorator.py took 0.168 seconds
[2025-02-11T09:04:36.305+0600] {processor.py:186} INFO - Started process (PID=6941) to work on /home/shamim/airflow_git/Airflow_project/air_venv/lib/python3.12/site-packages/airflow/example_dags/example_task_group_decorator.py
[2025-02-11T09:04:36.312+0600] {processor.py:914} INFO - Processing file /home/shamim/airflow_git/Airflow_project/air_venv/lib/python3.12/site-packages/airflow/example_dags/example_task_group_decorator.py for tasks to queue
[2025-02-11T09:04:36.313+0600] {logging_mixin.py:190} INFO - [2025-02-11T09:04:36.313+0600] {dagbag.py:588} INFO - Filling up the DagBag from /home/shamim/airflow_git/Airflow_project/air_venv/lib/python3.12/site-packages/airflow/example_dags/example_task_group_decorator.py
[2025-02-11T09:04:36.332+0600] {processor.py:925} INFO - DAG(s) 'example_task_group_decorator' retrieved from /home/shamim/airflow_git/Airflow_project/air_venv/lib/python3.12/site-packages/airflow/example_dags/example_task_group_decorator.py
[2025-02-11T09:04:36.357+0600] {logging_mixin.py:190} INFO - [2025-02-11T09:04:36.356+0600] {dag.py:3239} INFO - Sync 1 DAGs
[2025-02-11T09:04:36.373+0600] {logging_mixin.py:190} INFO - [2025-02-11T09:04:36.373+0600] {dag.py:4180} INFO - Setting next_dagrun for example_task_group_decorator to None, run_after=None
[2025-02-11T09:04:36.397+0600] {processor.py:208} INFO - Processing /home/shamim/airflow_git/Airflow_project/air_venv/lib/python3.12/site-packages/airflow/example_dags/example_task_group_decorator.py took 0.099 seconds
[2025-02-11T09:05:54.915+0600] {processor.py:186} INFO - Started process (PID=7304) to work on /home/shamim/airflow_git/Airflow_project/air_venv/lib/python3.12/site-packages/airflow/example_dags/example_task_group_decorator.py
[2025-02-11T09:05:54.922+0600] {processor.py:914} INFO - Processing file /home/shamim/airflow_git/Airflow_project/air_venv/lib/python3.12/site-packages/airflow/example_dags/example_task_group_decorator.py for tasks to queue
[2025-02-11T09:05:54.923+0600] {logging_mixin.py:190} INFO - [2025-02-11T09:05:54.923+0600] {dagbag.py:588} INFO - Filling up the DagBag from /home/shamim/airflow_git/Airflow_project/air_venv/lib/python3.12/site-packages/airflow/example_dags/example_task_group_decorator.py
[2025-02-11T09:05:54.947+0600] {processor.py:925} INFO - DAG(s) 'example_task_group_decorator' retrieved from /home/shamim/airflow_git/Airflow_project/air_venv/lib/python3.12/site-packages/airflow/example_dags/example_task_group_decorator.py
[2025-02-11T09:05:54.971+0600] {logging_mixin.py:190} INFO - [2025-02-11T09:05:54.970+0600] {dag.py:3239} INFO - Sync 1 DAGs
[2025-02-11T09:05:54.986+0600] {logging_mixin.py:190} INFO - [2025-02-11T09:05:54.986+0600] {dag.py:4180} INFO - Setting next_dagrun for example_task_group_decorator to None, run_after=None
[2025-02-11T09:05:55.020+0600] {processor.py:208} INFO - Processing /home/shamim/airflow_git/Airflow_project/air_venv/lib/python3.12/site-packages/airflow/example_dags/example_task_group_decorator.py took 0.115 seconds
[2025-02-11T09:07:18.123+0600] {processor.py:186} INFO - Started process (PID=7745) to work on /home/shamim/airflow_git/Airflow_project/air_venv/lib/python3.12/site-packages/airflow/example_dags/example_task_group_decorator.py
[2025-02-11T09:07:18.130+0600] {processor.py:914} INFO - Processing file /home/shamim/airflow_git/Airflow_project/air_venv/lib/python3.12/site-packages/airflow/example_dags/example_task_group_decorator.py for tasks to queue
[2025-02-11T09:07:18.131+0600] {logging_mixin.py:190} INFO - [2025-02-11T09:07:18.131+0600] {dagbag.py:588} INFO - Filling up the DagBag from /home/shamim/airflow_git/Airflow_project/air_venv/lib/python3.12/site-packages/airflow/example_dags/example_task_group_decorator.py
[2025-02-11T09:07:18.151+0600] {processor.py:925} INFO - DAG(s) 'example_task_group_decorator' retrieved from /home/shamim/airflow_git/Airflow_project/air_venv/lib/python3.12/site-packages/airflow/example_dags/example_task_group_decorator.py
[2025-02-11T09:07:18.175+0600] {logging_mixin.py:190} INFO - [2025-02-11T09:07:18.175+0600] {dag.py:3239} INFO - Sync 1 DAGs
[2025-02-11T09:07:18.191+0600] {logging_mixin.py:190} INFO - [2025-02-11T09:07:18.191+0600] {dag.py:4180} INFO - Setting next_dagrun for example_task_group_decorator to None, run_after=None
[2025-02-11T09:07:18.226+0600] {processor.py:208} INFO - Processing /home/shamim/airflow_git/Airflow_project/air_venv/lib/python3.12/site-packages/airflow/example_dags/example_task_group_decorator.py took 0.109 seconds
[2025-02-11T09:08:43.224+0600] {processor.py:186} INFO - Started process (PID=8281) to work on /home/shamim/airflow_git/Airflow_project/air_venv/lib/python3.12/site-packages/airflow/example_dags/example_task_group_decorator.py
[2025-02-11T09:08:43.231+0600] {processor.py:914} INFO - Processing file /home/shamim/airflow_git/Airflow_project/air_venv/lib/python3.12/site-packages/airflow/example_dags/example_task_group_decorator.py for tasks to queue
[2025-02-11T09:08:43.234+0600] {logging_mixin.py:190} INFO - [2025-02-11T09:08:43.232+0600] {dagbag.py:588} INFO - Filling up the DagBag from /home/shamim/airflow_git/Airflow_project/air_venv/lib/python3.12/site-packages/airflow/example_dags/example_task_group_decorator.py
[2025-02-11T09:08:43.259+0600] {processor.py:925} INFO - DAG(s) 'example_task_group_decorator' retrieved from /home/shamim/airflow_git/Airflow_project/air_venv/lib/python3.12/site-packages/airflow/example_dags/example_task_group_decorator.py
[2025-02-11T09:08:43.293+0600] {logging_mixin.py:190} INFO - [2025-02-11T09:08:43.292+0600] {dag.py:3239} INFO - Sync 1 DAGs
[2025-02-11T09:08:43.319+0600] {logging_mixin.py:190} INFO - [2025-02-11T09:08:43.319+0600] {dag.py:4180} INFO - Setting next_dagrun for example_task_group_decorator to None, run_after=None
[2025-02-11T09:08:43.369+0600] {processor.py:208} INFO - Processing /home/shamim/airflow_git/Airflow_project/air_venv/lib/python3.12/site-packages/airflow/example_dags/example_task_group_decorator.py took 0.155 seconds
[2025-02-11T09:10:05.766+0600] {processor.py:186} INFO - Started process (PID=8785) to work on /home/shamim/airflow_git/Airflow_project/air_venv/lib/python3.12/site-packages/airflow/example_dags/example_task_group_decorator.py
[2025-02-11T09:10:05.772+0600] {processor.py:914} INFO - Processing file /home/shamim/airflow_git/Airflow_project/air_venv/lib/python3.12/site-packages/airflow/example_dags/example_task_group_decorator.py for tasks to queue
[2025-02-11T09:10:05.774+0600] {logging_mixin.py:190} INFO - [2025-02-11T09:10:05.773+0600] {dagbag.py:588} INFO - Filling up the DagBag from /home/shamim/airflow_git/Airflow_project/air_venv/lib/python3.12/site-packages/airflow/example_dags/example_task_group_decorator.py
[2025-02-11T09:10:05.796+0600] {processor.py:925} INFO - DAG(s) 'example_task_group_decorator' retrieved from /home/shamim/airflow_git/Airflow_project/air_venv/lib/python3.12/site-packages/airflow/example_dags/example_task_group_decorator.py
[2025-02-11T09:10:05.825+0600] {logging_mixin.py:190} INFO - [2025-02-11T09:10:05.825+0600] {dag.py:3239} INFO - Sync 1 DAGs
[2025-02-11T09:10:05.842+0600] {logging_mixin.py:190} INFO - [2025-02-11T09:10:05.842+0600] {dag.py:4180} INFO - Setting next_dagrun for example_task_group_decorator to None, run_after=None
[2025-02-11T09:10:05.878+0600] {processor.py:208} INFO - Processing /home/shamim/airflow_git/Airflow_project/air_venv/lib/python3.12/site-packages/airflow/example_dags/example_task_group_decorator.py took 0.119 seconds
[2025-02-11T09:11:26.051+0600] {processor.py:186} INFO - Started process (PID=9276) to work on /home/shamim/airflow_git/Airflow_project/air_venv/lib/python3.12/site-packages/airflow/example_dags/example_task_group_decorator.py
[2025-02-11T09:11:26.057+0600] {processor.py:914} INFO - Processing file /home/shamim/airflow_git/Airflow_project/air_venv/lib/python3.12/site-packages/airflow/example_dags/example_task_group_decorator.py for tasks to queue
[2025-02-11T09:11:26.059+0600] {logging_mixin.py:190} INFO - [2025-02-11T09:11:26.059+0600] {dagbag.py:588} INFO - Filling up the DagBag from /home/shamim/airflow_git/Airflow_project/air_venv/lib/python3.12/site-packages/airflow/example_dags/example_task_group_decorator.py
[2025-02-11T09:11:26.081+0600] {processor.py:925} INFO - DAG(s) 'example_task_group_decorator' retrieved from /home/shamim/airflow_git/Airflow_project/air_venv/lib/python3.12/site-packages/airflow/example_dags/example_task_group_decorator.py
[2025-02-11T09:11:26.110+0600] {logging_mixin.py:190} INFO - [2025-02-11T09:11:26.109+0600] {dag.py:3239} INFO - Sync 1 DAGs
[2025-02-11T09:11:26.136+0600] {logging_mixin.py:190} INFO - [2025-02-11T09:11:26.136+0600] {dag.py:4180} INFO - Setting next_dagrun for example_task_group_decorator to None, run_after=None
[2025-02-11T09:11:26.185+0600] {processor.py:208} INFO - Processing /home/shamim/airflow_git/Airflow_project/air_venv/lib/python3.12/site-packages/airflow/example_dags/example_task_group_decorator.py took 0.140 seconds
[2025-02-11T09:12:52.642+0600] {processor.py:186} INFO - Started process (PID=9845) to work on /home/shamim/airflow_git/Airflow_project/air_venv/lib/python3.12/site-packages/airflow/example_dags/example_task_group_decorator.py
[2025-02-11T09:12:52.649+0600] {processor.py:914} INFO - Processing file /home/shamim/airflow_git/Airflow_project/air_venv/lib/python3.12/site-packages/airflow/example_dags/example_task_group_decorator.py for tasks to queue
[2025-02-11T09:12:52.650+0600] {logging_mixin.py:190} INFO - [2025-02-11T09:12:52.650+0600] {dagbag.py:588} INFO - Filling up the DagBag from /home/shamim/airflow_git/Airflow_project/air_venv/lib/python3.12/site-packages/airflow/example_dags/example_task_group_decorator.py
[2025-02-11T09:12:52.680+0600] {processor.py:925} INFO - DAG(s) 'example_task_group_decorator' retrieved from /home/shamim/airflow_git/Airflow_project/air_venv/lib/python3.12/site-packages/airflow/example_dags/example_task_group_decorator.py
[2025-02-11T09:12:52.732+0600] {logging_mixin.py:190} INFO - [2025-02-11T09:12:52.732+0600] {dag.py:3239} INFO - Sync 1 DAGs
[2025-02-11T09:12:52.759+0600] {logging_mixin.py:190} INFO - [2025-02-11T09:12:52.758+0600] {dag.py:4180} INFO - Setting next_dagrun for example_task_group_decorator to None, run_after=None
[2025-02-11T09:12:52.795+0600] {processor.py:208} INFO - Processing /home/shamim/airflow_git/Airflow_project/air_venv/lib/python3.12/site-packages/airflow/example_dags/example_task_group_decorator.py took 0.170 seconds
