[2025-02-11T08:59:15.411+0600] {processor.py:186} INFO - Started process (PID=5598) to work on /home/shamim/airflow_git/Airflow_project/air_venv/lib/python3.12/site-packages/airflow/example_dags/example_xcomargs.py
[2025-02-11T08:59:15.412+0600] {processor.py:914} INFO - Processing file /home/shamim/airflow_git/Airflow_project/air_venv/lib/python3.12/site-packages/airflow/example_dags/example_xcomargs.py for tasks to queue
[2025-02-11T08:59:15.415+0600] {logging_mixin.py:190} INFO - [2025-02-11T08:59:15.414+0600] {dagbag.py:588} INFO - Filling up the DagBag from /home/shamim/airflow_git/Airflow_project/air_venv/lib/python3.12/site-packages/airflow/example_dags/example_xcomargs.py
[2025-02-11T08:59:15.431+0600] {processor.py:925} INFO - DAG(s) 'example_xcom_args_with_operators', 'example_xcom_args' retrieved from /home/shamim/airflow_git/Airflow_project/air_venv/lib/python3.12/site-packages/airflow/example_dags/example_xcomargs.py
[2025-02-11T08:59:15.460+0600] {logging_mixin.py:190} INFO - [2025-02-11T08:59:15.460+0600] {dag.py:3239} INFO - Sync 2 DAGs
[2025-02-11T08:59:15.475+0600] {logging_mixin.py:190} INFO - [2025-02-11T08:59:15.475+0600] {dag.py:4180} INFO - Setting next_dagrun for example_xcom_args to None, run_after=None
[2025-02-11T08:59:15.480+0600] {logging_mixin.py:190} INFO - [2025-02-11T08:59:15.480+0600] {dag.py:4180} INFO - Setting next_dagrun for example_xcom_args_with_operators to None, run_after=None
[2025-02-11T08:59:15.505+0600] {processor.py:208} INFO - Processing /home/shamim/airflow_git/Airflow_project/air_venv/lib/python3.12/site-packages/airflow/example_dags/example_xcomargs.py took 0.100 seconds
[2025-02-11T09:00:23.641+0600] {processor.py:186} INFO - Started process (PID=5790) to work on /home/shamim/airflow_git/Airflow_project/air_venv/lib/python3.12/site-packages/airflow/example_dags/example_xcomargs.py
[2025-02-11T09:00:23.657+0600] {processor.py:914} INFO - Processing file /home/shamim/airflow_git/Airflow_project/air_venv/lib/python3.12/site-packages/airflow/example_dags/example_xcomargs.py for tasks to queue
[2025-02-11T09:00:23.672+0600] {logging_mixin.py:190} INFO - [2025-02-11T09:00:23.670+0600] {dagbag.py:588} INFO - Filling up the DagBag from /home/shamim/airflow_git/Airflow_project/air_venv/lib/python3.12/site-packages/airflow/example_dags/example_xcomargs.py
[2025-02-11T09:00:23.711+0600] {processor.py:925} INFO - DAG(s) 'example_xcom_args', 'example_xcom_args_with_operators' retrieved from /home/shamim/airflow_git/Airflow_project/air_venv/lib/python3.12/site-packages/airflow/example_dags/example_xcomargs.py
[2025-02-11T09:00:23.742+0600] {logging_mixin.py:190} INFO - [2025-02-11T09:00:23.742+0600] {dag.py:3239} INFO - Sync 2 DAGs
[2025-02-11T09:00:23.757+0600] {logging_mixin.py:190} INFO - [2025-02-11T09:00:23.757+0600] {dag.py:4180} INFO - Setting next_dagrun for example_xcom_args to None, run_after=None
[2025-02-11T09:00:23.761+0600] {logging_mixin.py:190} INFO - [2025-02-11T09:00:23.761+0600] {dag.py:4180} INFO - Setting next_dagrun for example_xcom_args_with_operators to None, run_after=None
[2025-02-11T09:00:23.781+0600] {processor.py:208} INFO - Processing /home/shamim/airflow_git/Airflow_project/air_venv/lib/python3.12/site-packages/airflow/example_dags/example_xcomargs.py took 0.158 seconds
[2025-02-11T09:01:51.868+0600] {processor.py:186} INFO - Started process (PID=6162) to work on /home/shamim/airflow_git/Airflow_project/air_venv/lib/python3.12/site-packages/airflow/example_dags/example_xcomargs.py
[2025-02-11T09:01:51.872+0600] {processor.py:914} INFO - Processing file /home/shamim/airflow_git/Airflow_project/air_venv/lib/python3.12/site-packages/airflow/example_dags/example_xcomargs.py for tasks to queue
[2025-02-11T09:01:51.880+0600] {logging_mixin.py:190} INFO - [2025-02-11T09:01:51.879+0600] {dagbag.py:588} INFO - Filling up the DagBag from /home/shamim/airflow_git/Airflow_project/air_venv/lib/python3.12/site-packages/airflow/example_dags/example_xcomargs.py
[2025-02-11T09:01:51.905+0600] {processor.py:925} INFO - DAG(s) 'example_xcom_args_with_operators', 'example_xcom_args' retrieved from /home/shamim/airflow_git/Airflow_project/air_venv/lib/python3.12/site-packages/airflow/example_dags/example_xcomargs.py
[2025-02-11T09:01:51.926+0600] {logging_mixin.py:190} INFO - [2025-02-11T09:01:51.926+0600] {dag.py:3239} INFO - Sync 2 DAGs
[2025-02-11T09:01:51.941+0600] {logging_mixin.py:190} INFO - [2025-02-11T09:01:51.940+0600] {dag.py:4180} INFO - Setting next_dagrun for example_xcom_args to None, run_after=None
[2025-02-11T09:01:51.945+0600] {logging_mixin.py:190} INFO - [2025-02-11T09:01:51.944+0600] {dag.py:4180} INFO - Setting next_dagrun for example_xcom_args_with_operators to None, run_after=None
[2025-02-11T09:01:51.984+0600] {processor.py:208} INFO - Processing /home/shamim/airflow_git/Airflow_project/air_venv/lib/python3.12/site-packages/airflow/example_dags/example_xcomargs.py took 0.123 seconds
[2025-02-11T09:03:13.945+0600] {processor.py:186} INFO - Started process (PID=6640) to work on /home/shamim/airflow_git/Airflow_project/air_venv/lib/python3.12/site-packages/airflow/example_dags/example_xcomargs.py
[2025-02-11T09:03:13.952+0600] {processor.py:914} INFO - Processing file /home/shamim/airflow_git/Airflow_project/air_venv/lib/python3.12/site-packages/airflow/example_dags/example_xcomargs.py for tasks to queue
[2025-02-11T09:03:13.970+0600] {logging_mixin.py:190} INFO - [2025-02-11T09:03:13.968+0600] {dagbag.py:588} INFO - Filling up the DagBag from /home/shamim/airflow_git/Airflow_project/air_venv/lib/python3.12/site-packages/airflow/example_dags/example_xcomargs.py
[2025-02-11T09:03:14.008+0600] {processor.py:925} INFO - DAG(s) 'example_xcom_args', 'example_xcom_args_with_operators' retrieved from /home/shamim/airflow_git/Airflow_project/air_venv/lib/python3.12/site-packages/airflow/example_dags/example_xcomargs.py
[2025-02-11T09:03:14.041+0600] {logging_mixin.py:190} INFO - [2025-02-11T09:03:14.040+0600] {dag.py:3239} INFO - Sync 2 DAGs
[2025-02-11T09:03:14.063+0600] {logging_mixin.py:190} INFO - [2025-02-11T09:03:14.063+0600] {dag.py:4180} INFO - Setting next_dagrun for example_xcom_args to None, run_after=None
[2025-02-11T09:03:14.067+0600] {logging_mixin.py:190} INFO - [2025-02-11T09:03:14.067+0600] {dag.py:4180} INFO - Setting next_dagrun for example_xcom_args_with_operators to None, run_after=None
[2025-02-11T09:03:14.109+0600] {processor.py:208} INFO - Processing /home/shamim/airflow_git/Airflow_project/air_venv/lib/python3.12/site-packages/airflow/example_dags/example_xcomargs.py took 0.188 seconds
[2025-02-11T09:04:31.153+0600] {processor.py:186} INFO - Started process (PID=6933) to work on /home/shamim/airflow_git/Airflow_project/air_venv/lib/python3.12/site-packages/airflow/example_dags/example_xcomargs.py
[2025-02-11T09:04:31.154+0600] {processor.py:914} INFO - Processing file /home/shamim/airflow_git/Airflow_project/air_venv/lib/python3.12/site-packages/airflow/example_dags/example_xcomargs.py for tasks to queue
[2025-02-11T09:04:31.155+0600] {logging_mixin.py:190} INFO - [2025-02-11T09:04:31.155+0600] {dagbag.py:588} INFO - Filling up the DagBag from /home/shamim/airflow_git/Airflow_project/air_venv/lib/python3.12/site-packages/airflow/example_dags/example_xcomargs.py
[2025-02-11T09:04:31.168+0600] {processor.py:925} INFO - DAG(s) 'example_xcom_args_with_operators', 'example_xcom_args' retrieved from /home/shamim/airflow_git/Airflow_project/air_venv/lib/python3.12/site-packages/airflow/example_dags/example_xcomargs.py
[2025-02-11T09:04:31.188+0600] {logging_mixin.py:190} INFO - [2025-02-11T09:04:31.188+0600] {dag.py:3239} INFO - Sync 2 DAGs
[2025-02-11T09:04:31.206+0600] {logging_mixin.py:190} INFO - [2025-02-11T09:04:31.205+0600] {dag.py:4180} INFO - Setting next_dagrun for example_xcom_args to None, run_after=None
[2025-02-11T09:04:31.209+0600] {logging_mixin.py:190} INFO - [2025-02-11T09:04:31.209+0600] {dag.py:4180} INFO - Setting next_dagrun for example_xcom_args_with_operators to None, run_after=None
[2025-02-11T09:04:31.232+0600] {processor.py:208} INFO - Processing /home/shamim/airflow_git/Airflow_project/air_venv/lib/python3.12/site-packages/airflow/example_dags/example_xcomargs.py took 0.086 seconds
[2025-02-11T09:05:49.619+0600] {processor.py:186} INFO - Started process (PID=7295) to work on /home/shamim/airflow_git/Airflow_project/air_venv/lib/python3.12/site-packages/airflow/example_dags/example_xcomargs.py
[2025-02-11T09:05:49.633+0600] {processor.py:914} INFO - Processing file /home/shamim/airflow_git/Airflow_project/air_venv/lib/python3.12/site-packages/airflow/example_dags/example_xcomargs.py for tasks to queue
[2025-02-11T09:05:49.635+0600] {logging_mixin.py:190} INFO - [2025-02-11T09:05:49.635+0600] {dagbag.py:588} INFO - Filling up the DagBag from /home/shamim/airflow_git/Airflow_project/air_venv/lib/python3.12/site-packages/airflow/example_dags/example_xcomargs.py
[2025-02-11T09:05:49.653+0600] {processor.py:925} INFO - DAG(s) 'example_xcom_args', 'example_xcom_args_with_operators' retrieved from /home/shamim/airflow_git/Airflow_project/air_venv/lib/python3.12/site-packages/airflow/example_dags/example_xcomargs.py
[2025-02-11T09:05:49.675+0600] {logging_mixin.py:190} INFO - [2025-02-11T09:05:49.674+0600] {dag.py:3239} INFO - Sync 2 DAGs
[2025-02-11T09:05:49.691+0600] {logging_mixin.py:190} INFO - [2025-02-11T09:05:49.691+0600] {dag.py:4180} INFO - Setting next_dagrun for example_xcom_args to None, run_after=None
[2025-02-11T09:05:49.695+0600] {logging_mixin.py:190} INFO - [2025-02-11T09:05:49.694+0600] {dag.py:4180} INFO - Setting next_dagrun for example_xcom_args_with_operators to None, run_after=None
[2025-02-11T09:05:49.714+0600] {processor.py:208} INFO - Processing /home/shamim/airflow_git/Airflow_project/air_venv/lib/python3.12/site-packages/airflow/example_dags/example_xcomargs.py took 0.104 seconds
[2025-02-11T09:07:12.717+0600] {processor.py:186} INFO - Started process (PID=7714) to work on /home/shamim/airflow_git/Airflow_project/air_venv/lib/python3.12/site-packages/airflow/example_dags/example_xcomargs.py
[2025-02-11T09:07:12.724+0600] {processor.py:914} INFO - Processing file /home/shamim/airflow_git/Airflow_project/air_venv/lib/python3.12/site-packages/airflow/example_dags/example_xcomargs.py for tasks to queue
[2025-02-11T09:07:12.727+0600] {logging_mixin.py:190} INFO - [2025-02-11T09:07:12.726+0600] {dagbag.py:588} INFO - Filling up the DagBag from /home/shamim/airflow_git/Airflow_project/air_venv/lib/python3.12/site-packages/airflow/example_dags/example_xcomargs.py
[2025-02-11T09:07:12.744+0600] {processor.py:925} INFO - DAG(s) 'example_xcom_args_with_operators', 'example_xcom_args' retrieved from /home/shamim/airflow_git/Airflow_project/air_venv/lib/python3.12/site-packages/airflow/example_dags/example_xcomargs.py
[2025-02-11T09:07:12.766+0600] {logging_mixin.py:190} INFO - [2025-02-11T09:07:12.765+0600] {dag.py:3239} INFO - Sync 2 DAGs
[2025-02-11T09:07:12.782+0600] {logging_mixin.py:190} INFO - [2025-02-11T09:07:12.781+0600] {dag.py:4180} INFO - Setting next_dagrun for example_xcom_args to None, run_after=None
[2025-02-11T09:07:12.785+0600] {logging_mixin.py:190} INFO - [2025-02-11T09:07:12.785+0600] {dag.py:4180} INFO - Setting next_dagrun for example_xcom_args_with_operators to None, run_after=None
[2025-02-11T09:07:12.817+0600] {processor.py:208} INFO - Processing /home/shamim/airflow_git/Airflow_project/air_venv/lib/python3.12/site-packages/airflow/example_dags/example_xcomargs.py took 0.119 seconds
[2025-02-11T09:08:36.809+0600] {processor.py:186} INFO - Started process (PID=8246) to work on /home/shamim/airflow_git/Airflow_project/air_venv/lib/python3.12/site-packages/airflow/example_dags/example_xcomargs.py
[2025-02-11T09:08:36.816+0600] {processor.py:914} INFO - Processing file /home/shamim/airflow_git/Airflow_project/air_venv/lib/python3.12/site-packages/airflow/example_dags/example_xcomargs.py for tasks to queue
[2025-02-11T09:08:36.818+0600] {logging_mixin.py:190} INFO - [2025-02-11T09:08:36.817+0600] {dagbag.py:588} INFO - Filling up the DagBag from /home/shamim/airflow_git/Airflow_project/air_venv/lib/python3.12/site-packages/airflow/example_dags/example_xcomargs.py
[2025-02-11T09:08:36.835+0600] {processor.py:925} INFO - DAG(s) 'example_xcom_args', 'example_xcom_args_with_operators' retrieved from /home/shamim/airflow_git/Airflow_project/air_venv/lib/python3.12/site-packages/airflow/example_dags/example_xcomargs.py
[2025-02-11T09:08:36.857+0600] {logging_mixin.py:190} INFO - [2025-02-11T09:08:36.857+0600] {dag.py:3239} INFO - Sync 2 DAGs
[2025-02-11T09:08:36.873+0600] {logging_mixin.py:190} INFO - [2025-02-11T09:08:36.873+0600] {dag.py:4180} INFO - Setting next_dagrun for example_xcom_args to None, run_after=None
[2025-02-11T09:08:36.877+0600] {logging_mixin.py:190} INFO - [2025-02-11T09:08:36.876+0600] {dag.py:4180} INFO - Setting next_dagrun for example_xcom_args_with_operators to None, run_after=None
[2025-02-11T09:08:36.896+0600] {processor.py:208} INFO - Processing /home/shamim/airflow_git/Airflow_project/air_venv/lib/python3.12/site-packages/airflow/example_dags/example_xcomargs.py took 0.096 seconds
[2025-02-11T09:10:00.498+0600] {processor.py:186} INFO - Started process (PID=8748) to work on /home/shamim/airflow_git/Airflow_project/air_venv/lib/python3.12/site-packages/airflow/example_dags/example_xcomargs.py
[2025-02-11T09:10:00.505+0600] {processor.py:914} INFO - Processing file /home/shamim/airflow_git/Airflow_project/air_venv/lib/python3.12/site-packages/airflow/example_dags/example_xcomargs.py for tasks to queue
[2025-02-11T09:10:00.510+0600] {logging_mixin.py:190} INFO - [2025-02-11T09:10:00.508+0600] {dagbag.py:588} INFO - Filling up the DagBag from /home/shamim/airflow_git/Airflow_project/air_venv/lib/python3.12/site-packages/airflow/example_dags/example_xcomargs.py
[2025-02-11T09:10:00.535+0600] {processor.py:925} INFO - DAG(s) 'example_xcom_args', 'example_xcom_args_with_operators' retrieved from /home/shamim/airflow_git/Airflow_project/air_venv/lib/python3.12/site-packages/airflow/example_dags/example_xcomargs.py
[2025-02-11T09:10:00.558+0600] {logging_mixin.py:190} INFO - [2025-02-11T09:10:00.558+0600] {dag.py:3239} INFO - Sync 2 DAGs
[2025-02-11T09:10:00.574+0600] {logging_mixin.py:190} INFO - [2025-02-11T09:10:00.574+0600] {dag.py:4180} INFO - Setting next_dagrun for example_xcom_args to None, run_after=None
[2025-02-11T09:10:00.578+0600] {logging_mixin.py:190} INFO - [2025-02-11T09:10:00.578+0600] {dag.py:4180} INFO - Setting next_dagrun for example_xcom_args_with_operators to None, run_after=None
[2025-02-11T09:10:00.597+0600] {processor.py:208} INFO - Processing /home/shamim/airflow_git/Airflow_project/air_venv/lib/python3.12/site-packages/airflow/example_dags/example_xcomargs.py took 0.107 seconds
[2025-02-11T09:11:20.312+0600] {processor.py:186} INFO - Started process (PID=9246) to work on /home/shamim/airflow_git/Airflow_project/air_venv/lib/python3.12/site-packages/airflow/example_dags/example_xcomargs.py
[2025-02-11T09:11:20.318+0600] {processor.py:914} INFO - Processing file /home/shamim/airflow_git/Airflow_project/air_venv/lib/python3.12/site-packages/airflow/example_dags/example_xcomargs.py for tasks to queue
[2025-02-11T09:11:20.320+0600] {logging_mixin.py:190} INFO - [2025-02-11T09:11:20.319+0600] {dagbag.py:588} INFO - Filling up the DagBag from /home/shamim/airflow_git/Airflow_project/air_venv/lib/python3.12/site-packages/airflow/example_dags/example_xcomargs.py
[2025-02-11T09:11:20.336+0600] {processor.py:925} INFO - DAG(s) 'example_xcom_args', 'example_xcom_args_with_operators' retrieved from /home/shamim/airflow_git/Airflow_project/air_venv/lib/python3.12/site-packages/airflow/example_dags/example_xcomargs.py
[2025-02-11T09:11:20.365+0600] {logging_mixin.py:190} INFO - [2025-02-11T09:11:20.365+0600] {dag.py:3239} INFO - Sync 2 DAGs
[2025-02-11T09:11:20.386+0600] {logging_mixin.py:190} INFO - [2025-02-11T09:11:20.385+0600] {dag.py:4180} INFO - Setting next_dagrun for example_xcom_args to None, run_after=None
[2025-02-11T09:11:20.392+0600] {logging_mixin.py:190} INFO - [2025-02-11T09:11:20.391+0600] {dag.py:4180} INFO - Setting next_dagrun for example_xcom_args_with_operators to None, run_after=None
[2025-02-11T09:11:20.428+0600] {processor.py:208} INFO - Processing /home/shamim/airflow_git/Airflow_project/air_venv/lib/python3.12/site-packages/airflow/example_dags/example_xcomargs.py took 0.126 seconds
[2025-02-11T09:12:46.201+0600] {processor.py:186} INFO - Started process (PID=9813) to work on /home/shamim/airflow_git/Airflow_project/air_venv/lib/python3.12/site-packages/airflow/example_dags/example_xcomargs.py
[2025-02-11T09:12:46.207+0600] {processor.py:914} INFO - Processing file /home/shamim/airflow_git/Airflow_project/air_venv/lib/python3.12/site-packages/airflow/example_dags/example_xcomargs.py for tasks to queue
[2025-02-11T09:12:46.209+0600] {logging_mixin.py:190} INFO - [2025-02-11T09:12:46.208+0600] {dagbag.py:588} INFO - Filling up the DagBag from /home/shamim/airflow_git/Airflow_project/air_venv/lib/python3.12/site-packages/airflow/example_dags/example_xcomargs.py
[2025-02-11T09:12:46.225+0600] {processor.py:925} INFO - DAG(s) 'example_xcom_args_with_operators', 'example_xcom_args' retrieved from /home/shamim/airflow_git/Airflow_project/air_venv/lib/python3.12/site-packages/airflow/example_dags/example_xcomargs.py
[2025-02-11T09:12:46.247+0600] {logging_mixin.py:190} INFO - [2025-02-11T09:12:46.247+0600] {dag.py:3239} INFO - Sync 2 DAGs
[2025-02-11T09:12:46.265+0600] {logging_mixin.py:190} INFO - [2025-02-11T09:12:46.265+0600] {dag.py:4180} INFO - Setting next_dagrun for example_xcom_args to None, run_after=None
[2025-02-11T09:12:46.269+0600] {logging_mixin.py:190} INFO - [2025-02-11T09:12:46.269+0600] {dag.py:4180} INFO - Setting next_dagrun for example_xcom_args_with_operators to None, run_after=None
[2025-02-11T09:12:46.300+0600] {processor.py:208} INFO - Processing /home/shamim/airflow_git/Airflow_project/air_venv/lib/python3.12/site-packages/airflow/example_dags/example_xcomargs.py took 0.111 seconds
