[2025-02-11T08:59:42.568+0600] {processor.py:186} INFO - Started process (PID=5668) to work on /home/shamim/airflow_git/Airflow_project/air_venv/lib/python3.12/site-packages/airflow/example_dags/example_kubernetes_executor.py
[2025-02-11T08:59:42.570+0600] {processor.py:914} INFO - Processing file /home/shamim/airflow_git/Airflow_project/air_venv/lib/python3.12/site-packages/airflow/example_dags/example_kubernetes_executor.py for tasks to queue
[2025-02-11T08:59:42.579+0600] {logging_mixin.py:190} INFO - [2025-02-11T08:59:42.575+0600] {dagbag.py:588} INFO - Filling up the DagBag from /home/shamim/airflow_git/Airflow_project/air_venv/lib/python3.12/site-packages/airflow/example_dags/example_kubernetes_executor.py
[2025-02-11T08:59:42.584+0600] {logging_mixin.py:190} INFO - [2025-02-11T08:59:42.584+0600] {example_kubernetes_executor.py:39} WARNING - The example_kubernetes_executor example DAG requires the kubernetes provider. Please install it with: pip install apache-airflow[cncf.kubernetes]
[2025-02-11T08:59:42.585+0600] {processor.py:927} WARNING - No viable dags retrieved from /home/shamim/airflow_git/Airflow_project/air_venv/lib/python3.12/site-packages/airflow/example_dags/example_kubernetes_executor.py
[2025-02-11T08:59:42.602+0600] {processor.py:208} INFO - Processing /home/shamim/airflow_git/Airflow_project/air_venv/lib/python3.12/site-packages/airflow/example_dags/example_kubernetes_executor.py took 0.053 seconds
[2025-02-11T09:01:06.018+0600] {processor.py:186} INFO - Started process (PID=5928) to work on /home/shamim/airflow_git/Airflow_project/air_venv/lib/python3.12/site-packages/airflow/example_dags/example_kubernetes_executor.py
[2025-02-11T09:01:06.025+0600] {processor.py:914} INFO - Processing file /home/shamim/airflow_git/Airflow_project/air_venv/lib/python3.12/site-packages/airflow/example_dags/example_kubernetes_executor.py for tasks to queue
[2025-02-11T09:01:06.028+0600] {logging_mixin.py:190} INFO - [2025-02-11T09:01:06.028+0600] {dagbag.py:588} INFO - Filling up the DagBag from /home/shamim/airflow_git/Airflow_project/air_venv/lib/python3.12/site-packages/airflow/example_dags/example_kubernetes_executor.py
[2025-02-11T09:01:06.034+0600] {logging_mixin.py:190} INFO - [2025-02-11T09:01:06.033+0600] {example_kubernetes_executor.py:39} WARNING - The example_kubernetes_executor example DAG requires the kubernetes provider. Please install it with: pip install apache-airflow[cncf.kubernetes]
[2025-02-11T09:01:06.035+0600] {processor.py:927} WARNING - No viable dags retrieved from /home/shamim/airflow_git/Airflow_project/air_venv/lib/python3.12/site-packages/airflow/example_dags/example_kubernetes_executor.py
[2025-02-11T09:01:06.053+0600] {processor.py:208} INFO - Processing /home/shamim/airflow_git/Airflow_project/air_venv/lib/python3.12/site-packages/airflow/example_dags/example_kubernetes_executor.py took 0.043 seconds
[2025-02-11T09:02:30.976+0600] {processor.py:186} INFO - Started process (PID=6360) to work on /home/shamim/airflow_git/Airflow_project/air_venv/lib/python3.12/site-packages/airflow/example_dags/example_kubernetes_executor.py
[2025-02-11T09:02:30.993+0600] {processor.py:914} INFO - Processing file /home/shamim/airflow_git/Airflow_project/air_venv/lib/python3.12/site-packages/airflow/example_dags/example_kubernetes_executor.py for tasks to queue
[2025-02-11T09:02:30.996+0600] {logging_mixin.py:190} INFO - [2025-02-11T09:02:30.995+0600] {dagbag.py:588} INFO - Filling up the DagBag from /home/shamim/airflow_git/Airflow_project/air_venv/lib/python3.12/site-packages/airflow/example_dags/example_kubernetes_executor.py
[2025-02-11T09:02:31.001+0600] {logging_mixin.py:190} INFO - [2025-02-11T09:02:31.000+0600] {example_kubernetes_executor.py:39} WARNING - The example_kubernetes_executor example DAG requires the kubernetes provider. Please install it with: pip install apache-airflow[cncf.kubernetes]
[2025-02-11T09:02:31.001+0600] {processor.py:927} WARNING - No viable dags retrieved from /home/shamim/airflow_git/Airflow_project/air_venv/lib/python3.12/site-packages/airflow/example_dags/example_kubernetes_executor.py
[2025-02-11T09:02:31.021+0600] {processor.py:208} INFO - Processing /home/shamim/airflow_git/Airflow_project/air_venv/lib/python3.12/site-packages/airflow/example_dags/example_kubernetes_executor.py took 0.055 seconds
[2025-02-11T09:03:56.822+0600] {processor.py:186} INFO - Started process (PID=6838) to work on /home/shamim/airflow_git/Airflow_project/air_venv/lib/python3.12/site-packages/airflow/example_dags/example_kubernetes_executor.py
[2025-02-11T09:03:56.823+0600] {processor.py:914} INFO - Processing file /home/shamim/airflow_git/Airflow_project/air_venv/lib/python3.12/site-packages/airflow/example_dags/example_kubernetes_executor.py for tasks to queue
[2025-02-11T09:03:56.826+0600] {logging_mixin.py:190} INFO - [2025-02-11T09:03:56.825+0600] {dagbag.py:588} INFO - Filling up the DagBag from /home/shamim/airflow_git/Airflow_project/air_venv/lib/python3.12/site-packages/airflow/example_dags/example_kubernetes_executor.py
[2025-02-11T09:03:56.829+0600] {logging_mixin.py:190} INFO - [2025-02-11T09:03:56.829+0600] {example_kubernetes_executor.py:39} WARNING - The example_kubernetes_executor example DAG requires the kubernetes provider. Please install it with: pip install apache-airflow[cncf.kubernetes]
[2025-02-11T09:03:56.830+0600] {processor.py:927} WARNING - No viable dags retrieved from /home/shamim/airflow_git/Airflow_project/air_venv/lib/python3.12/site-packages/airflow/example_dags/example_kubernetes_executor.py
[2025-02-11T09:03:56.841+0600] {processor.py:208} INFO - Processing /home/shamim/airflow_git/Airflow_project/air_venv/lib/python3.12/site-packages/airflow/example_dags/example_kubernetes_executor.py took 0.026 seconds
[2025-02-11T09:05:11.953+0600] {processor.py:186} INFO - Started process (PID=7141) to work on /home/shamim/airflow_git/Airflow_project/air_venv/lib/python3.12/site-packages/airflow/example_dags/example_kubernetes_executor.py
[2025-02-11T09:05:11.959+0600] {processor.py:914} INFO - Processing file /home/shamim/airflow_git/Airflow_project/air_venv/lib/python3.12/site-packages/airflow/example_dags/example_kubernetes_executor.py for tasks to queue
[2025-02-11T09:05:11.961+0600] {logging_mixin.py:190} INFO - [2025-02-11T09:05:11.960+0600] {dagbag.py:588} INFO - Filling up the DagBag from /home/shamim/airflow_git/Airflow_project/air_venv/lib/python3.12/site-packages/airflow/example_dags/example_kubernetes_executor.py
[2025-02-11T09:05:11.965+0600] {logging_mixin.py:190} INFO - [2025-02-11T09:05:11.965+0600] {example_kubernetes_executor.py:39} WARNING - The example_kubernetes_executor example DAG requires the kubernetes provider. Please install it with: pip install apache-airflow[cncf.kubernetes]
[2025-02-11T09:05:11.965+0600] {processor.py:927} WARNING - No viable dags retrieved from /home/shamim/airflow_git/Airflow_project/air_venv/lib/python3.12/site-packages/airflow/example_dags/example_kubernetes_executor.py
[2025-02-11T09:05:11.977+0600] {processor.py:208} INFO - Processing /home/shamim/airflow_git/Airflow_project/air_venv/lib/python3.12/site-packages/airflow/example_dags/example_kubernetes_executor.py took 0.032 seconds
[2025-02-11T09:06:32.807+0600] {processor.py:186} INFO - Started process (PID=7500) to work on /home/shamim/airflow_git/Airflow_project/air_venv/lib/python3.12/site-packages/airflow/example_dags/example_kubernetes_executor.py
[2025-02-11T09:06:32.813+0600] {processor.py:914} INFO - Processing file /home/shamim/airflow_git/Airflow_project/air_venv/lib/python3.12/site-packages/airflow/example_dags/example_kubernetes_executor.py for tasks to queue
[2025-02-11T09:06:32.815+0600] {logging_mixin.py:190} INFO - [2025-02-11T09:06:32.815+0600] {dagbag.py:588} INFO - Filling up the DagBag from /home/shamim/airflow_git/Airflow_project/air_venv/lib/python3.12/site-packages/airflow/example_dags/example_kubernetes_executor.py
[2025-02-11T09:06:32.819+0600] {logging_mixin.py:190} INFO - [2025-02-11T09:06:32.818+0600] {example_kubernetes_executor.py:39} WARNING - The example_kubernetes_executor example DAG requires the kubernetes provider. Please install it with: pip install apache-airflow[cncf.kubernetes]
[2025-02-11T09:06:32.819+0600] {processor.py:927} WARNING - No viable dags retrieved from /home/shamim/airflow_git/Airflow_project/air_venv/lib/python3.12/site-packages/airflow/example_dags/example_kubernetes_executor.py
[2025-02-11T09:06:32.831+0600] {processor.py:208} INFO - Processing /home/shamim/airflow_git/Airflow_project/air_venv/lib/python3.12/site-packages/airflow/example_dags/example_kubernetes_executor.py took 0.031 seconds
[2025-02-11T09:07:55.397+0600] {processor.py:186} INFO - Started process (PID=8012) to work on /home/shamim/airflow_git/Airflow_project/air_venv/lib/python3.12/site-packages/airflow/example_dags/example_kubernetes_executor.py
[2025-02-11T09:07:55.398+0600] {processor.py:914} INFO - Processing file /home/shamim/airflow_git/Airflow_project/air_venv/lib/python3.12/site-packages/airflow/example_dags/example_kubernetes_executor.py for tasks to queue
[2025-02-11T09:07:55.400+0600] {logging_mixin.py:190} INFO - [2025-02-11T09:07:55.399+0600] {dagbag.py:588} INFO - Filling up the DagBag from /home/shamim/airflow_git/Airflow_project/air_venv/lib/python3.12/site-packages/airflow/example_dags/example_kubernetes_executor.py
[2025-02-11T09:07:55.404+0600] {logging_mixin.py:190} INFO - [2025-02-11T09:07:55.403+0600] {example_kubernetes_executor.py:39} WARNING - The example_kubernetes_executor example DAG requires the kubernetes provider. Please install it with: pip install apache-airflow[cncf.kubernetes]
[2025-02-11T09:07:55.404+0600] {processor.py:927} WARNING - No viable dags retrieved from /home/shamim/airflow_git/Airflow_project/air_venv/lib/python3.12/site-packages/airflow/example_dags/example_kubernetes_executor.py
[2025-02-11T09:07:55.416+0600] {processor.py:208} INFO - Processing /home/shamim/airflow_git/Airflow_project/air_venv/lib/python3.12/site-packages/airflow/example_dags/example_kubernetes_executor.py took 0.029 seconds
[2025-02-11T09:09:22.421+0600] {processor.py:186} INFO - Started process (PID=8537) to work on /home/shamim/airflow_git/Airflow_project/air_venv/lib/python3.12/site-packages/airflow/example_dags/example_kubernetes_executor.py
[2025-02-11T09:09:22.428+0600] {processor.py:914} INFO - Processing file /home/shamim/airflow_git/Airflow_project/air_venv/lib/python3.12/site-packages/airflow/example_dags/example_kubernetes_executor.py for tasks to queue
[2025-02-11T09:09:22.430+0600] {logging_mixin.py:190} INFO - [2025-02-11T09:09:22.429+0600] {dagbag.py:588} INFO - Filling up the DagBag from /home/shamim/airflow_git/Airflow_project/air_venv/lib/python3.12/site-packages/airflow/example_dags/example_kubernetes_executor.py
[2025-02-11T09:09:22.436+0600] {logging_mixin.py:190} INFO - [2025-02-11T09:09:22.435+0600] {example_kubernetes_executor.py:39} WARNING - The example_kubernetes_executor example DAG requires the kubernetes provider. Please install it with: pip install apache-airflow[cncf.kubernetes]
[2025-02-11T09:09:22.436+0600] {processor.py:927} WARNING - No viable dags retrieved from /home/shamim/airflow_git/Airflow_project/air_venv/lib/python3.12/site-packages/airflow/example_dags/example_kubernetes_executor.py
[2025-02-11T09:09:22.454+0600] {processor.py:208} INFO - Processing /home/shamim/airflow_git/Airflow_project/air_venv/lib/python3.12/site-packages/airflow/example_dags/example_kubernetes_executor.py took 0.043 seconds
[2025-02-11T09:10:43.055+0600] {processor.py:186} INFO - Started process (PID=9014) to work on /home/shamim/airflow_git/Airflow_project/air_venv/lib/python3.12/site-packages/airflow/example_dags/example_kubernetes_executor.py
[2025-02-11T09:10:43.061+0600] {processor.py:914} INFO - Processing file /home/shamim/airflow_git/Airflow_project/air_venv/lib/python3.12/site-packages/airflow/example_dags/example_kubernetes_executor.py for tasks to queue
[2025-02-11T09:10:43.063+0600] {logging_mixin.py:190} INFO - [2025-02-11T09:10:43.063+0600] {dagbag.py:588} INFO - Filling up the DagBag from /home/shamim/airflow_git/Airflow_project/air_venv/lib/python3.12/site-packages/airflow/example_dags/example_kubernetes_executor.py
[2025-02-11T09:10:43.068+0600] {logging_mixin.py:190} INFO - [2025-02-11T09:10:43.068+0600] {example_kubernetes_executor.py:39} WARNING - The example_kubernetes_executor example DAG requires the kubernetes provider. Please install it with: pip install apache-airflow[cncf.kubernetes]
[2025-02-11T09:10:43.069+0600] {processor.py:927} WARNING - No viable dags retrieved from /home/shamim/airflow_git/Airflow_project/air_venv/lib/python3.12/site-packages/airflow/example_dags/example_kubernetes_executor.py
[2025-02-11T09:10:43.087+0600] {processor.py:208} INFO - Processing /home/shamim/airflow_git/Airflow_project/air_venv/lib/python3.12/site-packages/airflow/example_dags/example_kubernetes_executor.py took 0.039 seconds
[2025-02-11T09:12:06.609+0600] {processor.py:186} INFO - Started process (PID=9509) to work on /home/shamim/airflow_git/Airflow_project/air_venv/lib/python3.12/site-packages/airflow/example_dags/example_kubernetes_executor.py
[2025-02-11T09:12:06.614+0600] {processor.py:914} INFO - Processing file /home/shamim/airflow_git/Airflow_project/air_venv/lib/python3.12/site-packages/airflow/example_dags/example_kubernetes_executor.py for tasks to queue
[2025-02-11T09:12:06.616+0600] {logging_mixin.py:190} INFO - [2025-02-11T09:12:06.616+0600] {dagbag.py:588} INFO - Filling up the DagBag from /home/shamim/airflow_git/Airflow_project/air_venv/lib/python3.12/site-packages/airflow/example_dags/example_kubernetes_executor.py
[2025-02-11T09:12:06.624+0600] {logging_mixin.py:190} INFO - [2025-02-11T09:12:06.623+0600] {example_kubernetes_executor.py:39} WARNING - The example_kubernetes_executor example DAG requires the kubernetes provider. Please install it with: pip install apache-airflow[cncf.kubernetes]
[2025-02-11T09:12:06.625+0600] {processor.py:927} WARNING - No viable dags retrieved from /home/shamim/airflow_git/Airflow_project/air_venv/lib/python3.12/site-packages/airflow/example_dags/example_kubernetes_executor.py
[2025-02-11T09:12:06.649+0600] {processor.py:208} INFO - Processing /home/shamim/airflow_git/Airflow_project/air_venv/lib/python3.12/site-packages/airflow/example_dags/example_kubernetes_executor.py took 0.056 seconds
[2025-02-11T09:13:27.897+0600] {processor.py:186} INFO - Started process (PID=10042) to work on /home/shamim/airflow_git/Airflow_project/air_venv/lib/python3.12/site-packages/airflow/example_dags/example_kubernetes_executor.py
[2025-02-11T09:13:27.900+0600] {processor.py:914} INFO - Processing file /home/shamim/airflow_git/Airflow_project/air_venv/lib/python3.12/site-packages/airflow/example_dags/example_kubernetes_executor.py for tasks to queue
[2025-02-11T09:13:27.902+0600] {logging_mixin.py:190} INFO - [2025-02-11T09:13:27.901+0600] {dagbag.py:588} INFO - Filling up the DagBag from /home/shamim/airflow_git/Airflow_project/air_venv/lib/python3.12/site-packages/airflow/example_dags/example_kubernetes_executor.py
[2025-02-11T09:13:27.907+0600] {logging_mixin.py:190} INFO - [2025-02-11T09:13:27.906+0600] {example_kubernetes_executor.py:39} WARNING - The example_kubernetes_executor example DAG requires the kubernetes provider. Please install it with: pip install apache-airflow[cncf.kubernetes]
[2025-02-11T09:13:27.907+0600] {processor.py:927} WARNING - No viable dags retrieved from /home/shamim/airflow_git/Airflow_project/air_venv/lib/python3.12/site-packages/airflow/example_dags/example_kubernetes_executor.py
[2025-02-11T09:13:27.918+0600] {processor.py:208} INFO - Processing /home/shamim/airflow_git/Airflow_project/air_venv/lib/python3.12/site-packages/airflow/example_dags/example_kubernetes_executor.py took 0.028 seconds
