[2025-02-11T09:00:06.156+0600] {processor.py:186} INFO - Started process (PID=5765) to work on /home/shamim/airflow_git/Airflow_project/air_venv/lib/python3.12/site-packages/airflow/example_dags/example_bash_operator.py
[2025-02-11T09:00:06.157+0600] {processor.py:914} INFO - Processing file /home/shamim/airflow_git/Airflow_project/air_venv/lib/python3.12/site-packages/airflow/example_dags/example_bash_operator.py for tasks to queue
[2025-02-11T09:00:06.159+0600] {logging_mixin.py:190} INFO - [2025-02-11T09:00:06.159+0600] {dagbag.py:588} INFO - Filling up the DagBag from /home/shamim/airflow_git/Airflow_project/air_venv/lib/python3.12/site-packages/airflow/example_dags/example_bash_operator.py
[2025-02-11T09:00:06.175+0600] {processor.py:925} INFO - DAG(s) 'example_bash_operator' retrieved from /home/shamim/airflow_git/Airflow_project/air_venv/lib/python3.12/site-packages/airflow/example_dags/example_bash_operator.py
[2025-02-11T09:00:06.201+0600] {logging_mixin.py:190} INFO - [2025-02-11T09:00:06.201+0600] {dag.py:3239} INFO - Sync 1 DAGs
[2025-02-11T09:00:06.227+0600] {logging_mixin.py:190} INFO - [2025-02-11T09:00:06.227+0600] {dag.py:4180} INFO - Setting next_dagrun for example_bash_operator to 2025-02-10 00:00:00+00:00, run_after=2025-02-11 00:00:00+00:00
[2025-02-11T09:00:06.255+0600] {processor.py:208} INFO - Processing /home/shamim/airflow_git/Airflow_project/air_venv/lib/python3.12/site-packages/airflow/example_dags/example_bash_operator.py took 0.106 seconds
[2025-02-11T09:01:32.753+0600] {processor.py:186} INFO - Started process (PID=6055) to work on /home/shamim/airflow_git/Airflow_project/air_venv/lib/python3.12/site-packages/airflow/example_dags/example_bash_operator.py
[2025-02-11T09:01:32.761+0600] {processor.py:914} INFO - Processing file /home/shamim/airflow_git/Airflow_project/air_venv/lib/python3.12/site-packages/airflow/example_dags/example_bash_operator.py for tasks to queue
[2025-02-11T09:01:32.768+0600] {logging_mixin.py:190} INFO - [2025-02-11T09:01:32.766+0600] {dagbag.py:588} INFO - Filling up the DagBag from /home/shamim/airflow_git/Airflow_project/air_venv/lib/python3.12/site-packages/airflow/example_dags/example_bash_operator.py
[2025-02-11T09:01:32.797+0600] {processor.py:925} INFO - DAG(s) 'example_bash_operator' retrieved from /home/shamim/airflow_git/Airflow_project/air_venv/lib/python3.12/site-packages/airflow/example_dags/example_bash_operator.py
[2025-02-11T09:01:32.830+0600] {logging_mixin.py:190} INFO - [2025-02-11T09:01:32.830+0600] {dag.py:3239} INFO - Sync 1 DAGs
[2025-02-11T09:01:32.855+0600] {logging_mixin.py:190} INFO - [2025-02-11T09:01:32.855+0600] {dag.py:4180} INFO - Setting next_dagrun for example_bash_operator to 2025-02-10 00:00:00+00:00, run_after=2025-02-11 00:00:00+00:00
[2025-02-11T09:01:32.904+0600] {processor.py:208} INFO - Processing /home/shamim/airflow_git/Airflow_project/air_venv/lib/python3.12/site-packages/airflow/example_dags/example_bash_operator.py took 0.172 seconds
[2025-02-11T09:02:57.036+0600] {processor.py:186} INFO - Started process (PID=6544) to work on /home/shamim/airflow_git/Airflow_project/air_venv/lib/python3.12/site-packages/airflow/example_dags/example_bash_operator.py
[2025-02-11T09:02:57.040+0600] {processor.py:914} INFO - Processing file /home/shamim/airflow_git/Airflow_project/air_venv/lib/python3.12/site-packages/airflow/example_dags/example_bash_operator.py for tasks to queue
[2025-02-11T09:02:57.046+0600] {logging_mixin.py:190} INFO - [2025-02-11T09:02:57.046+0600] {dagbag.py:588} INFO - Filling up the DagBag from /home/shamim/airflow_git/Airflow_project/air_venv/lib/python3.12/site-packages/airflow/example_dags/example_bash_operator.py
[2025-02-11T09:02:57.098+0600] {processor.py:925} INFO - DAG(s) 'example_bash_operator' retrieved from /home/shamim/airflow_git/Airflow_project/air_venv/lib/python3.12/site-packages/airflow/example_dags/example_bash_operator.py
[2025-02-11T09:02:57.147+0600] {logging_mixin.py:190} INFO - [2025-02-11T09:02:57.146+0600] {dag.py:3239} INFO - Sync 1 DAGs
[2025-02-11T09:02:57.197+0600] {logging_mixin.py:190} INFO - [2025-02-11T09:02:57.196+0600] {dag.py:4180} INFO - Setting next_dagrun for example_bash_operator to 2025-02-10 00:00:00+00:00, run_after=2025-02-11 00:00:00+00:00
[2025-02-11T09:02:57.258+0600] {processor.py:208} INFO - Processing /home/shamim/airflow_git/Airflow_project/air_venv/lib/python3.12/site-packages/airflow/example_dags/example_bash_operator.py took 0.232 seconds
[2025-02-11T09:04:19.531+0600] {processor.py:186} INFO - Started process (PID=6917) to work on /home/shamim/airflow_git/Airflow_project/air_venv/lib/python3.12/site-packages/airflow/example_dags/example_bash_operator.py
[2025-02-11T09:04:19.538+0600] {processor.py:914} INFO - Processing file /home/shamim/airflow_git/Airflow_project/air_venv/lib/python3.12/site-packages/airflow/example_dags/example_bash_operator.py for tasks to queue
[2025-02-11T09:04:19.541+0600] {logging_mixin.py:190} INFO - [2025-02-11T09:04:19.540+0600] {dagbag.py:588} INFO - Filling up the DagBag from /home/shamim/airflow_git/Airflow_project/air_venv/lib/python3.12/site-packages/airflow/example_dags/example_bash_operator.py
[2025-02-11T09:04:19.562+0600] {processor.py:925} INFO - DAG(s) 'example_bash_operator' retrieved from /home/shamim/airflow_git/Airflow_project/air_venv/lib/python3.12/site-packages/airflow/example_dags/example_bash_operator.py
[2025-02-11T09:04:19.589+0600] {logging_mixin.py:190} INFO - [2025-02-11T09:04:19.588+0600] {dag.py:3239} INFO - Sync 1 DAGs
[2025-02-11T09:04:19.613+0600] {logging_mixin.py:190} INFO - [2025-02-11T09:04:19.613+0600] {dag.py:4180} INFO - Setting next_dagrun for example_bash_operator to 2025-02-10 00:00:00+00:00, run_after=2025-02-11 00:00:00+00:00
[2025-02-11T09:04:19.638+0600] {processor.py:208} INFO - Processing /home/shamim/airflow_git/Airflow_project/air_venv/lib/python3.12/site-packages/airflow/example_dags/example_bash_operator.py took 0.126 seconds
[2025-02-11T09:05:35.535+0600] {processor.py:186} INFO - Started process (PID=7266) to work on /home/shamim/airflow_git/Airflow_project/air_venv/lib/python3.12/site-packages/airflow/example_dags/example_bash_operator.py
[2025-02-11T09:05:35.541+0600] {processor.py:914} INFO - Processing file /home/shamim/airflow_git/Airflow_project/air_venv/lib/python3.12/site-packages/airflow/example_dags/example_bash_operator.py for tasks to queue
[2025-02-11T09:05:35.543+0600] {logging_mixin.py:190} INFO - [2025-02-11T09:05:35.542+0600] {dagbag.py:588} INFO - Filling up the DagBag from /home/shamim/airflow_git/Airflow_project/air_venv/lib/python3.12/site-packages/airflow/example_dags/example_bash_operator.py
[2025-02-11T09:05:35.563+0600] {processor.py:925} INFO - DAG(s) 'example_bash_operator' retrieved from /home/shamim/airflow_git/Airflow_project/air_venv/lib/python3.12/site-packages/airflow/example_dags/example_bash_operator.py
[2025-02-11T09:05:35.591+0600] {logging_mixin.py:190} INFO - [2025-02-11T09:05:35.591+0600] {dag.py:3239} INFO - Sync 1 DAGs
[2025-02-11T09:05:35.618+0600] {logging_mixin.py:190} INFO - [2025-02-11T09:05:35.618+0600] {dag.py:4180} INFO - Setting next_dagrun for example_bash_operator to 2025-02-10 00:00:00+00:00, run_after=2025-02-11 00:00:00+00:00
[2025-02-11T09:05:35.655+0600] {processor.py:208} INFO - Processing /home/shamim/airflow_git/Airflow_project/air_venv/lib/python3.12/site-packages/airflow/example_dags/example_bash_operator.py took 0.129 seconds
[2025-02-11T09:06:56.160+0600] {processor.py:186} INFO - Started process (PID=7622) to work on /home/shamim/airflow_git/Airflow_project/air_venv/lib/python3.12/site-packages/airflow/example_dags/example_bash_operator.py
[2025-02-11T09:06:56.167+0600] {processor.py:914} INFO - Processing file /home/shamim/airflow_git/Airflow_project/air_venv/lib/python3.12/site-packages/airflow/example_dags/example_bash_operator.py for tasks to queue
[2025-02-11T09:06:56.168+0600] {logging_mixin.py:190} INFO - [2025-02-11T09:06:56.168+0600] {dagbag.py:588} INFO - Filling up the DagBag from /home/shamim/airflow_git/Airflow_project/air_venv/lib/python3.12/site-packages/airflow/example_dags/example_bash_operator.py
[2025-02-11T09:06:56.187+0600] {processor.py:925} INFO - DAG(s) 'example_bash_operator' retrieved from /home/shamim/airflow_git/Airflow_project/air_venv/lib/python3.12/site-packages/airflow/example_dags/example_bash_operator.py
[2025-02-11T09:06:56.216+0600] {logging_mixin.py:190} INFO - [2025-02-11T09:06:56.216+0600] {dag.py:3239} INFO - Sync 1 DAGs
[2025-02-11T09:06:56.245+0600] {logging_mixin.py:190} INFO - [2025-02-11T09:06:56.245+0600] {dag.py:4180} INFO - Setting next_dagrun for example_bash_operator to 2025-02-10 00:00:00+00:00, run_after=2025-02-11 00:00:00+00:00
[2025-02-11T09:06:56.280+0600] {processor.py:208} INFO - Processing /home/shamim/airflow_git/Airflow_project/air_venv/lib/python3.12/site-packages/airflow/example_dags/example_bash_operator.py took 0.137 seconds
[2025-02-11T09:08:19.831+0600] {processor.py:186} INFO - Started process (PID=8149) to work on /home/shamim/airflow_git/Airflow_project/air_venv/lib/python3.12/site-packages/airflow/example_dags/example_bash_operator.py
[2025-02-11T09:08:19.838+0600] {processor.py:914} INFO - Processing file /home/shamim/airflow_git/Airflow_project/air_venv/lib/python3.12/site-packages/airflow/example_dags/example_bash_operator.py for tasks to queue
[2025-02-11T09:08:19.841+0600] {logging_mixin.py:190} INFO - [2025-02-11T09:08:19.840+0600] {dagbag.py:588} INFO - Filling up the DagBag from /home/shamim/airflow_git/Airflow_project/air_venv/lib/python3.12/site-packages/airflow/example_dags/example_bash_operator.py
[2025-02-11T09:08:19.863+0600] {processor.py:925} INFO - DAG(s) 'example_bash_operator' retrieved from /home/shamim/airflow_git/Airflow_project/air_venv/lib/python3.12/site-packages/airflow/example_dags/example_bash_operator.py
[2025-02-11T09:08:19.889+0600] {logging_mixin.py:190} INFO - [2025-02-11T09:08:19.888+0600] {dag.py:3239} INFO - Sync 1 DAGs
[2025-02-11T09:08:19.916+0600] {logging_mixin.py:190} INFO - [2025-02-11T09:08:19.915+0600] {dag.py:4180} INFO - Setting next_dagrun for example_bash_operator to 2025-02-10 00:00:00+00:00, run_after=2025-02-11 00:00:00+00:00
[2025-02-11T09:08:19.952+0600] {processor.py:208} INFO - Processing /home/shamim/airflow_git/Airflow_project/air_venv/lib/python3.12/site-packages/airflow/example_dags/example_bash_operator.py took 0.134 seconds
[2025-02-11T09:09:45.988+0600] {processor.py:186} INFO - Started process (PID=8659) to work on /home/shamim/airflow_git/Airflow_project/air_venv/lib/python3.12/site-packages/airflow/example_dags/example_bash_operator.py
[2025-02-11T09:09:45.989+0600] {processor.py:914} INFO - Processing file /home/shamim/airflow_git/Airflow_project/air_venv/lib/python3.12/site-packages/airflow/example_dags/example_bash_operator.py for tasks to queue
[2025-02-11T09:09:45.991+0600] {logging_mixin.py:190} INFO - [2025-02-11T09:09:45.991+0600] {dagbag.py:588} INFO - Filling up the DagBag from /home/shamim/airflow_git/Airflow_project/air_venv/lib/python3.12/site-packages/airflow/example_dags/example_bash_operator.py
[2025-02-11T09:09:46.012+0600] {processor.py:925} INFO - DAG(s) 'example_bash_operator' retrieved from /home/shamim/airflow_git/Airflow_project/air_venv/lib/python3.12/site-packages/airflow/example_dags/example_bash_operator.py
[2025-02-11T09:09:46.038+0600] {logging_mixin.py:190} INFO - [2025-02-11T09:09:46.037+0600] {dag.py:3239} INFO - Sync 1 DAGs
[2025-02-11T09:09:46.063+0600] {logging_mixin.py:190} INFO - [2025-02-11T09:09:46.063+0600] {dag.py:4180} INFO - Setting next_dagrun for example_bash_operator to 2025-02-10 00:00:00+00:00, run_after=2025-02-11 00:00:00+00:00
[2025-02-11T09:09:46.098+0600] {processor.py:208} INFO - Processing /home/shamim/airflow_git/Airflow_project/air_venv/lib/python3.12/site-packages/airflow/example_dags/example_bash_operator.py took 0.119 seconds
[2025-02-11T09:11:05.799+0600] {processor.py:186} INFO - Started process (PID=9140) to work on /home/shamim/airflow_git/Airflow_project/air_venv/lib/python3.12/site-packages/airflow/example_dags/example_bash_operator.py
[2025-02-11T09:11:05.806+0600] {processor.py:914} INFO - Processing file /home/shamim/airflow_git/Airflow_project/air_venv/lib/python3.12/site-packages/airflow/example_dags/example_bash_operator.py for tasks to queue
[2025-02-11T09:11:05.810+0600] {logging_mixin.py:190} INFO - [2025-02-11T09:11:05.809+0600] {dagbag.py:588} INFO - Filling up the DagBag from /home/shamim/airflow_git/Airflow_project/air_venv/lib/python3.12/site-packages/airflow/example_dags/example_bash_operator.py
[2025-02-11T09:11:05.838+0600] {processor.py:925} INFO - DAG(s) 'example_bash_operator' retrieved from /home/shamim/airflow_git/Airflow_project/air_venv/lib/python3.12/site-packages/airflow/example_dags/example_bash_operator.py
[2025-02-11T09:11:05.864+0600] {logging_mixin.py:190} INFO - [2025-02-11T09:11:05.864+0600] {dag.py:3239} INFO - Sync 1 DAGs
[2025-02-11T09:11:05.893+0600] {logging_mixin.py:190} INFO - [2025-02-11T09:11:05.893+0600] {dag.py:4180} INFO - Setting next_dagrun for example_bash_operator to 2025-02-10 00:00:00+00:00, run_after=2025-02-11 00:00:00+00:00
[2025-02-11T09:11:05.915+0600] {processor.py:208} INFO - Processing /home/shamim/airflow_git/Airflow_project/air_venv/lib/python3.12/site-packages/airflow/example_dags/example_bash_operator.py took 0.125 seconds
[2025-02-11T09:12:30.374+0600] {processor.py:186} INFO - Started process (PID=9684) to work on /home/shamim/airflow_git/Airflow_project/air_venv/lib/python3.12/site-packages/airflow/example_dags/example_bash_operator.py
[2025-02-11T09:12:30.381+0600] {processor.py:914} INFO - Processing file /home/shamim/airflow_git/Airflow_project/air_venv/lib/python3.12/site-packages/airflow/example_dags/example_bash_operator.py for tasks to queue
[2025-02-11T09:12:30.384+0600] {logging_mixin.py:190} INFO - [2025-02-11T09:12:30.383+0600] {dagbag.py:588} INFO - Filling up the DagBag from /home/shamim/airflow_git/Airflow_project/air_venv/lib/python3.12/site-packages/airflow/example_dags/example_bash_operator.py
[2025-02-11T09:12:30.410+0600] {processor.py:925} INFO - DAG(s) 'example_bash_operator' retrieved from /home/shamim/airflow_git/Airflow_project/air_venv/lib/python3.12/site-packages/airflow/example_dags/example_bash_operator.py
[2025-02-11T09:12:30.456+0600] {logging_mixin.py:190} INFO - [2025-02-11T09:12:30.456+0600] {dag.py:3239} INFO - Sync 1 DAGs
[2025-02-11T09:12:30.498+0600] {logging_mixin.py:190} INFO - [2025-02-11T09:12:30.497+0600] {dag.py:4180} INFO - Setting next_dagrun for example_bash_operator to 2025-02-10 00:00:00+00:00, run_after=2025-02-11 00:00:00+00:00
[2025-02-11T09:12:30.529+0600] {processor.py:208} INFO - Processing /home/shamim/airflow_git/Airflow_project/air_venv/lib/python3.12/site-packages/airflow/example_dags/example_bash_operator.py took 0.163 seconds
[2025-02-11T09:13:49.411+0600] {processor.py:186} INFO - Started process (PID=10093) to work on /home/shamim/airflow_git/Airflow_project/air_venv/lib/python3.12/site-packages/airflow/example_dags/example_bash_operator.py
[2025-02-11T09:13:49.414+0600] {processor.py:914} INFO - Processing file /home/shamim/airflow_git/Airflow_project/air_venv/lib/python3.12/site-packages/airflow/example_dags/example_bash_operator.py for tasks to queue
[2025-02-11T09:13:49.416+0600] {logging_mixin.py:190} INFO - [2025-02-11T09:13:49.415+0600] {dagbag.py:588} INFO - Filling up the DagBag from /home/shamim/airflow_git/Airflow_project/air_venv/lib/python3.12/site-packages/airflow/example_dags/example_bash_operator.py
[2025-02-11T09:13:49.434+0600] {processor.py:925} INFO - DAG(s) 'example_bash_operator' retrieved from /home/shamim/airflow_git/Airflow_project/air_venv/lib/python3.12/site-packages/airflow/example_dags/example_bash_operator.py
[2025-02-11T09:13:49.460+0600] {logging_mixin.py:190} INFO - [2025-02-11T09:13:49.459+0600] {dag.py:3239} INFO - Sync 1 DAGs
[2025-02-11T09:13:49.488+0600] {logging_mixin.py:190} INFO - [2025-02-11T09:13:49.488+0600] {dag.py:4180} INFO - Setting next_dagrun for example_bash_operator to 2025-02-10 00:00:00+00:00, run_after=2025-02-11 00:00:00+00:00
[2025-02-11T09:13:49.511+0600] {processor.py:208} INFO - Processing /home/shamim/airflow_git/Airflow_project/air_venv/lib/python3.12/site-packages/airflow/example_dags/example_bash_operator.py took 0.108 seconds
