[2025-02-11T08:59:55.324+0600] {processor.py:186} INFO - Started process (PID=5747) to work on /home/shamim/airflow_git/Airflow_project/air_venv/lib/python3.12/site-packages/airflow/example_dags/example_dataset_alias.py
[2025-02-11T08:59:55.325+0600] {processor.py:914} INFO - Processing file /home/shamim/airflow_git/Airflow_project/air_venv/lib/python3.12/site-packages/airflow/example_dags/example_dataset_alias.py for tasks to queue
[2025-02-11T08:59:55.328+0600] {logging_mixin.py:190} INFO - [2025-02-11T08:59:55.327+0600] {dagbag.py:588} INFO - Filling up the DagBag from /home/shamim/airflow_git/Airflow_project/air_venv/lib/python3.12/site-packages/airflow/example_dags/example_dataset_alias.py
[2025-02-11T08:59:56.054+0600] {processor.py:925} INFO - DAG(s) 'dataset_s3_bucket_producer', 'dataset_alias_example_alias_consumer', 'dataset_s3_bucket_consumer', 'dataset_alias_example_alias_producer' retrieved from /home/shamim/airflow_git/Airflow_project/air_venv/lib/python3.12/site-packages/airflow/example_dags/example_dataset_alias.py
[2025-02-11T08:59:56.075+0600] {logging_mixin.py:190} INFO - [2025-02-11T08:59:56.075+0600] {dag.py:3239} INFO - Sync 4 DAGs
[2025-02-11T08:59:56.097+0600] {logging_mixin.py:190} INFO - [2025-02-11T08:59:56.097+0600] {dag.py:4180} INFO - Setting next_dagrun for dataset_alias_example_alias_consumer to None, run_after=None
[2025-02-11T08:59:56.102+0600] {logging_mixin.py:190} INFO - [2025-02-11T08:59:56.102+0600] {dag.py:4180} INFO - Setting next_dagrun for dataset_alias_example_alias_producer to None, run_after=None
[2025-02-11T08:59:56.103+0600] {logging_mixin.py:190} INFO - [2025-02-11T08:59:56.103+0600] {dag.py:4180} INFO - Setting next_dagrun for dataset_s3_bucket_consumer to None, run_after=None
[2025-02-11T08:59:56.104+0600] {logging_mixin.py:190} INFO - [2025-02-11T08:59:56.104+0600] {dag.py:4180} INFO - Setting next_dagrun for dataset_s3_bucket_producer to None, run_after=None
[2025-02-11T08:59:56.144+0600] {processor.py:208} INFO - Processing /home/shamim/airflow_git/Airflow_project/air_venv/lib/python3.12/site-packages/airflow/example_dags/example_dataset_alias.py took 0.828 seconds
[2025-02-11T09:01:18.639+0600] {processor.py:186} INFO - Started process (PID=5967) to work on /home/shamim/airflow_git/Airflow_project/air_venv/lib/python3.12/site-packages/airflow/example_dags/example_dataset_alias.py
[2025-02-11T09:01:18.648+0600] {processor.py:914} INFO - Processing file /home/shamim/airflow_git/Airflow_project/air_venv/lib/python3.12/site-packages/airflow/example_dags/example_dataset_alias.py for tasks to queue
[2025-02-11T09:01:18.655+0600] {logging_mixin.py:190} INFO - [2025-02-11T09:01:18.654+0600] {dagbag.py:588} INFO - Filling up the DagBag from /home/shamim/airflow_git/Airflow_project/air_venv/lib/python3.12/site-packages/airflow/example_dags/example_dataset_alias.py
[2025-02-11T09:01:19.627+0600] {processor.py:925} INFO - DAG(s) 'dataset_alias_example_alias_producer', 'dataset_alias_example_alias_consumer', 'dataset_s3_bucket_producer', 'dataset_s3_bucket_consumer' retrieved from /home/shamim/airflow_git/Airflow_project/air_venv/lib/python3.12/site-packages/airflow/example_dags/example_dataset_alias.py
[2025-02-11T09:01:19.651+0600] {logging_mixin.py:190} INFO - [2025-02-11T09:01:19.650+0600] {dag.py:3239} INFO - Sync 4 DAGs
[2025-02-11T09:01:19.680+0600] {logging_mixin.py:190} INFO - [2025-02-11T09:01:19.680+0600] {dag.py:4180} INFO - Setting next_dagrun for dataset_alias_example_alias_consumer to None, run_after=None
[2025-02-11T09:01:19.686+0600] {logging_mixin.py:190} INFO - [2025-02-11T09:01:19.686+0600] {dag.py:4180} INFO - Setting next_dagrun for dataset_alias_example_alias_producer to None, run_after=None
[2025-02-11T09:01:19.688+0600] {logging_mixin.py:190} INFO - [2025-02-11T09:01:19.687+0600] {dag.py:4180} INFO - Setting next_dagrun for dataset_s3_bucket_consumer to None, run_after=None
[2025-02-11T09:01:19.689+0600] {logging_mixin.py:190} INFO - [2025-02-11T09:01:19.688+0600] {dag.py:4180} INFO - Setting next_dagrun for dataset_s3_bucket_producer to None, run_after=None
[2025-02-11T09:01:19.729+0600] {processor.py:208} INFO - Processing /home/shamim/airflow_git/Airflow_project/air_venv/lib/python3.12/site-packages/airflow/example_dags/example_dataset_alias.py took 1.120 seconds
[2025-02-11T09:02:45.364+0600] {processor.py:186} INFO - Started process (PID=6454) to work on /home/shamim/airflow_git/Airflow_project/air_venv/lib/python3.12/site-packages/airflow/example_dags/example_dataset_alias.py
[2025-02-11T09:02:45.368+0600] {processor.py:914} INFO - Processing file /home/shamim/airflow_git/Airflow_project/air_venv/lib/python3.12/site-packages/airflow/example_dags/example_dataset_alias.py for tasks to queue
[2025-02-11T09:02:45.374+0600] {logging_mixin.py:190} INFO - [2025-02-11T09:02:45.373+0600] {dagbag.py:588} INFO - Filling up the DagBag from /home/shamim/airflow_git/Airflow_project/air_venv/lib/python3.12/site-packages/airflow/example_dags/example_dataset_alias.py
[2025-02-11T09:02:46.335+0600] {processor.py:925} INFO - DAG(s) 'dataset_alias_example_alias_consumer', 'dataset_s3_bucket_consumer', 'dataset_alias_example_alias_producer', 'dataset_s3_bucket_producer' retrieved from /home/shamim/airflow_git/Airflow_project/air_venv/lib/python3.12/site-packages/airflow/example_dags/example_dataset_alias.py
[2025-02-11T09:02:46.372+0600] {logging_mixin.py:190} INFO - [2025-02-11T09:02:46.371+0600] {dag.py:3239} INFO - Sync 4 DAGs
[2025-02-11T09:02:46.411+0600] {logging_mixin.py:190} INFO - [2025-02-11T09:02:46.410+0600] {dag.py:4180} INFO - Setting next_dagrun for dataset_alias_example_alias_consumer to None, run_after=None
[2025-02-11T09:02:46.415+0600] {logging_mixin.py:190} INFO - [2025-02-11T09:02:46.415+0600] {dag.py:4180} INFO - Setting next_dagrun for dataset_alias_example_alias_producer to None, run_after=None
[2025-02-11T09:02:46.417+0600] {logging_mixin.py:190} INFO - [2025-02-11T09:02:46.417+0600] {dag.py:4180} INFO - Setting next_dagrun for dataset_s3_bucket_consumer to None, run_after=None
[2025-02-11T09:02:46.420+0600] {logging_mixin.py:190} INFO - [2025-02-11T09:02:46.420+0600] {dag.py:4180} INFO - Setting next_dagrun for dataset_s3_bucket_producer to None, run_after=None
[2025-02-11T09:02:46.481+0600] {processor.py:208} INFO - Processing /home/shamim/airflow_git/Airflow_project/air_venv/lib/python3.12/site-packages/airflow/example_dags/example_dataset_alias.py took 1.132 seconds
[2025-02-11T09:04:08.467+0600] {processor.py:186} INFO - Started process (PID=6899) to work on /home/shamim/airflow_git/Airflow_project/air_venv/lib/python3.12/site-packages/airflow/example_dags/example_dataset_alias.py
[2025-02-11T09:04:08.474+0600] {processor.py:914} INFO - Processing file /home/shamim/airflow_git/Airflow_project/air_venv/lib/python3.12/site-packages/airflow/example_dags/example_dataset_alias.py for tasks to queue
[2025-02-11T09:04:08.478+0600] {logging_mixin.py:190} INFO - [2025-02-11T09:04:08.477+0600] {dagbag.py:588} INFO - Filling up the DagBag from /home/shamim/airflow_git/Airflow_project/air_venv/lib/python3.12/site-packages/airflow/example_dags/example_dataset_alias.py
[2025-02-11T09:04:09.070+0600] {processor.py:925} INFO - DAG(s) 'dataset_s3_bucket_consumer', 'dataset_s3_bucket_producer', 'dataset_alias_example_alias_producer', 'dataset_alias_example_alias_consumer' retrieved from /home/shamim/airflow_git/Airflow_project/air_venv/lib/python3.12/site-packages/airflow/example_dags/example_dataset_alias.py
[2025-02-11T09:04:09.097+0600] {logging_mixin.py:190} INFO - [2025-02-11T09:04:09.096+0600] {dag.py:3239} INFO - Sync 4 DAGs
[2025-02-11T09:04:09.121+0600] {logging_mixin.py:190} INFO - [2025-02-11T09:04:09.121+0600] {dag.py:4180} INFO - Setting next_dagrun for dataset_alias_example_alias_consumer to None, run_after=None
[2025-02-11T09:04:09.126+0600] {logging_mixin.py:190} INFO - [2025-02-11T09:04:09.126+0600] {dag.py:4180} INFO - Setting next_dagrun for dataset_alias_example_alias_producer to None, run_after=None
[2025-02-11T09:04:09.128+0600] {logging_mixin.py:190} INFO - [2025-02-11T09:04:09.127+0600] {dag.py:4180} INFO - Setting next_dagrun for dataset_s3_bucket_consumer to None, run_after=None
[2025-02-11T09:04:09.129+0600] {logging_mixin.py:190} INFO - [2025-02-11T09:04:09.129+0600] {dag.py:4180} INFO - Setting next_dagrun for dataset_s3_bucket_producer to None, run_after=None
[2025-02-11T09:04:09.158+0600] {processor.py:208} INFO - Processing /home/shamim/airflow_git/Airflow_project/air_venv/lib/python3.12/site-packages/airflow/example_dags/example_dataset_alias.py took 0.698 seconds
[2025-02-11T09:05:23.220+0600] {processor.py:186} INFO - Started process (PID=7204) to work on /home/shamim/airflow_git/Airflow_project/air_venv/lib/python3.12/site-packages/airflow/example_dags/example_dataset_alias.py
[2025-02-11T09:05:23.226+0600] {processor.py:914} INFO - Processing file /home/shamim/airflow_git/Airflow_project/air_venv/lib/python3.12/site-packages/airflow/example_dags/example_dataset_alias.py for tasks to queue
[2025-02-11T09:05:23.228+0600] {logging_mixin.py:190} INFO - [2025-02-11T09:05:23.227+0600] {dagbag.py:588} INFO - Filling up the DagBag from /home/shamim/airflow_git/Airflow_project/air_venv/lib/python3.12/site-packages/airflow/example_dags/example_dataset_alias.py
[2025-02-11T09:05:23.762+0600] {processor.py:925} INFO - DAG(s) 'dataset_alias_example_alias_producer', 'dataset_alias_example_alias_consumer', 'dataset_s3_bucket_producer', 'dataset_s3_bucket_consumer' retrieved from /home/shamim/airflow_git/Airflow_project/air_venv/lib/python3.12/site-packages/airflow/example_dags/example_dataset_alias.py
[2025-02-11T09:05:23.782+0600] {logging_mixin.py:190} INFO - [2025-02-11T09:05:23.782+0600] {dag.py:3239} INFO - Sync 4 DAGs
[2025-02-11T09:05:23.803+0600] {logging_mixin.py:190} INFO - [2025-02-11T09:05:23.802+0600] {dag.py:4180} INFO - Setting next_dagrun for dataset_alias_example_alias_consumer to None, run_after=None
[2025-02-11T09:05:23.807+0600] {logging_mixin.py:190} INFO - [2025-02-11T09:05:23.807+0600] {dag.py:4180} INFO - Setting next_dagrun for dataset_alias_example_alias_producer to None, run_after=None
[2025-02-11T09:05:23.808+0600] {logging_mixin.py:190} INFO - [2025-02-11T09:05:23.808+0600] {dag.py:4180} INFO - Setting next_dagrun for dataset_s3_bucket_consumer to None, run_after=None
[2025-02-11T09:05:23.809+0600] {logging_mixin.py:190} INFO - [2025-02-11T09:05:23.809+0600] {dag.py:4180} INFO - Setting next_dagrun for dataset_s3_bucket_producer to None, run_after=None
[2025-02-11T09:05:23.832+0600] {processor.py:208} INFO - Processing /home/shamim/airflow_git/Airflow_project/air_venv/lib/python3.12/site-packages/airflow/example_dags/example_dataset_alias.py took 0.621 seconds
[2025-02-11T09:06:44.598+0600] {processor.py:186} INFO - Started process (PID=7561) to work on /home/shamim/airflow_git/Airflow_project/air_venv/lib/python3.12/site-packages/airflow/example_dags/example_dataset_alias.py
[2025-02-11T09:06:44.606+0600] {processor.py:914} INFO - Processing file /home/shamim/airflow_git/Airflow_project/air_venv/lib/python3.12/site-packages/airflow/example_dags/example_dataset_alias.py for tasks to queue
[2025-02-11T09:06:44.609+0600] {logging_mixin.py:190} INFO - [2025-02-11T09:06:44.608+0600] {dagbag.py:588} INFO - Filling up the DagBag from /home/shamim/airflow_git/Airflow_project/air_venv/lib/python3.12/site-packages/airflow/example_dags/example_dataset_alias.py
[2025-02-11T09:06:45.332+0600] {processor.py:925} INFO - DAG(s) 'dataset_s3_bucket_consumer', 'dataset_alias_example_alias_producer', 'dataset_alias_example_alias_consumer', 'dataset_s3_bucket_producer' retrieved from /home/shamim/airflow_git/Airflow_project/air_venv/lib/python3.12/site-packages/airflow/example_dags/example_dataset_alias.py
[2025-02-11T09:06:45.362+0600] {logging_mixin.py:190} INFO - [2025-02-11T09:06:45.361+0600] {dag.py:3239} INFO - Sync 4 DAGs
[2025-02-11T09:06:45.389+0600] {logging_mixin.py:190} INFO - [2025-02-11T09:06:45.389+0600] {dag.py:4180} INFO - Setting next_dagrun for dataset_alias_example_alias_consumer to None, run_after=None
[2025-02-11T09:06:45.397+0600] {logging_mixin.py:190} INFO - [2025-02-11T09:06:45.396+0600] {dag.py:4180} INFO - Setting next_dagrun for dataset_alias_example_alias_producer to None, run_after=None
[2025-02-11T09:06:45.399+0600] {logging_mixin.py:190} INFO - [2025-02-11T09:06:45.399+0600] {dag.py:4180} INFO - Setting next_dagrun for dataset_s3_bucket_consumer to None, run_after=None
[2025-02-11T09:06:45.401+0600] {logging_mixin.py:190} INFO - [2025-02-11T09:06:45.401+0600] {dag.py:4180} INFO - Setting next_dagrun for dataset_s3_bucket_producer to None, run_after=None
[2025-02-11T09:06:45.454+0600] {processor.py:208} INFO - Processing /home/shamim/airflow_git/Airflow_project/air_venv/lib/python3.12/site-packages/airflow/example_dags/example_dataset_alias.py took 0.882 seconds
[2025-02-11T09:08:07.543+0600] {processor.py:186} INFO - Started process (PID=8085) to work on /home/shamim/airflow_git/Airflow_project/air_venv/lib/python3.12/site-packages/airflow/example_dags/example_dataset_alias.py
[2025-02-11T09:08:07.549+0600] {processor.py:914} INFO - Processing file /home/shamim/airflow_git/Airflow_project/air_venv/lib/python3.12/site-packages/airflow/example_dags/example_dataset_alias.py for tasks to queue
[2025-02-11T09:08:07.550+0600] {logging_mixin.py:190} INFO - [2025-02-11T09:08:07.550+0600] {dagbag.py:588} INFO - Filling up the DagBag from /home/shamim/airflow_git/Airflow_project/air_venv/lib/python3.12/site-packages/airflow/example_dags/example_dataset_alias.py
[2025-02-11T09:08:08.235+0600] {processor.py:925} INFO - DAG(s) 'dataset_alias_example_alias_producer', 'dataset_s3_bucket_consumer', 'dataset_s3_bucket_producer', 'dataset_alias_example_alias_consumer' retrieved from /home/shamim/airflow_git/Airflow_project/air_venv/lib/python3.12/site-packages/airflow/example_dags/example_dataset_alias.py
[2025-02-11T09:08:08.256+0600] {logging_mixin.py:190} INFO - [2025-02-11T09:08:08.255+0600] {dag.py:3239} INFO - Sync 4 DAGs
[2025-02-11T09:08:08.277+0600] {logging_mixin.py:190} INFO - [2025-02-11T09:08:08.276+0600] {dag.py:4180} INFO - Setting next_dagrun for dataset_alias_example_alias_consumer to None, run_after=None
[2025-02-11T09:08:08.281+0600] {logging_mixin.py:190} INFO - [2025-02-11T09:08:08.280+0600] {dag.py:4180} INFO - Setting next_dagrun for dataset_alias_example_alias_producer to None, run_after=None
[2025-02-11T09:08:08.282+0600] {logging_mixin.py:190} INFO - [2025-02-11T09:08:08.282+0600] {dag.py:4180} INFO - Setting next_dagrun for dataset_s3_bucket_consumer to None, run_after=None
[2025-02-11T09:08:08.283+0600] {logging_mixin.py:190} INFO - [2025-02-11T09:08:08.283+0600] {dag.py:4180} INFO - Setting next_dagrun for dataset_s3_bucket_producer to None, run_after=None
[2025-02-11T09:08:08.319+0600] {processor.py:208} INFO - Processing /home/shamim/airflow_git/Airflow_project/air_venv/lib/python3.12/site-packages/airflow/example_dags/example_dataset_alias.py took 0.783 seconds
[2025-02-11T09:09:34.456+0600] {processor.py:186} INFO - Started process (PID=8599) to work on /home/shamim/airflow_git/Airflow_project/air_venv/lib/python3.12/site-packages/airflow/example_dags/example_dataset_alias.py
[2025-02-11T09:09:34.462+0600] {processor.py:914} INFO - Processing file /home/shamim/airflow_git/Airflow_project/air_venv/lib/python3.12/site-packages/airflow/example_dags/example_dataset_alias.py for tasks to queue
[2025-02-11T09:09:34.463+0600] {logging_mixin.py:190} INFO - [2025-02-11T09:09:34.463+0600] {dagbag.py:588} INFO - Filling up the DagBag from /home/shamim/airflow_git/Airflow_project/air_venv/lib/python3.12/site-packages/airflow/example_dags/example_dataset_alias.py
[2025-02-11T09:09:35.212+0600] {processor.py:925} INFO - DAG(s) 'dataset_s3_bucket_consumer', 'dataset_alias_example_alias_consumer', 'dataset_alias_example_alias_producer', 'dataset_s3_bucket_producer' retrieved from /home/shamim/airflow_git/Airflow_project/air_venv/lib/python3.12/site-packages/airflow/example_dags/example_dataset_alias.py
[2025-02-11T09:09:35.234+0600] {logging_mixin.py:190} INFO - [2025-02-11T09:09:35.234+0600] {dag.py:3239} INFO - Sync 4 DAGs
[2025-02-11T09:09:35.257+0600] {logging_mixin.py:190} INFO - [2025-02-11T09:09:35.257+0600] {dag.py:4180} INFO - Setting next_dagrun for dataset_alias_example_alias_consumer to None, run_after=None
[2025-02-11T09:09:35.263+0600] {logging_mixin.py:190} INFO - [2025-02-11T09:09:35.263+0600] {dag.py:4180} INFO - Setting next_dagrun for dataset_alias_example_alias_producer to None, run_after=None
[2025-02-11T09:09:35.264+0600] {logging_mixin.py:190} INFO - [2025-02-11T09:09:35.264+0600] {dag.py:4180} INFO - Setting next_dagrun for dataset_s3_bucket_consumer to None, run_after=None
[2025-02-11T09:09:35.265+0600] {logging_mixin.py:190} INFO - [2025-02-11T09:09:35.265+0600] {dag.py:4180} INFO - Setting next_dagrun for dataset_s3_bucket_producer to None, run_after=None
[2025-02-11T09:09:35.299+0600] {processor.py:208} INFO - Processing /home/shamim/airflow_git/Airflow_project/air_venv/lib/python3.12/site-packages/airflow/example_dags/example_dataset_alias.py took 0.850 seconds
[2025-02-11T09:10:55.083+0600] {processor.py:186} INFO - Started process (PID=9078) to work on /home/shamim/airflow_git/Airflow_project/air_venv/lib/python3.12/site-packages/airflow/example_dags/example_dataset_alias.py
[2025-02-11T09:10:55.097+0600] {processor.py:914} INFO - Processing file /home/shamim/airflow_git/Airflow_project/air_venv/lib/python3.12/site-packages/airflow/example_dags/example_dataset_alias.py for tasks to queue
[2025-02-11T09:10:55.098+0600] {logging_mixin.py:190} INFO - [2025-02-11T09:10:55.098+0600] {dagbag.py:588} INFO - Filling up the DagBag from /home/shamim/airflow_git/Airflow_project/air_venv/lib/python3.12/site-packages/airflow/example_dags/example_dataset_alias.py
[2025-02-11T09:10:55.741+0600] {processor.py:925} INFO - DAG(s) 'dataset_s3_bucket_consumer', 'dataset_alias_example_alias_producer', 'dataset_alias_example_alias_consumer', 'dataset_s3_bucket_producer' retrieved from /home/shamim/airflow_git/Airflow_project/air_venv/lib/python3.12/site-packages/airflow/example_dags/example_dataset_alias.py
[2025-02-11T09:10:55.764+0600] {logging_mixin.py:190} INFO - [2025-02-11T09:10:55.764+0600] {dag.py:3239} INFO - Sync 4 DAGs
[2025-02-11T09:10:55.788+0600] {logging_mixin.py:190} INFO - [2025-02-11T09:10:55.788+0600] {dag.py:4180} INFO - Setting next_dagrun for dataset_alias_example_alias_consumer to None, run_after=None
[2025-02-11T09:10:55.793+0600] {logging_mixin.py:190} INFO - [2025-02-11T09:10:55.792+0600] {dag.py:4180} INFO - Setting next_dagrun for dataset_alias_example_alias_producer to None, run_after=None
[2025-02-11T09:10:55.794+0600] {logging_mixin.py:190} INFO - [2025-02-11T09:10:55.793+0600] {dag.py:4180} INFO - Setting next_dagrun for dataset_s3_bucket_consumer to None, run_after=None
[2025-02-11T09:10:55.795+0600] {logging_mixin.py:190} INFO - [2025-02-11T09:10:55.795+0600] {dag.py:4180} INFO - Setting next_dagrun for dataset_s3_bucket_producer to None, run_after=None
[2025-02-11T09:10:55.826+0600] {processor.py:208} INFO - Processing /home/shamim/airflow_git/Airflow_project/air_venv/lib/python3.12/site-packages/airflow/example_dags/example_dataset_alias.py took 0.750 seconds
[2025-02-11T09:12:17.518+0600] {processor.py:186} INFO - Started process (PID=9572) to work on /home/shamim/airflow_git/Airflow_project/air_venv/lib/python3.12/site-packages/airflow/example_dags/example_dataset_alias.py
[2025-02-11T09:12:17.521+0600] {processor.py:914} INFO - Processing file /home/shamim/airflow_git/Airflow_project/air_venv/lib/python3.12/site-packages/airflow/example_dags/example_dataset_alias.py for tasks to queue
[2025-02-11T09:12:17.524+0600] {logging_mixin.py:190} INFO - [2025-02-11T09:12:17.523+0600] {dagbag.py:588} INFO - Filling up the DagBag from /home/shamim/airflow_git/Airflow_project/air_venv/lib/python3.12/site-packages/airflow/example_dags/example_dataset_alias.py
[2025-02-11T09:12:18.260+0600] {processor.py:925} INFO - DAG(s) 'dataset_alias_example_alias_consumer', 'dataset_alias_example_alias_producer', 'dataset_s3_bucket_producer', 'dataset_s3_bucket_consumer' retrieved from /home/shamim/airflow_git/Airflow_project/air_venv/lib/python3.12/site-packages/airflow/example_dags/example_dataset_alias.py
[2025-02-11T09:12:18.296+0600] {logging_mixin.py:190} INFO - [2025-02-11T09:12:18.295+0600] {dag.py:3239} INFO - Sync 4 DAGs
[2025-02-11T09:12:18.330+0600] {logging_mixin.py:190} INFO - [2025-02-11T09:12:18.329+0600] {dag.py:4180} INFO - Setting next_dagrun for dataset_alias_example_alias_consumer to None, run_after=None
[2025-02-11T09:12:18.336+0600] {logging_mixin.py:190} INFO - [2025-02-11T09:12:18.336+0600] {dag.py:4180} INFO - Setting next_dagrun for dataset_alias_example_alias_producer to None, run_after=None
[2025-02-11T09:12:18.339+0600] {logging_mixin.py:190} INFO - [2025-02-11T09:12:18.338+0600] {dag.py:4180} INFO - Setting next_dagrun for dataset_s3_bucket_consumer to None, run_after=None
[2025-02-11T09:12:18.341+0600] {logging_mixin.py:190} INFO - [2025-02-11T09:12:18.340+0600] {dag.py:4180} INFO - Setting next_dagrun for dataset_s3_bucket_producer to None, run_after=None
[2025-02-11T09:12:18.384+0600] {processor.py:208} INFO - Processing /home/shamim/airflow_git/Airflow_project/air_venv/lib/python3.12/site-packages/airflow/example_dags/example_dataset_alias.py took 0.876 seconds
[2025-02-11T09:13:38.240+0600] {processor.py:186} INFO - Started process (PID=10077) to work on /home/shamim/airflow_git/Airflow_project/air_venv/lib/python3.12/site-packages/airflow/example_dags/example_dataset_alias.py
[2025-02-11T09:13:38.244+0600] {processor.py:914} INFO - Processing file /home/shamim/airflow_git/Airflow_project/air_venv/lib/python3.12/site-packages/airflow/example_dags/example_dataset_alias.py for tasks to queue
[2025-02-11T09:13:38.245+0600] {logging_mixin.py:190} INFO - [2025-02-11T09:13:38.245+0600] {dagbag.py:588} INFO - Filling up the DagBag from /home/shamim/airflow_git/Airflow_project/air_venv/lib/python3.12/site-packages/airflow/example_dags/example_dataset_alias.py
[2025-02-11T09:13:38.771+0600] {processor.py:925} INFO - DAG(s) 'dataset_s3_bucket_consumer', 'dataset_alias_example_alias_consumer', 'dataset_alias_example_alias_producer', 'dataset_s3_bucket_producer' retrieved from /home/shamim/airflow_git/Airflow_project/air_venv/lib/python3.12/site-packages/airflow/example_dags/example_dataset_alias.py
[2025-02-11T09:13:38.794+0600] {logging_mixin.py:190} INFO - [2025-02-11T09:13:38.794+0600] {dag.py:3239} INFO - Sync 4 DAGs
[2025-02-11T09:13:38.818+0600] {logging_mixin.py:190} INFO - [2025-02-11T09:13:38.818+0600] {dag.py:4180} INFO - Setting next_dagrun for dataset_alias_example_alias_consumer to None, run_after=None
[2025-02-11T09:13:38.823+0600] {logging_mixin.py:190} INFO - [2025-02-11T09:13:38.822+0600] {dag.py:4180} INFO - Setting next_dagrun for dataset_alias_example_alias_producer to None, run_after=None
[2025-02-11T09:13:38.824+0600] {logging_mixin.py:190} INFO - [2025-02-11T09:13:38.823+0600] {dag.py:4180} INFO - Setting next_dagrun for dataset_s3_bucket_consumer to None, run_after=None
[2025-02-11T09:13:38.825+0600] {logging_mixin.py:190} INFO - [2025-02-11T09:13:38.824+0600] {dag.py:4180} INFO - Setting next_dagrun for dataset_s3_bucket_producer to None, run_after=None
[2025-02-11T09:13:38.852+0600] {processor.py:208} INFO - Processing /home/shamim/airflow_git/Airflow_project/air_venv/lib/python3.12/site-packages/airflow/example_dags/example_dataset_alias.py took 0.619 seconds
