[2025-02-11T08:59:29.571+0600] {processor.py:186} INFO - Started process (PID=5616) to work on /home/shamim/airflow_git/Airflow_project/air_venv/lib/python3.12/site-packages/airflow/example_dags/example_sensors.py
[2025-02-11T08:59:29.572+0600] {processor.py:914} INFO - Processing file /home/shamim/airflow_git/Airflow_project/air_venv/lib/python3.12/site-packages/airflow/example_dags/example_sensors.py for tasks to queue
[2025-02-11T08:59:29.575+0600] {logging_mixin.py:190} INFO - [2025-02-11T08:59:29.575+0600] {dagbag.py:588} INFO - Filling up the DagBag from /home/shamim/airflow_git/Airflow_project/air_venv/lib/python3.12/site-packages/airflow/example_dags/example_sensors.py
[2025-02-11T08:59:29.588+0600] {processor.py:925} INFO - DAG(s) 'example_sensors' retrieved from /home/shamim/airflow_git/Airflow_project/air_venv/lib/python3.12/site-packages/airflow/example_dags/example_sensors.py
[2025-02-11T08:59:29.616+0600] {logging_mixin.py:190} INFO - [2025-02-11T08:59:29.616+0600] {dag.py:3239} INFO - Sync 1 DAGs
[2025-02-11T08:59:29.632+0600] {logging_mixin.py:190} INFO - [2025-02-11T08:59:29.632+0600] {dag.py:4180} INFO - Setting next_dagrun for example_sensors to None, run_after=None
[2025-02-11T08:59:29.667+0600] {processor.py:208} INFO - Processing /home/shamim/airflow_git/Airflow_project/air_venv/lib/python3.12/site-packages/airflow/example_dags/example_sensors.py took 0.102 seconds
[2025-02-11T09:00:39.045+0600] {processor.py:186} INFO - Started process (PID=5892) to work on /home/shamim/airflow_git/Airflow_project/air_venv/lib/python3.12/site-packages/airflow/example_dags/example_sensors.py
[2025-02-11T09:00:39.051+0600] {processor.py:914} INFO - Processing file /home/shamim/airflow_git/Airflow_project/air_venv/lib/python3.12/site-packages/airflow/example_dags/example_sensors.py for tasks to queue
[2025-02-11T09:00:39.054+0600] {logging_mixin.py:190} INFO - [2025-02-11T09:00:39.054+0600] {dagbag.py:588} INFO - Filling up the DagBag from /home/shamim/airflow_git/Airflow_project/air_venv/lib/python3.12/site-packages/airflow/example_dags/example_sensors.py
[2025-02-11T09:00:39.069+0600] {processor.py:925} INFO - DAG(s) 'example_sensors' retrieved from /home/shamim/airflow_git/Airflow_project/air_venv/lib/python3.12/site-packages/airflow/example_dags/example_sensors.py
[2025-02-11T09:00:39.096+0600] {logging_mixin.py:190} INFO - [2025-02-11T09:00:39.096+0600] {dag.py:3239} INFO - Sync 1 DAGs
[2025-02-11T09:00:39.114+0600] {logging_mixin.py:190} INFO - [2025-02-11T09:00:39.114+0600] {dag.py:4180} INFO - Setting next_dagrun for example_sensors to None, run_after=None
[2025-02-11T09:00:39.159+0600] {processor.py:208} INFO - Processing /home/shamim/airflow_git/Airflow_project/air_venv/lib/python3.12/site-packages/airflow/example_dags/example_sensors.py took 0.123 seconds
[2025-02-11T09:02:05.416+0600] {processor.py:186} INFO - Started process (PID=6204) to work on /home/shamim/airflow_git/Airflow_project/air_venv/lib/python3.12/site-packages/airflow/example_dags/example_sensors.py
[2025-02-11T09:02:05.422+0600] {processor.py:914} INFO - Processing file /home/shamim/airflow_git/Airflow_project/air_venv/lib/python3.12/site-packages/airflow/example_dags/example_sensors.py for tasks to queue
[2025-02-11T09:02:05.425+0600] {logging_mixin.py:190} INFO - [2025-02-11T09:02:05.424+0600] {dagbag.py:588} INFO - Filling up the DagBag from /home/shamim/airflow_git/Airflow_project/air_venv/lib/python3.12/site-packages/airflow/example_dags/example_sensors.py
[2025-02-11T09:02:05.440+0600] {processor.py:925} INFO - DAG(s) 'example_sensors' retrieved from /home/shamim/airflow_git/Airflow_project/air_venv/lib/python3.12/site-packages/airflow/example_dags/example_sensors.py
[2025-02-11T09:02:05.465+0600] {logging_mixin.py:190} INFO - [2025-02-11T09:02:05.464+0600] {dag.py:3239} INFO - Sync 1 DAGs
[2025-02-11T09:02:05.479+0600] {logging_mixin.py:190} INFO - [2025-02-11T09:02:05.479+0600] {dag.py:4180} INFO - Setting next_dagrun for example_sensors to None, run_after=None
[2025-02-11T09:02:05.514+0600] {processor.py:208} INFO - Processing /home/shamim/airflow_git/Airflow_project/air_venv/lib/python3.12/site-packages/airflow/example_dags/example_sensors.py took 0.106 seconds
[2025-02-11T09:03:29.687+0600] {processor.py:186} INFO - Started process (PID=6743) to work on /home/shamim/airflow_git/Airflow_project/air_venv/lib/python3.12/site-packages/airflow/example_dags/example_sensors.py
[2025-02-11T09:03:29.688+0600] {processor.py:914} INFO - Processing file /home/shamim/airflow_git/Airflow_project/air_venv/lib/python3.12/site-packages/airflow/example_dags/example_sensors.py for tasks to queue
[2025-02-11T09:03:29.691+0600] {logging_mixin.py:190} INFO - [2025-02-11T09:03:29.691+0600] {dagbag.py:588} INFO - Filling up the DagBag from /home/shamim/airflow_git/Airflow_project/air_venv/lib/python3.12/site-packages/airflow/example_dags/example_sensors.py
[2025-02-11T09:03:29.706+0600] {processor.py:925} INFO - DAG(s) 'example_sensors' retrieved from /home/shamim/airflow_git/Airflow_project/air_venv/lib/python3.12/site-packages/airflow/example_dags/example_sensors.py
[2025-02-11T09:03:29.736+0600] {logging_mixin.py:190} INFO - [2025-02-11T09:03:29.736+0600] {dag.py:3239} INFO - Sync 1 DAGs
[2025-02-11T09:03:29.753+0600] {logging_mixin.py:190} INFO - [2025-02-11T09:03:29.753+0600] {dag.py:4180} INFO - Setting next_dagrun for example_sensors to None, run_after=None
[2025-02-11T09:03:29.778+0600] {processor.py:208} INFO - Processing /home/shamim/airflow_git/Airflow_project/air_venv/lib/python3.12/site-packages/airflow/example_dags/example_sensors.py took 0.101 seconds
[2025-02-11T09:04:46.472+0600] {processor.py:186} INFO - Started process (PID=6980) to work on /home/shamim/airflow_git/Airflow_project/air_venv/lib/python3.12/site-packages/airflow/example_dags/example_sensors.py
[2025-02-11T09:04:46.474+0600] {processor.py:914} INFO - Processing file /home/shamim/airflow_git/Airflow_project/air_venv/lib/python3.12/site-packages/airflow/example_dags/example_sensors.py for tasks to queue
[2025-02-11T09:04:46.476+0600] {logging_mixin.py:190} INFO - [2025-02-11T09:04:46.475+0600] {dagbag.py:588} INFO - Filling up the DagBag from /home/shamim/airflow_git/Airflow_project/air_venv/lib/python3.12/site-packages/airflow/example_dags/example_sensors.py
[2025-02-11T09:04:46.503+0600] {processor.py:925} INFO - DAG(s) 'example_sensors' retrieved from /home/shamim/airflow_git/Airflow_project/air_venv/lib/python3.12/site-packages/airflow/example_dags/example_sensors.py
[2025-02-11T09:04:46.531+0600] {logging_mixin.py:190} INFO - [2025-02-11T09:04:46.531+0600] {dag.py:3239} INFO - Sync 1 DAGs
[2025-02-11T09:04:46.547+0600] {logging_mixin.py:190} INFO - [2025-02-11T09:04:46.547+0600] {dag.py:4180} INFO - Setting next_dagrun for example_sensors to None, run_after=None
[2025-02-11T09:04:46.573+0600] {processor.py:208} INFO - Processing /home/shamim/airflow_git/Airflow_project/air_venv/lib/python3.12/site-packages/airflow/example_dags/example_sensors.py took 0.114 seconds
[2025-02-11T09:06:04.618+0600] {processor.py:186} INFO - Started process (PID=7342) to work on /home/shamim/airflow_git/Airflow_project/air_venv/lib/python3.12/site-packages/airflow/example_dags/example_sensors.py
[2025-02-11T09:06:04.625+0600] {processor.py:914} INFO - Processing file /home/shamim/airflow_git/Airflow_project/air_venv/lib/python3.12/site-packages/airflow/example_dags/example_sensors.py for tasks to queue
[2025-02-11T09:06:04.626+0600] {logging_mixin.py:190} INFO - [2025-02-11T09:06:04.625+0600] {dagbag.py:588} INFO - Filling up the DagBag from /home/shamim/airflow_git/Airflow_project/air_venv/lib/python3.12/site-packages/airflow/example_dags/example_sensors.py
[2025-02-11T09:06:04.642+0600] {processor.py:925} INFO - DAG(s) 'example_sensors' retrieved from /home/shamim/airflow_git/Airflow_project/air_venv/lib/python3.12/site-packages/airflow/example_dags/example_sensors.py
[2025-02-11T09:06:04.673+0600] {logging_mixin.py:190} INFO - [2025-02-11T09:06:04.673+0600] {dag.py:3239} INFO - Sync 1 DAGs
[2025-02-11T09:06:04.689+0600] {logging_mixin.py:190} INFO - [2025-02-11T09:06:04.689+0600] {dag.py:4180} INFO - Setting next_dagrun for example_sensors to None, run_after=None
[2025-02-11T09:06:04.735+0600] {processor.py:208} INFO - Processing /home/shamim/airflow_git/Airflow_project/air_venv/lib/python3.12/site-packages/airflow/example_dags/example_sensors.py took 0.124 seconds
[2025-02-11T09:07:26.337+0600] {processor.py:186} INFO - Started process (PID=7803) to work on /home/shamim/airflow_git/Airflow_project/air_venv/lib/python3.12/site-packages/airflow/example_dags/example_sensors.py
[2025-02-11T09:07:26.346+0600] {processor.py:914} INFO - Processing file /home/shamim/airflow_git/Airflow_project/air_venv/lib/python3.12/site-packages/airflow/example_dags/example_sensors.py for tasks to queue
[2025-02-11T09:07:26.352+0600] {logging_mixin.py:190} INFO - [2025-02-11T09:07:26.350+0600] {dagbag.py:588} INFO - Filling up the DagBag from /home/shamim/airflow_git/Airflow_project/air_venv/lib/python3.12/site-packages/airflow/example_dags/example_sensors.py
[2025-02-11T09:07:26.392+0600] {processor.py:925} INFO - DAG(s) 'example_sensors' retrieved from /home/shamim/airflow_git/Airflow_project/air_venv/lib/python3.12/site-packages/airflow/example_dags/example_sensors.py
[2025-02-11T09:07:26.421+0600] {logging_mixin.py:190} INFO - [2025-02-11T09:07:26.421+0600] {dag.py:3239} INFO - Sync 1 DAGs
[2025-02-11T09:07:26.436+0600] {logging_mixin.py:190} INFO - [2025-02-11T09:07:26.436+0600] {dag.py:4180} INFO - Setting next_dagrun for example_sensors to None, run_after=None
[2025-02-11T09:07:26.471+0600] {processor.py:208} INFO - Processing /home/shamim/airflow_git/Airflow_project/air_venv/lib/python3.12/site-packages/airflow/example_dags/example_sensors.py took 0.156 seconds
[2025-02-11T09:08:52.272+0600] {processor.py:186} INFO - Started process (PID=8342) to work on /home/shamim/airflow_git/Airflow_project/air_venv/lib/python3.12/site-packages/airflow/example_dags/example_sensors.py
[2025-02-11T09:08:52.290+0600] {processor.py:914} INFO - Processing file /home/shamim/airflow_git/Airflow_project/air_venv/lib/python3.12/site-packages/airflow/example_dags/example_sensors.py for tasks to queue
[2025-02-11T09:08:52.294+0600] {logging_mixin.py:190} INFO - [2025-02-11T09:08:52.292+0600] {dagbag.py:588} INFO - Filling up the DagBag from /home/shamim/airflow_git/Airflow_project/air_venv/lib/python3.12/site-packages/airflow/example_dags/example_sensors.py
[2025-02-11T09:08:52.328+0600] {processor.py:925} INFO - DAG(s) 'example_sensors' retrieved from /home/shamim/airflow_git/Airflow_project/air_venv/lib/python3.12/site-packages/airflow/example_dags/example_sensors.py
[2025-02-11T09:08:52.356+0600] {logging_mixin.py:190} INFO - [2025-02-11T09:08:52.355+0600] {dag.py:3239} INFO - Sync 1 DAGs
[2025-02-11T09:08:52.370+0600] {logging_mixin.py:190} INFO - [2025-02-11T09:08:52.370+0600] {dag.py:4180} INFO - Setting next_dagrun for example_sensors to None, run_after=None
[2025-02-11T09:08:52.400+0600] {processor.py:208} INFO - Processing /home/shamim/airflow_git/Airflow_project/air_venv/lib/python3.12/site-packages/airflow/example_dags/example_sensors.py took 0.151 seconds
[2025-02-11T09:10:14.879+0600] {processor.py:186} INFO - Started process (PID=8821) to work on /home/shamim/airflow_git/Airflow_project/air_venv/lib/python3.12/site-packages/airflow/example_dags/example_sensors.py
[2025-02-11T09:10:14.894+0600] {processor.py:914} INFO - Processing file /home/shamim/airflow_git/Airflow_project/air_venv/lib/python3.12/site-packages/airflow/example_dags/example_sensors.py for tasks to queue
[2025-02-11T09:10:14.896+0600] {logging_mixin.py:190} INFO - [2025-02-11T09:10:14.895+0600] {dagbag.py:588} INFO - Filling up the DagBag from /home/shamim/airflow_git/Airflow_project/air_venv/lib/python3.12/site-packages/airflow/example_dags/example_sensors.py
[2025-02-11T09:10:14.910+0600] {processor.py:925} INFO - DAG(s) 'example_sensors' retrieved from /home/shamim/airflow_git/Airflow_project/air_venv/lib/python3.12/site-packages/airflow/example_dags/example_sensors.py
[2025-02-11T09:10:14.935+0600] {logging_mixin.py:190} INFO - [2025-02-11T09:10:14.935+0600] {dag.py:3239} INFO - Sync 1 DAGs
[2025-02-11T09:10:14.949+0600] {logging_mixin.py:190} INFO - [2025-02-11T09:10:14.949+0600] {dag.py:4180} INFO - Setting next_dagrun for example_sensors to None, run_after=None
[2025-02-11T09:10:14.971+0600] {processor.py:208} INFO - Processing /home/shamim/airflow_git/Airflow_project/air_venv/lib/python3.12/site-packages/airflow/example_dags/example_sensors.py took 0.101 seconds
[2025-02-11T09:11:35.545+0600] {processor.py:186} INFO - Started process (PID=9314) to work on /home/shamim/airflow_git/Airflow_project/air_venv/lib/python3.12/site-packages/airflow/example_dags/example_sensors.py
[2025-02-11T09:11:35.551+0600] {processor.py:914} INFO - Processing file /home/shamim/airflow_git/Airflow_project/air_venv/lib/python3.12/site-packages/airflow/example_dags/example_sensors.py for tasks to queue
[2025-02-11T09:11:35.553+0600] {logging_mixin.py:190} INFO - [2025-02-11T09:11:35.552+0600] {dagbag.py:588} INFO - Filling up the DagBag from /home/shamim/airflow_git/Airflow_project/air_venv/lib/python3.12/site-packages/airflow/example_dags/example_sensors.py
[2025-02-11T09:11:35.568+0600] {processor.py:925} INFO - DAG(s) 'example_sensors' retrieved from /home/shamim/airflow_git/Airflow_project/air_venv/lib/python3.12/site-packages/airflow/example_dags/example_sensors.py
[2025-02-11T09:11:35.597+0600] {logging_mixin.py:190} INFO - [2025-02-11T09:11:35.597+0600] {dag.py:3239} INFO - Sync 1 DAGs
[2025-02-11T09:11:35.613+0600] {logging_mixin.py:190} INFO - [2025-02-11T09:11:35.612+0600] {dag.py:4180} INFO - Setting next_dagrun for example_sensors to None, run_after=None
[2025-02-11T09:11:35.649+0600] {processor.py:208} INFO - Processing /home/shamim/airflow_git/Airflow_project/air_venv/lib/python3.12/site-packages/airflow/example_dags/example_sensors.py took 0.111 seconds
[2025-02-11T09:13:01.787+0600] {processor.py:186} INFO - Started process (PID=9881) to work on /home/shamim/airflow_git/Airflow_project/air_venv/lib/python3.12/site-packages/airflow/example_dags/example_sensors.py
[2025-02-11T09:13:01.794+0600] {processor.py:914} INFO - Processing file /home/shamim/airflow_git/Airflow_project/air_venv/lib/python3.12/site-packages/airflow/example_dags/example_sensors.py for tasks to queue
[2025-02-11T09:13:01.798+0600] {logging_mixin.py:190} INFO - [2025-02-11T09:13:01.797+0600] {dagbag.py:588} INFO - Filling up the DagBag from /home/shamim/airflow_git/Airflow_project/air_venv/lib/python3.12/site-packages/airflow/example_dags/example_sensors.py
[2025-02-11T09:13:01.823+0600] {processor.py:925} INFO - DAG(s) 'example_sensors' retrieved from /home/shamim/airflow_git/Airflow_project/air_venv/lib/python3.12/site-packages/airflow/example_dags/example_sensors.py
[2025-02-11T09:13:01.850+0600] {logging_mixin.py:190} INFO - [2025-02-11T09:13:01.850+0600] {dag.py:3239} INFO - Sync 1 DAGs
[2025-02-11T09:13:01.866+0600] {logging_mixin.py:190} INFO - [2025-02-11T09:13:01.866+0600] {dag.py:4180} INFO - Setting next_dagrun for example_sensors to None, run_after=None
[2025-02-11T09:13:01.892+0600] {processor.py:208} INFO - Processing /home/shamim/airflow_git/Airflow_project/air_venv/lib/python3.12/site-packages/airflow/example_dags/example_sensors.py took 0.112 seconds
