[2025-02-11T09:00:01.029+0600] {processor.py:186} INFO - Started process (PID=5756) to work on /home/shamim/airflow_git/Airflow_project/air_venv/lib/python3.12/site-packages/airflow/example_dags/example_branch_day_of_week_operator.py
[2025-02-11T09:00:01.030+0600] {processor.py:914} INFO - Processing file /home/shamim/airflow_git/Airflow_project/air_venv/lib/python3.12/site-packages/airflow/example_dags/example_branch_day_of_week_operator.py for tasks to queue
[2025-02-11T09:00:01.034+0600] {logging_mixin.py:190} INFO - [2025-02-11T09:00:01.034+0600] {dagbag.py:588} INFO - Filling up the DagBag from /home/shamim/airflow_git/Airflow_project/air_venv/lib/python3.12/site-packages/airflow/example_dags/example_branch_day_of_week_operator.py
[2025-02-11T09:00:01.051+0600] {processor.py:925} INFO - DAG(s) 'example_weekday_branch_operator' retrieved from /home/shamim/airflow_git/Airflow_project/air_venv/lib/python3.12/site-packages/airflow/example_dags/example_branch_day_of_week_operator.py
[2025-02-11T09:00:01.073+0600] {logging_mixin.py:190} INFO - [2025-02-11T09:00:01.073+0600] {dag.py:3239} INFO - Sync 1 DAGs
[2025-02-11T09:00:01.104+0600] {logging_mixin.py:190} INFO - [2025-02-11T09:00:01.104+0600] {dag.py:4180} INFO - Setting next_dagrun for example_weekday_branch_operator to 2025-02-10 00:00:00+00:00, run_after=2025-02-11 00:00:00+00:00
[2025-02-11T09:00:01.131+0600] {processor.py:208} INFO - Processing /home/shamim/airflow_git/Airflow_project/air_venv/lib/python3.12/site-packages/airflow/example_dags/example_branch_day_of_week_operator.py took 0.112 seconds
[2025-02-11T09:01:27.322+0600] {processor.py:186} INFO - Started process (PID=6023) to work on /home/shamim/airflow_git/Airflow_project/air_venv/lib/python3.12/site-packages/airflow/example_dags/example_branch_day_of_week_operator.py
[2025-02-11T09:01:27.329+0600] {processor.py:914} INFO - Processing file /home/shamim/airflow_git/Airflow_project/air_venv/lib/python3.12/site-packages/airflow/example_dags/example_branch_day_of_week_operator.py for tasks to queue
[2025-02-11T09:01:27.332+0600] {logging_mixin.py:190} INFO - [2025-02-11T09:01:27.331+0600] {dagbag.py:588} INFO - Filling up the DagBag from /home/shamim/airflow_git/Airflow_project/air_venv/lib/python3.12/site-packages/airflow/example_dags/example_branch_day_of_week_operator.py
[2025-02-11T09:01:27.346+0600] {processor.py:925} INFO - DAG(s) 'example_weekday_branch_operator' retrieved from /home/shamim/airflow_git/Airflow_project/air_venv/lib/python3.12/site-packages/airflow/example_dags/example_branch_day_of_week_operator.py
[2025-02-11T09:01:27.370+0600] {logging_mixin.py:190} INFO - [2025-02-11T09:01:27.370+0600] {dag.py:3239} INFO - Sync 1 DAGs
[2025-02-11T09:01:27.400+0600] {logging_mixin.py:190} INFO - [2025-02-11T09:01:27.400+0600] {dag.py:4180} INFO - Setting next_dagrun for example_weekday_branch_operator to 2025-02-10 00:00:00+00:00, run_after=2025-02-11 00:00:00+00:00
[2025-02-11T09:01:27.453+0600] {processor.py:208} INFO - Processing /home/shamim/airflow_git/Airflow_project/air_venv/lib/python3.12/site-packages/airflow/example_dags/example_branch_day_of_week_operator.py took 0.140 seconds
[2025-02-11T09:02:53.046+0600] {processor.py:186} INFO - Started process (PID=6513) to work on /home/shamim/airflow_git/Airflow_project/air_venv/lib/python3.12/site-packages/airflow/example_dags/example_branch_day_of_week_operator.py
[2025-02-11T09:02:53.049+0600] {processor.py:914} INFO - Processing file /home/shamim/airflow_git/Airflow_project/air_venv/lib/python3.12/site-packages/airflow/example_dags/example_branch_day_of_week_operator.py for tasks to queue
[2025-02-11T09:02:53.060+0600] {logging_mixin.py:190} INFO - [2025-02-11T09:02:53.059+0600] {dagbag.py:588} INFO - Filling up the DagBag from /home/shamim/airflow_git/Airflow_project/air_venv/lib/python3.12/site-packages/airflow/example_dags/example_branch_day_of_week_operator.py
[2025-02-11T09:02:53.078+0600] {processor.py:925} INFO - DAG(s) 'example_weekday_branch_operator' retrieved from /home/shamim/airflow_git/Airflow_project/air_venv/lib/python3.12/site-packages/airflow/example_dags/example_branch_day_of_week_operator.py
[2025-02-11T09:02:53.108+0600] {logging_mixin.py:190} INFO - [2025-02-11T09:02:53.107+0600] {dag.py:3239} INFO - Sync 1 DAGs
[2025-02-11T09:02:53.151+0600] {logging_mixin.py:190} INFO - [2025-02-11T09:02:53.151+0600] {dag.py:4180} INFO - Setting next_dagrun for example_weekday_branch_operator to 2025-02-10 00:00:00+00:00, run_after=2025-02-11 00:00:00+00:00
[2025-02-11T09:02:53.194+0600] {processor.py:208} INFO - Processing /home/shamim/airflow_git/Airflow_project/air_venv/lib/python3.12/site-packages/airflow/example_dags/example_branch_day_of_week_operator.py took 0.165 seconds
[2025-02-11T09:04:15.438+0600] {processor.py:186} INFO - Started process (PID=6909) to work on /home/shamim/airflow_git/Airflow_project/air_venv/lib/python3.12/site-packages/airflow/example_dags/example_branch_day_of_week_operator.py
[2025-02-11T09:04:15.445+0600] {processor.py:914} INFO - Processing file /home/shamim/airflow_git/Airflow_project/air_venv/lib/python3.12/site-packages/airflow/example_dags/example_branch_day_of_week_operator.py for tasks to queue
[2025-02-11T09:04:15.448+0600] {logging_mixin.py:190} INFO - [2025-02-11T09:04:15.447+0600] {dagbag.py:588} INFO - Filling up the DagBag from /home/shamim/airflow_git/Airflow_project/air_venv/lib/python3.12/site-packages/airflow/example_dags/example_branch_day_of_week_operator.py
[2025-02-11T09:04:15.468+0600] {processor.py:925} INFO - DAG(s) 'example_weekday_branch_operator' retrieved from /home/shamim/airflow_git/Airflow_project/air_venv/lib/python3.12/site-packages/airflow/example_dags/example_branch_day_of_week_operator.py
[2025-02-11T09:04:15.487+0600] {logging_mixin.py:190} INFO - [2025-02-11T09:04:15.487+0600] {dag.py:3239} INFO - Sync 1 DAGs
[2025-02-11T09:04:15.512+0600] {logging_mixin.py:190} INFO - [2025-02-11T09:04:15.512+0600] {dag.py:4180} INFO - Setting next_dagrun for example_weekday_branch_operator to 2025-02-10 00:00:00+00:00, run_after=2025-02-11 00:00:00+00:00
[2025-02-11T09:04:15.538+0600] {processor.py:208} INFO - Processing /home/shamim/airflow_git/Airflow_project/air_venv/lib/python3.12/site-packages/airflow/example_dags/example_branch_day_of_week_operator.py took 0.107 seconds
[2025-02-11T09:05:31.291+0600] {processor.py:186} INFO - Started process (PID=7236) to work on /home/shamim/airflow_git/Airflow_project/air_venv/lib/python3.12/site-packages/airflow/example_dags/example_branch_day_of_week_operator.py
[2025-02-11T09:05:31.298+0600] {processor.py:914} INFO - Processing file /home/shamim/airflow_git/Airflow_project/air_venv/lib/python3.12/site-packages/airflow/example_dags/example_branch_day_of_week_operator.py for tasks to queue
[2025-02-11T09:05:31.299+0600] {logging_mixin.py:190} INFO - [2025-02-11T09:05:31.299+0600] {dagbag.py:588} INFO - Filling up the DagBag from /home/shamim/airflow_git/Airflow_project/air_venv/lib/python3.12/site-packages/airflow/example_dags/example_branch_day_of_week_operator.py
[2025-02-11T09:05:31.311+0600] {processor.py:925} INFO - DAG(s) 'example_weekday_branch_operator' retrieved from /home/shamim/airflow_git/Airflow_project/air_venv/lib/python3.12/site-packages/airflow/example_dags/example_branch_day_of_week_operator.py
[2025-02-11T09:05:31.330+0600] {logging_mixin.py:190} INFO - [2025-02-11T09:05:31.330+0600] {dag.py:3239} INFO - Sync 1 DAGs
[2025-02-11T09:05:31.356+0600] {logging_mixin.py:190} INFO - [2025-02-11T09:05:31.356+0600] {dag.py:4180} INFO - Setting next_dagrun for example_weekday_branch_operator to 2025-02-10 00:00:00+00:00, run_after=2025-02-11 00:00:00+00:00
[2025-02-11T09:05:31.392+0600] {processor.py:208} INFO - Processing /home/shamim/airflow_git/Airflow_project/air_venv/lib/python3.12/site-packages/airflow/example_dags/example_branch_day_of_week_operator.py took 0.108 seconds
[2025-02-11T09:06:52.269+0600] {processor.py:186} INFO - Started process (PID=7593) to work on /home/shamim/airflow_git/Airflow_project/air_venv/lib/python3.12/site-packages/airflow/example_dags/example_branch_day_of_week_operator.py
[2025-02-11T09:06:52.276+0600] {processor.py:914} INFO - Processing file /home/shamim/airflow_git/Airflow_project/air_venv/lib/python3.12/site-packages/airflow/example_dags/example_branch_day_of_week_operator.py for tasks to queue
[2025-02-11T09:06:52.278+0600] {logging_mixin.py:190} INFO - [2025-02-11T09:06:52.277+0600] {dagbag.py:588} INFO - Filling up the DagBag from /home/shamim/airflow_git/Airflow_project/air_venv/lib/python3.12/site-packages/airflow/example_dags/example_branch_day_of_week_operator.py
[2025-02-11T09:06:52.297+0600] {processor.py:925} INFO - DAG(s) 'example_weekday_branch_operator' retrieved from /home/shamim/airflow_git/Airflow_project/air_venv/lib/python3.12/site-packages/airflow/example_dags/example_branch_day_of_week_operator.py
[2025-02-11T09:06:52.320+0600] {logging_mixin.py:190} INFO - [2025-02-11T09:06:52.320+0600] {dag.py:3239} INFO - Sync 1 DAGs
[2025-02-11T09:06:52.352+0600] {logging_mixin.py:190} INFO - [2025-02-11T09:06:52.352+0600] {dag.py:4180} INFO - Setting next_dagrun for example_weekday_branch_operator to 2025-02-10 00:00:00+00:00, run_after=2025-02-11 00:00:00+00:00
[2025-02-11T09:06:52.393+0600] {processor.py:208} INFO - Processing /home/shamim/airflow_git/Airflow_project/air_venv/lib/python3.12/site-packages/airflow/example_dags/example_branch_day_of_week_operator.py took 0.135 seconds
[2025-02-11T09:08:15.654+0600] {processor.py:186} INFO - Started process (PID=8119) to work on /home/shamim/airflow_git/Airflow_project/air_venv/lib/python3.12/site-packages/airflow/example_dags/example_branch_day_of_week_operator.py
[2025-02-11T09:08:15.661+0600] {processor.py:914} INFO - Processing file /home/shamim/airflow_git/Airflow_project/air_venv/lib/python3.12/site-packages/airflow/example_dags/example_branch_day_of_week_operator.py for tasks to queue
[2025-02-11T09:08:15.663+0600] {logging_mixin.py:190} INFO - [2025-02-11T09:08:15.662+0600] {dagbag.py:588} INFO - Filling up the DagBag from /home/shamim/airflow_git/Airflow_project/air_venv/lib/python3.12/site-packages/airflow/example_dags/example_branch_day_of_week_operator.py
[2025-02-11T09:08:15.679+0600] {processor.py:925} INFO - DAG(s) 'example_weekday_branch_operator' retrieved from /home/shamim/airflow_git/Airflow_project/air_venv/lib/python3.12/site-packages/airflow/example_dags/example_branch_day_of_week_operator.py
[2025-02-11T09:08:15.698+0600] {logging_mixin.py:190} INFO - [2025-02-11T09:08:15.698+0600] {dag.py:3239} INFO - Sync 1 DAGs
[2025-02-11T09:08:15.724+0600] {logging_mixin.py:190} INFO - [2025-02-11T09:08:15.723+0600] {dag.py:4180} INFO - Setting next_dagrun for example_weekday_branch_operator to 2025-02-10 00:00:00+00:00, run_after=2025-02-11 00:00:00+00:00
[2025-02-11T09:08:15.765+0600] {processor.py:208} INFO - Processing /home/shamim/airflow_git/Airflow_project/air_venv/lib/python3.12/site-packages/airflow/example_dags/example_branch_day_of_week_operator.py took 0.120 seconds
[2025-02-11T09:09:42.233+0600] {processor.py:186} INFO - Started process (PID=8630) to work on /home/shamim/airflow_git/Airflow_project/air_venv/lib/python3.12/site-packages/airflow/example_dags/example_branch_day_of_week_operator.py
[2025-02-11T09:09:42.240+0600] {processor.py:914} INFO - Processing file /home/shamim/airflow_git/Airflow_project/air_venv/lib/python3.12/site-packages/airflow/example_dags/example_branch_day_of_week_operator.py for tasks to queue
[2025-02-11T09:09:42.243+0600] {logging_mixin.py:190} INFO - [2025-02-11T09:09:42.242+0600] {dagbag.py:588} INFO - Filling up the DagBag from /home/shamim/airflow_git/Airflow_project/air_venv/lib/python3.12/site-packages/airflow/example_dags/example_branch_day_of_week_operator.py
[2025-02-11T09:09:42.261+0600] {processor.py:925} INFO - DAG(s) 'example_weekday_branch_operator' retrieved from /home/shamim/airflow_git/Airflow_project/air_venv/lib/python3.12/site-packages/airflow/example_dags/example_branch_day_of_week_operator.py
[2025-02-11T09:09:42.283+0600] {logging_mixin.py:190} INFO - [2025-02-11T09:09:42.282+0600] {dag.py:3239} INFO - Sync 1 DAGs
[2025-02-11T09:09:42.308+0600] {logging_mixin.py:190} INFO - [2025-02-11T09:09:42.307+0600] {dag.py:4180} INFO - Setting next_dagrun for example_weekday_branch_operator to 2025-02-10 00:00:00+00:00, run_after=2025-02-11 00:00:00+00:00
[2025-02-11T09:09:42.344+0600] {processor.py:208} INFO - Processing /home/shamim/airflow_git/Airflow_project/air_venv/lib/python3.12/site-packages/airflow/example_dags/example_branch_day_of_week_operator.py took 0.132 seconds
[2025-02-11T09:11:01.783+0600] {processor.py:186} INFO - Started process (PID=9111) to work on /home/shamim/airflow_git/Airflow_project/air_venv/lib/python3.12/site-packages/airflow/example_dags/example_branch_day_of_week_operator.py
[2025-02-11T09:11:01.799+0600] {processor.py:914} INFO - Processing file /home/shamim/airflow_git/Airflow_project/air_venv/lib/python3.12/site-packages/airflow/example_dags/example_branch_day_of_week_operator.py for tasks to queue
[2025-02-11T09:11:01.801+0600] {logging_mixin.py:190} INFO - [2025-02-11T09:11:01.801+0600] {dagbag.py:588} INFO - Filling up the DagBag from /home/shamim/airflow_git/Airflow_project/air_venv/lib/python3.12/site-packages/airflow/example_dags/example_branch_day_of_week_operator.py
[2025-02-11T09:11:01.818+0600] {processor.py:925} INFO - DAG(s) 'example_weekday_branch_operator' retrieved from /home/shamim/airflow_git/Airflow_project/air_venv/lib/python3.12/site-packages/airflow/example_dags/example_branch_day_of_week_operator.py
[2025-02-11T09:11:01.842+0600] {logging_mixin.py:190} INFO - [2025-02-11T09:11:01.841+0600] {dag.py:3239} INFO - Sync 1 DAGs
[2025-02-11T09:11:01.873+0600] {logging_mixin.py:190} INFO - [2025-02-11T09:11:01.873+0600] {dag.py:4180} INFO - Setting next_dagrun for example_weekday_branch_operator to 2025-02-10 00:00:00+00:00, run_after=2025-02-11 00:00:00+00:00
[2025-02-11T09:11:01.900+0600] {processor.py:208} INFO - Processing /home/shamim/airflow_git/Airflow_project/air_venv/lib/python3.12/site-packages/airflow/example_dags/example_branch_day_of_week_operator.py took 0.126 seconds
[2025-02-11T09:12:25.103+0600] {processor.py:186} INFO - Started process (PID=9653) to work on /home/shamim/airflow_git/Airflow_project/air_venv/lib/python3.12/site-packages/airflow/example_dags/example_branch_day_of_week_operator.py
[2025-02-11T09:12:25.110+0600] {processor.py:914} INFO - Processing file /home/shamim/airflow_git/Airflow_project/air_venv/lib/python3.12/site-packages/airflow/example_dags/example_branch_day_of_week_operator.py for tasks to queue
[2025-02-11T09:12:25.113+0600] {logging_mixin.py:190} INFO - [2025-02-11T09:12:25.112+0600] {dagbag.py:588} INFO - Filling up the DagBag from /home/shamim/airflow_git/Airflow_project/air_venv/lib/python3.12/site-packages/airflow/example_dags/example_branch_day_of_week_operator.py
[2025-02-11T09:12:25.129+0600] {processor.py:925} INFO - DAG(s) 'example_weekday_branch_operator' retrieved from /home/shamim/airflow_git/Airflow_project/air_venv/lib/python3.12/site-packages/airflow/example_dags/example_branch_day_of_week_operator.py
[2025-02-11T09:12:25.153+0600] {logging_mixin.py:190} INFO - [2025-02-11T09:12:25.152+0600] {dag.py:3239} INFO - Sync 1 DAGs
[2025-02-11T09:12:25.185+0600] {logging_mixin.py:190} INFO - [2025-02-11T09:12:25.185+0600] {dag.py:4180} INFO - Setting next_dagrun for example_weekday_branch_operator to 2025-02-10 00:00:00+00:00, run_after=2025-02-11 00:00:00+00:00
[2025-02-11T09:12:25.216+0600] {processor.py:208} INFO - Processing /home/shamim/airflow_git/Airflow_project/air_venv/lib/python3.12/site-packages/airflow/example_dags/example_branch_day_of_week_operator.py took 0.123 seconds
[2025-02-11T09:13:45.878+0600] {processor.py:186} INFO - Started process (PID=10087) to work on /home/shamim/airflow_git/Airflow_project/air_venv/lib/python3.12/site-packages/airflow/example_dags/example_branch_day_of_week_operator.py
[2025-02-11T09:13:45.879+0600] {processor.py:914} INFO - Processing file /home/shamim/airflow_git/Airflow_project/air_venv/lib/python3.12/site-packages/airflow/example_dags/example_branch_day_of_week_operator.py for tasks to queue
[2025-02-11T09:13:45.881+0600] {logging_mixin.py:190} INFO - [2025-02-11T09:13:45.880+0600] {dagbag.py:588} INFO - Filling up the DagBag from /home/shamim/airflow_git/Airflow_project/air_venv/lib/python3.12/site-packages/airflow/example_dags/example_branch_day_of_week_operator.py
[2025-02-11T09:13:45.892+0600] {processor.py:925} INFO - DAG(s) 'example_weekday_branch_operator' retrieved from /home/shamim/airflow_git/Airflow_project/air_venv/lib/python3.12/site-packages/airflow/example_dags/example_branch_day_of_week_operator.py
[2025-02-11T09:13:45.912+0600] {logging_mixin.py:190} INFO - [2025-02-11T09:13:45.911+0600] {dag.py:3239} INFO - Sync 1 DAGs
[2025-02-11T09:13:45.936+0600] {logging_mixin.py:190} INFO - [2025-02-11T09:13:45.936+0600] {dag.py:4180} INFO - Setting next_dagrun for example_weekday_branch_operator to 2025-02-10 00:00:00+00:00, run_after=2025-02-11 00:00:00+00:00
[2025-02-11T09:13:45.961+0600] {processor.py:208} INFO - Processing /home/shamim/airflow_git/Airflow_project/air_venv/lib/python3.12/site-packages/airflow/example_dags/example_branch_day_of_week_operator.py took 0.091 seconds
