[2025-02-11T08:59:33.631+0600] {processor.py:186} INFO - Started process (PID=5623) to work on /home/shamim/airflow_git/Airflow_project/air_venv/lib/python3.12/site-packages/airflow/example_dags/example_python_decorator.py
[2025-02-11T08:59:33.632+0600] {processor.py:914} INFO - Processing file /home/shamim/airflow_git/Airflow_project/air_venv/lib/python3.12/site-packages/airflow/example_dags/example_python_decorator.py for tasks to queue
[2025-02-11T08:59:33.634+0600] {logging_mixin.py:190} INFO - [2025-02-11T08:59:33.634+0600] {dagbag.py:588} INFO - Filling up the DagBag from /home/shamim/airflow_git/Airflow_project/air_venv/lib/python3.12/site-packages/airflow/example_dags/example_python_decorator.py
[2025-02-11T08:59:33.646+0600] {logging_mixin.py:190} INFO - [2025-02-11T08:59:33.646+0600] {example_python_decorator.py:80} WARNING - The virtalenv_python example task requires virtualenv, please install it.
[2025-02-11T08:59:33.649+0600] {processor.py:925} INFO - DAG(s) 'example_python_decorator' retrieved from /home/shamim/airflow_git/Airflow_project/air_venv/lib/python3.12/site-packages/airflow/example_dags/example_python_decorator.py
[2025-02-11T08:59:33.676+0600] {logging_mixin.py:190} INFO - [2025-02-11T08:59:33.675+0600] {dag.py:3239} INFO - Sync 1 DAGs
[2025-02-11T08:59:33.691+0600] {logging_mixin.py:190} INFO - [2025-02-11T08:59:33.691+0600] {dag.py:4180} INFO - Setting next_dagrun for example_python_decorator to None, run_after=None
[2025-02-11T08:59:33.718+0600] {processor.py:208} INFO - Processing /home/shamim/airflow_git/Airflow_project/air_venv/lib/python3.12/site-packages/airflow/example_dags/example_python_decorator.py took 0.095 seconds
[2025-02-11T09:00:44.152+0600] {processor.py:186} INFO - Started process (PID=5898) to work on /home/shamim/airflow_git/Airflow_project/air_venv/lib/python3.12/site-packages/airflow/example_dags/example_python_decorator.py
[2025-02-11T09:00:44.159+0600] {processor.py:914} INFO - Processing file /home/shamim/airflow_git/Airflow_project/air_venv/lib/python3.12/site-packages/airflow/example_dags/example_python_decorator.py for tasks to queue
[2025-02-11T09:00:44.162+0600] {logging_mixin.py:190} INFO - [2025-02-11T09:00:44.161+0600] {dagbag.py:588} INFO - Filling up the DagBag from /home/shamim/airflow_git/Airflow_project/air_venv/lib/python3.12/site-packages/airflow/example_dags/example_python_decorator.py
[2025-02-11T09:00:44.174+0600] {logging_mixin.py:190} INFO - [2025-02-11T09:00:44.174+0600] {example_python_decorator.py:80} WARNING - The virtalenv_python example task requires virtualenv, please install it.
[2025-02-11T09:00:44.177+0600] {processor.py:925} INFO - DAG(s) 'example_python_decorator' retrieved from /home/shamim/airflow_git/Airflow_project/air_venv/lib/python3.12/site-packages/airflow/example_dags/example_python_decorator.py
[2025-02-11T09:00:44.197+0600] {logging_mixin.py:190} INFO - [2025-02-11T09:00:44.196+0600] {dag.py:3239} INFO - Sync 1 DAGs
[2025-02-11T09:00:44.212+0600] {logging_mixin.py:190} INFO - [2025-02-11T09:00:44.212+0600] {dag.py:4180} INFO - Setting next_dagrun for example_python_decorator to None, run_after=None
[2025-02-11T09:00:44.248+0600] {processor.py:208} INFO - Processing /home/shamim/airflow_git/Airflow_project/air_venv/lib/python3.12/site-packages/airflow/example_dags/example_python_decorator.py took 0.103 seconds
[2025-02-11T09:02:09.680+0600] {processor.py:186} INFO - Started process (PID=6235) to work on /home/shamim/airflow_git/Airflow_project/air_venv/lib/python3.12/site-packages/airflow/example_dags/example_python_decorator.py
[2025-02-11T09:02:09.686+0600] {processor.py:914} INFO - Processing file /home/shamim/airflow_git/Airflow_project/air_venv/lib/python3.12/site-packages/airflow/example_dags/example_python_decorator.py for tasks to queue
[2025-02-11T09:02:09.690+0600] {logging_mixin.py:190} INFO - [2025-02-11T09:02:09.689+0600] {dagbag.py:588} INFO - Filling up the DagBag from /home/shamim/airflow_git/Airflow_project/air_venv/lib/python3.12/site-packages/airflow/example_dags/example_python_decorator.py
[2025-02-11T09:02:09.701+0600] {logging_mixin.py:190} INFO - [2025-02-11T09:02:09.701+0600] {example_python_decorator.py:80} WARNING - The virtalenv_python example task requires virtualenv, please install it.
[2025-02-11T09:02:09.704+0600] {processor.py:925} INFO - DAG(s) 'example_python_decorator' retrieved from /home/shamim/airflow_git/Airflow_project/air_venv/lib/python3.12/site-packages/airflow/example_dags/example_python_decorator.py
[2025-02-11T09:02:09.725+0600] {logging_mixin.py:190} INFO - [2025-02-11T09:02:09.724+0600] {dag.py:3239} INFO - Sync 1 DAGs
[2025-02-11T09:02:09.741+0600] {logging_mixin.py:190} INFO - [2025-02-11T09:02:09.741+0600] {dag.py:4180} INFO - Setting next_dagrun for example_python_decorator to None, run_after=None
[2025-02-11T09:02:09.777+0600] {processor.py:208} INFO - Processing /home/shamim/airflow_git/Airflow_project/air_venv/lib/python3.12/site-packages/airflow/example_dags/example_python_decorator.py took 0.104 seconds
[2025-02-11T09:03:34.743+0600] {processor.py:186} INFO - Started process (PID=6762) to work on /home/shamim/airflow_git/Airflow_project/air_venv/lib/python3.12/site-packages/airflow/example_dags/example_python_decorator.py
[2025-02-11T09:03:34.748+0600] {processor.py:914} INFO - Processing file /home/shamim/airflow_git/Airflow_project/air_venv/lib/python3.12/site-packages/airflow/example_dags/example_python_decorator.py for tasks to queue
[2025-02-11T09:03:34.751+0600] {logging_mixin.py:190} INFO - [2025-02-11T09:03:34.751+0600] {dagbag.py:588} INFO - Filling up the DagBag from /home/shamim/airflow_git/Airflow_project/air_venv/lib/python3.12/site-packages/airflow/example_dags/example_python_decorator.py
[2025-02-11T09:03:34.765+0600] {logging_mixin.py:190} INFO - [2025-02-11T09:03:34.765+0600] {example_python_decorator.py:80} WARNING - The virtalenv_python example task requires virtualenv, please install it.
[2025-02-11T09:03:34.768+0600] {processor.py:925} INFO - DAG(s) 'example_python_decorator' retrieved from /home/shamim/airflow_git/Airflow_project/air_venv/lib/python3.12/site-packages/airflow/example_dags/example_python_decorator.py
[2025-02-11T09:03:34.790+0600] {logging_mixin.py:190} INFO - [2025-02-11T09:03:34.790+0600] {dag.py:3239} INFO - Sync 1 DAGs
[2025-02-11T09:03:34.807+0600] {logging_mixin.py:190} INFO - [2025-02-11T09:03:34.807+0600] {dag.py:4180} INFO - Setting next_dagrun for example_python_decorator to None, run_after=None
[2025-02-11T09:03:34.833+0600] {processor.py:208} INFO - Processing /home/shamim/airflow_git/Airflow_project/air_venv/lib/python3.12/site-packages/airflow/example_dags/example_python_decorator.py took 0.100 seconds
[2025-02-11T09:04:51.462+0600] {processor.py:186} INFO - Started process (PID=7012) to work on /home/shamim/airflow_git/Airflow_project/air_venv/lib/python3.12/site-packages/airflow/example_dags/example_python_decorator.py
[2025-02-11T09:04:51.468+0600] {processor.py:914} INFO - Processing file /home/shamim/airflow_git/Airflow_project/air_venv/lib/python3.12/site-packages/airflow/example_dags/example_python_decorator.py for tasks to queue
[2025-02-11T09:04:51.471+0600] {logging_mixin.py:190} INFO - [2025-02-11T09:04:51.470+0600] {dagbag.py:588} INFO - Filling up the DagBag from /home/shamim/airflow_git/Airflow_project/air_venv/lib/python3.12/site-packages/airflow/example_dags/example_python_decorator.py
[2025-02-11T09:04:51.484+0600] {logging_mixin.py:190} INFO - [2025-02-11T09:04:51.484+0600] {example_python_decorator.py:80} WARNING - The virtalenv_python example task requires virtualenv, please install it.
[2025-02-11T09:04:51.487+0600] {processor.py:925} INFO - DAG(s) 'example_python_decorator' retrieved from /home/shamim/airflow_git/Airflow_project/air_venv/lib/python3.12/site-packages/airflow/example_dags/example_python_decorator.py
[2025-02-11T09:04:51.510+0600] {logging_mixin.py:190} INFO - [2025-02-11T09:04:51.510+0600] {dag.py:3239} INFO - Sync 1 DAGs
[2025-02-11T09:04:51.530+0600] {logging_mixin.py:190} INFO - [2025-02-11T09:04:51.530+0600] {dag.py:4180} INFO - Setting next_dagrun for example_python_decorator to None, run_after=None
[2025-02-11T09:04:51.559+0600] {processor.py:208} INFO - Processing /home/shamim/airflow_git/Airflow_project/air_venv/lib/python3.12/site-packages/airflow/example_dags/example_python_decorator.py took 0.106 seconds
[2025-02-11T09:06:09.154+0600] {processor.py:186} INFO - Started process (PID=7346) to work on /home/shamim/airflow_git/Airflow_project/air_venv/lib/python3.12/site-packages/airflow/example_dags/example_python_decorator.py
[2025-02-11T09:06:09.161+0600] {processor.py:914} INFO - Processing file /home/shamim/airflow_git/Airflow_project/air_venv/lib/python3.12/site-packages/airflow/example_dags/example_python_decorator.py for tasks to queue
[2025-02-11T09:06:09.163+0600] {logging_mixin.py:190} INFO - [2025-02-11T09:06:09.162+0600] {dagbag.py:588} INFO - Filling up the DagBag from /home/shamim/airflow_git/Airflow_project/air_venv/lib/python3.12/site-packages/airflow/example_dags/example_python_decorator.py
[2025-02-11T09:06:09.176+0600] {logging_mixin.py:190} INFO - [2025-02-11T09:06:09.176+0600] {example_python_decorator.py:80} WARNING - The virtalenv_python example task requires virtualenv, please install it.
[2025-02-11T09:06:09.179+0600] {processor.py:925} INFO - DAG(s) 'example_python_decorator' retrieved from /home/shamim/airflow_git/Airflow_project/air_venv/lib/python3.12/site-packages/airflow/example_dags/example_python_decorator.py
[2025-02-11T09:06:09.198+0600] {logging_mixin.py:190} INFO - [2025-02-11T09:06:09.198+0600] {dag.py:3239} INFO - Sync 1 DAGs
[2025-02-11T09:06:09.214+0600] {logging_mixin.py:190} INFO - [2025-02-11T09:06:09.214+0600] {dag.py:4180} INFO - Setting next_dagrun for example_python_decorator to None, run_after=None
[2025-02-11T09:06:09.248+0600] {processor.py:208} INFO - Processing /home/shamim/airflow_git/Airflow_project/air_venv/lib/python3.12/site-packages/airflow/example_dags/example_python_decorator.py took 0.102 seconds
[2025-02-11T09:07:30.617+0600] {processor.py:186} INFO - Started process (PID=7832) to work on /home/shamim/airflow_git/Airflow_project/air_venv/lib/python3.12/site-packages/airflow/example_dags/example_python_decorator.py
[2025-02-11T09:07:30.624+0600] {processor.py:914} INFO - Processing file /home/shamim/airflow_git/Airflow_project/air_venv/lib/python3.12/site-packages/airflow/example_dags/example_python_decorator.py for tasks to queue
[2025-02-11T09:07:30.626+0600] {logging_mixin.py:190} INFO - [2025-02-11T09:07:30.625+0600] {dagbag.py:588} INFO - Filling up the DagBag from /home/shamim/airflow_git/Airflow_project/air_venv/lib/python3.12/site-packages/airflow/example_dags/example_python_decorator.py
[2025-02-11T09:07:30.638+0600] {logging_mixin.py:190} INFO - [2025-02-11T09:07:30.637+0600] {example_python_decorator.py:80} WARNING - The virtalenv_python example task requires virtualenv, please install it.
[2025-02-11T09:07:30.641+0600] {processor.py:925} INFO - DAG(s) 'example_python_decorator' retrieved from /home/shamim/airflow_git/Airflow_project/air_venv/lib/python3.12/site-packages/airflow/example_dags/example_python_decorator.py
[2025-02-11T09:07:30.660+0600] {logging_mixin.py:190} INFO - [2025-02-11T09:07:30.660+0600] {dag.py:3239} INFO - Sync 1 DAGs
[2025-02-11T09:07:30.676+0600] {logging_mixin.py:190} INFO - [2025-02-11T09:07:30.676+0600] {dag.py:4180} INFO - Setting next_dagrun for example_python_decorator to None, run_after=None
[2025-02-11T09:07:30.710+0600] {processor.py:208} INFO - Processing /home/shamim/airflow_git/Airflow_project/air_venv/lib/python3.12/site-packages/airflow/example_dags/example_python_decorator.py took 0.101 seconds
[2025-02-11T09:08:57.350+0600] {processor.py:186} INFO - Started process (PID=8373) to work on /home/shamim/airflow_git/Airflow_project/air_venv/lib/python3.12/site-packages/airflow/example_dags/example_python_decorator.py
[2025-02-11T09:08:57.356+0600] {processor.py:914} INFO - Processing file /home/shamim/airflow_git/Airflow_project/air_venv/lib/python3.12/site-packages/airflow/example_dags/example_python_decorator.py for tasks to queue
[2025-02-11T09:08:57.358+0600] {logging_mixin.py:190} INFO - [2025-02-11T09:08:57.358+0600] {dagbag.py:588} INFO - Filling up the DagBag from /home/shamim/airflow_git/Airflow_project/air_venv/lib/python3.12/site-packages/airflow/example_dags/example_python_decorator.py
[2025-02-11T09:08:57.372+0600] {logging_mixin.py:190} INFO - [2025-02-11T09:08:57.372+0600] {example_python_decorator.py:80} WARNING - The virtalenv_python example task requires virtualenv, please install it.
[2025-02-11T09:08:57.376+0600] {processor.py:925} INFO - DAG(s) 'example_python_decorator' retrieved from /home/shamim/airflow_git/Airflow_project/air_venv/lib/python3.12/site-packages/airflow/example_dags/example_python_decorator.py
[2025-02-11T09:08:57.399+0600] {logging_mixin.py:190} INFO - [2025-02-11T09:08:57.399+0600] {dag.py:3239} INFO - Sync 1 DAGs
[2025-02-11T09:08:57.421+0600] {logging_mixin.py:190} INFO - [2025-02-11T09:08:57.421+0600] {dag.py:4180} INFO - Setting next_dagrun for example_python_decorator to None, run_after=None
[2025-02-11T09:08:57.478+0600] {processor.py:208} INFO - Processing /home/shamim/airflow_git/Airflow_project/air_venv/lib/python3.12/site-packages/airflow/example_dags/example_python_decorator.py took 0.136 seconds
[2025-02-11T09:10:18.942+0600] {processor.py:186} INFO - Started process (PID=8862) to work on /home/shamim/airflow_git/Airflow_project/air_venv/lib/python3.12/site-packages/airflow/example_dags/example_python_decorator.py
[2025-02-11T09:10:18.966+0600] {processor.py:914} INFO - Processing file /home/shamim/airflow_git/Airflow_project/air_venv/lib/python3.12/site-packages/airflow/example_dags/example_python_decorator.py for tasks to queue
[2025-02-11T09:10:18.973+0600] {logging_mixin.py:190} INFO - [2025-02-11T09:10:18.972+0600] {dagbag.py:588} INFO - Filling up the DagBag from /home/shamim/airflow_git/Airflow_project/air_venv/lib/python3.12/site-packages/airflow/example_dags/example_python_decorator.py
[2025-02-11T09:10:18.996+0600] {logging_mixin.py:190} INFO - [2025-02-11T09:10:18.995+0600] {example_python_decorator.py:80} WARNING - The virtalenv_python example task requires virtualenv, please install it.
[2025-02-11T09:10:19.002+0600] {processor.py:925} INFO - DAG(s) 'example_python_decorator' retrieved from /home/shamim/airflow_git/Airflow_project/air_venv/lib/python3.12/site-packages/airflow/example_dags/example_python_decorator.py
[2025-02-11T09:10:19.041+0600] {logging_mixin.py:190} INFO - [2025-02-11T09:10:19.041+0600] {dag.py:3239} INFO - Sync 1 DAGs
[2025-02-11T09:10:19.076+0600] {logging_mixin.py:190} INFO - [2025-02-11T09:10:19.076+0600] {dag.py:4180} INFO - Setting next_dagrun for example_python_decorator to None, run_after=None
[2025-02-11T09:10:19.118+0600] {processor.py:208} INFO - Processing /home/shamim/airflow_git/Airflow_project/air_venv/lib/python3.12/site-packages/airflow/example_dags/example_python_decorator.py took 0.184 seconds
[2025-02-11T09:11:40.319+0600] {processor.py:186} INFO - Started process (PID=9344) to work on /home/shamim/airflow_git/Airflow_project/air_venv/lib/python3.12/site-packages/airflow/example_dags/example_python_decorator.py
[2025-02-11T09:11:40.328+0600] {processor.py:914} INFO - Processing file /home/shamim/airflow_git/Airflow_project/air_venv/lib/python3.12/site-packages/airflow/example_dags/example_python_decorator.py for tasks to queue
[2025-02-11T09:11:40.332+0600] {logging_mixin.py:190} INFO - [2025-02-11T09:11:40.331+0600] {dagbag.py:588} INFO - Filling up the DagBag from /home/shamim/airflow_git/Airflow_project/air_venv/lib/python3.12/site-packages/airflow/example_dags/example_python_decorator.py
[2025-02-11T09:11:40.363+0600] {logging_mixin.py:190} INFO - [2025-02-11T09:11:40.363+0600] {example_python_decorator.py:80} WARNING - The virtalenv_python example task requires virtualenv, please install it.
[2025-02-11T09:11:40.368+0600] {processor.py:925} INFO - DAG(s) 'example_python_decorator' retrieved from /home/shamim/airflow_git/Airflow_project/air_venv/lib/python3.12/site-packages/airflow/example_dags/example_python_decorator.py
[2025-02-11T09:11:40.392+0600] {logging_mixin.py:190} INFO - [2025-02-11T09:11:40.392+0600] {dag.py:3239} INFO - Sync 1 DAGs
[2025-02-11T09:11:40.409+0600] {logging_mixin.py:190} INFO - [2025-02-11T09:11:40.408+0600] {dag.py:4180} INFO - Setting next_dagrun for example_python_decorator to None, run_after=None
[2025-02-11T09:11:40.450+0600] {processor.py:208} INFO - Processing /home/shamim/airflow_git/Airflow_project/air_venv/lib/python3.12/site-packages/airflow/example_dags/example_python_decorator.py took 0.152 seconds
[2025-02-11T09:13:05.173+0600] {processor.py:186} INFO - Started process (PID=9911) to work on /home/shamim/airflow_git/Airflow_project/air_venv/lib/python3.12/site-packages/airflow/example_dags/example_python_decorator.py
[2025-02-11T09:13:05.174+0600] {processor.py:914} INFO - Processing file /home/shamim/airflow_git/Airflow_project/air_venv/lib/python3.12/site-packages/airflow/example_dags/example_python_decorator.py for tasks to queue
[2025-02-11T09:13:05.176+0600] {logging_mixin.py:190} INFO - [2025-02-11T09:13:05.176+0600] {dagbag.py:588} INFO - Filling up the DagBag from /home/shamim/airflow_git/Airflow_project/air_venv/lib/python3.12/site-packages/airflow/example_dags/example_python_decorator.py
[2025-02-11T09:13:05.193+0600] {logging_mixin.py:190} INFO - [2025-02-11T09:13:05.193+0600] {example_python_decorator.py:80} WARNING - The virtalenv_python example task requires virtualenv, please install it.
[2025-02-11T09:13:05.197+0600] {processor.py:925} INFO - DAG(s) 'example_python_decorator' retrieved from /home/shamim/airflow_git/Airflow_project/air_venv/lib/python3.12/site-packages/airflow/example_dags/example_python_decorator.py
[2025-02-11T09:13:05.233+0600] {logging_mixin.py:190} INFO - [2025-02-11T09:13:05.232+0600] {dag.py:3239} INFO - Sync 1 DAGs
[2025-02-11T09:13:05.259+0600] {logging_mixin.py:190} INFO - [2025-02-11T09:13:05.259+0600] {dag.py:4180} INFO - Setting next_dagrun for example_python_decorator to None, run_after=None
[2025-02-11T09:13:05.313+0600] {processor.py:208} INFO - Processing /home/shamim/airflow_git/Airflow_project/air_venv/lib/python3.12/site-packages/airflow/example_dags/example_python_decorator.py took 0.150 seconds
