[2025-02-11T09:00:02.345+0600] {processor.py:186} INFO - Started process (PID=5759) to work on /home/shamim/airflow_git/Airflow_project/air_venv/lib/python3.12/site-packages/airflow/example_dags/example_branch_labels.py
[2025-02-11T09:00:02.348+0600] {processor.py:914} INFO - Processing file /home/shamim/airflow_git/Airflow_project/air_venv/lib/python3.12/site-packages/airflow/example_dags/example_branch_labels.py for tasks to queue
[2025-02-11T09:00:02.355+0600] {logging_mixin.py:190} INFO - [2025-02-11T09:00:02.355+0600] {dagbag.py:588} INFO - Filling up the DagBag from /home/shamim/airflow_git/Airflow_project/air_venv/lib/python3.12/site-packages/airflow/example_dags/example_branch_labels.py
[2025-02-11T09:00:02.375+0600] {processor.py:925} INFO - DAG(s) 'example_branch_labels' retrieved from /home/shamim/airflow_git/Airflow_project/air_venv/lib/python3.12/site-packages/airflow/example_dags/example_branch_labels.py
[2025-02-11T09:00:02.397+0600] {logging_mixin.py:190} INFO - [2025-02-11T09:00:02.397+0600] {dag.py:3239} INFO - Sync 1 DAGs
[2025-02-11T09:00:02.425+0600] {logging_mixin.py:190} INFO - [2025-02-11T09:00:02.425+0600] {dag.py:4180} INFO - Setting next_dagrun for example_branch_labels to 2025-02-10 00:00:00+00:00, run_after=2025-02-11 00:00:00+00:00
[2025-02-11T09:00:02.458+0600] {processor.py:208} INFO - Processing /home/shamim/airflow_git/Airflow_project/air_venv/lib/python3.12/site-packages/airflow/example_dags/example_branch_labels.py took 0.137 seconds
[2025-02-11T09:01:28.634+0600] {processor.py:186} INFO - Started process (PID=6024) to work on /home/shamim/airflow_git/Airflow_project/air_venv/lib/python3.12/site-packages/airflow/example_dags/example_branch_labels.py
[2025-02-11T09:01:28.643+0600] {processor.py:914} INFO - Processing file /home/shamim/airflow_git/Airflow_project/air_venv/lib/python3.12/site-packages/airflow/example_dags/example_branch_labels.py for tasks to queue
[2025-02-11T09:01:28.653+0600] {logging_mixin.py:190} INFO - [2025-02-11T09:01:28.652+0600] {dagbag.py:588} INFO - Filling up the DagBag from /home/shamim/airflow_git/Airflow_project/air_venv/lib/python3.12/site-packages/airflow/example_dags/example_branch_labels.py
[2025-02-11T09:01:28.683+0600] {processor.py:925} INFO - DAG(s) 'example_branch_labels' retrieved from /home/shamim/airflow_git/Airflow_project/air_venv/lib/python3.12/site-packages/airflow/example_dags/example_branch_labels.py
[2025-02-11T09:01:28.708+0600] {logging_mixin.py:190} INFO - [2025-02-11T09:01:28.708+0600] {dag.py:3239} INFO - Sync 1 DAGs
[2025-02-11T09:01:28.737+0600] {logging_mixin.py:190} INFO - [2025-02-11T09:01:28.737+0600] {dag.py:4180} INFO - Setting next_dagrun for example_branch_labels to 2025-02-10 00:00:00+00:00, run_after=2025-02-11 00:00:00+00:00
[2025-02-11T09:01:28.773+0600] {processor.py:208} INFO - Processing /home/shamim/airflow_git/Airflow_project/air_venv/lib/python3.12/site-packages/airflow/example_dags/example_branch_labels.py took 0.162 seconds
[2025-02-11T09:02:54.308+0600] {processor.py:186} INFO - Started process (PID=6515) to work on /home/shamim/airflow_git/Airflow_project/air_venv/lib/python3.12/site-packages/airflow/example_dags/example_branch_labels.py
[2025-02-11T09:02:54.315+0600] {processor.py:914} INFO - Processing file /home/shamim/airflow_git/Airflow_project/air_venv/lib/python3.12/site-packages/airflow/example_dags/example_branch_labels.py for tasks to queue
[2025-02-11T09:02:54.319+0600] {logging_mixin.py:190} INFO - [2025-02-11T09:02:54.318+0600] {dagbag.py:588} INFO - Filling up the DagBag from /home/shamim/airflow_git/Airflow_project/air_venv/lib/python3.12/site-packages/airflow/example_dags/example_branch_labels.py
[2025-02-11T09:02:54.341+0600] {processor.py:925} INFO - DAG(s) 'example_branch_labels' retrieved from /home/shamim/airflow_git/Airflow_project/air_venv/lib/python3.12/site-packages/airflow/example_dags/example_branch_labels.py
[2025-02-11T09:02:54.370+0600] {logging_mixin.py:190} INFO - [2025-02-11T09:02:54.370+0600] {dag.py:3239} INFO - Sync 1 DAGs
[2025-02-11T09:02:54.412+0600] {logging_mixin.py:190} INFO - [2025-02-11T09:02:54.412+0600] {dag.py:4180} INFO - Setting next_dagrun for example_branch_labels to 2025-02-10 00:00:00+00:00, run_after=2025-02-11 00:00:00+00:00
[2025-02-11T09:02:54.460+0600] {processor.py:208} INFO - Processing /home/shamim/airflow_git/Airflow_project/air_venv/lib/python3.12/site-packages/airflow/example_dags/example_branch_labels.py took 0.164 seconds
[2025-02-11T09:04:15.767+0600] {processor.py:186} INFO - Started process (PID=6910) to work on /home/shamim/airflow_git/Airflow_project/air_venv/lib/python3.12/site-packages/airflow/example_dags/example_branch_labels.py
[2025-02-11T09:04:15.773+0600] {processor.py:914} INFO - Processing file /home/shamim/airflow_git/Airflow_project/air_venv/lib/python3.12/site-packages/airflow/example_dags/example_branch_labels.py for tasks to queue
[2025-02-11T09:04:15.775+0600] {logging_mixin.py:190} INFO - [2025-02-11T09:04:15.774+0600] {dagbag.py:588} INFO - Filling up the DagBag from /home/shamim/airflow_git/Airflow_project/air_venv/lib/python3.12/site-packages/airflow/example_dags/example_branch_labels.py
[2025-02-11T09:04:15.787+0600] {processor.py:925} INFO - DAG(s) 'example_branch_labels' retrieved from /home/shamim/airflow_git/Airflow_project/air_venv/lib/python3.12/site-packages/airflow/example_dags/example_branch_labels.py
[2025-02-11T09:04:15.806+0600] {logging_mixin.py:190} INFO - [2025-02-11T09:04:15.806+0600] {dag.py:3239} INFO - Sync 1 DAGs
[2025-02-11T09:04:15.830+0600] {logging_mixin.py:190} INFO - [2025-02-11T09:04:15.830+0600] {dag.py:4180} INFO - Setting next_dagrun for example_branch_labels to 2025-02-10 00:00:00+00:00, run_after=2025-02-11 00:00:00+00:00
[2025-02-11T09:04:15.855+0600] {processor.py:208} INFO - Processing /home/shamim/airflow_git/Airflow_project/air_venv/lib/python3.12/site-packages/airflow/example_dags/example_branch_labels.py took 0.094 seconds
[2025-02-11T09:05:32.554+0600] {processor.py:186} INFO - Started process (PID=7262) to work on /home/shamim/airflow_git/Airflow_project/air_venv/lib/python3.12/site-packages/airflow/example_dags/example_branch_labels.py
[2025-02-11T09:05:32.555+0600] {processor.py:914} INFO - Processing file /home/shamim/airflow_git/Airflow_project/air_venv/lib/python3.12/site-packages/airflow/example_dags/example_branch_labels.py for tasks to queue
[2025-02-11T09:05:32.557+0600] {logging_mixin.py:190} INFO - [2025-02-11T09:05:32.556+0600] {dagbag.py:588} INFO - Filling up the DagBag from /home/shamim/airflow_git/Airflow_project/air_venv/lib/python3.12/site-packages/airflow/example_dags/example_branch_labels.py
[2025-02-11T09:05:32.569+0600] {processor.py:925} INFO - DAG(s) 'example_branch_labels' retrieved from /home/shamim/airflow_git/Airflow_project/air_venv/lib/python3.12/site-packages/airflow/example_dags/example_branch_labels.py
[2025-02-11T09:05:32.588+0600] {logging_mixin.py:190} INFO - [2025-02-11T09:05:32.588+0600] {dag.py:3239} INFO - Sync 1 DAGs
[2025-02-11T09:05:32.614+0600] {logging_mixin.py:190} INFO - [2025-02-11T09:05:32.614+0600] {dag.py:4180} INFO - Setting next_dagrun for example_branch_labels to 2025-02-10 00:00:00+00:00, run_after=2025-02-11 00:00:00+00:00
[2025-02-11T09:05:32.657+0600] {processor.py:208} INFO - Processing /home/shamim/airflow_git/Airflow_project/air_venv/lib/python3.12/site-packages/airflow/example_dags/example_branch_labels.py took 0.109 seconds
[2025-02-11T09:06:53.533+0600] {processor.py:186} INFO - Started process (PID=7618) to work on /home/shamim/airflow_git/Airflow_project/air_venv/lib/python3.12/site-packages/airflow/example_dags/example_branch_labels.py
[2025-02-11T09:06:53.539+0600] {processor.py:914} INFO - Processing file /home/shamim/airflow_git/Airflow_project/air_venv/lib/python3.12/site-packages/airflow/example_dags/example_branch_labels.py for tasks to queue
[2025-02-11T09:06:53.541+0600] {logging_mixin.py:190} INFO - [2025-02-11T09:06:53.541+0600] {dagbag.py:588} INFO - Filling up the DagBag from /home/shamim/airflow_git/Airflow_project/air_venv/lib/python3.12/site-packages/airflow/example_dags/example_branch_labels.py
[2025-02-11T09:06:53.559+0600] {processor.py:925} INFO - DAG(s) 'example_branch_labels' retrieved from /home/shamim/airflow_git/Airflow_project/air_venv/lib/python3.12/site-packages/airflow/example_dags/example_branch_labels.py
[2025-02-11T09:06:53.589+0600] {logging_mixin.py:190} INFO - [2025-02-11T09:06:53.589+0600] {dag.py:3239} INFO - Sync 1 DAGs
[2025-02-11T09:06:53.633+0600] {logging_mixin.py:190} INFO - [2025-02-11T09:06:53.633+0600] {dag.py:4180} INFO - Setting next_dagrun for example_branch_labels to 2025-02-10 00:00:00+00:00, run_after=2025-02-11 00:00:00+00:00
[2025-02-11T09:06:53.685+0600] {processor.py:208} INFO - Processing /home/shamim/airflow_git/Airflow_project/air_venv/lib/python3.12/site-packages/airflow/example_dags/example_branch_labels.py took 0.164 seconds
[2025-02-11T09:08:16.543+0600] {processor.py:186} INFO - Started process (PID=8120) to work on /home/shamim/airflow_git/Airflow_project/air_venv/lib/python3.12/site-packages/airflow/example_dags/example_branch_labels.py
[2025-02-11T09:08:16.559+0600] {processor.py:914} INFO - Processing file /home/shamim/airflow_git/Airflow_project/air_venv/lib/python3.12/site-packages/airflow/example_dags/example_branch_labels.py for tasks to queue
[2025-02-11T09:08:16.561+0600] {logging_mixin.py:190} INFO - [2025-02-11T09:08:16.560+0600] {dagbag.py:588} INFO - Filling up the DagBag from /home/shamim/airflow_git/Airflow_project/air_venv/lib/python3.12/site-packages/airflow/example_dags/example_branch_labels.py
[2025-02-11T09:08:16.576+0600] {processor.py:925} INFO - DAG(s) 'example_branch_labels' retrieved from /home/shamim/airflow_git/Airflow_project/air_venv/lib/python3.12/site-packages/airflow/example_dags/example_branch_labels.py
[2025-02-11T09:08:16.609+0600] {logging_mixin.py:190} INFO - [2025-02-11T09:08:16.608+0600] {dag.py:3239} INFO - Sync 1 DAGs
[2025-02-11T09:08:16.651+0600] {logging_mixin.py:190} INFO - [2025-02-11T09:08:16.650+0600] {dag.py:4180} INFO - Setting next_dagrun for example_branch_labels to 2025-02-10 00:00:00+00:00, run_after=2025-02-11 00:00:00+00:00
[2025-02-11T09:08:16.684+0600] {processor.py:208} INFO - Processing /home/shamim/airflow_git/Airflow_project/air_venv/lib/python3.12/site-packages/airflow/example_dags/example_branch_labels.py took 0.148 seconds
[2025-02-11T09:09:43.471+0600] {processor.py:186} INFO - Started process (PID=8655) to work on /home/shamim/airflow_git/Airflow_project/air_venv/lib/python3.12/site-packages/airflow/example_dags/example_branch_labels.py
[2025-02-11T09:09:43.490+0600] {processor.py:914} INFO - Processing file /home/shamim/airflow_git/Airflow_project/air_venv/lib/python3.12/site-packages/airflow/example_dags/example_branch_labels.py for tasks to queue
[2025-02-11T09:09:43.492+0600] {logging_mixin.py:190} INFO - [2025-02-11T09:09:43.491+0600] {dagbag.py:588} INFO - Filling up the DagBag from /home/shamim/airflow_git/Airflow_project/air_venv/lib/python3.12/site-packages/airflow/example_dags/example_branch_labels.py
[2025-02-11T09:09:43.503+0600] {processor.py:925} INFO - DAG(s) 'example_branch_labels' retrieved from /home/shamim/airflow_git/Airflow_project/air_venv/lib/python3.12/site-packages/airflow/example_dags/example_branch_labels.py
[2025-02-11T09:09:43.523+0600] {logging_mixin.py:190} INFO - [2025-02-11T09:09:43.523+0600] {dag.py:3239} INFO - Sync 1 DAGs
[2025-02-11T09:09:43.548+0600] {logging_mixin.py:190} INFO - [2025-02-11T09:09:43.547+0600] {dag.py:4180} INFO - Setting next_dagrun for example_branch_labels to 2025-02-10 00:00:00+00:00, run_after=2025-02-11 00:00:00+00:00
[2025-02-11T09:09:43.572+0600] {processor.py:208} INFO - Processing /home/shamim/airflow_git/Airflow_project/air_venv/lib/python3.12/site-packages/airflow/example_dags/example_branch_labels.py took 0.109 seconds
[2025-02-11T09:11:02.666+0600] {processor.py:186} INFO - Started process (PID=9112) to work on /home/shamim/airflow_git/Airflow_project/air_venv/lib/python3.12/site-packages/airflow/example_dags/example_branch_labels.py
[2025-02-11T09:11:02.675+0600] {processor.py:914} INFO - Processing file /home/shamim/airflow_git/Airflow_project/air_venv/lib/python3.12/site-packages/airflow/example_dags/example_branch_labels.py for tasks to queue
[2025-02-11T09:11:02.679+0600] {logging_mixin.py:190} INFO - [2025-02-11T09:11:02.678+0600] {dagbag.py:588} INFO - Filling up the DagBag from /home/shamim/airflow_git/Airflow_project/air_venv/lib/python3.12/site-packages/airflow/example_dags/example_branch_labels.py
[2025-02-11T09:11:02.716+0600] {processor.py:925} INFO - DAG(s) 'example_branch_labels' retrieved from /home/shamim/airflow_git/Airflow_project/air_venv/lib/python3.12/site-packages/airflow/example_dags/example_branch_labels.py
[2025-02-11T09:11:02.742+0600] {logging_mixin.py:190} INFO - [2025-02-11T09:11:02.742+0600] {dag.py:3239} INFO - Sync 1 DAGs
[2025-02-11T09:11:02.769+0600] {logging_mixin.py:190} INFO - [2025-02-11T09:11:02.769+0600] {dag.py:4180} INFO - Setting next_dagrun for example_branch_labels to 2025-02-10 00:00:00+00:00, run_after=2025-02-11 00:00:00+00:00
[2025-02-11T09:11:02.807+0600] {processor.py:208} INFO - Processing /home/shamim/airflow_git/Airflow_project/air_venv/lib/python3.12/site-packages/airflow/example_dags/example_branch_labels.py took 0.168 seconds
[2025-02-11T09:12:26.400+0600] {processor.py:186} INFO - Started process (PID=9655) to work on /home/shamim/airflow_git/Airflow_project/air_venv/lib/python3.12/site-packages/airflow/example_dags/example_branch_labels.py
[2025-02-11T09:12:26.407+0600] {processor.py:914} INFO - Processing file /home/shamim/airflow_git/Airflow_project/air_venv/lib/python3.12/site-packages/airflow/example_dags/example_branch_labels.py for tasks to queue
[2025-02-11T09:12:26.410+0600] {logging_mixin.py:190} INFO - [2025-02-11T09:12:26.409+0600] {dagbag.py:588} INFO - Filling up the DagBag from /home/shamim/airflow_git/Airflow_project/air_venv/lib/python3.12/site-packages/airflow/example_dags/example_branch_labels.py
[2025-02-11T09:12:26.425+0600] {processor.py:925} INFO - DAG(s) 'example_branch_labels' retrieved from /home/shamim/airflow_git/Airflow_project/air_venv/lib/python3.12/site-packages/airflow/example_dags/example_branch_labels.py
[2025-02-11T09:12:26.444+0600] {logging_mixin.py:190} INFO - [2025-02-11T09:12:26.444+0600] {dag.py:3239} INFO - Sync 1 DAGs
[2025-02-11T09:12:26.469+0600] {logging_mixin.py:190} INFO - [2025-02-11T09:12:26.469+0600] {dag.py:4180} INFO - Setting next_dagrun for example_branch_labels to 2025-02-10 00:00:00+00:00, run_after=2025-02-11 00:00:00+00:00
[2025-02-11T09:12:26.494+0600] {processor.py:208} INFO - Processing /home/shamim/airflow_git/Airflow_project/air_venv/lib/python3.12/site-packages/airflow/example_dags/example_branch_labels.py took 0.113 seconds
[2025-02-11T09:13:47.053+0600] {processor.py:186} INFO - Started process (PID=10088) to work on /home/shamim/airflow_git/Airflow_project/air_venv/lib/python3.12/site-packages/airflow/example_dags/example_branch_labels.py
[2025-02-11T09:13:47.060+0600] {processor.py:914} INFO - Processing file /home/shamim/airflow_git/Airflow_project/air_venv/lib/python3.12/site-packages/airflow/example_dags/example_branch_labels.py for tasks to queue
[2025-02-11T09:13:47.062+0600] {logging_mixin.py:190} INFO - [2025-02-11T09:13:47.061+0600] {dagbag.py:588} INFO - Filling up the DagBag from /home/shamim/airflow_git/Airflow_project/air_venv/lib/python3.12/site-packages/airflow/example_dags/example_branch_labels.py
[2025-02-11T09:13:47.077+0600] {processor.py:925} INFO - DAG(s) 'example_branch_labels' retrieved from /home/shamim/airflow_git/Airflow_project/air_venv/lib/python3.12/site-packages/airflow/example_dags/example_branch_labels.py
[2025-02-11T09:13:47.097+0600] {logging_mixin.py:190} INFO - [2025-02-11T09:13:47.097+0600] {dag.py:3239} INFO - Sync 1 DAGs
[2025-02-11T09:13:47.122+0600] {logging_mixin.py:190} INFO - [2025-02-11T09:13:47.122+0600] {dag.py:4180} INFO - Setting next_dagrun for example_branch_labels to 2025-02-10 00:00:00+00:00, run_after=2025-02-11 00:00:00+00:00
[2025-02-11T09:13:47.148+0600] {processor.py:208} INFO - Processing /home/shamim/airflow_git/Airflow_project/air_venv/lib/python3.12/site-packages/airflow/example_dags/example_branch_labels.py took 0.104 seconds
