[2025-02-11T08:59:25.984+0600] {processor.py:186} INFO - Started process (PID=5612) to work on /home/shamim/airflow_git/Airflow_project/air_venv/lib/python3.12/site-packages/airflow/example_dags/example_skip_dag.py
[2025-02-11T08:59:25.985+0600] {processor.py:914} INFO - Processing file /home/shamim/airflow_git/Airflow_project/air_venv/lib/python3.12/site-packages/airflow/example_dags/example_skip_dag.py for tasks to queue
[2025-02-11T08:59:25.989+0600] {logging_mixin.py:190} INFO - [2025-02-11T08:59:25.988+0600] {dagbag.py:588} INFO - Filling up the DagBag from /home/shamim/airflow_git/Airflow_project/air_venv/lib/python3.12/site-packages/airflow/example_dags/example_skip_dag.py
[2025-02-11T08:59:25.999+0600] {processor.py:925} INFO - DAG(s) 'example_skip_dag' retrieved from /home/shamim/airflow_git/Airflow_project/air_venv/lib/python3.12/site-packages/airflow/example_dags/example_skip_dag.py
[2025-02-11T08:59:26.021+0600] {logging_mixin.py:190} INFO - [2025-02-11T08:59:26.020+0600] {dag.py:3239} INFO - Sync 1 DAGs
[2025-02-11T08:59:26.045+0600] {logging_mixin.py:190} INFO - [2025-02-11T08:59:26.045+0600] {dag.py:4180} INFO - Setting next_dagrun for example_skip_dag to 2025-02-10 00:00:00+00:00, run_after=2025-02-11 00:00:00+00:00
[2025-02-11T08:59:26.075+0600] {processor.py:208} INFO - Processing /home/shamim/airflow_git/Airflow_project/air_venv/lib/python3.12/site-packages/airflow/example_dags/example_skip_dag.py took 0.099 seconds
[2025-02-11T09:00:35.192+0600] {processor.py:186} INFO - Started process (PID=5886) to work on /home/shamim/airflow_git/Airflow_project/air_venv/lib/python3.12/site-packages/airflow/example_dags/example_skip_dag.py
[2025-02-11T09:00:35.206+0600] {processor.py:914} INFO - Processing file /home/shamim/airflow_git/Airflow_project/air_venv/lib/python3.12/site-packages/airflow/example_dags/example_skip_dag.py for tasks to queue
[2025-02-11T09:00:35.209+0600] {logging_mixin.py:190} INFO - [2025-02-11T09:00:35.208+0600] {dagbag.py:588} INFO - Filling up the DagBag from /home/shamim/airflow_git/Airflow_project/air_venv/lib/python3.12/site-packages/airflow/example_dags/example_skip_dag.py
[2025-02-11T09:00:35.221+0600] {processor.py:925} INFO - DAG(s) 'example_skip_dag' retrieved from /home/shamim/airflow_git/Airflow_project/air_venv/lib/python3.12/site-packages/airflow/example_dags/example_skip_dag.py
[2025-02-11T09:00:35.245+0600] {logging_mixin.py:190} INFO - [2025-02-11T09:00:35.244+0600] {dag.py:3239} INFO - Sync 1 DAGs
[2025-02-11T09:00:35.270+0600] {logging_mixin.py:190} INFO - [2025-02-11T09:00:35.270+0600] {dag.py:4180} INFO - Setting next_dagrun for example_skip_dag to 2025-02-10 00:00:00+00:00, run_after=2025-02-11 00:00:00+00:00
[2025-02-11T09:00:35.294+0600] {processor.py:208} INFO - Processing /home/shamim/airflow_git/Airflow_project/air_venv/lib/python3.12/site-packages/airflow/example_dags/example_skip_dag.py took 0.110 seconds
[2025-02-11T09:02:02.021+0600] {processor.py:186} INFO - Started process (PID=6175) to work on /home/shamim/airflow_git/Airflow_project/air_venv/lib/python3.12/site-packages/airflow/example_dags/example_skip_dag.py
[2025-02-11T09:02:02.024+0600] {processor.py:914} INFO - Processing file /home/shamim/airflow_git/Airflow_project/air_venv/lib/python3.12/site-packages/airflow/example_dags/example_skip_dag.py for tasks to queue
[2025-02-11T09:02:02.028+0600] {logging_mixin.py:190} INFO - [2025-02-11T09:02:02.027+0600] {dagbag.py:588} INFO - Filling up the DagBag from /home/shamim/airflow_git/Airflow_project/air_venv/lib/python3.12/site-packages/airflow/example_dags/example_skip_dag.py
[2025-02-11T09:02:02.045+0600] {processor.py:925} INFO - DAG(s) 'example_skip_dag' retrieved from /home/shamim/airflow_git/Airflow_project/air_venv/lib/python3.12/site-packages/airflow/example_dags/example_skip_dag.py
[2025-02-11T09:02:02.074+0600] {logging_mixin.py:190} INFO - [2025-02-11T09:02:02.073+0600] {dag.py:3239} INFO - Sync 1 DAGs
[2025-02-11T09:02:02.155+0600] {logging_mixin.py:190} INFO - [2025-02-11T09:02:02.155+0600] {dag.py:4180} INFO - Setting next_dagrun for example_skip_dag to 2025-02-10 00:00:00+00:00, run_after=2025-02-11 00:00:00+00:00
[2025-02-11T09:02:02.196+0600] {processor.py:208} INFO - Processing /home/shamim/airflow_git/Airflow_project/air_venv/lib/python3.12/site-packages/airflow/example_dags/example_skip_dag.py took 0.183 seconds
[2025-02-11T09:03:25.644+0600] {processor.py:186} INFO - Started process (PID=6714) to work on /home/shamim/airflow_git/Airflow_project/air_venv/lib/python3.12/site-packages/airflow/example_dags/example_skip_dag.py
[2025-02-11T09:03:25.652+0600] {processor.py:914} INFO - Processing file /home/shamim/airflow_git/Airflow_project/air_venv/lib/python3.12/site-packages/airflow/example_dags/example_skip_dag.py for tasks to queue
[2025-02-11T09:03:25.661+0600] {logging_mixin.py:190} INFO - [2025-02-11T09:03:25.660+0600] {dagbag.py:588} INFO - Filling up the DagBag from /home/shamim/airflow_git/Airflow_project/air_venv/lib/python3.12/site-packages/airflow/example_dags/example_skip_dag.py
[2025-02-11T09:03:25.689+0600] {processor.py:925} INFO - DAG(s) 'example_skip_dag' retrieved from /home/shamim/airflow_git/Airflow_project/air_venv/lib/python3.12/site-packages/airflow/example_dags/example_skip_dag.py
[2025-02-11T09:03:25.714+0600] {logging_mixin.py:190} INFO - [2025-02-11T09:03:25.713+0600] {dag.py:3239} INFO - Sync 1 DAGs
[2025-02-11T09:03:25.741+0600] {logging_mixin.py:190} INFO - [2025-02-11T09:03:25.741+0600] {dag.py:4180} INFO - Setting next_dagrun for example_skip_dag to 2025-02-10 00:00:00+00:00, run_after=2025-02-11 00:00:00+00:00
[2025-02-11T09:03:25.765+0600] {processor.py:208} INFO - Processing /home/shamim/airflow_git/Airflow_project/air_venv/lib/python3.12/site-packages/airflow/example_dags/example_skip_dag.py took 0.139 seconds
[2025-02-11T09:04:42.724+0600] {processor.py:186} INFO - Started process (PID=6952) to work on /home/shamim/airflow_git/Airflow_project/air_venv/lib/python3.12/site-packages/airflow/example_dags/example_skip_dag.py
[2025-02-11T09:04:42.730+0600] {processor.py:914} INFO - Processing file /home/shamim/airflow_git/Airflow_project/air_venv/lib/python3.12/site-packages/airflow/example_dags/example_skip_dag.py for tasks to queue
[2025-02-11T09:04:42.733+0600] {logging_mixin.py:190} INFO - [2025-02-11T09:04:42.732+0600] {dagbag.py:588} INFO - Filling up the DagBag from /home/shamim/airflow_git/Airflow_project/air_venv/lib/python3.12/site-packages/airflow/example_dags/example_skip_dag.py
[2025-02-11T09:04:42.744+0600] {processor.py:925} INFO - DAG(s) 'example_skip_dag' retrieved from /home/shamim/airflow_git/Airflow_project/air_venv/lib/python3.12/site-packages/airflow/example_dags/example_skip_dag.py
[2025-02-11T09:04:42.765+0600] {logging_mixin.py:190} INFO - [2025-02-11T09:04:42.765+0600] {dag.py:3239} INFO - Sync 1 DAGs
[2025-02-11T09:04:42.791+0600] {logging_mixin.py:190} INFO - [2025-02-11T09:04:42.791+0600] {dag.py:4180} INFO - Setting next_dagrun for example_skip_dag to 2025-02-10 00:00:00+00:00, run_after=2025-02-11 00:00:00+00:00
[2025-02-11T09:04:42.819+0600] {processor.py:208} INFO - Processing /home/shamim/airflow_git/Airflow_project/air_venv/lib/python3.12/site-packages/airflow/example_dags/example_skip_dag.py took 0.104 seconds
[2025-02-11T09:06:01.397+0600] {processor.py:186} INFO - Started process (PID=7313) to work on /home/shamim/airflow_git/Airflow_project/air_venv/lib/python3.12/site-packages/airflow/example_dags/example_skip_dag.py
[2025-02-11T09:06:01.404+0600] {processor.py:914} INFO - Processing file /home/shamim/airflow_git/Airflow_project/air_venv/lib/python3.12/site-packages/airflow/example_dags/example_skip_dag.py for tasks to queue
[2025-02-11T09:06:01.406+0600] {logging_mixin.py:190} INFO - [2025-02-11T09:06:01.406+0600] {dagbag.py:588} INFO - Filling up the DagBag from /home/shamim/airflow_git/Airflow_project/air_venv/lib/python3.12/site-packages/airflow/example_dags/example_skip_dag.py
[2025-02-11T09:06:01.416+0600] {processor.py:925} INFO - DAG(s) 'example_skip_dag' retrieved from /home/shamim/airflow_git/Airflow_project/air_venv/lib/python3.12/site-packages/airflow/example_dags/example_skip_dag.py
[2025-02-11T09:06:01.436+0600] {logging_mixin.py:190} INFO - [2025-02-11T09:06:01.436+0600] {dag.py:3239} INFO - Sync 1 DAGs
[2025-02-11T09:06:01.459+0600] {logging_mixin.py:190} INFO - [2025-02-11T09:06:01.459+0600] {dag.py:4180} INFO - Setting next_dagrun for example_skip_dag to 2025-02-10 00:00:00+00:00, run_after=2025-02-11 00:00:00+00:00
[2025-02-11T09:06:01.494+0600] {processor.py:208} INFO - Processing /home/shamim/airflow_git/Airflow_project/air_venv/lib/python3.12/site-packages/airflow/example_dags/example_skip_dag.py took 0.104 seconds
[2025-02-11T09:07:23.629+0600] {processor.py:186} INFO - Started process (PID=7788) to work on /home/shamim/airflow_git/Airflow_project/air_venv/lib/python3.12/site-packages/airflow/example_dags/example_skip_dag.py
[2025-02-11T09:07:23.635+0600] {processor.py:914} INFO - Processing file /home/shamim/airflow_git/Airflow_project/air_venv/lib/python3.12/site-packages/airflow/example_dags/example_skip_dag.py for tasks to queue
[2025-02-11T09:07:23.636+0600] {logging_mixin.py:190} INFO - [2025-02-11T09:07:23.636+0600] {dagbag.py:588} INFO - Filling up the DagBag from /home/shamim/airflow_git/Airflow_project/air_venv/lib/python3.12/site-packages/airflow/example_dags/example_skip_dag.py
[2025-02-11T09:07:23.647+0600] {processor.py:925} INFO - DAG(s) 'example_skip_dag' retrieved from /home/shamim/airflow_git/Airflow_project/air_venv/lib/python3.12/site-packages/airflow/example_dags/example_skip_dag.py
[2025-02-11T09:07:23.667+0600] {logging_mixin.py:190} INFO - [2025-02-11T09:07:23.666+0600] {dag.py:3239} INFO - Sync 1 DAGs
[2025-02-11T09:07:23.691+0600] {logging_mixin.py:190} INFO - [2025-02-11T09:07:23.691+0600] {dag.py:4180} INFO - Setting next_dagrun for example_skip_dag to 2025-02-10 00:00:00+00:00, run_after=2025-02-11 00:00:00+00:00
[2025-02-11T09:07:23.725+0600] {processor.py:208} INFO - Processing /home/shamim/airflow_git/Airflow_project/air_venv/lib/python3.12/site-packages/airflow/example_dags/example_skip_dag.py took 0.104 seconds
[2025-02-11T09:08:48.370+0600] {processor.py:186} INFO - Started process (PID=8311) to work on /home/shamim/airflow_git/Airflow_project/air_venv/lib/python3.12/site-packages/airflow/example_dags/example_skip_dag.py
[2025-02-11T09:08:48.386+0600] {processor.py:914} INFO - Processing file /home/shamim/airflow_git/Airflow_project/air_venv/lib/python3.12/site-packages/airflow/example_dags/example_skip_dag.py for tasks to queue
[2025-02-11T09:08:48.387+0600] {logging_mixin.py:190} INFO - [2025-02-11T09:08:48.387+0600] {dagbag.py:588} INFO - Filling up the DagBag from /home/shamim/airflow_git/Airflow_project/air_venv/lib/python3.12/site-packages/airflow/example_dags/example_skip_dag.py
[2025-02-11T09:08:48.402+0600] {processor.py:925} INFO - DAG(s) 'example_skip_dag' retrieved from /home/shamim/airflow_git/Airflow_project/air_venv/lib/python3.12/site-packages/airflow/example_dags/example_skip_dag.py
[2025-02-11T09:08:48.425+0600] {logging_mixin.py:190} INFO - [2025-02-11T09:08:48.424+0600] {dag.py:3239} INFO - Sync 1 DAGs
[2025-02-11T09:08:48.449+0600] {logging_mixin.py:190} INFO - [2025-02-11T09:08:48.449+0600] {dag.py:4180} INFO - Setting next_dagrun for example_skip_dag to 2025-02-10 00:00:00+00:00, run_after=2025-02-11 00:00:00+00:00
[2025-02-11T09:08:48.470+0600] {processor.py:208} INFO - Processing /home/shamim/airflow_git/Airflow_project/air_venv/lib/python3.12/site-packages/airflow/example_dags/example_skip_dag.py took 0.110 seconds
[2025-02-11T09:10:11.057+0600] {processor.py:186} INFO - Started process (PID=8817) to work on /home/shamim/airflow_git/Airflow_project/air_venv/lib/python3.12/site-packages/airflow/example_dags/example_skip_dag.py
[2025-02-11T09:10:11.064+0600] {processor.py:914} INFO - Processing file /home/shamim/airflow_git/Airflow_project/air_venv/lib/python3.12/site-packages/airflow/example_dags/example_skip_dag.py for tasks to queue
[2025-02-11T09:10:11.066+0600] {logging_mixin.py:190} INFO - [2025-02-11T09:10:11.065+0600] {dagbag.py:588} INFO - Filling up the DagBag from /home/shamim/airflow_git/Airflow_project/air_venv/lib/python3.12/site-packages/airflow/example_dags/example_skip_dag.py
[2025-02-11T09:10:11.080+0600] {processor.py:925} INFO - DAG(s) 'example_skip_dag' retrieved from /home/shamim/airflow_git/Airflow_project/air_venv/lib/python3.12/site-packages/airflow/example_dags/example_skip_dag.py
[2025-02-11T09:10:11.103+0600] {logging_mixin.py:190} INFO - [2025-02-11T09:10:11.103+0600] {dag.py:3239} INFO - Sync 1 DAGs
[2025-02-11T09:10:11.134+0600] {logging_mixin.py:190} INFO - [2025-02-11T09:10:11.134+0600] {dag.py:4180} INFO - Setting next_dagrun for example_skip_dag to 2025-02-10 00:00:00+00:00, run_after=2025-02-11 00:00:00+00:00
[2025-02-11T09:10:11.184+0600] {processor.py:208} INFO - Processing /home/shamim/airflow_git/Airflow_project/air_venv/lib/python3.12/site-packages/airflow/example_dags/example_skip_dag.py took 0.138 seconds
[2025-02-11T09:11:31.737+0600] {processor.py:186} INFO - Started process (PID=9309) to work on /home/shamim/airflow_git/Airflow_project/air_venv/lib/python3.12/site-packages/airflow/example_dags/example_skip_dag.py
[2025-02-11T09:11:31.765+0600] {processor.py:914} INFO - Processing file /home/shamim/airflow_git/Airflow_project/air_venv/lib/python3.12/site-packages/airflow/example_dags/example_skip_dag.py for tasks to queue
[2025-02-11T09:11:31.771+0600] {logging_mixin.py:190} INFO - [2025-02-11T09:11:31.769+0600] {dagbag.py:588} INFO - Filling up the DagBag from /home/shamim/airflow_git/Airflow_project/air_venv/lib/python3.12/site-packages/airflow/example_dags/example_skip_dag.py
[2025-02-11T09:11:31.802+0600] {processor.py:925} INFO - DAG(s) 'example_skip_dag' retrieved from /home/shamim/airflow_git/Airflow_project/air_venv/lib/python3.12/site-packages/airflow/example_dags/example_skip_dag.py
[2025-02-11T09:11:31.842+0600] {logging_mixin.py:190} INFO - [2025-02-11T09:11:31.842+0600] {dag.py:3239} INFO - Sync 1 DAGs
[2025-02-11T09:11:31.869+0600] {logging_mixin.py:190} INFO - [2025-02-11T09:11:31.869+0600] {dag.py:4180} INFO - Setting next_dagrun for example_skip_dag to 2025-02-10 00:00:00+00:00, run_after=2025-02-11 00:00:00+00:00
[2025-02-11T09:11:31.897+0600] {processor.py:208} INFO - Processing /home/shamim/airflow_git/Airflow_project/air_venv/lib/python3.12/site-packages/airflow/example_dags/example_skip_dag.py took 0.179 seconds
[2025-02-11T09:12:57.957+0600] {processor.py:186} INFO - Started process (PID=9876) to work on /home/shamim/airflow_git/Airflow_project/air_venv/lib/python3.12/site-packages/airflow/example_dags/example_skip_dag.py
[2025-02-11T09:12:57.964+0600] {processor.py:914} INFO - Processing file /home/shamim/airflow_git/Airflow_project/air_venv/lib/python3.12/site-packages/airflow/example_dags/example_skip_dag.py for tasks to queue
[2025-02-11T09:12:57.966+0600] {logging_mixin.py:190} INFO - [2025-02-11T09:12:57.965+0600] {dagbag.py:588} INFO - Filling up the DagBag from /home/shamim/airflow_git/Airflow_project/air_venv/lib/python3.12/site-packages/airflow/example_dags/example_skip_dag.py
[2025-02-11T09:12:57.979+0600] {processor.py:925} INFO - DAG(s) 'example_skip_dag' retrieved from /home/shamim/airflow_git/Airflow_project/air_venv/lib/python3.12/site-packages/airflow/example_dags/example_skip_dag.py
[2025-02-11T09:12:58.001+0600] {logging_mixin.py:190} INFO - [2025-02-11T09:12:58.001+0600] {dag.py:3239} INFO - Sync 1 DAGs
[2025-02-11T09:12:58.027+0600] {logging_mixin.py:190} INFO - [2025-02-11T09:12:58.027+0600] {dag.py:4180} INFO - Setting next_dagrun for example_skip_dag to 2025-02-10 00:00:00+00:00, run_after=2025-02-11 00:00:00+00:00
[2025-02-11T09:12:58.052+0600] {processor.py:208} INFO - Processing /home/shamim/airflow_git/Airflow_project/air_venv/lib/python3.12/site-packages/airflow/example_dags/example_skip_dag.py took 0.120 seconds
