[2025-02-11T08:59:23.133+0600] {processor.py:186} INFO - Started process (PID=5607) to work on /home/shamim/airflow_git/Airflow_project/air_venv/lib/python3.12/site-packages/airflow/example_dags/example_subdag_operator.py
[2025-02-11T08:59:23.134+0600] {processor.py:914} INFO - Processing file /home/shamim/airflow_git/Airflow_project/air_venv/lib/python3.12/site-packages/airflow/example_dags/example_subdag_operator.py for tasks to queue
[2025-02-11T08:59:23.137+0600] {logging_mixin.py:190} INFO - [2025-02-11T08:59:23.136+0600] {dagbag.py:588} INFO - Filling up the DagBag from /home/shamim/airflow_git/Airflow_project/air_venv/lib/python3.12/site-packages/airflow/example_dags/example_subdag_operator.py
[2025-02-11T08:59:23.162+0600] {processor.py:925} INFO - DAG(s) 'example_subdag_operator.section-1', 'example_subdag_operator.section-2', 'example_subdag_operator' retrieved from /home/shamim/airflow_git/Airflow_project/air_venv/lib/python3.12/site-packages/airflow/example_dags/example_subdag_operator.py
[2025-02-11T08:59:23.182+0600] {logging_mixin.py:190} INFO - [2025-02-11T08:59:23.181+0600] {dag.py:3239} INFO - Sync 3 DAGs
[2025-02-11T08:59:23.207+0600] {logging_mixin.py:190} INFO - [2025-02-11T08:59:23.207+0600] {dag.py:4180} INFO - Setting next_dagrun for example_subdag_operator to 2022-01-01 00:00:00+00:00, run_after=2022-01-01 00:00:00+00:00
[2025-02-11T08:59:23.211+0600] {logging_mixin.py:190} INFO - [2025-02-11T08:59:23.211+0600] {dag.py:4180} INFO - Setting next_dagrun for example_subdag_operator.section-1 to None, run_after=None
[2025-02-11T08:59:23.212+0600] {logging_mixin.py:190} INFO - [2025-02-11T08:59:23.212+0600] {dag.py:4180} INFO - Setting next_dagrun for example_subdag_operator.section-2 to None, run_after=None
[2025-02-11T08:59:23.219+0600] {logging_mixin.py:190} INFO - [2025-02-11T08:59:23.219+0600] {dag.py:3239} INFO - Sync 2 DAGs
[2025-02-11T08:59:23.224+0600] {logging_mixin.py:190} INFO - [2025-02-11T08:59:23.223+0600] {dag.py:4180} INFO - Setting next_dagrun for example_subdag_operator.section-1 to None, run_after=None
[2025-02-11T08:59:23.224+0600] {logging_mixin.py:190} INFO - [2025-02-11T08:59:23.224+0600] {dag.py:4180} INFO - Setting next_dagrun for example_subdag_operator.section-2 to None, run_after=None
[2025-02-11T08:59:23.243+0600] {processor.py:208} INFO - Processing /home/shamim/airflow_git/Airflow_project/air_venv/lib/python3.12/site-packages/airflow/example_dags/example_subdag_operator.py took 0.117 seconds
[2025-02-11T09:00:31.323+0600] {processor.py:186} INFO - Started process (PID=5881) to work on /home/shamim/airflow_git/Airflow_project/air_venv/lib/python3.12/site-packages/airflow/example_dags/example_subdag_operator.py
[2025-02-11T09:00:31.349+0600] {processor.py:914} INFO - Processing file /home/shamim/airflow_git/Airflow_project/air_venv/lib/python3.12/site-packages/airflow/example_dags/example_subdag_operator.py for tasks to queue
[2025-02-11T09:00:31.353+0600] {logging_mixin.py:190} INFO - [2025-02-11T09:00:31.353+0600] {dagbag.py:588} INFO - Filling up the DagBag from /home/shamim/airflow_git/Airflow_project/air_venv/lib/python3.12/site-packages/airflow/example_dags/example_subdag_operator.py
[2025-02-11T09:00:31.384+0600] {processor.py:925} INFO - DAG(s) 'example_subdag_operator.section-1', 'example_subdag_operator.section-2', 'example_subdag_operator' retrieved from /home/shamim/airflow_git/Airflow_project/air_venv/lib/python3.12/site-packages/airflow/example_dags/example_subdag_operator.py
[2025-02-11T09:00:31.403+0600] {logging_mixin.py:190} INFO - [2025-02-11T09:00:31.403+0600] {dag.py:3239} INFO - Sync 3 DAGs
[2025-02-11T09:00:31.428+0600] {logging_mixin.py:190} INFO - [2025-02-11T09:00:31.428+0600] {dag.py:4180} INFO - Setting next_dagrun for example_subdag_operator to 2022-01-01 00:00:00+00:00, run_after=2022-01-01 00:00:00+00:00
[2025-02-11T09:00:31.432+0600] {logging_mixin.py:190} INFO - [2025-02-11T09:00:31.432+0600] {dag.py:4180} INFO - Setting next_dagrun for example_subdag_operator.section-1 to None, run_after=None
[2025-02-11T09:00:31.433+0600] {logging_mixin.py:190} INFO - [2025-02-11T09:00:31.433+0600] {dag.py:4180} INFO - Setting next_dagrun for example_subdag_operator.section-2 to None, run_after=None
[2025-02-11T09:00:31.440+0600] {logging_mixin.py:190} INFO - [2025-02-11T09:00:31.440+0600] {dag.py:3239} INFO - Sync 2 DAGs
[2025-02-11T09:00:31.446+0600] {logging_mixin.py:190} INFO - [2025-02-11T09:00:31.445+0600] {dag.py:4180} INFO - Setting next_dagrun for example_subdag_operator.section-1 to None, run_after=None
[2025-02-11T09:00:31.446+0600] {logging_mixin.py:190} INFO - [2025-02-11T09:00:31.446+0600] {dag.py:4180} INFO - Setting next_dagrun for example_subdag_operator.section-2 to None, run_after=None
[2025-02-11T09:00:31.460+0600] {processor.py:208} INFO - Processing /home/shamim/airflow_git/Airflow_project/air_venv/lib/python3.12/site-packages/airflow/example_dags/example_subdag_operator.py took 0.145 seconds
[2025-02-11T09:01:59.100+0600] {processor.py:186} INFO - Started process (PID=6171) to work on /home/shamim/airflow_git/Airflow_project/air_venv/lib/python3.12/site-packages/airflow/example_dags/example_subdag_operator.py
[2025-02-11T09:01:59.106+0600] {processor.py:914} INFO - Processing file /home/shamim/airflow_git/Airflow_project/air_venv/lib/python3.12/site-packages/airflow/example_dags/example_subdag_operator.py for tasks to queue
[2025-02-11T09:01:59.109+0600] {logging_mixin.py:190} INFO - [2025-02-11T09:01:59.108+0600] {dagbag.py:588} INFO - Filling up the DagBag from /home/shamim/airflow_git/Airflow_project/air_venv/lib/python3.12/site-packages/airflow/example_dags/example_subdag_operator.py
[2025-02-11T09:01:59.135+0600] {processor.py:925} INFO - DAG(s) 'example_subdag_operator.section-1', 'example_subdag_operator.section-2', 'example_subdag_operator' retrieved from /home/shamim/airflow_git/Airflow_project/air_venv/lib/python3.12/site-packages/airflow/example_dags/example_subdag_operator.py
[2025-02-11T09:01:59.153+0600] {logging_mixin.py:190} INFO - [2025-02-11T09:01:59.152+0600] {dag.py:3239} INFO - Sync 3 DAGs
[2025-02-11T09:01:59.177+0600] {logging_mixin.py:190} INFO - [2025-02-11T09:01:59.177+0600] {dag.py:4180} INFO - Setting next_dagrun for example_subdag_operator to 2022-01-01 00:00:00+00:00, run_after=2022-01-01 00:00:00+00:00
[2025-02-11T09:01:59.182+0600] {logging_mixin.py:190} INFO - [2025-02-11T09:01:59.181+0600] {dag.py:4180} INFO - Setting next_dagrun for example_subdag_operator.section-1 to None, run_after=None
[2025-02-11T09:01:59.183+0600] {logging_mixin.py:190} INFO - [2025-02-11T09:01:59.183+0600] {dag.py:4180} INFO - Setting next_dagrun for example_subdag_operator.section-2 to None, run_after=None
[2025-02-11T09:01:59.190+0600] {logging_mixin.py:190} INFO - [2025-02-11T09:01:59.190+0600] {dag.py:3239} INFO - Sync 2 DAGs
[2025-02-11T09:01:59.195+0600] {logging_mixin.py:190} INFO - [2025-02-11T09:01:59.195+0600] {dag.py:4180} INFO - Setting next_dagrun for example_subdag_operator.section-1 to None, run_after=None
[2025-02-11T09:01:59.195+0600] {logging_mixin.py:190} INFO - [2025-02-11T09:01:59.195+0600] {dag.py:4180} INFO - Setting next_dagrun for example_subdag_operator.section-2 to None, run_after=None
[2025-02-11T09:01:59.228+0600] {processor.py:208} INFO - Processing /home/shamim/airflow_git/Airflow_project/air_venv/lib/python3.12/site-packages/airflow/example_dags/example_subdag_operator.py took 0.136 seconds
[2025-02-11T09:03:21.781+0600] {processor.py:186} INFO - Started process (PID=6686) to work on /home/shamim/airflow_git/Airflow_project/air_venv/lib/python3.12/site-packages/airflow/example_dags/example_subdag_operator.py
[2025-02-11T09:03:21.787+0600] {processor.py:914} INFO - Processing file /home/shamim/airflow_git/Airflow_project/air_venv/lib/python3.12/site-packages/airflow/example_dags/example_subdag_operator.py for tasks to queue
[2025-02-11T09:03:21.790+0600] {logging_mixin.py:190} INFO - [2025-02-11T09:03:21.790+0600] {dagbag.py:588} INFO - Filling up the DagBag from /home/shamim/airflow_git/Airflow_project/air_venv/lib/python3.12/site-packages/airflow/example_dags/example_subdag_operator.py
[2025-02-11T09:03:21.821+0600] {processor.py:925} INFO - DAG(s) 'example_subdag_operator.section-1', 'example_subdag_operator.section-2', 'example_subdag_operator' retrieved from /home/shamim/airflow_git/Airflow_project/air_venv/lib/python3.12/site-packages/airflow/example_dags/example_subdag_operator.py
[2025-02-11T09:03:21.842+0600] {logging_mixin.py:190} INFO - [2025-02-11T09:03:21.841+0600] {dag.py:3239} INFO - Sync 3 DAGs
[2025-02-11T09:03:21.869+0600] {logging_mixin.py:190} INFO - [2025-02-11T09:03:21.868+0600] {dag.py:4180} INFO - Setting next_dagrun for example_subdag_operator to 2022-01-01 00:00:00+00:00, run_after=2022-01-01 00:00:00+00:00
[2025-02-11T09:03:21.873+0600] {logging_mixin.py:190} INFO - [2025-02-11T09:03:21.873+0600] {dag.py:4180} INFO - Setting next_dagrun for example_subdag_operator.section-1 to None, run_after=None
[2025-02-11T09:03:21.875+0600] {logging_mixin.py:190} INFO - [2025-02-11T09:03:21.874+0600] {dag.py:4180} INFO - Setting next_dagrun for example_subdag_operator.section-2 to None, run_after=None
[2025-02-11T09:03:21.882+0600] {logging_mixin.py:190} INFO - [2025-02-11T09:03:21.882+0600] {dag.py:3239} INFO - Sync 2 DAGs
[2025-02-11T09:03:21.887+0600] {logging_mixin.py:190} INFO - [2025-02-11T09:03:21.887+0600] {dag.py:4180} INFO - Setting next_dagrun for example_subdag_operator.section-1 to None, run_after=None
[2025-02-11T09:03:21.888+0600] {logging_mixin.py:190} INFO - [2025-02-11T09:03:21.888+0600] {dag.py:4180} INFO - Setting next_dagrun for example_subdag_operator.section-2 to None, run_after=None
[2025-02-11T09:03:21.905+0600] {processor.py:208} INFO - Processing /home/shamim/airflow_git/Airflow_project/air_venv/lib/python3.12/site-packages/airflow/example_dags/example_subdag_operator.py took 0.141 seconds
[2025-02-11T09:04:38.779+0600] {processor.py:186} INFO - Started process (PID=6945) to work on /home/shamim/airflow_git/Airflow_project/air_venv/lib/python3.12/site-packages/airflow/example_dags/example_subdag_operator.py
[2025-02-11T09:04:38.786+0600] {processor.py:914} INFO - Processing file /home/shamim/airflow_git/Airflow_project/air_venv/lib/python3.12/site-packages/airflow/example_dags/example_subdag_operator.py for tasks to queue
[2025-02-11T09:04:38.788+0600] {logging_mixin.py:190} INFO - [2025-02-11T09:04:38.787+0600] {dagbag.py:588} INFO - Filling up the DagBag from /home/shamim/airflow_git/Airflow_project/air_venv/lib/python3.12/site-packages/airflow/example_dags/example_subdag_operator.py
[2025-02-11T09:04:38.837+0600] {processor.py:925} INFO - DAG(s) 'example_subdag_operator.section-1', 'example_subdag_operator.section-2', 'example_subdag_operator' retrieved from /home/shamim/airflow_git/Airflow_project/air_venv/lib/python3.12/site-packages/airflow/example_dags/example_subdag_operator.py
[2025-02-11T09:04:38.870+0600] {logging_mixin.py:190} INFO - [2025-02-11T09:04:38.870+0600] {dag.py:3239} INFO - Sync 3 DAGs
[2025-02-11T09:04:38.909+0600] {logging_mixin.py:190} INFO - [2025-02-11T09:04:38.908+0600] {dag.py:4180} INFO - Setting next_dagrun for example_subdag_operator to 2022-01-01 00:00:00+00:00, run_after=2022-01-01 00:00:00+00:00
[2025-02-11T09:04:38.915+0600] {logging_mixin.py:190} INFO - [2025-02-11T09:04:38.914+0600] {dag.py:4180} INFO - Setting next_dagrun for example_subdag_operator.section-1 to None, run_after=None
[2025-02-11T09:04:38.917+0600] {logging_mixin.py:190} INFO - [2025-02-11T09:04:38.917+0600] {dag.py:4180} INFO - Setting next_dagrun for example_subdag_operator.section-2 to None, run_after=None
[2025-02-11T09:04:38.929+0600] {logging_mixin.py:190} INFO - [2025-02-11T09:04:38.928+0600] {dag.py:3239} INFO - Sync 2 DAGs
[2025-02-11T09:04:38.937+0600] {logging_mixin.py:190} INFO - [2025-02-11T09:04:38.937+0600] {dag.py:4180} INFO - Setting next_dagrun for example_subdag_operator.section-1 to None, run_after=None
[2025-02-11T09:04:38.938+0600] {logging_mixin.py:190} INFO - [2025-02-11T09:04:38.937+0600] {dag.py:4180} INFO - Setting next_dagrun for example_subdag_operator.section-2 to None, run_after=None
[2025-02-11T09:04:38.972+0600] {processor.py:208} INFO - Processing /home/shamim/airflow_git/Airflow_project/air_venv/lib/python3.12/site-packages/airflow/example_dags/example_subdag_operator.py took 0.205 seconds
[2025-02-11T09:05:57.523+0600] {processor.py:186} INFO - Started process (PID=7308) to work on /home/shamim/airflow_git/Airflow_project/air_venv/lib/python3.12/site-packages/airflow/example_dags/example_subdag_operator.py
[2025-02-11T09:05:57.530+0600] {processor.py:914} INFO - Processing file /home/shamim/airflow_git/Airflow_project/air_venv/lib/python3.12/site-packages/airflow/example_dags/example_subdag_operator.py for tasks to queue
[2025-02-11T09:05:57.531+0600] {logging_mixin.py:190} INFO - [2025-02-11T09:05:57.531+0600] {dagbag.py:588} INFO - Filling up the DagBag from /home/shamim/airflow_git/Airflow_project/air_venv/lib/python3.12/site-packages/airflow/example_dags/example_subdag_operator.py
[2025-02-11T09:05:57.557+0600] {processor.py:925} INFO - DAG(s) 'example_subdag_operator.section-1', 'example_subdag_operator.section-2', 'example_subdag_operator' retrieved from /home/shamim/airflow_git/Airflow_project/air_venv/lib/python3.12/site-packages/airflow/example_dags/example_subdag_operator.py
[2025-02-11T09:05:57.574+0600] {logging_mixin.py:190} INFO - [2025-02-11T09:05:57.573+0600] {dag.py:3239} INFO - Sync 3 DAGs
[2025-02-11T09:05:57.599+0600] {logging_mixin.py:190} INFO - [2025-02-11T09:05:57.599+0600] {dag.py:4180} INFO - Setting next_dagrun for example_subdag_operator to 2022-01-01 00:00:00+00:00, run_after=2022-01-01 00:00:00+00:00
[2025-02-11T09:05:57.603+0600] {logging_mixin.py:190} INFO - [2025-02-11T09:05:57.603+0600] {dag.py:4180} INFO - Setting next_dagrun for example_subdag_operator.section-1 to None, run_after=None
[2025-02-11T09:05:57.604+0600] {logging_mixin.py:190} INFO - [2025-02-11T09:05:57.604+0600] {dag.py:4180} INFO - Setting next_dagrun for example_subdag_operator.section-2 to None, run_after=None
[2025-02-11T09:05:57.611+0600] {logging_mixin.py:190} INFO - [2025-02-11T09:05:57.611+0600] {dag.py:3239} INFO - Sync 2 DAGs
[2025-02-11T09:05:57.616+0600] {logging_mixin.py:190} INFO - [2025-02-11T09:05:57.615+0600] {dag.py:4180} INFO - Setting next_dagrun for example_subdag_operator.section-1 to None, run_after=None
[2025-02-11T09:05:57.616+0600] {logging_mixin.py:190} INFO - [2025-02-11T09:05:57.616+0600] {dag.py:4180} INFO - Setting next_dagrun for example_subdag_operator.section-2 to None, run_after=None
[2025-02-11T09:05:57.642+0600] {processor.py:208} INFO - Processing /home/shamim/airflow_git/Airflow_project/air_venv/lib/python3.12/site-packages/airflow/example_dags/example_subdag_operator.py took 0.125 seconds
[2025-02-11T09:07:20.586+0600] {processor.py:186} INFO - Started process (PID=7782) to work on /home/shamim/airflow_git/Airflow_project/air_venv/lib/python3.12/site-packages/airflow/example_dags/example_subdag_operator.py
[2025-02-11T09:07:20.592+0600] {processor.py:914} INFO - Processing file /home/shamim/airflow_git/Airflow_project/air_venv/lib/python3.12/site-packages/airflow/example_dags/example_subdag_operator.py for tasks to queue
[2025-02-11T09:07:20.595+0600] {logging_mixin.py:190} INFO - [2025-02-11T09:07:20.594+0600] {dagbag.py:588} INFO - Filling up the DagBag from /home/shamim/airflow_git/Airflow_project/air_venv/lib/python3.12/site-packages/airflow/example_dags/example_subdag_operator.py
[2025-02-11T09:07:20.622+0600] {processor.py:925} INFO - DAG(s) 'example_subdag_operator.section-1', 'example_subdag_operator.section-2', 'example_subdag_operator' retrieved from /home/shamim/airflow_git/Airflow_project/air_venv/lib/python3.12/site-packages/airflow/example_dags/example_subdag_operator.py
[2025-02-11T09:07:20.641+0600] {logging_mixin.py:190} INFO - [2025-02-11T09:07:20.640+0600] {dag.py:3239} INFO - Sync 3 DAGs
[2025-02-11T09:07:20.665+0600] {logging_mixin.py:190} INFO - [2025-02-11T09:07:20.665+0600] {dag.py:4180} INFO - Setting next_dagrun for example_subdag_operator to 2022-01-01 00:00:00+00:00, run_after=2022-01-01 00:00:00+00:00
[2025-02-11T09:07:20.669+0600] {logging_mixin.py:190} INFO - [2025-02-11T09:07:20.669+0600] {dag.py:4180} INFO - Setting next_dagrun for example_subdag_operator.section-1 to None, run_after=None
[2025-02-11T09:07:20.670+0600] {logging_mixin.py:190} INFO - [2025-02-11T09:07:20.670+0600] {dag.py:4180} INFO - Setting next_dagrun for example_subdag_operator.section-2 to None, run_after=None
[2025-02-11T09:07:20.677+0600] {logging_mixin.py:190} INFO - [2025-02-11T09:07:20.677+0600] {dag.py:3239} INFO - Sync 2 DAGs
[2025-02-11T09:07:20.681+0600] {logging_mixin.py:190} INFO - [2025-02-11T09:07:20.681+0600] {dag.py:4180} INFO - Setting next_dagrun for example_subdag_operator.section-1 to None, run_after=None
[2025-02-11T09:07:20.682+0600] {logging_mixin.py:190} INFO - [2025-02-11T09:07:20.682+0600] {dag.py:4180} INFO - Setting next_dagrun for example_subdag_operator.section-2 to None, run_after=None
[2025-02-11T09:07:20.710+0600] {processor.py:208} INFO - Processing /home/shamim/airflow_git/Airflow_project/air_venv/lib/python3.12/site-packages/airflow/example_dags/example_subdag_operator.py took 0.132 seconds
[2025-02-11T09:08:44.632+0600] {processor.py:186} INFO - Started process (PID=8308) to work on /home/shamim/airflow_git/Airflow_project/air_venv/lib/python3.12/site-packages/airflow/example_dags/example_subdag_operator.py
[2025-02-11T09:08:44.646+0600] {processor.py:914} INFO - Processing file /home/shamim/airflow_git/Airflow_project/air_venv/lib/python3.12/site-packages/airflow/example_dags/example_subdag_operator.py for tasks to queue
[2025-02-11T09:08:44.648+0600] {logging_mixin.py:190} INFO - [2025-02-11T09:08:44.648+0600] {dagbag.py:588} INFO - Filling up the DagBag from /home/shamim/airflow_git/Airflow_project/air_venv/lib/python3.12/site-packages/airflow/example_dags/example_subdag_operator.py
[2025-02-11T09:08:44.677+0600] {processor.py:925} INFO - DAG(s) 'example_subdag_operator.section-1', 'example_subdag_operator.section-2', 'example_subdag_operator' retrieved from /home/shamim/airflow_git/Airflow_project/air_venv/lib/python3.12/site-packages/airflow/example_dags/example_subdag_operator.py
[2025-02-11T09:08:44.698+0600] {logging_mixin.py:190} INFO - [2025-02-11T09:08:44.698+0600] {dag.py:3239} INFO - Sync 3 DAGs
[2025-02-11T09:08:44.729+0600] {logging_mixin.py:190} INFO - [2025-02-11T09:08:44.729+0600] {dag.py:4180} INFO - Setting next_dagrun for example_subdag_operator to 2022-01-01 00:00:00+00:00, run_after=2022-01-01 00:00:00+00:00
[2025-02-11T09:08:44.735+0600] {logging_mixin.py:190} INFO - [2025-02-11T09:08:44.735+0600] {dag.py:4180} INFO - Setting next_dagrun for example_subdag_operator.section-1 to None, run_after=None
[2025-02-11T09:08:44.738+0600] {logging_mixin.py:190} INFO - [2025-02-11T09:08:44.737+0600] {dag.py:4180} INFO - Setting next_dagrun for example_subdag_operator.section-2 to None, run_after=None
[2025-02-11T09:08:44.750+0600] {logging_mixin.py:190} INFO - [2025-02-11T09:08:44.749+0600] {dag.py:3239} INFO - Sync 2 DAGs
[2025-02-11T09:08:44.756+0600] {logging_mixin.py:190} INFO - [2025-02-11T09:08:44.755+0600] {dag.py:4180} INFO - Setting next_dagrun for example_subdag_operator.section-1 to None, run_after=None
[2025-02-11T09:08:44.756+0600] {logging_mixin.py:190} INFO - [2025-02-11T09:08:44.756+0600] {dag.py:4180} INFO - Setting next_dagrun for example_subdag_operator.section-2 to None, run_after=None
[2025-02-11T09:08:44.770+0600] {processor.py:208} INFO - Processing /home/shamim/airflow_git/Airflow_project/air_venv/lib/python3.12/site-packages/airflow/example_dags/example_subdag_operator.py took 0.146 seconds
[2025-02-11T09:10:08.321+0600] {processor.py:186} INFO - Started process (PID=8788) to work on /home/shamim/airflow_git/Airflow_project/air_venv/lib/python3.12/site-packages/airflow/example_dags/example_subdag_operator.py
[2025-02-11T09:10:08.327+0600] {processor.py:914} INFO - Processing file /home/shamim/airflow_git/Airflow_project/air_venv/lib/python3.12/site-packages/airflow/example_dags/example_subdag_operator.py for tasks to queue
[2025-02-11T09:10:08.330+0600] {logging_mixin.py:190} INFO - [2025-02-11T09:10:08.328+0600] {dagbag.py:588} INFO - Filling up the DagBag from /home/shamim/airflow_git/Airflow_project/air_venv/lib/python3.12/site-packages/airflow/example_dags/example_subdag_operator.py
[2025-02-11T09:10:08.365+0600] {processor.py:925} INFO - DAG(s) 'example_subdag_operator.section-1', 'example_subdag_operator.section-2', 'example_subdag_operator' retrieved from /home/shamim/airflow_git/Airflow_project/air_venv/lib/python3.12/site-packages/airflow/example_dags/example_subdag_operator.py
[2025-02-11T09:10:08.385+0600] {logging_mixin.py:190} INFO - [2025-02-11T09:10:08.385+0600] {dag.py:3239} INFO - Sync 3 DAGs
[2025-02-11T09:10:08.413+0600] {logging_mixin.py:190} INFO - [2025-02-11T09:10:08.412+0600] {dag.py:4180} INFO - Setting next_dagrun for example_subdag_operator to 2022-01-01 00:00:00+00:00, run_after=2022-01-01 00:00:00+00:00
[2025-02-11T09:10:08.417+0600] {logging_mixin.py:190} INFO - [2025-02-11T09:10:08.416+0600] {dag.py:4180} INFO - Setting next_dagrun for example_subdag_operator.section-1 to None, run_after=None
[2025-02-11T09:10:08.418+0600] {logging_mixin.py:190} INFO - [2025-02-11T09:10:08.418+0600] {dag.py:4180} INFO - Setting next_dagrun for example_subdag_operator.section-2 to None, run_after=None
[2025-02-11T09:10:08.426+0600] {logging_mixin.py:190} INFO - [2025-02-11T09:10:08.425+0600] {dag.py:3239} INFO - Sync 2 DAGs
[2025-02-11T09:10:08.431+0600] {logging_mixin.py:190} INFO - [2025-02-11T09:10:08.431+0600] {dag.py:4180} INFO - Setting next_dagrun for example_subdag_operator.section-1 to None, run_after=None
[2025-02-11T09:10:08.431+0600] {logging_mixin.py:190} INFO - [2025-02-11T09:10:08.431+0600] {dag.py:4180} INFO - Setting next_dagrun for example_subdag_operator.section-2 to None, run_after=None
[2025-02-11T09:10:08.458+0600] {processor.py:208} INFO - Processing /home/shamim/airflow_git/Airflow_project/air_venv/lib/python3.12/site-packages/airflow/example_dags/example_subdag_operator.py took 0.144 seconds
[2025-02-11T09:11:28.643+0600] {processor.py:186} INFO - Started process (PID=9279) to work on /home/shamim/airflow_git/Airflow_project/air_venv/lib/python3.12/site-packages/airflow/example_dags/example_subdag_operator.py
[2025-02-11T09:11:28.652+0600] {processor.py:914} INFO - Processing file /home/shamim/airflow_git/Airflow_project/air_venv/lib/python3.12/site-packages/airflow/example_dags/example_subdag_operator.py for tasks to queue
[2025-02-11T09:11:28.657+0600] {logging_mixin.py:190} INFO - [2025-02-11T09:11:28.656+0600] {dagbag.py:588} INFO - Filling up the DagBag from /home/shamim/airflow_git/Airflow_project/air_venv/lib/python3.12/site-packages/airflow/example_dags/example_subdag_operator.py
[2025-02-11T09:11:28.729+0600] {processor.py:925} INFO - DAG(s) 'example_subdag_operator.section-1', 'example_subdag_operator.section-2', 'example_subdag_operator' retrieved from /home/shamim/airflow_git/Airflow_project/air_venv/lib/python3.12/site-packages/airflow/example_dags/example_subdag_operator.py
[2025-02-11T09:11:28.765+0600] {logging_mixin.py:190} INFO - [2025-02-11T09:11:28.765+0600] {dag.py:3239} INFO - Sync 3 DAGs
[2025-02-11T09:11:28.811+0600] {logging_mixin.py:190} INFO - [2025-02-11T09:11:28.811+0600] {dag.py:4180} INFO - Setting next_dagrun for example_subdag_operator to 2022-01-01 00:00:00+00:00, run_after=2022-01-01 00:00:00+00:00
[2025-02-11T09:11:28.819+0600] {logging_mixin.py:190} INFO - [2025-02-11T09:11:28.819+0600] {dag.py:4180} INFO - Setting next_dagrun for example_subdag_operator.section-1 to None, run_after=None
[2025-02-11T09:11:28.822+0600] {logging_mixin.py:190} INFO - [2025-02-11T09:11:28.822+0600] {dag.py:4180} INFO - Setting next_dagrun for example_subdag_operator.section-2 to None, run_after=None
[2025-02-11T09:11:28.838+0600] {logging_mixin.py:190} INFO - [2025-02-11T09:11:28.838+0600] {dag.py:3239} INFO - Sync 2 DAGs
[2025-02-11T09:11:28.846+0600] {logging_mixin.py:190} INFO - [2025-02-11T09:11:28.846+0600] {dag.py:4180} INFO - Setting next_dagrun for example_subdag_operator.section-1 to None, run_after=None
[2025-02-11T09:11:28.847+0600] {logging_mixin.py:190} INFO - [2025-02-11T09:11:28.846+0600] {dag.py:4180} INFO - Setting next_dagrun for example_subdag_operator.section-2 to None, run_after=None
[2025-02-11T09:11:28.893+0600] {processor.py:208} INFO - Processing /home/shamim/airflow_git/Airflow_project/air_venv/lib/python3.12/site-packages/airflow/example_dags/example_subdag_operator.py took 0.276 seconds
[2025-02-11T09:12:54.689+0600] {processor.py:186} INFO - Started process (PID=9847) to work on /home/shamim/airflow_git/Airflow_project/air_venv/lib/python3.12/site-packages/airflow/example_dags/example_subdag_operator.py
[2025-02-11T09:12:54.695+0600] {processor.py:914} INFO - Processing file /home/shamim/airflow_git/Airflow_project/air_venv/lib/python3.12/site-packages/airflow/example_dags/example_subdag_operator.py for tasks to queue
[2025-02-11T09:12:54.699+0600] {logging_mixin.py:190} INFO - [2025-02-11T09:12:54.698+0600] {dagbag.py:588} INFO - Filling up the DagBag from /home/shamim/airflow_git/Airflow_project/air_venv/lib/python3.12/site-packages/airflow/example_dags/example_subdag_operator.py
[2025-02-11T09:12:54.742+0600] {processor.py:925} INFO - DAG(s) 'example_subdag_operator.section-1', 'example_subdag_operator.section-2', 'example_subdag_operator' retrieved from /home/shamim/airflow_git/Airflow_project/air_venv/lib/python3.12/site-packages/airflow/example_dags/example_subdag_operator.py
[2025-02-11T09:12:54.775+0600] {logging_mixin.py:190} INFO - [2025-02-11T09:12:54.775+0600] {dag.py:3239} INFO - Sync 3 DAGs
[2025-02-11T09:12:54.820+0600] {logging_mixin.py:190} INFO - [2025-02-11T09:12:54.819+0600] {dag.py:4180} INFO - Setting next_dagrun for example_subdag_operator to 2022-01-01 00:00:00+00:00, run_after=2022-01-01 00:00:00+00:00
[2025-02-11T09:12:54.826+0600] {logging_mixin.py:190} INFO - [2025-02-11T09:12:54.826+0600] {dag.py:4180} INFO - Setting next_dagrun for example_subdag_operator.section-1 to None, run_after=None
[2025-02-11T09:12:54.828+0600] {logging_mixin.py:190} INFO - [2025-02-11T09:12:54.828+0600] {dag.py:4180} INFO - Setting next_dagrun for example_subdag_operator.section-2 to None, run_after=None
[2025-02-11T09:12:54.841+0600] {logging_mixin.py:190} INFO - [2025-02-11T09:12:54.841+0600] {dag.py:3239} INFO - Sync 2 DAGs
[2025-02-11T09:12:54.847+0600] {logging_mixin.py:190} INFO - [2025-02-11T09:12:54.847+0600] {dag.py:4180} INFO - Setting next_dagrun for example_subdag_operator.section-1 to None, run_after=None
[2025-02-11T09:12:54.848+0600] {logging_mixin.py:190} INFO - [2025-02-11T09:12:54.847+0600] {dag.py:4180} INFO - Setting next_dagrun for example_subdag_operator.section-2 to None, run_after=None
[2025-02-11T09:12:54.879+0600] {processor.py:208} INFO - Processing /home/shamim/airflow_git/Airflow_project/air_venv/lib/python3.12/site-packages/airflow/example_dags/example_subdag_operator.py took 0.201 seconds
