[2025-02-11T08:59:45.031+0600] {processor.py:186} INFO - Started process (PID=5675) to work on /home/shamim/airflow_git/Airflow_project/air_venv/lib/python3.12/site-packages/airflow/example_dags/example_inlet_event_extra.py
[2025-02-11T08:59:45.032+0600] {processor.py:914} INFO - Processing file /home/shamim/airflow_git/Airflow_project/air_venv/lib/python3.12/site-packages/airflow/example_dags/example_inlet_event_extra.py for tasks to queue
[2025-02-11T08:59:45.035+0600] {logging_mixin.py:190} INFO - [2025-02-11T08:59:45.034+0600] {dagbag.py:588} INFO - Filling up the DagBag from /home/shamim/airflow_git/Airflow_project/air_venv/lib/python3.12/site-packages/airflow/example_dags/example_inlet_event_extra.py
[2025-02-11T08:59:45.710+0600] {processor.py:925} INFO - DAG(s) 'read_dataset_event_from_classic', 'read_dataset_event' retrieved from /home/shamim/airflow_git/Airflow_project/air_venv/lib/python3.12/site-packages/airflow/example_dags/example_inlet_event_extra.py
[2025-02-11T08:59:45.744+0600] {logging_mixin.py:190} INFO - [2025-02-11T08:59:45.743+0600] {dag.py:3239} INFO - Sync 2 DAGs
[2025-02-11T08:59:45.793+0600] {logging_mixin.py:190} INFO - [2025-02-11T08:59:45.793+0600] {dag.py:4180} INFO - Setting next_dagrun for read_dataset_event to 2025-02-10 00:00:00+00:00, run_after=2025-02-11 00:00:00+00:00
[2025-02-11T08:59:45.806+0600] {logging_mixin.py:190} INFO - [2025-02-11T08:59:45.806+0600] {dag.py:4180} INFO - Setting next_dagrun for read_dataset_event_from_classic to 2025-02-10 00:00:00+00:00, run_after=2025-02-11 00:00:00+00:00
[2025-02-11T08:59:45.871+0600] {processor.py:208} INFO - Processing /home/shamim/airflow_git/Airflow_project/air_venv/lib/python3.12/site-packages/airflow/example_dags/example_inlet_event_extra.py took 0.848 seconds
[2025-02-11T09:01:09.281+0600] {processor.py:186} INFO - Started process (PID=5931) to work on /home/shamim/airflow_git/Airflow_project/air_venv/lib/python3.12/site-packages/airflow/example_dags/example_inlet_event_extra.py
[2025-02-11T09:01:09.287+0600] {processor.py:914} INFO - Processing file /home/shamim/airflow_git/Airflow_project/air_venv/lib/python3.12/site-packages/airflow/example_dags/example_inlet_event_extra.py for tasks to queue
[2025-02-11T09:01:09.290+0600] {logging_mixin.py:190} INFO - [2025-02-11T09:01:09.289+0600] {dagbag.py:588} INFO - Filling up the DagBag from /home/shamim/airflow_git/Airflow_project/air_venv/lib/python3.12/site-packages/airflow/example_dags/example_inlet_event_extra.py
[2025-02-11T09:01:10.026+0600] {processor.py:925} INFO - DAG(s) 'read_dataset_event_from_classic', 'read_dataset_event' retrieved from /home/shamim/airflow_git/Airflow_project/air_venv/lib/python3.12/site-packages/airflow/example_dags/example_inlet_event_extra.py
[2025-02-11T09:01:10.043+0600] {logging_mixin.py:190} INFO - [2025-02-11T09:01:10.043+0600] {dag.py:3239} INFO - Sync 2 DAGs
[2025-02-11T09:01:10.071+0600] {logging_mixin.py:190} INFO - [2025-02-11T09:01:10.070+0600] {dag.py:4180} INFO - Setting next_dagrun for read_dataset_event to 2025-02-10 00:00:00+00:00, run_after=2025-02-11 00:00:00+00:00
[2025-02-11T09:01:10.077+0600] {logging_mixin.py:190} INFO - [2025-02-11T09:01:10.077+0600] {dag.py:4180} INFO - Setting next_dagrun for read_dataset_event_from_classic to 2025-02-10 00:00:00+00:00, run_after=2025-02-11 00:00:00+00:00
[2025-02-11T09:01:10.112+0600] {processor.py:208} INFO - Processing /home/shamim/airflow_git/Airflow_project/air_venv/lib/python3.12/site-packages/airflow/example_dags/example_inlet_event_extra.py took 0.838 seconds
[2025-02-11T09:02:33.451+0600] {processor.py:186} INFO - Started process (PID=6363) to work on /home/shamim/airflow_git/Airflow_project/air_venv/lib/python3.12/site-packages/airflow/example_dags/example_inlet_event_extra.py
[2025-02-11T09:02:33.457+0600] {processor.py:914} INFO - Processing file /home/shamim/airflow_git/Airflow_project/air_venv/lib/python3.12/site-packages/airflow/example_dags/example_inlet_event_extra.py for tasks to queue
[2025-02-11T09:02:33.461+0600] {logging_mixin.py:190} INFO - [2025-02-11T09:02:33.460+0600] {dagbag.py:588} INFO - Filling up the DagBag from /home/shamim/airflow_git/Airflow_project/air_venv/lib/python3.12/site-packages/airflow/example_dags/example_inlet_event_extra.py
[2025-02-11T09:02:34.326+0600] {processor.py:925} INFO - DAG(s) 'read_dataset_event_from_classic', 'read_dataset_event' retrieved from /home/shamim/airflow_git/Airflow_project/air_venv/lib/python3.12/site-packages/airflow/example_dags/example_inlet_event_extra.py
[2025-02-11T09:02:34.362+0600] {logging_mixin.py:190} INFO - [2025-02-11T09:02:34.359+0600] {dag.py:3239} INFO - Sync 2 DAGs
[2025-02-11T09:02:34.535+0600] {logging_mixin.py:190} INFO - [2025-02-11T09:02:34.535+0600] {dag.py:4180} INFO - Setting next_dagrun for read_dataset_event to 2025-02-10 00:00:00+00:00, run_after=2025-02-11 00:00:00+00:00
[2025-02-11T09:02:34.548+0600] {logging_mixin.py:190} INFO - [2025-02-11T09:02:34.547+0600] {dag.py:4180} INFO - Setting next_dagrun for read_dataset_event_from_classic to 2025-02-10 00:00:00+00:00, run_after=2025-02-11 00:00:00+00:00
[2025-02-11T09:02:34.593+0600] {processor.py:208} INFO - Processing /home/shamim/airflow_git/Airflow_project/air_venv/lib/python3.12/site-packages/airflow/example_dags/example_inlet_event_extra.py took 1.153 seconds
[2025-02-11T09:03:58.782+0600] {processor.py:186} INFO - Started process (PID=6840) to work on /home/shamim/airflow_git/Airflow_project/air_venv/lib/python3.12/site-packages/airflow/example_dags/example_inlet_event_extra.py
[2025-02-11T09:03:58.784+0600] {processor.py:914} INFO - Processing file /home/shamim/airflow_git/Airflow_project/air_venv/lib/python3.12/site-packages/airflow/example_dags/example_inlet_event_extra.py for tasks to queue
[2025-02-11T09:03:58.788+0600] {logging_mixin.py:190} INFO - [2025-02-11T09:03:58.787+0600] {dagbag.py:588} INFO - Filling up the DagBag from /home/shamim/airflow_git/Airflow_project/air_venv/lib/python3.12/site-packages/airflow/example_dags/example_inlet_event_extra.py
[2025-02-11T09:03:59.364+0600] {processor.py:925} INFO - DAG(s) 'read_dataset_event', 'read_dataset_event_from_classic' retrieved from /home/shamim/airflow_git/Airflow_project/air_venv/lib/python3.12/site-packages/airflow/example_dags/example_inlet_event_extra.py
[2025-02-11T09:03:59.380+0600] {logging_mixin.py:190} INFO - [2025-02-11T09:03:59.380+0600] {dag.py:3239} INFO - Sync 2 DAGs
[2025-02-11T09:03:59.405+0600] {logging_mixin.py:190} INFO - [2025-02-11T09:03:59.405+0600] {dag.py:4180} INFO - Setting next_dagrun for read_dataset_event to 2025-02-10 00:00:00+00:00, run_after=2025-02-11 00:00:00+00:00
[2025-02-11T09:03:59.411+0600] {logging_mixin.py:190} INFO - [2025-02-11T09:03:59.410+0600] {dag.py:4180} INFO - Setting next_dagrun for read_dataset_event_from_classic to 2025-02-10 00:00:00+00:00, run_after=2025-02-11 00:00:00+00:00
[2025-02-11T09:03:59.434+0600] {processor.py:208} INFO - Processing /home/shamim/airflow_git/Airflow_project/air_venv/lib/python3.12/site-packages/airflow/example_dags/example_inlet_event_extra.py took 0.663 seconds
[2025-02-11T09:05:14.169+0600] {processor.py:186} INFO - Started process (PID=7144) to work on /home/shamim/airflow_git/Airflow_project/air_venv/lib/python3.12/site-packages/airflow/example_dags/example_inlet_event_extra.py
[2025-02-11T09:05:14.175+0600] {processor.py:914} INFO - Processing file /home/shamim/airflow_git/Airflow_project/air_venv/lib/python3.12/site-packages/airflow/example_dags/example_inlet_event_extra.py for tasks to queue
[2025-02-11T09:05:14.177+0600] {logging_mixin.py:190} INFO - [2025-02-11T09:05:14.177+0600] {dagbag.py:588} INFO - Filling up the DagBag from /home/shamim/airflow_git/Airflow_project/air_venv/lib/python3.12/site-packages/airflow/example_dags/example_inlet_event_extra.py
[2025-02-11T09:05:14.697+0600] {processor.py:925} INFO - DAG(s) 'read_dataset_event', 'read_dataset_event_from_classic' retrieved from /home/shamim/airflow_git/Airflow_project/air_venv/lib/python3.12/site-packages/airflow/example_dags/example_inlet_event_extra.py
[2025-02-11T09:05:14.711+0600] {logging_mixin.py:190} INFO - [2025-02-11T09:05:14.711+0600] {dag.py:3239} INFO - Sync 2 DAGs
[2025-02-11T09:05:14.734+0600] {logging_mixin.py:190} INFO - [2025-02-11T09:05:14.734+0600] {dag.py:4180} INFO - Setting next_dagrun for read_dataset_event to 2025-02-10 00:00:00+00:00, run_after=2025-02-11 00:00:00+00:00
[2025-02-11T09:05:14.739+0600] {logging_mixin.py:190} INFO - [2025-02-11T09:05:14.739+0600] {dag.py:4180} INFO - Setting next_dagrun for read_dataset_event_from_classic to 2025-02-10 00:00:00+00:00, run_after=2025-02-11 00:00:00+00:00
[2025-02-11T09:05:14.768+0600] {processor.py:208} INFO - Processing /home/shamim/airflow_git/Airflow_project/air_venv/lib/python3.12/site-packages/airflow/example_dags/example_inlet_event_extra.py took 0.607 seconds
[2025-02-11T09:06:34.270+0600] {processor.py:186} INFO - Started process (PID=7502) to work on /home/shamim/airflow_git/Airflow_project/air_venv/lib/python3.12/site-packages/airflow/example_dags/example_inlet_event_extra.py
[2025-02-11T09:06:34.276+0600] {processor.py:914} INFO - Processing file /home/shamim/airflow_git/Airflow_project/air_venv/lib/python3.12/site-packages/airflow/example_dags/example_inlet_event_extra.py for tasks to queue
[2025-02-11T09:06:34.277+0600] {logging_mixin.py:190} INFO - [2025-02-11T09:06:34.277+0600] {dagbag.py:588} INFO - Filling up the DagBag from /home/shamim/airflow_git/Airflow_project/air_venv/lib/python3.12/site-packages/airflow/example_dags/example_inlet_event_extra.py
[2025-02-11T09:06:34.905+0600] {processor.py:925} INFO - DAG(s) 'read_dataset_event', 'read_dataset_event_from_classic' retrieved from /home/shamim/airflow_git/Airflow_project/air_venv/lib/python3.12/site-packages/airflow/example_dags/example_inlet_event_extra.py
[2025-02-11T09:06:34.921+0600] {logging_mixin.py:190} INFO - [2025-02-11T09:06:34.921+0600] {dag.py:3239} INFO - Sync 2 DAGs
[2025-02-11T09:06:34.944+0600] {logging_mixin.py:190} INFO - [2025-02-11T09:06:34.944+0600] {dag.py:4180} INFO - Setting next_dagrun for read_dataset_event to 2025-02-10 00:00:00+00:00, run_after=2025-02-11 00:00:00+00:00
[2025-02-11T09:06:34.949+0600] {logging_mixin.py:190} INFO - [2025-02-11T09:06:34.949+0600] {dag.py:4180} INFO - Setting next_dagrun for read_dataset_event_from_classic to 2025-02-10 00:00:00+00:00, run_after=2025-02-11 00:00:00+00:00
[2025-02-11T09:06:34.976+0600] {processor.py:208} INFO - Processing /home/shamim/airflow_git/Airflow_project/air_venv/lib/python3.12/site-packages/airflow/example_dags/example_inlet_event_extra.py took 0.716 seconds
[2025-02-11T09:07:57.160+0600] {processor.py:186} INFO - Started process (PID=8015) to work on /home/shamim/airflow_git/Airflow_project/air_venv/lib/python3.12/site-packages/airflow/example_dags/example_inlet_event_extra.py
[2025-02-11T09:07:57.166+0600] {processor.py:914} INFO - Processing file /home/shamim/airflow_git/Airflow_project/air_venv/lib/python3.12/site-packages/airflow/example_dags/example_inlet_event_extra.py for tasks to queue
[2025-02-11T09:07:57.167+0600] {logging_mixin.py:190} INFO - [2025-02-11T09:07:57.167+0600] {dagbag.py:588} INFO - Filling up the DagBag from /home/shamim/airflow_git/Airflow_project/air_venv/lib/python3.12/site-packages/airflow/example_dags/example_inlet_event_extra.py
[2025-02-11T09:07:57.808+0600] {processor.py:925} INFO - DAG(s) 'read_dataset_event', 'read_dataset_event_from_classic' retrieved from /home/shamim/airflow_git/Airflow_project/air_venv/lib/python3.12/site-packages/airflow/example_dags/example_inlet_event_extra.py
[2025-02-11T09:07:57.833+0600] {logging_mixin.py:190} INFO - [2025-02-11T09:07:57.832+0600] {dag.py:3239} INFO - Sync 2 DAGs
[2025-02-11T09:07:57.859+0600] {logging_mixin.py:190} INFO - [2025-02-11T09:07:57.859+0600] {dag.py:4180} INFO - Setting next_dagrun for read_dataset_event to 2025-02-10 00:00:00+00:00, run_after=2025-02-11 00:00:00+00:00
[2025-02-11T09:07:57.866+0600] {logging_mixin.py:190} INFO - [2025-02-11T09:07:57.866+0600] {dag.py:4180} INFO - Setting next_dagrun for read_dataset_event_from_classic to 2025-02-10 00:00:00+00:00, run_after=2025-02-11 00:00:00+00:00
[2025-02-11T09:07:57.905+0600] {processor.py:208} INFO - Processing /home/shamim/airflow_git/Airflow_project/air_venv/lib/python3.12/site-packages/airflow/example_dags/example_inlet_event_extra.py took 0.752 seconds
[2025-02-11T09:09:24.878+0600] {processor.py:186} INFO - Started process (PID=8540) to work on /home/shamim/airflow_git/Airflow_project/air_venv/lib/python3.12/site-packages/airflow/example_dags/example_inlet_event_extra.py
[2025-02-11T09:09:24.886+0600] {processor.py:914} INFO - Processing file /home/shamim/airflow_git/Airflow_project/air_venv/lib/python3.12/site-packages/airflow/example_dags/example_inlet_event_extra.py for tasks to queue
[2025-02-11T09:09:24.887+0600] {logging_mixin.py:190} INFO - [2025-02-11T09:09:24.887+0600] {dagbag.py:588} INFO - Filling up the DagBag from /home/shamim/airflow_git/Airflow_project/air_venv/lib/python3.12/site-packages/airflow/example_dags/example_inlet_event_extra.py
[2025-02-11T09:09:25.505+0600] {processor.py:925} INFO - DAG(s) 'read_dataset_event_from_classic', 'read_dataset_event' retrieved from /home/shamim/airflow_git/Airflow_project/air_venv/lib/python3.12/site-packages/airflow/example_dags/example_inlet_event_extra.py
[2025-02-11T09:09:25.520+0600] {logging_mixin.py:190} INFO - [2025-02-11T09:09:25.519+0600] {dag.py:3239} INFO - Sync 2 DAGs
[2025-02-11T09:09:25.541+0600] {logging_mixin.py:190} INFO - [2025-02-11T09:09:25.541+0600] {dag.py:4180} INFO - Setting next_dagrun for read_dataset_event to 2025-02-10 00:00:00+00:00, run_after=2025-02-11 00:00:00+00:00
[2025-02-11T09:09:25.546+0600] {logging_mixin.py:190} INFO - [2025-02-11T09:09:25.546+0600] {dag.py:4180} INFO - Setting next_dagrun for read_dataset_event_from_classic to 2025-02-10 00:00:00+00:00, run_after=2025-02-11 00:00:00+00:00
[2025-02-11T09:09:25.580+0600] {processor.py:208} INFO - Processing /home/shamim/airflow_git/Airflow_project/air_venv/lib/python3.12/site-packages/airflow/example_dags/example_inlet_event_extra.py took 0.715 seconds
[2025-02-11T09:10:45.613+0600] {processor.py:186} INFO - Started process (PID=9017) to work on /home/shamim/airflow_git/Airflow_project/air_venv/lib/python3.12/site-packages/airflow/example_dags/example_inlet_event_extra.py
[2025-02-11T09:10:45.617+0600] {processor.py:914} INFO - Processing file /home/shamim/airflow_git/Airflow_project/air_venv/lib/python3.12/site-packages/airflow/example_dags/example_inlet_event_extra.py for tasks to queue
[2025-02-11T09:10:45.619+0600] {logging_mixin.py:190} INFO - [2025-02-11T09:10:45.618+0600] {dagbag.py:588} INFO - Filling up the DagBag from /home/shamim/airflow_git/Airflow_project/air_venv/lib/python3.12/site-packages/airflow/example_dags/example_inlet_event_extra.py
[2025-02-11T09:10:46.180+0600] {processor.py:925} INFO - DAG(s) 'read_dataset_event_from_classic', 'read_dataset_event' retrieved from /home/shamim/airflow_git/Airflow_project/air_venv/lib/python3.12/site-packages/airflow/example_dags/example_inlet_event_extra.py
[2025-02-11T09:10:46.195+0600] {logging_mixin.py:190} INFO - [2025-02-11T09:10:46.195+0600] {dag.py:3239} INFO - Sync 2 DAGs
[2025-02-11T09:10:46.217+0600] {logging_mixin.py:190} INFO - [2025-02-11T09:10:46.217+0600] {dag.py:4180} INFO - Setting next_dagrun for read_dataset_event to 2025-02-10 00:00:00+00:00, run_after=2025-02-11 00:00:00+00:00
[2025-02-11T09:10:46.222+0600] {logging_mixin.py:190} INFO - [2025-02-11T09:10:46.222+0600] {dag.py:4180} INFO - Setting next_dagrun for read_dataset_event_from_classic to 2025-02-10 00:00:00+00:00, run_after=2025-02-11 00:00:00+00:00
[2025-02-11T09:10:46.252+0600] {processor.py:208} INFO - Processing /home/shamim/airflow_git/Airflow_project/air_venv/lib/python3.12/site-packages/airflow/example_dags/example_inlet_event_extra.py took 0.650 seconds
[2025-02-11T09:12:08.255+0600] {processor.py:186} INFO - Started process (PID=9515) to work on /home/shamim/airflow_git/Airflow_project/air_venv/lib/python3.12/site-packages/airflow/example_dags/example_inlet_event_extra.py
[2025-02-11T09:12:08.261+0600] {processor.py:914} INFO - Processing file /home/shamim/airflow_git/Airflow_project/air_venv/lib/python3.12/site-packages/airflow/example_dags/example_inlet_event_extra.py for tasks to queue
[2025-02-11T09:12:08.264+0600] {logging_mixin.py:190} INFO - [2025-02-11T09:12:08.263+0600] {dagbag.py:588} INFO - Filling up the DagBag from /home/shamim/airflow_git/Airflow_project/air_venv/lib/python3.12/site-packages/airflow/example_dags/example_inlet_event_extra.py
[2025-02-11T09:12:08.875+0600] {processor.py:925} INFO - DAG(s) 'read_dataset_event_from_classic', 'read_dataset_event' retrieved from /home/shamim/airflow_git/Airflow_project/air_venv/lib/python3.12/site-packages/airflow/example_dags/example_inlet_event_extra.py
[2025-02-11T09:12:08.896+0600] {logging_mixin.py:190} INFO - [2025-02-11T09:12:08.896+0600] {dag.py:3239} INFO - Sync 2 DAGs
[2025-02-11T09:12:08.923+0600] {logging_mixin.py:190} INFO - [2025-02-11T09:12:08.923+0600] {dag.py:4180} INFO - Setting next_dagrun for read_dataset_event to 2025-02-10 00:00:00+00:00, run_after=2025-02-11 00:00:00+00:00
[2025-02-11T09:12:08.930+0600] {logging_mixin.py:190} INFO - [2025-02-11T09:12:08.929+0600] {dag.py:4180} INFO - Setting next_dagrun for read_dataset_event_from_classic to 2025-02-10 00:00:00+00:00, run_after=2025-02-11 00:00:00+00:00
[2025-02-11T09:12:08.957+0600] {processor.py:208} INFO - Processing /home/shamim/airflow_git/Airflow_project/air_venv/lib/python3.12/site-packages/airflow/example_dags/example_inlet_event_extra.py took 0.793 seconds
[2025-02-11T09:13:30.250+0600] {processor.py:186} INFO - Started process (PID=10044) to work on /home/shamim/airflow_git/Airflow_project/air_venv/lib/python3.12/site-packages/airflow/example_dags/example_inlet_event_extra.py
[2025-02-11T09:13:30.256+0600] {processor.py:914} INFO - Processing file /home/shamim/airflow_git/Airflow_project/air_venv/lib/python3.12/site-packages/airflow/example_dags/example_inlet_event_extra.py for tasks to queue
[2025-02-11T09:13:30.258+0600] {logging_mixin.py:190} INFO - [2025-02-11T09:13:30.257+0600] {dagbag.py:588} INFO - Filling up the DagBag from /home/shamim/airflow_git/Airflow_project/air_venv/lib/python3.12/site-packages/airflow/example_dags/example_inlet_event_extra.py
[2025-02-11T09:13:30.800+0600] {processor.py:925} INFO - DAG(s) 'read_dataset_event', 'read_dataset_event_from_classic' retrieved from /home/shamim/airflow_git/Airflow_project/air_venv/lib/python3.12/site-packages/airflow/example_dags/example_inlet_event_extra.py
[2025-02-11T09:13:30.816+0600] {logging_mixin.py:190} INFO - [2025-02-11T09:13:30.816+0600] {dag.py:3239} INFO - Sync 2 DAGs
[2025-02-11T09:13:30.840+0600] {logging_mixin.py:190} INFO - [2025-02-11T09:13:30.839+0600] {dag.py:4180} INFO - Setting next_dagrun for read_dataset_event to 2025-02-10 00:00:00+00:00, run_after=2025-02-11 00:00:00+00:00
[2025-02-11T09:13:30.847+0600] {logging_mixin.py:190} INFO - [2025-02-11T09:13:30.847+0600] {dag.py:4180} INFO - Setting next_dagrun for read_dataset_event_from_classic to 2025-02-10 00:00:00+00:00, run_after=2025-02-11 00:00:00+00:00
[2025-02-11T09:13:30.870+0600] {processor.py:208} INFO - Processing /home/shamim/airflow_git/Airflow_project/air_venv/lib/python3.12/site-packages/airflow/example_dags/example_inlet_event_extra.py took 0.627 seconds
