[2025-02-11T08:59:17.978+0600] {processor.py:186} INFO - Started process (PID=5600) to work on /home/shamim/airflow_git/Airflow_project/air_venv/lib/python3.12/site-packages/airflow/example_dags/example_trigger_controller_dag.py
[2025-02-11T08:59:17.979+0600] {processor.py:914} INFO - Processing file /home/shamim/airflow_git/Airflow_project/air_venv/lib/python3.12/site-packages/airflow/example_dags/example_trigger_controller_dag.py for tasks to queue
[2025-02-11T08:59:17.981+0600] {logging_mixin.py:190} INFO - [2025-02-11T08:59:17.981+0600] {dagbag.py:588} INFO - Filling up the DagBag from /home/shamim/airflow_git/Airflow_project/air_venv/lib/python3.12/site-packages/airflow/example_dags/example_trigger_controller_dag.py
[2025-02-11T08:59:17.989+0600] {processor.py:925} INFO - DAG(s) 'example_trigger_controller_dag' retrieved from /home/shamim/airflow_git/Airflow_project/air_venv/lib/python3.12/site-packages/airflow/example_dags/example_trigger_controller_dag.py
[2025-02-11T08:59:18.007+0600] {logging_mixin.py:190} INFO - [2025-02-11T08:59:18.007+0600] {dag.py:3239} INFO - Sync 1 DAGs
[2025-02-11T08:59:18.031+0600] {logging_mixin.py:190} INFO - [2025-02-11T08:59:18.031+0600] {dag.py:4180} INFO - Setting next_dagrun for example_trigger_controller_dag to 2021-01-01 00:00:00+00:00, run_after=2021-01-01 00:00:00+00:00
[2025-02-11T08:59:18.059+0600] {processor.py:208} INFO - Processing /home/shamim/airflow_git/Airflow_project/air_venv/lib/python3.12/site-packages/airflow/example_dags/example_trigger_controller_dag.py took 0.088 seconds
[2025-02-11T09:00:26.143+0600] {processor.py:186} INFO - Started process (PID=5799) to work on /home/shamim/airflow_git/Airflow_project/air_venv/lib/python3.12/site-packages/airflow/example_dags/example_trigger_controller_dag.py
[2025-02-11T09:00:26.145+0600] {processor.py:914} INFO - Processing file /home/shamim/airflow_git/Airflow_project/air_venv/lib/python3.12/site-packages/airflow/example_dags/example_trigger_controller_dag.py for tasks to queue
[2025-02-11T09:00:26.147+0600] {logging_mixin.py:190} INFO - [2025-02-11T09:00:26.146+0600] {dagbag.py:588} INFO - Filling up the DagBag from /home/shamim/airflow_git/Airflow_project/air_venv/lib/python3.12/site-packages/airflow/example_dags/example_trigger_controller_dag.py
[2025-02-11T09:00:26.155+0600] {processor.py:925} INFO - DAG(s) 'example_trigger_controller_dag' retrieved from /home/shamim/airflow_git/Airflow_project/air_venv/lib/python3.12/site-packages/airflow/example_dags/example_trigger_controller_dag.py
[2025-02-11T09:00:26.172+0600] {logging_mixin.py:190} INFO - [2025-02-11T09:00:26.171+0600] {dag.py:3239} INFO - Sync 1 DAGs
[2025-02-11T09:00:26.199+0600] {logging_mixin.py:190} INFO - [2025-02-11T09:00:26.198+0600] {dag.py:4180} INFO - Setting next_dagrun for example_trigger_controller_dag to 2021-01-01 00:00:00+00:00, run_after=2021-01-01 00:00:00+00:00
[2025-02-11T09:00:26.233+0600] {processor.py:208} INFO - Processing /home/shamim/airflow_git/Airflow_project/air_venv/lib/python3.12/site-packages/airflow/example_dags/example_trigger_controller_dag.py took 0.097 seconds
[2025-02-11T09:01:53.765+0600] {processor.py:186} INFO - Started process (PID=6165) to work on /home/shamim/airflow_git/Airflow_project/air_venv/lib/python3.12/site-packages/airflow/example_dags/example_trigger_controller_dag.py
[2025-02-11T09:01:53.771+0600] {processor.py:914} INFO - Processing file /home/shamim/airflow_git/Airflow_project/air_venv/lib/python3.12/site-packages/airflow/example_dags/example_trigger_controller_dag.py for tasks to queue
[2025-02-11T09:01:53.774+0600] {logging_mixin.py:190} INFO - [2025-02-11T09:01:53.774+0600] {dagbag.py:588} INFO - Filling up the DagBag from /home/shamim/airflow_git/Airflow_project/air_venv/lib/python3.12/site-packages/airflow/example_dags/example_trigger_controller_dag.py
[2025-02-11T09:01:53.782+0600] {processor.py:925} INFO - DAG(s) 'example_trigger_controller_dag' retrieved from /home/shamim/airflow_git/Airflow_project/air_venv/lib/python3.12/site-packages/airflow/example_dags/example_trigger_controller_dag.py
[2025-02-11T09:01:53.798+0600] {logging_mixin.py:190} INFO - [2025-02-11T09:01:53.798+0600] {dag.py:3239} INFO - Sync 1 DAGs
[2025-02-11T09:01:53.822+0600] {logging_mixin.py:190} INFO - [2025-02-11T09:01:53.821+0600] {dag.py:4180} INFO - Setting next_dagrun for example_trigger_controller_dag to 2021-01-01 00:00:00+00:00, run_after=2021-01-01 00:00:00+00:00
[2025-02-11T09:01:53.856+0600] {processor.py:208} INFO - Processing /home/shamim/airflow_git/Airflow_project/air_venv/lib/python3.12/site-packages/airflow/example_dags/example_trigger_controller_dag.py took 0.097 seconds
[2025-02-11T09:03:16.603+0600] {processor.py:186} INFO - Started process (PID=6642) to work on /home/shamim/airflow_git/Airflow_project/air_venv/lib/python3.12/site-packages/airflow/example_dags/example_trigger_controller_dag.py
[2025-02-11T09:03:16.608+0600] {processor.py:914} INFO - Processing file /home/shamim/airflow_git/Airflow_project/air_venv/lib/python3.12/site-packages/airflow/example_dags/example_trigger_controller_dag.py for tasks to queue
[2025-02-11T09:03:16.611+0600] {logging_mixin.py:190} INFO - [2025-02-11T09:03:16.611+0600] {dagbag.py:588} INFO - Filling up the DagBag from /home/shamim/airflow_git/Airflow_project/air_venv/lib/python3.12/site-packages/airflow/example_dags/example_trigger_controller_dag.py
[2025-02-11T09:03:16.620+0600] {processor.py:925} INFO - DAG(s) 'example_trigger_controller_dag' retrieved from /home/shamim/airflow_git/Airflow_project/air_venv/lib/python3.12/site-packages/airflow/example_dags/example_trigger_controller_dag.py
[2025-02-11T09:03:16.639+0600] {logging_mixin.py:190} INFO - [2025-02-11T09:03:16.639+0600] {dag.py:3239} INFO - Sync 1 DAGs
[2025-02-11T09:03:16.665+0600] {logging_mixin.py:190} INFO - [2025-02-11T09:03:16.665+0600] {dag.py:4180} INFO - Setting next_dagrun for example_trigger_controller_dag to 2021-01-01 00:00:00+00:00, run_after=2021-01-01 00:00:00+00:00
[2025-02-11T09:03:16.692+0600] {processor.py:208} INFO - Processing /home/shamim/airflow_git/Airflow_project/air_venv/lib/python3.12/site-packages/airflow/example_dags/example_trigger_controller_dag.py took 0.098 seconds
[2025-02-11T09:04:33.613+0600] {processor.py:186} INFO - Started process (PID=6938) to work on /home/shamim/airflow_git/Airflow_project/air_venv/lib/python3.12/site-packages/airflow/example_dags/example_trigger_controller_dag.py
[2025-02-11T09:04:33.620+0600] {processor.py:914} INFO - Processing file /home/shamim/airflow_git/Airflow_project/air_venv/lib/python3.12/site-packages/airflow/example_dags/example_trigger_controller_dag.py for tasks to queue
[2025-02-11T09:04:33.621+0600] {logging_mixin.py:190} INFO - [2025-02-11T09:04:33.621+0600] {dagbag.py:588} INFO - Filling up the DagBag from /home/shamim/airflow_git/Airflow_project/air_venv/lib/python3.12/site-packages/airflow/example_dags/example_trigger_controller_dag.py
[2025-02-11T09:04:33.630+0600] {processor.py:925} INFO - DAG(s) 'example_trigger_controller_dag' retrieved from /home/shamim/airflow_git/Airflow_project/air_venv/lib/python3.12/site-packages/airflow/example_dags/example_trigger_controller_dag.py
[2025-02-11T09:04:33.647+0600] {logging_mixin.py:190} INFO - [2025-02-11T09:04:33.647+0600] {dag.py:3239} INFO - Sync 1 DAGs
[2025-02-11T09:04:33.674+0600] {logging_mixin.py:190} INFO - [2025-02-11T09:04:33.674+0600] {dag.py:4180} INFO - Setting next_dagrun for example_trigger_controller_dag to 2021-01-01 00:00:00+00:00, run_after=2021-01-01 00:00:00+00:00
[2025-02-11T09:04:33.696+0600] {processor.py:208} INFO - Processing /home/shamim/airflow_git/Airflow_project/air_venv/lib/python3.12/site-packages/airflow/example_dags/example_trigger_controller_dag.py took 0.090 seconds
[2025-02-11T09:05:51.752+0600] {processor.py:186} INFO - Started process (PID=7299) to work on /home/shamim/airflow_git/Airflow_project/air_venv/lib/python3.12/site-packages/airflow/example_dags/example_trigger_controller_dag.py
[2025-02-11T09:05:51.759+0600] {processor.py:914} INFO - Processing file /home/shamim/airflow_git/Airflow_project/air_venv/lib/python3.12/site-packages/airflow/example_dags/example_trigger_controller_dag.py for tasks to queue
[2025-02-11T09:05:51.761+0600] {logging_mixin.py:190} INFO - [2025-02-11T09:05:51.760+0600] {dagbag.py:588} INFO - Filling up the DagBag from /home/shamim/airflow_git/Airflow_project/air_venv/lib/python3.12/site-packages/airflow/example_dags/example_trigger_controller_dag.py
[2025-02-11T09:05:51.772+0600] {processor.py:925} INFO - DAG(s) 'example_trigger_controller_dag' retrieved from /home/shamim/airflow_git/Airflow_project/air_venv/lib/python3.12/site-packages/airflow/example_dags/example_trigger_controller_dag.py
[2025-02-11T09:05:51.791+0600] {logging_mixin.py:190} INFO - [2025-02-11T09:05:51.791+0600] {dag.py:3239} INFO - Sync 1 DAGs
[2025-02-11T09:05:51.815+0600] {logging_mixin.py:190} INFO - [2025-02-11T09:05:51.815+0600] {dag.py:4180} INFO - Setting next_dagrun for example_trigger_controller_dag to 2021-01-01 00:00:00+00:00, run_after=2021-01-01 00:00:00+00:00
[2025-02-11T09:05:51.849+0600] {processor.py:208} INFO - Processing /home/shamim/airflow_git/Airflow_project/air_venv/lib/python3.12/site-packages/airflow/example_dags/example_trigger_controller_dag.py took 0.107 seconds
[2025-02-11T09:07:15.280+0600] {processor.py:186} INFO - Started process (PID=7741) to work on /home/shamim/airflow_git/Airflow_project/air_venv/lib/python3.12/site-packages/airflow/example_dags/example_trigger_controller_dag.py
[2025-02-11T09:07:15.286+0600] {processor.py:914} INFO - Processing file /home/shamim/airflow_git/Airflow_project/air_venv/lib/python3.12/site-packages/airflow/example_dags/example_trigger_controller_dag.py for tasks to queue
[2025-02-11T09:07:15.288+0600] {logging_mixin.py:190} INFO - [2025-02-11T09:07:15.287+0600] {dagbag.py:588} INFO - Filling up the DagBag from /home/shamim/airflow_git/Airflow_project/air_venv/lib/python3.12/site-packages/airflow/example_dags/example_trigger_controller_dag.py
[2025-02-11T09:07:15.296+0600] {processor.py:925} INFO - DAG(s) 'example_trigger_controller_dag' retrieved from /home/shamim/airflow_git/Airflow_project/air_venv/lib/python3.12/site-packages/airflow/example_dags/example_trigger_controller_dag.py
[2025-02-11T09:07:15.317+0600] {logging_mixin.py:190} INFO - [2025-02-11T09:07:15.316+0600] {dag.py:3239} INFO - Sync 1 DAGs
[2025-02-11T09:07:15.346+0600] {logging_mixin.py:190} INFO - [2025-02-11T09:07:15.345+0600] {dag.py:4180} INFO - Setting next_dagrun for example_trigger_controller_dag to 2021-01-01 00:00:00+00:00, run_after=2021-01-01 00:00:00+00:00
[2025-02-11T09:07:15.387+0600] {processor.py:208} INFO - Processing /home/shamim/airflow_git/Airflow_project/air_venv/lib/python3.12/site-packages/airflow/example_dags/example_trigger_controller_dag.py took 0.114 seconds
[2025-02-11T09:08:39.342+0600] {processor.py:186} INFO - Started process (PID=8274) to work on /home/shamim/airflow_git/Airflow_project/air_venv/lib/python3.12/site-packages/airflow/example_dags/example_trigger_controller_dag.py
[2025-02-11T09:08:39.348+0600] {processor.py:914} INFO - Processing file /home/shamim/airflow_git/Airflow_project/air_venv/lib/python3.12/site-packages/airflow/example_dags/example_trigger_controller_dag.py for tasks to queue
[2025-02-11T09:08:39.350+0600] {logging_mixin.py:190} INFO - [2025-02-11T09:08:39.349+0600] {dagbag.py:588} INFO - Filling up the DagBag from /home/shamim/airflow_git/Airflow_project/air_venv/lib/python3.12/site-packages/airflow/example_dags/example_trigger_controller_dag.py
[2025-02-11T09:08:39.361+0600] {processor.py:925} INFO - DAG(s) 'example_trigger_controller_dag' retrieved from /home/shamim/airflow_git/Airflow_project/air_venv/lib/python3.12/site-packages/airflow/example_dags/example_trigger_controller_dag.py
[2025-02-11T09:08:39.381+0600] {logging_mixin.py:190} INFO - [2025-02-11T09:08:39.380+0600] {dag.py:3239} INFO - Sync 1 DAGs
[2025-02-11T09:08:39.407+0600] {logging_mixin.py:190} INFO - [2025-02-11T09:08:39.406+0600] {dag.py:4180} INFO - Setting next_dagrun for example_trigger_controller_dag to 2021-01-01 00:00:00+00:00, run_after=2021-01-01 00:00:00+00:00
[2025-02-11T09:08:39.443+0600] {processor.py:208} INFO - Processing /home/shamim/airflow_git/Airflow_project/air_venv/lib/python3.12/site-packages/airflow/example_dags/example_trigger_controller_dag.py took 0.111 seconds
[2025-02-11T09:10:02.344+0600] {processor.py:186} INFO - Started process (PID=8754) to work on /home/shamim/airflow_git/Airflow_project/air_venv/lib/python3.12/site-packages/airflow/example_dags/example_trigger_controller_dag.py
[2025-02-11T09:10:02.351+0600] {processor.py:914} INFO - Processing file /home/shamim/airflow_git/Airflow_project/air_venv/lib/python3.12/site-packages/airflow/example_dags/example_trigger_controller_dag.py for tasks to queue
[2025-02-11T09:10:02.352+0600] {logging_mixin.py:190} INFO - [2025-02-11T09:10:02.352+0600] {dagbag.py:588} INFO - Filling up the DagBag from /home/shamim/airflow_git/Airflow_project/air_venv/lib/python3.12/site-packages/airflow/example_dags/example_trigger_controller_dag.py
[2025-02-11T09:10:02.361+0600] {processor.py:925} INFO - DAG(s) 'example_trigger_controller_dag' retrieved from /home/shamim/airflow_git/Airflow_project/air_venv/lib/python3.12/site-packages/airflow/example_dags/example_trigger_controller_dag.py
[2025-02-11T09:10:02.378+0600] {logging_mixin.py:190} INFO - [2025-02-11T09:10:02.378+0600] {dag.py:3239} INFO - Sync 1 DAGs
[2025-02-11T09:10:02.402+0600] {logging_mixin.py:190} INFO - [2025-02-11T09:10:02.402+0600] {dag.py:4180} INFO - Setting next_dagrun for example_trigger_controller_dag to 2021-01-01 00:00:00+00:00, run_after=2021-01-01 00:00:00+00:00
[2025-02-11T09:10:02.436+0600] {processor.py:208} INFO - Processing /home/shamim/airflow_git/Airflow_project/air_venv/lib/python3.12/site-packages/airflow/example_dags/example_trigger_controller_dag.py took 0.099 seconds
[2025-02-11T09:11:22.246+0600] {processor.py:186} INFO - Started process (PID=9248) to work on /home/shamim/airflow_git/Airflow_project/air_venv/lib/python3.12/site-packages/airflow/example_dags/example_trigger_controller_dag.py
[2025-02-11T09:11:22.248+0600] {processor.py:914} INFO - Processing file /home/shamim/airflow_git/Airflow_project/air_venv/lib/python3.12/site-packages/airflow/example_dags/example_trigger_controller_dag.py for tasks to queue
[2025-02-11T09:11:22.250+0600] {logging_mixin.py:190} INFO - [2025-02-11T09:11:22.249+0600] {dagbag.py:588} INFO - Filling up the DagBag from /home/shamim/airflow_git/Airflow_project/air_venv/lib/python3.12/site-packages/airflow/example_dags/example_trigger_controller_dag.py
[2025-02-11T09:11:22.262+0600] {processor.py:925} INFO - DAG(s) 'example_trigger_controller_dag' retrieved from /home/shamim/airflow_git/Airflow_project/air_venv/lib/python3.12/site-packages/airflow/example_dags/example_trigger_controller_dag.py
[2025-02-11T09:11:22.279+0600] {logging_mixin.py:190} INFO - [2025-02-11T09:11:22.279+0600] {dag.py:3239} INFO - Sync 1 DAGs
[2025-02-11T09:11:22.303+0600] {logging_mixin.py:190} INFO - [2025-02-11T09:11:22.303+0600] {dag.py:4180} INFO - Setting next_dagrun for example_trigger_controller_dag to 2021-01-01 00:00:00+00:00, run_after=2021-01-01 00:00:00+00:00
[2025-02-11T09:11:22.337+0600] {processor.py:208} INFO - Processing /home/shamim/airflow_git/Airflow_project/air_venv/lib/python3.12/site-packages/airflow/example_dags/example_trigger_controller_dag.py took 0.100 seconds
[2025-02-11T09:12:48.740+0600] {processor.py:186} INFO - Started process (PID=9816) to work on /home/shamim/airflow_git/Airflow_project/air_venv/lib/python3.12/site-packages/airflow/example_dags/example_trigger_controller_dag.py
[2025-02-11T09:12:48.747+0600] {processor.py:914} INFO - Processing file /home/shamim/airflow_git/Airflow_project/air_venv/lib/python3.12/site-packages/airflow/example_dags/example_trigger_controller_dag.py for tasks to queue
[2025-02-11T09:12:48.749+0600] {logging_mixin.py:190} INFO - [2025-02-11T09:12:48.749+0600] {dagbag.py:588} INFO - Filling up the DagBag from /home/shamim/airflow_git/Airflow_project/air_venv/lib/python3.12/site-packages/airflow/example_dags/example_trigger_controller_dag.py
[2025-02-11T09:12:48.762+0600] {processor.py:925} INFO - DAG(s) 'example_trigger_controller_dag' retrieved from /home/shamim/airflow_git/Airflow_project/air_venv/lib/python3.12/site-packages/airflow/example_dags/example_trigger_controller_dag.py
[2025-02-11T09:12:48.788+0600] {logging_mixin.py:190} INFO - [2025-02-11T09:12:48.787+0600] {dag.py:3239} INFO - Sync 1 DAGs
[2025-02-11T09:12:48.818+0600] {logging_mixin.py:190} INFO - [2025-02-11T09:12:48.818+0600] {dag.py:4180} INFO - Setting next_dagrun for example_trigger_controller_dag to 2021-01-01 00:00:00+00:00, run_after=2021-01-01 00:00:00+00:00
[2025-02-11T09:12:48.849+0600] {processor.py:208} INFO - Processing /home/shamim/airflow_git/Airflow_project/air_venv/lib/python3.12/site-packages/airflow/example_dags/example_trigger_controller_dag.py took 0.118 seconds
