[2025-02-11T08:59:53.040+0600] {processor.py:186} INFO - Started process (PID=5744) to work on /home/shamim/airflow_git/Airflow_project/air_venv/lib/python3.12/site-packages/airflow/example_dags/example_dataset_alias_with_no_taskflow.py
[2025-02-11T08:59:53.042+0600] {processor.py:914} INFO - Processing file /home/shamim/airflow_git/Airflow_project/air_venv/lib/python3.12/site-packages/airflow/example_dags/example_dataset_alias_with_no_taskflow.py for tasks to queue
[2025-02-11T08:59:53.046+0600] {logging_mixin.py:190} INFO - [2025-02-11T08:59:53.045+0600] {dagbag.py:588} INFO - Filling up the DagBag from /home/shamim/airflow_git/Airflow_project/air_venv/lib/python3.12/site-packages/airflow/example_dags/example_dataset_alias_with_no_taskflow.py
[2025-02-11T08:59:53.971+0600] {processor.py:925} INFO - DAG(s) 'dataset_alias_example_alias_producer_with_no_taskflow', 'dataset_alias_example_alias_consumer_with_no_taskflow', 'dataset_s3_bucket_producer_with_no_taskflow', 'dataset_s3_bucket_consumer_with_no_taskflow' retrieved from /home/shamim/airflow_git/Airflow_project/air_venv/lib/python3.12/site-packages/airflow/example_dags/example_dataset_alias_with_no_taskflow.py
[2025-02-11T08:59:54.070+0600] {logging_mixin.py:190} INFO - [2025-02-11T08:59:54.068+0600] {dag.py:3239} INFO - Sync 4 DAGs
[2025-02-11T08:59:54.145+0600] {logging_mixin.py:190} INFO - [2025-02-11T08:59:54.145+0600] {dag.py:4180} INFO - Setting next_dagrun for dataset_alias_example_alias_consumer_with_no_taskflow to None, run_after=None
[2025-02-11T08:59:54.154+0600] {logging_mixin.py:190} INFO - [2025-02-11T08:59:54.154+0600] {dag.py:4180} INFO - Setting next_dagrun for dataset_alias_example_alias_producer_with_no_taskflow to None, run_after=None
[2025-02-11T08:59:54.156+0600] {logging_mixin.py:190} INFO - [2025-02-11T08:59:54.156+0600] {dag.py:4180} INFO - Setting next_dagrun for dataset_s3_bucket_consumer_with_no_taskflow to None, run_after=None
[2025-02-11T08:59:54.159+0600] {logging_mixin.py:190} INFO - [2025-02-11T08:59:54.158+0600] {dag.py:4180} INFO - Setting next_dagrun for dataset_s3_bucket_producer_with_no_taskflow to None, run_after=None
[2025-02-11T08:59:54.206+0600] {processor.py:208} INFO - Processing /home/shamim/airflow_git/Airflow_project/air_venv/lib/python3.12/site-packages/airflow/example_dags/example_dataset_alias_with_no_taskflow.py took 1.177 seconds
[2025-02-11T09:01:16.998+0600] {processor.py:186} INFO - Started process (PID=5966) to work on /home/shamim/airflow_git/Airflow_project/air_venv/lib/python3.12/site-packages/airflow/example_dags/example_dataset_alias_with_no_taskflow.py
[2025-02-11T09:01:17.005+0600] {processor.py:914} INFO - Processing file /home/shamim/airflow_git/Airflow_project/air_venv/lib/python3.12/site-packages/airflow/example_dags/example_dataset_alias_with_no_taskflow.py for tasks to queue
[2025-02-11T09:01:17.010+0600] {logging_mixin.py:190} INFO - [2025-02-11T09:01:17.009+0600] {dagbag.py:588} INFO - Filling up the DagBag from /home/shamim/airflow_git/Airflow_project/air_venv/lib/python3.12/site-packages/airflow/example_dags/example_dataset_alias_with_no_taskflow.py
[2025-02-11T09:01:17.700+0600] {processor.py:925} INFO - DAG(s) 'dataset_alias_example_alias_consumer_with_no_taskflow', 'dataset_alias_example_alias_producer_with_no_taskflow', 'dataset_s3_bucket_producer_with_no_taskflow', 'dataset_s3_bucket_consumer_with_no_taskflow' retrieved from /home/shamim/airflow_git/Airflow_project/air_venv/lib/python3.12/site-packages/airflow/example_dags/example_dataset_alias_with_no_taskflow.py
[2025-02-11T09:01:17.726+0600] {logging_mixin.py:190} INFO - [2025-02-11T09:01:17.725+0600] {dag.py:3239} INFO - Sync 4 DAGs
[2025-02-11T09:01:17.748+0600] {logging_mixin.py:190} INFO - [2025-02-11T09:01:17.748+0600] {dag.py:4180} INFO - Setting next_dagrun for dataset_alias_example_alias_consumer_with_no_taskflow to None, run_after=None
[2025-02-11T09:01:17.753+0600] {logging_mixin.py:190} INFO - [2025-02-11T09:01:17.752+0600] {dag.py:4180} INFO - Setting next_dagrun for dataset_alias_example_alias_producer_with_no_taskflow to None, run_after=None
[2025-02-11T09:01:17.754+0600] {logging_mixin.py:190} INFO - [2025-02-11T09:01:17.754+0600] {dag.py:4180} INFO - Setting next_dagrun for dataset_s3_bucket_consumer_with_no_taskflow to None, run_after=None
[2025-02-11T09:01:17.755+0600] {logging_mixin.py:190} INFO - [2025-02-11T09:01:17.755+0600] {dag.py:4180} INFO - Setting next_dagrun for dataset_s3_bucket_producer_with_no_taskflow to None, run_after=None
[2025-02-11T09:01:17.805+0600] {processor.py:208} INFO - Processing /home/shamim/airflow_git/Airflow_project/air_venv/lib/python3.12/site-packages/airflow/example_dags/example_dataset_alias_with_no_taskflow.py took 0.819 seconds
[2025-02-11T09:02:42.561+0600] {processor.py:186} INFO - Started process (PID=6422) to work on /home/shamim/airflow_git/Airflow_project/air_venv/lib/python3.12/site-packages/airflow/example_dags/example_dataset_alias_with_no_taskflow.py
[2025-02-11T09:02:42.563+0600] {processor.py:914} INFO - Processing file /home/shamim/airflow_git/Airflow_project/air_venv/lib/python3.12/site-packages/airflow/example_dags/example_dataset_alias_with_no_taskflow.py for tasks to queue
[2025-02-11T09:02:42.567+0600] {logging_mixin.py:190} INFO - [2025-02-11T09:02:42.566+0600] {dagbag.py:588} INFO - Filling up the DagBag from /home/shamim/airflow_git/Airflow_project/air_venv/lib/python3.12/site-packages/airflow/example_dags/example_dataset_alias_with_no_taskflow.py
[2025-02-11T09:02:43.342+0600] {processor.py:925} INFO - DAG(s) 'dataset_alias_example_alias_producer_with_no_taskflow', 'dataset_alias_example_alias_consumer_with_no_taskflow', 'dataset_s3_bucket_producer_with_no_taskflow', 'dataset_s3_bucket_consumer_with_no_taskflow' retrieved from /home/shamim/airflow_git/Airflow_project/air_venv/lib/python3.12/site-packages/airflow/example_dags/example_dataset_alias_with_no_taskflow.py
[2025-02-11T09:02:43.364+0600] {logging_mixin.py:190} INFO - [2025-02-11T09:02:43.364+0600] {dag.py:3239} INFO - Sync 4 DAGs
[2025-02-11T09:02:43.387+0600] {logging_mixin.py:190} INFO - [2025-02-11T09:02:43.387+0600] {dag.py:4180} INFO - Setting next_dagrun for dataset_alias_example_alias_consumer_with_no_taskflow to None, run_after=None
[2025-02-11T09:02:43.389+0600] {logging_mixin.py:190} INFO - [2025-02-11T09:02:43.389+0600] {dag.py:4180} INFO - Setting next_dagrun for dataset_alias_example_alias_producer_with_no_taskflow to None, run_after=None
[2025-02-11T09:02:43.391+0600] {logging_mixin.py:190} INFO - [2025-02-11T09:02:43.390+0600] {dag.py:4180} INFO - Setting next_dagrun for dataset_s3_bucket_consumer_with_no_taskflow to None, run_after=None
[2025-02-11T09:02:43.392+0600] {logging_mixin.py:190} INFO - [2025-02-11T09:02:43.392+0600] {dag.py:4180} INFO - Setting next_dagrun for dataset_s3_bucket_producer_with_no_taskflow to None, run_after=None
[2025-02-11T09:02:44.223+0600] {processor.py:208} INFO - Processing /home/shamim/airflow_git/Airflow_project/air_venv/lib/python3.12/site-packages/airflow/example_dags/example_dataset_alias_with_no_taskflow.py took 1.674 seconds
[2025-02-11T09:04:06.484+0600] {processor.py:186} INFO - Started process (PID=6874) to work on /home/shamim/airflow_git/Airflow_project/air_venv/lib/python3.12/site-packages/airflow/example_dags/example_dataset_alias_with_no_taskflow.py
[2025-02-11T09:04:06.491+0600] {processor.py:914} INFO - Processing file /home/shamim/airflow_git/Airflow_project/air_venv/lib/python3.12/site-packages/airflow/example_dags/example_dataset_alias_with_no_taskflow.py for tasks to queue
[2025-02-11T09:04:06.492+0600] {logging_mixin.py:190} INFO - [2025-02-11T09:04:06.492+0600] {dagbag.py:588} INFO - Filling up the DagBag from /home/shamim/airflow_git/Airflow_project/air_venv/lib/python3.12/site-packages/airflow/example_dags/example_dataset_alias_with_no_taskflow.py
[2025-02-11T09:04:07.207+0600] {processor.py:925} INFO - DAG(s) 'dataset_s3_bucket_producer_with_no_taskflow', 'dataset_alias_example_alias_consumer_with_no_taskflow', 'dataset_s3_bucket_consumer_with_no_taskflow', 'dataset_alias_example_alias_producer_with_no_taskflow' retrieved from /home/shamim/airflow_git/Airflow_project/air_venv/lib/python3.12/site-packages/airflow/example_dags/example_dataset_alias_with_no_taskflow.py
[2025-02-11T09:04:07.250+0600] {logging_mixin.py:190} INFO - [2025-02-11T09:04:07.249+0600] {dag.py:3239} INFO - Sync 4 DAGs
[2025-02-11T09:04:07.292+0600] {logging_mixin.py:190} INFO - [2025-02-11T09:04:07.291+0600] {dag.py:4180} INFO - Setting next_dagrun for dataset_alias_example_alias_consumer_with_no_taskflow to None, run_after=None
[2025-02-11T09:04:07.298+0600] {logging_mixin.py:190} INFO - [2025-02-11T09:04:07.298+0600] {dag.py:4180} INFO - Setting next_dagrun for dataset_alias_example_alias_producer_with_no_taskflow to None, run_after=None
[2025-02-11T09:04:07.299+0600] {logging_mixin.py:190} INFO - [2025-02-11T09:04:07.299+0600] {dag.py:4180} INFO - Setting next_dagrun for dataset_s3_bucket_consumer_with_no_taskflow to None, run_after=None
[2025-02-11T09:04:07.301+0600] {logging_mixin.py:190} INFO - [2025-02-11T09:04:07.300+0600] {dag.py:4180} INFO - Setting next_dagrun for dataset_s3_bucket_producer_with_no_taskflow to None, run_after=None
[2025-02-11T09:04:07.330+0600] {processor.py:208} INFO - Processing /home/shamim/airflow_git/Airflow_project/air_venv/lib/python3.12/site-packages/airflow/example_dags/example_dataset_alias_with_no_taskflow.py took 0.855 seconds
[2025-02-11T09:05:22.291+0600] {processor.py:186} INFO - Started process (PID=7202) to work on /home/shamim/airflow_git/Airflow_project/air_venv/lib/python3.12/site-packages/airflow/example_dags/example_dataset_alias_with_no_taskflow.py
[2025-02-11T09:05:22.297+0600] {processor.py:914} INFO - Processing file /home/shamim/airflow_git/Airflow_project/air_venv/lib/python3.12/site-packages/airflow/example_dags/example_dataset_alias_with_no_taskflow.py for tasks to queue
[2025-02-11T09:05:22.299+0600] {logging_mixin.py:190} INFO - [2025-02-11T09:05:22.298+0600] {dagbag.py:588} INFO - Filling up the DagBag from /home/shamim/airflow_git/Airflow_project/air_venv/lib/python3.12/site-packages/airflow/example_dags/example_dataset_alias_with_no_taskflow.py
[2025-02-11T09:05:22.832+0600] {processor.py:925} INFO - DAG(s) 'dataset_s3_bucket_consumer_with_no_taskflow', 'dataset_alias_example_alias_producer_with_no_taskflow', 'dataset_alias_example_alias_consumer_with_no_taskflow', 'dataset_s3_bucket_producer_with_no_taskflow' retrieved from /home/shamim/airflow_git/Airflow_project/air_venv/lib/python3.12/site-packages/airflow/example_dags/example_dataset_alias_with_no_taskflow.py
[2025-02-11T09:05:22.853+0600] {logging_mixin.py:190} INFO - [2025-02-11T09:05:22.852+0600] {dag.py:3239} INFO - Sync 4 DAGs
[2025-02-11T09:05:22.873+0600] {logging_mixin.py:190} INFO - [2025-02-11T09:05:22.872+0600] {dag.py:4180} INFO - Setting next_dagrun for dataset_alias_example_alias_consumer_with_no_taskflow to None, run_after=None
[2025-02-11T09:05:22.877+0600] {logging_mixin.py:190} INFO - [2025-02-11T09:05:22.877+0600] {dag.py:4180} INFO - Setting next_dagrun for dataset_alias_example_alias_producer_with_no_taskflow to None, run_after=None
[2025-02-11T09:05:22.878+0600] {logging_mixin.py:190} INFO - [2025-02-11T09:05:22.878+0600] {dag.py:4180} INFO - Setting next_dagrun for dataset_s3_bucket_consumer_with_no_taskflow to None, run_after=None
[2025-02-11T09:05:22.879+0600] {logging_mixin.py:190} INFO - [2025-02-11T09:05:22.879+0600] {dag.py:4180} INFO - Setting next_dagrun for dataset_s3_bucket_producer_with_no_taskflow to None, run_after=None
[2025-02-11T09:05:22.907+0600] {processor.py:208} INFO - Processing /home/shamim/airflow_git/Airflow_project/air_venv/lib/python3.12/site-packages/airflow/example_dags/example_dataset_alias_with_no_taskflow.py took 0.623 seconds
[2025-02-11T09:06:42.154+0600] {processor.py:186} INFO - Started process (PID=7559) to work on /home/shamim/airflow_git/Airflow_project/air_venv/lib/python3.12/site-packages/airflow/example_dags/example_dataset_alias_with_no_taskflow.py
[2025-02-11T09:06:42.162+0600] {processor.py:914} INFO - Processing file /home/shamim/airflow_git/Airflow_project/air_venv/lib/python3.12/site-packages/airflow/example_dags/example_dataset_alias_with_no_taskflow.py for tasks to queue
[2025-02-11T09:06:42.171+0600] {logging_mixin.py:190} INFO - [2025-02-11T09:06:42.164+0600] {dagbag.py:588} INFO - Filling up the DagBag from /home/shamim/airflow_git/Airflow_project/air_venv/lib/python3.12/site-packages/airflow/example_dags/example_dataset_alias_with_no_taskflow.py
[2025-02-11T09:06:43.257+0600] {processor.py:925} INFO - DAG(s) 'dataset_alias_example_alias_consumer_with_no_taskflow', 'dataset_alias_example_alias_producer_with_no_taskflow', 'dataset_s3_bucket_producer_with_no_taskflow', 'dataset_s3_bucket_consumer_with_no_taskflow' retrieved from /home/shamim/airflow_git/Airflow_project/air_venv/lib/python3.12/site-packages/airflow/example_dags/example_dataset_alias_with_no_taskflow.py
[2025-02-11T09:06:43.283+0600] {logging_mixin.py:190} INFO - [2025-02-11T09:06:43.283+0600] {dag.py:3239} INFO - Sync 4 DAGs
[2025-02-11T09:06:43.309+0600] {logging_mixin.py:190} INFO - [2025-02-11T09:06:43.309+0600] {dag.py:4180} INFO - Setting next_dagrun for dataset_alias_example_alias_consumer_with_no_taskflow to None, run_after=None
[2025-02-11T09:06:43.317+0600] {logging_mixin.py:190} INFO - [2025-02-11T09:06:43.317+0600] {dag.py:4180} INFO - Setting next_dagrun for dataset_alias_example_alias_producer_with_no_taskflow to None, run_after=None
[2025-02-11T09:06:43.319+0600] {logging_mixin.py:190} INFO - [2025-02-11T09:06:43.318+0600] {dag.py:4180} INFO - Setting next_dagrun for dataset_s3_bucket_consumer_with_no_taskflow to None, run_after=None
[2025-02-11T09:06:43.320+0600] {logging_mixin.py:190} INFO - [2025-02-11T09:06:43.320+0600] {dag.py:4180} INFO - Setting next_dagrun for dataset_s3_bucket_producer_with_no_taskflow to None, run_after=None
[2025-02-11T09:06:43.360+0600] {processor.py:208} INFO - Processing /home/shamim/airflow_git/Airflow_project/air_venv/lib/python3.12/site-packages/airflow/example_dags/example_dataset_alias_with_no_taskflow.py took 1.228 seconds
[2025-02-11T09:08:05.583+0600] {processor.py:186} INFO - Started process (PID=8060) to work on /home/shamim/airflow_git/Airflow_project/air_venv/lib/python3.12/site-packages/airflow/example_dags/example_dataset_alias_with_no_taskflow.py
[2025-02-11T09:08:05.589+0600] {processor.py:914} INFO - Processing file /home/shamim/airflow_git/Airflow_project/air_venv/lib/python3.12/site-packages/airflow/example_dags/example_dataset_alias_with_no_taskflow.py for tasks to queue
[2025-02-11T09:08:05.591+0600] {logging_mixin.py:190} INFO - [2025-02-11T09:08:05.590+0600] {dagbag.py:588} INFO - Filling up the DagBag from /home/shamim/airflow_git/Airflow_project/air_venv/lib/python3.12/site-packages/airflow/example_dags/example_dataset_alias_with_no_taskflow.py
[2025-02-11T09:08:06.324+0600] {processor.py:925} INFO - DAG(s) 'dataset_s3_bucket_consumer_with_no_taskflow', 'dataset_s3_bucket_producer_with_no_taskflow', 'dataset_alias_example_alias_producer_with_no_taskflow', 'dataset_alias_example_alias_consumer_with_no_taskflow' retrieved from /home/shamim/airflow_git/Airflow_project/air_venv/lib/python3.12/site-packages/airflow/example_dags/example_dataset_alias_with_no_taskflow.py
[2025-02-11T09:08:06.358+0600] {logging_mixin.py:190} INFO - [2025-02-11T09:08:06.357+0600] {dag.py:3239} INFO - Sync 4 DAGs
[2025-02-11T09:08:06.387+0600] {logging_mixin.py:190} INFO - [2025-02-11T09:08:06.387+0600] {dag.py:4180} INFO - Setting next_dagrun for dataset_alias_example_alias_consumer_with_no_taskflow to None, run_after=None
[2025-02-11T09:08:06.390+0600] {logging_mixin.py:190} INFO - [2025-02-11T09:08:06.389+0600] {dag.py:4180} INFO - Setting next_dagrun for dataset_alias_example_alias_producer_with_no_taskflow to None, run_after=None
[2025-02-11T09:08:06.391+0600] {logging_mixin.py:190} INFO - [2025-02-11T09:08:06.391+0600] {dag.py:4180} INFO - Setting next_dagrun for dataset_s3_bucket_consumer_with_no_taskflow to None, run_after=None
[2025-02-11T09:08:06.393+0600] {logging_mixin.py:190} INFO - [2025-02-11T09:08:06.392+0600] {dag.py:4180} INFO - Setting next_dagrun for dataset_s3_bucket_producer_with_no_taskflow to None, run_after=None
[2025-02-11T09:08:06.434+0600] {processor.py:208} INFO - Processing /home/shamim/airflow_git/Airflow_project/air_venv/lib/python3.12/site-packages/airflow/example_dags/example_dataset_alias_with_no_taskflow.py took 0.858 seconds
[2025-02-11T09:09:32.698+0600] {processor.py:186} INFO - Started process (PID=8597) to work on /home/shamim/airflow_git/Airflow_project/air_venv/lib/python3.12/site-packages/airflow/example_dags/example_dataset_alias_with_no_taskflow.py
[2025-02-11T09:09:32.699+0600] {processor.py:914} INFO - Processing file /home/shamim/airflow_git/Airflow_project/air_venv/lib/python3.12/site-packages/airflow/example_dags/example_dataset_alias_with_no_taskflow.py for tasks to queue
[2025-02-11T09:09:32.701+0600] {logging_mixin.py:190} INFO - [2025-02-11T09:09:32.700+0600] {dagbag.py:588} INFO - Filling up the DagBag from /home/shamim/airflow_git/Airflow_project/air_venv/lib/python3.12/site-packages/airflow/example_dags/example_dataset_alias_with_no_taskflow.py
[2025-02-11T09:09:33.271+0600] {processor.py:925} INFO - DAG(s) 'dataset_alias_example_alias_consumer_with_no_taskflow', 'dataset_alias_example_alias_producer_with_no_taskflow', 'dataset_s3_bucket_consumer_with_no_taskflow', 'dataset_s3_bucket_producer_with_no_taskflow' retrieved from /home/shamim/airflow_git/Airflow_project/air_venv/lib/python3.12/site-packages/airflow/example_dags/example_dataset_alias_with_no_taskflow.py
[2025-02-11T09:09:33.291+0600] {logging_mixin.py:190} INFO - [2025-02-11T09:09:33.291+0600] {dag.py:3239} INFO - Sync 4 DAGs
[2025-02-11T09:09:33.311+0600] {logging_mixin.py:190} INFO - [2025-02-11T09:09:33.311+0600] {dag.py:4180} INFO - Setting next_dagrun for dataset_alias_example_alias_consumer_with_no_taskflow to None, run_after=None
[2025-02-11T09:09:33.316+0600] {logging_mixin.py:190} INFO - [2025-02-11T09:09:33.315+0600] {dag.py:4180} INFO - Setting next_dagrun for dataset_alias_example_alias_producer_with_no_taskflow to None, run_after=None
[2025-02-11T09:09:33.317+0600] {logging_mixin.py:190} INFO - [2025-02-11T09:09:33.317+0600] {dag.py:4180} INFO - Setting next_dagrun for dataset_s3_bucket_consumer_with_no_taskflow to None, run_after=None
[2025-02-11T09:09:33.318+0600] {logging_mixin.py:190} INFO - [2025-02-11T09:09:33.318+0600] {dag.py:4180} INFO - Setting next_dagrun for dataset_s3_bucket_producer_with_no_taskflow to None, run_after=None
[2025-02-11T09:09:33.357+0600] {processor.py:208} INFO - Processing /home/shamim/airflow_git/Airflow_project/air_venv/lib/python3.12/site-packages/airflow/example_dags/example_dataset_alias_with_no_taskflow.py took 0.666 seconds
[2025-02-11T09:10:53.298+0600] {processor.py:186} INFO - Started process (PID=9075) to work on /home/shamim/airflow_git/Airflow_project/air_venv/lib/python3.12/site-packages/airflow/example_dags/example_dataset_alias_with_no_taskflow.py
[2025-02-11T09:10:53.304+0600] {processor.py:914} INFO - Processing file /home/shamim/airflow_git/Airflow_project/air_venv/lib/python3.12/site-packages/airflow/example_dags/example_dataset_alias_with_no_taskflow.py for tasks to queue
[2025-02-11T09:10:53.306+0600] {logging_mixin.py:190} INFO - [2025-02-11T09:10:53.305+0600] {dagbag.py:588} INFO - Filling up the DagBag from /home/shamim/airflow_git/Airflow_project/air_venv/lib/python3.12/site-packages/airflow/example_dags/example_dataset_alias_with_no_taskflow.py
[2025-02-11T09:10:53.863+0600] {processor.py:925} INFO - DAG(s) 'dataset_alias_example_alias_producer_with_no_taskflow', 'dataset_alias_example_alias_consumer_with_no_taskflow', 'dataset_s3_bucket_producer_with_no_taskflow', 'dataset_s3_bucket_consumer_with_no_taskflow' retrieved from /home/shamim/airflow_git/Airflow_project/air_venv/lib/python3.12/site-packages/airflow/example_dags/example_dataset_alias_with_no_taskflow.py
[2025-02-11T09:10:53.886+0600] {logging_mixin.py:190} INFO - [2025-02-11T09:10:53.885+0600] {dag.py:3239} INFO - Sync 4 DAGs
[2025-02-11T09:10:53.907+0600] {logging_mixin.py:190} INFO - [2025-02-11T09:10:53.907+0600] {dag.py:4180} INFO - Setting next_dagrun for dataset_alias_example_alias_consumer_with_no_taskflow to None, run_after=None
[2025-02-11T09:10:53.913+0600] {logging_mixin.py:190} INFO - [2025-02-11T09:10:53.913+0600] {dag.py:4180} INFO - Setting next_dagrun for dataset_alias_example_alias_producer_with_no_taskflow to None, run_after=None
[2025-02-11T09:10:53.914+0600] {logging_mixin.py:190} INFO - [2025-02-11T09:10:53.914+0600] {dag.py:4180} INFO - Setting next_dagrun for dataset_s3_bucket_consumer_with_no_taskflow to None, run_after=None
[2025-02-11T09:10:53.915+0600] {logging_mixin.py:190} INFO - [2025-02-11T09:10:53.915+0600] {dag.py:4180} INFO - Setting next_dagrun for dataset_s3_bucket_producer_with_no_taskflow to None, run_after=None
[2025-02-11T09:10:53.944+0600] {processor.py:208} INFO - Processing /home/shamim/airflow_git/Airflow_project/air_venv/lib/python3.12/site-packages/airflow/example_dags/example_dataset_alias_with_no_taskflow.py took 0.653 seconds
[2025-02-11T09:12:16.018+0600] {processor.py:186} INFO - Started process (PID=9571) to work on /home/shamim/airflow_git/Airflow_project/air_venv/lib/python3.12/site-packages/airflow/example_dags/example_dataset_alias_with_no_taskflow.py
[2025-02-11T09:12:16.022+0600] {processor.py:914} INFO - Processing file /home/shamim/airflow_git/Airflow_project/air_venv/lib/python3.12/site-packages/airflow/example_dags/example_dataset_alias_with_no_taskflow.py for tasks to queue
[2025-02-11T09:12:16.024+0600] {logging_mixin.py:190} INFO - [2025-02-11T09:12:16.023+0600] {dagbag.py:588} INFO - Filling up the DagBag from /home/shamim/airflow_git/Airflow_project/air_venv/lib/python3.12/site-packages/airflow/example_dags/example_dataset_alias_with_no_taskflow.py
[2025-02-11T09:12:16.695+0600] {processor.py:925} INFO - DAG(s) 'dataset_alias_example_alias_producer_with_no_taskflow', 'dataset_alias_example_alias_consumer_with_no_taskflow', 'dataset_s3_bucket_consumer_with_no_taskflow', 'dataset_s3_bucket_producer_with_no_taskflow' retrieved from /home/shamim/airflow_git/Airflow_project/air_venv/lib/python3.12/site-packages/airflow/example_dags/example_dataset_alias_with_no_taskflow.py
[2025-02-11T09:12:16.719+0600] {logging_mixin.py:190} INFO - [2025-02-11T09:12:16.719+0600] {dag.py:3239} INFO - Sync 4 DAGs
[2025-02-11T09:12:16.746+0600] {logging_mixin.py:190} INFO - [2025-02-11T09:12:16.745+0600] {dag.py:4180} INFO - Setting next_dagrun for dataset_alias_example_alias_consumer_with_no_taskflow to None, run_after=None
[2025-02-11T09:12:16.751+0600] {logging_mixin.py:190} INFO - [2025-02-11T09:12:16.750+0600] {dag.py:4180} INFO - Setting next_dagrun for dataset_alias_example_alias_producer_with_no_taskflow to None, run_after=None
[2025-02-11T09:12:16.752+0600] {logging_mixin.py:190} INFO - [2025-02-11T09:12:16.752+0600] {dag.py:4180} INFO - Setting next_dagrun for dataset_s3_bucket_consumer_with_no_taskflow to None, run_after=None
[2025-02-11T09:12:16.753+0600] {logging_mixin.py:190} INFO - [2025-02-11T09:12:16.753+0600] {dag.py:4180} INFO - Setting next_dagrun for dataset_s3_bucket_producer_with_no_taskflow to None, run_after=None
[2025-02-11T09:12:16.785+0600] {processor.py:208} INFO - Processing /home/shamim/airflow_git/Airflow_project/air_venv/lib/python3.12/site-packages/airflow/example_dags/example_dataset_alias_with_no_taskflow.py took 0.775 seconds
[2025-02-11T09:13:37.463+0600] {processor.py:186} INFO - Started process (PID=10075) to work on /home/shamim/airflow_git/Airflow_project/air_venv/lib/python3.12/site-packages/airflow/example_dags/example_dataset_alias_with_no_taskflow.py
[2025-02-11T09:13:37.464+0600] {processor.py:914} INFO - Processing file /home/shamim/airflow_git/Airflow_project/air_venv/lib/python3.12/site-packages/airflow/example_dags/example_dataset_alias_with_no_taskflow.py for tasks to queue
[2025-02-11T09:13:37.465+0600] {logging_mixin.py:190} INFO - [2025-02-11T09:13:37.465+0600] {dagbag.py:588} INFO - Filling up the DagBag from /home/shamim/airflow_git/Airflow_project/air_venv/lib/python3.12/site-packages/airflow/example_dags/example_dataset_alias_with_no_taskflow.py
[2025-02-11T09:13:37.999+0600] {processor.py:925} INFO - DAG(s) 'dataset_s3_bucket_producer_with_no_taskflow', 'dataset_alias_example_alias_consumer_with_no_taskflow', 'dataset_alias_example_alias_producer_with_no_taskflow', 'dataset_s3_bucket_consumer_with_no_taskflow' retrieved from /home/shamim/airflow_git/Airflow_project/air_venv/lib/python3.12/site-packages/airflow/example_dags/example_dataset_alias_with_no_taskflow.py
[2025-02-11T09:13:38.019+0600] {logging_mixin.py:190} INFO - [2025-02-11T09:13:38.018+0600] {dag.py:3239} INFO - Sync 4 DAGs
[2025-02-11T09:13:38.039+0600] {logging_mixin.py:190} INFO - [2025-02-11T09:13:38.038+0600] {dag.py:4180} INFO - Setting next_dagrun for dataset_alias_example_alias_consumer_with_no_taskflow to None, run_after=None
[2025-02-11T09:13:38.043+0600] {logging_mixin.py:190} INFO - [2025-02-11T09:13:38.043+0600] {dag.py:4180} INFO - Setting next_dagrun for dataset_alias_example_alias_producer_with_no_taskflow to None, run_after=None
[2025-02-11T09:13:38.044+0600] {logging_mixin.py:190} INFO - [2025-02-11T09:13:38.044+0600] {dag.py:4180} INFO - Setting next_dagrun for dataset_s3_bucket_consumer_with_no_taskflow to None, run_after=None
[2025-02-11T09:13:38.046+0600] {logging_mixin.py:190} INFO - [2025-02-11T09:13:38.045+0600] {dag.py:4180} INFO - Setting next_dagrun for dataset_s3_bucket_producer_with_no_taskflow to None, run_after=None
[2025-02-11T09:13:38.074+0600] {processor.py:208} INFO - Processing /home/shamim/airflow_git/Airflow_project/air_venv/lib/python3.12/site-packages/airflow/example_dags/example_dataset_alias_with_no_taskflow.py took 0.619 seconds
