[2025-02-11T08:59:12.552+0600] {processor.py:186} INFO - Started process (PID=5593) to work on /home/shamim/airflow_git/Airflow_project/air_venv/lib/python3.12/site-packages/airflow/example_dags/tutorial_objectstorage.py
[2025-02-11T08:59:12.553+0600] {processor.py:914} INFO - Processing file /home/shamim/airflow_git/Airflow_project/air_venv/lib/python3.12/site-packages/airflow/example_dags/tutorial_objectstorage.py for tasks to queue
[2025-02-11T08:59:12.555+0600] {logging_mixin.py:190} INFO - [2025-02-11T08:59:12.555+0600] {dagbag.py:588} INFO - Filling up the DagBag from /home/shamim/airflow_git/Airflow_project/air_venv/lib/python3.12/site-packages/airflow/example_dags/tutorial_objectstorage.py
[2025-02-11T08:59:12.568+0600] {processor.py:925} INFO - DAG(s) 'tutorial_objectstorage' retrieved from /home/shamim/airflow_git/Airflow_project/air_venv/lib/python3.12/site-packages/airflow/example_dags/tutorial_objectstorage.py
[2025-02-11T08:59:12.592+0600] {logging_mixin.py:190} INFO - [2025-02-11T08:59:12.592+0600] {dag.py:3239} INFO - Sync 1 DAGs
[2025-02-11T08:59:12.606+0600] {logging_mixin.py:190} INFO - [2025-02-11T08:59:12.606+0600] {dag.py:4180} INFO - Setting next_dagrun for tutorial_objectstorage to None, run_after=None
[2025-02-11T08:59:12.634+0600] {processor.py:208} INFO - Processing /home/shamim/airflow_git/Airflow_project/air_venv/lib/python3.12/site-packages/airflow/example_dags/tutorial_objectstorage.py took 0.089 seconds
[2025-02-11T09:00:19.975+0600] {processor.py:186} INFO - Started process (PID=5784) to work on /home/shamim/airflow_git/Airflow_project/air_venv/lib/python3.12/site-packages/airflow/example_dags/tutorial_objectstorage.py
[2025-02-11T09:00:19.981+0600] {processor.py:914} INFO - Processing file /home/shamim/airflow_git/Airflow_project/air_venv/lib/python3.12/site-packages/airflow/example_dags/tutorial_objectstorage.py for tasks to queue
[2025-02-11T09:00:19.985+0600] {logging_mixin.py:190} INFO - [2025-02-11T09:00:19.984+0600] {dagbag.py:588} INFO - Filling up the DagBag from /home/shamim/airflow_git/Airflow_project/air_venv/lib/python3.12/site-packages/airflow/example_dags/tutorial_objectstorage.py
[2025-02-11T09:00:19.996+0600] {processor.py:925} INFO - DAG(s) 'tutorial_objectstorage' retrieved from /home/shamim/airflow_git/Airflow_project/air_venv/lib/python3.12/site-packages/airflow/example_dags/tutorial_objectstorage.py
[2025-02-11T09:00:20.013+0600] {logging_mixin.py:190} INFO - [2025-02-11T09:00:20.013+0600] {dag.py:3239} INFO - Sync 1 DAGs
[2025-02-11T09:00:20.028+0600] {logging_mixin.py:190} INFO - [2025-02-11T09:00:20.028+0600] {dag.py:4180} INFO - Setting next_dagrun for tutorial_objectstorage to None, run_after=None
[2025-02-11T09:00:20.071+0600] {processor.py:208} INFO - Processing /home/shamim/airflow_git/Airflow_project/air_venv/lib/python3.12/site-packages/airflow/example_dags/tutorial_objectstorage.py took 0.102 seconds
[2025-02-11T09:01:48.013+0600] {processor.py:186} INFO - Started process (PID=6145) to work on /home/shamim/airflow_git/Airflow_project/air_venv/lib/python3.12/site-packages/airflow/example_dags/tutorial_objectstorage.py
[2025-02-11T09:01:48.029+0600] {processor.py:914} INFO - Processing file /home/shamim/airflow_git/Airflow_project/air_venv/lib/python3.12/site-packages/airflow/example_dags/tutorial_objectstorage.py for tasks to queue
[2025-02-11T09:01:48.033+0600] {logging_mixin.py:190} INFO - [2025-02-11T09:01:48.032+0600] {dagbag.py:588} INFO - Filling up the DagBag from /home/shamim/airflow_git/Airflow_project/air_venv/lib/python3.12/site-packages/airflow/example_dags/tutorial_objectstorage.py
[2025-02-11T09:01:48.049+0600] {processor.py:925} INFO - DAG(s) 'tutorial_objectstorage' retrieved from /home/shamim/airflow_git/Airflow_project/air_venv/lib/python3.12/site-packages/airflow/example_dags/tutorial_objectstorage.py
[2025-02-11T09:01:48.068+0600] {logging_mixin.py:190} INFO - [2025-02-11T09:01:48.067+0600] {dag.py:3239} INFO - Sync 1 DAGs
[2025-02-11T09:01:48.086+0600] {logging_mixin.py:190} INFO - [2025-02-11T09:01:48.086+0600] {dag.py:4180} INFO - Setting next_dagrun for tutorial_objectstorage to None, run_after=None
[2025-02-11T09:01:48.108+0600] {processor.py:208} INFO - Processing /home/shamim/airflow_git/Airflow_project/air_venv/lib/python3.12/site-packages/airflow/example_dags/tutorial_objectstorage.py took 0.104 seconds
[2025-02-11T09:03:10.182+0600] {processor.py:186} INFO - Started process (PID=6609) to work on /home/shamim/airflow_git/Airflow_project/air_venv/lib/python3.12/site-packages/airflow/example_dags/tutorial_objectstorage.py
[2025-02-11T09:03:10.187+0600] {processor.py:914} INFO - Processing file /home/shamim/airflow_git/Airflow_project/air_venv/lib/python3.12/site-packages/airflow/example_dags/tutorial_objectstorage.py for tasks to queue
[2025-02-11T09:03:10.191+0600] {logging_mixin.py:190} INFO - [2025-02-11T09:03:10.191+0600] {dagbag.py:588} INFO - Filling up the DagBag from /home/shamim/airflow_git/Airflow_project/air_venv/lib/python3.12/site-packages/airflow/example_dags/tutorial_objectstorage.py
[2025-02-11T09:03:10.205+0600] {processor.py:925} INFO - DAG(s) 'tutorial_objectstorage' retrieved from /home/shamim/airflow_git/Airflow_project/air_venv/lib/python3.12/site-packages/airflow/example_dags/tutorial_objectstorage.py
[2025-02-11T09:03:10.224+0600] {logging_mixin.py:190} INFO - [2025-02-11T09:03:10.224+0600] {dag.py:3239} INFO - Sync 1 DAGs
[2025-02-11T09:03:10.240+0600] {logging_mixin.py:190} INFO - [2025-02-11T09:03:10.240+0600] {dag.py:4180} INFO - Setting next_dagrun for tutorial_objectstorage to None, run_after=None
[2025-02-11T09:03:10.266+0600] {processor.py:208} INFO - Processing /home/shamim/airflow_git/Airflow_project/air_venv/lib/python3.12/site-packages/airflow/example_dags/tutorial_objectstorage.py took 0.106 seconds
[2025-02-11T09:03:53.695+0600] {processor.py:186} INFO - Started process (PID=6809) to work on /home/shamim/airflow_git/Airflow_project/air_venv/lib/python3.12/site-packages/airflow/example_dags/tutorial_objectstorage.py
[2025-02-11T09:03:53.701+0600] {processor.py:914} INFO - Processing file /home/shamim/airflow_git/Airflow_project/air_venv/lib/python3.12/site-packages/airflow/example_dags/tutorial_objectstorage.py for tasks to queue
[2025-02-11T09:03:53.704+0600] {logging_mixin.py:190} INFO - [2025-02-11T09:03:53.703+0600] {dagbag.py:588} INFO - Filling up the DagBag from /home/shamim/airflow_git/Airflow_project/air_venv/lib/python3.12/site-packages/airflow/example_dags/tutorial_objectstorage.py
[2025-02-11T09:03:53.715+0600] {processor.py:925} INFO - DAG(s) 'tutorial_objectstorage' retrieved from /home/shamim/airflow_git/Airflow_project/air_venv/lib/python3.12/site-packages/airflow/example_dags/tutorial_objectstorage.py
[2025-02-11T09:03:53.732+0600] {logging_mixin.py:190} INFO - [2025-02-11T09:03:53.732+0600] {dag.py:3239} INFO - Sync 1 DAGs
[2025-02-11T09:03:53.747+0600] {logging_mixin.py:190} INFO - [2025-02-11T09:03:53.747+0600] {dag.py:4180} INFO - Setting next_dagrun for tutorial_objectstorage to None, run_after=None
[2025-02-11T09:03:53.768+0600] {processor.py:208} INFO - Processing /home/shamim/airflow_git/Airflow_project/air_venv/lib/python3.12/site-packages/airflow/example_dags/tutorial_objectstorage.py took 0.081 seconds
[2025-02-11T09:05:09.222+0600] {processor.py:186} INFO - Started process (PID=7112) to work on /home/shamim/airflow_git/Airflow_project/air_venv/lib/python3.12/site-packages/airflow/example_dags/tutorial_objectstorage.py
[2025-02-11T09:05:09.229+0600] {processor.py:914} INFO - Processing file /home/shamim/airflow_git/Airflow_project/air_venv/lib/python3.12/site-packages/airflow/example_dags/tutorial_objectstorage.py for tasks to queue
[2025-02-11T09:05:09.230+0600] {logging_mixin.py:190} INFO - [2025-02-11T09:05:09.230+0600] {dagbag.py:588} INFO - Filling up the DagBag from /home/shamim/airflow_git/Airflow_project/air_venv/lib/python3.12/site-packages/airflow/example_dags/tutorial_objectstorage.py
[2025-02-11T09:05:09.244+0600] {processor.py:925} INFO - DAG(s) 'tutorial_objectstorage' retrieved from /home/shamim/airflow_git/Airflow_project/air_venv/lib/python3.12/site-packages/airflow/example_dags/tutorial_objectstorage.py
[2025-02-11T09:05:09.261+0600] {logging_mixin.py:190} INFO - [2025-02-11T09:05:09.261+0600] {dag.py:3239} INFO - Sync 1 DAGs
[2025-02-11T09:05:09.276+0600] {logging_mixin.py:190} INFO - [2025-02-11T09:05:09.275+0600] {dag.py:4180} INFO - Setting next_dagrun for tutorial_objectstorage to None, run_after=None
[2025-02-11T09:05:09.300+0600] {processor.py:208} INFO - Processing /home/shamim/airflow_git/Airflow_project/air_venv/lib/python3.12/site-packages/airflow/example_dags/tutorial_objectstorage.py took 0.086 seconds
[2025-02-11T09:06:29.082+0600] {processor.py:186} INFO - Started process (PID=7469) to work on /home/shamim/airflow_git/Airflow_project/air_venv/lib/python3.12/site-packages/airflow/example_dags/tutorial_objectstorage.py
[2025-02-11T09:06:29.083+0600] {processor.py:914} INFO - Processing file /home/shamim/airflow_git/Airflow_project/air_venv/lib/python3.12/site-packages/airflow/example_dags/tutorial_objectstorage.py for tasks to queue
[2025-02-11T09:06:29.085+0600] {logging_mixin.py:190} INFO - [2025-02-11T09:06:29.084+0600] {dagbag.py:588} INFO - Filling up the DagBag from /home/shamim/airflow_git/Airflow_project/air_venv/lib/python3.12/site-packages/airflow/example_dags/tutorial_objectstorage.py
[2025-02-11T09:06:29.100+0600] {processor.py:925} INFO - DAG(s) 'tutorial_objectstorage' retrieved from /home/shamim/airflow_git/Airflow_project/air_venv/lib/python3.12/site-packages/airflow/example_dags/tutorial_objectstorage.py
[2025-02-11T09:06:29.126+0600] {logging_mixin.py:190} INFO - [2025-02-11T09:06:29.126+0600] {dag.py:3239} INFO - Sync 1 DAGs
[2025-02-11T09:06:29.152+0600] {logging_mixin.py:190} INFO - [2025-02-11T09:06:29.151+0600] {dag.py:4180} INFO - Setting next_dagrun for tutorial_objectstorage to None, run_after=None
[2025-02-11T09:06:29.188+0600] {processor.py:208} INFO - Processing /home/shamim/airflow_git/Airflow_project/air_venv/lib/python3.12/site-packages/airflow/example_dags/tutorial_objectstorage.py took 0.119 seconds
[2025-02-11T09:07:52.075+0600] {processor.py:186} INFO - Started process (PID=7983) to work on /home/shamim/airflow_git/Airflow_project/air_venv/lib/python3.12/site-packages/airflow/example_dags/tutorial_objectstorage.py
[2025-02-11T09:07:52.081+0600] {processor.py:914} INFO - Processing file /home/shamim/airflow_git/Airflow_project/air_venv/lib/python3.12/site-packages/airflow/example_dags/tutorial_objectstorage.py for tasks to queue
[2025-02-11T09:07:52.082+0600] {logging_mixin.py:190} INFO - [2025-02-11T09:07:52.082+0600] {dagbag.py:588} INFO - Filling up the DagBag from /home/shamim/airflow_git/Airflow_project/air_venv/lib/python3.12/site-packages/airflow/example_dags/tutorial_objectstorage.py
[2025-02-11T09:07:52.095+0600] {processor.py:925} INFO - DAG(s) 'tutorial_objectstorage' retrieved from /home/shamim/airflow_git/Airflow_project/air_venv/lib/python3.12/site-packages/airflow/example_dags/tutorial_objectstorage.py
[2025-02-11T09:07:52.115+0600] {logging_mixin.py:190} INFO - [2025-02-11T09:07:52.115+0600] {dag.py:3239} INFO - Sync 1 DAGs
[2025-02-11T09:07:52.131+0600] {logging_mixin.py:190} INFO - [2025-02-11T09:07:52.130+0600] {dag.py:4180} INFO - Setting next_dagrun for tutorial_objectstorage to None, run_after=None
[2025-02-11T09:07:52.174+0600] {processor.py:208} INFO - Processing /home/shamim/airflow_git/Airflow_project/air_venv/lib/python3.12/site-packages/airflow/example_dags/tutorial_objectstorage.py took 0.107 seconds
[2025-02-11T09:09:19.115+0600] {processor.py:186} INFO - Started process (PID=8508) to work on /home/shamim/airflow_git/Airflow_project/air_venv/lib/python3.12/site-packages/airflow/example_dags/tutorial_objectstorage.py
[2025-02-11T09:09:19.121+0600] {processor.py:914} INFO - Processing file /home/shamim/airflow_git/Airflow_project/air_venv/lib/python3.12/site-packages/airflow/example_dags/tutorial_objectstorage.py for tasks to queue
[2025-02-11T09:09:19.122+0600] {logging_mixin.py:190} INFO - [2025-02-11T09:09:19.122+0600] {dagbag.py:588} INFO - Filling up the DagBag from /home/shamim/airflow_git/Airflow_project/air_venv/lib/python3.12/site-packages/airflow/example_dags/tutorial_objectstorage.py
[2025-02-11T09:09:19.139+0600] {processor.py:925} INFO - DAG(s) 'tutorial_objectstorage' retrieved from /home/shamim/airflow_git/Airflow_project/air_venv/lib/python3.12/site-packages/airflow/example_dags/tutorial_objectstorage.py
[2025-02-11T09:09:19.160+0600] {logging_mixin.py:190} INFO - [2025-02-11T09:09:19.160+0600] {dag.py:3239} INFO - Sync 1 DAGs
[2025-02-11T09:09:19.179+0600] {logging_mixin.py:190} INFO - [2025-02-11T09:09:19.178+0600] {dag.py:4180} INFO - Setting next_dagrun for tutorial_objectstorage to None, run_after=None
[2025-02-11T09:09:19.224+0600] {processor.py:208} INFO - Processing /home/shamim/airflow_git/Airflow_project/air_venv/lib/python3.12/site-packages/airflow/example_dags/tutorial_objectstorage.py took 0.120 seconds
[2025-02-11T09:10:39.990+0600] {processor.py:186} INFO - Started process (PID=8987) to work on /home/shamim/airflow_git/Airflow_project/air_venv/lib/python3.12/site-packages/airflow/example_dags/tutorial_objectstorage.py
[2025-02-11T09:10:39.992+0600] {processor.py:914} INFO - Processing file /home/shamim/airflow_git/Airflow_project/air_venv/lib/python3.12/site-packages/airflow/example_dags/tutorial_objectstorage.py for tasks to queue
[2025-02-11T09:10:39.994+0600] {logging_mixin.py:190} INFO - [2025-02-11T09:10:39.993+0600] {dagbag.py:588} INFO - Filling up the DagBag from /home/shamim/airflow_git/Airflow_project/air_venv/lib/python3.12/site-packages/airflow/example_dags/tutorial_objectstorage.py
[2025-02-11T09:10:40.007+0600] {processor.py:925} INFO - DAG(s) 'tutorial_objectstorage' retrieved from /home/shamim/airflow_git/Airflow_project/air_venv/lib/python3.12/site-packages/airflow/example_dags/tutorial_objectstorage.py
[2025-02-11T09:10:40.025+0600] {logging_mixin.py:190} INFO - [2025-02-11T09:10:40.025+0600] {dag.py:3239} INFO - Sync 1 DAGs
[2025-02-11T09:10:40.042+0600] {logging_mixin.py:190} INFO - [2025-02-11T09:10:40.041+0600] {dag.py:4180} INFO - Setting next_dagrun for tutorial_objectstorage to None, run_after=None
[2025-02-11T09:10:40.070+0600] {processor.py:208} INFO - Processing /home/shamim/airflow_git/Airflow_project/air_venv/lib/python3.12/site-packages/airflow/example_dags/tutorial_objectstorage.py took 0.088 seconds
[2025-02-11T09:12:02.891+0600] {processor.py:186} INFO - Started process (PID=9504) to work on /home/shamim/airflow_git/Airflow_project/air_venv/lib/python3.12/site-packages/airflow/example_dags/tutorial_objectstorage.py
[2025-02-11T09:12:02.896+0600] {processor.py:914} INFO - Processing file /home/shamim/airflow_git/Airflow_project/air_venv/lib/python3.12/site-packages/airflow/example_dags/tutorial_objectstorage.py for tasks to queue
[2025-02-11T09:12:02.897+0600] {logging_mixin.py:190} INFO - [2025-02-11T09:12:02.897+0600] {dagbag.py:588} INFO - Filling up the DagBag from /home/shamim/airflow_git/Airflow_project/air_venv/lib/python3.12/site-packages/airflow/example_dags/tutorial_objectstorage.py
[2025-02-11T09:12:02.915+0600] {processor.py:925} INFO - DAG(s) 'tutorial_objectstorage' retrieved from /home/shamim/airflow_git/Airflow_project/air_venv/lib/python3.12/site-packages/airflow/example_dags/tutorial_objectstorage.py
[2025-02-11T09:12:02.934+0600] {logging_mixin.py:190} INFO - [2025-02-11T09:12:02.934+0600] {dag.py:3239} INFO - Sync 1 DAGs
[2025-02-11T09:12:02.952+0600] {logging_mixin.py:190} INFO - [2025-02-11T09:12:02.952+0600] {dag.py:4180} INFO - Setting next_dagrun for tutorial_objectstorage to None, run_after=None
[2025-02-11T09:12:02.981+0600] {processor.py:208} INFO - Processing /home/shamim/airflow_git/Airflow_project/air_venv/lib/python3.12/site-packages/airflow/example_dags/tutorial_objectstorage.py took 0.098 seconds
[2025-02-11T09:13:24.261+0600] {processor.py:186} INFO - Started process (PID=10037) to work on /home/shamim/airflow_git/Airflow_project/air_venv/lib/python3.12/site-packages/airflow/example_dags/tutorial_objectstorage.py
[2025-02-11T09:13:24.266+0600] {processor.py:914} INFO - Processing file /home/shamim/airflow_git/Airflow_project/air_venv/lib/python3.12/site-packages/airflow/example_dags/tutorial_objectstorage.py for tasks to queue
[2025-02-11T09:13:24.268+0600] {logging_mixin.py:190} INFO - [2025-02-11T09:13:24.267+0600] {dagbag.py:588} INFO - Filling up the DagBag from /home/shamim/airflow_git/Airflow_project/air_venv/lib/python3.12/site-packages/airflow/example_dags/tutorial_objectstorage.py
[2025-02-11T09:13:24.301+0600] {processor.py:925} INFO - DAG(s) 'tutorial_objectstorage' retrieved from /home/shamim/airflow_git/Airflow_project/air_venv/lib/python3.12/site-packages/airflow/example_dags/tutorial_objectstorage.py
[2025-02-11T09:13:24.338+0600] {logging_mixin.py:190} INFO - [2025-02-11T09:13:24.338+0600] {dag.py:3239} INFO - Sync 1 DAGs
[2025-02-11T09:13:24.357+0600] {logging_mixin.py:190} INFO - [2025-02-11T09:13:24.357+0600] {dag.py:4180} INFO - Setting next_dagrun for tutorial_objectstorage to None, run_after=None
[2025-02-11T09:13:24.384+0600] {processor.py:208} INFO - Processing /home/shamim/airflow_git/Airflow_project/air_venv/lib/python3.12/site-packages/airflow/example_dags/tutorial_objectstorage.py took 0.141 seconds
