[2025-02-11T08:59:09.725+0600] {processor.py:186} INFO - Started process (PID=5587) to work on /home/shamim/airflow_git/Airflow_project/air_venv/lib/python3.12/site-packages/airflow/example_dags/tutorial_taskflow_api.py
[2025-02-11T08:59:09.726+0600] {processor.py:914} INFO - Processing file /home/shamim/airflow_git/Airflow_project/air_venv/lib/python3.12/site-packages/airflow/example_dags/tutorial_taskflow_api.py for tasks to queue
[2025-02-11T08:59:09.729+0600] {logging_mixin.py:190} INFO - [2025-02-11T08:59:09.728+0600] {dagbag.py:588} INFO - Filling up the DagBag from /home/shamim/airflow_git/Airflow_project/air_venv/lib/python3.12/site-packages/airflow/example_dags/tutorial_taskflow_api.py
[2025-02-11T08:59:09.739+0600] {processor.py:925} INFO - DAG(s) 'tutorial_taskflow_api' retrieved from /home/shamim/airflow_git/Airflow_project/air_venv/lib/python3.12/site-packages/airflow/example_dags/tutorial_taskflow_api.py
[2025-02-11T08:59:09.764+0600] {logging_mixin.py:190} INFO - [2025-02-11T08:59:09.764+0600] {dag.py:3239} INFO - Sync 1 DAGs
[2025-02-11T08:59:09.779+0600] {logging_mixin.py:190} INFO - [2025-02-11T08:59:09.778+0600] {dag.py:4180} INFO - Setting next_dagrun for tutorial_taskflow_api to None, run_after=None
[2025-02-11T08:59:09.801+0600] {processor.py:208} INFO - Processing /home/shamim/airflow_git/Airflow_project/air_venv/lib/python3.12/site-packages/airflow/example_dags/tutorial_taskflow_api.py took 0.083 seconds
[2025-02-11T09:00:15.324+0600] {processor.py:186} INFO - Started process (PID=5777) to work on /home/shamim/airflow_git/Airflow_project/air_venv/lib/python3.12/site-packages/airflow/example_dags/tutorial_taskflow_api.py
[2025-02-11T09:00:15.862+0600] {processor.py:914} INFO - Processing file /home/shamim/airflow_git/Airflow_project/air_venv/lib/python3.12/site-packages/airflow/example_dags/tutorial_taskflow_api.py for tasks to queue
[2025-02-11T09:00:15.874+0600] {logging_mixin.py:190} INFO - [2025-02-11T09:00:15.871+0600] {dagbag.py:588} INFO - Filling up the DagBag from /home/shamim/airflow_git/Airflow_project/air_venv/lib/python3.12/site-packages/airflow/example_dags/tutorial_taskflow_api.py
[2025-02-11T09:00:15.918+0600] {processor.py:925} INFO - DAG(s) 'tutorial_taskflow_api' retrieved from /home/shamim/airflow_git/Airflow_project/air_venv/lib/python3.12/site-packages/airflow/example_dags/tutorial_taskflow_api.py
[2025-02-11T09:00:15.956+0600] {logging_mixin.py:190} INFO - [2025-02-11T09:00:15.955+0600] {dag.py:3239} INFO - Sync 1 DAGs
[2025-02-11T09:00:15.983+0600] {logging_mixin.py:190} INFO - [2025-02-11T09:00:15.982+0600] {dag.py:4180} INFO - Setting next_dagrun for tutorial_taskflow_api to None, run_after=None
[2025-02-11T09:00:16.046+0600] {processor.py:208} INFO - Processing /home/shamim/airflow_git/Airflow_project/air_venv/lib/python3.12/site-packages/airflow/example_dags/tutorial_taskflow_api.py took 0.730 seconds
[2025-02-11T09:00:56.927+0600] {processor.py:186} INFO - Started process (PID=5917) to work on /home/shamim/airflow_git/Airflow_project/air_venv/lib/python3.12/site-packages/airflow/example_dags/tutorial_taskflow_api.py
[2025-02-11T09:00:56.934+0600] {processor.py:914} INFO - Processing file /home/shamim/airflow_git/Airflow_project/air_venv/lib/python3.12/site-packages/airflow/example_dags/tutorial_taskflow_api.py for tasks to queue
[2025-02-11T09:00:56.936+0600] {logging_mixin.py:190} INFO - [2025-02-11T09:00:56.936+0600] {dagbag.py:588} INFO - Filling up the DagBag from /home/shamim/airflow_git/Airflow_project/air_venv/lib/python3.12/site-packages/airflow/example_dags/tutorial_taskflow_api.py
[2025-02-11T09:00:56.950+0600] {processor.py:925} INFO - DAG(s) 'tutorial_taskflow_api' retrieved from /home/shamim/airflow_git/Airflow_project/air_venv/lib/python3.12/site-packages/airflow/example_dags/tutorial_taskflow_api.py
[2025-02-11T09:00:56.970+0600] {logging_mixin.py:190} INFO - [2025-02-11T09:00:56.970+0600] {dag.py:3239} INFO - Sync 1 DAGs
[2025-02-11T09:00:56.986+0600] {logging_mixin.py:190} INFO - [2025-02-11T09:00:56.986+0600] {dag.py:4180} INFO - Setting next_dagrun for tutorial_taskflow_api to None, run_after=None
[2025-02-11T09:00:57.023+0600] {processor.py:208} INFO - Processing /home/shamim/airflow_git/Airflow_project/air_venv/lib/python3.12/site-packages/airflow/example_dags/tutorial_taskflow_api.py took 0.102 seconds
[2025-02-11T09:01:42.757+0600] {processor.py:186} INFO - Started process (PID=6116) to work on /home/shamim/airflow_git/Airflow_project/air_venv/lib/python3.12/site-packages/airflow/example_dags/tutorial_taskflow_api.py
[2025-02-11T09:01:42.772+0600] {processor.py:914} INFO - Processing file /home/shamim/airflow_git/Airflow_project/air_venv/lib/python3.12/site-packages/airflow/example_dags/tutorial_taskflow_api.py for tasks to queue
[2025-02-11T09:01:42.775+0600] {logging_mixin.py:190} INFO - [2025-02-11T09:01:42.774+0600] {dagbag.py:588} INFO - Filling up the DagBag from /home/shamim/airflow_git/Airflow_project/air_venv/lib/python3.12/site-packages/airflow/example_dags/tutorial_taskflow_api.py
[2025-02-11T09:01:42.788+0600] {processor.py:925} INFO - DAG(s) 'tutorial_taskflow_api' retrieved from /home/shamim/airflow_git/Airflow_project/air_venv/lib/python3.12/site-packages/airflow/example_dags/tutorial_taskflow_api.py
[2025-02-11T09:01:42.809+0600] {logging_mixin.py:190} INFO - [2025-02-11T09:01:42.809+0600] {dag.py:3239} INFO - Sync 1 DAGs
[2025-02-11T09:01:42.828+0600] {logging_mixin.py:190} INFO - [2025-02-11T09:01:42.828+0600] {dag.py:4180} INFO - Setting next_dagrun for tutorial_taskflow_api to None, run_after=None
[2025-02-11T09:01:42.851+0600] {processor.py:208} INFO - Processing /home/shamim/airflow_git/Airflow_project/air_venv/lib/python3.12/site-packages/airflow/example_dags/tutorial_taskflow_api.py took 0.117 seconds
[2025-02-11T09:02:24.753+0600] {processor.py:186} INFO - Started process (PID=6327) to work on /home/shamim/airflow_git/Airflow_project/air_venv/lib/python3.12/site-packages/airflow/example_dags/tutorial_taskflow_api.py
[2025-02-11T09:02:24.754+0600] {processor.py:914} INFO - Processing file /home/shamim/airflow_git/Airflow_project/air_venv/lib/python3.12/site-packages/airflow/example_dags/tutorial_taskflow_api.py for tasks to queue
[2025-02-11T09:02:24.758+0600] {logging_mixin.py:190} INFO - [2025-02-11T09:02:24.758+0600] {dagbag.py:588} INFO - Filling up the DagBag from /home/shamim/airflow_git/Airflow_project/air_venv/lib/python3.12/site-packages/airflow/example_dags/tutorial_taskflow_api.py
[2025-02-11T09:02:24.774+0600] {processor.py:925} INFO - DAG(s) 'tutorial_taskflow_api' retrieved from /home/shamim/airflow_git/Airflow_project/air_venv/lib/python3.12/site-packages/airflow/example_dags/tutorial_taskflow_api.py
[2025-02-11T09:02:24.799+0600] {logging_mixin.py:190} INFO - [2025-02-11T09:02:24.799+0600] {dag.py:3239} INFO - Sync 1 DAGs
[2025-02-11T09:02:24.817+0600] {logging_mixin.py:190} INFO - [2025-02-11T09:02:24.817+0600] {dag.py:4180} INFO - Setting next_dagrun for tutorial_taskflow_api to None, run_after=None
[2025-02-11T09:02:24.845+0600] {processor.py:208} INFO - Processing /home/shamim/airflow_git/Airflow_project/air_venv/lib/python3.12/site-packages/airflow/example_dags/tutorial_taskflow_api.py took 0.098 seconds
[2025-02-11T09:03:06.498+0600] {processor.py:186} INFO - Started process (PID=6579) to work on /home/shamim/airflow_git/Airflow_project/air_venv/lib/python3.12/site-packages/airflow/example_dags/tutorial_taskflow_api.py
[2025-02-11T09:03:06.503+0600] {processor.py:914} INFO - Processing file /home/shamim/airflow_git/Airflow_project/air_venv/lib/python3.12/site-packages/airflow/example_dags/tutorial_taskflow_api.py for tasks to queue
[2025-02-11T09:03:06.512+0600] {logging_mixin.py:190} INFO - [2025-02-11T09:03:06.511+0600] {dagbag.py:588} INFO - Filling up the DagBag from /home/shamim/airflow_git/Airflow_project/air_venv/lib/python3.12/site-packages/airflow/example_dags/tutorial_taskflow_api.py
[2025-02-11T09:03:06.531+0600] {processor.py:925} INFO - DAG(s) 'tutorial_taskflow_api' retrieved from /home/shamim/airflow_git/Airflow_project/air_venv/lib/python3.12/site-packages/airflow/example_dags/tutorial_taskflow_api.py
[2025-02-11T09:03:06.559+0600] {logging_mixin.py:190} INFO - [2025-02-11T09:03:06.559+0600] {dag.py:3239} INFO - Sync 1 DAGs
[2025-02-11T09:03:06.584+0600] {logging_mixin.py:190} INFO - [2025-02-11T09:03:06.583+0600] {dag.py:4180} INFO - Setting next_dagrun for tutorial_taskflow_api to None, run_after=None
[2025-02-11T09:03:06.622+0600] {processor.py:208} INFO - Processing /home/shamim/airflow_git/Airflow_project/air_venv/lib/python3.12/site-packages/airflow/example_dags/tutorial_taskflow_api.py took 0.148 seconds
[2025-02-11T09:03:49.219+0600] {processor.py:186} INFO - Started process (PID=6803) to work on /home/shamim/airflow_git/Airflow_project/air_venv/lib/python3.12/site-packages/airflow/example_dags/tutorial_taskflow_api.py
[2025-02-11T09:03:49.225+0600] {processor.py:914} INFO - Processing file /home/shamim/airflow_git/Airflow_project/air_venv/lib/python3.12/site-packages/airflow/example_dags/tutorial_taskflow_api.py for tasks to queue
[2025-02-11T09:03:49.228+0600] {logging_mixin.py:190} INFO - [2025-02-11T09:03:49.228+0600] {dagbag.py:588} INFO - Filling up the DagBag from /home/shamim/airflow_git/Airflow_project/air_venv/lib/python3.12/site-packages/airflow/example_dags/tutorial_taskflow_api.py
[2025-02-11T09:03:49.240+0600] {processor.py:925} INFO - DAG(s) 'tutorial_taskflow_api' retrieved from /home/shamim/airflow_git/Airflow_project/air_venv/lib/python3.12/site-packages/airflow/example_dags/tutorial_taskflow_api.py
[2025-02-11T09:03:49.257+0600] {logging_mixin.py:190} INFO - [2025-02-11T09:03:49.257+0600] {dag.py:3239} INFO - Sync 1 DAGs
[2025-02-11T09:03:49.272+0600] {logging_mixin.py:190} INFO - [2025-02-11T09:03:49.272+0600] {dag.py:4180} INFO - Setting next_dagrun for tutorial_taskflow_api to None, run_after=None
[2025-02-11T09:03:49.302+0600] {processor.py:208} INFO - Processing /home/shamim/airflow_git/Airflow_project/air_venv/lib/python3.12/site-packages/airflow/example_dags/tutorial_taskflow_api.py took 0.091 seconds
[2025-02-11T09:04:28.386+0600] {processor.py:186} INFO - Started process (PID=6928) to work on /home/shamim/airflow_git/Airflow_project/air_venv/lib/python3.12/site-packages/airflow/example_dags/tutorial_taskflow_api.py
[2025-02-11T09:04:28.393+0600] {processor.py:914} INFO - Processing file /home/shamim/airflow_git/Airflow_project/air_venv/lib/python3.12/site-packages/airflow/example_dags/tutorial_taskflow_api.py for tasks to queue
[2025-02-11T09:04:28.395+0600] {logging_mixin.py:190} INFO - [2025-02-11T09:04:28.394+0600] {dagbag.py:588} INFO - Filling up the DagBag from /home/shamim/airflow_git/Airflow_project/air_venv/lib/python3.12/site-packages/airflow/example_dags/tutorial_taskflow_api.py
[2025-02-11T09:04:28.409+0600] {processor.py:925} INFO - DAG(s) 'tutorial_taskflow_api' retrieved from /home/shamim/airflow_git/Airflow_project/air_venv/lib/python3.12/site-packages/airflow/example_dags/tutorial_taskflow_api.py
[2025-02-11T09:04:28.427+0600] {logging_mixin.py:190} INFO - [2025-02-11T09:04:28.427+0600] {dag.py:3239} INFO - Sync 1 DAGs
[2025-02-11T09:04:28.442+0600] {logging_mixin.py:190} INFO - [2025-02-11T09:04:28.442+0600] {dag.py:4180} INFO - Setting next_dagrun for tutorial_taskflow_api to None, run_after=None
[2025-02-11T09:04:28.468+0600] {processor.py:208} INFO - Processing /home/shamim/airflow_git/Airflow_project/air_venv/lib/python3.12/site-packages/airflow/example_dags/tutorial_taskflow_api.py took 0.091 seconds
[2025-02-11T09:05:45.902+0600] {processor.py:186} INFO - Started process (PID=7292) to work on /home/shamim/airflow_git/Airflow_project/air_venv/lib/python3.12/site-packages/airflow/example_dags/tutorial_taskflow_api.py
[2025-02-11T09:05:45.908+0600] {processor.py:914} INFO - Processing file /home/shamim/airflow_git/Airflow_project/air_venv/lib/python3.12/site-packages/airflow/example_dags/tutorial_taskflow_api.py for tasks to queue
[2025-02-11T09:05:45.910+0600] {logging_mixin.py:190} INFO - [2025-02-11T09:05:45.909+0600] {dagbag.py:588} INFO - Filling up the DagBag from /home/shamim/airflow_git/Airflow_project/air_venv/lib/python3.12/site-packages/airflow/example_dags/tutorial_taskflow_api.py
[2025-02-11T09:05:45.920+0600] {processor.py:925} INFO - DAG(s) 'tutorial_taskflow_api' retrieved from /home/shamim/airflow_git/Airflow_project/air_venv/lib/python3.12/site-packages/airflow/example_dags/tutorial_taskflow_api.py
[2025-02-11T09:05:45.937+0600] {logging_mixin.py:190} INFO - [2025-02-11T09:05:45.936+0600] {dag.py:3239} INFO - Sync 1 DAGs
[2025-02-11T09:05:45.952+0600] {logging_mixin.py:190} INFO - [2025-02-11T09:05:45.951+0600] {dag.py:4180} INFO - Setting next_dagrun for tutorial_taskflow_api to None, run_after=None
[2025-02-11T09:05:45.987+0600] {processor.py:208} INFO - Processing /home/shamim/airflow_git/Airflow_project/air_venv/lib/python3.12/site-packages/airflow/example_dags/tutorial_taskflow_api.py took 0.093 seconds
[2025-02-11T09:07:06.640+0600] {processor.py:186} INFO - Started process (PID=7681) to work on /home/shamim/airflow_git/Airflow_project/air_venv/lib/python3.12/site-packages/airflow/example_dags/tutorial_taskflow_api.py
[2025-02-11T09:07:06.646+0600] {processor.py:914} INFO - Processing file /home/shamim/airflow_git/Airflow_project/air_venv/lib/python3.12/site-packages/airflow/example_dags/tutorial_taskflow_api.py for tasks to queue
[2025-02-11T09:07:06.648+0600] {logging_mixin.py:190} INFO - [2025-02-11T09:07:06.647+0600] {dagbag.py:588} INFO - Filling up the DagBag from /home/shamim/airflow_git/Airflow_project/air_venv/lib/python3.12/site-packages/airflow/example_dags/tutorial_taskflow_api.py
[2025-02-11T09:07:06.660+0600] {processor.py:925} INFO - DAG(s) 'tutorial_taskflow_api' retrieved from /home/shamim/airflow_git/Airflow_project/air_venv/lib/python3.12/site-packages/airflow/example_dags/tutorial_taskflow_api.py
[2025-02-11T09:07:06.678+0600] {logging_mixin.py:190} INFO - [2025-02-11T09:07:06.677+0600] {dag.py:3239} INFO - Sync 1 DAGs
[2025-02-11T09:07:06.693+0600] {logging_mixin.py:190} INFO - [2025-02-11T09:07:06.692+0600] {dag.py:4180} INFO - Setting next_dagrun for tutorial_taskflow_api to None, run_after=None
[2025-02-11T09:07:06.739+0600] {processor.py:208} INFO - Processing /home/shamim/airflow_git/Airflow_project/air_venv/lib/python3.12/site-packages/airflow/example_dags/tutorial_taskflow_api.py took 0.106 seconds
[2025-02-11T09:07:48.361+0600] {processor.py:186} INFO - Started process (PID=7955) to work on /home/shamim/airflow_git/Airflow_project/air_venv/lib/python3.12/site-packages/airflow/example_dags/tutorial_taskflow_api.py
[2025-02-11T09:07:48.368+0600] {processor.py:914} INFO - Processing file /home/shamim/airflow_git/Airflow_project/air_venv/lib/python3.12/site-packages/airflow/example_dags/tutorial_taskflow_api.py for tasks to queue
[2025-02-11T09:07:48.370+0600] {logging_mixin.py:190} INFO - [2025-02-11T09:07:48.369+0600] {dagbag.py:588} INFO - Filling up the DagBag from /home/shamim/airflow_git/Airflow_project/air_venv/lib/python3.12/site-packages/airflow/example_dags/tutorial_taskflow_api.py
[2025-02-11T09:07:48.394+0600] {processor.py:925} INFO - DAG(s) 'tutorial_taskflow_api' retrieved from /home/shamim/airflow_git/Airflow_project/air_venv/lib/python3.12/site-packages/airflow/example_dags/tutorial_taskflow_api.py
[2025-02-11T09:07:48.429+0600] {logging_mixin.py:190} INFO - [2025-02-11T09:07:48.429+0600] {dag.py:3239} INFO - Sync 1 DAGs
[2025-02-11T09:07:48.454+0600] {logging_mixin.py:190} INFO - [2025-02-11T09:07:48.453+0600] {dag.py:4180} INFO - Setting next_dagrun for tutorial_taskflow_api to None, run_after=None
[2025-02-11T09:07:48.495+0600] {processor.py:208} INFO - Processing /home/shamim/airflow_git/Airflow_project/air_venv/lib/python3.12/site-packages/airflow/example_dags/tutorial_taskflow_api.py took 0.144 seconds
[2025-02-11T09:08:29.107+0600] {processor.py:186} INFO - Started process (PID=8212) to work on /home/shamim/airflow_git/Airflow_project/air_venv/lib/python3.12/site-packages/airflow/example_dags/tutorial_taskflow_api.py
[2025-02-11T09:08:29.114+0600] {processor.py:914} INFO - Processing file /home/shamim/airflow_git/Airflow_project/air_venv/lib/python3.12/site-packages/airflow/example_dags/tutorial_taskflow_api.py for tasks to queue
[2025-02-11T09:08:29.116+0600] {logging_mixin.py:190} INFO - [2025-02-11T09:08:29.115+0600] {dagbag.py:588} INFO - Filling up the DagBag from /home/shamim/airflow_git/Airflow_project/air_venv/lib/python3.12/site-packages/airflow/example_dags/tutorial_taskflow_api.py
[2025-02-11T09:08:29.132+0600] {processor.py:925} INFO - DAG(s) 'tutorial_taskflow_api' retrieved from /home/shamim/airflow_git/Airflow_project/air_venv/lib/python3.12/site-packages/airflow/example_dags/tutorial_taskflow_api.py
[2025-02-11T09:08:29.155+0600] {logging_mixin.py:190} INFO - [2025-02-11T09:08:29.154+0600] {dag.py:3239} INFO - Sync 1 DAGs
[2025-02-11T09:08:29.179+0600] {logging_mixin.py:190} INFO - [2025-02-11T09:08:29.179+0600] {dag.py:4180} INFO - Setting next_dagrun for tutorial_taskflow_api to None, run_after=None
[2025-02-11T09:08:29.227+0600] {processor.py:208} INFO - Processing /home/shamim/airflow_git/Airflow_project/air_venv/lib/python3.12/site-packages/airflow/example_dags/tutorial_taskflow_api.py took 0.126 seconds
[2025-02-11T09:09:14.310+0600] {processor.py:186} INFO - Started process (PID=8479) to work on /home/shamim/airflow_git/Airflow_project/air_venv/lib/python3.12/site-packages/airflow/example_dags/tutorial_taskflow_api.py
[2025-02-11T09:09:14.316+0600] {processor.py:914} INFO - Processing file /home/shamim/airflow_git/Airflow_project/air_venv/lib/python3.12/site-packages/airflow/example_dags/tutorial_taskflow_api.py for tasks to queue
[2025-02-11T09:09:14.317+0600] {logging_mixin.py:190} INFO - [2025-02-11T09:09:14.317+0600] {dagbag.py:588} INFO - Filling up the DagBag from /home/shamim/airflow_git/Airflow_project/air_venv/lib/python3.12/site-packages/airflow/example_dags/tutorial_taskflow_api.py
[2025-02-11T09:09:14.329+0600] {processor.py:925} INFO - DAG(s) 'tutorial_taskflow_api' retrieved from /home/shamim/airflow_git/Airflow_project/air_venv/lib/python3.12/site-packages/airflow/example_dags/tutorial_taskflow_api.py
[2025-02-11T09:09:14.348+0600] {logging_mixin.py:190} INFO - [2025-02-11T09:09:14.348+0600] {dag.py:3239} INFO - Sync 1 DAGs
[2025-02-11T09:09:14.369+0600] {logging_mixin.py:190} INFO - [2025-02-11T09:09:14.369+0600] {dag.py:4180} INFO - Setting next_dagrun for tutorial_taskflow_api to None, run_after=None
[2025-02-11T09:09:14.407+0600] {processor.py:208} INFO - Processing /home/shamim/airflow_git/Airflow_project/air_venv/lib/python3.12/site-packages/airflow/example_dags/tutorial_taskflow_api.py took 0.105 seconds
[2025-02-11T09:09:56.500+0600] {processor.py:186} INFO - Started process (PID=8719) to work on /home/shamim/airflow_git/Airflow_project/air_venv/lib/python3.12/site-packages/airflow/example_dags/tutorial_taskflow_api.py
[2025-02-11T09:09:56.506+0600] {processor.py:914} INFO - Processing file /home/shamim/airflow_git/Airflow_project/air_venv/lib/python3.12/site-packages/airflow/example_dags/tutorial_taskflow_api.py for tasks to queue
[2025-02-11T09:09:56.508+0600] {logging_mixin.py:190} INFO - [2025-02-11T09:09:56.508+0600] {dagbag.py:588} INFO - Filling up the DagBag from /home/shamim/airflow_git/Airflow_project/air_venv/lib/python3.12/site-packages/airflow/example_dags/tutorial_taskflow_api.py
[2025-02-11T09:09:56.520+0600] {processor.py:925} INFO - DAG(s) 'tutorial_taskflow_api' retrieved from /home/shamim/airflow_git/Airflow_project/air_venv/lib/python3.12/site-packages/airflow/example_dags/tutorial_taskflow_api.py
[2025-02-11T09:09:56.538+0600] {logging_mixin.py:190} INFO - [2025-02-11T09:09:56.538+0600] {dag.py:3239} INFO - Sync 1 DAGs
[2025-02-11T09:09:56.553+0600] {logging_mixin.py:190} INFO - [2025-02-11T09:09:56.553+0600] {dag.py:4180} INFO - Setting next_dagrun for tutorial_taskflow_api to None, run_after=None
[2025-02-11T09:09:56.599+0600] {processor.py:208} INFO - Processing /home/shamim/airflow_git/Airflow_project/air_venv/lib/python3.12/site-packages/airflow/example_dags/tutorial_taskflow_api.py took 0.106 seconds
[2025-02-11T09:10:37.191+0600] {processor.py:186} INFO - Started process (PID=8983) to work on /home/shamim/airflow_git/Airflow_project/air_venv/lib/python3.12/site-packages/airflow/example_dags/tutorial_taskflow_api.py
[2025-02-11T09:10:37.198+0600] {processor.py:914} INFO - Processing file /home/shamim/airflow_git/Airflow_project/air_venv/lib/python3.12/site-packages/airflow/example_dags/tutorial_taskflow_api.py for tasks to queue
[2025-02-11T09:10:37.200+0600] {logging_mixin.py:190} INFO - [2025-02-11T09:10:37.199+0600] {dagbag.py:588} INFO - Filling up the DagBag from /home/shamim/airflow_git/Airflow_project/air_venv/lib/python3.12/site-packages/airflow/example_dags/tutorial_taskflow_api.py
[2025-02-11T09:10:37.217+0600] {processor.py:925} INFO - DAG(s) 'tutorial_taskflow_api' retrieved from /home/shamim/airflow_git/Airflow_project/air_venv/lib/python3.12/site-packages/airflow/example_dags/tutorial_taskflow_api.py
[2025-02-11T09:10:37.250+0600] {logging_mixin.py:190} INFO - [2025-02-11T09:10:37.250+0600] {dag.py:3239} INFO - Sync 1 DAGs
[2025-02-11T09:10:37.282+0600] {logging_mixin.py:190} INFO - [2025-02-11T09:10:37.282+0600] {dag.py:4180} INFO - Setting next_dagrun for tutorial_taskflow_api to None, run_after=None
[2025-02-11T09:10:37.342+0600] {processor.py:208} INFO - Processing /home/shamim/airflow_git/Airflow_project/air_venv/lib/python3.12/site-packages/airflow/example_dags/tutorial_taskflow_api.py took 0.169 seconds
[2025-02-11T09:11:56.879+0600] {processor.py:186} INFO - Started process (PID=9450) to work on /home/shamim/airflow_git/Airflow_project/air_venv/lib/python3.12/site-packages/airflow/example_dags/tutorial_taskflow_api.py
[2025-02-11T09:11:57.756+0600] {processor.py:914} INFO - Processing file /home/shamim/airflow_git/Airflow_project/air_venv/lib/python3.12/site-packages/airflow/example_dags/tutorial_taskflow_api.py for tasks to queue
[2025-02-11T09:11:57.764+0600] {logging_mixin.py:190} INFO - [2025-02-11T09:11:57.761+0600] {dagbag.py:588} INFO - Filling up the DagBag from /home/shamim/airflow_git/Airflow_project/air_venv/lib/python3.12/site-packages/airflow/example_dags/tutorial_taskflow_api.py
[2025-02-11T09:11:57.786+0600] {processor.py:925} INFO - DAG(s) 'tutorial_taskflow_api' retrieved from /home/shamim/airflow_git/Airflow_project/air_venv/lib/python3.12/site-packages/airflow/example_dags/tutorial_taskflow_api.py
[2025-02-11T09:11:57.822+0600] {logging_mixin.py:190} INFO - [2025-02-11T09:11:57.821+0600] {dag.py:3239} INFO - Sync 1 DAGs
[2025-02-11T09:11:57.856+0600] {logging_mixin.py:190} INFO - [2025-02-11T09:11:57.855+0600] {dag.py:4180} INFO - Setting next_dagrun for tutorial_taskflow_api to None, run_after=None
[2025-02-11T09:11:57.905+0600] {processor.py:208} INFO - Processing /home/shamim/airflow_git/Airflow_project/air_venv/lib/python3.12/site-packages/airflow/example_dags/tutorial_taskflow_api.py took 1.033 seconds
[2025-02-11T09:12:40.886+0600] {processor.py:186} INFO - Started process (PID=9747) to work on /home/shamim/airflow_git/Airflow_project/air_venv/lib/python3.12/site-packages/airflow/example_dags/tutorial_taskflow_api.py
[2025-02-11T09:12:40.894+0600] {processor.py:914} INFO - Processing file /home/shamim/airflow_git/Airflow_project/air_venv/lib/python3.12/site-packages/airflow/example_dags/tutorial_taskflow_api.py for tasks to queue
[2025-02-11T09:12:40.896+0600] {logging_mixin.py:190} INFO - [2025-02-11T09:12:40.895+0600] {dagbag.py:588} INFO - Filling up the DagBag from /home/shamim/airflow_git/Airflow_project/air_venv/lib/python3.12/site-packages/airflow/example_dags/tutorial_taskflow_api.py
[2025-02-11T09:12:40.910+0600] {processor.py:925} INFO - DAG(s) 'tutorial_taskflow_api' retrieved from /home/shamim/airflow_git/Airflow_project/air_venv/lib/python3.12/site-packages/airflow/example_dags/tutorial_taskflow_api.py
[2025-02-11T09:12:40.931+0600] {logging_mixin.py:190} INFO - [2025-02-11T09:12:40.930+0600] {dag.py:3239} INFO - Sync 1 DAGs
[2025-02-11T09:12:40.950+0600] {logging_mixin.py:190} INFO - [2025-02-11T09:12:40.950+0600] {dag.py:4180} INFO - Setting next_dagrun for tutorial_taskflow_api to None, run_after=None
[2025-02-11T09:12:40.979+0600] {processor.py:208} INFO - Processing /home/shamim/airflow_git/Airflow_project/air_venv/lib/python3.12/site-packages/airflow/example_dags/tutorial_taskflow_api.py took 0.100 seconds
[2025-02-11T09:13:21.597+0600] {processor.py:186} INFO - Started process (PID=10007) to work on /home/shamim/airflow_git/Airflow_project/air_venv/lib/python3.12/site-packages/airflow/example_dags/tutorial_taskflow_api.py
[2025-02-11T09:13:21.603+0600] {processor.py:914} INFO - Processing file /home/shamim/airflow_git/Airflow_project/air_venv/lib/python3.12/site-packages/airflow/example_dags/tutorial_taskflow_api.py for tasks to queue
[2025-02-11T09:13:21.606+0600] {logging_mixin.py:190} INFO - [2025-02-11T09:13:21.606+0600] {dagbag.py:588} INFO - Filling up the DagBag from /home/shamim/airflow_git/Airflow_project/air_venv/lib/python3.12/site-packages/airflow/example_dags/tutorial_taskflow_api.py
[2025-02-11T09:13:21.624+0600] {processor.py:925} INFO - DAG(s) 'tutorial_taskflow_api' retrieved from /home/shamim/airflow_git/Airflow_project/air_venv/lib/python3.12/site-packages/airflow/example_dags/tutorial_taskflow_api.py
[2025-02-11T09:13:21.643+0600] {logging_mixin.py:190} INFO - [2025-02-11T09:13:21.643+0600] {dag.py:3239} INFO - Sync 1 DAGs
[2025-02-11T09:13:21.660+0600] {logging_mixin.py:190} INFO - [2025-02-11T09:13:21.660+0600] {dag.py:4180} INFO - Setting next_dagrun for tutorial_taskflow_api to None, run_after=None
[2025-02-11T09:13:21.685+0600] {processor.py:208} INFO - Processing /home/shamim/airflow_git/Airflow_project/air_venv/lib/python3.12/site-packages/airflow/example_dags/tutorial_taskflow_api.py took 0.099 seconds
