[2025-02-11T08:59:10.118+0600] {processor.py:186} INFO - Started process (PID=5590) to work on /home/shamim/airflow_git/Airflow_project/air_venv/lib/python3.12/site-packages/airflow/example_dags/tutorial_taskflow_templates.py
[2025-02-11T08:59:10.119+0600] {processor.py:914} INFO - Processing file /home/shamim/airflow_git/Airflow_project/air_venv/lib/python3.12/site-packages/airflow/example_dags/tutorial_taskflow_templates.py for tasks to queue
[2025-02-11T08:59:10.122+0600] {logging_mixin.py:190} INFO - [2025-02-11T08:59:10.122+0600] {dagbag.py:588} INFO - Filling up the DagBag from /home/shamim/airflow_git/Airflow_project/air_venv/lib/python3.12/site-packages/airflow/example_dags/tutorial_taskflow_templates.py
[2025-02-11T08:59:10.148+0600] {processor.py:925} INFO - DAG(s) 'tutorial_taskflow_templates' retrieved from /home/shamim/airflow_git/Airflow_project/air_venv/lib/python3.12/site-packages/airflow/example_dags/tutorial_taskflow_templates.py
[2025-02-11T08:59:10.174+0600] {logging_mixin.py:190} INFO - [2025-02-11T08:59:10.174+0600] {dag.py:3239} INFO - Sync 1 DAGs
[2025-02-11T08:59:10.203+0600] {logging_mixin.py:190} INFO - [2025-02-11T08:59:10.203+0600] {dag.py:4180} INFO - Setting next_dagrun for tutorial_taskflow_templates to 2025-02-10 00:00:00+00:00, run_after=2025-02-11 00:00:00+00:00
[2025-02-11T08:59:10.238+0600] {processor.py:208} INFO - Processing /home/shamim/airflow_git/Airflow_project/air_venv/lib/python3.12/site-packages/airflow/example_dags/tutorial_taskflow_templates.py took 0.129 seconds
[2025-02-11T09:00:17.555+0600] {processor.py:186} INFO - Started process (PID=5781) to work on /home/shamim/airflow_git/Airflow_project/air_venv/lib/python3.12/site-packages/airflow/example_dags/tutorial_taskflow_templates.py
[2025-02-11T09:00:17.563+0600] {processor.py:914} INFO - Processing file /home/shamim/airflow_git/Airflow_project/air_venv/lib/python3.12/site-packages/airflow/example_dags/tutorial_taskflow_templates.py for tasks to queue
[2025-02-11T09:00:17.570+0600] {logging_mixin.py:190} INFO - [2025-02-11T09:00:17.569+0600] {dagbag.py:588} INFO - Filling up the DagBag from /home/shamim/airflow_git/Airflow_project/air_venv/lib/python3.12/site-packages/airflow/example_dags/tutorial_taskflow_templates.py
[2025-02-11T09:00:17.604+0600] {processor.py:925} INFO - DAG(s) 'tutorial_taskflow_templates' retrieved from /home/shamim/airflow_git/Airflow_project/air_venv/lib/python3.12/site-packages/airflow/example_dags/tutorial_taskflow_templates.py
[2025-02-11T09:00:17.625+0600] {logging_mixin.py:190} INFO - [2025-02-11T09:00:17.625+0600] {dag.py:3239} INFO - Sync 1 DAGs
[2025-02-11T09:00:17.654+0600] {logging_mixin.py:190} INFO - [2025-02-11T09:00:17.654+0600] {dag.py:4180} INFO - Setting next_dagrun for tutorial_taskflow_templates to 2025-02-10 00:00:00+00:00, run_after=2025-02-11 00:00:00+00:00
[2025-02-11T09:00:17.685+0600] {processor.py:208} INFO - Processing /home/shamim/airflow_git/Airflow_project/air_venv/lib/python3.12/site-packages/airflow/example_dags/tutorial_taskflow_templates.py took 0.152 seconds
[2025-02-11T09:00:59.389+0600] {processor.py:186} INFO - Started process (PID=5920) to work on /home/shamim/airflow_git/Airflow_project/air_venv/lib/python3.12/site-packages/airflow/example_dags/tutorial_taskflow_templates.py
[2025-02-11T09:00:59.396+0600] {processor.py:914} INFO - Processing file /home/shamim/airflow_git/Airflow_project/air_venv/lib/python3.12/site-packages/airflow/example_dags/tutorial_taskflow_templates.py for tasks to queue
[2025-02-11T09:00:59.398+0600] {logging_mixin.py:190} INFO - [2025-02-11T09:00:59.398+0600] {dagbag.py:588} INFO - Filling up the DagBag from /home/shamim/airflow_git/Airflow_project/air_venv/lib/python3.12/site-packages/airflow/example_dags/tutorial_taskflow_templates.py
[2025-02-11T09:00:59.416+0600] {processor.py:925} INFO - DAG(s) 'tutorial_taskflow_templates' retrieved from /home/shamim/airflow_git/Airflow_project/air_venv/lib/python3.12/site-packages/airflow/example_dags/tutorial_taskflow_templates.py
[2025-02-11T09:00:59.440+0600] {logging_mixin.py:190} INFO - [2025-02-11T09:00:59.440+0600] {dag.py:3239} INFO - Sync 1 DAGs
[2025-02-11T09:00:59.472+0600] {logging_mixin.py:190} INFO - [2025-02-11T09:00:59.471+0600] {dag.py:4180} INFO - Setting next_dagrun for tutorial_taskflow_templates to 2025-02-10 00:00:00+00:00, run_after=2025-02-11 00:00:00+00:00
[2025-02-11T09:00:59.509+0600] {processor.py:208} INFO - Processing /home/shamim/airflow_git/Airflow_project/air_venv/lib/python3.12/site-packages/airflow/example_dags/tutorial_taskflow_templates.py took 0.128 seconds
[2025-02-11T09:01:45.008+0600] {processor.py:186} INFO - Started process (PID=6118) to work on /home/shamim/airflow_git/Airflow_project/air_venv/lib/python3.12/site-packages/airflow/example_dags/tutorial_taskflow_templates.py
[2025-02-11T09:01:45.015+0600] {processor.py:914} INFO - Processing file /home/shamim/airflow_git/Airflow_project/air_venv/lib/python3.12/site-packages/airflow/example_dags/tutorial_taskflow_templates.py for tasks to queue
[2025-02-11T09:01:45.018+0600] {logging_mixin.py:190} INFO - [2025-02-11T09:01:45.018+0600] {dagbag.py:588} INFO - Filling up the DagBag from /home/shamim/airflow_git/Airflow_project/air_venv/lib/python3.12/site-packages/airflow/example_dags/tutorial_taskflow_templates.py
[2025-02-11T09:01:45.046+0600] {processor.py:925} INFO - DAG(s) 'tutorial_taskflow_templates' retrieved from /home/shamim/airflow_git/Airflow_project/air_venv/lib/python3.12/site-packages/airflow/example_dags/tutorial_taskflow_templates.py
[2025-02-11T09:01:45.075+0600] {logging_mixin.py:190} INFO - [2025-02-11T09:01:45.074+0600] {dag.py:3239} INFO - Sync 1 DAGs
[2025-02-11T09:01:45.104+0600] {logging_mixin.py:190} INFO - [2025-02-11T09:01:45.104+0600] {dag.py:4180} INFO - Setting next_dagrun for tutorial_taskflow_templates to 2025-02-10 00:00:00+00:00, run_after=2025-02-11 00:00:00+00:00
[2025-02-11T09:01:45.141+0600] {processor.py:208} INFO - Processing /home/shamim/airflow_git/Airflow_project/air_venv/lib/python3.12/site-packages/airflow/example_dags/tutorial_taskflow_templates.py took 0.143 seconds
[2025-02-11T09:02:27.265+0600] {processor.py:186} INFO - Started process (PID=6330) to work on /home/shamim/airflow_git/Airflow_project/air_venv/lib/python3.12/site-packages/airflow/example_dags/tutorial_taskflow_templates.py
[2025-02-11T09:02:27.273+0600] {processor.py:914} INFO - Processing file /home/shamim/airflow_git/Airflow_project/air_venv/lib/python3.12/site-packages/airflow/example_dags/tutorial_taskflow_templates.py for tasks to queue
[2025-02-11T09:02:27.283+0600] {logging_mixin.py:190} INFO - [2025-02-11T09:02:27.281+0600] {dagbag.py:588} INFO - Filling up the DagBag from /home/shamim/airflow_git/Airflow_project/air_venv/lib/python3.12/site-packages/airflow/example_dags/tutorial_taskflow_templates.py
[2025-02-11T09:02:27.318+0600] {processor.py:925} INFO - DAG(s) 'tutorial_taskflow_templates' retrieved from /home/shamim/airflow_git/Airflow_project/air_venv/lib/python3.12/site-packages/airflow/example_dags/tutorial_taskflow_templates.py
[2025-02-11T09:02:27.342+0600] {logging_mixin.py:190} INFO - [2025-02-11T09:02:27.341+0600] {dag.py:3239} INFO - Sync 1 DAGs
[2025-02-11T09:02:27.373+0600] {logging_mixin.py:190} INFO - [2025-02-11T09:02:27.373+0600] {dag.py:4180} INFO - Setting next_dagrun for tutorial_taskflow_templates to 2025-02-10 00:00:00+00:00, run_after=2025-02-11 00:00:00+00:00
[2025-02-11T09:02:27.409+0600] {processor.py:208} INFO - Processing /home/shamim/airflow_git/Airflow_project/air_venv/lib/python3.12/site-packages/airflow/example_dags/tutorial_taskflow_templates.py took 0.174 seconds
[2025-02-11T09:03:07.588+0600] {processor.py:186} INFO - Started process (PID=6606) to work on /home/shamim/airflow_git/Airflow_project/air_venv/lib/python3.12/site-packages/airflow/example_dags/tutorial_taskflow_templates.py
[2025-02-11T09:03:07.592+0600] {processor.py:914} INFO - Processing file /home/shamim/airflow_git/Airflow_project/air_venv/lib/python3.12/site-packages/airflow/example_dags/tutorial_taskflow_templates.py for tasks to queue
[2025-02-11T09:03:07.595+0600] {logging_mixin.py:190} INFO - [2025-02-11T09:03:07.594+0600] {dagbag.py:588} INFO - Filling up the DagBag from /home/shamim/airflow_git/Airflow_project/air_venv/lib/python3.12/site-packages/airflow/example_dags/tutorial_taskflow_templates.py
[2025-02-11T09:03:07.611+0600] {processor.py:925} INFO - DAG(s) 'tutorial_taskflow_templates' retrieved from /home/shamim/airflow_git/Airflow_project/air_venv/lib/python3.12/site-packages/airflow/example_dags/tutorial_taskflow_templates.py
[2025-02-11T09:03:07.632+0600] {logging_mixin.py:190} INFO - [2025-02-11T09:03:07.631+0600] {dag.py:3239} INFO - Sync 1 DAGs
[2025-02-11T09:03:07.662+0600] {logging_mixin.py:190} INFO - [2025-02-11T09:03:07.662+0600] {dag.py:4180} INFO - Setting next_dagrun for tutorial_taskflow_templates to 2025-02-10 00:00:00+00:00, run_after=2025-02-11 00:00:00+00:00
[2025-02-11T09:03:07.689+0600] {processor.py:208} INFO - Processing /home/shamim/airflow_git/Airflow_project/air_venv/lib/python3.12/site-packages/airflow/example_dags/tutorial_taskflow_templates.py took 0.108 seconds
[2025-02-11T09:03:51.285+0600] {processor.py:186} INFO - Started process (PID=6807) to work on /home/shamim/airflow_git/Airflow_project/air_venv/lib/python3.12/site-packages/airflow/example_dags/tutorial_taskflow_templates.py
[2025-02-11T09:03:51.293+0600] {processor.py:914} INFO - Processing file /home/shamim/airflow_git/Airflow_project/air_venv/lib/python3.12/site-packages/airflow/example_dags/tutorial_taskflow_templates.py for tasks to queue
[2025-02-11T09:03:51.300+0600] {logging_mixin.py:190} INFO - [2025-02-11T09:03:51.299+0600] {dagbag.py:588} INFO - Filling up the DagBag from /home/shamim/airflow_git/Airflow_project/air_venv/lib/python3.12/site-packages/airflow/example_dags/tutorial_taskflow_templates.py
[2025-02-11T09:03:51.325+0600] {processor.py:925} INFO - DAG(s) 'tutorial_taskflow_templates' retrieved from /home/shamim/airflow_git/Airflow_project/air_venv/lib/python3.12/site-packages/airflow/example_dags/tutorial_taskflow_templates.py
[2025-02-11T09:03:51.343+0600] {logging_mixin.py:190} INFO - [2025-02-11T09:03:51.342+0600] {dag.py:3239} INFO - Sync 1 DAGs
[2025-02-11T09:03:51.367+0600] {logging_mixin.py:190} INFO - [2025-02-11T09:03:51.367+0600] {dag.py:4180} INFO - Setting next_dagrun for tutorial_taskflow_templates to 2025-02-10 00:00:00+00:00, run_after=2025-02-11 00:00:00+00:00
[2025-02-11T09:03:51.391+0600] {processor.py:208} INFO - Processing /home/shamim/airflow_git/Airflow_project/air_venv/lib/python3.12/site-packages/airflow/example_dags/tutorial_taskflow_templates.py took 0.125 seconds
[2025-02-11T09:05:07.597+0600] {processor.py:186} INFO - Started process (PID=7110) to work on /home/shamim/airflow_git/Airflow_project/air_venv/lib/python3.12/site-packages/airflow/example_dags/tutorial_taskflow_templates.py
[2025-02-11T09:05:07.602+0600] {processor.py:914} INFO - Processing file /home/shamim/airflow_git/Airflow_project/air_venv/lib/python3.12/site-packages/airflow/example_dags/tutorial_taskflow_templates.py for tasks to queue
[2025-02-11T09:05:07.604+0600] {logging_mixin.py:190} INFO - [2025-02-11T09:05:07.604+0600] {dagbag.py:588} INFO - Filling up the DagBag from /home/shamim/airflow_git/Airflow_project/air_venv/lib/python3.12/site-packages/airflow/example_dags/tutorial_taskflow_templates.py
[2025-02-11T09:05:07.623+0600] {processor.py:925} INFO - DAG(s) 'tutorial_taskflow_templates' retrieved from /home/shamim/airflow_git/Airflow_project/air_venv/lib/python3.12/site-packages/airflow/example_dags/tutorial_taskflow_templates.py
[2025-02-11T09:05:07.643+0600] {logging_mixin.py:190} INFO - [2025-02-11T09:05:07.642+0600] {dag.py:3239} INFO - Sync 1 DAGs
[2025-02-11T09:05:07.671+0600] {logging_mixin.py:190} INFO - [2025-02-11T09:05:07.670+0600] {dag.py:4180} INFO - Setting next_dagrun for tutorial_taskflow_templates to 2025-02-10 00:00:00+00:00, run_after=2025-02-11 00:00:00+00:00
[2025-02-11T09:05:07.695+0600] {processor.py:208} INFO - Processing /home/shamim/airflow_git/Airflow_project/air_venv/lib/python3.12/site-packages/airflow/example_dags/tutorial_taskflow_templates.py took 0.119 seconds
[2025-02-11T09:06:26.440+0600] {processor.py:186} INFO - Started process (PID=7466) to work on /home/shamim/airflow_git/Airflow_project/air_venv/lib/python3.12/site-packages/airflow/example_dags/tutorial_taskflow_templates.py
[2025-02-11T09:06:26.441+0600] {processor.py:914} INFO - Processing file /home/shamim/airflow_git/Airflow_project/air_venv/lib/python3.12/site-packages/airflow/example_dags/tutorial_taskflow_templates.py for tasks to queue
[2025-02-11T09:06:26.444+0600] {logging_mixin.py:190} INFO - [2025-02-11T09:06:26.443+0600] {dagbag.py:588} INFO - Filling up the DagBag from /home/shamim/airflow_git/Airflow_project/air_venv/lib/python3.12/site-packages/airflow/example_dags/tutorial_taskflow_templates.py
[2025-02-11T09:06:26.464+0600] {processor.py:925} INFO - DAG(s) 'tutorial_taskflow_templates' retrieved from /home/shamim/airflow_git/Airflow_project/air_venv/lib/python3.12/site-packages/airflow/example_dags/tutorial_taskflow_templates.py
[2025-02-11T09:06:26.482+0600] {logging_mixin.py:190} INFO - [2025-02-11T09:06:26.481+0600] {dag.py:3239} INFO - Sync 1 DAGs
[2025-02-11T09:06:26.507+0600] {logging_mixin.py:190} INFO - [2025-02-11T09:06:26.507+0600] {dag.py:4180} INFO - Setting next_dagrun for tutorial_taskflow_templates to 2025-02-10 00:00:00+00:00, run_after=2025-02-11 00:00:00+00:00
[2025-02-11T09:06:26.534+0600] {processor.py:208} INFO - Processing /home/shamim/airflow_git/Airflow_project/air_venv/lib/python3.12/site-packages/airflow/example_dags/tutorial_taskflow_templates.py took 0.109 seconds
[2025-02-11T09:07:09.057+0600] {processor.py:186} INFO - Started process (PID=7686) to work on /home/shamim/airflow_git/Airflow_project/air_venv/lib/python3.12/site-packages/airflow/example_dags/tutorial_taskflow_templates.py
[2025-02-11T09:07:09.063+0600] {processor.py:914} INFO - Processing file /home/shamim/airflow_git/Airflow_project/air_venv/lib/python3.12/site-packages/airflow/example_dags/tutorial_taskflow_templates.py for tasks to queue
[2025-02-11T09:07:09.065+0600] {logging_mixin.py:190} INFO - [2025-02-11T09:07:09.064+0600] {dagbag.py:588} INFO - Filling up the DagBag from /home/shamim/airflow_git/Airflow_project/air_venv/lib/python3.12/site-packages/airflow/example_dags/tutorial_taskflow_templates.py
[2025-02-11T09:07:09.133+0600] {processor.py:925} INFO - DAG(s) 'tutorial_taskflow_templates' retrieved from /home/shamim/airflow_git/Airflow_project/air_venv/lib/python3.12/site-packages/airflow/example_dags/tutorial_taskflow_templates.py
[2025-02-11T09:07:09.158+0600] {logging_mixin.py:190} INFO - [2025-02-11T09:07:09.158+0600] {dag.py:3239} INFO - Sync 1 DAGs
[2025-02-11T09:07:09.199+0600] {logging_mixin.py:190} INFO - [2025-02-11T09:07:09.199+0600] {dag.py:4180} INFO - Setting next_dagrun for tutorial_taskflow_templates to 2025-02-10 00:00:00+00:00, run_after=2025-02-11 00:00:00+00:00
[2025-02-11T09:07:09.238+0600] {processor.py:208} INFO - Processing /home/shamim/airflow_git/Airflow_project/air_venv/lib/python3.12/site-packages/airflow/example_dags/tutorial_taskflow_templates.py took 0.189 seconds
[2025-02-11T09:08:31.567+0600] {processor.py:186} INFO - Started process (PID=8215) to work on /home/shamim/airflow_git/Airflow_project/air_venv/lib/python3.12/site-packages/airflow/example_dags/tutorial_taskflow_templates.py
[2025-02-11T09:08:31.574+0600] {processor.py:914} INFO - Processing file /home/shamim/airflow_git/Airflow_project/air_venv/lib/python3.12/site-packages/airflow/example_dags/tutorial_taskflow_templates.py for tasks to queue
[2025-02-11T09:08:31.575+0600] {logging_mixin.py:190} INFO - [2025-02-11T09:08:31.575+0600] {dagbag.py:588} INFO - Filling up the DagBag from /home/shamim/airflow_git/Airflow_project/air_venv/lib/python3.12/site-packages/airflow/example_dags/tutorial_taskflow_templates.py
[2025-02-11T09:08:31.594+0600] {processor.py:925} INFO - DAG(s) 'tutorial_taskflow_templates' retrieved from /home/shamim/airflow_git/Airflow_project/air_venv/lib/python3.12/site-packages/airflow/example_dags/tutorial_taskflow_templates.py
[2025-02-11T09:08:31.614+0600] {logging_mixin.py:190} INFO - [2025-02-11T09:08:31.614+0600] {dag.py:3239} INFO - Sync 1 DAGs
[2025-02-11T09:08:31.651+0600] {logging_mixin.py:190} INFO - [2025-02-11T09:08:31.651+0600] {dag.py:4180} INFO - Setting next_dagrun for tutorial_taskflow_templates to 2025-02-10 00:00:00+00:00, run_after=2025-02-11 00:00:00+00:00
[2025-02-11T09:08:31.697+0600] {processor.py:208} INFO - Processing /home/shamim/airflow_git/Airflow_project/air_venv/lib/python3.12/site-packages/airflow/example_dags/tutorial_taskflow_templates.py took 0.137 seconds
[2025-02-11T09:09:16.146+0600] {processor.py:186} INFO - Started process (PID=8485) to work on /home/shamim/airflow_git/Airflow_project/air_venv/lib/python3.12/site-packages/airflow/example_dags/tutorial_taskflow_templates.py
[2025-02-11T09:09:16.152+0600] {processor.py:914} INFO - Processing file /home/shamim/airflow_git/Airflow_project/air_venv/lib/python3.12/site-packages/airflow/example_dags/tutorial_taskflow_templates.py for tasks to queue
[2025-02-11T09:09:16.154+0600] {logging_mixin.py:190} INFO - [2025-02-11T09:09:16.154+0600] {dagbag.py:588} INFO - Filling up the DagBag from /home/shamim/airflow_git/Airflow_project/air_venv/lib/python3.12/site-packages/airflow/example_dags/tutorial_taskflow_templates.py
[2025-02-11T09:09:16.188+0600] {processor.py:925} INFO - DAG(s) 'tutorial_taskflow_templates' retrieved from /home/shamim/airflow_git/Airflow_project/air_venv/lib/python3.12/site-packages/airflow/example_dags/tutorial_taskflow_templates.py
[2025-02-11T09:09:16.222+0600] {logging_mixin.py:190} INFO - [2025-02-11T09:09:16.222+0600] {dag.py:3239} INFO - Sync 1 DAGs
[2025-02-11T09:09:16.275+0600] {logging_mixin.py:190} INFO - [2025-02-11T09:09:16.274+0600] {dag.py:4180} INFO - Setting next_dagrun for tutorial_taskflow_templates to 2025-02-10 00:00:00+00:00, run_after=2025-02-11 00:00:00+00:00
[2025-02-11T09:09:17.208+0600] {processor.py:208} INFO - Processing /home/shamim/airflow_git/Airflow_project/air_venv/lib/python3.12/site-packages/airflow/example_dags/tutorial_taskflow_templates.py took 1.073 seconds
[2025-02-11T09:10:37.673+0600] {processor.py:186} INFO - Started process (PID=8984) to work on /home/shamim/airflow_git/Airflow_project/air_venv/lib/python3.12/site-packages/airflow/example_dags/tutorial_taskflow_templates.py
[2025-02-11T09:10:37.682+0600] {processor.py:914} INFO - Processing file /home/shamim/airflow_git/Airflow_project/air_venv/lib/python3.12/site-packages/airflow/example_dags/tutorial_taskflow_templates.py for tasks to queue
[2025-02-11T09:10:37.685+0600] {logging_mixin.py:190} INFO - [2025-02-11T09:10:37.684+0600] {dagbag.py:588} INFO - Filling up the DagBag from /home/shamim/airflow_git/Airflow_project/air_venv/lib/python3.12/site-packages/airflow/example_dags/tutorial_taskflow_templates.py
[2025-02-11T09:10:37.752+0600] {processor.py:925} INFO - DAG(s) 'tutorial_taskflow_templates' retrieved from /home/shamim/airflow_git/Airflow_project/air_venv/lib/python3.12/site-packages/airflow/example_dags/tutorial_taskflow_templates.py
[2025-02-11T09:10:37.778+0600] {logging_mixin.py:190} INFO - [2025-02-11T09:10:37.778+0600] {dag.py:3239} INFO - Sync 1 DAGs
[2025-02-11T09:10:37.807+0600] {logging_mixin.py:190} INFO - [2025-02-11T09:10:37.807+0600] {dag.py:4180} INFO - Setting next_dagrun for tutorial_taskflow_templates to 2025-02-10 00:00:00+00:00, run_after=2025-02-11 00:00:00+00:00
[2025-02-11T09:10:37.845+0600] {processor.py:208} INFO - Processing /home/shamim/airflow_git/Airflow_project/air_venv/lib/python3.12/site-packages/airflow/example_dags/tutorial_taskflow_templates.py took 0.193 seconds
[2025-02-11T09:12:00.285+0600] {processor.py:186} INFO - Started process (PID=9477) to work on /home/shamim/airflow_git/Airflow_project/air_venv/lib/python3.12/site-packages/airflow/example_dags/tutorial_taskflow_templates.py
[2025-02-11T09:12:00.299+0600] {processor.py:914} INFO - Processing file /home/shamim/airflow_git/Airflow_project/air_venv/lib/python3.12/site-packages/airflow/example_dags/tutorial_taskflow_templates.py for tasks to queue
[2025-02-11T09:12:00.300+0600] {logging_mixin.py:190} INFO - [2025-02-11T09:12:00.300+0600] {dagbag.py:588} INFO - Filling up the DagBag from /home/shamim/airflow_git/Airflow_project/air_venv/lib/python3.12/site-packages/airflow/example_dags/tutorial_taskflow_templates.py
[2025-02-11T09:12:00.322+0600] {processor.py:925} INFO - DAG(s) 'tutorial_taskflow_templates' retrieved from /home/shamim/airflow_git/Airflow_project/air_venv/lib/python3.12/site-packages/airflow/example_dags/tutorial_taskflow_templates.py
[2025-02-11T09:12:00.347+0600] {logging_mixin.py:190} INFO - [2025-02-11T09:12:00.347+0600] {dag.py:3239} INFO - Sync 1 DAGs
[2025-02-11T09:12:00.381+0600] {logging_mixin.py:190} INFO - [2025-02-11T09:12:00.380+0600] {dag.py:4180} INFO - Setting next_dagrun for tutorial_taskflow_templates to 2025-02-10 00:00:00+00:00, run_after=2025-02-11 00:00:00+00:00
[2025-02-11T09:12:00.413+0600] {processor.py:208} INFO - Processing /home/shamim/airflow_git/Airflow_project/air_venv/lib/python3.12/site-packages/airflow/example_dags/tutorial_taskflow_templates.py took 0.136 seconds
[2025-02-11T09:12:43.146+0600] {processor.py:186} INFO - Started process (PID=9769) to work on /home/shamim/airflow_git/Airflow_project/air_venv/lib/python3.12/site-packages/airflow/example_dags/tutorial_taskflow_templates.py
[2025-02-11T09:12:43.149+0600] {processor.py:914} INFO - Processing file /home/shamim/airflow_git/Airflow_project/air_venv/lib/python3.12/site-packages/airflow/example_dags/tutorial_taskflow_templates.py for tasks to queue
[2025-02-11T09:12:43.153+0600] {logging_mixin.py:190} INFO - [2025-02-11T09:12:43.152+0600] {dagbag.py:588} INFO - Filling up the DagBag from /home/shamim/airflow_git/Airflow_project/air_venv/lib/python3.12/site-packages/airflow/example_dags/tutorial_taskflow_templates.py
[2025-02-11T09:12:43.187+0600] {processor.py:925} INFO - DAG(s) 'tutorial_taskflow_templates' retrieved from /home/shamim/airflow_git/Airflow_project/air_venv/lib/python3.12/site-packages/airflow/example_dags/tutorial_taskflow_templates.py
[2025-02-11T09:12:43.209+0600] {logging_mixin.py:190} INFO - [2025-02-11T09:12:43.209+0600] {dag.py:3239} INFO - Sync 1 DAGs
[2025-02-11T09:12:43.235+0600] {logging_mixin.py:190} INFO - [2025-02-11T09:12:43.234+0600] {dag.py:4180} INFO - Setting next_dagrun for tutorial_taskflow_templates to 2025-02-10 00:00:00+00:00, run_after=2025-02-11 00:00:00+00:00
[2025-02-11T09:12:43.256+0600] {processor.py:208} INFO - Processing /home/shamim/airflow_git/Airflow_project/air_venv/lib/python3.12/site-packages/airflow/example_dags/tutorial_taskflow_templates.py took 0.135 seconds
[2025-02-11T09:14:00.678+0600] {processor.py:186} INFO - Started process (PID=10109) to work on /home/shamim/airflow_git/Airflow_project/air_venv/lib/python3.12/site-packages/airflow/example_dags/tutorial_taskflow_templates.py
[2025-02-11T09:14:00.684+0600] {processor.py:914} INFO - Processing file /home/shamim/airflow_git/Airflow_project/air_venv/lib/python3.12/site-packages/airflow/example_dags/tutorial_taskflow_templates.py for tasks to queue
[2025-02-11T09:14:00.685+0600] {logging_mixin.py:190} INFO - [2025-02-11T09:14:00.685+0600] {dagbag.py:588} INFO - Filling up the DagBag from /home/shamim/airflow_git/Airflow_project/air_venv/lib/python3.12/site-packages/airflow/example_dags/tutorial_taskflow_templates.py
[2025-02-11T09:14:00.702+0600] {processor.py:925} INFO - DAG(s) 'tutorial_taskflow_templates' retrieved from /home/shamim/airflow_git/Airflow_project/air_venv/lib/python3.12/site-packages/airflow/example_dags/tutorial_taskflow_templates.py
[2025-02-11T09:14:00.720+0600] {logging_mixin.py:190} INFO - [2025-02-11T09:14:00.719+0600] {dag.py:3239} INFO - Sync 1 DAGs
[2025-02-11T09:14:00.745+0600] {logging_mixin.py:190} INFO - [2025-02-11T09:14:00.745+0600] {dag.py:4180} INFO - Setting next_dagrun for tutorial_taskflow_templates to 2025-02-10 00:00:00+00:00, run_after=2025-02-11 00:00:00+00:00
[2025-02-11T09:14:00.768+0600] {processor.py:208} INFO - Processing /home/shamim/airflow_git/Airflow_project/air_venv/lib/python3.12/site-packages/airflow/example_dags/tutorial_taskflow_templates.py took 0.097 seconds
