[2025-02-11T17:08:10.936+0600] {local_task_job_runner.py:123} INFO - ::group::Pre task execution logs
[2025-02-11T17:08:10.976+0600] {taskinstance.py:2613} INFO - Dependencies all met for dep_context=non-requeueable deps ti=<TaskInstance: count_rw_qc_dag.count_row_task manual__2025-02-11T11:08:04.342178+00:00 [queued]>
[2025-02-11T17:08:10.991+0600] {taskinstance.py:2613} INFO - Dependencies all met for dep_context=requeueable deps ti=<TaskInstance: count_rw_qc_dag.count_row_task manual__2025-02-11T11:08:04.342178+00:00 [queued]>
[2025-02-11T17:08:10.991+0600] {taskinstance.py:2866} INFO - Starting attempt 1 of 1
[2025-02-11T17:08:11.011+0600] {taskinstance.py:2889} INFO - Executing <Task(SQLExecuteQueryOperator): count_row_task> on 2025-02-11 11:08:04.342178+00:00
[2025-02-11T17:08:11.025+0600] {standard_task_runner.py:104} INFO - Running: ['airflow', 'tasks', 'run', 'count_rw_qc_dag', 'count_row_task', 'manual__2025-02-11T11:08:04.342178+00:00', '--job-id', '6', '--raw', '--subdir', 'DAGS_FOLDER/count_rowa_qc.py', '--cfg-path', '/tmp/tmp_gowz8p9']
[2025-02-11T17:08:11.030+0600] {standard_task_runner.py:105} INFO - Job 6: Subtask count_row_task
[2025-02-11T17:08:11.033+0600] {logging_mixin.py:190} WARNING - /home/shamim/airflow_git/Airflow_project/air_venv/lib/python3.12/site-packages/airflow/task/task_runner/standard_task_runner.py:70 DeprecationWarning: This process (pid=112856) is multi-threaded, use of fork() may lead to deadlocks in the child.
[2025-02-11T17:08:11.035+0600] {standard_task_runner.py:72} INFO - Started process 112936 to run task
[2025-02-11T17:08:11.133+0600] {task_command.py:467} INFO - Running <TaskInstance: count_rw_qc_dag.count_row_task manual__2025-02-11T11:08:04.342178+00:00 [running]> on host shamim-X541UV
[2025-02-11T17:08:11.282+0600] {taskinstance.py:3132} INFO - Exporting env vars: AIRFLOW_CTX_DAG_OWNER='airflow' AIRFLOW_CTX_DAG_ID='count_rw_qc_dag' AIRFLOW_CTX_TASK_ID='count_row_task' AIRFLOW_CTX_EXECUTION_DATE='2025-02-11T11:08:04.342178+00:00' AIRFLOW_CTX_TRY_NUMBER='1' AIRFLOW_CTX_DAG_RUN_ID='manual__2025-02-11T11:08:04.342178+00:00'
[2025-02-11T17:08:11.283+0600] {logging_mixin.py:190} INFO - Task instance is in running state
[2025-02-11T17:08:11.284+0600] {logging_mixin.py:190} INFO -  Previous state of the Task instance: queued
[2025-02-11T17:08:11.284+0600] {logging_mixin.py:190} INFO - Current task name:count_row_task state:running start_date:2025-02-11 11:08:10.977485+00:00
[2025-02-11T17:08:11.284+0600] {logging_mixin.py:190} INFO - Dag name:count_rw_qc_dag and current dag run status:running
[2025-02-11T17:08:11.285+0600] {taskinstance.py:731} INFO - ::endgroup::
[2025-02-11T17:08:11.285+0600] {sql.py:295} INFO - Executing: 
    SELECT COUNT(*) FROM employees;
    
[2025-02-11T17:08:11.311+0600] {base.py:84} INFO - Retrieving connection 'postgres'
[2025-02-11T17:08:11.341+0600] {base.py:84} INFO - Retrieving connection 'postgres'
[2025-02-11T17:08:11.361+0600] {sql.py:511} INFO - Running statement: 
    SELECT COUNT(*) FROM employees;
    , parameters: None
[2025-02-11T17:08:11.363+0600] {sql.py:520} INFO - Rows affected: 1
[2025-02-11T17:08:11.371+0600] {logging_mixin.py:190} WARNING - /home/shamim/airflow_git/Airflow_project/air_venv/lib/python3.12/site-packages/airflow/providers/common/sql/hooks/sql.py:470 DeprecationWarning: Import of fetch_all_handler from the 'airflow.providers.common.sql.hooks' module is deprecated and will
be removed in the future. Please import it from 'airflow.providers.common.sql.hooks.handlers'.
[2025-02-11T17:08:11.373+0600] {logging_mixin.py:190} WARNING - /home/shamim/airflow_git/Airflow_project/air_venv/lib/python3.12/site-packages/airflow/providers/common/sql/hooks/sql.py:471 DeprecationWarning: Import of return_single_query_results from the 'airflow.providers.common.sql.hooks' module is deprecated and will
be removed in the future. Please import it from 'airflow.providers.common.sql.hooks.handlers'.
[2025-02-11T17:08:11.376+0600] {logging_mixin.py:190} WARNING - /home/shamim/airflow_git/Airflow_project/air_venv/lib/python3.12/site-packages/airflow/providers/common/sql/hooks/sql.py:486 DeprecationWarning: Import of return_single_query_results from the 'airflow.providers.common.sql.hooks' module is deprecated and will
be removed in the future. Please import it from 'airflow.providers.common.sql.hooks.handlers'.
[2025-02-11T17:08:11.378+0600] {logging_mixin.py:190} WARNING - /home/shamim/airflow_git/Airflow_project/air_venv/lib/python3.12/site-packages/airflow/providers/common/sql/operators/sql.py:311 DeprecationWarning: Import of return_single_query_results from the 'airflow.providers.common.sql.hooks' module is deprecated and will
be removed in the future. Please import it from 'airflow.providers.common.sql.hooks.handlers'.
[2025-02-11T17:08:11.462+0600] {taskinstance.py:340} INFO - ::group::Post task execution logs
[2025-02-11T17:08:11.462+0600] {taskinstance.py:352} INFO - Marking task as SUCCESS. dag_id=count_rw_qc_dag, task_id=count_row_task, run_id=manual__2025-02-11T11:08:04.342178+00:00, execution_date=20250211T110804, start_date=20250211T110810, end_date=20250211T110811
[2025-02-11T17:08:11.481+0600] {logging_mixin.py:190} INFO - Task instance in success state
[2025-02-11T17:08:11.481+0600] {logging_mixin.py:190} INFO -  Previous state of the Task instance: running
[2025-02-11T17:08:11.482+0600] {logging_mixin.py:190} INFO - Dag name:count_rw_qc_dag queued_at:2025-02-11 11:08:04.353156+00:00
[2025-02-11T17:08:11.482+0600] {logging_mixin.py:190} INFO - Task hostname:shamim-X541UV operator:SQLExecuteQueryOperator
[2025-02-11T17:08:11.533+0600] {local_task_job_runner.py:266} INFO - Task exited with return code 0
[2025-02-11T17:08:11.586+0600] {taskinstance.py:3895} INFO - 1 downstream tasks scheduled from follow-on schedule check
[2025-02-11T17:08:11.587+0600] {local_task_job_runner.py:245} INFO - ::endgroup::
