[2025-02-11T17:09:15.411+0600] {local_task_job_runner.py:123} INFO - ::group::Pre task execution logs
[2025-02-11T17:09:15.463+0600] {taskinstance.py:2613} INFO - Dependencies all met for dep_context=non-requeueable deps ti=<TaskInstance: xcom_pass_value_dag.cal_sum_task manual__2025-02-11T11:08:32.256173+00:00 [queued]>
[2025-02-11T17:09:15.483+0600] {taskinstance.py:2613} INFO - Dependencies all met for dep_context=requeueable deps ti=<TaskInstance: xcom_pass_value_dag.cal_sum_task manual__2025-02-11T11:08:32.256173+00:00 [queued]>
[2025-02-11T17:09:15.484+0600] {taskinstance.py:2866} INFO - Starting attempt 1 of 1
[2025-02-11T17:09:15.509+0600] {taskinstance.py:2889} INFO - Executing <Task(PythonOperator): cal_sum_task> on 2025-02-11 11:08:32.256173+00:00
[2025-02-11T17:09:15.528+0600] {standard_task_runner.py:104} INFO - Running: ['airflow', 'tasks', 'run', 'xcom_pass_value_dag', 'cal_sum_task', 'manual__2025-02-11T11:08:32.256173+00:00', '--job-id', '14', '--raw', '--subdir', 'DAGS_FOLDER/xcom_pass_value.py', '--cfg-path', '/tmp/tmpu7vsesbl']
[2025-02-11T17:09:15.530+0600] {standard_task_runner.py:105} INFO - Job 14: Subtask cal_sum_task
[2025-02-11T17:09:15.533+0600] {logging_mixin.py:190} WARNING - /home/shamim/airflow_git/Airflow_project/air_venv/lib/python3.12/site-packages/airflow/task/task_runner/standard_task_runner.py:70 DeprecationWarning: This process (pid=113371) is multi-threaded, use of fork() may lead to deadlocks in the child.
[2025-02-11T17:09:15.534+0600] {standard_task_runner.py:72} INFO - Started process 113462 to run task
[2025-02-11T17:09:15.665+0600] {task_command.py:467} INFO - Running <TaskInstance: xcom_pass_value_dag.cal_sum_task manual__2025-02-11T11:08:32.256173+00:00 [running]> on host shamim-X541UV
[2025-02-11T17:09:15.839+0600] {taskinstance.py:3132} INFO - Exporting env vars: AIRFLOW_CTX_DAG_OWNER='airflow' AIRFLOW_CTX_DAG_ID='xcom_pass_value_dag' AIRFLOW_CTX_TASK_ID='cal_sum_task' AIRFLOW_CTX_EXECUTION_DATE='2025-02-11T11:08:32.256173+00:00' AIRFLOW_CTX_TRY_NUMBER='1' AIRFLOW_CTX_DAG_RUN_ID='manual__2025-02-11T11:08:32.256173+00:00'
[2025-02-11T17:09:15.841+0600] {logging_mixin.py:190} INFO - Task instance is in running state
[2025-02-11T17:09:15.842+0600] {logging_mixin.py:190} INFO -  Previous state of the Task instance: queued
[2025-02-11T17:09:15.842+0600] {logging_mixin.py:190} INFO - Current task name:cal_sum_task state:running start_date:2025-02-11 11:09:15.464442+00:00
[2025-02-11T17:09:15.842+0600] {logging_mixin.py:190} INFO - Dag name:xcom_pass_value_dag and current dag run status:running
[2025-02-11T17:09:15.843+0600] {taskinstance.py:731} INFO - ::endgroup::
[2025-02-11T17:09:15.878+0600] {python.py:240} INFO - Done. Returned value was: None
[2025-02-11T17:09:15.917+0600] {taskinstance.py:340} INFO - ::group::Post task execution logs
[2025-02-11T17:09:15.919+0600] {taskinstance.py:352} INFO - Marking task as SUCCESS. dag_id=xcom_pass_value_dag, task_id=cal_sum_task, run_id=manual__2025-02-11T11:08:32.256173+00:00, execution_date=20250211T110832, start_date=20250211T110915, end_date=20250211T110915
[2025-02-11T17:09:15.935+0600] {logging_mixin.py:190} INFO - Task instance in success state
[2025-02-11T17:09:15.935+0600] {logging_mixin.py:190} INFO -  Previous state of the Task instance: running
[2025-02-11T17:09:15.936+0600] {logging_mixin.py:190} INFO - Dag name:xcom_pass_value_dag queued_at:2025-02-11 11:08:32.265678+00:00
[2025-02-11T17:09:15.936+0600] {logging_mixin.py:190} INFO - Task hostname:shamim-X541UV operator:PythonOperator
[2025-02-11T17:09:15.957+0600] {local_task_job_runner.py:266} INFO - Task exited with return code 0
[2025-02-11T17:09:16.016+0600] {taskinstance.py:3895} INFO - 1 downstream tasks scheduled from follow-on schedule check
[2025-02-11T17:09:16.019+0600] {local_task_job_runner.py:245} INFO - ::endgroup::
