[2025-02-10T16:22:34.032+0600] {local_task_job_runner.py:123} INFO - ::group::Pre task execution logs
[2025-02-10T16:22:34.045+0600] {taskinstance.py:2613} INFO - Dependencies all met for dep_context=non-requeueable deps ti=<TaskInstance: update_query_dag.update_query_task manual__2025-02-10T10:22:28.401562+00:00 [queued]>
[2025-02-10T16:22:34.052+0600] {taskinstance.py:2613} INFO - Dependencies all met for dep_context=requeueable deps ti=<TaskInstance: update_query_dag.update_query_task manual__2025-02-10T10:22:28.401562+00:00 [queued]>
[2025-02-10T16:22:34.052+0600] {taskinstance.py:2866} INFO - Starting attempt 1 of 1
[2025-02-10T16:22:34.068+0600] {taskinstance.py:2889} INFO - Executing <Task(SQLExecuteQueryOperator): update_query_task> on 2025-02-10 10:22:28.401562+00:00
[2025-02-10T16:22:34.080+0600] {standard_task_runner.py:104} INFO - Running: ['airflow', 'tasks', 'run', 'update_query_dag', 'update_query_task', 'manual__2025-02-10T10:22:28.401562+00:00', '--job-id', '7', '--raw', '--subdir', 'DAGS_FOLDER/update_query.py', '--cfg-path', '/tmp/tmp2415dkzv']
[2025-02-10T16:22:34.082+0600] {standard_task_runner.py:105} INFO - Job 7: Subtask update_query_task
[2025-02-10T16:22:34.084+0600] {logging_mixin.py:190} WARNING - /home/shamim/airflow_git/Airflow_project/air_venv/lib/python3.12/site-packages/airflow/task/task_runner/standard_task_runner.py:70 DeprecationWarning: This process (pid=39384) is multi-threaded, use of fork() may lead to deadlocks in the child.
[2025-02-10T16:22:34.085+0600] {standard_task_runner.py:72} INFO - Started process 39447 to run task
[2025-02-10T16:22:34.127+0600] {task_command.py:467} INFO - Running <TaskInstance: update_query_dag.update_query_task manual__2025-02-10T10:22:28.401562+00:00 [running]> on host shamim-X541UV
[2025-02-10T16:22:34.209+0600] {taskinstance.py:3132} INFO - Exporting env vars: AIRFLOW_CTX_DAG_OWNER='airflow' AIRFLOW_CTX_DAG_ID='update_query_dag' AIRFLOW_CTX_TASK_ID='update_query_task' AIRFLOW_CTX_EXECUTION_DATE='2025-02-10T10:22:28.401562+00:00' AIRFLOW_CTX_TRY_NUMBER='1' AIRFLOW_CTX_DAG_RUN_ID='manual__2025-02-10T10:22:28.401562+00:00'
[2025-02-10T16:22:34.210+0600] {logging_mixin.py:190} INFO - Task instance is in running state
[2025-02-10T16:22:34.211+0600] {logging_mixin.py:190} INFO -  Previous state of the Task instance: queued
[2025-02-10T16:22:34.211+0600] {logging_mixin.py:190} INFO - Current task name:update_query_task state:running start_date:2025-02-10 10:22:34.046248+00:00
[2025-02-10T16:22:34.211+0600] {logging_mixin.py:190} INFO - Dag name:update_query_dag and current dag run status:running
[2025-02-10T16:22:34.211+0600] {taskinstance.py:731} INFO - ::endgroup::
[2025-02-10T16:22:34.212+0600] {sql.py:295} INFO - Executing: 
    WITH avg_salaries AS(
    SELECT department, avg(salary) AS avg_salary FROM employees GROUP BY department)
    UPDATE employees
    SET salary=salary*2.2
    WHERE department IN(SELECT department from avg_salaries WHERE avg_salary<50000);
    
[2025-02-10T16:22:34.217+0600] {base.py:84} INFO - Retrieving connection 'postgres'
[2025-02-10T16:22:34.225+0600] {base.py:84} INFO - Retrieving connection 'postgres'
[2025-02-10T16:22:34.244+0600] {sql.py:511} INFO - Running statement: 
    WITH avg_salaries AS(
    SELECT department, avg(salary) AS avg_salary FROM employees GROUP BY department)
    UPDATE employees
    SET salary=salary*2.2
    WHERE department IN(SELECT department from avg_salaries WHERE avg_salary<50000);
    , parameters: None
[2025-02-10T16:22:34.250+0600] {sql.py:520} INFO - Rows affected: 8
[2025-02-10T16:22:34.255+0600] {logging_mixin.py:190} WARNING - /home/shamim/airflow_git/Airflow_project/air_venv/lib/python3.12/site-packages/airflow/providers/common/sql/hooks/sql.py:470 DeprecationWarning: Import of fetch_all_handler from the 'airflow.providers.common.sql.hooks' module is deprecated and will
be removed in the future. Please import it from 'airflow.providers.common.sql.hooks.handlers'.
[2025-02-10T16:22:34.258+0600] {logging_mixin.py:190} WARNING - /home/shamim/airflow_git/Airflow_project/air_venv/lib/python3.12/site-packages/airflow/providers/common/sql/hooks/sql.py:471 DeprecationWarning: Import of return_single_query_results from the 'airflow.providers.common.sql.hooks' module is deprecated and will
be removed in the future. Please import it from 'airflow.providers.common.sql.hooks.handlers'.
[2025-02-10T16:22:34.261+0600] {logging_mixin.py:190} WARNING - /home/shamim/airflow_git/Airflow_project/air_venv/lib/python3.12/site-packages/airflow/providers/common/sql/hooks/sql.py:486 DeprecationWarning: Import of return_single_query_results from the 'airflow.providers.common.sql.hooks' module is deprecated and will
be removed in the future. Please import it from 'airflow.providers.common.sql.hooks.handlers'.
[2025-02-10T16:22:34.264+0600] {logging_mixin.py:190} WARNING - /home/shamim/airflow_git/Airflow_project/air_venv/lib/python3.12/site-packages/airflow/providers/common/sql/operators/sql.py:311 DeprecationWarning: Import of return_single_query_results from the 'airflow.providers.common.sql.hooks' module is deprecated and will
be removed in the future. Please import it from 'airflow.providers.common.sql.hooks.handlers'.
[2025-02-10T16:22:34.269+0600] {taskinstance.py:340} INFO - ::group::Post task execution logs
[2025-02-10T16:22:34.269+0600] {taskinstance.py:352} INFO - Marking task as SUCCESS. dag_id=update_query_dag, task_id=update_query_task, run_id=manual__2025-02-10T10:22:28.401562+00:00, execution_date=20250210T102228, start_date=20250210T102234, end_date=20250210T102234
[2025-02-10T16:22:34.279+0600] {logging_mixin.py:190} INFO - Task instance in success state
[2025-02-10T16:22:34.280+0600] {logging_mixin.py:190} INFO -  Previous state of the Task instance: running
[2025-02-10T16:22:34.280+0600] {logging_mixin.py:190} INFO - Dag name:update_query_dag queued_at:2025-02-10 10:22:28.447217+00:00
[2025-02-10T16:22:34.280+0600] {logging_mixin.py:190} INFO - Task hostname:shamim-X541UV operator:SQLExecuteQueryOperator
[2025-02-10T16:22:34.300+0600] {local_task_job_runner.py:266} INFO - Task exited with return code 0
[2025-02-10T16:22:34.316+0600] {taskinstance.py:3895} INFO - 0 downstream tasks scheduled from follow-on schedule check
[2025-02-10T16:22:34.316+0600] {local_task_job_runner.py:245} INFO - ::endgroup::
