[2025-02-12T02:00:26.973+0600] {local_task_job_runner.py:123} INFO - ::group::Pre task execution logs
[2025-02-12T02:00:27.003+0600] {taskinstance.py:2613} INFO - Dependencies all met for dep_context=non-requeueable deps ti=<TaskInstance: supermarket_sales_eTOe_dag.extract_data_task manual__2025-02-11T20:00:19.720073+00:00 [queued]>
[2025-02-12T02:00:27.013+0600] {taskinstance.py:2613} INFO - Dependencies all met for dep_context=requeueable deps ti=<TaskInstance: supermarket_sales_eTOe_dag.extract_data_task manual__2025-02-11T20:00:19.720073+00:00 [queued]>
[2025-02-12T02:00:27.013+0600] {taskinstance.py:2866} INFO - Starting attempt 1 of 1
[2025-02-12T02:00:27.029+0600] {taskinstance.py:2889} INFO - Executing <Task(PythonOperator): extract_data_task> on 2025-02-11 20:00:19.720073+00:00
[2025-02-12T02:00:27.041+0600] {standard_task_runner.py:104} INFO - Running: ['airflow', 'tasks', 'run', 'supermarket_sales_eTOe_dag', 'extract_data_task', 'manual__2025-02-11T20:00:19.720073+00:00', '--job-id', '24', '--raw', '--subdir', 'DAGS_FOLDER/final_assignment.py', '--cfg-path', '/tmp/tmpolnv2id8']
[2025-02-12T02:00:27.043+0600] {standard_task_runner.py:105} INFO - Job 24: Subtask extract_data_task
[2025-02-12T02:00:27.045+0600] {logging_mixin.py:190} WARNING - /home/shamim/airflow_git/Airflow_project/air_venv/lib/python3.12/site-packages/airflow/task/task_runner/standard_task_runner.py:70 DeprecationWarning: This process (pid=55905) is multi-threaded, use of fork() may lead to deadlocks in the child.
[2025-02-12T02:00:27.046+0600] {standard_task_runner.py:72} INFO - Started process 55922 to run task
[2025-02-12T02:00:27.135+0600] {task_command.py:467} INFO - Running <TaskInstance: supermarket_sales_eTOe_dag.extract_data_task manual__2025-02-11T20:00:19.720073+00:00 [running]> on host shamim-X541UV
[2025-02-12T02:00:27.273+0600] {taskinstance.py:3132} INFO - Exporting env vars: AIRFLOW_CTX_DAG_OWNER='airflow' AIRFLOW_CTX_DAG_ID='supermarket_sales_eTOe_dag' AIRFLOW_CTX_TASK_ID='extract_data_task' AIRFLOW_CTX_EXECUTION_DATE='2025-02-11T20:00:19.720073+00:00' AIRFLOW_CTX_TRY_NUMBER='1' AIRFLOW_CTX_DAG_RUN_ID='manual__2025-02-11T20:00:19.720073+00:00'
[2025-02-12T02:00:27.274+0600] {logging_mixin.py:190} INFO - Task instance is in running state
[2025-02-12T02:00:27.275+0600] {logging_mixin.py:190} INFO -  Previous state of the Task instance: queued
[2025-02-12T02:00:27.275+0600] {logging_mixin.py:190} INFO - Current task name:extract_data_task state:running start_date:2025-02-11 20:00:27.004164+00:00
[2025-02-12T02:00:27.276+0600] {logging_mixin.py:190} INFO - Dag name:supermarket_sales_eTOe_dag and current dag run status:running
[2025-02-12T02:00:27.276+0600] {taskinstance.py:731} INFO - ::endgroup::
[2025-02-12T02:00:27.629+0600] {python.py:240} INFO - Done. Returned value was: None
[2025-02-12T02:00:27.663+0600] {taskinstance.py:340} INFO - ::group::Post task execution logs
[2025-02-12T02:00:27.665+0600] {taskinstance.py:352} INFO - Marking task as SUCCESS. dag_id=supermarket_sales_eTOe_dag, task_id=extract_data_task, run_id=manual__2025-02-11T20:00:19.720073+00:00, execution_date=20250211T200019, start_date=20250211T200027, end_date=20250211T200027
[2025-02-12T02:00:27.689+0600] {logging_mixin.py:190} INFO - Task instance in success state
[2025-02-12T02:00:27.690+0600] {logging_mixin.py:190} INFO -  Previous state of the Task instance: running
[2025-02-12T02:00:27.690+0600] {logging_mixin.py:190} INFO - Dag name:supermarket_sales_eTOe_dag queued_at:2025-02-11 20:00:19.922494+00:00
[2025-02-12T02:00:27.690+0600] {logging_mixin.py:190} INFO - Task hostname:shamim-X541UV operator:PythonOperator
[2025-02-12T02:00:27.744+0600] {local_task_job_runner.py:266} INFO - Task exited with return code 0
[2025-02-12T02:00:27.790+0600] {taskinstance.py:3895} INFO - 1 downstream tasks scheduled from follow-on schedule check
[2025-02-12T02:00:27.804+0600] {local_task_job_runner.py:245} INFO - ::endgroup::
