[2025-02-14T22:37:38.934+0600] {local_task_job_runner.py:123} INFO - ::group::Pre task execution logs
[2025-02-14T22:37:39.100+0600] {taskinstance.py:2613} INFO - Dependencies all met for dep_context=non-requeueable deps ti=<TaskInstance: supermarket_sales_eTOe_dag.load_clean_data_pg_task scheduled__2025-02-11T05:00:00+00:00 [queued]>
[2025-02-14T22:37:39.166+0600] {taskinstance.py:2613} INFO - Dependencies all met for dep_context=requeueable deps ti=<TaskInstance: supermarket_sales_eTOe_dag.load_clean_data_pg_task scheduled__2025-02-11T05:00:00+00:00 [queued]>
[2025-02-14T22:37:39.167+0600] {taskinstance.py:2866} INFO - Starting attempt 1 of 1
[2025-02-14T22:37:39.299+0600] {taskinstance.py:2889} INFO - Executing <Task(PythonOperator): load_clean_data_pg_task> on 2025-02-11 05:00:00+00:00
[2025-02-14T22:37:39.346+0600] {logging_mixin.py:190} WARNING - /home/shamim/airflow_git/Airflow_project/air_venv/lib/python3.12/site-packages/airflow/task/task_runner/standard_task_runner.py:70 DeprecationWarning: This process (pid=604785) is multi-threaded, use of fork() may lead to deadlocks in the child.
[2025-02-14T22:37:39.349+0600] {standard_task_runner.py:72} INFO - Started process 604903 to run task
[2025-02-14T22:37:39.357+0600] {standard_task_runner.py:104} INFO - Running: ['airflow', 'tasks', 'run', 'supermarket_sales_eTOe_dag', 'load_clean_data_pg_task', 'scheduled__2025-02-11T05:00:00+00:00', '--job-id', '182', '--raw', '--subdir', 'DAGS_FOLDER/final_assignment.py', '--cfg-path', '/tmp/tmpwamiqvq7']
[2025-02-14T22:37:39.377+0600] {standard_task_runner.py:105} INFO - Job 182: Subtask load_clean_data_pg_task
[2025-02-14T22:37:39.942+0600] {task_command.py:467} INFO - Running <TaskInstance: supermarket_sales_eTOe_dag.load_clean_data_pg_task scheduled__2025-02-11T05:00:00+00:00 [running]> on host shamim-X541UV
[2025-02-14T22:37:40.905+0600] {taskinstance.py:3132} INFO - Exporting env vars: AIRFLOW_CTX_DAG_OWNER='airflow' AIRFLOW_CTX_DAG_ID='supermarket_sales_eTOe_dag' AIRFLOW_CTX_TASK_ID='load_clean_data_pg_task' AIRFLOW_CTX_EXECUTION_DATE='2025-02-11T05:00:00+00:00' AIRFLOW_CTX_TRY_NUMBER='1' AIRFLOW_CTX_DAG_RUN_ID='scheduled__2025-02-11T05:00:00+00:00'
[2025-02-14T22:37:40.909+0600] {logging_mixin.py:190} INFO - Task instance is in running state
[2025-02-14T22:37:40.910+0600] {logging_mixin.py:190} INFO -  Previous state of the Task instance: queued
[2025-02-14T22:37:40.911+0600] {logging_mixin.py:190} INFO - Current task name:load_clean_data_pg_task state:running start_date:2025-02-14 16:37:39.101055+00:00
[2025-02-14T22:37:40.912+0600] {logging_mixin.py:190} INFO - Dag name:supermarket_sales_eTOe_dag and current dag run status:running
[2025-02-14T22:37:40.915+0600] {taskinstance.py:731} INFO - ::endgroup::
[2025-02-14T22:37:41.255+0600] {logging_mixin.py:190} INFO - insert into supermarket_sales(invoice_id,branch,city,customer_type,gender,product_line,unit_price,quantity,tax_5_percent,total,date,time,payment,cost_of_goods_sold,customer_stratification_rating) values %s
[2025-02-14T22:37:41.271+0600] {logging_mixin.py:190} INFO - Existing records from supermarket_sales deleted successfully!
[2025-02-14T22:37:41.691+0600] {logging_mixin.py:190} INFO - Dataframe is inserted successfully!
[2025-02-14T22:37:41.692+0600] {logging_mixin.py:190} INFO - Insert Time: 0.7723698616027832 seconds.
[2025-02-14T22:37:41.693+0600] {python.py:240} INFO - Done. Returned value was: None
[2025-02-14T22:37:41.840+0600] {taskinstance.py:340} INFO - ::group::Post task execution logs
[2025-02-14T22:37:41.849+0600] {taskinstance.py:352} INFO - Marking task as SUCCESS. dag_id=supermarket_sales_eTOe_dag, task_id=load_clean_data_pg_task, run_id=scheduled__2025-02-11T05:00:00+00:00, execution_date=20250211T050000, start_date=20250214T163739, end_date=20250214T163741
[2025-02-14T22:37:41.944+0600] {logging_mixin.py:190} INFO - Task instance in success state
[2025-02-14T22:37:41.944+0600] {logging_mixin.py:190} INFO -  Previous state of the Task instance: running
[2025-02-14T22:37:41.945+0600] {logging_mixin.py:190} INFO - Dag name:supermarket_sales_eTOe_dag queued_at:2025-02-14 16:36:56.443924+00:00
[2025-02-14T22:37:41.946+0600] {logging_mixin.py:190} INFO - Task hostname:shamim-X541UV operator:PythonOperator
[2025-02-14T22:37:42.067+0600] {local_task_job_runner.py:266} INFO - Task exited with return code 0
[2025-02-14T22:37:42.365+0600] {taskinstance.py:3895} INFO - 1 downstream tasks scheduled from follow-on schedule check
[2025-02-14T22:37:42.378+0600] {local_task_job_runner.py:245} INFO - ::endgroup::
