[2025-02-11T16:03:32.096+0600] {local_task_job_runner.py:123} INFO - ::group::Pre task execution logs
[2025-02-11T16:03:32.110+0600] {taskinstance.py:2613} INFO - Dependencies all met for dep_context=non-requeueable deps ti=<TaskInstance: e2e_data_loading_to_pg_dag.load_df_task manual__2025-02-11T10:03:18.695647+00:00 [queued]>
[2025-02-11T16:03:32.121+0600] {taskinstance.py:2613} INFO - Dependencies all met for dep_context=requeueable deps ti=<TaskInstance: e2e_data_loading_to_pg_dag.load_df_task manual__2025-02-11T10:03:18.695647+00:00 [queued]>
[2025-02-11T16:03:32.121+0600] {taskinstance.py:2866} INFO - Starting attempt 1 of 1
[2025-02-11T16:03:32.137+0600] {taskinstance.py:2889} INFO - Executing <Task(PythonOperator): load_df_task> on 2025-02-11 10:03:18.695647+00:00
[2025-02-11T16:03:32.151+0600] {standard_task_runner.py:104} INFO - Running: ['airflow', 'tasks', 'run', 'e2e_data_loading_to_pg_dag', 'load_df_task', 'manual__2025-02-11T10:03:18.695647+00:00', '--job-id', '40', '--raw', '--subdir', 'DAGS_FOLDER/e_to_e_processing.py', '--cfg-path', '/tmp/tmp5_l0pqf1']
[2025-02-11T16:03:32.153+0600] {standard_task_runner.py:105} INFO - Job 40: Subtask load_df_task
[2025-02-11T16:03:32.155+0600] {logging_mixin.py:190} WARNING - /home/shamim/airflow_git/Airflow_project/air_venv/lib/python3.12/site-packages/airflow/task/task_runner/standard_task_runner.py:70 DeprecationWarning: This process (pid=102038) is multi-threaded, use of fork() may lead to deadlocks in the child.
[2025-02-11T16:03:32.156+0600] {standard_task_runner.py:72} INFO - Started process 102054 to run task
[2025-02-11T16:03:32.196+0600] {task_command.py:467} INFO - Running <TaskInstance: e2e_data_loading_to_pg_dag.load_df_task manual__2025-02-11T10:03:18.695647+00:00 [running]> on host shamim-X541UV
[2025-02-11T16:03:32.318+0600] {taskinstance.py:3132} INFO - Exporting env vars: AIRFLOW_CTX_DAG_OWNER='airflow' AIRFLOW_CTX_DAG_ID='e2e_data_loading_to_pg_dag' AIRFLOW_CTX_TASK_ID='load_df_task' AIRFLOW_CTX_EXECUTION_DATE='2025-02-11T10:03:18.695647+00:00' AIRFLOW_CTX_TRY_NUMBER='1' AIRFLOW_CTX_DAG_RUN_ID='manual__2025-02-11T10:03:18.695647+00:00'
[2025-02-11T16:03:32.320+0600] {logging_mixin.py:190} INFO - Task instance is in running state
[2025-02-11T16:03:32.320+0600] {logging_mixin.py:190} INFO -  Previous state of the Task instance: queued
[2025-02-11T16:03:32.320+0600] {logging_mixin.py:190} INFO - Current task name:load_df_task state:running start_date:2025-02-11 10:03:32.111159+00:00
[2025-02-11T16:03:32.320+0600] {logging_mixin.py:190} INFO - Dag name:e2e_data_loading_to_pg_dag and current dag run status:running
[2025-02-11T16:03:32.321+0600] {taskinstance.py:731} INFO - ::endgroup::
[2025-02-11T16:03:32.322+0600] {logging_mixin.py:190} INFO - insert into staging_table(Name,Age,Month,Salary) values %s
[2025-02-11T16:03:32.324+0600] {logging_mixin.py:190} INFO - Existing records from staging_table deleted successfully!
[2025-02-11T16:03:32.329+0600] {logging_mixin.py:190} INFO - Dataframe is inserted successfully!
[2025-02-11T16:03:32.330+0600] {logging_mixin.py:190} INFO - Insert Time: 0.00782012939453125 seconds.
[2025-02-11T16:03:32.331+0600] {python.py:240} INFO - Done. Returned value was: None
[2025-02-11T16:03:32.339+0600] {taskinstance.py:340} INFO - ::group::Post task execution logs
[2025-02-11T16:03:32.339+0600] {taskinstance.py:352} INFO - Marking task as SUCCESS. dag_id=e2e_data_loading_to_pg_dag, task_id=load_df_task, run_id=manual__2025-02-11T10:03:18.695647+00:00, execution_date=20250211T100318, start_date=20250211T100332, end_date=20250211T100332
[2025-02-11T16:03:32.351+0600] {logging_mixin.py:190} INFO - Task instance in success state
[2025-02-11T16:03:32.352+0600] {logging_mixin.py:190} INFO -  Previous state of the Task instance: running
[2025-02-11T16:03:32.353+0600] {logging_mixin.py:190} INFO - Dag name:e2e_data_loading_to_pg_dag queued_at:2025-02-11 10:03:18.737528+00:00
[2025-02-11T16:03:32.354+0600] {logging_mixin.py:190} INFO - Task hostname:shamim-X541UV operator:PythonOperator
[2025-02-11T16:03:32.371+0600] {local_task_job_runner.py:266} INFO - Task exited with return code 0
[2025-02-11T16:03:32.392+0600] {taskinstance.py:3895} INFO - 1 downstream tasks scheduled from follow-on schedule check
[2025-02-11T16:03:32.395+0600] {local_task_job_runner.py:245} INFO - ::endgroup::
