[2025-02-10T12:59:19.275+0600] {processor.py:186} INFO - Started process (PID=12766) to work on /home/shamim/airflow_git/Airflow_project/air_venv/lib/python3.12/site-packages/airflow/example_dags/example_task_group_decorator.py
[2025-02-10T12:59:19.277+0600] {processor.py:914} INFO - Processing file /home/shamim/airflow_git/Airflow_project/air_venv/lib/python3.12/site-packages/airflow/example_dags/example_task_group_decorator.py for tasks to queue
[2025-02-10T12:59:19.282+0600] {logging_mixin.py:190} INFO - [2025-02-10T12:59:19.280+0600] {dagbag.py:588} INFO - Filling up the DagBag from /home/shamim/airflow_git/Airflow_project/air_venv/lib/python3.12/site-packages/airflow/example_dags/example_task_group_decorator.py
[2025-02-10T12:59:19.315+0600] {processor.py:925} INFO - DAG(s) 'example_task_group_decorator' retrieved from /home/shamim/airflow_git/Airflow_project/air_venv/lib/python3.12/site-packages/airflow/example_dags/example_task_group_decorator.py
[2025-02-10T12:59:19.513+0600] {logging_mixin.py:190} INFO - [2025-02-10T12:59:19.512+0600] {override.py:1930} INFO - Created Permission View: can delete on DAG:example_task_group_decorator
[2025-02-10T12:59:19.531+0600] {logging_mixin.py:190} INFO - [2025-02-10T12:59:19.530+0600] {override.py:1930} INFO - Created Permission View: can edit on DAG:example_task_group_decorator
[2025-02-10T12:59:19.539+0600] {logging_mixin.py:190} INFO - [2025-02-10T12:59:19.539+0600] {override.py:1930} INFO - Created Permission View: can read on DAG:example_task_group_decorator
[2025-02-10T12:59:19.558+0600] {logging_mixin.py:190} INFO - [2025-02-10T12:59:19.558+0600] {override.py:1930} INFO - Created Permission View: can delete on DAG Run:example_task_group_decorator
[2025-02-10T12:59:19.567+0600] {logging_mixin.py:190} INFO - [2025-02-10T12:59:19.567+0600] {override.py:1930} INFO - Created Permission View: can read on DAG Run:example_task_group_decorator
[2025-02-10T12:59:19.577+0600] {logging_mixin.py:190} INFO - [2025-02-10T12:59:19.577+0600] {override.py:1930} INFO - Created Permission View: can create on DAG Run:example_task_group_decorator
[2025-02-10T12:59:19.588+0600] {logging_mixin.py:190} INFO - [2025-02-10T12:59:19.587+0600] {override.py:1930} INFO - Created Permission View: menu access on DAG Run:example_task_group_decorator
[2025-02-10T12:59:19.589+0600] {logging_mixin.py:190} INFO - [2025-02-10T12:59:19.588+0600] {dag.py:3239} INFO - Sync 1 DAGs
[2025-02-10T12:59:19.607+0600] {logging_mixin.py:190} INFO - [2025-02-10T12:59:19.607+0600] {dag.py:3262} INFO - Creating ORM DAG for example_task_group_decorator
[2025-02-10T12:59:19.608+0600] {logging_mixin.py:190} INFO - [2025-02-10T12:59:19.608+0600] {dag.py:4180} INFO - Setting next_dagrun for example_task_group_decorator to None, run_after=None
[2025-02-10T12:59:19.637+0600] {processor.py:208} INFO - Processing /home/shamim/airflow_git/Airflow_project/air_venv/lib/python3.12/site-packages/airflow/example_dags/example_task_group_decorator.py took 0.373 seconds
[2025-02-10T13:00:38.574+0600] {processor.py:186} INFO - Started process (PID=13503) to work on /home/shamim/airflow_git/Airflow_project/air_venv/lib/python3.12/site-packages/airflow/example_dags/example_task_group_decorator.py
[2025-02-10T13:00:38.581+0600] {processor.py:914} INFO - Processing file /home/shamim/airflow_git/Airflow_project/air_venv/lib/python3.12/site-packages/airflow/example_dags/example_task_group_decorator.py for tasks to queue
[2025-02-10T13:00:38.585+0600] {logging_mixin.py:190} INFO - [2025-02-10T13:00:38.584+0600] {dagbag.py:588} INFO - Filling up the DagBag from /home/shamim/airflow_git/Airflow_project/air_venv/lib/python3.12/site-packages/airflow/example_dags/example_task_group_decorator.py
[2025-02-10T13:00:38.608+0600] {processor.py:925} INFO - DAG(s) 'example_task_group_decorator' retrieved from /home/shamim/airflow_git/Airflow_project/air_venv/lib/python3.12/site-packages/airflow/example_dags/example_task_group_decorator.py
[2025-02-10T13:00:38.632+0600] {logging_mixin.py:190} INFO - [2025-02-10T13:00:38.632+0600] {dag.py:3239} INFO - Sync 1 DAGs
[2025-02-10T13:00:38.647+0600] {logging_mixin.py:190} INFO - [2025-02-10T13:00:38.647+0600] {dag.py:4180} INFO - Setting next_dagrun for example_task_group_decorator to None, run_after=None
[2025-02-10T13:00:38.673+0600] {processor.py:208} INFO - Processing /home/shamim/airflow_git/Airflow_project/air_venv/lib/python3.12/site-packages/airflow/example_dags/example_task_group_decorator.py took 0.108 seconds
[2025-02-10T13:01:49.615+0600] {processor.py:186} INFO - Started process (PID=13623) to work on /home/shamim/airflow_git/Airflow_project/air_venv/lib/python3.12/site-packages/airflow/example_dags/example_task_group_decorator.py
[2025-02-10T13:01:49.622+0600] {processor.py:914} INFO - Processing file /home/shamim/airflow_git/Airflow_project/air_venv/lib/python3.12/site-packages/airflow/example_dags/example_task_group_decorator.py for tasks to queue
[2025-02-10T13:01:49.625+0600] {logging_mixin.py:190} INFO - [2025-02-10T13:01:49.624+0600] {dagbag.py:588} INFO - Filling up the DagBag from /home/shamim/airflow_git/Airflow_project/air_venv/lib/python3.12/site-packages/airflow/example_dags/example_task_group_decorator.py
[2025-02-10T13:01:49.653+0600] {processor.py:925} INFO - DAG(s) 'example_task_group_decorator' retrieved from /home/shamim/airflow_git/Airflow_project/air_venv/lib/python3.12/site-packages/airflow/example_dags/example_task_group_decorator.py
[2025-02-10T13:01:49.692+0600] {logging_mixin.py:190} INFO - [2025-02-10T13:01:49.691+0600] {dag.py:3239} INFO - Sync 1 DAGs
[2025-02-10T13:01:49.712+0600] {logging_mixin.py:190} INFO - [2025-02-10T13:01:49.712+0600] {dag.py:4180} INFO - Setting next_dagrun for example_task_group_decorator to None, run_after=None
[2025-02-10T13:01:49.754+0600] {processor.py:208} INFO - Processing /home/shamim/airflow_git/Airflow_project/air_venv/lib/python3.12/site-packages/airflow/example_dags/example_task_group_decorator.py took 0.148 seconds
