[2025-02-10T12:59:21.771+0600] {processor.py:186} INFO - Started process (PID=12788) to work on /home/shamim/airflow_git/Airflow_project/air_venv/lib/python3.12/site-packages/airflow/example_dags/example_subdag_operator.py
[2025-02-10T12:59:21.771+0600] {processor.py:914} INFO - Processing file /home/shamim/airflow_git/Airflow_project/air_venv/lib/python3.12/site-packages/airflow/example_dags/example_subdag_operator.py for tasks to queue
[2025-02-10T12:59:21.774+0600] {logging_mixin.py:190} INFO - [2025-02-10T12:59:21.774+0600] {dagbag.py:588} INFO - Filling up the DagBag from /home/shamim/airflow_git/Airflow_project/air_venv/lib/python3.12/site-packages/airflow/example_dags/example_subdag_operator.py
[2025-02-10T12:59:21.801+0600] {processor.py:925} INFO - DAG(s) 'example_subdag_operator.section-1', 'example_subdag_operator.section-2', 'example_subdag_operator' retrieved from /home/shamim/airflow_git/Airflow_project/air_venv/lib/python3.12/site-packages/airflow/example_dags/example_subdag_operator.py
[2025-02-10T12:59:21.949+0600] {logging_mixin.py:190} INFO - [2025-02-10T12:59:21.948+0600] {override.py:1930} INFO - Created Permission View: can delete on DAG:example_subdag_operator
[2025-02-10T12:59:21.963+0600] {logging_mixin.py:190} INFO - [2025-02-10T12:59:21.963+0600] {override.py:1930} INFO - Created Permission View: can edit on DAG:example_subdag_operator
[2025-02-10T12:59:21.972+0600] {logging_mixin.py:190} INFO - [2025-02-10T12:59:21.972+0600] {override.py:1930} INFO - Created Permission View: can read on DAG:example_subdag_operator
[2025-02-10T12:59:21.983+0600] {logging_mixin.py:190} INFO - [2025-02-10T12:59:21.983+0600] {override.py:1930} INFO - Created Permission View: can delete on DAG Run:example_subdag_operator
[2025-02-10T12:59:21.994+0600] {logging_mixin.py:190} INFO - [2025-02-10T12:59:21.994+0600] {override.py:1930} INFO - Created Permission View: can read on DAG Run:example_subdag_operator
[2025-02-10T12:59:22.002+0600] {logging_mixin.py:190} INFO - [2025-02-10T12:59:22.002+0600] {override.py:1930} INFO - Created Permission View: can create on DAG Run:example_subdag_operator
[2025-02-10T12:59:22.013+0600] {logging_mixin.py:190} INFO - [2025-02-10T12:59:22.012+0600] {override.py:1930} INFO - Created Permission View: menu access on DAG Run:example_subdag_operator
[2025-02-10T12:59:22.013+0600] {logging_mixin.py:190} INFO - [2025-02-10T12:59:22.013+0600] {dag.py:3239} INFO - Sync 3 DAGs
[2025-02-10T12:59:22.030+0600] {logging_mixin.py:190} INFO - [2025-02-10T12:59:22.030+0600] {dag.py:3262} INFO - Creating ORM DAG for example_subdag_operator.section-2
[2025-02-10T12:59:22.031+0600] {logging_mixin.py:190} INFO - [2025-02-10T12:59:22.031+0600] {dag.py:3262} INFO - Creating ORM DAG for example_subdag_operator.section-1
[2025-02-10T12:59:22.032+0600] {logging_mixin.py:190} INFO - [2025-02-10T12:59:22.032+0600] {dag.py:3262} INFO - Creating ORM DAG for example_subdag_operator
[2025-02-10T12:59:22.046+0600] {logging_mixin.py:190} INFO - [2025-02-10T12:59:22.045+0600] {dag.py:4180} INFO - Setting next_dagrun for example_subdag_operator to 2022-01-01 00:00:00+00:00, run_after=2022-01-01 00:00:00+00:00
[2025-02-10T12:59:22.046+0600] {logging_mixin.py:190} INFO - [2025-02-10T12:59:22.046+0600] {dag.py:4180} INFO - Setting next_dagrun for example_subdag_operator.section-1 to None, run_after=None
[2025-02-10T12:59:22.047+0600] {logging_mixin.py:190} INFO - [2025-02-10T12:59:22.047+0600] {dag.py:4180} INFO - Setting next_dagrun for example_subdag_operator.section-2 to None, run_after=None
[2025-02-10T12:59:22.056+0600] {logging_mixin.py:190} INFO - [2025-02-10T12:59:22.056+0600] {dag.py:3239} INFO - Sync 2 DAGs
[2025-02-10T12:59:22.066+0600] {logging_mixin.py:190} INFO - [2025-02-10T12:59:22.066+0600] {dag.py:4180} INFO - Setting next_dagrun for example_subdag_operator.section-1 to None, run_after=None
[2025-02-10T12:59:22.069+0600] {logging_mixin.py:190} INFO - [2025-02-10T12:59:22.069+0600] {dag.py:4180} INFO - Setting next_dagrun for example_subdag_operator.section-2 to None, run_after=None
[2025-02-10T12:59:22.088+0600] {processor.py:208} INFO - Processing /home/shamim/airflow_git/Airflow_project/air_venv/lib/python3.12/site-packages/airflow/example_dags/example_subdag_operator.py took 0.327 seconds
[2025-02-10T13:00:40.899+0600] {processor.py:186} INFO - Started process (PID=13505) to work on /home/shamim/airflow_git/Airflow_project/air_venv/lib/python3.12/site-packages/airflow/example_dags/example_subdag_operator.py
[2025-02-10T13:00:40.906+0600] {processor.py:914} INFO - Processing file /home/shamim/airflow_git/Airflow_project/air_venv/lib/python3.12/site-packages/airflow/example_dags/example_subdag_operator.py for tasks to queue
[2025-02-10T13:00:40.910+0600] {logging_mixin.py:190} INFO - [2025-02-10T13:00:40.909+0600] {dagbag.py:588} INFO - Filling up the DagBag from /home/shamim/airflow_git/Airflow_project/air_venv/lib/python3.12/site-packages/airflow/example_dags/example_subdag_operator.py
[2025-02-10T13:00:40.939+0600] {processor.py:925} INFO - DAG(s) 'example_subdag_operator.section-1', 'example_subdag_operator.section-2', 'example_subdag_operator' retrieved from /home/shamim/airflow_git/Airflow_project/air_venv/lib/python3.12/site-packages/airflow/example_dags/example_subdag_operator.py
[2025-02-10T13:00:40.956+0600] {logging_mixin.py:190} INFO - [2025-02-10T13:00:40.956+0600] {dag.py:3239} INFO - Sync 3 DAGs
[2025-02-10T13:00:40.980+0600] {logging_mixin.py:190} INFO - [2025-02-10T13:00:40.979+0600] {dag.py:4180} INFO - Setting next_dagrun for example_subdag_operator to 2022-01-01 00:00:00+00:00, run_after=2022-01-01 00:00:00+00:00
[2025-02-10T13:00:40.984+0600] {logging_mixin.py:190} INFO - [2025-02-10T13:00:40.983+0600] {dag.py:4180} INFO - Setting next_dagrun for example_subdag_operator.section-1 to None, run_after=None
[2025-02-10T13:00:40.985+0600] {logging_mixin.py:190} INFO - [2025-02-10T13:00:40.984+0600] {dag.py:4180} INFO - Setting next_dagrun for example_subdag_operator.section-2 to None, run_after=None
[2025-02-10T13:00:40.992+0600] {logging_mixin.py:190} INFO - [2025-02-10T13:00:40.991+0600] {dag.py:3239} INFO - Sync 2 DAGs
[2025-02-10T13:00:40.996+0600] {logging_mixin.py:190} INFO - [2025-02-10T13:00:40.996+0600] {dag.py:4180} INFO - Setting next_dagrun for example_subdag_operator.section-1 to None, run_after=None
[2025-02-10T13:00:40.996+0600] {logging_mixin.py:190} INFO - [2025-02-10T13:00:40.996+0600] {dag.py:4180} INFO - Setting next_dagrun for example_subdag_operator.section-2 to None, run_after=None
[2025-02-10T13:00:41.014+0600] {processor.py:208} INFO - Processing /home/shamim/airflow_git/Airflow_project/air_venv/lib/python3.12/site-packages/airflow/example_dags/example_subdag_operator.py took 0.124 seconds
[2025-02-10T13:01:52.040+0600] {processor.py:186} INFO - Started process (PID=13626) to work on /home/shamim/airflow_git/Airflow_project/air_venv/lib/python3.12/site-packages/airflow/example_dags/example_subdag_operator.py
[2025-02-10T13:01:52.046+0600] {processor.py:914} INFO - Processing file /home/shamim/airflow_git/Airflow_project/air_venv/lib/python3.12/site-packages/airflow/example_dags/example_subdag_operator.py for tasks to queue
[2025-02-10T13:01:52.051+0600] {logging_mixin.py:190} INFO - [2025-02-10T13:01:52.050+0600] {dagbag.py:588} INFO - Filling up the DagBag from /home/shamim/airflow_git/Airflow_project/air_venv/lib/python3.12/site-packages/airflow/example_dags/example_subdag_operator.py
[2025-02-10T13:01:52.079+0600] {processor.py:925} INFO - DAG(s) 'example_subdag_operator.section-1', 'example_subdag_operator.section-2', 'example_subdag_operator' retrieved from /home/shamim/airflow_git/Airflow_project/air_venv/lib/python3.12/site-packages/airflow/example_dags/example_subdag_operator.py
[2025-02-10T13:01:52.097+0600] {logging_mixin.py:190} INFO - [2025-02-10T13:01:52.097+0600] {dag.py:3239} INFO - Sync 3 DAGs
[2025-02-10T13:01:52.124+0600] {logging_mixin.py:190} INFO - [2025-02-10T13:01:52.123+0600] {dag.py:4180} INFO - Setting next_dagrun for example_subdag_operator to 2022-01-01 00:00:00+00:00, run_after=2022-01-01 00:00:00+00:00
[2025-02-10T13:01:52.129+0600] {logging_mixin.py:190} INFO - [2025-02-10T13:01:52.128+0600] {dag.py:4180} INFO - Setting next_dagrun for example_subdag_operator.section-1 to None, run_after=None
[2025-02-10T13:01:52.130+0600] {logging_mixin.py:190} INFO - [2025-02-10T13:01:52.130+0600] {dag.py:4180} INFO - Setting next_dagrun for example_subdag_operator.section-2 to None, run_after=None
[2025-02-10T13:01:52.138+0600] {logging_mixin.py:190} INFO - [2025-02-10T13:01:52.137+0600] {dag.py:3239} INFO - Sync 2 DAGs
[2025-02-10T13:01:52.142+0600] {logging_mixin.py:190} INFO - [2025-02-10T13:01:52.142+0600] {dag.py:4180} INFO - Setting next_dagrun for example_subdag_operator.section-1 to None, run_after=None
[2025-02-10T13:01:52.143+0600] {logging_mixin.py:190} INFO - [2025-02-10T13:01:52.143+0600] {dag.py:4180} INFO - Setting next_dagrun for example_subdag_operator.section-2 to None, run_after=None
[2025-02-10T13:01:52.166+0600] {processor.py:208} INFO - Processing /home/shamim/airflow_git/Airflow_project/air_venv/lib/python3.12/site-packages/airflow/example_dags/example_subdag_operator.py took 0.134 seconds
