[2025-02-10T12:59:16.230+0600] {processor.py:186} INFO - Started process (PID=12731) to work on /home/shamim/airflow_git/Airflow_project/air_venv/lib/python3.12/site-packages/airflow/example_dags/example_trigger_target_dag.py
[2025-02-10T12:59:16.232+0600] {processor.py:914} INFO - Processing file /home/shamim/airflow_git/Airflow_project/air_venv/lib/python3.12/site-packages/airflow/example_dags/example_trigger_target_dag.py for tasks to queue
[2025-02-10T12:59:16.235+0600] {logging_mixin.py:190} INFO - [2025-02-10T12:59:16.234+0600] {dagbag.py:588} INFO - Filling up the DagBag from /home/shamim/airflow_git/Airflow_project/air_venv/lib/python3.12/site-packages/airflow/example_dags/example_trigger_target_dag.py
[2025-02-10T12:59:16.246+0600] {processor.py:925} INFO - DAG(s) 'example_trigger_target_dag' retrieved from /home/shamim/airflow_git/Airflow_project/air_venv/lib/python3.12/site-packages/airflow/example_dags/example_trigger_target_dag.py
[2025-02-10T12:59:16.403+0600] {logging_mixin.py:190} INFO - [2025-02-10T12:59:16.402+0600] {override.py:1930} INFO - Created Permission View: can delete on DAG:example_trigger_target_dag
[2025-02-10T12:59:16.418+0600] {logging_mixin.py:190} INFO - [2025-02-10T12:59:16.417+0600] {override.py:1930} INFO - Created Permission View: can edit on DAG:example_trigger_target_dag
[2025-02-10T12:59:16.427+0600] {logging_mixin.py:190} INFO - [2025-02-10T12:59:16.426+0600] {override.py:1930} INFO - Created Permission View: can read on DAG:example_trigger_target_dag
[2025-02-10T12:59:16.439+0600] {logging_mixin.py:190} INFO - [2025-02-10T12:59:16.439+0600] {override.py:1930} INFO - Created Permission View: can delete on DAG Run:example_trigger_target_dag
[2025-02-10T12:59:16.449+0600] {logging_mixin.py:190} INFO - [2025-02-10T12:59:16.449+0600] {override.py:1930} INFO - Created Permission View: can read on DAG Run:example_trigger_target_dag
[2025-02-10T12:59:16.457+0600] {logging_mixin.py:190} INFO - [2025-02-10T12:59:16.457+0600] {override.py:1930} INFO - Created Permission View: can create on DAG Run:example_trigger_target_dag
[2025-02-10T12:59:16.465+0600] {logging_mixin.py:190} INFO - [2025-02-10T12:59:16.464+0600] {override.py:1930} INFO - Created Permission View: menu access on DAG Run:example_trigger_target_dag
[2025-02-10T12:59:16.465+0600] {logging_mixin.py:190} INFO - [2025-02-10T12:59:16.465+0600] {dag.py:3239} INFO - Sync 1 DAGs
[2025-02-10T12:59:16.479+0600] {logging_mixin.py:190} INFO - [2025-02-10T12:59:16.478+0600] {dag.py:3262} INFO - Creating ORM DAG for example_trigger_target_dag
[2025-02-10T12:59:16.480+0600] {logging_mixin.py:190} INFO - [2025-02-10T12:59:16.479+0600] {dag.py:4180} INFO - Setting next_dagrun for example_trigger_target_dag to None, run_after=None
[2025-02-10T12:59:16.504+0600] {processor.py:208} INFO - Processing /home/shamim/airflow_git/Airflow_project/air_venv/lib/python3.12/site-packages/airflow/example_dags/example_trigger_target_dag.py took 0.281 seconds
[2025-02-10T13:00:36.110+0600] {processor.py:186} INFO - Started process (PID=13501) to work on /home/shamim/airflow_git/Airflow_project/air_venv/lib/python3.12/site-packages/airflow/example_dags/example_trigger_target_dag.py
[2025-02-10T13:00:36.112+0600] {processor.py:914} INFO - Processing file /home/shamim/airflow_git/Airflow_project/air_venv/lib/python3.12/site-packages/airflow/example_dags/example_trigger_target_dag.py for tasks to queue
[2025-02-10T13:00:36.117+0600] {logging_mixin.py:190} INFO - [2025-02-10T13:00:36.116+0600] {dagbag.py:588} INFO - Filling up the DagBag from /home/shamim/airflow_git/Airflow_project/air_venv/lib/python3.12/site-packages/airflow/example_dags/example_trigger_target_dag.py
[2025-02-10T13:00:36.137+0600] {processor.py:925} INFO - DAG(s) 'example_trigger_target_dag' retrieved from /home/shamim/airflow_git/Airflow_project/air_venv/lib/python3.12/site-packages/airflow/example_dags/example_trigger_target_dag.py
[2025-02-10T13:00:36.160+0600] {logging_mixin.py:190} INFO - [2025-02-10T13:00:36.160+0600] {dag.py:3239} INFO - Sync 1 DAGs
[2025-02-10T13:00:36.176+0600] {logging_mixin.py:190} INFO - [2025-02-10T13:00:36.176+0600] {dag.py:4180} INFO - Setting next_dagrun for example_trigger_target_dag to None, run_after=None
[2025-02-10T13:00:36.207+0600] {processor.py:208} INFO - Processing /home/shamim/airflow_git/Airflow_project/air_venv/lib/python3.12/site-packages/airflow/example_dags/example_trigger_target_dag.py took 0.111 seconds
[2025-02-10T13:01:47.090+0600] {processor.py:186} INFO - Started process (PID=13619) to work on /home/shamim/airflow_git/Airflow_project/air_venv/lib/python3.12/site-packages/airflow/example_dags/example_trigger_target_dag.py
[2025-02-10T13:01:47.097+0600] {processor.py:914} INFO - Processing file /home/shamim/airflow_git/Airflow_project/air_venv/lib/python3.12/site-packages/airflow/example_dags/example_trigger_target_dag.py for tasks to queue
[2025-02-10T13:01:47.103+0600] {logging_mixin.py:190} INFO - [2025-02-10T13:01:47.102+0600] {dagbag.py:588} INFO - Filling up the DagBag from /home/shamim/airflow_git/Airflow_project/air_venv/lib/python3.12/site-packages/airflow/example_dags/example_trigger_target_dag.py
[2025-02-10T13:01:47.114+0600] {processor.py:925} INFO - DAG(s) 'example_trigger_target_dag' retrieved from /home/shamim/airflow_git/Airflow_project/air_venv/lib/python3.12/site-packages/airflow/example_dags/example_trigger_target_dag.py
[2025-02-10T13:01:47.136+0600] {logging_mixin.py:190} INFO - [2025-02-10T13:01:47.136+0600] {dag.py:3239} INFO - Sync 1 DAGs
[2025-02-10T13:01:47.156+0600] {logging_mixin.py:190} INFO - [2025-02-10T13:01:47.155+0600] {dag.py:4180} INFO - Setting next_dagrun for example_trigger_target_dag to None, run_after=None
[2025-02-10T13:01:47.188+0600] {processor.py:208} INFO - Processing /home/shamim/airflow_git/Airflow_project/air_venv/lib/python3.12/site-packages/airflow/example_dags/example_trigger_target_dag.py took 0.110 seconds
