[2025-02-10T12:59:46.841+0600] {processor.py:186} INFO - Started process (PID=13031) to work on /home/shamim/airflow_git/Airflow_project/air_venv/lib/python3.12/site-packages/airflow/example_dags/example_latest_only.py
[2025-02-10T12:59:46.842+0600] {processor.py:914} INFO - Processing file /home/shamim/airflow_git/Airflow_project/air_venv/lib/python3.12/site-packages/airflow/example_dags/example_latest_only.py for tasks to queue
[2025-02-10T12:59:46.846+0600] {logging_mixin.py:190} INFO - [2025-02-10T12:59:46.845+0600] {dagbag.py:588} INFO - Filling up the DagBag from /home/shamim/airflow_git/Airflow_project/air_venv/lib/python3.12/site-packages/airflow/example_dags/example_latest_only.py
[2025-02-10T12:59:46.857+0600] {processor.py:925} INFO - DAG(s) 'latest_only' retrieved from /home/shamim/airflow_git/Airflow_project/air_venv/lib/python3.12/site-packages/airflow/example_dags/example_latest_only.py
[2025-02-10T12:59:46.985+0600] {logging_mixin.py:190} INFO - [2025-02-10T12:59:46.984+0600] {override.py:1930} INFO - Created Permission View: can delete on DAG:latest_only
[2025-02-10T12:59:46.996+0600] {logging_mixin.py:190} INFO - [2025-02-10T12:59:46.995+0600] {override.py:1930} INFO - Created Permission View: can edit on DAG:latest_only
[2025-02-10T12:59:47.003+0600] {logging_mixin.py:190} INFO - [2025-02-10T12:59:47.003+0600] {override.py:1930} INFO - Created Permission View: can read on DAG:latest_only
[2025-02-10T12:59:47.014+0600] {logging_mixin.py:190} INFO - [2025-02-10T12:59:47.014+0600] {override.py:1930} INFO - Created Permission View: can delete on DAG Run:latest_only
[2025-02-10T12:59:47.021+0600] {logging_mixin.py:190} INFO - [2025-02-10T12:59:47.021+0600] {override.py:1930} INFO - Created Permission View: can read on DAG Run:latest_only
[2025-02-10T12:59:47.029+0600] {logging_mixin.py:190} INFO - [2025-02-10T12:59:47.028+0600] {override.py:1930} INFO - Created Permission View: can create on DAG Run:latest_only
[2025-02-10T12:59:47.036+0600] {logging_mixin.py:190} INFO - [2025-02-10T12:59:47.036+0600] {override.py:1930} INFO - Created Permission View: menu access on DAG Run:latest_only
[2025-02-10T12:59:47.037+0600] {logging_mixin.py:190} INFO - [2025-02-10T12:59:47.036+0600] {dag.py:3239} INFO - Sync 1 DAGs
[2025-02-10T12:59:47.050+0600] {logging_mixin.py:190} INFO - [2025-02-10T12:59:47.050+0600] {dag.py:3262} INFO - Creating ORM DAG for latest_only
[2025-02-10T12:59:47.060+0600] {logging_mixin.py:190} INFO - [2025-02-10T12:59:47.060+0600] {dag.py:4180} INFO - Setting next_dagrun for latest_only to 2025-02-10 00:00:00+00:00, run_after=2025-02-10 04:00:00+00:00
[2025-02-10T12:59:47.088+0600] {processor.py:208} INFO - Processing /home/shamim/airflow_git/Airflow_project/air_venv/lib/python3.12/site-packages/airflow/example_dags/example_latest_only.py took 0.256 seconds
[2025-02-10T13:01:01.350+0600] {processor.py:186} INFO - Started process (PID=13533) to work on /home/shamim/airflow_git/Airflow_project/air_venv/lib/python3.12/site-packages/airflow/example_dags/example_latest_only.py
[2025-02-10T13:01:01.356+0600] {processor.py:914} INFO - Processing file /home/shamim/airflow_git/Airflow_project/air_venv/lib/python3.12/site-packages/airflow/example_dags/example_latest_only.py for tasks to queue
[2025-02-10T13:01:01.360+0600] {logging_mixin.py:190} INFO - [2025-02-10T13:01:01.359+0600] {dagbag.py:588} INFO - Filling up the DagBag from /home/shamim/airflow_git/Airflow_project/air_venv/lib/python3.12/site-packages/airflow/example_dags/example_latest_only.py
[2025-02-10T13:01:01.372+0600] {processor.py:925} INFO - DAG(s) 'latest_only' retrieved from /home/shamim/airflow_git/Airflow_project/air_venv/lib/python3.12/site-packages/airflow/example_dags/example_latest_only.py
[2025-02-10T13:01:01.389+0600] {logging_mixin.py:190} INFO - [2025-02-10T13:01:01.389+0600] {dag.py:3239} INFO - Sync 1 DAGs
[2025-02-10T13:01:01.412+0600] {logging_mixin.py:190} INFO - [2025-02-10T13:01:01.412+0600] {dag.py:4180} INFO - Setting next_dagrun for latest_only to 2025-02-10 00:00:00+00:00, run_after=2025-02-10 04:00:00+00:00
[2025-02-10T13:01:01.439+0600] {processor.py:208} INFO - Processing /home/shamim/airflow_git/Airflow_project/air_venv/lib/python3.12/site-packages/airflow/example_dags/example_latest_only.py took 0.099 seconds
[2025-02-10T13:02:12.852+0600] {processor.py:186} INFO - Started process (PID=13655) to work on /home/shamim/airflow_git/Airflow_project/air_venv/lib/python3.12/site-packages/airflow/example_dags/example_latest_only.py
[2025-02-10T13:02:12.855+0600] {processor.py:914} INFO - Processing file /home/shamim/airflow_git/Airflow_project/air_venv/lib/python3.12/site-packages/airflow/example_dags/example_latest_only.py for tasks to queue
[2025-02-10T13:02:12.859+0600] {logging_mixin.py:190} INFO - [2025-02-10T13:02:12.859+0600] {dagbag.py:588} INFO - Filling up the DagBag from /home/shamim/airflow_git/Airflow_project/air_venv/lib/python3.12/site-packages/airflow/example_dags/example_latest_only.py
[2025-02-10T13:02:12.872+0600] {processor.py:925} INFO - DAG(s) 'latest_only' retrieved from /home/shamim/airflow_git/Airflow_project/air_venv/lib/python3.12/site-packages/airflow/example_dags/example_latest_only.py
[2025-02-10T13:02:12.896+0600] {logging_mixin.py:190} INFO - [2025-02-10T13:02:12.896+0600] {dag.py:3239} INFO - Sync 1 DAGs
[2025-02-10T13:02:12.926+0600] {logging_mixin.py:190} INFO - [2025-02-10T13:02:12.926+0600] {dag.py:4180} INFO - Setting next_dagrun for latest_only to 2025-02-10 00:00:00+00:00, run_after=2025-02-10 04:00:00+00:00
[2025-02-10T13:02:12.958+0600] {processor.py:208} INFO - Processing /home/shamim/airflow_git/Airflow_project/air_venv/lib/python3.12/site-packages/airflow/example_dags/example_latest_only.py took 0.117 seconds
[2025-02-10T13:03:20.664+0600] {processor.py:186} INFO - Started process (PID=13862) to work on /home/shamim/airflow_git/Airflow_project/air_venv/lib/python3.12/site-packages/airflow/example_dags/example_latest_only.py
[2025-02-10T13:03:20.670+0600] {processor.py:914} INFO - Processing file /home/shamim/airflow_git/Airflow_project/air_venv/lib/python3.12/site-packages/airflow/example_dags/example_latest_only.py for tasks to queue
[2025-02-10T13:03:20.673+0600] {logging_mixin.py:190} INFO - [2025-02-10T13:03:20.672+0600] {dagbag.py:588} INFO - Filling up the DagBag from /home/shamim/airflow_git/Airflow_project/air_venv/lib/python3.12/site-packages/airflow/example_dags/example_latest_only.py
[2025-02-10T13:03:20.681+0600] {processor.py:925} INFO - DAG(s) 'latest_only' retrieved from /home/shamim/airflow_git/Airflow_project/air_venv/lib/python3.12/site-packages/airflow/example_dags/example_latest_only.py
[2025-02-10T13:03:20.698+0600] {logging_mixin.py:190} INFO - [2025-02-10T13:03:20.698+0600] {dag.py:3239} INFO - Sync 1 DAGs
[2025-02-10T13:03:20.721+0600] {logging_mixin.py:190} INFO - [2025-02-10T13:03:20.721+0600] {dag.py:4180} INFO - Setting next_dagrun for latest_only to 2025-02-10 00:00:00+00:00, run_after=2025-02-10 04:00:00+00:00
[2025-02-10T13:03:20.745+0600] {processor.py:208} INFO - Processing /home/shamim/airflow_git/Airflow_project/air_venv/lib/python3.12/site-packages/airflow/example_dags/example_latest_only.py took 0.088 seconds
[2025-02-10T13:04:26.187+0600] {processor.py:186} INFO - Started process (PID=14004) to work on /home/shamim/airflow_git/Airflow_project/air_venv/lib/python3.12/site-packages/airflow/example_dags/example_latest_only.py
[2025-02-10T13:04:26.193+0600] {processor.py:914} INFO - Processing file /home/shamim/airflow_git/Airflow_project/air_venv/lib/python3.12/site-packages/airflow/example_dags/example_latest_only.py for tasks to queue
[2025-02-10T13:04:26.196+0600] {logging_mixin.py:190} INFO - [2025-02-10T13:04:26.195+0600] {dagbag.py:588} INFO - Filling up the DagBag from /home/shamim/airflow_git/Airflow_project/air_venv/lib/python3.12/site-packages/airflow/example_dags/example_latest_only.py
[2025-02-10T13:04:26.205+0600] {processor.py:925} INFO - DAG(s) 'latest_only' retrieved from /home/shamim/airflow_git/Airflow_project/air_venv/lib/python3.12/site-packages/airflow/example_dags/example_latest_only.py
[2025-02-10T13:04:26.222+0600] {logging_mixin.py:190} INFO - [2025-02-10T13:04:26.222+0600] {dag.py:3239} INFO - Sync 1 DAGs
[2025-02-10T13:04:26.245+0600] {logging_mixin.py:190} INFO - [2025-02-10T13:04:26.245+0600] {dag.py:4180} INFO - Setting next_dagrun for latest_only to 2025-02-10 00:00:00+00:00, run_after=2025-02-10 04:00:00+00:00
[2025-02-10T13:04:26.270+0600] {processor.py:208} INFO - Processing /home/shamim/airflow_git/Airflow_project/air_venv/lib/python3.12/site-packages/airflow/example_dags/example_latest_only.py took 0.090 seconds
[2025-02-10T13:05:34.599+0600] {processor.py:186} INFO - Started process (PID=14101) to work on /home/shamim/airflow_git/Airflow_project/air_venv/lib/python3.12/site-packages/airflow/example_dags/example_latest_only.py
[2025-02-10T13:05:34.605+0600] {processor.py:914} INFO - Processing file /home/shamim/airflow_git/Airflow_project/air_venv/lib/python3.12/site-packages/airflow/example_dags/example_latest_only.py for tasks to queue
[2025-02-10T13:05:34.608+0600] {logging_mixin.py:190} INFO - [2025-02-10T13:05:34.608+0600] {dagbag.py:588} INFO - Filling up the DagBag from /home/shamim/airflow_git/Airflow_project/air_venv/lib/python3.12/site-packages/airflow/example_dags/example_latest_only.py
[2025-02-10T13:05:34.616+0600] {processor.py:925} INFO - DAG(s) 'latest_only' retrieved from /home/shamim/airflow_git/Airflow_project/air_venv/lib/python3.12/site-packages/airflow/example_dags/example_latest_only.py
[2025-02-10T13:05:34.633+0600] {logging_mixin.py:190} INFO - [2025-02-10T13:05:34.633+0600] {dag.py:3239} INFO - Sync 1 DAGs
[2025-02-10T13:05:34.657+0600] {logging_mixin.py:190} INFO - [2025-02-10T13:05:34.657+0600] {dag.py:4180} INFO - Setting next_dagrun for latest_only to 2025-02-10 00:00:00+00:00, run_after=2025-02-10 04:00:00+00:00
[2025-02-10T13:05:34.680+0600] {processor.py:208} INFO - Processing /home/shamim/airflow_git/Airflow_project/air_venv/lib/python3.12/site-packages/airflow/example_dags/example_latest_only.py took 0.088 seconds
[2025-02-10T13:06:41.980+0600] {processor.py:186} INFO - Started process (PID=14241) to work on /home/shamim/airflow_git/Airflow_project/air_venv/lib/python3.12/site-packages/airflow/example_dags/example_latest_only.py
[2025-02-10T13:06:41.983+0600] {processor.py:914} INFO - Processing file /home/shamim/airflow_git/Airflow_project/air_venv/lib/python3.12/site-packages/airflow/example_dags/example_latest_only.py for tasks to queue
[2025-02-10T13:06:41.985+0600] {logging_mixin.py:190} INFO - [2025-02-10T13:06:41.985+0600] {dagbag.py:588} INFO - Filling up the DagBag from /home/shamim/airflow_git/Airflow_project/air_venv/lib/python3.12/site-packages/airflow/example_dags/example_latest_only.py
[2025-02-10T13:06:41.997+0600] {processor.py:925} INFO - DAG(s) 'latest_only' retrieved from /home/shamim/airflow_git/Airflow_project/air_venv/lib/python3.12/site-packages/airflow/example_dags/example_latest_only.py
[2025-02-10T13:06:42.014+0600] {logging_mixin.py:190} INFO - [2025-02-10T13:06:42.014+0600] {dag.py:3239} INFO - Sync 1 DAGs
[2025-02-10T13:06:42.055+0600] {logging_mixin.py:190} INFO - [2025-02-10T13:06:42.055+0600] {dag.py:4180} INFO - Setting next_dagrun for latest_only to 2025-02-10 00:00:00+00:00, run_after=2025-02-10 04:00:00+00:00
[2025-02-10T13:06:42.096+0600] {processor.py:208} INFO - Processing /home/shamim/airflow_git/Airflow_project/air_venv/lib/python3.12/site-packages/airflow/example_dags/example_latest_only.py took 0.123 seconds
[2025-02-10T13:07:56.061+0600] {processor.py:186} INFO - Started process (PID=14462) to work on /home/shamim/airflow_git/Airflow_project/air_venv/lib/python3.12/site-packages/airflow/example_dags/example_latest_only.py
[2025-02-10T13:07:56.067+0600] {processor.py:914} INFO - Processing file /home/shamim/airflow_git/Airflow_project/air_venv/lib/python3.12/site-packages/airflow/example_dags/example_latest_only.py for tasks to queue
[2025-02-10T13:07:56.072+0600] {logging_mixin.py:190} INFO - [2025-02-10T13:07:56.071+0600] {dagbag.py:588} INFO - Filling up the DagBag from /home/shamim/airflow_git/Airflow_project/air_venv/lib/python3.12/site-packages/airflow/example_dags/example_latest_only.py
[2025-02-10T13:07:56.085+0600] {processor.py:925} INFO - DAG(s) 'latest_only' retrieved from /home/shamim/airflow_git/Airflow_project/air_venv/lib/python3.12/site-packages/airflow/example_dags/example_latest_only.py
[2025-02-10T13:07:56.109+0600] {logging_mixin.py:190} INFO - [2025-02-10T13:07:56.109+0600] {dag.py:3239} INFO - Sync 1 DAGs
[2025-02-10T13:07:56.136+0600] {logging_mixin.py:190} INFO - [2025-02-10T13:07:56.135+0600] {dag.py:4180} INFO - Setting next_dagrun for latest_only to 2025-02-10 00:00:00+00:00, run_after=2025-02-10 04:00:00+00:00
[2025-02-10T13:07:56.169+0600] {processor.py:208} INFO - Processing /home/shamim/airflow_git/Airflow_project/air_venv/lib/python3.12/site-packages/airflow/example_dags/example_latest_only.py took 0.119 seconds
[2025-02-10T13:09:07.441+0600] {processor.py:186} INFO - Started process (PID=14692) to work on /home/shamim/airflow_git/Airflow_project/air_venv/lib/python3.12/site-packages/airflow/example_dags/example_latest_only.py
[2025-02-10T13:09:07.444+0600] {processor.py:914} INFO - Processing file /home/shamim/airflow_git/Airflow_project/air_venv/lib/python3.12/site-packages/airflow/example_dags/example_latest_only.py for tasks to queue
[2025-02-10T13:09:07.446+0600] {logging_mixin.py:190} INFO - [2025-02-10T13:09:07.446+0600] {dagbag.py:588} INFO - Filling up the DagBag from /home/shamim/airflow_git/Airflow_project/air_venv/lib/python3.12/site-packages/airflow/example_dags/example_latest_only.py
[2025-02-10T13:09:07.458+0600] {processor.py:925} INFO - DAG(s) 'latest_only' retrieved from /home/shamim/airflow_git/Airflow_project/air_venv/lib/python3.12/site-packages/airflow/example_dags/example_latest_only.py
[2025-02-10T13:09:07.480+0600] {logging_mixin.py:190} INFO - [2025-02-10T13:09:07.480+0600] {dag.py:3239} INFO - Sync 1 DAGs
[2025-02-10T13:09:07.505+0600] {logging_mixin.py:190} INFO - [2025-02-10T13:09:07.505+0600] {dag.py:4180} INFO - Setting next_dagrun for latest_only to 2025-02-10 00:00:00+00:00, run_after=2025-02-10 04:00:00+00:00
[2025-02-10T13:09:07.537+0600] {processor.py:208} INFO - Processing /home/shamim/airflow_git/Airflow_project/air_venv/lib/python3.12/site-packages/airflow/example_dags/example_latest_only.py took 0.105 seconds
[2025-02-10T13:10:15.014+0600] {processor.py:186} INFO - Started process (PID=14831) to work on /home/shamim/airflow_git/Airflow_project/air_venv/lib/python3.12/site-packages/airflow/example_dags/example_latest_only.py
[2025-02-10T13:10:15.020+0600] {processor.py:914} INFO - Processing file /home/shamim/airflow_git/Airflow_project/air_venv/lib/python3.12/site-packages/airflow/example_dags/example_latest_only.py for tasks to queue
[2025-02-10T13:10:15.022+0600] {logging_mixin.py:190} INFO - [2025-02-10T13:10:15.022+0600] {dagbag.py:588} INFO - Filling up the DagBag from /home/shamim/airflow_git/Airflow_project/air_venv/lib/python3.12/site-packages/airflow/example_dags/example_latest_only.py
[2025-02-10T13:10:15.031+0600] {processor.py:925} INFO - DAG(s) 'latest_only' retrieved from /home/shamim/airflow_git/Airflow_project/air_venv/lib/python3.12/site-packages/airflow/example_dags/example_latest_only.py
[2025-02-10T13:10:15.048+0600] {logging_mixin.py:190} INFO - [2025-02-10T13:10:15.048+0600] {dag.py:3239} INFO - Sync 1 DAGs
[2025-02-10T13:10:15.072+0600] {logging_mixin.py:190} INFO - [2025-02-10T13:10:15.072+0600] {dag.py:4180} INFO - Setting next_dagrun for latest_only to 2025-02-10 00:00:00+00:00, run_after=2025-02-10 04:00:00+00:00
[2025-02-10T13:10:15.099+0600] {processor.py:208} INFO - Processing /home/shamim/airflow_git/Airflow_project/air_venv/lib/python3.12/site-packages/airflow/example_dags/example_latest_only.py took 0.094 seconds
[2025-02-10T13:11:29.099+0600] {processor.py:186} INFO - Started process (PID=14924) to work on /home/shamim/airflow_git/Airflow_project/air_venv/lib/python3.12/site-packages/airflow/example_dags/example_latest_only.py
[2025-02-10T13:11:29.100+0600] {processor.py:914} INFO - Processing file /home/shamim/airflow_git/Airflow_project/air_venv/lib/python3.12/site-packages/airflow/example_dags/example_latest_only.py for tasks to queue
[2025-02-10T13:11:29.104+0600] {logging_mixin.py:190} INFO - [2025-02-10T13:11:29.103+0600] {dagbag.py:588} INFO - Filling up the DagBag from /home/shamim/airflow_git/Airflow_project/air_venv/lib/python3.12/site-packages/airflow/example_dags/example_latest_only.py
[2025-02-10T13:11:29.117+0600] {processor.py:925} INFO - DAG(s) 'latest_only' retrieved from /home/shamim/airflow_git/Airflow_project/air_venv/lib/python3.12/site-packages/airflow/example_dags/example_latest_only.py
[2025-02-10T13:11:29.139+0600] {logging_mixin.py:190} INFO - [2025-02-10T13:11:29.139+0600] {dag.py:3239} INFO - Sync 1 DAGs
[2025-02-10T13:11:29.167+0600] {logging_mixin.py:190} INFO - [2025-02-10T13:11:29.167+0600] {dag.py:4180} INFO - Setting next_dagrun for latest_only to 2025-02-10 00:00:00+00:00, run_after=2025-02-10 04:00:00+00:00
[2025-02-10T13:11:29.190+0600] {processor.py:208} INFO - Processing /home/shamim/airflow_git/Airflow_project/air_venv/lib/python3.12/site-packages/airflow/example_dags/example_latest_only.py took 0.105 seconds
[2025-02-10T13:12:44.730+0600] {processor.py:186} INFO - Started process (PID=15029) to work on /home/shamim/airflow_git/Airflow_project/air_venv/lib/python3.12/site-packages/airflow/example_dags/example_latest_only.py
[2025-02-10T13:12:44.731+0600] {processor.py:914} INFO - Processing file /home/shamim/airflow_git/Airflow_project/air_venv/lib/python3.12/site-packages/airflow/example_dags/example_latest_only.py for tasks to queue
[2025-02-10T13:12:44.738+0600] {logging_mixin.py:190} INFO - [2025-02-10T13:12:44.737+0600] {dagbag.py:588} INFO - Filling up the DagBag from /home/shamim/airflow_git/Airflow_project/air_venv/lib/python3.12/site-packages/airflow/example_dags/example_latest_only.py
[2025-02-10T13:12:44.753+0600] {processor.py:925} INFO - DAG(s) 'latest_only' retrieved from /home/shamim/airflow_git/Airflow_project/air_venv/lib/python3.12/site-packages/airflow/example_dags/example_latest_only.py
[2025-02-10T13:12:44.783+0600] {logging_mixin.py:190} INFO - [2025-02-10T13:12:44.782+0600] {dag.py:3239} INFO - Sync 1 DAGs
[2025-02-10T13:12:44.824+0600] {logging_mixin.py:190} INFO - [2025-02-10T13:12:44.824+0600] {dag.py:4180} INFO - Setting next_dagrun for latest_only to 2025-02-10 00:00:00+00:00, run_after=2025-02-10 04:00:00+00:00
[2025-02-10T13:12:44.857+0600] {processor.py:208} INFO - Processing /home/shamim/airflow_git/Airflow_project/air_venv/lib/python3.12/site-packages/airflow/example_dags/example_latest_only.py took 0.150 seconds
[2025-02-10T13:14:02.412+0600] {processor.py:186} INFO - Started process (PID=15171) to work on /home/shamim/airflow_git/Airflow_project/air_venv/lib/python3.12/site-packages/airflow/example_dags/example_latest_only.py
[2025-02-10T13:14:02.418+0600] {processor.py:914} INFO - Processing file /home/shamim/airflow_git/Airflow_project/air_venv/lib/python3.12/site-packages/airflow/example_dags/example_latest_only.py for tasks to queue
[2025-02-10T13:14:02.422+0600] {logging_mixin.py:190} INFO - [2025-02-10T13:14:02.421+0600] {dagbag.py:588} INFO - Filling up the DagBag from /home/shamim/airflow_git/Airflow_project/air_venv/lib/python3.12/site-packages/airflow/example_dags/example_latest_only.py
[2025-02-10T13:14:02.432+0600] {processor.py:925} INFO - DAG(s) 'latest_only' retrieved from /home/shamim/airflow_git/Airflow_project/air_venv/lib/python3.12/site-packages/airflow/example_dags/example_latest_only.py
[2025-02-10T13:14:02.450+0600] {logging_mixin.py:190} INFO - [2025-02-10T13:14:02.450+0600] {dag.py:3239} INFO - Sync 1 DAGs
[2025-02-10T13:14:02.476+0600] {logging_mixin.py:190} INFO - [2025-02-10T13:14:02.476+0600] {dag.py:4180} INFO - Setting next_dagrun for latest_only to 2025-02-10 00:00:00+00:00, run_after=2025-02-10 04:00:00+00:00
[2025-02-10T13:14:02.500+0600] {processor.py:208} INFO - Processing /home/shamim/airflow_git/Airflow_project/air_venv/lib/python3.12/site-packages/airflow/example_dags/example_latest_only.py took 0.100 seconds
[2025-02-10T13:15:09.877+0600] {processor.py:186} INFO - Started process (PID=15264) to work on /home/shamim/airflow_git/Airflow_project/air_venv/lib/python3.12/site-packages/airflow/example_dags/example_latest_only.py
[2025-02-10T13:15:09.881+0600] {processor.py:914} INFO - Processing file /home/shamim/airflow_git/Airflow_project/air_venv/lib/python3.12/site-packages/airflow/example_dags/example_latest_only.py for tasks to queue
[2025-02-10T13:15:09.884+0600] {logging_mixin.py:190} INFO - [2025-02-10T13:15:09.884+0600] {dagbag.py:588} INFO - Filling up the DagBag from /home/shamim/airflow_git/Airflow_project/air_venv/lib/python3.12/site-packages/airflow/example_dags/example_latest_only.py
[2025-02-10T13:15:09.893+0600] {processor.py:925} INFO - DAG(s) 'latest_only' retrieved from /home/shamim/airflow_git/Airflow_project/air_venv/lib/python3.12/site-packages/airflow/example_dags/example_latest_only.py
[2025-02-10T13:15:09.910+0600] {logging_mixin.py:190} INFO - [2025-02-10T13:15:09.910+0600] {dag.py:3239} INFO - Sync 1 DAGs
[2025-02-10T13:15:09.934+0600] {logging_mixin.py:190} INFO - [2025-02-10T13:15:09.934+0600] {dag.py:4180} INFO - Setting next_dagrun for latest_only to 2025-02-10 00:00:00+00:00, run_after=2025-02-10 04:00:00+00:00
[2025-02-10T13:15:09.959+0600] {processor.py:208} INFO - Processing /home/shamim/airflow_git/Airflow_project/air_venv/lib/python3.12/site-packages/airflow/example_dags/example_latest_only.py took 0.092 seconds
[2025-02-10T13:16:18.511+0600] {processor.py:186} INFO - Started process (PID=15356) to work on /home/shamim/airflow_git/Airflow_project/air_venv/lib/python3.12/site-packages/airflow/example_dags/example_latest_only.py
[2025-02-10T13:16:18.515+0600] {processor.py:914} INFO - Processing file /home/shamim/airflow_git/Airflow_project/air_venv/lib/python3.12/site-packages/airflow/example_dags/example_latest_only.py for tasks to queue
[2025-02-10T13:16:18.518+0600] {logging_mixin.py:190} INFO - [2025-02-10T13:16:18.517+0600] {dagbag.py:588} INFO - Filling up the DagBag from /home/shamim/airflow_git/Airflow_project/air_venv/lib/python3.12/site-packages/airflow/example_dags/example_latest_only.py
[2025-02-10T13:16:18.527+0600] {processor.py:925} INFO - DAG(s) 'latest_only' retrieved from /home/shamim/airflow_git/Airflow_project/air_venv/lib/python3.12/site-packages/airflow/example_dags/example_latest_only.py
[2025-02-10T13:16:18.547+0600] {logging_mixin.py:190} INFO - [2025-02-10T13:16:18.546+0600] {dag.py:3239} INFO - Sync 1 DAGs
[2025-02-10T13:16:18.579+0600] {logging_mixin.py:190} INFO - [2025-02-10T13:16:18.579+0600] {dag.py:4180} INFO - Setting next_dagrun for latest_only to 2025-02-10 00:00:00+00:00, run_after=2025-02-10 04:00:00+00:00
[2025-02-10T13:16:18.606+0600] {processor.py:208} INFO - Processing /home/shamim/airflow_git/Airflow_project/air_venv/lib/python3.12/site-packages/airflow/example_dags/example_latest_only.py took 0.110 seconds
[2025-02-10T13:17:27.793+0600] {processor.py:186} INFO - Started process (PID=15449) to work on /home/shamim/airflow_git/Airflow_project/air_venv/lib/python3.12/site-packages/airflow/example_dags/example_latest_only.py
[2025-02-10T13:17:27.799+0600] {processor.py:914} INFO - Processing file /home/shamim/airflow_git/Airflow_project/air_venv/lib/python3.12/site-packages/airflow/example_dags/example_latest_only.py for tasks to queue
[2025-02-10T13:17:27.803+0600] {logging_mixin.py:190} INFO - [2025-02-10T13:17:27.802+0600] {dagbag.py:588} INFO - Filling up the DagBag from /home/shamim/airflow_git/Airflow_project/air_venv/lib/python3.12/site-packages/airflow/example_dags/example_latest_only.py
[2025-02-10T13:17:27.812+0600] {processor.py:925} INFO - DAG(s) 'latest_only' retrieved from /home/shamim/airflow_git/Airflow_project/air_venv/lib/python3.12/site-packages/airflow/example_dags/example_latest_only.py
[2025-02-10T13:17:27.829+0600] {logging_mixin.py:190} INFO - [2025-02-10T13:17:27.829+0600] {dag.py:3239} INFO - Sync 1 DAGs
[2025-02-10T13:17:27.853+0600] {logging_mixin.py:190} INFO - [2025-02-10T13:17:27.853+0600] {dag.py:4180} INFO - Setting next_dagrun for latest_only to 2025-02-10 00:00:00+00:00, run_after=2025-02-10 04:00:00+00:00
[2025-02-10T13:17:27.884+0600] {processor.py:208} INFO - Processing /home/shamim/airflow_git/Airflow_project/air_venv/lib/python3.12/site-packages/airflow/example_dags/example_latest_only.py took 0.103 seconds
[2025-02-10T13:18:42.355+0600] {processor.py:186} INFO - Started process (PID=15721) to work on /home/shamim/airflow_git/Airflow_project/air_venv/lib/python3.12/site-packages/airflow/example_dags/example_latest_only.py
[2025-02-10T13:18:42.360+0600] {processor.py:914} INFO - Processing file /home/shamim/airflow_git/Airflow_project/air_venv/lib/python3.12/site-packages/airflow/example_dags/example_latest_only.py for tasks to queue
[2025-02-10T13:18:42.364+0600] {logging_mixin.py:190} INFO - [2025-02-10T13:18:42.363+0600] {dagbag.py:588} INFO - Filling up the DagBag from /home/shamim/airflow_git/Airflow_project/air_venv/lib/python3.12/site-packages/airflow/example_dags/example_latest_only.py
[2025-02-10T13:18:42.377+0600] {processor.py:925} INFO - DAG(s) 'latest_only' retrieved from /home/shamim/airflow_git/Airflow_project/air_venv/lib/python3.12/site-packages/airflow/example_dags/example_latest_only.py
[2025-02-10T13:18:42.401+0600] {logging_mixin.py:190} INFO - [2025-02-10T13:18:42.401+0600] {dag.py:3239} INFO - Sync 1 DAGs
[2025-02-10T13:18:42.433+0600] {logging_mixin.py:190} INFO - [2025-02-10T13:18:42.433+0600] {dag.py:4180} INFO - Setting next_dagrun for latest_only to 2025-02-10 00:00:00+00:00, run_after=2025-02-10 04:00:00+00:00
[2025-02-10T13:18:42.479+0600] {processor.py:208} INFO - Processing /home/shamim/airflow_git/Airflow_project/air_venv/lib/python3.12/site-packages/airflow/example_dags/example_latest_only.py took 0.142 seconds
[2025-02-10T13:19:59.582+0600] {processor.py:186} INFO - Started process (PID=16321) to work on /home/shamim/airflow_git/Airflow_project/air_venv/lib/python3.12/site-packages/airflow/example_dags/example_latest_only.py
[2025-02-10T13:19:59.589+0600] {processor.py:914} INFO - Processing file /home/shamim/airflow_git/Airflow_project/air_venv/lib/python3.12/site-packages/airflow/example_dags/example_latest_only.py for tasks to queue
[2025-02-10T13:19:59.591+0600] {logging_mixin.py:190} INFO - [2025-02-10T13:19:59.590+0600] {dagbag.py:588} INFO - Filling up the DagBag from /home/shamim/airflow_git/Airflow_project/air_venv/lib/python3.12/site-packages/airflow/example_dags/example_latest_only.py
[2025-02-10T13:19:59.605+0600] {processor.py:925} INFO - DAG(s) 'latest_only' retrieved from /home/shamim/airflow_git/Airflow_project/air_venv/lib/python3.12/site-packages/airflow/example_dags/example_latest_only.py
[2025-02-10T13:19:59.623+0600] {logging_mixin.py:190} INFO - [2025-02-10T13:19:59.623+0600] {dag.py:3239} INFO - Sync 1 DAGs
[2025-02-10T13:19:59.647+0600] {logging_mixin.py:190} INFO - [2025-02-10T13:19:59.647+0600] {dag.py:4180} INFO - Setting next_dagrun for latest_only to 2025-02-10 00:00:00+00:00, run_after=2025-02-10 04:00:00+00:00
[2025-02-10T13:19:59.674+0600] {processor.py:208} INFO - Processing /home/shamim/airflow_git/Airflow_project/air_venv/lib/python3.12/site-packages/airflow/example_dags/example_latest_only.py took 0.106 seconds
[2025-02-10T13:21:12.085+0600] {processor.py:186} INFO - Started process (PID=16892) to work on /home/shamim/airflow_git/Airflow_project/air_venv/lib/python3.12/site-packages/airflow/example_dags/example_latest_only.py
[2025-02-10T13:21:12.092+0600] {processor.py:914} INFO - Processing file /home/shamim/airflow_git/Airflow_project/air_venv/lib/python3.12/site-packages/airflow/example_dags/example_latest_only.py for tasks to queue
[2025-02-10T13:21:12.094+0600] {logging_mixin.py:190} INFO - [2025-02-10T13:21:12.093+0600] {dagbag.py:588} INFO - Filling up the DagBag from /home/shamim/airflow_git/Airflow_project/air_venv/lib/python3.12/site-packages/airflow/example_dags/example_latest_only.py
[2025-02-10T13:21:12.106+0600] {processor.py:925} INFO - DAG(s) 'latest_only' retrieved from /home/shamim/airflow_git/Airflow_project/air_venv/lib/python3.12/site-packages/airflow/example_dags/example_latest_only.py
[2025-02-10T13:21:12.125+0600] {logging_mixin.py:190} INFO - [2025-02-10T13:21:12.125+0600] {dag.py:3239} INFO - Sync 1 DAGs
[2025-02-10T13:21:12.151+0600] {logging_mixin.py:190} INFO - [2025-02-10T13:21:12.151+0600] {dag.py:4180} INFO - Setting next_dagrun for latest_only to 2025-02-10 00:00:00+00:00, run_after=2025-02-10 04:00:00+00:00
[2025-02-10T13:21:12.179+0600] {processor.py:208} INFO - Processing /home/shamim/airflow_git/Airflow_project/air_venv/lib/python3.12/site-packages/airflow/example_dags/example_latest_only.py took 0.107 seconds
[2025-02-10T13:22:28.990+0600] {processor.py:186} INFO - Started process (PID=17330) to work on /home/shamim/airflow_git/Airflow_project/air_venv/lib/python3.12/site-packages/airflow/example_dags/example_latest_only.py
[2025-02-10T13:22:28.996+0600] {processor.py:914} INFO - Processing file /home/shamim/airflow_git/Airflow_project/air_venv/lib/python3.12/site-packages/airflow/example_dags/example_latest_only.py for tasks to queue
[2025-02-10T13:22:28.998+0600] {logging_mixin.py:190} INFO - [2025-02-10T13:22:28.997+0600] {dagbag.py:588} INFO - Filling up the DagBag from /home/shamim/airflow_git/Airflow_project/air_venv/lib/python3.12/site-packages/airflow/example_dags/example_latest_only.py
[2025-02-10T13:22:29.008+0600] {processor.py:925} INFO - DAG(s) 'latest_only' retrieved from /home/shamim/airflow_git/Airflow_project/air_venv/lib/python3.12/site-packages/airflow/example_dags/example_latest_only.py
[2025-02-10T13:22:29.026+0600] {logging_mixin.py:190} INFO - [2025-02-10T13:22:29.026+0600] {dag.py:3239} INFO - Sync 1 DAGs
[2025-02-10T13:22:29.050+0600] {logging_mixin.py:190} INFO - [2025-02-10T13:22:29.050+0600] {dag.py:4180} INFO - Setting next_dagrun for latest_only to 2025-02-10 00:00:00+00:00, run_after=2025-02-10 04:00:00+00:00
[2025-02-10T13:22:29.077+0600] {processor.py:208} INFO - Processing /home/shamim/airflow_git/Airflow_project/air_venv/lib/python3.12/site-packages/airflow/example_dags/example_latest_only.py took 0.097 seconds
[2025-02-10T13:23:46.590+0600] {processor.py:186} INFO - Started process (PID=17482) to work on /home/shamim/airflow_git/Airflow_project/air_venv/lib/python3.12/site-packages/airflow/example_dags/example_latest_only.py
[2025-02-10T13:23:46.596+0600] {processor.py:914} INFO - Processing file /home/shamim/airflow_git/Airflow_project/air_venv/lib/python3.12/site-packages/airflow/example_dags/example_latest_only.py for tasks to queue
[2025-02-10T13:23:46.598+0600] {logging_mixin.py:190} INFO - [2025-02-10T13:23:46.597+0600] {dagbag.py:588} INFO - Filling up the DagBag from /home/shamim/airflow_git/Airflow_project/air_venv/lib/python3.12/site-packages/airflow/example_dags/example_latest_only.py
[2025-02-10T13:23:46.610+0600] {processor.py:925} INFO - DAG(s) 'latest_only' retrieved from /home/shamim/airflow_git/Airflow_project/air_venv/lib/python3.12/site-packages/airflow/example_dags/example_latest_only.py
[2025-02-10T13:23:46.628+0600] {logging_mixin.py:190} INFO - [2025-02-10T13:23:46.628+0600] {dag.py:3239} INFO - Sync 1 DAGs
[2025-02-10T13:23:46.653+0600] {logging_mixin.py:190} INFO - [2025-02-10T13:23:46.653+0600] {dag.py:4180} INFO - Setting next_dagrun for latest_only to 2025-02-10 00:00:00+00:00, run_after=2025-02-10 04:00:00+00:00
[2025-02-10T13:23:46.680+0600] {processor.py:208} INFO - Processing /home/shamim/airflow_git/Airflow_project/air_venv/lib/python3.12/site-packages/airflow/example_dags/example_latest_only.py took 0.102 seconds
[2025-02-10T13:24:56.174+0600] {processor.py:186} INFO - Started process (PID=17702) to work on /home/shamim/airflow_git/Airflow_project/air_venv/lib/python3.12/site-packages/airflow/example_dags/example_latest_only.py
[2025-02-10T13:24:56.180+0600] {processor.py:914} INFO - Processing file /home/shamim/airflow_git/Airflow_project/air_venv/lib/python3.12/site-packages/airflow/example_dags/example_latest_only.py for tasks to queue
[2025-02-10T13:24:56.182+0600] {logging_mixin.py:190} INFO - [2025-02-10T13:24:56.182+0600] {dagbag.py:588} INFO - Filling up the DagBag from /home/shamim/airflow_git/Airflow_project/air_venv/lib/python3.12/site-packages/airflow/example_dags/example_latest_only.py
[2025-02-10T13:24:56.193+0600] {processor.py:925} INFO - DAG(s) 'latest_only' retrieved from /home/shamim/airflow_git/Airflow_project/air_venv/lib/python3.12/site-packages/airflow/example_dags/example_latest_only.py
[2025-02-10T13:24:56.214+0600] {logging_mixin.py:190} INFO - [2025-02-10T13:24:56.214+0600] {dag.py:3239} INFO - Sync 1 DAGs
[2025-02-10T13:24:56.241+0600] {logging_mixin.py:190} INFO - [2025-02-10T13:24:56.241+0600] {dag.py:4180} INFO - Setting next_dagrun for latest_only to 2025-02-10 00:00:00+00:00, run_after=2025-02-10 04:00:00+00:00
[2025-02-10T13:24:56.283+0600] {processor.py:208} INFO - Processing /home/shamim/airflow_git/Airflow_project/air_venv/lib/python3.12/site-packages/airflow/example_dags/example_latest_only.py took 0.120 seconds
[2025-02-10T13:26:16.095+0600] {processor.py:186} INFO - Started process (PID=17817) to work on /home/shamim/airflow_git/Airflow_project/air_venv/lib/python3.12/site-packages/airflow/example_dags/example_latest_only.py
[2025-02-10T13:26:16.101+0600] {processor.py:914} INFO - Processing file /home/shamim/airflow_git/Airflow_project/air_venv/lib/python3.12/site-packages/airflow/example_dags/example_latest_only.py for tasks to queue
[2025-02-10T13:26:16.103+0600] {logging_mixin.py:190} INFO - [2025-02-10T13:26:16.102+0600] {dagbag.py:588} INFO - Filling up the DagBag from /home/shamim/airflow_git/Airflow_project/air_venv/lib/python3.12/site-packages/airflow/example_dags/example_latest_only.py
[2025-02-10T13:26:16.113+0600] {processor.py:925} INFO - DAG(s) 'latest_only' retrieved from /home/shamim/airflow_git/Airflow_project/air_venv/lib/python3.12/site-packages/airflow/example_dags/example_latest_only.py
[2025-02-10T13:26:16.131+0600] {logging_mixin.py:190} INFO - [2025-02-10T13:26:16.131+0600] {dag.py:3239} INFO - Sync 1 DAGs
[2025-02-10T13:26:16.155+0600] {logging_mixin.py:190} INFO - [2025-02-10T13:26:16.155+0600] {dag.py:4180} INFO - Setting next_dagrun for latest_only to 2025-02-10 00:00:00+00:00, run_after=2025-02-10 04:00:00+00:00
[2025-02-10T13:26:16.190+0600] {processor.py:208} INFO - Processing /home/shamim/airflow_git/Airflow_project/air_venv/lib/python3.12/site-packages/airflow/example_dags/example_latest_only.py took 0.105 seconds
[2025-02-10T13:27:33.031+0600] {processor.py:186} INFO - Started process (PID=17928) to work on /home/shamim/airflow_git/Airflow_project/air_venv/lib/python3.12/site-packages/airflow/example_dags/example_latest_only.py
[2025-02-10T13:27:33.038+0600] {processor.py:914} INFO - Processing file /home/shamim/airflow_git/Airflow_project/air_venv/lib/python3.12/site-packages/airflow/example_dags/example_latest_only.py for tasks to queue
[2025-02-10T13:27:33.039+0600] {logging_mixin.py:190} INFO - [2025-02-10T13:27:33.039+0600] {dagbag.py:588} INFO - Filling up the DagBag from /home/shamim/airflow_git/Airflow_project/air_venv/lib/python3.12/site-packages/airflow/example_dags/example_latest_only.py
[2025-02-10T13:27:33.049+0600] {processor.py:925} INFO - DAG(s) 'latest_only' retrieved from /home/shamim/airflow_git/Airflow_project/air_venv/lib/python3.12/site-packages/airflow/example_dags/example_latest_only.py
[2025-02-10T13:27:33.067+0600] {logging_mixin.py:190} INFO - [2025-02-10T13:27:33.067+0600] {dag.py:3239} INFO - Sync 1 DAGs
[2025-02-10T13:27:33.092+0600] {logging_mixin.py:190} INFO - [2025-02-10T13:27:33.092+0600] {dag.py:4180} INFO - Setting next_dagrun for latest_only to 2025-02-10 00:00:00+00:00, run_after=2025-02-10 04:00:00+00:00
[2025-02-10T13:27:33.128+0600] {processor.py:208} INFO - Processing /home/shamim/airflow_git/Airflow_project/air_venv/lib/python3.12/site-packages/airflow/example_dags/example_latest_only.py took 0.106 seconds
[2025-02-10T13:29:03.287+0600] {processor.py:186} INFO - Started process (PID=18638) to work on /home/shamim/airflow_git/Airflow_project/air_venv/lib/python3.12/site-packages/airflow/example_dags/example_latest_only.py
[2025-02-10T13:29:03.293+0600] {processor.py:914} INFO - Processing file /home/shamim/airflow_git/Airflow_project/air_venv/lib/python3.12/site-packages/airflow/example_dags/example_latest_only.py for tasks to queue
[2025-02-10T13:29:03.295+0600] {logging_mixin.py:190} INFO - [2025-02-10T13:29:03.294+0600] {dagbag.py:588} INFO - Filling up the DagBag from /home/shamim/airflow_git/Airflow_project/air_venv/lib/python3.12/site-packages/airflow/example_dags/example_latest_only.py
[2025-02-10T13:29:03.304+0600] {processor.py:925} INFO - DAG(s) 'latest_only' retrieved from /home/shamim/airflow_git/Airflow_project/air_venv/lib/python3.12/site-packages/airflow/example_dags/example_latest_only.py
[2025-02-10T13:29:03.322+0600] {logging_mixin.py:190} INFO - [2025-02-10T13:29:03.322+0600] {dag.py:3239} INFO - Sync 1 DAGs
[2025-02-10T13:29:03.346+0600] {logging_mixin.py:190} INFO - [2025-02-10T13:29:03.346+0600] {dag.py:4180} INFO - Setting next_dagrun for latest_only to 2025-02-10 00:00:00+00:00, run_after=2025-02-10 04:00:00+00:00
[2025-02-10T13:29:03.381+0600] {processor.py:208} INFO - Processing /home/shamim/airflow_git/Airflow_project/air_venv/lib/python3.12/site-packages/airflow/example_dags/example_latest_only.py took 0.104 seconds
[2025-02-10T13:30:23.243+0600] {processor.py:186} INFO - Started process (PID=18820) to work on /home/shamim/airflow_git/Airflow_project/air_venv/lib/python3.12/site-packages/airflow/example_dags/example_latest_only.py
[2025-02-10T13:30:23.256+0600] {processor.py:914} INFO - Processing file /home/shamim/airflow_git/Airflow_project/air_venv/lib/python3.12/site-packages/airflow/example_dags/example_latest_only.py for tasks to queue
[2025-02-10T13:30:23.258+0600] {logging_mixin.py:190} INFO - [2025-02-10T13:30:23.258+0600] {dagbag.py:588} INFO - Filling up the DagBag from /home/shamim/airflow_git/Airflow_project/air_venv/lib/python3.12/site-packages/airflow/example_dags/example_latest_only.py
[2025-02-10T13:30:23.268+0600] {processor.py:925} INFO - DAG(s) 'latest_only' retrieved from /home/shamim/airflow_git/Airflow_project/air_venv/lib/python3.12/site-packages/airflow/example_dags/example_latest_only.py
[2025-02-10T13:30:23.286+0600] {logging_mixin.py:190} INFO - [2025-02-10T13:30:23.286+0600] {dag.py:3239} INFO - Sync 1 DAGs
[2025-02-10T13:30:23.314+0600] {logging_mixin.py:190} INFO - [2025-02-10T13:30:23.314+0600] {dag.py:4180} INFO - Setting next_dagrun for latest_only to 2025-02-10 00:00:00+00:00, run_after=2025-02-10 04:00:00+00:00
[2025-02-10T13:30:23.336+0600] {processor.py:208} INFO - Processing /home/shamim/airflow_git/Airflow_project/air_venv/lib/python3.12/site-packages/airflow/example_dags/example_latest_only.py took 0.105 seconds
[2025-02-10T13:31:38.970+0600] {processor.py:186} INFO - Started process (PID=18928) to work on /home/shamim/airflow_git/Airflow_project/air_venv/lib/python3.12/site-packages/airflow/example_dags/example_latest_only.py
[2025-02-10T13:31:38.985+0600] {processor.py:914} INFO - Processing file /home/shamim/airflow_git/Airflow_project/air_venv/lib/python3.12/site-packages/airflow/example_dags/example_latest_only.py for tasks to queue
[2025-02-10T13:31:38.987+0600] {logging_mixin.py:190} INFO - [2025-02-10T13:31:38.986+0600] {dagbag.py:588} INFO - Filling up the DagBag from /home/shamim/airflow_git/Airflow_project/air_venv/lib/python3.12/site-packages/airflow/example_dags/example_latest_only.py
[2025-02-10T13:31:38.998+0600] {processor.py:925} INFO - DAG(s) 'latest_only' retrieved from /home/shamim/airflow_git/Airflow_project/air_venv/lib/python3.12/site-packages/airflow/example_dags/example_latest_only.py
[2025-02-10T13:31:39.016+0600] {logging_mixin.py:190} INFO - [2025-02-10T13:31:39.016+0600] {dag.py:3239} INFO - Sync 1 DAGs
[2025-02-10T13:31:39.198+0600] {logging_mixin.py:190} INFO - [2025-02-10T13:31:39.197+0600] {dag.py:4180} INFO - Setting next_dagrun for latest_only to 2025-02-10 00:00:00+00:00, run_after=2025-02-10 04:00:00+00:00
[2025-02-10T13:31:39.225+0600] {processor.py:208} INFO - Processing /home/shamim/airflow_git/Airflow_project/air_venv/lib/python3.12/site-packages/airflow/example_dags/example_latest_only.py took 0.266 seconds
[2025-02-10T13:32:54.245+0600] {processor.py:186} INFO - Started process (PID=19067) to work on /home/shamim/airflow_git/Airflow_project/air_venv/lib/python3.12/site-packages/airflow/example_dags/example_latest_only.py
[2025-02-10T13:32:54.260+0600] {processor.py:914} INFO - Processing file /home/shamim/airflow_git/Airflow_project/air_venv/lib/python3.12/site-packages/airflow/example_dags/example_latest_only.py for tasks to queue
[2025-02-10T13:32:54.262+0600] {logging_mixin.py:190} INFO - [2025-02-10T13:32:54.261+0600] {dagbag.py:588} INFO - Filling up the DagBag from /home/shamim/airflow_git/Airflow_project/air_venv/lib/python3.12/site-packages/airflow/example_dags/example_latest_only.py
[2025-02-10T13:32:54.276+0600] {processor.py:925} INFO - DAG(s) 'latest_only' retrieved from /home/shamim/airflow_git/Airflow_project/air_venv/lib/python3.12/site-packages/airflow/example_dags/example_latest_only.py
[2025-02-10T13:32:54.294+0600] {logging_mixin.py:190} INFO - [2025-02-10T13:32:54.294+0600] {dag.py:3239} INFO - Sync 1 DAGs
[2025-02-10T13:32:54.479+0600] {logging_mixin.py:190} INFO - [2025-02-10T13:32:54.478+0600] {dag.py:4180} INFO - Setting next_dagrun for latest_only to 2025-02-10 00:00:00+00:00, run_after=2025-02-10 04:00:00+00:00
[2025-02-10T13:32:54.506+0600] {processor.py:208} INFO - Processing /home/shamim/airflow_git/Airflow_project/air_venv/lib/python3.12/site-packages/airflow/example_dags/example_latest_only.py took 0.275 seconds
[2025-02-10T13:34:16.119+0600] {processor.py:186} INFO - Started process (PID=19210) to work on /home/shamim/airflow_git/Airflow_project/air_venv/lib/python3.12/site-packages/airflow/example_dags/example_latest_only.py
[2025-02-10T13:34:16.125+0600] {processor.py:914} INFO - Processing file /home/shamim/airflow_git/Airflow_project/air_venv/lib/python3.12/site-packages/airflow/example_dags/example_latest_only.py for tasks to queue
[2025-02-10T13:34:16.127+0600] {logging_mixin.py:190} INFO - [2025-02-10T13:34:16.127+0600] {dagbag.py:588} INFO - Filling up the DagBag from /home/shamim/airflow_git/Airflow_project/air_venv/lib/python3.12/site-packages/airflow/example_dags/example_latest_only.py
[2025-02-10T13:34:16.138+0600] {processor.py:925} INFO - DAG(s) 'latest_only' retrieved from /home/shamim/airflow_git/Airflow_project/air_venv/lib/python3.12/site-packages/airflow/example_dags/example_latest_only.py
[2025-02-10T13:34:16.156+0600] {logging_mixin.py:190} INFO - [2025-02-10T13:34:16.156+0600] {dag.py:3239} INFO - Sync 1 DAGs
[2025-02-10T13:34:16.336+0600] {logging_mixin.py:190} INFO - [2025-02-10T13:34:16.335+0600] {dag.py:4180} INFO - Setting next_dagrun for latest_only to 2025-02-10 00:00:00+00:00, run_after=2025-02-10 04:00:00+00:00
[2025-02-10T13:34:16.363+0600] {processor.py:208} INFO - Processing /home/shamim/airflow_git/Airflow_project/air_venv/lib/python3.12/site-packages/airflow/example_dags/example_latest_only.py took 0.256 seconds
[2025-02-10T13:35:31.922+0600] {processor.py:186} INFO - Started process (PID=19441) to work on /home/shamim/airflow_git/Airflow_project/air_venv/lib/python3.12/site-packages/airflow/example_dags/example_latest_only.py
[2025-02-10T13:35:31.928+0600] {processor.py:914} INFO - Processing file /home/shamim/airflow_git/Airflow_project/air_venv/lib/python3.12/site-packages/airflow/example_dags/example_latest_only.py for tasks to queue
[2025-02-10T13:35:31.930+0600] {logging_mixin.py:190} INFO - [2025-02-10T13:35:31.929+0600] {dagbag.py:588} INFO - Filling up the DagBag from /home/shamim/airflow_git/Airflow_project/air_venv/lib/python3.12/site-packages/airflow/example_dags/example_latest_only.py
[2025-02-10T13:35:31.941+0600] {processor.py:925} INFO - DAG(s) 'latest_only' retrieved from /home/shamim/airflow_git/Airflow_project/air_venv/lib/python3.12/site-packages/airflow/example_dags/example_latest_only.py
[2025-02-10T13:35:31.959+0600] {logging_mixin.py:190} INFO - [2025-02-10T13:35:31.959+0600] {dag.py:3239} INFO - Sync 1 DAGs
[2025-02-10T13:35:31.984+0600] {logging_mixin.py:190} INFO - [2025-02-10T13:35:31.984+0600] {dag.py:4180} INFO - Setting next_dagrun for latest_only to 2025-02-10 00:00:00+00:00, run_after=2025-02-10 04:00:00+00:00
[2025-02-10T13:35:32.167+0600] {processor.py:208} INFO - Processing /home/shamim/airflow_git/Airflow_project/air_venv/lib/python3.12/site-packages/airflow/example_dags/example_latest_only.py took 0.257 seconds
[2025-02-10T13:36:59.311+0600] {processor.py:186} INFO - Started process (PID=19546) to work on /home/shamim/airflow_git/Airflow_project/air_venv/lib/python3.12/site-packages/airflow/example_dags/example_latest_only.py
[2025-02-10T13:36:59.312+0600] {processor.py:914} INFO - Processing file /home/shamim/airflow_git/Airflow_project/air_venv/lib/python3.12/site-packages/airflow/example_dags/example_latest_only.py for tasks to queue
[2025-02-10T13:36:59.314+0600] {logging_mixin.py:190} INFO - [2025-02-10T13:36:59.313+0600] {dagbag.py:588} INFO - Filling up the DagBag from /home/shamim/airflow_git/Airflow_project/air_venv/lib/python3.12/site-packages/airflow/example_dags/example_latest_only.py
[2025-02-10T13:36:59.324+0600] {processor.py:925} INFO - DAG(s) 'latest_only' retrieved from /home/shamim/airflow_git/Airflow_project/air_venv/lib/python3.12/site-packages/airflow/example_dags/example_latest_only.py
[2025-02-10T13:36:59.341+0600] {logging_mixin.py:190} INFO - [2025-02-10T13:36:59.341+0600] {dag.py:3239} INFO - Sync 1 DAGs
[2025-02-10T13:36:59.366+0600] {logging_mixin.py:190} INFO - [2025-02-10T13:36:59.366+0600] {dag.py:4180} INFO - Setting next_dagrun for latest_only to 2025-02-10 00:00:00+00:00, run_after=2025-02-10 04:00:00+00:00
[2025-02-10T13:36:59.400+0600] {processor.py:208} INFO - Processing /home/shamim/airflow_git/Airflow_project/air_venv/lib/python3.12/site-packages/airflow/example_dags/example_latest_only.py took 0.099 seconds
[2025-02-10T13:38:15.317+0600] {processor.py:186} INFO - Started process (PID=19690) to work on /home/shamim/airflow_git/Airflow_project/air_venv/lib/python3.12/site-packages/airflow/example_dags/example_latest_only.py
[2025-02-10T13:38:15.324+0600] {processor.py:914} INFO - Processing file /home/shamim/airflow_git/Airflow_project/air_venv/lib/python3.12/site-packages/airflow/example_dags/example_latest_only.py for tasks to queue
[2025-02-10T13:38:15.326+0600] {logging_mixin.py:190} INFO - [2025-02-10T13:38:15.325+0600] {dagbag.py:588} INFO - Filling up the DagBag from /home/shamim/airflow_git/Airflow_project/air_venv/lib/python3.12/site-packages/airflow/example_dags/example_latest_only.py
[2025-02-10T13:38:15.339+0600] {processor.py:925} INFO - DAG(s) 'latest_only' retrieved from /home/shamim/airflow_git/Airflow_project/air_venv/lib/python3.12/site-packages/airflow/example_dags/example_latest_only.py
[2025-02-10T13:38:15.356+0600] {logging_mixin.py:190} INFO - [2025-02-10T13:38:15.356+0600] {dag.py:3239} INFO - Sync 1 DAGs
[2025-02-10T13:38:15.381+0600] {logging_mixin.py:190} INFO - [2025-02-10T13:38:15.381+0600] {dag.py:4180} INFO - Setting next_dagrun for latest_only to 2025-02-10 00:00:00+00:00, run_after=2025-02-10 04:00:00+00:00
[2025-02-10T13:38:15.415+0600] {processor.py:208} INFO - Processing /home/shamim/airflow_git/Airflow_project/air_venv/lib/python3.12/site-packages/airflow/example_dags/example_latest_only.py took 0.110 seconds
[2025-02-10T13:39:31.603+0600] {processor.py:186} INFO - Started process (PID=19844) to work on /home/shamim/airflow_git/Airflow_project/air_venv/lib/python3.12/site-packages/airflow/example_dags/example_latest_only.py
[2025-02-10T13:39:32.843+0600] {processor.py:914} INFO - Processing file /home/shamim/airflow_git/Airflow_project/air_venv/lib/python3.12/site-packages/airflow/example_dags/example_latest_only.py for tasks to queue
[2025-02-10T13:39:32.846+0600] {logging_mixin.py:190} INFO - [2025-02-10T13:39:32.845+0600] {dagbag.py:588} INFO - Filling up the DagBag from /home/shamim/airflow_git/Airflow_project/air_venv/lib/python3.12/site-packages/airflow/example_dags/example_latest_only.py
[2025-02-10T13:39:32.859+0600] {processor.py:925} INFO - DAG(s) 'latest_only' retrieved from /home/shamim/airflow_git/Airflow_project/air_venv/lib/python3.12/site-packages/airflow/example_dags/example_latest_only.py
[2025-02-10T13:39:32.878+0600] {logging_mixin.py:190} INFO - [2025-02-10T13:39:32.878+0600] {dag.py:3239} INFO - Sync 1 DAGs
[2025-02-10T13:39:32.903+0600] {logging_mixin.py:190} INFO - [2025-02-10T13:39:32.902+0600] {dag.py:4180} INFO - Setting next_dagrun for latest_only to 2025-02-10 00:00:00+00:00, run_after=2025-02-10 04:00:00+00:00
[2025-02-10T13:39:32.930+0600] {processor.py:208} INFO - Processing /home/shamim/airflow_git/Airflow_project/air_venv/lib/python3.12/site-packages/airflow/example_dags/example_latest_only.py took 1.336 seconds
[2025-02-10T13:40:58.387+0600] {processor.py:186} INFO - Started process (PID=19977) to work on /home/shamim/airflow_git/Airflow_project/air_venv/lib/python3.12/site-packages/airflow/example_dags/example_latest_only.py
[2025-02-10T13:40:58.394+0600] {processor.py:914} INFO - Processing file /home/shamim/airflow_git/Airflow_project/air_venv/lib/python3.12/site-packages/airflow/example_dags/example_latest_only.py for tasks to queue
[2025-02-10T13:40:58.396+0600] {logging_mixin.py:190} INFO - [2025-02-10T13:40:58.395+0600] {dagbag.py:588} INFO - Filling up the DagBag from /home/shamim/airflow_git/Airflow_project/air_venv/lib/python3.12/site-packages/airflow/example_dags/example_latest_only.py
[2025-02-10T13:40:58.407+0600] {processor.py:925} INFO - DAG(s) 'latest_only' retrieved from /home/shamim/airflow_git/Airflow_project/air_venv/lib/python3.12/site-packages/airflow/example_dags/example_latest_only.py
[2025-02-10T13:40:58.424+0600] {logging_mixin.py:190} INFO - [2025-02-10T13:40:58.424+0600] {dag.py:3239} INFO - Sync 1 DAGs
[2025-02-10T13:40:58.448+0600] {logging_mixin.py:190} INFO - [2025-02-10T13:40:58.447+0600] {dag.py:4180} INFO - Setting next_dagrun for latest_only to 2025-02-10 00:00:00+00:00, run_after=2025-02-10 04:00:00+00:00
[2025-02-10T13:40:59.144+0600] {processor.py:208} INFO - Processing /home/shamim/airflow_git/Airflow_project/air_venv/lib/python3.12/site-packages/airflow/example_dags/example_latest_only.py took 0.766 seconds
[2025-02-10T13:42:21.348+0600] {processor.py:186} INFO - Started process (PID=20115) to work on /home/shamim/airflow_git/Airflow_project/air_venv/lib/python3.12/site-packages/airflow/example_dags/example_latest_only.py
[2025-02-10T13:42:21.355+0600] {processor.py:914} INFO - Processing file /home/shamim/airflow_git/Airflow_project/air_venv/lib/python3.12/site-packages/airflow/example_dags/example_latest_only.py for tasks to queue
[2025-02-10T13:42:21.356+0600] {logging_mixin.py:190} INFO - [2025-02-10T13:42:21.356+0600] {dagbag.py:588} INFO - Filling up the DagBag from /home/shamim/airflow_git/Airflow_project/air_venv/lib/python3.12/site-packages/airflow/example_dags/example_latest_only.py
[2025-02-10T13:42:21.369+0600] {processor.py:925} INFO - DAG(s) 'latest_only' retrieved from /home/shamim/airflow_git/Airflow_project/air_venv/lib/python3.12/site-packages/airflow/example_dags/example_latest_only.py
[2025-02-10T13:42:21.387+0600] {logging_mixin.py:190} INFO - [2025-02-10T13:42:21.387+0600] {dag.py:3239} INFO - Sync 1 DAGs
[2025-02-10T13:42:21.410+0600] {logging_mixin.py:190} INFO - [2025-02-10T13:42:21.410+0600] {dag.py:4180} INFO - Setting next_dagrun for latest_only to 2025-02-10 00:00:00+00:00, run_after=2025-02-10 04:00:00+00:00
[2025-02-10T13:42:21.444+0600] {processor.py:208} INFO - Processing /home/shamim/airflow_git/Airflow_project/air_venv/lib/python3.12/site-packages/airflow/example_dags/example_latest_only.py took 0.110 seconds
[2025-02-10T13:43:35.798+0600] {processor.py:186} INFO - Started process (PID=20254) to work on /home/shamim/airflow_git/Airflow_project/air_venv/lib/python3.12/site-packages/airflow/example_dags/example_latest_only.py
[2025-02-10T13:43:35.804+0600] {processor.py:914} INFO - Processing file /home/shamim/airflow_git/Airflow_project/air_venv/lib/python3.12/site-packages/airflow/example_dags/example_latest_only.py for tasks to queue
[2025-02-10T13:43:35.806+0600] {logging_mixin.py:190} INFO - [2025-02-10T13:43:35.805+0600] {dagbag.py:588} INFO - Filling up the DagBag from /home/shamim/airflow_git/Airflow_project/air_venv/lib/python3.12/site-packages/airflow/example_dags/example_latest_only.py
[2025-02-10T13:43:35.817+0600] {processor.py:925} INFO - DAG(s) 'latest_only' retrieved from /home/shamim/airflow_git/Airflow_project/air_venv/lib/python3.12/site-packages/airflow/example_dags/example_latest_only.py
[2025-02-10T13:43:35.835+0600] {logging_mixin.py:190} INFO - [2025-02-10T13:43:35.835+0600] {dag.py:3239} INFO - Sync 1 DAGs
[2025-02-10T13:43:35.858+0600] {logging_mixin.py:190} INFO - [2025-02-10T13:43:35.858+0600] {dag.py:4180} INFO - Setting next_dagrun for latest_only to 2025-02-10 00:00:00+00:00, run_after=2025-02-10 04:00:00+00:00
[2025-02-10T13:43:35.893+0600] {processor.py:208} INFO - Processing /home/shamim/airflow_git/Airflow_project/air_venv/lib/python3.12/site-packages/airflow/example_dags/example_latest_only.py took 0.106 seconds
[2025-02-10T13:44:48.787+0600] {processor.py:186} INFO - Started process (PID=20395) to work on /home/shamim/airflow_git/Airflow_project/air_venv/lib/python3.12/site-packages/airflow/example_dags/example_latest_only.py
[2025-02-10T13:44:48.794+0600] {processor.py:914} INFO - Processing file /home/shamim/airflow_git/Airflow_project/air_venv/lib/python3.12/site-packages/airflow/example_dags/example_latest_only.py for tasks to queue
[2025-02-10T13:44:48.795+0600] {logging_mixin.py:190} INFO - [2025-02-10T13:44:48.795+0600] {dagbag.py:588} INFO - Filling up the DagBag from /home/shamim/airflow_git/Airflow_project/air_venv/lib/python3.12/site-packages/airflow/example_dags/example_latest_only.py
[2025-02-10T13:44:48.805+0600] {processor.py:925} INFO - DAG(s) 'latest_only' retrieved from /home/shamim/airflow_git/Airflow_project/air_venv/lib/python3.12/site-packages/airflow/example_dags/example_latest_only.py
[2025-02-10T13:44:48.822+0600] {logging_mixin.py:190} INFO - [2025-02-10T13:44:48.822+0600] {dag.py:3239} INFO - Sync 1 DAGs
[2025-02-10T13:44:48.845+0600] {logging_mixin.py:190} INFO - [2025-02-10T13:44:48.845+0600] {dag.py:4180} INFO - Setting next_dagrun for latest_only to 2025-02-10 00:00:00+00:00, run_after=2025-02-10 04:00:00+00:00
[2025-02-10T13:44:48.880+0600] {processor.py:208} INFO - Processing /home/shamim/airflow_git/Airflow_project/air_venv/lib/python3.12/site-packages/airflow/example_dags/example_latest_only.py took 0.102 seconds
[2025-02-10T13:46:03.351+0600] {processor.py:186} INFO - Started process (PID=20505) to work on /home/shamim/airflow_git/Airflow_project/air_venv/lib/python3.12/site-packages/airflow/example_dags/example_latest_only.py
[2025-02-10T13:46:03.354+0600] {processor.py:914} INFO - Processing file /home/shamim/airflow_git/Airflow_project/air_venv/lib/python3.12/site-packages/airflow/example_dags/example_latest_only.py for tasks to queue
[2025-02-10T13:46:03.356+0600] {logging_mixin.py:190} INFO - [2025-02-10T13:46:03.355+0600] {dagbag.py:588} INFO - Filling up the DagBag from /home/shamim/airflow_git/Airflow_project/air_venv/lib/python3.12/site-packages/airflow/example_dags/example_latest_only.py
[2025-02-10T13:46:03.366+0600] {processor.py:925} INFO - DAG(s) 'latest_only' retrieved from /home/shamim/airflow_git/Airflow_project/air_venv/lib/python3.12/site-packages/airflow/example_dags/example_latest_only.py
[2025-02-10T13:46:03.384+0600] {logging_mixin.py:190} INFO - [2025-02-10T13:46:03.384+0600] {dag.py:3239} INFO - Sync 1 DAGs
[2025-02-10T13:46:03.408+0600] {logging_mixin.py:190} INFO - [2025-02-10T13:46:03.408+0600] {dag.py:4180} INFO - Setting next_dagrun for latest_only to 2025-02-10 00:00:00+00:00, run_after=2025-02-10 04:00:00+00:00
[2025-02-10T13:46:03.442+0600] {processor.py:208} INFO - Processing /home/shamim/airflow_git/Airflow_project/air_venv/lib/python3.12/site-packages/airflow/example_dags/example_latest_only.py took 0.102 seconds
[2025-02-10T13:47:17.538+0600] {processor.py:186} INFO - Started process (PID=20817) to work on /home/shamim/airflow_git/Airflow_project/air_venv/lib/python3.12/site-packages/airflow/example_dags/example_latest_only.py
[2025-02-10T13:47:17.540+0600] {processor.py:914} INFO - Processing file /home/shamim/airflow_git/Airflow_project/air_venv/lib/python3.12/site-packages/airflow/example_dags/example_latest_only.py for tasks to queue
[2025-02-10T13:47:17.542+0600] {logging_mixin.py:190} INFO - [2025-02-10T13:47:17.541+0600] {dagbag.py:588} INFO - Filling up the DagBag from /home/shamim/airflow_git/Airflow_project/air_venv/lib/python3.12/site-packages/airflow/example_dags/example_latest_only.py
[2025-02-10T13:47:17.554+0600] {processor.py:925} INFO - DAG(s) 'latest_only' retrieved from /home/shamim/airflow_git/Airflow_project/air_venv/lib/python3.12/site-packages/airflow/example_dags/example_latest_only.py
[2025-02-10T13:47:17.585+0600] {logging_mixin.py:190} INFO - [2025-02-10T13:47:17.585+0600] {dag.py:3239} INFO - Sync 1 DAGs
[2025-02-10T13:47:17.616+0600] {logging_mixin.py:190} INFO - [2025-02-10T13:47:17.615+0600] {dag.py:4180} INFO - Setting next_dagrun for latest_only to 2025-02-10 00:00:00+00:00, run_after=2025-02-10 04:00:00+00:00
[2025-02-10T13:47:17.648+0600] {processor.py:208} INFO - Processing /home/shamim/airflow_git/Airflow_project/air_venv/lib/python3.12/site-packages/airflow/example_dags/example_latest_only.py took 0.124 seconds
[2025-02-10T13:48:33.254+0600] {processor.py:186} INFO - Started process (PID=21047) to work on /home/shamim/airflow_git/Airflow_project/air_venv/lib/python3.12/site-packages/airflow/example_dags/example_latest_only.py
[2025-02-10T13:48:33.260+0600] {processor.py:914} INFO - Processing file /home/shamim/airflow_git/Airflow_project/air_venv/lib/python3.12/site-packages/airflow/example_dags/example_latest_only.py for tasks to queue
[2025-02-10T13:48:33.262+0600] {logging_mixin.py:190} INFO - [2025-02-10T13:48:33.261+0600] {dagbag.py:588} INFO - Filling up the DagBag from /home/shamim/airflow_git/Airflow_project/air_venv/lib/python3.12/site-packages/airflow/example_dags/example_latest_only.py
[2025-02-10T13:48:33.272+0600] {processor.py:925} INFO - DAG(s) 'latest_only' retrieved from /home/shamim/airflow_git/Airflow_project/air_venv/lib/python3.12/site-packages/airflow/example_dags/example_latest_only.py
[2025-02-10T13:48:33.291+0600] {logging_mixin.py:190} INFO - [2025-02-10T13:48:33.291+0600] {dag.py:3239} INFO - Sync 1 DAGs
[2025-02-10T13:48:33.314+0600] {logging_mixin.py:190} INFO - [2025-02-10T13:48:33.314+0600] {dag.py:4180} INFO - Setting next_dagrun for latest_only to 2025-02-10 00:00:00+00:00, run_after=2025-02-10 04:00:00+00:00
[2025-02-10T13:48:33.338+0600] {processor.py:208} INFO - Processing /home/shamim/airflow_git/Airflow_project/air_venv/lib/python3.12/site-packages/airflow/example_dags/example_latest_only.py took 0.094 seconds
[2025-02-10T13:49:45.780+0600] {processor.py:186} INFO - Started process (PID=21202) to work on /home/shamim/airflow_git/Airflow_project/air_venv/lib/python3.12/site-packages/airflow/example_dags/example_latest_only.py
[2025-02-10T13:49:45.786+0600] {processor.py:914} INFO - Processing file /home/shamim/airflow_git/Airflow_project/air_venv/lib/python3.12/site-packages/airflow/example_dags/example_latest_only.py for tasks to queue
[2025-02-10T13:49:45.787+0600] {logging_mixin.py:190} INFO - [2025-02-10T13:49:45.787+0600] {dagbag.py:588} INFO - Filling up the DagBag from /home/shamim/airflow_git/Airflow_project/air_venv/lib/python3.12/site-packages/airflow/example_dags/example_latest_only.py
[2025-02-10T13:49:45.797+0600] {processor.py:925} INFO - DAG(s) 'latest_only' retrieved from /home/shamim/airflow_git/Airflow_project/air_venv/lib/python3.12/site-packages/airflow/example_dags/example_latest_only.py
[2025-02-10T13:49:45.815+0600] {logging_mixin.py:190} INFO - [2025-02-10T13:49:45.814+0600] {dag.py:3239} INFO - Sync 1 DAGs
[2025-02-10T13:49:45.838+0600] {logging_mixin.py:190} INFO - [2025-02-10T13:49:45.838+0600] {dag.py:4180} INFO - Setting next_dagrun for latest_only to 2025-02-10 00:00:00+00:00, run_after=2025-02-10 04:00:00+00:00
[2025-02-10T13:49:45.862+0600] {processor.py:208} INFO - Processing /home/shamim/airflow_git/Airflow_project/air_venv/lib/python3.12/site-packages/airflow/example_dags/example_latest_only.py took 0.093 seconds
[2025-02-10T13:50:55.767+0600] {processor.py:186} INFO - Started process (PID=21297) to work on /home/shamim/airflow_git/Airflow_project/air_venv/lib/python3.12/site-packages/airflow/example_dags/example_latest_only.py
[2025-02-10T13:50:55.774+0600] {processor.py:914} INFO - Processing file /home/shamim/airflow_git/Airflow_project/air_venv/lib/python3.12/site-packages/airflow/example_dags/example_latest_only.py for tasks to queue
[2025-02-10T13:50:55.776+0600] {logging_mixin.py:190} INFO - [2025-02-10T13:50:55.775+0600] {dagbag.py:588} INFO - Filling up the DagBag from /home/shamim/airflow_git/Airflow_project/air_venv/lib/python3.12/site-packages/airflow/example_dags/example_latest_only.py
[2025-02-10T13:50:55.789+0600] {processor.py:925} INFO - DAG(s) 'latest_only' retrieved from /home/shamim/airflow_git/Airflow_project/air_venv/lib/python3.12/site-packages/airflow/example_dags/example_latest_only.py
[2025-02-10T13:50:55.808+0600] {logging_mixin.py:190} INFO - [2025-02-10T13:50:55.807+0600] {dag.py:3239} INFO - Sync 1 DAGs
[2025-02-10T13:50:55.831+0600] {logging_mixin.py:190} INFO - [2025-02-10T13:50:55.831+0600] {dag.py:4180} INFO - Setting next_dagrun for latest_only to 2025-02-10 00:00:00+00:00, run_after=2025-02-10 04:00:00+00:00
[2025-02-10T13:50:55.855+0600] {processor.py:208} INFO - Processing /home/shamim/airflow_git/Airflow_project/air_venv/lib/python3.12/site-packages/airflow/example_dags/example_latest_only.py took 0.100 seconds
[2025-02-10T13:52:12.480+0600] {processor.py:186} INFO - Started process (PID=21408) to work on /home/shamim/airflow_git/Airflow_project/air_venv/lib/python3.12/site-packages/airflow/example_dags/example_latest_only.py
[2025-02-10T13:52:12.486+0600] {processor.py:914} INFO - Processing file /home/shamim/airflow_git/Airflow_project/air_venv/lib/python3.12/site-packages/airflow/example_dags/example_latest_only.py for tasks to queue
[2025-02-10T13:52:12.488+0600] {logging_mixin.py:190} INFO - [2025-02-10T13:52:12.487+0600] {dagbag.py:588} INFO - Filling up the DagBag from /home/shamim/airflow_git/Airflow_project/air_venv/lib/python3.12/site-packages/airflow/example_dags/example_latest_only.py
[2025-02-10T13:52:12.497+0600] {processor.py:925} INFO - DAG(s) 'latest_only' retrieved from /home/shamim/airflow_git/Airflow_project/air_venv/lib/python3.12/site-packages/airflow/example_dags/example_latest_only.py
[2025-02-10T13:52:12.516+0600] {logging_mixin.py:190} INFO - [2025-02-10T13:52:12.516+0600] {dag.py:3239} INFO - Sync 1 DAGs
[2025-02-10T13:52:12.544+0600] {logging_mixin.py:190} INFO - [2025-02-10T13:52:12.544+0600] {dag.py:4180} INFO - Setting next_dagrun for latest_only to 2025-02-10 00:00:00+00:00, run_after=2025-02-10 04:00:00+00:00
[2025-02-10T13:52:12.580+0600] {processor.py:208} INFO - Processing /home/shamim/airflow_git/Airflow_project/air_venv/lib/python3.12/site-packages/airflow/example_dags/example_latest_only.py took 0.109 seconds
[2025-02-10T13:53:37.157+0600] {processor.py:186} INFO - Started process (PID=21645) to work on /home/shamim/airflow_git/Airflow_project/air_venv/lib/python3.12/site-packages/airflow/example_dags/example_latest_only.py
[2025-02-10T13:53:37.158+0600] {processor.py:914} INFO - Processing file /home/shamim/airflow_git/Airflow_project/air_venv/lib/python3.12/site-packages/airflow/example_dags/example_latest_only.py for tasks to queue
[2025-02-10T13:53:37.160+0600] {logging_mixin.py:190} INFO - [2025-02-10T13:53:37.159+0600] {dagbag.py:588} INFO - Filling up the DagBag from /home/shamim/airflow_git/Airflow_project/air_venv/lib/python3.12/site-packages/airflow/example_dags/example_latest_only.py
[2025-02-10T13:53:37.175+0600] {processor.py:925} INFO - DAG(s) 'latest_only' retrieved from /home/shamim/airflow_git/Airflow_project/air_venv/lib/python3.12/site-packages/airflow/example_dags/example_latest_only.py
[2025-02-10T13:53:37.200+0600] {logging_mixin.py:190} INFO - [2025-02-10T13:53:37.200+0600] {dag.py:3239} INFO - Sync 1 DAGs
[2025-02-10T13:53:37.240+0600] {logging_mixin.py:190} INFO - [2025-02-10T13:53:37.239+0600] {dag.py:4180} INFO - Setting next_dagrun for latest_only to 2025-02-10 00:00:00+00:00, run_after=2025-02-10 04:00:00+00:00
[2025-02-10T13:53:37.270+0600] {processor.py:208} INFO - Processing /home/shamim/airflow_git/Airflow_project/air_venv/lib/python3.12/site-packages/airflow/example_dags/example_latest_only.py took 0.128 seconds
[2025-02-10T13:54:51.492+0600] {processor.py:186} INFO - Started process (PID=21764) to work on /home/shamim/airflow_git/Airflow_project/air_venv/lib/python3.12/site-packages/airflow/example_dags/example_latest_only.py
[2025-02-10T13:54:51.498+0600] {processor.py:914} INFO - Processing file /home/shamim/airflow_git/Airflow_project/air_venv/lib/python3.12/site-packages/airflow/example_dags/example_latest_only.py for tasks to queue
[2025-02-10T13:54:51.500+0600] {logging_mixin.py:190} INFO - [2025-02-10T13:54:51.499+0600] {dagbag.py:588} INFO - Filling up the DagBag from /home/shamim/airflow_git/Airflow_project/air_venv/lib/python3.12/site-packages/airflow/example_dags/example_latest_only.py
[2025-02-10T13:54:51.510+0600] {processor.py:925} INFO - DAG(s) 'latest_only' retrieved from /home/shamim/airflow_git/Airflow_project/air_venv/lib/python3.12/site-packages/airflow/example_dags/example_latest_only.py
[2025-02-10T13:54:51.528+0600] {logging_mixin.py:190} INFO - [2025-02-10T13:54:51.528+0600] {dag.py:3239} INFO - Sync 1 DAGs
[2025-02-10T13:54:51.556+0600] {logging_mixin.py:190} INFO - [2025-02-10T13:54:51.556+0600] {dag.py:4180} INFO - Setting next_dagrun for latest_only to 2025-02-10 00:00:00+00:00, run_after=2025-02-10 04:00:00+00:00
[2025-02-10T13:54:51.594+0600] {processor.py:208} INFO - Processing /home/shamim/airflow_git/Airflow_project/air_venv/lib/python3.12/site-packages/airflow/example_dags/example_latest_only.py took 0.111 seconds
[2025-02-10T13:56:03.054+0600] {processor.py:186} INFO - Started process (PID=21897) to work on /home/shamim/airflow_git/Airflow_project/air_venv/lib/python3.12/site-packages/airflow/example_dags/example_latest_only.py
[2025-02-10T13:56:03.060+0600] {processor.py:914} INFO - Processing file /home/shamim/airflow_git/Airflow_project/air_venv/lib/python3.12/site-packages/airflow/example_dags/example_latest_only.py for tasks to queue
[2025-02-10T13:56:03.061+0600] {logging_mixin.py:190} INFO - [2025-02-10T13:56:03.061+0600] {dagbag.py:588} INFO - Filling up the DagBag from /home/shamim/airflow_git/Airflow_project/air_venv/lib/python3.12/site-packages/airflow/example_dags/example_latest_only.py
[2025-02-10T13:56:03.073+0600] {processor.py:925} INFO - DAG(s) 'latest_only' retrieved from /home/shamim/airflow_git/Airflow_project/air_venv/lib/python3.12/site-packages/airflow/example_dags/example_latest_only.py
[2025-02-10T13:56:03.101+0600] {logging_mixin.py:190} INFO - [2025-02-10T13:56:03.100+0600] {dag.py:3239} INFO - Sync 1 DAGs
[2025-02-10T13:56:03.131+0600] {logging_mixin.py:190} INFO - [2025-02-10T13:56:03.131+0600] {dag.py:4180} INFO - Setting next_dagrun for latest_only to 2025-02-10 00:00:00+00:00, run_after=2025-02-10 04:00:00+00:00
[2025-02-10T13:56:03.169+0600] {processor.py:208} INFO - Processing /home/shamim/airflow_git/Airflow_project/air_venv/lib/python3.12/site-packages/airflow/example_dags/example_latest_only.py took 0.125 seconds
[2025-02-10T13:57:31.852+0600] {processor.py:186} INFO - Started process (PID=22097) to work on /home/shamim/airflow_git/Airflow_project/air_venv/lib/python3.12/site-packages/airflow/example_dags/example_latest_only.py
[2025-02-10T13:57:32.727+0600] {processor.py:914} INFO - Processing file /home/shamim/airflow_git/Airflow_project/air_venv/lib/python3.12/site-packages/airflow/example_dags/example_latest_only.py for tasks to queue
[2025-02-10T13:57:32.731+0600] {logging_mixin.py:190} INFO - [2025-02-10T13:57:32.730+0600] {dagbag.py:588} INFO - Filling up the DagBag from /home/shamim/airflow_git/Airflow_project/air_venv/lib/python3.12/site-packages/airflow/example_dags/example_latest_only.py
[2025-02-10T13:57:32.757+0600] {processor.py:925} INFO - DAG(s) 'latest_only' retrieved from /home/shamim/airflow_git/Airflow_project/air_venv/lib/python3.12/site-packages/airflow/example_dags/example_latest_only.py
[2025-02-10T13:57:32.778+0600] {logging_mixin.py:190} INFO - [2025-02-10T13:57:32.778+0600] {dag.py:3239} INFO - Sync 1 DAGs
[2025-02-10T13:57:32.802+0600] {logging_mixin.py:190} INFO - [2025-02-10T13:57:32.801+0600] {dag.py:4180} INFO - Setting next_dagrun for latest_only to 2025-02-10 00:00:00+00:00, run_after=2025-02-10 04:00:00+00:00
[2025-02-10T13:57:32.826+0600] {processor.py:208} INFO - Processing /home/shamim/airflow_git/Airflow_project/air_venv/lib/python3.12/site-packages/airflow/example_dags/example_latest_only.py took 0.984 seconds
[2025-02-10T13:58:54.257+0600] {processor.py:186} INFO - Started process (PID=22240) to work on /home/shamim/airflow_git/Airflow_project/air_venv/lib/python3.12/site-packages/airflow/example_dags/example_latest_only.py
[2025-02-10T13:58:54.263+0600] {processor.py:914} INFO - Processing file /home/shamim/airflow_git/Airflow_project/air_venv/lib/python3.12/site-packages/airflow/example_dags/example_latest_only.py for tasks to queue
[2025-02-10T13:58:54.265+0600] {logging_mixin.py:190} INFO - [2025-02-10T13:58:54.264+0600] {dagbag.py:588} INFO - Filling up the DagBag from /home/shamim/airflow_git/Airflow_project/air_venv/lib/python3.12/site-packages/airflow/example_dags/example_latest_only.py
[2025-02-10T13:58:54.276+0600] {processor.py:925} INFO - DAG(s) 'latest_only' retrieved from /home/shamim/airflow_git/Airflow_project/air_venv/lib/python3.12/site-packages/airflow/example_dags/example_latest_only.py
[2025-02-10T13:58:54.295+0600] {logging_mixin.py:190} INFO - [2025-02-10T13:58:54.294+0600] {dag.py:3239} INFO - Sync 1 DAGs
[2025-02-10T13:58:54.320+0600] {logging_mixin.py:190} INFO - [2025-02-10T13:58:54.320+0600] {dag.py:4180} INFO - Setting next_dagrun for latest_only to 2025-02-10 00:00:00+00:00, run_after=2025-02-10 04:00:00+00:00
[2025-02-10T13:58:54.346+0600] {processor.py:208} INFO - Processing /home/shamim/airflow_git/Airflow_project/air_venv/lib/python3.12/site-packages/airflow/example_dags/example_latest_only.py took 0.098 seconds
[2025-02-10T14:00:04.031+0600] {processor.py:186} INFO - Started process (PID=22452) to work on /home/shamim/airflow_git/Airflow_project/air_venv/lib/python3.12/site-packages/airflow/example_dags/example_latest_only.py
[2025-02-10T14:00:04.038+0600] {processor.py:914} INFO - Processing file /home/shamim/airflow_git/Airflow_project/air_venv/lib/python3.12/site-packages/airflow/example_dags/example_latest_only.py for tasks to queue
[2025-02-10T14:00:04.040+0600] {logging_mixin.py:190} INFO - [2025-02-10T14:00:04.039+0600] {dagbag.py:588} INFO - Filling up the DagBag from /home/shamim/airflow_git/Airflow_project/air_venv/lib/python3.12/site-packages/airflow/example_dags/example_latest_only.py
[2025-02-10T14:00:04.050+0600] {processor.py:925} INFO - DAG(s) 'latest_only' retrieved from /home/shamim/airflow_git/Airflow_project/air_venv/lib/python3.12/site-packages/airflow/example_dags/example_latest_only.py
[2025-02-10T14:00:04.067+0600] {logging_mixin.py:190} INFO - [2025-02-10T14:00:04.067+0600] {dag.py:3239} INFO - Sync 1 DAGs
[2025-02-10T14:00:04.091+0600] {logging_mixin.py:190} INFO - [2025-02-10T14:00:04.091+0600] {dag.py:4180} INFO - Setting next_dagrun for latest_only to 2025-02-10 04:00:00+00:00, run_after=2025-02-10 08:00:00+00:00
[2025-02-10T14:00:04.115+0600] {processor.py:208} INFO - Processing /home/shamim/airflow_git/Airflow_project/air_venv/lib/python3.12/site-packages/airflow/example_dags/example_latest_only.py took 0.094 seconds
[2025-02-10T14:02:22.221+0600] {processor.py:186} INFO - Started process (PID=23147) to work on /home/shamim/airflow_git/Airflow_project/air_venv/lib/python3.12/site-packages/airflow/example_dags/example_latest_only.py
[2025-02-10T14:02:22.229+0600] {processor.py:914} INFO - Processing file /home/shamim/airflow_git/Airflow_project/air_venv/lib/python3.12/site-packages/airflow/example_dags/example_latest_only.py for tasks to queue
[2025-02-10T14:02:22.235+0600] {logging_mixin.py:190} INFO - [2025-02-10T14:02:22.234+0600] {dagbag.py:588} INFO - Filling up the DagBag from /home/shamim/airflow_git/Airflow_project/air_venv/lib/python3.12/site-packages/airflow/example_dags/example_latest_only.py
[2025-02-10T14:02:22.280+0600] {processor.py:925} INFO - DAG(s) 'latest_only' retrieved from /home/shamim/airflow_git/Airflow_project/air_venv/lib/python3.12/site-packages/airflow/example_dags/example_latest_only.py
[2025-02-10T14:02:22.352+0600] {logging_mixin.py:190} INFO - [2025-02-10T14:02:22.351+0600] {dag.py:3239} INFO - Sync 1 DAGs
[2025-02-10T14:02:22.391+0600] {logging_mixin.py:190} INFO - [2025-02-10T14:02:22.390+0600] {dag.py:4180} INFO - Setting next_dagrun for latest_only to 2025-02-10 04:00:00+00:00, run_after=2025-02-10 08:00:00+00:00
[2025-02-10T14:02:22.416+0600] {processor.py:208} INFO - Processing /home/shamim/airflow_git/Airflow_project/air_venv/lib/python3.12/site-packages/airflow/example_dags/example_latest_only.py took 0.217 seconds
[2025-02-10T14:03:44.744+0600] {processor.py:186} INFO - Started process (PID=23501) to work on /home/shamim/airflow_git/Airflow_project/air_venv/lib/python3.12/site-packages/airflow/example_dags/example_latest_only.py
[2025-02-10T14:03:44.751+0600] {processor.py:914} INFO - Processing file /home/shamim/airflow_git/Airflow_project/air_venv/lib/python3.12/site-packages/airflow/example_dags/example_latest_only.py for tasks to queue
[2025-02-10T14:03:44.754+0600] {logging_mixin.py:190} INFO - [2025-02-10T14:03:44.753+0600] {dagbag.py:588} INFO - Filling up the DagBag from /home/shamim/airflow_git/Airflow_project/air_venv/lib/python3.12/site-packages/airflow/example_dags/example_latest_only.py
[2025-02-10T14:03:44.770+0600] {processor.py:925} INFO - DAG(s) 'latest_only' retrieved from /home/shamim/airflow_git/Airflow_project/air_venv/lib/python3.12/site-packages/airflow/example_dags/example_latest_only.py
[2025-02-10T14:03:44.801+0600] {logging_mixin.py:190} INFO - [2025-02-10T14:03:44.800+0600] {dag.py:3239} INFO - Sync 1 DAGs
[2025-02-10T14:03:44.853+0600] {logging_mixin.py:190} INFO - [2025-02-10T14:03:44.853+0600] {dag.py:4180} INFO - Setting next_dagrun for latest_only to 2025-02-10 04:00:00+00:00, run_after=2025-02-10 08:00:00+00:00
[2025-02-10T14:03:44.887+0600] {processor.py:208} INFO - Processing /home/shamim/airflow_git/Airflow_project/air_venv/lib/python3.12/site-packages/airflow/example_dags/example_latest_only.py took 0.153 seconds
[2025-02-10T14:05:15.215+0600] {processor.py:186} INFO - Started process (PID=24200) to work on /home/shamim/airflow_git/Airflow_project/air_venv/lib/python3.12/site-packages/airflow/example_dags/example_latest_only.py
[2025-02-10T14:05:15.222+0600] {processor.py:914} INFO - Processing file /home/shamim/airflow_git/Airflow_project/air_venv/lib/python3.12/site-packages/airflow/example_dags/example_latest_only.py for tasks to queue
[2025-02-10T14:05:15.226+0600] {logging_mixin.py:190} INFO - [2025-02-10T14:05:15.225+0600] {dagbag.py:588} INFO - Filling up the DagBag from /home/shamim/airflow_git/Airflow_project/air_venv/lib/python3.12/site-packages/airflow/example_dags/example_latest_only.py
[2025-02-10T14:05:15.237+0600] {processor.py:925} INFO - DAG(s) 'latest_only' retrieved from /home/shamim/airflow_git/Airflow_project/air_venv/lib/python3.12/site-packages/airflow/example_dags/example_latest_only.py
[2025-02-10T14:05:15.257+0600] {logging_mixin.py:190} INFO - [2025-02-10T14:05:15.257+0600] {dag.py:3239} INFO - Sync 1 DAGs
[2025-02-10T14:05:15.286+0600] {logging_mixin.py:190} INFO - [2025-02-10T14:05:15.285+0600] {dag.py:4180} INFO - Setting next_dagrun for latest_only to 2025-02-10 04:00:00+00:00, run_after=2025-02-10 08:00:00+00:00
[2025-02-10T14:05:15.324+0600] {processor.py:208} INFO - Processing /home/shamim/airflow_git/Airflow_project/air_venv/lib/python3.12/site-packages/airflow/example_dags/example_latest_only.py took 0.118 seconds
