[2025-02-10T13:00:19.775+0600] {processor.py:186} INFO - Started process (PID=13422) to work on /home/shamim/airflow_git/Airflow_project/air_venv/lib/python3.12/site-packages/airflow/example_dags/example_bash_operator.py
[2025-02-10T13:00:19.777+0600] {processor.py:914} INFO - Processing file /home/shamim/airflow_git/Airflow_project/air_venv/lib/python3.12/site-packages/airflow/example_dags/example_bash_operator.py for tasks to queue
[2025-02-10T13:00:19.785+0600] {logging_mixin.py:190} INFO - [2025-02-10T13:00:19.784+0600] {dagbag.py:588} INFO - Filling up the DagBag from /home/shamim/airflow_git/Airflow_project/air_venv/lib/python3.12/site-packages/airflow/example_dags/example_bash_operator.py
[2025-02-10T13:00:19.807+0600] {processor.py:925} INFO - DAG(s) 'example_bash_operator' retrieved from /home/shamim/airflow_git/Airflow_project/air_venv/lib/python3.12/site-packages/airflow/example_dags/example_bash_operator.py
[2025-02-10T13:00:19.942+0600] {logging_mixin.py:190} INFO - [2025-02-10T13:00:19.941+0600] {override.py:1930} INFO - Created Permission View: can delete on DAG:example_bash_operator
[2025-02-10T13:00:19.954+0600] {logging_mixin.py:190} INFO - [2025-02-10T13:00:19.953+0600] {override.py:1930} INFO - Created Permission View: can edit on DAG:example_bash_operator
[2025-02-10T13:00:19.961+0600] {logging_mixin.py:190} INFO - [2025-02-10T13:00:19.961+0600] {override.py:1930} INFO - Created Permission View: can read on DAG:example_bash_operator
[2025-02-10T13:00:19.971+0600] {logging_mixin.py:190} INFO - [2025-02-10T13:00:19.971+0600] {override.py:1930} INFO - Created Permission View: can delete on DAG Run:example_bash_operator
[2025-02-10T13:00:19.979+0600] {logging_mixin.py:190} INFO - [2025-02-10T13:00:19.978+0600] {override.py:1930} INFO - Created Permission View: can read on DAG Run:example_bash_operator
[2025-02-10T13:00:19.987+0600] {logging_mixin.py:190} INFO - [2025-02-10T13:00:19.986+0600] {override.py:1930} INFO - Created Permission View: can create on DAG Run:example_bash_operator
[2025-02-10T13:00:19.994+0600] {logging_mixin.py:190} INFO - [2025-02-10T13:00:19.994+0600] {override.py:1930} INFO - Created Permission View: menu access on DAG Run:example_bash_operator
[2025-02-10T13:00:19.994+0600] {logging_mixin.py:190} INFO - [2025-02-10T13:00:19.994+0600] {dag.py:3239} INFO - Sync 1 DAGs
[2025-02-10T13:00:20.010+0600] {logging_mixin.py:190} INFO - [2025-02-10T13:00:20.010+0600] {dag.py:3262} INFO - Creating ORM DAG for example_bash_operator
[2025-02-10T13:00:20.021+0600] {logging_mixin.py:190} INFO - [2025-02-10T13:00:20.021+0600] {dag.py:4180} INFO - Setting next_dagrun for example_bash_operator to 2025-02-09 00:00:00+00:00, run_after=2025-02-10 00:00:00+00:00
[2025-02-10T13:00:20.044+0600] {processor.py:208} INFO - Processing /home/shamim/airflow_git/Airflow_project/air_venv/lib/python3.12/site-packages/airflow/example_dags/example_bash_operator.py took 0.287 seconds
[2025-02-10T13:01:39.410+0600] {processor.py:186} INFO - Started process (PID=13608) to work on /home/shamim/airflow_git/Airflow_project/air_venv/lib/python3.12/site-packages/airflow/example_dags/example_bash_operator.py
[2025-02-10T13:01:39.418+0600] {processor.py:914} INFO - Processing file /home/shamim/airflow_git/Airflow_project/air_venv/lib/python3.12/site-packages/airflow/example_dags/example_bash_operator.py for tasks to queue
[2025-02-10T13:01:39.426+0600] {logging_mixin.py:190} INFO - [2025-02-10T13:01:39.425+0600] {dagbag.py:588} INFO - Filling up the DagBag from /home/shamim/airflow_git/Airflow_project/air_venv/lib/python3.12/site-packages/airflow/example_dags/example_bash_operator.py
[2025-02-10T13:01:39.457+0600] {processor.py:925} INFO - DAG(s) 'example_bash_operator' retrieved from /home/shamim/airflow_git/Airflow_project/air_venv/lib/python3.12/site-packages/airflow/example_dags/example_bash_operator.py
[2025-02-10T13:01:39.487+0600] {logging_mixin.py:190} INFO - [2025-02-10T13:01:39.487+0600] {dag.py:3239} INFO - Sync 1 DAGs
[2025-02-10T13:01:39.513+0600] {logging_mixin.py:190} INFO - [2025-02-10T13:01:39.513+0600] {dag.py:4180} INFO - Setting next_dagrun for example_bash_operator to 2025-02-09 00:00:00+00:00, run_after=2025-02-10 00:00:00+00:00
[2025-02-10T13:01:39.543+0600] {processor.py:208} INFO - Processing /home/shamim/airflow_git/Airflow_project/air_venv/lib/python3.12/site-packages/airflow/example_dags/example_bash_operator.py took 0.154 seconds
[2025-02-10T13:02:50.368+0600] {processor.py:186} INFO - Started process (PID=13749) to work on /home/shamim/airflow_git/Airflow_project/air_venv/lib/python3.12/site-packages/airflow/example_dags/example_bash_operator.py
[2025-02-10T13:02:50.374+0600] {processor.py:914} INFO - Processing file /home/shamim/airflow_git/Airflow_project/air_venv/lib/python3.12/site-packages/airflow/example_dags/example_bash_operator.py for tasks to queue
[2025-02-10T13:02:50.377+0600] {logging_mixin.py:190} INFO - [2025-02-10T13:02:50.377+0600] {dagbag.py:588} INFO - Filling up the DagBag from /home/shamim/airflow_git/Airflow_project/air_venv/lib/python3.12/site-packages/airflow/example_dags/example_bash_operator.py
[2025-02-10T13:02:50.393+0600] {processor.py:925} INFO - DAG(s) 'example_bash_operator' retrieved from /home/shamim/airflow_git/Airflow_project/air_venv/lib/python3.12/site-packages/airflow/example_dags/example_bash_operator.py
[2025-02-10T13:02:50.419+0600] {logging_mixin.py:190} INFO - [2025-02-10T13:02:50.418+0600] {dag.py:3239} INFO - Sync 1 DAGs
[2025-02-10T13:02:50.443+0600] {logging_mixin.py:190} INFO - [2025-02-10T13:02:50.443+0600] {dag.py:4180} INFO - Setting next_dagrun for example_bash_operator to 2025-02-09 00:00:00+00:00, run_after=2025-02-10 00:00:00+00:00
[2025-02-10T13:02:50.467+0600] {processor.py:208} INFO - Processing /home/shamim/airflow_git/Airflow_project/air_venv/lib/python3.12/site-packages/airflow/example_dags/example_bash_operator.py took 0.107 seconds
[2025-02-10T13:03:55.864+0600] {processor.py:186} INFO - Started process (PID=13917) to work on /home/shamim/airflow_git/Airflow_project/air_venv/lib/python3.12/site-packages/airflow/example_dags/example_bash_operator.py
[2025-02-10T13:03:55.867+0600] {processor.py:914} INFO - Processing file /home/shamim/airflow_git/Airflow_project/air_venv/lib/python3.12/site-packages/airflow/example_dags/example_bash_operator.py for tasks to queue
[2025-02-10T13:03:55.870+0600] {logging_mixin.py:190} INFO - [2025-02-10T13:03:55.870+0600] {dagbag.py:588} INFO - Filling up the DagBag from /home/shamim/airflow_git/Airflow_project/air_venv/lib/python3.12/site-packages/airflow/example_dags/example_bash_operator.py
[2025-02-10T13:03:55.886+0600] {processor.py:925} INFO - DAG(s) 'example_bash_operator' retrieved from /home/shamim/airflow_git/Airflow_project/air_venv/lib/python3.12/site-packages/airflow/example_dags/example_bash_operator.py
[2025-02-10T13:03:55.912+0600] {logging_mixin.py:190} INFO - [2025-02-10T13:03:55.911+0600] {dag.py:3239} INFO - Sync 1 DAGs
[2025-02-10T13:03:55.939+0600] {logging_mixin.py:190} INFO - [2025-02-10T13:03:55.939+0600] {dag.py:4180} INFO - Setting next_dagrun for example_bash_operator to 2025-02-09 00:00:00+00:00, run_after=2025-02-10 00:00:00+00:00
[2025-02-10T13:03:55.965+0600] {processor.py:208} INFO - Processing /home/shamim/airflow_git/Airflow_project/air_venv/lib/python3.12/site-packages/airflow/example_dags/example_bash_operator.py took 0.107 seconds
[2025-02-10T13:05:03.095+0600] {processor.py:186} INFO - Started process (PID=14055) to work on /home/shamim/airflow_git/Airflow_project/air_venv/lib/python3.12/site-packages/airflow/example_dags/example_bash_operator.py
[2025-02-10T13:05:03.096+0600] {processor.py:914} INFO - Processing file /home/shamim/airflow_git/Airflow_project/air_venv/lib/python3.12/site-packages/airflow/example_dags/example_bash_operator.py for tasks to queue
[2025-02-10T13:05:03.098+0600] {logging_mixin.py:190} INFO - [2025-02-10T13:05:03.098+0600] {dagbag.py:588} INFO - Filling up the DagBag from /home/shamim/airflow_git/Airflow_project/air_venv/lib/python3.12/site-packages/airflow/example_dags/example_bash_operator.py
[2025-02-10T13:05:03.115+0600] {processor.py:925} INFO - DAG(s) 'example_bash_operator' retrieved from /home/shamim/airflow_git/Airflow_project/air_venv/lib/python3.12/site-packages/airflow/example_dags/example_bash_operator.py
[2025-02-10T13:05:03.140+0600] {logging_mixin.py:190} INFO - [2025-02-10T13:05:03.140+0600] {dag.py:3239} INFO - Sync 1 DAGs
[2025-02-10T13:05:03.165+0600] {logging_mixin.py:190} INFO - [2025-02-10T13:05:03.165+0600] {dag.py:4180} INFO - Setting next_dagrun for example_bash_operator to 2025-02-09 00:00:00+00:00, run_after=2025-02-10 00:00:00+00:00
[2025-02-10T13:05:03.189+0600] {processor.py:208} INFO - Processing /home/shamim/airflow_git/Airflow_project/air_venv/lib/python3.12/site-packages/airflow/example_dags/example_bash_operator.py took 0.101 seconds
[2025-02-10T13:06:12.287+0600] {processor.py:186} INFO - Started process (PID=14178) to work on /home/shamim/airflow_git/Airflow_project/air_venv/lib/python3.12/site-packages/airflow/example_dags/example_bash_operator.py
[2025-02-10T13:06:12.293+0600] {processor.py:914} INFO - Processing file /home/shamim/airflow_git/Airflow_project/air_venv/lib/python3.12/site-packages/airflow/example_dags/example_bash_operator.py for tasks to queue
[2025-02-10T13:06:12.297+0600] {logging_mixin.py:190} INFO - [2025-02-10T13:06:12.297+0600] {dagbag.py:588} INFO - Filling up the DagBag from /home/shamim/airflow_git/Airflow_project/air_venv/lib/python3.12/site-packages/airflow/example_dags/example_bash_operator.py
[2025-02-10T13:06:12.317+0600] {processor.py:925} INFO - DAG(s) 'example_bash_operator' retrieved from /home/shamim/airflow_git/Airflow_project/air_venv/lib/python3.12/site-packages/airflow/example_dags/example_bash_operator.py
[2025-02-10T13:06:12.344+0600] {logging_mixin.py:190} INFO - [2025-02-10T13:06:12.344+0600] {dag.py:3239} INFO - Sync 1 DAGs
[2025-02-10T13:06:12.368+0600] {logging_mixin.py:190} INFO - [2025-02-10T13:06:12.368+0600] {dag.py:4180} INFO - Setting next_dagrun for example_bash_operator to 2025-02-09 00:00:00+00:00, run_after=2025-02-10 00:00:00+00:00
[2025-02-10T13:06:12.390+0600] {processor.py:208} INFO - Processing /home/shamim/airflow_git/Airflow_project/air_venv/lib/python3.12/site-packages/airflow/example_dags/example_bash_operator.py took 0.112 seconds
[2025-02-10T13:07:19.876+0600] {processor.py:186} INFO - Started process (PID=14334) to work on /home/shamim/airflow_git/Airflow_project/air_venv/lib/python3.12/site-packages/airflow/example_dags/example_bash_operator.py
[2025-02-10T13:07:19.880+0600] {processor.py:914} INFO - Processing file /home/shamim/airflow_git/Airflow_project/air_venv/lib/python3.12/site-packages/airflow/example_dags/example_bash_operator.py for tasks to queue
[2025-02-10T13:07:19.884+0600] {logging_mixin.py:190} INFO - [2025-02-10T13:07:19.883+0600] {dagbag.py:588} INFO - Filling up the DagBag from /home/shamim/airflow_git/Airflow_project/air_venv/lib/python3.12/site-packages/airflow/example_dags/example_bash_operator.py
[2025-02-10T13:07:19.920+0600] {processor.py:925} INFO - DAG(s) 'example_bash_operator' retrieved from /home/shamim/airflow_git/Airflow_project/air_venv/lib/python3.12/site-packages/airflow/example_dags/example_bash_operator.py
[2025-02-10T13:07:19.971+0600] {logging_mixin.py:190} INFO - [2025-02-10T13:07:19.971+0600] {dag.py:3239} INFO - Sync 1 DAGs
[2025-02-10T13:07:20.021+0600] {logging_mixin.py:190} INFO - [2025-02-10T13:07:20.020+0600] {dag.py:4180} INFO - Setting next_dagrun for example_bash_operator to 2025-02-09 00:00:00+00:00, run_after=2025-02-10 00:00:00+00:00
[2025-02-10T13:07:20.070+0600] {processor.py:208} INFO - Processing /home/shamim/airflow_git/Airflow_project/air_venv/lib/python3.12/site-packages/airflow/example_dags/example_bash_operator.py took 0.207 seconds
[2025-02-10T13:08:35.404+0600] {processor.py:186} INFO - Started process (PID=14511) to work on /home/shamim/airflow_git/Airflow_project/air_venv/lib/python3.12/site-packages/airflow/example_dags/example_bash_operator.py
[2025-02-10T13:08:35.407+0600] {processor.py:914} INFO - Processing file /home/shamim/airflow_git/Airflow_project/air_venv/lib/python3.12/site-packages/airflow/example_dags/example_bash_operator.py for tasks to queue
[2025-02-10T13:08:35.410+0600] {logging_mixin.py:190} INFO - [2025-02-10T13:08:35.410+0600] {dagbag.py:588} INFO - Filling up the DagBag from /home/shamim/airflow_git/Airflow_project/air_venv/lib/python3.12/site-packages/airflow/example_dags/example_bash_operator.py
[2025-02-10T13:08:35.427+0600] {processor.py:925} INFO - DAG(s) 'example_bash_operator' retrieved from /home/shamim/airflow_git/Airflow_project/air_venv/lib/python3.12/site-packages/airflow/example_dags/example_bash_operator.py
[2025-02-10T13:08:35.456+0600] {logging_mixin.py:190} INFO - [2025-02-10T13:08:35.456+0600] {dag.py:3239} INFO - Sync 1 DAGs
[2025-02-10T13:08:35.481+0600] {logging_mixin.py:190} INFO - [2025-02-10T13:08:35.481+0600] {dag.py:4180} INFO - Setting next_dagrun for example_bash_operator to 2025-02-09 00:00:00+00:00, run_after=2025-02-10 00:00:00+00:00
[2025-02-10T13:08:35.504+0600] {processor.py:208} INFO - Processing /home/shamim/airflow_git/Airflow_project/air_venv/lib/python3.12/site-packages/airflow/example_dags/example_bash_operator.py took 0.107 seconds
[2025-02-10T13:09:43.513+0600] {processor.py:186} INFO - Started process (PID=14773) to work on /home/shamim/airflow_git/Airflow_project/air_venv/lib/python3.12/site-packages/airflow/example_dags/example_bash_operator.py
[2025-02-10T13:09:43.520+0600] {processor.py:914} INFO - Processing file /home/shamim/airflow_git/Airflow_project/air_venv/lib/python3.12/site-packages/airflow/example_dags/example_bash_operator.py for tasks to queue
[2025-02-10T13:09:43.524+0600] {logging_mixin.py:190} INFO - [2025-02-10T13:09:43.523+0600] {dagbag.py:588} INFO - Filling up the DagBag from /home/shamim/airflow_git/Airflow_project/air_venv/lib/python3.12/site-packages/airflow/example_dags/example_bash_operator.py
[2025-02-10T13:09:43.551+0600] {processor.py:925} INFO - DAG(s) 'example_bash_operator' retrieved from /home/shamim/airflow_git/Airflow_project/air_venv/lib/python3.12/site-packages/airflow/example_dags/example_bash_operator.py
[2025-02-10T13:09:43.583+0600] {logging_mixin.py:190} INFO - [2025-02-10T13:09:43.582+0600] {dag.py:3239} INFO - Sync 1 DAGs
[2025-02-10T13:09:43.610+0600] {logging_mixin.py:190} INFO - [2025-02-10T13:09:43.610+0600] {dag.py:4180} INFO - Setting next_dagrun for example_bash_operator to 2025-02-09 00:00:00+00:00, run_after=2025-02-10 00:00:00+00:00
[2025-02-10T13:09:43.638+0600] {processor.py:208} INFO - Processing /home/shamim/airflow_git/Airflow_project/air_venv/lib/python3.12/site-packages/airflow/example_dags/example_bash_operator.py took 0.138 seconds
[2025-02-10T13:10:53.861+0600] {processor.py:186} INFO - Started process (PID=14878) to work on /home/shamim/airflow_git/Airflow_project/air_venv/lib/python3.12/site-packages/airflow/example_dags/example_bash_operator.py
[2025-02-10T13:10:53.868+0600] {processor.py:914} INFO - Processing file /home/shamim/airflow_git/Airflow_project/air_venv/lib/python3.12/site-packages/airflow/example_dags/example_bash_operator.py for tasks to queue
[2025-02-10T13:10:53.881+0600] {logging_mixin.py:190} INFO - [2025-02-10T13:10:53.878+0600] {dagbag.py:588} INFO - Filling up the DagBag from /home/shamim/airflow_git/Airflow_project/air_venv/lib/python3.12/site-packages/airflow/example_dags/example_bash_operator.py
[2025-02-10T13:10:53.938+0600] {processor.py:925} INFO - DAG(s) 'example_bash_operator' retrieved from /home/shamim/airflow_git/Airflow_project/air_venv/lib/python3.12/site-packages/airflow/example_dags/example_bash_operator.py
[2025-02-10T13:10:53.971+0600] {logging_mixin.py:190} INFO - [2025-02-10T13:10:53.971+0600] {dag.py:3239} INFO - Sync 1 DAGs
[2025-02-10T13:10:54.000+0600] {logging_mixin.py:190} INFO - [2025-02-10T13:10:54.000+0600] {dag.py:4180} INFO - Setting next_dagrun for example_bash_operator to 2025-02-09 00:00:00+00:00, run_after=2025-02-10 00:00:00+00:00
[2025-02-10T13:10:54.025+0600] {processor.py:208} INFO - Processing /home/shamim/airflow_git/Airflow_project/air_venv/lib/python3.12/site-packages/airflow/example_dags/example_bash_operator.py took 0.193 seconds
[2025-02-10T13:12:10.641+0600] {processor.py:186} INFO - Started process (PID=14974) to work on /home/shamim/airflow_git/Airflow_project/air_venv/lib/python3.12/site-packages/airflow/example_dags/example_bash_operator.py
[2025-02-10T13:12:10.645+0600] {processor.py:914} INFO - Processing file /home/shamim/airflow_git/Airflow_project/air_venv/lib/python3.12/site-packages/airflow/example_dags/example_bash_operator.py for tasks to queue
[2025-02-10T13:12:10.648+0600] {logging_mixin.py:190} INFO - [2025-02-10T13:12:10.647+0600] {dagbag.py:588} INFO - Filling up the DagBag from /home/shamim/airflow_git/Airflow_project/air_venv/lib/python3.12/site-packages/airflow/example_dags/example_bash_operator.py
[2025-02-10T13:12:10.666+0600] {processor.py:925} INFO - DAG(s) 'example_bash_operator' retrieved from /home/shamim/airflow_git/Airflow_project/air_venv/lib/python3.12/site-packages/airflow/example_dags/example_bash_operator.py
[2025-02-10T13:12:10.698+0600] {logging_mixin.py:190} INFO - [2025-02-10T13:12:10.697+0600] {dag.py:3239} INFO - Sync 1 DAGs
[2025-02-10T13:12:10.728+0600] {logging_mixin.py:190} INFO - [2025-02-10T13:12:10.727+0600] {dag.py:4180} INFO - Setting next_dagrun for example_bash_operator to 2025-02-09 00:00:00+00:00, run_after=2025-02-10 00:00:00+00:00
[2025-02-10T13:12:10.753+0600] {processor.py:208} INFO - Processing /home/shamim/airflow_git/Airflow_project/air_venv/lib/python3.12/site-packages/airflow/example_dags/example_bash_operator.py took 0.121 seconds
[2025-02-10T13:13:26.881+0600] {processor.py:186} INFO - Started process (PID=15097) to work on /home/shamim/airflow_git/Airflow_project/air_venv/lib/python3.12/site-packages/airflow/example_dags/example_bash_operator.py
[2025-02-10T13:13:26.890+0600] {processor.py:914} INFO - Processing file /home/shamim/airflow_git/Airflow_project/air_venv/lib/python3.12/site-packages/airflow/example_dags/example_bash_operator.py for tasks to queue
[2025-02-10T13:13:26.902+0600] {logging_mixin.py:190} INFO - [2025-02-10T13:13:26.901+0600] {dagbag.py:588} INFO - Filling up the DagBag from /home/shamim/airflow_git/Airflow_project/air_venv/lib/python3.12/site-packages/airflow/example_dags/example_bash_operator.py
[2025-02-10T13:13:26.937+0600] {processor.py:925} INFO - DAG(s) 'example_bash_operator' retrieved from /home/shamim/airflow_git/Airflow_project/air_venv/lib/python3.12/site-packages/airflow/example_dags/example_bash_operator.py
[2025-02-10T13:13:26.988+0600] {logging_mixin.py:190} INFO - [2025-02-10T13:13:26.988+0600] {dag.py:3239} INFO - Sync 1 DAGs
[2025-02-10T13:13:27.046+0600] {logging_mixin.py:190} INFO - [2025-02-10T13:13:27.045+0600] {dag.py:4180} INFO - Setting next_dagrun for example_bash_operator to 2025-02-09 00:00:00+00:00, run_after=2025-02-10 00:00:00+00:00
[2025-02-10T13:13:27.115+0600] {processor.py:208} INFO - Processing /home/shamim/airflow_git/Airflow_project/air_venv/lib/python3.12/site-packages/airflow/example_dags/example_bash_operator.py took 0.253 seconds
[2025-02-10T13:14:38.466+0600] {processor.py:186} INFO - Started process (PID=15216) to work on /home/shamim/airflow_git/Airflow_project/air_venv/lib/python3.12/site-packages/airflow/example_dags/example_bash_operator.py
[2025-02-10T13:14:38.468+0600] {processor.py:914} INFO - Processing file /home/shamim/airflow_git/Airflow_project/air_venv/lib/python3.12/site-packages/airflow/example_dags/example_bash_operator.py for tasks to queue
[2025-02-10T13:14:38.471+0600] {logging_mixin.py:190} INFO - [2025-02-10T13:14:38.470+0600] {dagbag.py:588} INFO - Filling up the DagBag from /home/shamim/airflow_git/Airflow_project/air_venv/lib/python3.12/site-packages/airflow/example_dags/example_bash_operator.py
[2025-02-10T13:14:38.490+0600] {processor.py:925} INFO - DAG(s) 'example_bash_operator' retrieved from /home/shamim/airflow_git/Airflow_project/air_venv/lib/python3.12/site-packages/airflow/example_dags/example_bash_operator.py
[2025-02-10T13:14:38.517+0600] {logging_mixin.py:190} INFO - [2025-02-10T13:14:38.516+0600] {dag.py:3239} INFO - Sync 1 DAGs
[2025-02-10T13:14:38.542+0600] {logging_mixin.py:190} INFO - [2025-02-10T13:14:38.542+0600] {dag.py:4180} INFO - Setting next_dagrun for example_bash_operator to 2025-02-09 00:00:00+00:00, run_after=2025-02-10 00:00:00+00:00
[2025-02-10T13:14:38.569+0600] {processor.py:208} INFO - Processing /home/shamim/airflow_git/Airflow_project/air_venv/lib/python3.12/site-packages/airflow/example_dags/example_bash_operator.py took 0.114 seconds
[2025-02-10T13:15:46.436+0600] {processor.py:186} INFO - Started process (PID=15313) to work on /home/shamim/airflow_git/Airflow_project/air_venv/lib/python3.12/site-packages/airflow/example_dags/example_bash_operator.py
[2025-02-10T13:15:46.443+0600] {processor.py:914} INFO - Processing file /home/shamim/airflow_git/Airflow_project/air_venv/lib/python3.12/site-packages/airflow/example_dags/example_bash_operator.py for tasks to queue
[2025-02-10T13:15:46.448+0600] {logging_mixin.py:190} INFO - [2025-02-10T13:15:46.447+0600] {dagbag.py:588} INFO - Filling up the DagBag from /home/shamim/airflow_git/Airflow_project/air_venv/lib/python3.12/site-packages/airflow/example_dags/example_bash_operator.py
[2025-02-10T13:15:46.469+0600] {processor.py:925} INFO - DAG(s) 'example_bash_operator' retrieved from /home/shamim/airflow_git/Airflow_project/air_venv/lib/python3.12/site-packages/airflow/example_dags/example_bash_operator.py
[2025-02-10T13:15:46.496+0600] {logging_mixin.py:190} INFO - [2025-02-10T13:15:46.496+0600] {dag.py:3239} INFO - Sync 1 DAGs
[2025-02-10T13:15:46.522+0600] {logging_mixin.py:190} INFO - [2025-02-10T13:15:46.522+0600] {dag.py:4180} INFO - Setting next_dagrun for example_bash_operator to 2025-02-09 00:00:00+00:00, run_after=2025-02-10 00:00:00+00:00
[2025-02-10T13:15:46.549+0600] {processor.py:208} INFO - Processing /home/shamim/airflow_git/Airflow_project/air_venv/lib/python3.12/site-packages/airflow/example_dags/example_bash_operator.py took 0.127 seconds
[2025-02-10T13:16:55.219+0600] {processor.py:186} INFO - Started process (PID=15404) to work on /home/shamim/airflow_git/Airflow_project/air_venv/lib/python3.12/site-packages/airflow/example_dags/example_bash_operator.py
[2025-02-10T13:16:55.224+0600] {processor.py:914} INFO - Processing file /home/shamim/airflow_git/Airflow_project/air_venv/lib/python3.12/site-packages/airflow/example_dags/example_bash_operator.py for tasks to queue
[2025-02-10T13:16:55.228+0600] {logging_mixin.py:190} INFO - [2025-02-10T13:16:55.227+0600] {dagbag.py:588} INFO - Filling up the DagBag from /home/shamim/airflow_git/Airflow_project/air_venv/lib/python3.12/site-packages/airflow/example_dags/example_bash_operator.py
[2025-02-10T13:16:55.251+0600] {processor.py:925} INFO - DAG(s) 'example_bash_operator' retrieved from /home/shamim/airflow_git/Airflow_project/air_venv/lib/python3.12/site-packages/airflow/example_dags/example_bash_operator.py
[2025-02-10T13:16:55.289+0600] {logging_mixin.py:190} INFO - [2025-02-10T13:16:55.289+0600] {dag.py:3239} INFO - Sync 1 DAGs
[2025-02-10T13:16:55.322+0600] {logging_mixin.py:190} INFO - [2025-02-10T13:16:55.321+0600] {dag.py:4180} INFO - Setting next_dagrun for example_bash_operator to 2025-02-09 00:00:00+00:00, run_after=2025-02-10 00:00:00+00:00
[2025-02-10T13:16:55.349+0600] {processor.py:208} INFO - Processing /home/shamim/airflow_git/Airflow_project/air_venv/lib/python3.12/site-packages/airflow/example_dags/example_bash_operator.py took 0.147 seconds
[2025-02-10T13:18:05.892+0600] {processor.py:186} INFO - Started process (PID=15639) to work on /home/shamim/airflow_git/Airflow_project/air_venv/lib/python3.12/site-packages/airflow/example_dags/example_bash_operator.py
[2025-02-10T13:18:05.898+0600] {processor.py:914} INFO - Processing file /home/shamim/airflow_git/Airflow_project/air_venv/lib/python3.12/site-packages/airflow/example_dags/example_bash_operator.py for tasks to queue
[2025-02-10T13:18:05.902+0600] {logging_mixin.py:190} INFO - [2025-02-10T13:18:05.901+0600] {dagbag.py:588} INFO - Filling up the DagBag from /home/shamim/airflow_git/Airflow_project/air_venv/lib/python3.12/site-packages/airflow/example_dags/example_bash_operator.py
[2025-02-10T13:18:05.920+0600] {processor.py:925} INFO - DAG(s) 'example_bash_operator' retrieved from /home/shamim/airflow_git/Airflow_project/air_venv/lib/python3.12/site-packages/airflow/example_dags/example_bash_operator.py
[2025-02-10T13:18:05.946+0600] {logging_mixin.py:190} INFO - [2025-02-10T13:18:05.945+0600] {dag.py:3239} INFO - Sync 1 DAGs
[2025-02-10T13:18:05.971+0600] {logging_mixin.py:190} INFO - [2025-02-10T13:18:05.971+0600] {dag.py:4180} INFO - Setting next_dagrun for example_bash_operator to 2025-02-09 00:00:00+00:00, run_after=2025-02-10 00:00:00+00:00
[2025-02-10T13:18:05.998+0600] {processor.py:208} INFO - Processing /home/shamim/airflow_git/Airflow_project/air_venv/lib/python3.12/site-packages/airflow/example_dags/example_bash_operator.py took 0.123 seconds
[2025-02-10T13:19:24.719+0600] {processor.py:186} INFO - Started process (PID=16059) to work on /home/shamim/airflow_git/Airflow_project/air_venv/lib/python3.12/site-packages/airflow/example_dags/example_bash_operator.py
[2025-02-10T13:19:24.722+0600] {processor.py:914} INFO - Processing file /home/shamim/airflow_git/Airflow_project/air_venv/lib/python3.12/site-packages/airflow/example_dags/example_bash_operator.py for tasks to queue
[2025-02-10T13:19:24.724+0600] {logging_mixin.py:190} INFO - [2025-02-10T13:19:24.723+0600] {dagbag.py:588} INFO - Filling up the DagBag from /home/shamim/airflow_git/Airflow_project/air_venv/lib/python3.12/site-packages/airflow/example_dags/example_bash_operator.py
[2025-02-10T13:19:24.742+0600] {processor.py:925} INFO - DAG(s) 'example_bash_operator' retrieved from /home/shamim/airflow_git/Airflow_project/air_venv/lib/python3.12/site-packages/airflow/example_dags/example_bash_operator.py
[2025-02-10T13:19:24.775+0600] {logging_mixin.py:190} INFO - [2025-02-10T13:19:24.775+0600] {dag.py:3239} INFO - Sync 1 DAGs
[2025-02-10T13:19:24.808+0600] {logging_mixin.py:190} INFO - [2025-02-10T13:19:24.807+0600] {dag.py:4180} INFO - Setting next_dagrun for example_bash_operator to 2025-02-09 00:00:00+00:00, run_after=2025-02-10 00:00:00+00:00
[2025-02-10T13:19:24.835+0600] {processor.py:208} INFO - Processing /home/shamim/airflow_git/Airflow_project/air_venv/lib/python3.12/site-packages/airflow/example_dags/example_bash_operator.py took 0.127 seconds
[2025-02-10T13:20:38.563+0600] {processor.py:186} INFO - Started process (PID=16633) to work on /home/shamim/airflow_git/Airflow_project/air_venv/lib/python3.12/site-packages/airflow/example_dags/example_bash_operator.py
[2025-02-10T13:20:38.572+0600] {processor.py:914} INFO - Processing file /home/shamim/airflow_git/Airflow_project/air_venv/lib/python3.12/site-packages/airflow/example_dags/example_bash_operator.py for tasks to queue
[2025-02-10T13:20:38.577+0600] {logging_mixin.py:190} INFO - [2025-02-10T13:20:38.575+0600] {dagbag.py:588} INFO - Filling up the DagBag from /home/shamim/airflow_git/Airflow_project/air_venv/lib/python3.12/site-packages/airflow/example_dags/example_bash_operator.py
[2025-02-10T13:20:38.615+0600] {processor.py:925} INFO - DAG(s) 'example_bash_operator' retrieved from /home/shamim/airflow_git/Airflow_project/air_venv/lib/python3.12/site-packages/airflow/example_dags/example_bash_operator.py
[2025-02-10T13:20:38.644+0600] {logging_mixin.py:190} INFO - [2025-02-10T13:20:38.643+0600] {dag.py:3239} INFO - Sync 1 DAGs
[2025-02-10T13:20:38.670+0600] {logging_mixin.py:190} INFO - [2025-02-10T13:20:38.670+0600] {dag.py:4180} INFO - Setting next_dagrun for example_bash_operator to 2025-02-09 00:00:00+00:00, run_after=2025-02-10 00:00:00+00:00
[2025-02-10T13:20:38.697+0600] {processor.py:208} INFO - Processing /home/shamim/airflow_git/Airflow_project/air_venv/lib/python3.12/site-packages/airflow/example_dags/example_bash_operator.py took 0.168 seconds
[2025-02-10T13:21:53.589+0600] {processor.py:186} INFO - Started process (PID=17218) to work on /home/shamim/airflow_git/Airflow_project/air_venv/lib/python3.12/site-packages/airflow/example_dags/example_bash_operator.py
[2025-02-10T13:21:53.593+0600] {processor.py:914} INFO - Processing file /home/shamim/airflow_git/Airflow_project/air_venv/lib/python3.12/site-packages/airflow/example_dags/example_bash_operator.py for tasks to queue
[2025-02-10T13:21:53.595+0600] {logging_mixin.py:190} INFO - [2025-02-10T13:21:53.594+0600] {dagbag.py:588} INFO - Filling up the DagBag from /home/shamim/airflow_git/Airflow_project/air_venv/lib/python3.12/site-packages/airflow/example_dags/example_bash_operator.py
[2025-02-10T13:21:53.622+0600] {processor.py:925} INFO - DAG(s) 'example_bash_operator' retrieved from /home/shamim/airflow_git/Airflow_project/air_venv/lib/python3.12/site-packages/airflow/example_dags/example_bash_operator.py
[2025-02-10T13:21:53.669+0600] {logging_mixin.py:190} INFO - [2025-02-10T13:21:53.669+0600] {dag.py:3239} INFO - Sync 1 DAGs
[2025-02-10T13:21:53.714+0600] {logging_mixin.py:190} INFO - [2025-02-10T13:21:53.714+0600] {dag.py:4180} INFO - Setting next_dagrun for example_bash_operator to 2025-02-09 00:00:00+00:00, run_after=2025-02-10 00:00:00+00:00
[2025-02-10T13:21:53.750+0600] {processor.py:208} INFO - Processing /home/shamim/airflow_git/Airflow_project/air_venv/lib/python3.12/site-packages/airflow/example_dags/example_bash_operator.py took 0.178 seconds
[2025-02-10T13:23:10.509+0600] {processor.py:186} INFO - Started process (PID=17433) to work on /home/shamim/airflow_git/Airflow_project/air_venv/lib/python3.12/site-packages/airflow/example_dags/example_bash_operator.py
[2025-02-10T13:23:10.515+0600] {processor.py:914} INFO - Processing file /home/shamim/airflow_git/Airflow_project/air_venv/lib/python3.12/site-packages/airflow/example_dags/example_bash_operator.py for tasks to queue
[2025-02-10T13:23:10.517+0600] {logging_mixin.py:190} INFO - [2025-02-10T13:23:10.516+0600] {dagbag.py:588} INFO - Filling up the DagBag from /home/shamim/airflow_git/Airflow_project/air_venv/lib/python3.12/site-packages/airflow/example_dags/example_bash_operator.py
[2025-02-10T13:23:10.535+0600] {processor.py:925} INFO - DAG(s) 'example_bash_operator' retrieved from /home/shamim/airflow_git/Airflow_project/air_venv/lib/python3.12/site-packages/airflow/example_dags/example_bash_operator.py
[2025-02-10T13:23:10.562+0600] {logging_mixin.py:190} INFO - [2025-02-10T13:23:10.562+0600] {dag.py:3239} INFO - Sync 1 DAGs
[2025-02-10T13:23:10.589+0600] {logging_mixin.py:190} INFO - [2025-02-10T13:23:10.589+0600] {dag.py:4180} INFO - Setting next_dagrun for example_bash_operator to 2025-02-09 00:00:00+00:00, run_after=2025-02-10 00:00:00+00:00
[2025-02-10T13:23:10.615+0600] {processor.py:208} INFO - Processing /home/shamim/airflow_git/Airflow_project/air_venv/lib/python3.12/site-packages/airflow/example_dags/example_bash_operator.py took 0.119 seconds
[2025-02-10T13:24:24.290+0600] {processor.py:186} INFO - Started process (PID=17557) to work on /home/shamim/airflow_git/Airflow_project/air_venv/lib/python3.12/site-packages/airflow/example_dags/example_bash_operator.py
[2025-02-10T13:24:24.297+0600] {processor.py:914} INFO - Processing file /home/shamim/airflow_git/Airflow_project/air_venv/lib/python3.12/site-packages/airflow/example_dags/example_bash_operator.py for tasks to queue
[2025-02-10T13:24:24.300+0600] {logging_mixin.py:190} INFO - [2025-02-10T13:24:24.299+0600] {dagbag.py:588} INFO - Filling up the DagBag from /home/shamim/airflow_git/Airflow_project/air_venv/lib/python3.12/site-packages/airflow/example_dags/example_bash_operator.py
[2025-02-10T13:24:24.323+0600] {processor.py:925} INFO - DAG(s) 'example_bash_operator' retrieved from /home/shamim/airflow_git/Airflow_project/air_venv/lib/python3.12/site-packages/airflow/example_dags/example_bash_operator.py
[2025-02-10T13:24:24.353+0600] {logging_mixin.py:190} INFO - [2025-02-10T13:24:24.353+0600] {dag.py:3239} INFO - Sync 1 DAGs
[2025-02-10T13:24:24.384+0600] {logging_mixin.py:190} INFO - [2025-02-10T13:24:24.384+0600] {dag.py:4180} INFO - Setting next_dagrun for example_bash_operator to 2025-02-09 00:00:00+00:00, run_after=2025-02-10 00:00:00+00:00
[2025-02-10T13:24:24.412+0600] {processor.py:208} INFO - Processing /home/shamim/airflow_git/Airflow_project/air_venv/lib/python3.12/site-packages/airflow/example_dags/example_bash_operator.py took 0.136 seconds
[2025-02-10T13:25:38.932+0600] {processor.py:186} INFO - Started process (PID=17760) to work on /home/shamim/airflow_git/Airflow_project/air_venv/lib/python3.12/site-packages/airflow/example_dags/example_bash_operator.py
[2025-02-10T13:25:38.938+0600] {processor.py:914} INFO - Processing file /home/shamim/airflow_git/Airflow_project/air_venv/lib/python3.12/site-packages/airflow/example_dags/example_bash_operator.py for tasks to queue
[2025-02-10T13:25:38.939+0600] {logging_mixin.py:190} INFO - [2025-02-10T13:25:38.939+0600] {dagbag.py:588} INFO - Filling up the DagBag from /home/shamim/airflow_git/Airflow_project/air_venv/lib/python3.12/site-packages/airflow/example_dags/example_bash_operator.py
[2025-02-10T13:25:38.957+0600] {processor.py:925} INFO - DAG(s) 'example_bash_operator' retrieved from /home/shamim/airflow_git/Airflow_project/air_venv/lib/python3.12/site-packages/airflow/example_dags/example_bash_operator.py
[2025-02-10T13:25:38.983+0600] {logging_mixin.py:190} INFO - [2025-02-10T13:25:38.983+0600] {dag.py:3239} INFO - Sync 1 DAGs
[2025-02-10T13:25:39.010+0600] {logging_mixin.py:190} INFO - [2025-02-10T13:25:39.010+0600] {dag.py:4180} INFO - Setting next_dagrun for example_bash_operator to 2025-02-09 00:00:00+00:00, run_after=2025-02-10 00:00:00+00:00
[2025-02-10T13:25:39.046+0600] {processor.py:208} INFO - Processing /home/shamim/airflow_git/Airflow_project/air_venv/lib/python3.12/site-packages/airflow/example_dags/example_bash_operator.py took 0.124 seconds
[2025-02-10T13:26:56.670+0600] {processor.py:186} INFO - Started process (PID=17868) to work on /home/shamim/airflow_git/Airflow_project/air_venv/lib/python3.12/site-packages/airflow/example_dags/example_bash_operator.py
[2025-02-10T13:26:56.676+0600] {processor.py:914} INFO - Processing file /home/shamim/airflow_git/Airflow_project/air_venv/lib/python3.12/site-packages/airflow/example_dags/example_bash_operator.py for tasks to queue
[2025-02-10T13:26:56.678+0600] {logging_mixin.py:190} INFO - [2025-02-10T13:26:56.677+0600] {dagbag.py:588} INFO - Filling up the DagBag from /home/shamim/airflow_git/Airflow_project/air_venv/lib/python3.12/site-packages/airflow/example_dags/example_bash_operator.py
[2025-02-10T13:26:56.697+0600] {processor.py:925} INFO - DAG(s) 'example_bash_operator' retrieved from /home/shamim/airflow_git/Airflow_project/air_venv/lib/python3.12/site-packages/airflow/example_dags/example_bash_operator.py
[2025-02-10T13:26:56.723+0600] {logging_mixin.py:190} INFO - [2025-02-10T13:26:56.723+0600] {dag.py:3239} INFO - Sync 1 DAGs
[2025-02-10T13:26:56.749+0600] {logging_mixin.py:190} INFO - [2025-02-10T13:26:56.749+0600] {dag.py:4180} INFO - Setting next_dagrun for example_bash_operator to 2025-02-09 00:00:00+00:00, run_after=2025-02-10 00:00:00+00:00
[2025-02-10T13:26:56.785+0600] {processor.py:208} INFO - Processing /home/shamim/airflow_git/Airflow_project/air_venv/lib/python3.12/site-packages/airflow/example_dags/example_bash_operator.py took 0.127 seconds
[2025-02-10T13:28:21.404+0600] {processor.py:186} INFO - Started process (PID=18341) to work on /home/shamim/airflow_git/Airflow_project/air_venv/lib/python3.12/site-packages/airflow/example_dags/example_bash_operator.py
[2025-02-10T13:28:21.405+0600] {processor.py:914} INFO - Processing file /home/shamim/airflow_git/Airflow_project/air_venv/lib/python3.12/site-packages/airflow/example_dags/example_bash_operator.py for tasks to queue
[2025-02-10T13:28:21.407+0600] {logging_mixin.py:190} INFO - [2025-02-10T13:28:21.406+0600] {dagbag.py:588} INFO - Filling up the DagBag from /home/shamim/airflow_git/Airflow_project/air_venv/lib/python3.12/site-packages/airflow/example_dags/example_bash_operator.py
[2025-02-10T13:28:21.425+0600] {processor.py:925} INFO - DAG(s) 'example_bash_operator' retrieved from /home/shamim/airflow_git/Airflow_project/air_venv/lib/python3.12/site-packages/airflow/example_dags/example_bash_operator.py
[2025-02-10T13:28:21.453+0600] {logging_mixin.py:190} INFO - [2025-02-10T13:28:21.452+0600] {dag.py:3239} INFO - Sync 1 DAGs
[2025-02-10T13:28:21.478+0600] {logging_mixin.py:190} INFO - [2025-02-10T13:28:21.478+0600] {dag.py:4180} INFO - Setting next_dagrun for example_bash_operator to 2025-02-09 00:00:00+00:00, run_after=2025-02-10 00:00:00+00:00
[2025-02-10T13:28:21.513+0600] {processor.py:208} INFO - Processing /home/shamim/airflow_git/Airflow_project/air_venv/lib/python3.12/site-packages/airflow/example_dags/example_bash_operator.py took 0.120 seconds
[2025-02-10T13:29:42.918+0600] {processor.py:186} INFO - Started process (PID=18748) to work on /home/shamim/airflow_git/Airflow_project/air_venv/lib/python3.12/site-packages/airflow/example_dags/example_bash_operator.py
[2025-02-10T13:29:42.924+0600] {processor.py:914} INFO - Processing file /home/shamim/airflow_git/Airflow_project/air_venv/lib/python3.12/site-packages/airflow/example_dags/example_bash_operator.py for tasks to queue
[2025-02-10T13:29:42.926+0600] {logging_mixin.py:190} INFO - [2025-02-10T13:29:42.926+0600] {dagbag.py:588} INFO - Filling up the DagBag from /home/shamim/airflow_git/Airflow_project/air_venv/lib/python3.12/site-packages/airflow/example_dags/example_bash_operator.py
[2025-02-10T13:29:42.943+0600] {processor.py:925} INFO - DAG(s) 'example_bash_operator' retrieved from /home/shamim/airflow_git/Airflow_project/air_venv/lib/python3.12/site-packages/airflow/example_dags/example_bash_operator.py
[2025-02-10T13:29:42.970+0600] {logging_mixin.py:190} INFO - [2025-02-10T13:29:42.970+0600] {dag.py:3239} INFO - Sync 1 DAGs
[2025-02-10T13:29:42.996+0600] {logging_mixin.py:190} INFO - [2025-02-10T13:29:42.996+0600] {dag.py:4180} INFO - Setting next_dagrun for example_bash_operator to 2025-02-09 00:00:00+00:00, run_after=2025-02-10 00:00:00+00:00
[2025-02-10T13:29:43.034+0600] {processor.py:208} INFO - Processing /home/shamim/airflow_git/Airflow_project/air_venv/lib/python3.12/site-packages/airflow/example_dags/example_bash_operator.py took 0.126 seconds
[2025-02-10T13:31:05.969+0600] {processor.py:186} INFO - Started process (PID=18872) to work on /home/shamim/airflow_git/Airflow_project/air_venv/lib/python3.12/site-packages/airflow/example_dags/example_bash_operator.py
[2025-02-10T13:31:05.975+0600] {processor.py:914} INFO - Processing file /home/shamim/airflow_git/Airflow_project/air_venv/lib/python3.12/site-packages/airflow/example_dags/example_bash_operator.py for tasks to queue
[2025-02-10T13:31:05.977+0600] {logging_mixin.py:190} INFO - [2025-02-10T13:31:05.977+0600] {dagbag.py:588} INFO - Filling up the DagBag from /home/shamim/airflow_git/Airflow_project/air_venv/lib/python3.12/site-packages/airflow/example_dags/example_bash_operator.py
[2025-02-10T13:31:05.996+0600] {processor.py:925} INFO - DAG(s) 'example_bash_operator' retrieved from /home/shamim/airflow_git/Airflow_project/air_venv/lib/python3.12/site-packages/airflow/example_dags/example_bash_operator.py
[2025-02-10T13:31:06.023+0600] {logging_mixin.py:190} INFO - [2025-02-10T13:31:06.023+0600] {dag.py:3239} INFO - Sync 1 DAGs
[2025-02-10T13:31:06.048+0600] {logging_mixin.py:190} INFO - [2025-02-10T13:31:06.048+0600] {dag.py:4180} INFO - Setting next_dagrun for example_bash_operator to 2025-02-09 00:00:00+00:00, run_after=2025-02-10 00:00:00+00:00
[2025-02-10T13:31:06.083+0600] {processor.py:208} INFO - Processing /home/shamim/airflow_git/Airflow_project/air_venv/lib/python3.12/site-packages/airflow/example_dags/example_bash_operator.py took 0.125 seconds
[2025-02-10T13:32:20.132+0600] {processor.py:186} INFO - Started process (PID=18978) to work on /home/shamim/airflow_git/Airflow_project/air_venv/lib/python3.12/site-packages/airflow/example_dags/example_bash_operator.py
[2025-02-10T13:32:20.138+0600] {processor.py:914} INFO - Processing file /home/shamim/airflow_git/Airflow_project/air_venv/lib/python3.12/site-packages/airflow/example_dags/example_bash_operator.py for tasks to queue
[2025-02-10T13:32:20.140+0600] {logging_mixin.py:190} INFO - [2025-02-10T13:32:20.139+0600] {dagbag.py:588} INFO - Filling up the DagBag from /home/shamim/airflow_git/Airflow_project/air_venv/lib/python3.12/site-packages/airflow/example_dags/example_bash_operator.py
[2025-02-10T13:32:20.157+0600] {processor.py:925} INFO - DAG(s) 'example_bash_operator' retrieved from /home/shamim/airflow_git/Airflow_project/air_venv/lib/python3.12/site-packages/airflow/example_dags/example_bash_operator.py
[2025-02-10T13:32:20.183+0600] {logging_mixin.py:190} INFO - [2025-02-10T13:32:20.183+0600] {dag.py:3239} INFO - Sync 1 DAGs
[2025-02-10T13:32:20.209+0600] {logging_mixin.py:190} INFO - [2025-02-10T13:32:20.209+0600] {dag.py:4180} INFO - Setting next_dagrun for example_bash_operator to 2025-02-09 00:00:00+00:00, run_after=2025-02-10 00:00:00+00:00
[2025-02-10T13:32:20.250+0600] {processor.py:208} INFO - Processing /home/shamim/airflow_git/Airflow_project/air_venv/lib/python3.12/site-packages/airflow/example_dags/example_bash_operator.py took 0.128 seconds
[2025-02-10T13:33:40.043+0600] {processor.py:186} INFO - Started process (PID=19136) to work on /home/shamim/airflow_git/Airflow_project/air_venv/lib/python3.12/site-packages/airflow/example_dags/example_bash_operator.py
[2025-02-10T13:33:40.050+0600] {processor.py:914} INFO - Processing file /home/shamim/airflow_git/Airflow_project/air_venv/lib/python3.12/site-packages/airflow/example_dags/example_bash_operator.py for tasks to queue
[2025-02-10T13:33:40.051+0600] {logging_mixin.py:190} INFO - [2025-02-10T13:33:40.051+0600] {dagbag.py:588} INFO - Filling up the DagBag from /home/shamim/airflow_git/Airflow_project/air_venv/lib/python3.12/site-packages/airflow/example_dags/example_bash_operator.py
[2025-02-10T13:33:40.069+0600] {processor.py:925} INFO - DAG(s) 'example_bash_operator' retrieved from /home/shamim/airflow_git/Airflow_project/air_venv/lib/python3.12/site-packages/airflow/example_dags/example_bash_operator.py
[2025-02-10T13:33:40.095+0600] {logging_mixin.py:190} INFO - [2025-02-10T13:33:40.094+0600] {dag.py:3239} INFO - Sync 1 DAGs
[2025-02-10T13:33:40.121+0600] {logging_mixin.py:190} INFO - [2025-02-10T13:33:40.120+0600] {dag.py:4180} INFO - Setting next_dagrun for example_bash_operator to 2025-02-09 00:00:00+00:00, run_after=2025-02-10 00:00:00+00:00
[2025-02-10T13:33:40.155+0600] {processor.py:208} INFO - Processing /home/shamim/airflow_git/Airflow_project/air_venv/lib/python3.12/site-packages/airflow/example_dags/example_bash_operator.py took 0.139 seconds
[2025-02-10T13:34:58.214+0600] {processor.py:186} INFO - Started process (PID=19392) to work on /home/shamim/airflow_git/Airflow_project/air_venv/lib/python3.12/site-packages/airflow/example_dags/example_bash_operator.py
[2025-02-10T13:34:58.221+0600] {processor.py:914} INFO - Processing file /home/shamim/airflow_git/Airflow_project/air_venv/lib/python3.12/site-packages/airflow/example_dags/example_bash_operator.py for tasks to queue
[2025-02-10T13:34:58.222+0600] {logging_mixin.py:190} INFO - [2025-02-10T13:34:58.222+0600] {dagbag.py:588} INFO - Filling up the DagBag from /home/shamim/airflow_git/Airflow_project/air_venv/lib/python3.12/site-packages/airflow/example_dags/example_bash_operator.py
[2025-02-10T13:34:58.241+0600] {processor.py:925} INFO - DAG(s) 'example_bash_operator' retrieved from /home/shamim/airflow_git/Airflow_project/air_venv/lib/python3.12/site-packages/airflow/example_dags/example_bash_operator.py
[2025-02-10T13:34:58.267+0600] {logging_mixin.py:190} INFO - [2025-02-10T13:34:58.267+0600] {dag.py:3239} INFO - Sync 1 DAGs
[2025-02-10T13:34:58.293+0600] {logging_mixin.py:190} INFO - [2025-02-10T13:34:58.293+0600] {dag.py:4180} INFO - Setting next_dagrun for example_bash_operator to 2025-02-09 00:00:00+00:00, run_after=2025-02-10 00:00:00+00:00
[2025-02-10T13:34:58.328+0600] {processor.py:208} INFO - Processing /home/shamim/airflow_git/Airflow_project/air_venv/lib/python3.12/site-packages/airflow/example_dags/example_bash_operator.py took 0.125 seconds
[2025-02-10T13:36:16.087+0600] {processor.py:186} INFO - Started process (PID=19482) to work on /home/shamim/airflow_git/Airflow_project/air_venv/lib/python3.12/site-packages/airflow/example_dags/example_bash_operator.py
[2025-02-10T13:36:16.094+0600] {processor.py:914} INFO - Processing file /home/shamim/airflow_git/Airflow_project/air_venv/lib/python3.12/site-packages/airflow/example_dags/example_bash_operator.py for tasks to queue
[2025-02-10T13:36:16.095+0600] {logging_mixin.py:190} INFO - [2025-02-10T13:36:16.095+0600] {dagbag.py:588} INFO - Filling up the DagBag from /home/shamim/airflow_git/Airflow_project/air_venv/lib/python3.12/site-packages/airflow/example_dags/example_bash_operator.py
[2025-02-10T13:36:16.113+0600] {processor.py:925} INFO - DAG(s) 'example_bash_operator' retrieved from /home/shamim/airflow_git/Airflow_project/air_venv/lib/python3.12/site-packages/airflow/example_dags/example_bash_operator.py
[2025-02-10T13:36:16.300+0600] {logging_mixin.py:190} INFO - [2025-02-10T13:36:16.300+0600] {dag.py:3239} INFO - Sync 1 DAGs
[2025-02-10T13:36:16.322+0600] {logging_mixin.py:190} INFO - [2025-02-10T13:36:16.322+0600] {dag.py:4180} INFO - Setting next_dagrun for example_bash_operator to 2025-02-09 00:00:00+00:00, run_after=2025-02-10 00:00:00+00:00
[2025-02-10T13:36:16.347+0600] {processor.py:208} INFO - Processing /home/shamim/airflow_git/Airflow_project/air_venv/lib/python3.12/site-packages/airflow/example_dags/example_bash_operator.py took 0.271 seconds
[2025-02-10T13:37:40.818+0600] {processor.py:186} INFO - Started process (PID=19612) to work on /home/shamim/airflow_git/Airflow_project/air_venv/lib/python3.12/site-packages/airflow/example_dags/example_bash_operator.py
[2025-02-10T13:37:40.824+0600] {processor.py:914} INFO - Processing file /home/shamim/airflow_git/Airflow_project/air_venv/lib/python3.12/site-packages/airflow/example_dags/example_bash_operator.py for tasks to queue
[2025-02-10T13:37:40.826+0600] {logging_mixin.py:190} INFO - [2025-02-10T13:37:40.825+0600] {dagbag.py:588} INFO - Filling up the DagBag from /home/shamim/airflow_git/Airflow_project/air_venv/lib/python3.12/site-packages/airflow/example_dags/example_bash_operator.py
[2025-02-10T13:37:40.842+0600] {processor.py:925} INFO - DAG(s) 'example_bash_operator' retrieved from /home/shamim/airflow_git/Airflow_project/air_venv/lib/python3.12/site-packages/airflow/example_dags/example_bash_operator.py
[2025-02-10T13:37:40.869+0600] {logging_mixin.py:190} INFO - [2025-02-10T13:37:40.869+0600] {dag.py:3239} INFO - Sync 1 DAGs
[2025-02-10T13:37:40.895+0600] {logging_mixin.py:190} INFO - [2025-02-10T13:37:40.895+0600] {dag.py:4180} INFO - Setting next_dagrun for example_bash_operator to 2025-02-09 00:00:00+00:00, run_after=2025-02-10 00:00:00+00:00
[2025-02-10T13:37:40.930+0600] {processor.py:208} INFO - Processing /home/shamim/airflow_git/Airflow_project/air_venv/lib/python3.12/site-packages/airflow/example_dags/example_bash_operator.py took 0.121 seconds
[2025-02-10T13:38:56.864+0600] {processor.py:186} INFO - Started process (PID=19755) to work on /home/shamim/airflow_git/Airflow_project/air_venv/lib/python3.12/site-packages/airflow/example_dags/example_bash_operator.py
[2025-02-10T13:38:56.870+0600] {processor.py:914} INFO - Processing file /home/shamim/airflow_git/Airflow_project/air_venv/lib/python3.12/site-packages/airflow/example_dags/example_bash_operator.py for tasks to queue
[2025-02-10T13:38:56.872+0600] {logging_mixin.py:190} INFO - [2025-02-10T13:38:56.872+0600] {dagbag.py:588} INFO - Filling up the DagBag from /home/shamim/airflow_git/Airflow_project/air_venv/lib/python3.12/site-packages/airflow/example_dags/example_bash_operator.py
[2025-02-10T13:38:56.890+0600] {processor.py:925} INFO - DAG(s) 'example_bash_operator' retrieved from /home/shamim/airflow_git/Airflow_project/air_venv/lib/python3.12/site-packages/airflow/example_dags/example_bash_operator.py
[2025-02-10T13:38:56.917+0600] {logging_mixin.py:190} INFO - [2025-02-10T13:38:56.916+0600] {dag.py:3239} INFO - Sync 1 DAGs
[2025-02-10T13:38:56.942+0600] {logging_mixin.py:190} INFO - [2025-02-10T13:38:56.941+0600] {dag.py:4180} INFO - Setting next_dagrun for example_bash_operator to 2025-02-09 00:00:00+00:00, run_after=2025-02-10 00:00:00+00:00
[2025-02-10T13:38:56.976+0600] {processor.py:208} INFO - Processing /home/shamim/airflow_git/Airflow_project/air_venv/lib/python3.12/site-packages/airflow/example_dags/example_bash_operator.py took 0.123 seconds
[2025-02-10T13:40:16.983+0600] {processor.py:186} INFO - Started process (PID=19928) to work on /home/shamim/airflow_git/Airflow_project/air_venv/lib/python3.12/site-packages/airflow/example_dags/example_bash_operator.py
[2025-02-10T13:40:17.154+0600] {processor.py:914} INFO - Processing file /home/shamim/airflow_git/Airflow_project/air_venv/lib/python3.12/site-packages/airflow/example_dags/example_bash_operator.py for tasks to queue
[2025-02-10T13:40:17.156+0600] {logging_mixin.py:190} INFO - [2025-02-10T13:40:17.155+0600] {dagbag.py:588} INFO - Filling up the DagBag from /home/shamim/airflow_git/Airflow_project/air_venv/lib/python3.12/site-packages/airflow/example_dags/example_bash_operator.py
[2025-02-10T13:40:17.172+0600] {processor.py:925} INFO - DAG(s) 'example_bash_operator' retrieved from /home/shamim/airflow_git/Airflow_project/air_venv/lib/python3.12/site-packages/airflow/example_dags/example_bash_operator.py
[2025-02-10T13:40:17.199+0600] {logging_mixin.py:190} INFO - [2025-02-10T13:40:17.199+0600] {dag.py:3239} INFO - Sync 1 DAGs
[2025-02-10T13:40:17.226+0600] {logging_mixin.py:190} INFO - [2025-02-10T13:40:17.226+0600] {dag.py:4180} INFO - Setting next_dagrun for example_bash_operator to 2025-02-09 00:00:00+00:00, run_after=2025-02-10 00:00:00+00:00
[2025-02-10T13:40:17.248+0600] {processor.py:208} INFO - Processing /home/shamim/airflow_git/Airflow_project/air_venv/lib/python3.12/site-packages/airflow/example_dags/example_bash_operator.py took 0.273 seconds
[2025-02-10T13:41:44.625+0600] {processor.py:186} INFO - Started process (PID=20043) to work on /home/shamim/airflow_git/Airflow_project/air_venv/lib/python3.12/site-packages/airflow/example_dags/example_bash_operator.py
[2025-02-10T13:41:44.642+0600] {processor.py:914} INFO - Processing file /home/shamim/airflow_git/Airflow_project/air_venv/lib/python3.12/site-packages/airflow/example_dags/example_bash_operator.py for tasks to queue
[2025-02-10T13:41:44.646+0600] {logging_mixin.py:190} INFO - [2025-02-10T13:41:44.644+0600] {dagbag.py:588} INFO - Filling up the DagBag from /home/shamim/airflow_git/Airflow_project/air_venv/lib/python3.12/site-packages/airflow/example_dags/example_bash_operator.py
[2025-02-10T13:41:44.677+0600] {processor.py:925} INFO - DAG(s) 'example_bash_operator' retrieved from /home/shamim/airflow_git/Airflow_project/air_venv/lib/python3.12/site-packages/airflow/example_dags/example_bash_operator.py
[2025-02-10T13:41:44.703+0600] {logging_mixin.py:190} INFO - [2025-02-10T13:41:44.703+0600] {dag.py:3239} INFO - Sync 1 DAGs
[2025-02-10T13:41:44.728+0600] {logging_mixin.py:190} INFO - [2025-02-10T13:41:44.728+0600] {dag.py:4180} INFO - Setting next_dagrun for example_bash_operator to 2025-02-09 00:00:00+00:00, run_after=2025-02-10 00:00:00+00:00
[2025-02-10T13:41:44.750+0600] {processor.py:208} INFO - Processing /home/shamim/airflow_git/Airflow_project/air_venv/lib/python3.12/site-packages/airflow/example_dags/example_bash_operator.py took 0.135 seconds
[2025-02-10T13:43:01.665+0600] {processor.py:186} INFO - Started process (PID=20195) to work on /home/shamim/airflow_git/Airflow_project/air_venv/lib/python3.12/site-packages/airflow/example_dags/example_bash_operator.py
[2025-02-10T13:43:01.671+0600] {processor.py:914} INFO - Processing file /home/shamim/airflow_git/Airflow_project/air_venv/lib/python3.12/site-packages/airflow/example_dags/example_bash_operator.py for tasks to queue
[2025-02-10T13:43:01.673+0600] {logging_mixin.py:190} INFO - [2025-02-10T13:43:01.672+0600] {dagbag.py:588} INFO - Filling up the DagBag from /home/shamim/airflow_git/Airflow_project/air_venv/lib/python3.12/site-packages/airflow/example_dags/example_bash_operator.py
[2025-02-10T13:43:01.691+0600] {processor.py:925} INFO - DAG(s) 'example_bash_operator' retrieved from /home/shamim/airflow_git/Airflow_project/air_venv/lib/python3.12/site-packages/airflow/example_dags/example_bash_operator.py
[2025-02-10T13:43:01.729+0600] {logging_mixin.py:190} INFO - [2025-02-10T13:43:01.729+0600] {dag.py:3239} INFO - Sync 1 DAGs
[2025-02-10T13:43:01.754+0600] {logging_mixin.py:190} INFO - [2025-02-10T13:43:01.754+0600] {dag.py:4180} INFO - Setting next_dagrun for example_bash_operator to 2025-02-09 00:00:00+00:00, run_after=2025-02-10 00:00:00+00:00
[2025-02-10T13:43:01.788+0600] {processor.py:208} INFO - Processing /home/shamim/airflow_git/Airflow_project/air_venv/lib/python3.12/site-packages/airflow/example_dags/example_bash_operator.py took 0.133 seconds
[2025-02-10T13:44:14.037+0600] {processor.py:186} INFO - Started process (PID=20339) to work on /home/shamim/airflow_git/Airflow_project/air_venv/lib/python3.12/site-packages/airflow/example_dags/example_bash_operator.py
[2025-02-10T13:44:14.043+0600] {processor.py:914} INFO - Processing file /home/shamim/airflow_git/Airflow_project/air_venv/lib/python3.12/site-packages/airflow/example_dags/example_bash_operator.py for tasks to queue
[2025-02-10T13:44:14.045+0600] {logging_mixin.py:190} INFO - [2025-02-10T13:44:14.045+0600] {dagbag.py:588} INFO - Filling up the DagBag from /home/shamim/airflow_git/Airflow_project/air_venv/lib/python3.12/site-packages/airflow/example_dags/example_bash_operator.py
[2025-02-10T13:44:14.065+0600] {processor.py:925} INFO - DAG(s) 'example_bash_operator' retrieved from /home/shamim/airflow_git/Airflow_project/air_venv/lib/python3.12/site-packages/airflow/example_dags/example_bash_operator.py
[2025-02-10T13:44:14.092+0600] {logging_mixin.py:190} INFO - [2025-02-10T13:44:14.092+0600] {dag.py:3239} INFO - Sync 1 DAGs
[2025-02-10T13:44:14.118+0600] {logging_mixin.py:190} INFO - [2025-02-10T13:44:14.118+0600] {dag.py:4180} INFO - Setting next_dagrun for example_bash_operator to 2025-02-09 00:00:00+00:00, run_after=2025-02-10 00:00:00+00:00
[2025-02-10T13:44:14.151+0600] {processor.py:208} INFO - Processing /home/shamim/airflow_git/Airflow_project/air_venv/lib/python3.12/site-packages/airflow/example_dags/example_bash_operator.py took 0.126 seconds
[2025-02-10T13:45:29.915+0600] {processor.py:186} INFO - Started process (PID=20460) to work on /home/shamim/airflow_git/Airflow_project/air_venv/lib/python3.12/site-packages/airflow/example_dags/example_bash_operator.py
[2025-02-10T13:45:29.922+0600] {processor.py:914} INFO - Processing file /home/shamim/airflow_git/Airflow_project/air_venv/lib/python3.12/site-packages/airflow/example_dags/example_bash_operator.py for tasks to queue
[2025-02-10T13:45:29.924+0600] {logging_mixin.py:190} INFO - [2025-02-10T13:45:29.923+0600] {dagbag.py:588} INFO - Filling up the DagBag from /home/shamim/airflow_git/Airflow_project/air_venv/lib/python3.12/site-packages/airflow/example_dags/example_bash_operator.py
[2025-02-10T13:45:29.942+0600] {processor.py:925} INFO - DAG(s) 'example_bash_operator' retrieved from /home/shamim/airflow_git/Airflow_project/air_venv/lib/python3.12/site-packages/airflow/example_dags/example_bash_operator.py
[2025-02-10T13:45:29.968+0600] {logging_mixin.py:190} INFO - [2025-02-10T13:45:29.968+0600] {dag.py:3239} INFO - Sync 1 DAGs
[2025-02-10T13:45:29.994+0600] {logging_mixin.py:190} INFO - [2025-02-10T13:45:29.994+0600] {dag.py:4180} INFO - Setting next_dagrun for example_bash_operator to 2025-02-09 00:00:00+00:00, run_after=2025-02-10 00:00:00+00:00
[2025-02-10T13:45:30.028+0600] {processor.py:208} INFO - Processing /home/shamim/airflow_git/Airflow_project/air_venv/lib/python3.12/site-packages/airflow/example_dags/example_bash_operator.py took 0.123 seconds
[2025-02-10T13:46:41.051+0600] {processor.py:186} INFO - Started process (PID=20575) to work on /home/shamim/airflow_git/Airflow_project/air_venv/lib/python3.12/site-packages/airflow/example_dags/example_bash_operator.py
[2025-02-10T13:46:41.058+0600] {processor.py:914} INFO - Processing file /home/shamim/airflow_git/Airflow_project/air_venv/lib/python3.12/site-packages/airflow/example_dags/example_bash_operator.py for tasks to queue
[2025-02-10T13:46:41.059+0600] {logging_mixin.py:190} INFO - [2025-02-10T13:46:41.059+0600] {dagbag.py:588} INFO - Filling up the DagBag from /home/shamim/airflow_git/Airflow_project/air_venv/lib/python3.12/site-packages/airflow/example_dags/example_bash_operator.py
[2025-02-10T13:46:41.075+0600] {processor.py:925} INFO - DAG(s) 'example_bash_operator' retrieved from /home/shamim/airflow_git/Airflow_project/air_venv/lib/python3.12/site-packages/airflow/example_dags/example_bash_operator.py
[2025-02-10T13:46:41.102+0600] {logging_mixin.py:190} INFO - [2025-02-10T13:46:41.102+0600] {dag.py:3239} INFO - Sync 1 DAGs
[2025-02-10T13:46:41.128+0600] {logging_mixin.py:190} INFO - [2025-02-10T13:46:41.128+0600] {dag.py:4180} INFO - Setting next_dagrun for example_bash_operator to 2025-02-09 00:00:00+00:00, run_after=2025-02-10 00:00:00+00:00
[2025-02-10T13:46:41.163+0600] {processor.py:208} INFO - Processing /home/shamim/airflow_git/Airflow_project/air_venv/lib/python3.12/site-packages/airflow/example_dags/example_bash_operator.py took 0.120 seconds
[2025-02-10T13:47:57.665+0600] {processor.py:186} INFO - Started process (PID=20980) to work on /home/shamim/airflow_git/Airflow_project/air_venv/lib/python3.12/site-packages/airflow/example_dags/example_bash_operator.py
[2025-02-10T13:47:57.671+0600] {processor.py:914} INFO - Processing file /home/shamim/airflow_git/Airflow_project/air_venv/lib/python3.12/site-packages/airflow/example_dags/example_bash_operator.py for tasks to queue
[2025-02-10T13:47:57.675+0600] {logging_mixin.py:190} INFO - [2025-02-10T13:47:57.674+0600] {dagbag.py:588} INFO - Filling up the DagBag from /home/shamim/airflow_git/Airflow_project/air_venv/lib/python3.12/site-packages/airflow/example_dags/example_bash_operator.py
[2025-02-10T13:47:57.707+0600] {processor.py:925} INFO - DAG(s) 'example_bash_operator' retrieved from /home/shamim/airflow_git/Airflow_project/air_venv/lib/python3.12/site-packages/airflow/example_dags/example_bash_operator.py
[2025-02-10T13:47:57.737+0600] {logging_mixin.py:190} INFO - [2025-02-10T13:47:57.737+0600] {dag.py:3239} INFO - Sync 1 DAGs
[2025-02-10T13:47:57.764+0600] {logging_mixin.py:190} INFO - [2025-02-10T13:47:57.764+0600] {dag.py:4180} INFO - Setting next_dagrun for example_bash_operator to 2025-02-09 00:00:00+00:00, run_after=2025-02-10 00:00:00+00:00
[2025-02-10T13:47:57.789+0600] {processor.py:208} INFO - Processing /home/shamim/airflow_git/Airflow_project/air_venv/lib/python3.12/site-packages/airflow/example_dags/example_bash_operator.py took 0.139 seconds
[2025-02-10T13:49:11.486+0600] {processor.py:186} INFO - Started process (PID=21138) to work on /home/shamim/airflow_git/Airflow_project/air_venv/lib/python3.12/site-packages/airflow/example_dags/example_bash_operator.py
[2025-02-10T13:49:11.492+0600] {processor.py:914} INFO - Processing file /home/shamim/airflow_git/Airflow_project/air_venv/lib/python3.12/site-packages/airflow/example_dags/example_bash_operator.py for tasks to queue
[2025-02-10T13:49:11.494+0600] {logging_mixin.py:190} INFO - [2025-02-10T13:49:11.494+0600] {dagbag.py:588} INFO - Filling up the DagBag from /home/shamim/airflow_git/Airflow_project/air_venv/lib/python3.12/site-packages/airflow/example_dags/example_bash_operator.py
[2025-02-10T13:49:11.510+0600] {processor.py:925} INFO - DAG(s) 'example_bash_operator' retrieved from /home/shamim/airflow_git/Airflow_project/air_venv/lib/python3.12/site-packages/airflow/example_dags/example_bash_operator.py
[2025-02-10T13:49:11.537+0600] {logging_mixin.py:190} INFO - [2025-02-10T13:49:11.537+0600] {dag.py:3239} INFO - Sync 1 DAGs
[2025-02-10T13:49:11.563+0600] {logging_mixin.py:190} INFO - [2025-02-10T13:49:11.562+0600] {dag.py:4180} INFO - Setting next_dagrun for example_bash_operator to 2025-02-09 00:00:00+00:00, run_after=2025-02-10 00:00:00+00:00
[2025-02-10T13:49:11.585+0600] {processor.py:208} INFO - Processing /home/shamim/airflow_git/Airflow_project/air_venv/lib/python3.12/site-packages/airflow/example_dags/example_bash_operator.py took 0.122 seconds
[2025-02-10T13:50:23.216+0600] {processor.py:186} INFO - Started process (PID=21259) to work on /home/shamim/airflow_git/Airflow_project/air_venv/lib/python3.12/site-packages/airflow/example_dags/example_bash_operator.py
[2025-02-10T13:50:23.218+0600] {processor.py:914} INFO - Processing file /home/shamim/airflow_git/Airflow_project/air_venv/lib/python3.12/site-packages/airflow/example_dags/example_bash_operator.py for tasks to queue
[2025-02-10T13:50:23.220+0600] {logging_mixin.py:190} INFO - [2025-02-10T13:50:23.219+0600] {dagbag.py:588} INFO - Filling up the DagBag from /home/shamim/airflow_git/Airflow_project/air_venv/lib/python3.12/site-packages/airflow/example_dags/example_bash_operator.py
[2025-02-10T13:50:23.241+0600] {processor.py:925} INFO - DAG(s) 'example_bash_operator' retrieved from /home/shamim/airflow_git/Airflow_project/air_venv/lib/python3.12/site-packages/airflow/example_dags/example_bash_operator.py
[2025-02-10T13:50:23.268+0600] {logging_mixin.py:190} INFO - [2025-02-10T13:50:23.267+0600] {dag.py:3239} INFO - Sync 1 DAGs
[2025-02-10T13:50:23.293+0600] {logging_mixin.py:190} INFO - [2025-02-10T13:50:23.293+0600] {dag.py:4180} INFO - Setting next_dagrun for example_bash_operator to 2025-02-09 00:00:00+00:00, run_after=2025-02-10 00:00:00+00:00
[2025-02-10T13:50:23.322+0600] {processor.py:208} INFO - Processing /home/shamim/airflow_git/Airflow_project/air_venv/lib/python3.12/site-packages/airflow/example_dags/example_bash_operator.py took 0.128 seconds
[2025-02-10T13:51:35.665+0600] {processor.py:186} INFO - Started process (PID=21362) to work on /home/shamim/airflow_git/Airflow_project/air_venv/lib/python3.12/site-packages/airflow/example_dags/example_bash_operator.py
[2025-02-10T13:51:35.671+0600] {processor.py:914} INFO - Processing file /home/shamim/airflow_git/Airflow_project/air_venv/lib/python3.12/site-packages/airflow/example_dags/example_bash_operator.py for tasks to queue
[2025-02-10T13:51:35.674+0600] {logging_mixin.py:190} INFO - [2025-02-10T13:51:35.673+0600] {dagbag.py:588} INFO - Filling up the DagBag from /home/shamim/airflow_git/Airflow_project/air_venv/lib/python3.12/site-packages/airflow/example_dags/example_bash_operator.py
[2025-02-10T13:51:35.695+0600] {processor.py:925} INFO - DAG(s) 'example_bash_operator' retrieved from /home/shamim/airflow_git/Airflow_project/air_venv/lib/python3.12/site-packages/airflow/example_dags/example_bash_operator.py
[2025-02-10T13:51:35.729+0600] {logging_mixin.py:190} INFO - [2025-02-10T13:51:35.729+0600] {dag.py:3239} INFO - Sync 1 DAGs
[2025-02-10T13:51:35.761+0600] {logging_mixin.py:190} INFO - [2025-02-10T13:51:35.761+0600] {dag.py:4180} INFO - Setting next_dagrun for example_bash_operator to 2025-02-09 00:00:00+00:00, run_after=2025-02-10 00:00:00+00:00
[2025-02-10T13:51:35.803+0600] {processor.py:208} INFO - Processing /home/shamim/airflow_git/Airflow_project/air_venv/lib/python3.12/site-packages/airflow/example_dags/example_bash_operator.py took 0.149 seconds
[2025-02-10T13:52:57.089+0600] {processor.py:186} INFO - Started process (PID=21562) to work on /home/shamim/airflow_git/Airflow_project/air_venv/lib/python3.12/site-packages/airflow/example_dags/example_bash_operator.py
[2025-02-10T13:52:57.095+0600] {processor.py:914} INFO - Processing file /home/shamim/airflow_git/Airflow_project/air_venv/lib/python3.12/site-packages/airflow/example_dags/example_bash_operator.py for tasks to queue
[2025-02-10T13:52:57.096+0600] {logging_mixin.py:190} INFO - [2025-02-10T13:52:57.096+0600] {dagbag.py:588} INFO - Filling up the DagBag from /home/shamim/airflow_git/Airflow_project/air_venv/lib/python3.12/site-packages/airflow/example_dags/example_bash_operator.py
[2025-02-10T13:52:57.113+0600] {processor.py:925} INFO - DAG(s) 'example_bash_operator' retrieved from /home/shamim/airflow_git/Airflow_project/air_venv/lib/python3.12/site-packages/airflow/example_dags/example_bash_operator.py
[2025-02-10T13:52:57.140+0600] {logging_mixin.py:190} INFO - [2025-02-10T13:52:57.140+0600] {dag.py:3239} INFO - Sync 1 DAGs
[2025-02-10T13:52:57.166+0600] {logging_mixin.py:190} INFO - [2025-02-10T13:52:57.166+0600] {dag.py:4180} INFO - Setting next_dagrun for example_bash_operator to 2025-02-09 00:00:00+00:00, run_after=2025-02-10 00:00:00+00:00
[2025-02-10T13:52:57.200+0600] {processor.py:208} INFO - Processing /home/shamim/airflow_git/Airflow_project/air_venv/lib/python3.12/site-packages/airflow/example_dags/example_bash_operator.py took 0.122 seconds
[2025-02-10T13:54:17.419+0600] {processor.py:186} INFO - Started process (PID=21721) to work on /home/shamim/airflow_git/Airflow_project/air_venv/lib/python3.12/site-packages/airflow/example_dags/example_bash_operator.py
[2025-02-10T13:54:17.425+0600] {processor.py:914} INFO - Processing file /home/shamim/airflow_git/Airflow_project/air_venv/lib/python3.12/site-packages/airflow/example_dags/example_bash_operator.py for tasks to queue
[2025-02-10T13:54:17.427+0600] {logging_mixin.py:190} INFO - [2025-02-10T13:54:17.426+0600] {dagbag.py:588} INFO - Filling up the DagBag from /home/shamim/airflow_git/Airflow_project/air_venv/lib/python3.12/site-packages/airflow/example_dags/example_bash_operator.py
[2025-02-10T13:54:17.454+0600] {processor.py:925} INFO - DAG(s) 'example_bash_operator' retrieved from /home/shamim/airflow_git/Airflow_project/air_venv/lib/python3.12/site-packages/airflow/example_dags/example_bash_operator.py
[2025-02-10T13:54:17.489+0600] {logging_mixin.py:190} INFO - [2025-02-10T13:54:17.489+0600] {dag.py:3239} INFO - Sync 1 DAGs
[2025-02-10T13:54:17.517+0600] {logging_mixin.py:190} INFO - [2025-02-10T13:54:17.517+0600] {dag.py:4180} INFO - Setting next_dagrun for example_bash_operator to 2025-02-09 00:00:00+00:00, run_after=2025-02-10 00:00:00+00:00
[2025-02-10T13:54:17.561+0600] {processor.py:208} INFO - Processing /home/shamim/airflow_git/Airflow_project/air_venv/lib/python3.12/site-packages/airflow/example_dags/example_bash_operator.py took 0.153 seconds
[2025-02-10T13:55:28.913+0600] {processor.py:186} INFO - Started process (PID=21824) to work on /home/shamim/airflow_git/Airflow_project/air_venv/lib/python3.12/site-packages/airflow/example_dags/example_bash_operator.py
[2025-02-10T13:55:28.920+0600] {processor.py:914} INFO - Processing file /home/shamim/airflow_git/Airflow_project/air_venv/lib/python3.12/site-packages/airflow/example_dags/example_bash_operator.py for tasks to queue
[2025-02-10T13:55:28.922+0600] {logging_mixin.py:190} INFO - [2025-02-10T13:55:28.921+0600] {dagbag.py:588} INFO - Filling up the DagBag from /home/shamim/airflow_git/Airflow_project/air_venv/lib/python3.12/site-packages/airflow/example_dags/example_bash_operator.py
[2025-02-10T13:55:28.948+0600] {processor.py:925} INFO - DAG(s) 'example_bash_operator' retrieved from /home/shamim/airflow_git/Airflow_project/air_venv/lib/python3.12/site-packages/airflow/example_dags/example_bash_operator.py
[2025-02-10T13:55:28.977+0600] {logging_mixin.py:190} INFO - [2025-02-10T13:55:28.977+0600] {dag.py:3239} INFO - Sync 1 DAGs
[2025-02-10T13:55:29.005+0600] {logging_mixin.py:190} INFO - [2025-02-10T13:55:29.005+0600] {dag.py:4180} INFO - Setting next_dagrun for example_bash_operator to 2025-02-09 00:00:00+00:00, run_after=2025-02-10 00:00:00+00:00
[2025-02-10T13:55:29.041+0600] {processor.py:208} INFO - Processing /home/shamim/airflow_git/Airflow_project/air_venv/lib/python3.12/site-packages/airflow/example_dags/example_bash_operator.py took 0.157 seconds
[2025-02-10T13:56:49.631+0600] {processor.py:186} INFO - Started process (PID=21963) to work on /home/shamim/airflow_git/Airflow_project/air_venv/lib/python3.12/site-packages/airflow/example_dags/example_bash_operator.py
[2025-02-10T13:56:49.638+0600] {processor.py:914} INFO - Processing file /home/shamim/airflow_git/Airflow_project/air_venv/lib/python3.12/site-packages/airflow/example_dags/example_bash_operator.py for tasks to queue
[2025-02-10T13:56:49.641+0600] {logging_mixin.py:190} INFO - [2025-02-10T13:56:49.640+0600] {dagbag.py:588} INFO - Filling up the DagBag from /home/shamim/airflow_git/Airflow_project/air_venv/lib/python3.12/site-packages/airflow/example_dags/example_bash_operator.py
[2025-02-10T13:56:49.662+0600] {processor.py:925} INFO - DAG(s) 'example_bash_operator' retrieved from /home/shamim/airflow_git/Airflow_project/air_venv/lib/python3.12/site-packages/airflow/example_dags/example_bash_operator.py
[2025-02-10T13:56:49.693+0600] {logging_mixin.py:190} INFO - [2025-02-10T13:56:49.692+0600] {dag.py:3239} INFO - Sync 1 DAGs
[2025-02-10T13:56:49.722+0600] {logging_mixin.py:190} INFO - [2025-02-10T13:56:49.722+0600] {dag.py:4180} INFO - Setting next_dagrun for example_bash_operator to 2025-02-09 00:00:00+00:00, run_after=2025-02-10 00:00:00+00:00
[2025-02-10T13:56:49.760+0600] {processor.py:208} INFO - Processing /home/shamim/airflow_git/Airflow_project/air_venv/lib/python3.12/site-packages/airflow/example_dags/example_bash_operator.py took 0.160 seconds
[2025-02-10T13:58:19.714+0600] {processor.py:186} INFO - Started process (PID=22189) to work on /home/shamim/airflow_git/Airflow_project/air_venv/lib/python3.12/site-packages/airflow/example_dags/example_bash_operator.py
[2025-02-10T13:58:19.715+0600] {processor.py:914} INFO - Processing file /home/shamim/airflow_git/Airflow_project/air_venv/lib/python3.12/site-packages/airflow/example_dags/example_bash_operator.py for tasks to queue
[2025-02-10T13:58:19.717+0600] {logging_mixin.py:190} INFO - [2025-02-10T13:58:19.716+0600] {dagbag.py:588} INFO - Filling up the DagBag from /home/shamim/airflow_git/Airflow_project/air_venv/lib/python3.12/site-packages/airflow/example_dags/example_bash_operator.py
[2025-02-10T13:58:19.736+0600] {processor.py:925} INFO - DAG(s) 'example_bash_operator' retrieved from /home/shamim/airflow_git/Airflow_project/air_venv/lib/python3.12/site-packages/airflow/example_dags/example_bash_operator.py
[2025-02-10T13:58:19.780+0600] {logging_mixin.py:190} INFO - [2025-02-10T13:58:19.780+0600] {dag.py:3239} INFO - Sync 1 DAGs
[2025-02-10T13:58:19.808+0600] {logging_mixin.py:190} INFO - [2025-02-10T13:58:19.807+0600] {dag.py:4180} INFO - Setting next_dagrun for example_bash_operator to 2025-02-09 00:00:00+00:00, run_after=2025-02-10 00:00:00+00:00
[2025-02-10T13:58:19.841+0600] {processor.py:208} INFO - Processing /home/shamim/airflow_git/Airflow_project/air_venv/lib/python3.12/site-packages/airflow/example_dags/example_bash_operator.py took 0.139 seconds
[2025-02-10T13:59:31.380+0600] {processor.py:186} INFO - Started process (PID=22351) to work on /home/shamim/airflow_git/Airflow_project/air_venv/lib/python3.12/site-packages/airflow/example_dags/example_bash_operator.py
[2025-02-10T13:59:31.381+0600] {processor.py:914} INFO - Processing file /home/shamim/airflow_git/Airflow_project/air_venv/lib/python3.12/site-packages/airflow/example_dags/example_bash_operator.py for tasks to queue
[2025-02-10T13:59:31.383+0600] {logging_mixin.py:190} INFO - [2025-02-10T13:59:31.382+0600] {dagbag.py:588} INFO - Filling up the DagBag from /home/shamim/airflow_git/Airflow_project/air_venv/lib/python3.12/site-packages/airflow/example_dags/example_bash_operator.py
[2025-02-10T13:59:31.407+0600] {processor.py:925} INFO - DAG(s) 'example_bash_operator' retrieved from /home/shamim/airflow_git/Airflow_project/air_venv/lib/python3.12/site-packages/airflow/example_dags/example_bash_operator.py
[2025-02-10T13:59:31.448+0600] {logging_mixin.py:190} INFO - [2025-02-10T13:59:31.448+0600] {dag.py:3239} INFO - Sync 1 DAGs
[2025-02-10T13:59:31.485+0600] {logging_mixin.py:190} INFO - [2025-02-10T13:59:31.484+0600] {dag.py:4180} INFO - Setting next_dagrun for example_bash_operator to 2025-02-09 00:00:00+00:00, run_after=2025-02-10 00:00:00+00:00
[2025-02-10T13:59:31.897+0600] {processor.py:208} INFO - Processing /home/shamim/airflow_git/Airflow_project/air_venv/lib/python3.12/site-packages/airflow/example_dags/example_bash_operator.py took 0.530 seconds
[2025-02-10T14:00:39.671+0600] {processor.py:186} INFO - Started process (PID=22621) to work on /home/shamim/airflow_git/Airflow_project/air_venv/lib/python3.12/site-packages/airflow/example_dags/example_bash_operator.py
[2025-02-10T14:00:39.677+0600] {processor.py:914} INFO - Processing file /home/shamim/airflow_git/Airflow_project/air_venv/lib/python3.12/site-packages/airflow/example_dags/example_bash_operator.py for tasks to queue
[2025-02-10T14:00:39.679+0600] {logging_mixin.py:190} INFO - [2025-02-10T14:00:39.678+0600] {dagbag.py:588} INFO - Filling up the DagBag from /home/shamim/airflow_git/Airflow_project/air_venv/lib/python3.12/site-packages/airflow/example_dags/example_bash_operator.py
[2025-02-10T14:00:39.698+0600] {processor.py:925} INFO - DAG(s) 'example_bash_operator' retrieved from /home/shamim/airflow_git/Airflow_project/air_venv/lib/python3.12/site-packages/airflow/example_dags/example_bash_operator.py
[2025-02-10T14:00:39.724+0600] {logging_mixin.py:190} INFO - [2025-02-10T14:00:39.724+0600] {dag.py:3239} INFO - Sync 1 DAGs
[2025-02-10T14:00:39.750+0600] {logging_mixin.py:190} INFO - [2025-02-10T14:00:39.750+0600] {dag.py:4180} INFO - Setting next_dagrun for example_bash_operator to 2025-02-09 00:00:00+00:00, run_after=2025-02-10 00:00:00+00:00
[2025-02-10T14:00:39.774+0600] {processor.py:208} INFO - Processing /home/shamim/airflow_git/Airflow_project/air_venv/lib/python3.12/site-packages/airflow/example_dags/example_bash_operator.py took 0.114 seconds
[2025-02-10T14:02:46.487+0600] {processor.py:186} INFO - Started process (PID=23351) to work on /home/shamim/airflow_git/Airflow_project/air_venv/lib/python3.12/site-packages/airflow/example_dags/example_bash_operator.py
[2025-02-10T14:02:46.490+0600] {processor.py:914} INFO - Processing file /home/shamim/airflow_git/Airflow_project/air_venv/lib/python3.12/site-packages/airflow/example_dags/example_bash_operator.py for tasks to queue
[2025-02-10T14:02:46.493+0600] {logging_mixin.py:190} INFO - [2025-02-10T14:02:46.492+0600] {dagbag.py:588} INFO - Filling up the DagBag from /home/shamim/airflow_git/Airflow_project/air_venv/lib/python3.12/site-packages/airflow/example_dags/example_bash_operator.py
[2025-02-10T14:02:46.515+0600] {processor.py:925} INFO - DAG(s) 'example_bash_operator' retrieved from /home/shamim/airflow_git/Airflow_project/air_venv/lib/python3.12/site-packages/airflow/example_dags/example_bash_operator.py
[2025-02-10T14:02:46.548+0600] {logging_mixin.py:190} INFO - [2025-02-10T14:02:46.547+0600] {dag.py:3239} INFO - Sync 1 DAGs
[2025-02-10T14:02:46.577+0600] {logging_mixin.py:190} INFO - [2025-02-10T14:02:46.576+0600] {dag.py:4180} INFO - Setting next_dagrun for example_bash_operator to 2025-02-09 00:00:00+00:00, run_after=2025-02-10 00:00:00+00:00
[2025-02-10T14:02:46.605+0600] {processor.py:208} INFO - Processing /home/shamim/airflow_git/Airflow_project/air_venv/lib/python3.12/site-packages/airflow/example_dags/example_bash_operator.py took 0.126 seconds
[2025-02-10T14:04:13.524+0600] {processor.py:186} INFO - Started process (PID=23775) to work on /home/shamim/airflow_git/Airflow_project/air_venv/lib/python3.12/site-packages/airflow/example_dags/example_bash_operator.py
[2025-02-10T14:04:13.531+0600] {processor.py:914} INFO - Processing file /home/shamim/airflow_git/Airflow_project/air_venv/lib/python3.12/site-packages/airflow/example_dags/example_bash_operator.py for tasks to queue
[2025-02-10T14:04:13.534+0600] {logging_mixin.py:190} INFO - [2025-02-10T14:04:13.534+0600] {dagbag.py:588} INFO - Filling up the DagBag from /home/shamim/airflow_git/Airflow_project/air_venv/lib/python3.12/site-packages/airflow/example_dags/example_bash_operator.py
[2025-02-10T14:04:13.554+0600] {processor.py:925} INFO - DAG(s) 'example_bash_operator' retrieved from /home/shamim/airflow_git/Airflow_project/air_venv/lib/python3.12/site-packages/airflow/example_dags/example_bash_operator.py
[2025-02-10T14:04:13.580+0600] {logging_mixin.py:190} INFO - [2025-02-10T14:04:13.580+0600] {dag.py:3239} INFO - Sync 1 DAGs
[2025-02-10T14:04:13.605+0600] {logging_mixin.py:190} INFO - [2025-02-10T14:04:13.605+0600] {dag.py:4180} INFO - Setting next_dagrun for example_bash_operator to 2025-02-09 00:00:00+00:00, run_after=2025-02-10 00:00:00+00:00
[2025-02-10T14:04:13.641+0600] {processor.py:208} INFO - Processing /home/shamim/airflow_git/Airflow_project/air_venv/lib/python3.12/site-packages/airflow/example_dags/example_bash_operator.py took 0.126 seconds
[2025-02-10T14:05:38.567+0600] {processor.py:186} INFO - Started process (PID=24397) to work on /home/shamim/airflow_git/Airflow_project/air_venv/lib/python3.12/site-packages/airflow/example_dags/example_bash_operator.py
[2025-02-10T14:05:38.574+0600] {processor.py:914} INFO - Processing file /home/shamim/airflow_git/Airflow_project/air_venv/lib/python3.12/site-packages/airflow/example_dags/example_bash_operator.py for tasks to queue
[2025-02-10T14:05:38.576+0600] {logging_mixin.py:190} INFO - [2025-02-10T14:05:38.576+0600] {dagbag.py:588} INFO - Filling up the DagBag from /home/shamim/airflow_git/Airflow_project/air_venv/lib/python3.12/site-packages/airflow/example_dags/example_bash_operator.py
[2025-02-10T14:05:38.592+0600] {processor.py:925} INFO - DAG(s) 'example_bash_operator' retrieved from /home/shamim/airflow_git/Airflow_project/air_venv/lib/python3.12/site-packages/airflow/example_dags/example_bash_operator.py
[2025-02-10T14:05:38.618+0600] {logging_mixin.py:190} INFO - [2025-02-10T14:05:38.618+0600] {dag.py:3239} INFO - Sync 1 DAGs
[2025-02-10T14:05:38.643+0600] {logging_mixin.py:190} INFO - [2025-02-10T14:05:38.643+0600] {dag.py:4180} INFO - Setting next_dagrun for example_bash_operator to 2025-02-09 00:00:00+00:00, run_after=2025-02-10 00:00:00+00:00
[2025-02-10T14:05:38.678+0600] {processor.py:208} INFO - Processing /home/shamim/airflow_git/Airflow_project/air_venv/lib/python3.12/site-packages/airflow/example_dags/example_bash_operator.py took 0.117 seconds
