[2025-02-10T12:59:32.542+0600] {processor.py:186} INFO - Started process (PID=12929) to work on /home/shamim/airflow_git/Airflow_project/air_venv/lib/python3.12/site-packages/airflow/example_dags/example_sensor_decorator.py
[2025-02-10T12:59:32.544+0600] {processor.py:914} INFO - Processing file /home/shamim/airflow_git/Airflow_project/air_venv/lib/python3.12/site-packages/airflow/example_dags/example_sensor_decorator.py for tasks to queue
[2025-02-10T12:59:32.547+0600] {logging_mixin.py:190} INFO - [2025-02-10T12:59:32.546+0600] {dagbag.py:588} INFO - Filling up the DagBag from /home/shamim/airflow_git/Airflow_project/air_venv/lib/python3.12/site-packages/airflow/example_dags/example_sensor_decorator.py
[2025-02-10T12:59:32.559+0600] {processor.py:925} INFO - DAG(s) 'example_sensor_decorator' retrieved from /home/shamim/airflow_git/Airflow_project/air_venv/lib/python3.12/site-packages/airflow/example_dags/example_sensor_decorator.py
[2025-02-10T12:59:32.699+0600] {logging_mixin.py:190} INFO - [2025-02-10T12:59:32.698+0600] {override.py:1930} INFO - Created Permission View: can delete on DAG:example_sensor_decorator
[2025-02-10T12:59:32.711+0600] {logging_mixin.py:190} INFO - [2025-02-10T12:59:32.710+0600] {override.py:1930} INFO - Created Permission View: can edit on DAG:example_sensor_decorator
[2025-02-10T12:59:32.718+0600] {logging_mixin.py:190} INFO - [2025-02-10T12:59:32.717+0600] {override.py:1930} INFO - Created Permission View: can read on DAG:example_sensor_decorator
[2025-02-10T12:59:32.728+0600] {logging_mixin.py:190} INFO - [2025-02-10T12:59:32.728+0600] {override.py:1930} INFO - Created Permission View: can delete on DAG Run:example_sensor_decorator
[2025-02-10T12:59:32.736+0600] {logging_mixin.py:190} INFO - [2025-02-10T12:59:32.735+0600] {override.py:1930} INFO - Created Permission View: can read on DAG Run:example_sensor_decorator
[2025-02-10T12:59:32.743+0600] {logging_mixin.py:190} INFO - [2025-02-10T12:59:32.743+0600] {override.py:1930} INFO - Created Permission View: can create on DAG Run:example_sensor_decorator
[2025-02-10T12:59:32.751+0600] {logging_mixin.py:190} INFO - [2025-02-10T12:59:32.751+0600] {override.py:1930} INFO - Created Permission View: menu access on DAG Run:example_sensor_decorator
[2025-02-10T12:59:32.751+0600] {logging_mixin.py:190} INFO - [2025-02-10T12:59:32.751+0600] {dag.py:3239} INFO - Sync 1 DAGs
[2025-02-10T12:59:32.766+0600] {logging_mixin.py:190} INFO - [2025-02-10T12:59:32.765+0600] {dag.py:3262} INFO - Creating ORM DAG for example_sensor_decorator
[2025-02-10T12:59:32.767+0600] {logging_mixin.py:190} INFO - [2025-02-10T12:59:32.767+0600] {dag.py:4180} INFO - Setting next_dagrun for example_sensor_decorator to None, run_after=None
[2025-02-10T12:59:32.791+0600] {processor.py:208} INFO - Processing /home/shamim/airflow_git/Airflow_project/air_venv/lib/python3.12/site-packages/airflow/example_dags/example_sensor_decorator.py took 0.262 seconds
[2025-02-10T13:00:50.046+0600] {processor.py:186} INFO - Started process (PID=13519) to work on /home/shamim/airflow_git/Airflow_project/air_venv/lib/python3.12/site-packages/airflow/example_dags/example_sensor_decorator.py
[2025-02-10T13:00:50.050+0600] {processor.py:914} INFO - Processing file /home/shamim/airflow_git/Airflow_project/air_venv/lib/python3.12/site-packages/airflow/example_dags/example_sensor_decorator.py for tasks to queue
[2025-02-10T13:00:50.053+0600] {logging_mixin.py:190} INFO - [2025-02-10T13:00:50.052+0600] {dagbag.py:588} INFO - Filling up the DagBag from /home/shamim/airflow_git/Airflow_project/air_venv/lib/python3.12/site-packages/airflow/example_dags/example_sensor_decorator.py
[2025-02-10T13:00:50.062+0600] {processor.py:925} INFO - DAG(s) 'example_sensor_decorator' retrieved from /home/shamim/airflow_git/Airflow_project/air_venv/lib/python3.12/site-packages/airflow/example_dags/example_sensor_decorator.py
[2025-02-10T13:00:50.079+0600] {logging_mixin.py:190} INFO - [2025-02-10T13:00:50.079+0600] {dag.py:3239} INFO - Sync 1 DAGs
[2025-02-10T13:00:50.094+0600] {logging_mixin.py:190} INFO - [2025-02-10T13:00:50.094+0600] {dag.py:4180} INFO - Setting next_dagrun for example_sensor_decorator to None, run_after=None
[2025-02-10T13:00:50.121+0600] {processor.py:208} INFO - Processing /home/shamim/airflow_git/Airflow_project/air_venv/lib/python3.12/site-packages/airflow/example_dags/example_sensor_decorator.py took 0.082 seconds
[2025-02-10T13:02:01.527+0600] {processor.py:186} INFO - Started process (PID=13641) to work on /home/shamim/airflow_git/Airflow_project/air_venv/lib/python3.12/site-packages/airflow/example_dags/example_sensor_decorator.py
[2025-02-10T13:02:01.528+0600] {processor.py:914} INFO - Processing file /home/shamim/airflow_git/Airflow_project/air_venv/lib/python3.12/site-packages/airflow/example_dags/example_sensor_decorator.py for tasks to queue
[2025-02-10T13:02:01.531+0600] {logging_mixin.py:190} INFO - [2025-02-10T13:02:01.530+0600] {dagbag.py:588} INFO - Filling up the DagBag from /home/shamim/airflow_git/Airflow_project/air_venv/lib/python3.12/site-packages/airflow/example_dags/example_sensor_decorator.py
[2025-02-10T13:02:01.541+0600] {processor.py:925} INFO - DAG(s) 'example_sensor_decorator' retrieved from /home/shamim/airflow_git/Airflow_project/air_venv/lib/python3.12/site-packages/airflow/example_dags/example_sensor_decorator.py
[2025-02-10T13:02:01.558+0600] {logging_mixin.py:190} INFO - [2025-02-10T13:02:01.557+0600] {dag.py:3239} INFO - Sync 1 DAGs
[2025-02-10T13:02:01.573+0600] {logging_mixin.py:190} INFO - [2025-02-10T13:02:01.573+0600] {dag.py:4180} INFO - Setting next_dagrun for example_sensor_decorator to None, run_after=None
[2025-02-10T13:02:01.608+0600] {processor.py:208} INFO - Processing /home/shamim/airflow_git/Airflow_project/air_venv/lib/python3.12/site-packages/airflow/example_dags/example_sensor_decorator.py took 0.088 seconds
[2025-02-10T13:03:08.645+0600] {processor.py:186} INFO - Started process (PID=13828) to work on /home/shamim/airflow_git/Airflow_project/air_venv/lib/python3.12/site-packages/airflow/example_dags/example_sensor_decorator.py
[2025-02-10T13:03:08.647+0600] {processor.py:914} INFO - Processing file /home/shamim/airflow_git/Airflow_project/air_venv/lib/python3.12/site-packages/airflow/example_dags/example_sensor_decorator.py for tasks to queue
[2025-02-10T13:03:08.650+0600] {logging_mixin.py:190} INFO - [2025-02-10T13:03:08.650+0600] {dagbag.py:588} INFO - Filling up the DagBag from /home/shamim/airflow_git/Airflow_project/air_venv/lib/python3.12/site-packages/airflow/example_dags/example_sensor_decorator.py
[2025-02-10T13:03:08.664+0600] {processor.py:925} INFO - DAG(s) 'example_sensor_decorator' retrieved from /home/shamim/airflow_git/Airflow_project/air_venv/lib/python3.12/site-packages/airflow/example_dags/example_sensor_decorator.py
[2025-02-10T13:03:08.683+0600] {logging_mixin.py:190} INFO - [2025-02-10T13:03:08.682+0600] {dag.py:3239} INFO - Sync 1 DAGs
[2025-02-10T13:03:08.704+0600] {logging_mixin.py:190} INFO - [2025-02-10T13:03:08.704+0600] {dag.py:4180} INFO - Setting next_dagrun for example_sensor_decorator to None, run_after=None
[2025-02-10T13:03:08.737+0600] {processor.py:208} INFO - Processing /home/shamim/airflow_git/Airflow_project/air_venv/lib/python3.12/site-packages/airflow/example_dags/example_sensor_decorator.py took 0.100 seconds
[2025-02-10T13:04:15.998+0600] {processor.py:186} INFO - Started process (PID=13988) to work on /home/shamim/airflow_git/Airflow_project/air_venv/lib/python3.12/site-packages/airflow/example_dags/example_sensor_decorator.py
[2025-02-10T13:04:16.003+0600] {processor.py:914} INFO - Processing file /home/shamim/airflow_git/Airflow_project/air_venv/lib/python3.12/site-packages/airflow/example_dags/example_sensor_decorator.py for tasks to queue
[2025-02-10T13:04:16.007+0600] {logging_mixin.py:190} INFO - [2025-02-10T13:04:16.006+0600] {dagbag.py:588} INFO - Filling up the DagBag from /home/shamim/airflow_git/Airflow_project/air_venv/lib/python3.12/site-packages/airflow/example_dags/example_sensor_decorator.py
[2025-02-10T13:04:16.019+0600] {processor.py:925} INFO - DAG(s) 'example_sensor_decorator' retrieved from /home/shamim/airflow_git/Airflow_project/air_venv/lib/python3.12/site-packages/airflow/example_dags/example_sensor_decorator.py
[2025-02-10T13:04:16.036+0600] {logging_mixin.py:190} INFO - [2025-02-10T13:04:16.036+0600] {dag.py:3239} INFO - Sync 1 DAGs
[2025-02-10T13:04:16.051+0600] {logging_mixin.py:190} INFO - [2025-02-10T13:04:16.050+0600] {dag.py:4180} INFO - Setting next_dagrun for example_sensor_decorator to None, run_after=None
[2025-02-10T13:04:16.078+0600] {processor.py:208} INFO - Processing /home/shamim/airflow_git/Airflow_project/air_venv/lib/python3.12/site-packages/airflow/example_dags/example_sensor_decorator.py took 0.089 seconds
[2025-02-10T13:05:22.803+0600] {processor.py:186} INFO - Started process (PID=14084) to work on /home/shamim/airflow_git/Airflow_project/air_venv/lib/python3.12/site-packages/airflow/example_dags/example_sensor_decorator.py
[2025-02-10T13:05:22.810+0600] {processor.py:914} INFO - Processing file /home/shamim/airflow_git/Airflow_project/air_venv/lib/python3.12/site-packages/airflow/example_dags/example_sensor_decorator.py for tasks to queue
[2025-02-10T13:05:22.814+0600] {logging_mixin.py:190} INFO - [2025-02-10T13:05:22.813+0600] {dagbag.py:588} INFO - Filling up the DagBag from /home/shamim/airflow_git/Airflow_project/air_venv/lib/python3.12/site-packages/airflow/example_dags/example_sensor_decorator.py
[2025-02-10T13:05:22.827+0600] {processor.py:925} INFO - DAG(s) 'example_sensor_decorator' retrieved from /home/shamim/airflow_git/Airflow_project/air_venv/lib/python3.12/site-packages/airflow/example_dags/example_sensor_decorator.py
[2025-02-10T13:05:22.845+0600] {logging_mixin.py:190} INFO - [2025-02-10T13:05:22.845+0600] {dag.py:3239} INFO - Sync 1 DAGs
[2025-02-10T13:05:22.860+0600] {logging_mixin.py:190} INFO - [2025-02-10T13:05:22.860+0600] {dag.py:4180} INFO - Setting next_dagrun for example_sensor_decorator to None, run_after=None
[2025-02-10T13:05:22.885+0600] {processor.py:208} INFO - Processing /home/shamim/airflow_git/Airflow_project/air_venv/lib/python3.12/site-packages/airflow/example_dags/example_sensor_decorator.py took 0.091 seconds
[2025-02-10T13:06:31.415+0600] {processor.py:186} INFO - Started process (PID=14220) to work on /home/shamim/airflow_git/Airflow_project/air_venv/lib/python3.12/site-packages/airflow/example_dags/example_sensor_decorator.py
[2025-02-10T13:06:31.421+0600] {processor.py:914} INFO - Processing file /home/shamim/airflow_git/Airflow_project/air_venv/lib/python3.12/site-packages/airflow/example_dags/example_sensor_decorator.py for tasks to queue
[2025-02-10T13:06:31.425+0600] {logging_mixin.py:190} INFO - [2025-02-10T13:06:31.424+0600] {dagbag.py:588} INFO - Filling up the DagBag from /home/shamim/airflow_git/Airflow_project/air_venv/lib/python3.12/site-packages/airflow/example_dags/example_sensor_decorator.py
[2025-02-10T13:06:31.438+0600] {processor.py:925} INFO - DAG(s) 'example_sensor_decorator' retrieved from /home/shamim/airflow_git/Airflow_project/air_venv/lib/python3.12/site-packages/airflow/example_dags/example_sensor_decorator.py
[2025-02-10T13:06:31.455+0600] {logging_mixin.py:190} INFO - [2025-02-10T13:06:31.455+0600] {dag.py:3239} INFO - Sync 1 DAGs
[2025-02-10T13:06:31.469+0600] {logging_mixin.py:190} INFO - [2025-02-10T13:06:31.469+0600] {dag.py:4180} INFO - Setting next_dagrun for example_sensor_decorator to None, run_after=None
[2025-02-10T13:06:31.492+0600] {processor.py:208} INFO - Processing /home/shamim/airflow_git/Airflow_project/air_venv/lib/python3.12/site-packages/airflow/example_dags/example_sensor_decorator.py took 0.087 seconds
[2025-02-10T13:07:45.625+0600] {processor.py:186} INFO - Started process (PID=14448) to work on /home/shamim/airflow_git/Airflow_project/air_venv/lib/python3.12/site-packages/airflow/example_dags/example_sensor_decorator.py
[2025-02-10T13:07:45.628+0600] {processor.py:914} INFO - Processing file /home/shamim/airflow_git/Airflow_project/air_venv/lib/python3.12/site-packages/airflow/example_dags/example_sensor_decorator.py for tasks to queue
[2025-02-10T13:07:45.631+0600] {logging_mixin.py:190} INFO - [2025-02-10T13:07:45.631+0600] {dagbag.py:588} INFO - Filling up the DagBag from /home/shamim/airflow_git/Airflow_project/air_venv/lib/python3.12/site-packages/airflow/example_dags/example_sensor_decorator.py
[2025-02-10T13:07:45.644+0600] {processor.py:925} INFO - DAG(s) 'example_sensor_decorator' retrieved from /home/shamim/airflow_git/Airflow_project/air_venv/lib/python3.12/site-packages/airflow/example_dags/example_sensor_decorator.py
[2025-02-10T13:07:45.668+0600] {logging_mixin.py:190} INFO - [2025-02-10T13:07:45.668+0600] {dag.py:3239} INFO - Sync 1 DAGs
[2025-02-10T13:07:45.691+0600] {logging_mixin.py:190} INFO - [2025-02-10T13:07:45.691+0600] {dag.py:4180} INFO - Setting next_dagrun for example_sensor_decorator to None, run_after=None
[2025-02-10T13:07:45.726+0600] {processor.py:208} INFO - Processing /home/shamim/airflow_git/Airflow_project/air_venv/lib/python3.12/site-packages/airflow/example_dags/example_sensor_decorator.py took 0.111 seconds
[2025-02-10T13:08:57.640+0600] {processor.py:186} INFO - Started process (PID=14609) to work on /home/shamim/airflow_git/Airflow_project/air_venv/lib/python3.12/site-packages/airflow/example_dags/example_sensor_decorator.py
[2025-02-10T13:08:57.643+0600] {processor.py:914} INFO - Processing file /home/shamim/airflow_git/Airflow_project/air_venv/lib/python3.12/site-packages/airflow/example_dags/example_sensor_decorator.py for tasks to queue
[2025-02-10T13:08:57.646+0600] {logging_mixin.py:190} INFO - [2025-02-10T13:08:57.646+0600] {dagbag.py:588} INFO - Filling up the DagBag from /home/shamim/airflow_git/Airflow_project/air_venv/lib/python3.12/site-packages/airflow/example_dags/example_sensor_decorator.py
[2025-02-10T13:08:57.656+0600] {processor.py:925} INFO - DAG(s) 'example_sensor_decorator' retrieved from /home/shamim/airflow_git/Airflow_project/air_venv/lib/python3.12/site-packages/airflow/example_dags/example_sensor_decorator.py
[2025-02-10T13:08:57.672+0600] {logging_mixin.py:190} INFO - [2025-02-10T13:08:57.672+0600] {dag.py:3239} INFO - Sync 1 DAGs
[2025-02-10T13:08:57.688+0600] {logging_mixin.py:190} INFO - [2025-02-10T13:08:57.687+0600] {dag.py:4180} INFO - Setting next_dagrun for example_sensor_decorator to None, run_after=None
[2025-02-10T13:08:57.710+0600] {processor.py:208} INFO - Processing /home/shamim/airflow_git/Airflow_project/air_venv/lib/python3.12/site-packages/airflow/example_dags/example_sensor_decorator.py took 0.077 seconds
[2025-02-10T13:10:03.049+0600] {processor.py:186} INFO - Started process (PID=14816) to work on /home/shamim/airflow_git/Airflow_project/air_venv/lib/python3.12/site-packages/airflow/example_dags/example_sensor_decorator.py
[2025-02-10T13:10:03.055+0600] {processor.py:914} INFO - Processing file /home/shamim/airflow_git/Airflow_project/air_venv/lib/python3.12/site-packages/airflow/example_dags/example_sensor_decorator.py for tasks to queue
[2025-02-10T13:10:03.058+0600] {logging_mixin.py:190} INFO - [2025-02-10T13:10:03.058+0600] {dagbag.py:588} INFO - Filling up the DagBag from /home/shamim/airflow_git/Airflow_project/air_venv/lib/python3.12/site-packages/airflow/example_dags/example_sensor_decorator.py
[2025-02-10T13:10:03.069+0600] {processor.py:925} INFO - DAG(s) 'example_sensor_decorator' retrieved from /home/shamim/airflow_git/Airflow_project/air_venv/lib/python3.12/site-packages/airflow/example_dags/example_sensor_decorator.py
[2025-02-10T13:10:03.087+0600] {logging_mixin.py:190} INFO - [2025-02-10T13:10:03.087+0600] {dag.py:3239} INFO - Sync 1 DAGs
[2025-02-10T13:10:03.101+0600] {logging_mixin.py:190} INFO - [2025-02-10T13:10:03.101+0600] {dag.py:4180} INFO - Setting next_dagrun for example_sensor_decorator to None, run_after=None
[2025-02-10T13:10:03.132+0600] {processor.py:208} INFO - Processing /home/shamim/airflow_git/Airflow_project/air_venv/lib/python3.12/site-packages/airflow/example_dags/example_sensor_decorator.py took 0.093 seconds
[2025-02-10T13:11:17.590+0600] {processor.py:186} INFO - Started process (PID=14910) to work on /home/shamim/airflow_git/Airflow_project/air_venv/lib/python3.12/site-packages/airflow/example_dags/example_sensor_decorator.py
[2025-02-10T13:11:17.596+0600] {processor.py:914} INFO - Processing file /home/shamim/airflow_git/Airflow_project/air_venv/lib/python3.12/site-packages/airflow/example_dags/example_sensor_decorator.py for tasks to queue
[2025-02-10T13:11:17.600+0600] {logging_mixin.py:190} INFO - [2025-02-10T13:11:17.599+0600] {dagbag.py:588} INFO - Filling up the DagBag from /home/shamim/airflow_git/Airflow_project/air_venv/lib/python3.12/site-packages/airflow/example_dags/example_sensor_decorator.py
[2025-02-10T13:11:17.611+0600] {processor.py:925} INFO - DAG(s) 'example_sensor_decorator' retrieved from /home/shamim/airflow_git/Airflow_project/air_venv/lib/python3.12/site-packages/airflow/example_dags/example_sensor_decorator.py
[2025-02-10T13:11:17.631+0600] {logging_mixin.py:190} INFO - [2025-02-10T13:11:17.631+0600] {dag.py:3239} INFO - Sync 1 DAGs
[2025-02-10T13:11:17.649+0600] {logging_mixin.py:190} INFO - [2025-02-10T13:11:17.648+0600] {dag.py:4180} INFO - Setting next_dagrun for example_sensor_decorator to None, run_after=None
[2025-02-10T13:11:17.682+0600] {processor.py:208} INFO - Processing /home/shamim/airflow_git/Airflow_project/air_venv/lib/python3.12/site-packages/airflow/example_dags/example_sensor_decorator.py took 0.103 seconds
[2025-02-10T13:12:34.246+0600] {processor.py:186} INFO - Started process (PID=15003) to work on /home/shamim/airflow_git/Airflow_project/air_venv/lib/python3.12/site-packages/airflow/example_dags/example_sensor_decorator.py
[2025-02-10T13:12:34.253+0600] {processor.py:914} INFO - Processing file /home/shamim/airflow_git/Airflow_project/air_venv/lib/python3.12/site-packages/airflow/example_dags/example_sensor_decorator.py for tasks to queue
[2025-02-10T13:12:34.255+0600] {logging_mixin.py:190} INFO - [2025-02-10T13:12:34.255+0600] {dagbag.py:588} INFO - Filling up the DagBag from /home/shamim/airflow_git/Airflow_project/air_venv/lib/python3.12/site-packages/airflow/example_dags/example_sensor_decorator.py
[2025-02-10T13:12:34.265+0600] {processor.py:925} INFO - DAG(s) 'example_sensor_decorator' retrieved from /home/shamim/airflow_git/Airflow_project/air_venv/lib/python3.12/site-packages/airflow/example_dags/example_sensor_decorator.py
[2025-02-10T13:12:34.281+0600] {logging_mixin.py:190} INFO - [2025-02-10T13:12:34.281+0600] {dag.py:3239} INFO - Sync 1 DAGs
[2025-02-10T13:12:34.295+0600] {logging_mixin.py:190} INFO - [2025-02-10T13:12:34.295+0600] {dag.py:4180} INFO - Setting next_dagrun for example_sensor_decorator to None, run_after=None
[2025-02-10T13:12:34.320+0600] {processor.py:208} INFO - Processing /home/shamim/airflow_git/Airflow_project/air_venv/lib/python3.12/site-packages/airflow/example_dags/example_sensor_decorator.py took 0.084 seconds
[2025-02-10T13:13:50.677+0600] {processor.py:186} INFO - Started process (PID=15133) to work on /home/shamim/airflow_git/Airflow_project/air_venv/lib/python3.12/site-packages/airflow/example_dags/example_sensor_decorator.py
[2025-02-10T13:13:50.684+0600] {processor.py:914} INFO - Processing file /home/shamim/airflow_git/Airflow_project/air_venv/lib/python3.12/site-packages/airflow/example_dags/example_sensor_decorator.py for tasks to queue
[2025-02-10T13:13:50.688+0600] {logging_mixin.py:190} INFO - [2025-02-10T13:13:50.687+0600] {dagbag.py:588} INFO - Filling up the DagBag from /home/shamim/airflow_git/Airflow_project/air_venv/lib/python3.12/site-packages/airflow/example_dags/example_sensor_decorator.py
[2025-02-10T13:13:50.700+0600] {processor.py:925} INFO - DAG(s) 'example_sensor_decorator' retrieved from /home/shamim/airflow_git/Airflow_project/air_venv/lib/python3.12/site-packages/airflow/example_dags/example_sensor_decorator.py
[2025-02-10T13:13:50.718+0600] {logging_mixin.py:190} INFO - [2025-02-10T13:13:50.717+0600] {dag.py:3239} INFO - Sync 1 DAGs
[2025-02-10T13:13:50.733+0600] {logging_mixin.py:190} INFO - [2025-02-10T13:13:50.733+0600] {dag.py:4180} INFO - Setting next_dagrun for example_sensor_decorator to None, run_after=None
[2025-02-10T13:13:50.758+0600] {processor.py:208} INFO - Processing /home/shamim/airflow_git/Airflow_project/air_venv/lib/python3.12/site-packages/airflow/example_dags/example_sensor_decorator.py took 0.092 seconds
[2025-02-10T13:14:59.748+0600] {processor.py:186} INFO - Started process (PID=15245) to work on /home/shamim/airflow_git/Airflow_project/air_venv/lib/python3.12/site-packages/airflow/example_dags/example_sensor_decorator.py
[2025-02-10T13:14:59.755+0600] {processor.py:914} INFO - Processing file /home/shamim/airflow_git/Airflow_project/air_venv/lib/python3.12/site-packages/airflow/example_dags/example_sensor_decorator.py for tasks to queue
[2025-02-10T13:14:59.759+0600] {logging_mixin.py:190} INFO - [2025-02-10T13:14:59.759+0600] {dagbag.py:588} INFO - Filling up the DagBag from /home/shamim/airflow_git/Airflow_project/air_venv/lib/python3.12/site-packages/airflow/example_dags/example_sensor_decorator.py
[2025-02-10T13:14:59.773+0600] {processor.py:925} INFO - DAG(s) 'example_sensor_decorator' retrieved from /home/shamim/airflow_git/Airflow_project/air_venv/lib/python3.12/site-packages/airflow/example_dags/example_sensor_decorator.py
[2025-02-10T13:14:59.790+0600] {logging_mixin.py:190} INFO - [2025-02-10T13:14:59.790+0600] {dag.py:3239} INFO - Sync 1 DAGs
[2025-02-10T13:14:59.805+0600] {logging_mixin.py:190} INFO - [2025-02-10T13:14:59.805+0600] {dag.py:4180} INFO - Setting next_dagrun for example_sensor_decorator to None, run_after=None
[2025-02-10T13:14:59.832+0600] {processor.py:208} INFO - Processing /home/shamim/airflow_git/Airflow_project/air_venv/lib/python3.12/site-packages/airflow/example_dags/example_sensor_decorator.py took 0.098 seconds
[2025-02-10T13:16:07.060+0600] {processor.py:186} INFO - Started process (PID=15343) to work on /home/shamim/airflow_git/Airflow_project/air_venv/lib/python3.12/site-packages/airflow/example_dags/example_sensor_decorator.py
[2025-02-10T13:16:07.066+0600] {processor.py:914} INFO - Processing file /home/shamim/airflow_git/Airflow_project/air_venv/lib/python3.12/site-packages/airflow/example_dags/example_sensor_decorator.py for tasks to queue
[2025-02-10T13:16:07.070+0600] {logging_mixin.py:190} INFO - [2025-02-10T13:16:07.069+0600] {dagbag.py:588} INFO - Filling up the DagBag from /home/shamim/airflow_git/Airflow_project/air_venv/lib/python3.12/site-packages/airflow/example_dags/example_sensor_decorator.py
[2025-02-10T13:16:07.081+0600] {processor.py:925} INFO - DAG(s) 'example_sensor_decorator' retrieved from /home/shamim/airflow_git/Airflow_project/air_venv/lib/python3.12/site-packages/airflow/example_dags/example_sensor_decorator.py
[2025-02-10T13:16:07.098+0600] {logging_mixin.py:190} INFO - [2025-02-10T13:16:07.098+0600] {dag.py:3239} INFO - Sync 1 DAGs
[2025-02-10T13:16:07.114+0600] {logging_mixin.py:190} INFO - [2025-02-10T13:16:07.113+0600] {dag.py:4180} INFO - Setting next_dagrun for example_sensor_decorator to None, run_after=None
[2025-02-10T13:16:07.141+0600] {processor.py:208} INFO - Processing /home/shamim/airflow_git/Airflow_project/air_venv/lib/python3.12/site-packages/airflow/example_dags/example_sensor_decorator.py took 0.106 seconds
[2025-02-10T13:17:16.775+0600] {processor.py:186} INFO - Started process (PID=15434) to work on /home/shamim/airflow_git/Airflow_project/air_venv/lib/python3.12/site-packages/airflow/example_dags/example_sensor_decorator.py
[2025-02-10T13:17:16.777+0600] {processor.py:914} INFO - Processing file /home/shamim/airflow_git/Airflow_project/air_venv/lib/python3.12/site-packages/airflow/example_dags/example_sensor_decorator.py for tasks to queue
[2025-02-10T13:17:16.781+0600] {logging_mixin.py:190} INFO - [2025-02-10T13:17:16.780+0600] {dagbag.py:588} INFO - Filling up the DagBag from /home/shamim/airflow_git/Airflow_project/air_venv/lib/python3.12/site-packages/airflow/example_dags/example_sensor_decorator.py
[2025-02-10T13:17:16.793+0600] {processor.py:925} INFO - DAG(s) 'example_sensor_decorator' retrieved from /home/shamim/airflow_git/Airflow_project/air_venv/lib/python3.12/site-packages/airflow/example_dags/example_sensor_decorator.py
[2025-02-10T13:17:16.810+0600] {logging_mixin.py:190} INFO - [2025-02-10T13:17:16.809+0600] {dag.py:3239} INFO - Sync 1 DAGs
[2025-02-10T13:17:16.825+0600] {logging_mixin.py:190} INFO - [2025-02-10T13:17:16.825+0600] {dag.py:4180} INFO - Setting next_dagrun for example_sensor_decorator to None, run_after=None
[2025-02-10T13:17:16.847+0600] {processor.py:208} INFO - Processing /home/shamim/airflow_git/Airflow_project/air_venv/lib/python3.12/site-packages/airflow/example_dags/example_sensor_decorator.py took 0.087 seconds
[2025-02-10T13:18:31.536+0600] {processor.py:186} INFO - Started process (PID=15666) to work on /home/shamim/airflow_git/Airflow_project/air_venv/lib/python3.12/site-packages/airflow/example_dags/example_sensor_decorator.py
[2025-02-10T13:18:31.542+0600] {processor.py:914} INFO - Processing file /home/shamim/airflow_git/Airflow_project/air_venv/lib/python3.12/site-packages/airflow/example_dags/example_sensor_decorator.py for tasks to queue
[2025-02-10T13:18:31.545+0600] {logging_mixin.py:190} INFO - [2025-02-10T13:18:31.545+0600] {dagbag.py:588} INFO - Filling up the DagBag from /home/shamim/airflow_git/Airflow_project/air_venv/lib/python3.12/site-packages/airflow/example_dags/example_sensor_decorator.py
[2025-02-10T13:18:31.556+0600] {processor.py:925} INFO - DAG(s) 'example_sensor_decorator' retrieved from /home/shamim/airflow_git/Airflow_project/air_venv/lib/python3.12/site-packages/airflow/example_dags/example_sensor_decorator.py
[2025-02-10T13:18:31.573+0600] {logging_mixin.py:190} INFO - [2025-02-10T13:18:31.573+0600] {dag.py:3239} INFO - Sync 1 DAGs
[2025-02-10T13:18:31.589+0600] {logging_mixin.py:190} INFO - [2025-02-10T13:18:31.589+0600] {dag.py:4180} INFO - Setting next_dagrun for example_sensor_decorator to None, run_after=None
[2025-02-10T13:18:31.616+0600] {processor.py:208} INFO - Processing /home/shamim/airflow_git/Airflow_project/air_venv/lib/python3.12/site-packages/airflow/example_dags/example_sensor_decorator.py took 0.090 seconds
[2025-02-10T13:19:49.138+0600] {processor.py:186} INFO - Started process (PID=16246) to work on /home/shamim/airflow_git/Airflow_project/air_venv/lib/python3.12/site-packages/airflow/example_dags/example_sensor_decorator.py
[2025-02-10T13:19:49.146+0600] {processor.py:914} INFO - Processing file /home/shamim/airflow_git/Airflow_project/air_venv/lib/python3.12/site-packages/airflow/example_dags/example_sensor_decorator.py for tasks to queue
[2025-02-10T13:19:49.152+0600] {logging_mixin.py:190} INFO - [2025-02-10T13:19:49.150+0600] {dagbag.py:588} INFO - Filling up the DagBag from /home/shamim/airflow_git/Airflow_project/air_venv/lib/python3.12/site-packages/airflow/example_dags/example_sensor_decorator.py
[2025-02-10T13:19:49.176+0600] {processor.py:925} INFO - DAG(s) 'example_sensor_decorator' retrieved from /home/shamim/airflow_git/Airflow_project/air_venv/lib/python3.12/site-packages/airflow/example_dags/example_sensor_decorator.py
[2025-02-10T13:19:49.198+0600] {logging_mixin.py:190} INFO - [2025-02-10T13:19:49.197+0600] {dag.py:3239} INFO - Sync 1 DAGs
[2025-02-10T13:19:49.219+0600] {logging_mixin.py:190} INFO - [2025-02-10T13:19:49.219+0600] {dag.py:4180} INFO - Setting next_dagrun for example_sensor_decorator to None, run_after=None
[2025-02-10T13:19:49.251+0600] {processor.py:208} INFO - Processing /home/shamim/airflow_git/Airflow_project/air_venv/lib/python3.12/site-packages/airflow/example_dags/example_sensor_decorator.py took 0.152 seconds
[2025-02-10T13:20:59.256+0600] {processor.py:186} INFO - Started process (PID=16798) to work on /home/shamim/airflow_git/Airflow_project/air_venv/lib/python3.12/site-packages/airflow/example_dags/example_sensor_decorator.py
[2025-02-10T13:20:59.265+0600] {processor.py:914} INFO - Processing file /home/shamim/airflow_git/Airflow_project/air_venv/lib/python3.12/site-packages/airflow/example_dags/example_sensor_decorator.py for tasks to queue
[2025-02-10T13:20:59.269+0600] {logging_mixin.py:190} INFO - [2025-02-10T13:20:59.267+0600] {dagbag.py:588} INFO - Filling up the DagBag from /home/shamim/airflow_git/Airflow_project/air_venv/lib/python3.12/site-packages/airflow/example_dags/example_sensor_decorator.py
[2025-02-10T13:20:59.290+0600] {processor.py:925} INFO - DAG(s) 'example_sensor_decorator' retrieved from /home/shamim/airflow_git/Airflow_project/air_venv/lib/python3.12/site-packages/airflow/example_dags/example_sensor_decorator.py
[2025-02-10T13:20:59.313+0600] {logging_mixin.py:190} INFO - [2025-02-10T13:20:59.312+0600] {dag.py:3239} INFO - Sync 1 DAGs
[2025-02-10T13:20:59.330+0600] {logging_mixin.py:190} INFO - [2025-02-10T13:20:59.330+0600] {dag.py:4180} INFO - Setting next_dagrun for example_sensor_decorator to None, run_after=None
[2025-02-10T13:20:59.357+0600] {processor.py:208} INFO - Processing /home/shamim/airflow_git/Airflow_project/air_venv/lib/python3.12/site-packages/airflow/example_dags/example_sensor_decorator.py took 0.134 seconds
[2025-02-10T13:22:17.593+0600] {processor.py:186} INFO - Started process (PID=17311) to work on /home/shamim/airflow_git/Airflow_project/air_venv/lib/python3.12/site-packages/airflow/example_dags/example_sensor_decorator.py
[2025-02-10T13:22:17.599+0600] {processor.py:914} INFO - Processing file /home/shamim/airflow_git/Airflow_project/air_venv/lib/python3.12/site-packages/airflow/example_dags/example_sensor_decorator.py for tasks to queue
[2025-02-10T13:22:17.601+0600] {logging_mixin.py:190} INFO - [2025-02-10T13:22:17.600+0600] {dagbag.py:588} INFO - Filling up the DagBag from /home/shamim/airflow_git/Airflow_project/air_venv/lib/python3.12/site-packages/airflow/example_dags/example_sensor_decorator.py
[2025-02-10T13:22:17.611+0600] {processor.py:925} INFO - DAG(s) 'example_sensor_decorator' retrieved from /home/shamim/airflow_git/Airflow_project/air_venv/lib/python3.12/site-packages/airflow/example_dags/example_sensor_decorator.py
[2025-02-10T13:22:17.630+0600] {logging_mixin.py:190} INFO - [2025-02-10T13:22:17.629+0600] {dag.py:3239} INFO - Sync 1 DAGs
[2025-02-10T13:22:17.645+0600] {logging_mixin.py:190} INFO - [2025-02-10T13:22:17.645+0600] {dag.py:4180} INFO - Setting next_dagrun for example_sensor_decorator to None, run_after=None
[2025-02-10T13:22:17.673+0600] {processor.py:208} INFO - Processing /home/shamim/airflow_git/Airflow_project/air_venv/lib/python3.12/site-packages/airflow/example_dags/example_sensor_decorator.py took 0.089 seconds
[2025-02-10T13:23:35.157+0600] {processor.py:186} INFO - Started process (PID=17464) to work on /home/shamim/airflow_git/Airflow_project/air_venv/lib/python3.12/site-packages/airflow/example_dags/example_sensor_decorator.py
[2025-02-10T13:23:35.165+0600] {processor.py:914} INFO - Processing file /home/shamim/airflow_git/Airflow_project/air_venv/lib/python3.12/site-packages/airflow/example_dags/example_sensor_decorator.py for tasks to queue
[2025-02-10T13:23:35.169+0600] {logging_mixin.py:190} INFO - [2025-02-10T13:23:35.167+0600] {dagbag.py:588} INFO - Filling up the DagBag from /home/shamim/airflow_git/Airflow_project/air_venv/lib/python3.12/site-packages/airflow/example_dags/example_sensor_decorator.py
[2025-02-10T13:23:35.188+0600] {processor.py:925} INFO - DAG(s) 'example_sensor_decorator' retrieved from /home/shamim/airflow_git/Airflow_project/air_venv/lib/python3.12/site-packages/airflow/example_dags/example_sensor_decorator.py
[2025-02-10T13:23:35.210+0600] {logging_mixin.py:190} INFO - [2025-02-10T13:23:35.209+0600] {dag.py:3239} INFO - Sync 1 DAGs
[2025-02-10T13:23:35.226+0600] {logging_mixin.py:190} INFO - [2025-02-10T13:23:35.226+0600] {dag.py:4180} INFO - Setting next_dagrun for example_sensor_decorator to None, run_after=None
[2025-02-10T13:23:35.249+0600] {processor.py:208} INFO - Processing /home/shamim/airflow_git/Airflow_project/air_venv/lib/python3.12/site-packages/airflow/example_dags/example_sensor_decorator.py took 0.123 seconds
[2025-02-10T13:24:45.132+0600] {processor.py:186} INFO - Started process (PID=17645) to work on /home/shamim/airflow_git/Airflow_project/air_venv/lib/python3.12/site-packages/airflow/example_dags/example_sensor_decorator.py
[2025-02-10T13:24:45.142+0600] {processor.py:914} INFO - Processing file /home/shamim/airflow_git/Airflow_project/air_venv/lib/python3.12/site-packages/airflow/example_dags/example_sensor_decorator.py for tasks to queue
[2025-02-10T13:24:45.144+0600] {logging_mixin.py:190} INFO - [2025-02-10T13:24:45.144+0600] {dagbag.py:588} INFO - Filling up the DagBag from /home/shamim/airflow_git/Airflow_project/air_venv/lib/python3.12/site-packages/airflow/example_dags/example_sensor_decorator.py
[2025-02-10T13:24:45.168+0600] {processor.py:925} INFO - DAG(s) 'example_sensor_decorator' retrieved from /home/shamim/airflow_git/Airflow_project/air_venv/lib/python3.12/site-packages/airflow/example_dags/example_sensor_decorator.py
[2025-02-10T13:24:45.197+0600] {logging_mixin.py:190} INFO - [2025-02-10T13:24:45.196+0600] {dag.py:3239} INFO - Sync 1 DAGs
[2025-02-10T13:24:45.226+0600] {logging_mixin.py:190} INFO - [2025-02-10T13:24:45.226+0600] {dag.py:4180} INFO - Setting next_dagrun for example_sensor_decorator to None, run_after=None
[2025-02-10T13:24:45.272+0600] {processor.py:208} INFO - Processing /home/shamim/airflow_git/Airflow_project/air_venv/lib/python3.12/site-packages/airflow/example_dags/example_sensor_decorator.py took 0.160 seconds
[2025-02-10T13:26:03.843+0600] {processor.py:186} INFO - Started process (PID=17792) to work on /home/shamim/airflow_git/Airflow_project/air_venv/lib/python3.12/site-packages/airflow/example_dags/example_sensor_decorator.py
[2025-02-10T13:26:03.850+0600] {processor.py:914} INFO - Processing file /home/shamim/airflow_git/Airflow_project/air_venv/lib/python3.12/site-packages/airflow/example_dags/example_sensor_decorator.py for tasks to queue
[2025-02-10T13:26:03.853+0600] {logging_mixin.py:190} INFO - [2025-02-10T13:26:03.852+0600] {dagbag.py:588} INFO - Filling up the DagBag from /home/shamim/airflow_git/Airflow_project/air_venv/lib/python3.12/site-packages/airflow/example_dags/example_sensor_decorator.py
[2025-02-10T13:26:03.869+0600] {processor.py:925} INFO - DAG(s) 'example_sensor_decorator' retrieved from /home/shamim/airflow_git/Airflow_project/air_venv/lib/python3.12/site-packages/airflow/example_dags/example_sensor_decorator.py
[2025-02-10T13:26:03.886+0600] {logging_mixin.py:190} INFO - [2025-02-10T13:26:03.886+0600] {dag.py:3239} INFO - Sync 1 DAGs
[2025-02-10T13:26:03.903+0600] {logging_mixin.py:190} INFO - [2025-02-10T13:26:03.903+0600] {dag.py:4180} INFO - Setting next_dagrun for example_sensor_decorator to None, run_after=None
[2025-02-10T13:26:03.943+0600] {processor.py:208} INFO - Processing /home/shamim/airflow_git/Airflow_project/air_venv/lib/python3.12/site-packages/airflow/example_dags/example_sensor_decorator.py took 0.114 seconds
[2025-02-10T13:27:21.477+0600] {processor.py:186} INFO - Started process (PID=17909) to work on /home/shamim/airflow_git/Airflow_project/air_venv/lib/python3.12/site-packages/airflow/example_dags/example_sensor_decorator.py
[2025-02-10T13:27:21.483+0600] {processor.py:914} INFO - Processing file /home/shamim/airflow_git/Airflow_project/air_venv/lib/python3.12/site-packages/airflow/example_dags/example_sensor_decorator.py for tasks to queue
[2025-02-10T13:27:21.485+0600] {logging_mixin.py:190} INFO - [2025-02-10T13:27:21.485+0600] {dagbag.py:588} INFO - Filling up the DagBag from /home/shamim/airflow_git/Airflow_project/air_venv/lib/python3.12/site-packages/airflow/example_dags/example_sensor_decorator.py
[2025-02-10T13:27:21.499+0600] {processor.py:925} INFO - DAG(s) 'example_sensor_decorator' retrieved from /home/shamim/airflow_git/Airflow_project/air_venv/lib/python3.12/site-packages/airflow/example_dags/example_sensor_decorator.py
[2025-02-10T13:27:21.517+0600] {logging_mixin.py:190} INFO - [2025-02-10T13:27:21.517+0600] {dag.py:3239} INFO - Sync 1 DAGs
[2025-02-10T13:27:21.533+0600] {logging_mixin.py:190} INFO - [2025-02-10T13:27:21.533+0600] {dag.py:4180} INFO - Setting next_dagrun for example_sensor_decorator to None, run_after=None
[2025-02-10T13:27:21.568+0600] {processor.py:208} INFO - Processing /home/shamim/airflow_git/Airflow_project/air_venv/lib/python3.12/site-packages/airflow/example_dags/example_sensor_decorator.py took 0.103 seconds
[2025-02-10T13:28:51.801+0600] {processor.py:186} INFO - Started process (PID=18528) to work on /home/shamim/airflow_git/Airflow_project/air_venv/lib/python3.12/site-packages/airflow/example_dags/example_sensor_decorator.py
[2025-02-10T13:28:51.807+0600] {processor.py:914} INFO - Processing file /home/shamim/airflow_git/Airflow_project/air_venv/lib/python3.12/site-packages/airflow/example_dags/example_sensor_decorator.py for tasks to queue
[2025-02-10T13:28:51.809+0600] {logging_mixin.py:190} INFO - [2025-02-10T13:28:51.809+0600] {dagbag.py:588} INFO - Filling up the DagBag from /home/shamim/airflow_git/Airflow_project/air_venv/lib/python3.12/site-packages/airflow/example_dags/example_sensor_decorator.py
[2025-02-10T13:28:51.820+0600] {processor.py:925} INFO - DAG(s) 'example_sensor_decorator' retrieved from /home/shamim/airflow_git/Airflow_project/air_venv/lib/python3.12/site-packages/airflow/example_dags/example_sensor_decorator.py
[2025-02-10T13:28:51.838+0600] {logging_mixin.py:190} INFO - [2025-02-10T13:28:51.837+0600] {dag.py:3239} INFO - Sync 1 DAGs
[2025-02-10T13:28:51.854+0600] {logging_mixin.py:190} INFO - [2025-02-10T13:28:51.853+0600] {dag.py:4180} INFO - Setting next_dagrun for example_sensor_decorator to None, run_after=None
[2025-02-10T13:28:52.054+0600] {processor.py:208} INFO - Processing /home/shamim/airflow_git/Airflow_project/air_venv/lib/python3.12/site-packages/airflow/example_dags/example_sensor_decorator.py took 0.264 seconds
[2025-02-10T13:30:10.170+0600] {processor.py:186} INFO - Started process (PID=18798) to work on /home/shamim/airflow_git/Airflow_project/air_venv/lib/python3.12/site-packages/airflow/example_dags/example_sensor_decorator.py
[2025-02-10T13:30:10.176+0600] {processor.py:914} INFO - Processing file /home/shamim/airflow_git/Airflow_project/air_venv/lib/python3.12/site-packages/airflow/example_dags/example_sensor_decorator.py for tasks to queue
[2025-02-10T13:30:10.178+0600] {logging_mixin.py:190} INFO - [2025-02-10T13:30:10.178+0600] {dagbag.py:588} INFO - Filling up the DagBag from /home/shamim/airflow_git/Airflow_project/air_venv/lib/python3.12/site-packages/airflow/example_dags/example_sensor_decorator.py
[2025-02-10T13:30:10.189+0600] {processor.py:925} INFO - DAG(s) 'example_sensor_decorator' retrieved from /home/shamim/airflow_git/Airflow_project/air_venv/lib/python3.12/site-packages/airflow/example_dags/example_sensor_decorator.py
[2025-02-10T13:30:10.209+0600] {logging_mixin.py:190} INFO - [2025-02-10T13:30:10.209+0600] {dag.py:3239} INFO - Sync 1 DAGs
[2025-02-10T13:30:10.226+0600] {logging_mixin.py:190} INFO - [2025-02-10T13:30:10.225+0600] {dag.py:4180} INFO - Setting next_dagrun for example_sensor_decorator to None, run_after=None
[2025-02-10T13:30:10.418+0600] {processor.py:208} INFO - Processing /home/shamim/airflow_git/Airflow_project/air_venv/lib/python3.12/site-packages/airflow/example_dags/example_sensor_decorator.py took 0.259 seconds
[2025-02-10T13:31:28.148+0600] {processor.py:186} INFO - Started process (PID=18916) to work on /home/shamim/airflow_git/Airflow_project/air_venv/lib/python3.12/site-packages/airflow/example_dags/example_sensor_decorator.py
[2025-02-10T13:31:28.154+0600] {processor.py:914} INFO - Processing file /home/shamim/airflow_git/Airflow_project/air_venv/lib/python3.12/site-packages/airflow/example_dags/example_sensor_decorator.py for tasks to queue
[2025-02-10T13:31:28.155+0600] {logging_mixin.py:190} INFO - [2025-02-10T13:31:28.155+0600] {dagbag.py:588} INFO - Filling up the DagBag from /home/shamim/airflow_git/Airflow_project/air_venv/lib/python3.12/site-packages/airflow/example_dags/example_sensor_decorator.py
[2025-02-10T13:31:28.166+0600] {processor.py:925} INFO - DAG(s) 'example_sensor_decorator' retrieved from /home/shamim/airflow_git/Airflow_project/air_venv/lib/python3.12/site-packages/airflow/example_dags/example_sensor_decorator.py
[2025-02-10T13:31:28.183+0600] {logging_mixin.py:190} INFO - [2025-02-10T13:31:28.183+0600] {dag.py:3239} INFO - Sync 1 DAGs
[2025-02-10T13:31:28.200+0600] {logging_mixin.py:190} INFO - [2025-02-10T13:31:28.199+0600] {dag.py:4180} INFO - Setting next_dagrun for example_sensor_decorator to None, run_after=None
[2025-02-10T13:31:28.236+0600] {processor.py:208} INFO - Processing /home/shamim/airflow_git/Airflow_project/air_venv/lib/python3.12/site-packages/airflow/example_dags/example_sensor_decorator.py took 0.099 seconds
[2025-02-10T13:32:42.254+0600] {processor.py:186} INFO - Started process (PID=19022) to work on /home/shamim/airflow_git/Airflow_project/air_venv/lib/python3.12/site-packages/airflow/example_dags/example_sensor_decorator.py
[2025-02-10T13:32:42.261+0600] {processor.py:914} INFO - Processing file /home/shamim/airflow_git/Airflow_project/air_venv/lib/python3.12/site-packages/airflow/example_dags/example_sensor_decorator.py for tasks to queue
[2025-02-10T13:32:42.263+0600] {logging_mixin.py:190} INFO - [2025-02-10T13:32:42.262+0600] {dagbag.py:588} INFO - Filling up the DagBag from /home/shamim/airflow_git/Airflow_project/air_venv/lib/python3.12/site-packages/airflow/example_dags/example_sensor_decorator.py
[2025-02-10T13:32:42.274+0600] {processor.py:925} INFO - DAG(s) 'example_sensor_decorator' retrieved from /home/shamim/airflow_git/Airflow_project/air_venv/lib/python3.12/site-packages/airflow/example_dags/example_sensor_decorator.py
[2025-02-10T13:32:42.293+0600] {logging_mixin.py:190} INFO - [2025-02-10T13:32:42.292+0600] {dag.py:3239} INFO - Sync 1 DAGs
[2025-02-10T13:32:42.309+0600] {logging_mixin.py:190} INFO - [2025-02-10T13:32:42.308+0600] {dag.py:4180} INFO - Setting next_dagrun for example_sensor_decorator to None, run_after=None
[2025-02-10T13:32:42.343+0600] {processor.py:208} INFO - Processing /home/shamim/airflow_git/Airflow_project/air_venv/lib/python3.12/site-packages/airflow/example_dags/example_sensor_decorator.py took 0.100 seconds
[2025-02-10T13:34:05.171+0600] {processor.py:186} INFO - Started process (PID=19194) to work on /home/shamim/airflow_git/Airflow_project/air_venv/lib/python3.12/site-packages/airflow/example_dags/example_sensor_decorator.py
[2025-02-10T13:34:05.178+0600] {processor.py:914} INFO - Processing file /home/shamim/airflow_git/Airflow_project/air_venv/lib/python3.12/site-packages/airflow/example_dags/example_sensor_decorator.py for tasks to queue
[2025-02-10T13:34:05.181+0600] {logging_mixin.py:190} INFO - [2025-02-10T13:34:05.180+0600] {dagbag.py:588} INFO - Filling up the DagBag from /home/shamim/airflow_git/Airflow_project/air_venv/lib/python3.12/site-packages/airflow/example_dags/example_sensor_decorator.py
[2025-02-10T13:34:05.196+0600] {processor.py:925} INFO - DAG(s) 'example_sensor_decorator' retrieved from /home/shamim/airflow_git/Airflow_project/air_venv/lib/python3.12/site-packages/airflow/example_dags/example_sensor_decorator.py
[2025-02-10T13:34:05.214+0600] {logging_mixin.py:190} INFO - [2025-02-10T13:34:05.214+0600] {dag.py:3239} INFO - Sync 1 DAGs
[2025-02-10T13:34:05.233+0600] {logging_mixin.py:190} INFO - [2025-02-10T13:34:05.233+0600] {dag.py:4180} INFO - Setting next_dagrun for example_sensor_decorator to None, run_after=None
[2025-02-10T13:34:05.268+0600] {processor.py:208} INFO - Processing /home/shamim/airflow_git/Airflow_project/air_venv/lib/python3.12/site-packages/airflow/example_dags/example_sensor_decorator.py took 0.113 seconds
[2025-02-10T13:35:20.897+0600] {processor.py:186} INFO - Started process (PID=19422) to work on /home/shamim/airflow_git/Airflow_project/air_venv/lib/python3.12/site-packages/airflow/example_dags/example_sensor_decorator.py
[2025-02-10T13:35:20.903+0600] {processor.py:914} INFO - Processing file /home/shamim/airflow_git/Airflow_project/air_venv/lib/python3.12/site-packages/airflow/example_dags/example_sensor_decorator.py for tasks to queue
[2025-02-10T13:35:20.905+0600] {logging_mixin.py:190} INFO - [2025-02-10T13:35:20.904+0600] {dagbag.py:588} INFO - Filling up the DagBag from /home/shamim/airflow_git/Airflow_project/air_venv/lib/python3.12/site-packages/airflow/example_dags/example_sensor_decorator.py
[2025-02-10T13:35:20.915+0600] {processor.py:925} INFO - DAG(s) 'example_sensor_decorator' retrieved from /home/shamim/airflow_git/Airflow_project/air_venv/lib/python3.12/site-packages/airflow/example_dags/example_sensor_decorator.py
[2025-02-10T13:35:20.932+0600] {logging_mixin.py:190} INFO - [2025-02-10T13:35:20.932+0600] {dag.py:3239} INFO - Sync 1 DAGs
[2025-02-10T13:35:20.948+0600] {logging_mixin.py:190} INFO - [2025-02-10T13:35:20.948+0600] {dag.py:4180} INFO - Setting next_dagrun for example_sensor_decorator to None, run_after=None
[2025-02-10T13:35:20.983+0600] {processor.py:208} INFO - Processing /home/shamim/airflow_git/Airflow_project/air_venv/lib/python3.12/site-packages/airflow/example_dags/example_sensor_decorator.py took 0.096 seconds
[2025-02-10T13:36:47.321+0600] {processor.py:186} INFO - Started process (PID=19531) to work on /home/shamim/airflow_git/Airflow_project/air_venv/lib/python3.12/site-packages/airflow/example_dags/example_sensor_decorator.py
[2025-02-10T13:36:47.323+0600] {processor.py:914} INFO - Processing file /home/shamim/airflow_git/Airflow_project/air_venv/lib/python3.12/site-packages/airflow/example_dags/example_sensor_decorator.py for tasks to queue
[2025-02-10T13:36:47.324+0600] {logging_mixin.py:190} INFO - [2025-02-10T13:36:47.324+0600] {dagbag.py:588} INFO - Filling up the DagBag from /home/shamim/airflow_git/Airflow_project/air_venv/lib/python3.12/site-packages/airflow/example_dags/example_sensor_decorator.py
[2025-02-10T13:36:47.336+0600] {processor.py:925} INFO - DAG(s) 'example_sensor_decorator' retrieved from /home/shamim/airflow_git/Airflow_project/air_venv/lib/python3.12/site-packages/airflow/example_dags/example_sensor_decorator.py
[2025-02-10T13:36:47.353+0600] {logging_mixin.py:190} INFO - [2025-02-10T13:36:47.353+0600] {dag.py:3239} INFO - Sync 1 DAGs
[2025-02-10T13:36:47.369+0600] {logging_mixin.py:190} INFO - [2025-02-10T13:36:47.369+0600] {dag.py:4180} INFO - Setting next_dagrun for example_sensor_decorator to None, run_after=None
[2025-02-10T13:36:47.403+0600] {processor.py:208} INFO - Processing /home/shamim/airflow_git/Airflow_project/air_venv/lib/python3.12/site-packages/airflow/example_dags/example_sensor_decorator.py took 0.093 seconds
[2025-02-10T13:38:04.434+0600] {processor.py:186} INFO - Started process (PID=19675) to work on /home/shamim/airflow_git/Airflow_project/air_venv/lib/python3.12/site-packages/airflow/example_dags/example_sensor_decorator.py
[2025-02-10T13:38:04.435+0600] {processor.py:914} INFO - Processing file /home/shamim/airflow_git/Airflow_project/air_venv/lib/python3.12/site-packages/airflow/example_dags/example_sensor_decorator.py for tasks to queue
[2025-02-10T13:38:04.437+0600] {logging_mixin.py:190} INFO - [2025-02-10T13:38:04.436+0600] {dagbag.py:588} INFO - Filling up the DagBag from /home/shamim/airflow_git/Airflow_project/air_venv/lib/python3.12/site-packages/airflow/example_dags/example_sensor_decorator.py
[2025-02-10T13:38:04.448+0600] {processor.py:925} INFO - DAG(s) 'example_sensor_decorator' retrieved from /home/shamim/airflow_git/Airflow_project/air_venv/lib/python3.12/site-packages/airflow/example_dags/example_sensor_decorator.py
[2025-02-10T13:38:04.466+0600] {logging_mixin.py:190} INFO - [2025-02-10T13:38:04.465+0600] {dag.py:3239} INFO - Sync 1 DAGs
[2025-02-10T13:38:04.481+0600] {logging_mixin.py:190} INFO - [2025-02-10T13:38:04.481+0600] {dag.py:4180} INFO - Setting next_dagrun for example_sensor_decorator to None, run_after=None
[2025-02-10T13:38:04.516+0600] {processor.py:208} INFO - Processing /home/shamim/airflow_git/Airflow_project/air_venv/lib/python3.12/site-packages/airflow/example_dags/example_sensor_decorator.py took 0.093 seconds
[2025-02-10T13:39:20.557+0600] {processor.py:186} INFO - Started process (PID=19823) to work on /home/shamim/airflow_git/Airflow_project/air_venv/lib/python3.12/site-packages/airflow/example_dags/example_sensor_decorator.py
[2025-02-10T13:39:20.564+0600] {processor.py:914} INFO - Processing file /home/shamim/airflow_git/Airflow_project/air_venv/lib/python3.12/site-packages/airflow/example_dags/example_sensor_decorator.py for tasks to queue
[2025-02-10T13:39:20.565+0600] {logging_mixin.py:190} INFO - [2025-02-10T13:39:20.565+0600] {dagbag.py:588} INFO - Filling up the DagBag from /home/shamim/airflow_git/Airflow_project/air_venv/lib/python3.12/site-packages/airflow/example_dags/example_sensor_decorator.py
[2025-02-10T13:39:20.577+0600] {processor.py:925} INFO - DAG(s) 'example_sensor_decorator' retrieved from /home/shamim/airflow_git/Airflow_project/air_venv/lib/python3.12/site-packages/airflow/example_dags/example_sensor_decorator.py
[2025-02-10T13:39:20.595+0600] {logging_mixin.py:190} INFO - [2025-02-10T13:39:20.595+0600] {dag.py:3239} INFO - Sync 1 DAGs
[2025-02-10T13:39:20.610+0600] {logging_mixin.py:190} INFO - [2025-02-10T13:39:20.610+0600] {dag.py:4180} INFO - Setting next_dagrun for example_sensor_decorator to None, run_after=None
[2025-02-10T13:39:20.645+0600] {processor.py:208} INFO - Processing /home/shamim/airflow_git/Airflow_project/air_venv/lib/python3.12/site-packages/airflow/example_dags/example_sensor_decorator.py took 0.098 seconds
[2025-02-10T13:40:45.819+0600] {processor.py:186} INFO - Started process (PID=19965) to work on /home/shamim/airflow_git/Airflow_project/air_venv/lib/python3.12/site-packages/airflow/example_dags/example_sensor_decorator.py
[2025-02-10T13:40:45.826+0600] {processor.py:914} INFO - Processing file /home/shamim/airflow_git/Airflow_project/air_venv/lib/python3.12/site-packages/airflow/example_dags/example_sensor_decorator.py for tasks to queue
[2025-02-10T13:40:45.827+0600] {logging_mixin.py:190} INFO - [2025-02-10T13:40:45.827+0600] {dagbag.py:588} INFO - Filling up the DagBag from /home/shamim/airflow_git/Airflow_project/air_venv/lib/python3.12/site-packages/airflow/example_dags/example_sensor_decorator.py
[2025-02-10T13:40:45.839+0600] {processor.py:925} INFO - DAG(s) 'example_sensor_decorator' retrieved from /home/shamim/airflow_git/Airflow_project/air_venv/lib/python3.12/site-packages/airflow/example_dags/example_sensor_decorator.py
[2025-02-10T13:40:45.856+0600] {logging_mixin.py:190} INFO - [2025-02-10T13:40:45.856+0600] {dag.py:3239} INFO - Sync 1 DAGs
[2025-02-10T13:40:45.872+0600] {logging_mixin.py:190} INFO - [2025-02-10T13:40:45.872+0600] {dag.py:4180} INFO - Setting next_dagrun for example_sensor_decorator to None, run_after=None
[2025-02-10T13:40:46.051+0600] {processor.py:208} INFO - Processing /home/shamim/airflow_git/Airflow_project/air_venv/lib/python3.12/site-packages/airflow/example_dags/example_sensor_decorator.py took 0.243 seconds
[2025-02-10T13:42:09.642+0600] {processor.py:186} INFO - Started process (PID=20104) to work on /home/shamim/airflow_git/Airflow_project/air_venv/lib/python3.12/site-packages/airflow/example_dags/example_sensor_decorator.py
[2025-02-10T13:42:09.649+0600] {processor.py:914} INFO - Processing file /home/shamim/airflow_git/Airflow_project/air_venv/lib/python3.12/site-packages/airflow/example_dags/example_sensor_decorator.py for tasks to queue
[2025-02-10T13:42:09.653+0600] {logging_mixin.py:190} INFO - [2025-02-10T13:42:09.652+0600] {dagbag.py:588} INFO - Filling up the DagBag from /home/shamim/airflow_git/Airflow_project/air_venv/lib/python3.12/site-packages/airflow/example_dags/example_sensor_decorator.py
[2025-02-10T13:42:09.673+0600] {processor.py:925} INFO - DAG(s) 'example_sensor_decorator' retrieved from /home/shamim/airflow_git/Airflow_project/air_venv/lib/python3.12/site-packages/airflow/example_dags/example_sensor_decorator.py
[2025-02-10T13:42:09.691+0600] {logging_mixin.py:190} INFO - [2025-02-10T13:42:09.691+0600] {dag.py:3239} INFO - Sync 1 DAGs
[2025-02-10T13:42:09.707+0600] {logging_mixin.py:190} INFO - [2025-02-10T13:42:09.706+0600] {dag.py:4180} INFO - Setting next_dagrun for example_sensor_decorator to None, run_after=None
[2025-02-10T13:42:09.742+0600] {processor.py:208} INFO - Processing /home/shamim/airflow_git/Airflow_project/air_venv/lib/python3.12/site-packages/airflow/example_dags/example_sensor_decorator.py took 0.112 seconds
[2025-02-10T13:43:24.021+0600] {processor.py:186} INFO - Started process (PID=20239) to work on /home/shamim/airflow_git/Airflow_project/air_venv/lib/python3.12/site-packages/airflow/example_dags/example_sensor_decorator.py
[2025-02-10T13:43:24.027+0600] {processor.py:914} INFO - Processing file /home/shamim/airflow_git/Airflow_project/air_venv/lib/python3.12/site-packages/airflow/example_dags/example_sensor_decorator.py for tasks to queue
[2025-02-10T13:43:24.029+0600] {logging_mixin.py:190} INFO - [2025-02-10T13:43:24.028+0600] {dagbag.py:588} INFO - Filling up the DagBag from /home/shamim/airflow_git/Airflow_project/air_venv/lib/python3.12/site-packages/airflow/example_dags/example_sensor_decorator.py
[2025-02-10T13:43:24.039+0600] {processor.py:925} INFO - DAG(s) 'example_sensor_decorator' retrieved from /home/shamim/airflow_git/Airflow_project/air_venv/lib/python3.12/site-packages/airflow/example_dags/example_sensor_decorator.py
[2025-02-10T13:43:24.056+0600] {logging_mixin.py:190} INFO - [2025-02-10T13:43:24.056+0600] {dag.py:3239} INFO - Sync 1 DAGs
[2025-02-10T13:43:24.072+0600] {logging_mixin.py:190} INFO - [2025-02-10T13:43:24.072+0600] {dag.py:4180} INFO - Setting next_dagrun for example_sensor_decorator to None, run_after=None
[2025-02-10T13:43:24.107+0600] {processor.py:208} INFO - Processing /home/shamim/airflow_git/Airflow_project/air_venv/lib/python3.12/site-packages/airflow/example_dags/example_sensor_decorator.py took 0.095 seconds
[2025-02-10T13:44:37.077+0600] {processor.py:186} INFO - Started process (PID=20379) to work on /home/shamim/airflow_git/Airflow_project/air_venv/lib/python3.12/site-packages/airflow/example_dags/example_sensor_decorator.py
[2025-02-10T13:44:37.084+0600] {processor.py:914} INFO - Processing file /home/shamim/airflow_git/Airflow_project/air_venv/lib/python3.12/site-packages/airflow/example_dags/example_sensor_decorator.py for tasks to queue
[2025-02-10T13:44:37.085+0600] {logging_mixin.py:190} INFO - [2025-02-10T13:44:37.085+0600] {dagbag.py:588} INFO - Filling up the DagBag from /home/shamim/airflow_git/Airflow_project/air_venv/lib/python3.12/site-packages/airflow/example_dags/example_sensor_decorator.py
[2025-02-10T13:44:37.096+0600] {processor.py:925} INFO - DAG(s) 'example_sensor_decorator' retrieved from /home/shamim/airflow_git/Airflow_project/air_venv/lib/python3.12/site-packages/airflow/example_dags/example_sensor_decorator.py
[2025-02-10T13:44:37.114+0600] {logging_mixin.py:190} INFO - [2025-02-10T13:44:37.113+0600] {dag.py:3239} INFO - Sync 1 DAGs
[2025-02-10T13:44:37.129+0600] {logging_mixin.py:190} INFO - [2025-02-10T13:44:37.129+0600] {dag.py:4180} INFO - Setting next_dagrun for example_sensor_decorator to None, run_after=None
[2025-02-10T13:44:37.151+0600] {processor.py:208} INFO - Processing /home/shamim/airflow_git/Airflow_project/air_venv/lib/python3.12/site-packages/airflow/example_dags/example_sensor_decorator.py took 0.084 seconds
[2025-02-10T13:45:53.064+0600] {processor.py:186} INFO - Started process (PID=20492) to work on /home/shamim/airflow_git/Airflow_project/air_venv/lib/python3.12/site-packages/airflow/example_dags/example_sensor_decorator.py
[2025-02-10T13:45:53.070+0600] {processor.py:914} INFO - Processing file /home/shamim/airflow_git/Airflow_project/air_venv/lib/python3.12/site-packages/airflow/example_dags/example_sensor_decorator.py for tasks to queue
[2025-02-10T13:45:53.073+0600] {logging_mixin.py:190} INFO - [2025-02-10T13:45:53.072+0600] {dagbag.py:588} INFO - Filling up the DagBag from /home/shamim/airflow_git/Airflow_project/air_venv/lib/python3.12/site-packages/airflow/example_dags/example_sensor_decorator.py
[2025-02-10T13:45:53.087+0600] {processor.py:925} INFO - DAG(s) 'example_sensor_decorator' retrieved from /home/shamim/airflow_git/Airflow_project/air_venv/lib/python3.12/site-packages/airflow/example_dags/example_sensor_decorator.py
[2025-02-10T13:45:53.104+0600] {logging_mixin.py:190} INFO - [2025-02-10T13:45:53.104+0600] {dag.py:3239} INFO - Sync 1 DAGs
[2025-02-10T13:45:53.120+0600] {logging_mixin.py:190} INFO - [2025-02-10T13:45:53.120+0600] {dag.py:4180} INFO - Setting next_dagrun for example_sensor_decorator to None, run_after=None
[2025-02-10T13:45:53.155+0600] {processor.py:208} INFO - Processing /home/shamim/airflow_git/Airflow_project/air_venv/lib/python3.12/site-packages/airflow/example_dags/example_sensor_decorator.py took 0.104 seconds
[2025-02-10T13:47:06.107+0600] {processor.py:186} INFO - Started process (PID=20804) to work on /home/shamim/airflow_git/Airflow_project/air_venv/lib/python3.12/site-packages/airflow/example_dags/example_sensor_decorator.py
[2025-02-10T13:47:06.110+0600] {processor.py:914} INFO - Processing file /home/shamim/airflow_git/Airflow_project/air_venv/lib/python3.12/site-packages/airflow/example_dags/example_sensor_decorator.py for tasks to queue
[2025-02-10T13:47:06.112+0600] {logging_mixin.py:190} INFO - [2025-02-10T13:47:06.111+0600] {dagbag.py:588} INFO - Filling up the DagBag from /home/shamim/airflow_git/Airflow_project/air_venv/lib/python3.12/site-packages/airflow/example_dags/example_sensor_decorator.py
[2025-02-10T13:47:06.126+0600] {processor.py:925} INFO - DAG(s) 'example_sensor_decorator' retrieved from /home/shamim/airflow_git/Airflow_project/air_venv/lib/python3.12/site-packages/airflow/example_dags/example_sensor_decorator.py
[2025-02-10T13:47:06.144+0600] {logging_mixin.py:190} INFO - [2025-02-10T13:47:06.143+0600] {dag.py:3239} INFO - Sync 1 DAGs
[2025-02-10T13:47:06.159+0600] {logging_mixin.py:190} INFO - [2025-02-10T13:47:06.159+0600] {dag.py:4180} INFO - Setting next_dagrun for example_sensor_decorator to None, run_after=None
[2025-02-10T13:47:06.183+0600] {processor.py:208} INFO - Processing /home/shamim/airflow_git/Airflow_project/air_venv/lib/python3.12/site-packages/airflow/example_dags/example_sensor_decorator.py took 0.091 seconds
[2025-02-10T13:48:21.531+0600] {processor.py:186} INFO - Started process (PID=21028) to work on /home/shamim/airflow_git/Airflow_project/air_venv/lib/python3.12/site-packages/airflow/example_dags/example_sensor_decorator.py
[2025-02-10T13:48:21.537+0600] {processor.py:914} INFO - Processing file /home/shamim/airflow_git/Airflow_project/air_venv/lib/python3.12/site-packages/airflow/example_dags/example_sensor_decorator.py for tasks to queue
[2025-02-10T13:48:21.539+0600] {logging_mixin.py:190} INFO - [2025-02-10T13:48:21.538+0600] {dagbag.py:588} INFO - Filling up the DagBag from /home/shamim/airflow_git/Airflow_project/air_venv/lib/python3.12/site-packages/airflow/example_dags/example_sensor_decorator.py
[2025-02-10T13:48:21.551+0600] {processor.py:925} INFO - DAG(s) 'example_sensor_decorator' retrieved from /home/shamim/airflow_git/Airflow_project/air_venv/lib/python3.12/site-packages/airflow/example_dags/example_sensor_decorator.py
[2025-02-10T13:48:21.568+0600] {logging_mixin.py:190} INFO - [2025-02-10T13:48:21.568+0600] {dag.py:3239} INFO - Sync 1 DAGs
[2025-02-10T13:48:21.584+0600] {logging_mixin.py:190} INFO - [2025-02-10T13:48:21.584+0600] {dag.py:4180} INFO - Setting next_dagrun for example_sensor_decorator to None, run_after=None
[2025-02-10T13:48:21.608+0600] {processor.py:208} INFO - Processing /home/shamim/airflow_git/Airflow_project/air_venv/lib/python3.12/site-packages/airflow/example_dags/example_sensor_decorator.py took 0.088 seconds
[2025-02-10T13:49:34.342+0600] {processor.py:186} INFO - Started process (PID=21181) to work on /home/shamim/airflow_git/Airflow_project/air_venv/lib/python3.12/site-packages/airflow/example_dags/example_sensor_decorator.py
[2025-02-10T13:49:34.349+0600] {processor.py:914} INFO - Processing file /home/shamim/airflow_git/Airflow_project/air_venv/lib/python3.12/site-packages/airflow/example_dags/example_sensor_decorator.py for tasks to queue
[2025-02-10T13:49:34.353+0600] {logging_mixin.py:190} INFO - [2025-02-10T13:49:34.352+0600] {dagbag.py:588} INFO - Filling up the DagBag from /home/shamim/airflow_git/Airflow_project/air_venv/lib/python3.12/site-packages/airflow/example_dags/example_sensor_decorator.py
[2025-02-10T13:49:34.374+0600] {processor.py:925} INFO - DAG(s) 'example_sensor_decorator' retrieved from /home/shamim/airflow_git/Airflow_project/air_venv/lib/python3.12/site-packages/airflow/example_dags/example_sensor_decorator.py
[2025-02-10T13:49:34.392+0600] {logging_mixin.py:190} INFO - [2025-02-10T13:49:34.391+0600] {dag.py:3239} INFO - Sync 1 DAGs
[2025-02-10T13:49:34.408+0600] {logging_mixin.py:190} INFO - [2025-02-10T13:49:34.408+0600] {dag.py:4180} INFO - Setting next_dagrun for example_sensor_decorator to None, run_after=None
[2025-02-10T13:49:34.432+0600] {processor.py:208} INFO - Processing /home/shamim/airflow_git/Airflow_project/air_venv/lib/python3.12/site-packages/airflow/example_dags/example_sensor_decorator.py took 0.100 seconds
[2025-02-10T13:50:44.194+0600] {processor.py:186} INFO - Started process (PID=21282) to work on /home/shamim/airflow_git/Airflow_project/air_venv/lib/python3.12/site-packages/airflow/example_dags/example_sensor_decorator.py
[2025-02-10T13:50:44.200+0600] {processor.py:914} INFO - Processing file /home/shamim/airflow_git/Airflow_project/air_venv/lib/python3.12/site-packages/airflow/example_dags/example_sensor_decorator.py for tasks to queue
[2025-02-10T13:50:44.202+0600] {logging_mixin.py:190} INFO - [2025-02-10T13:50:44.201+0600] {dagbag.py:588} INFO - Filling up the DagBag from /home/shamim/airflow_git/Airflow_project/air_venv/lib/python3.12/site-packages/airflow/example_dags/example_sensor_decorator.py
[2025-02-10T13:50:44.212+0600] {processor.py:925} INFO - DAG(s) 'example_sensor_decorator' retrieved from /home/shamim/airflow_git/Airflow_project/air_venv/lib/python3.12/site-packages/airflow/example_dags/example_sensor_decorator.py
[2025-02-10T13:50:44.229+0600] {logging_mixin.py:190} INFO - [2025-02-10T13:50:44.228+0600] {dag.py:3239} INFO - Sync 1 DAGs
[2025-02-10T13:50:44.244+0600] {logging_mixin.py:190} INFO - [2025-02-10T13:50:44.244+0600] {dag.py:4180} INFO - Setting next_dagrun for example_sensor_decorator to None, run_after=None
[2025-02-10T13:50:44.269+0600] {processor.py:208} INFO - Processing /home/shamim/airflow_git/Airflow_project/air_venv/lib/python3.12/site-packages/airflow/example_dags/example_sensor_decorator.py took 0.084 seconds
[2025-02-10T13:52:01.204+0600] {processor.py:186} INFO - Started process (PID=21395) to work on /home/shamim/airflow_git/Airflow_project/air_venv/lib/python3.12/site-packages/airflow/example_dags/example_sensor_decorator.py
[2025-02-10T13:52:01.211+0600] {processor.py:914} INFO - Processing file /home/shamim/airflow_git/Airflow_project/air_venv/lib/python3.12/site-packages/airflow/example_dags/example_sensor_decorator.py for tasks to queue
[2025-02-10T13:52:01.213+0600] {logging_mixin.py:190} INFO - [2025-02-10T13:52:01.212+0600] {dagbag.py:588} INFO - Filling up the DagBag from /home/shamim/airflow_git/Airflow_project/air_venv/lib/python3.12/site-packages/airflow/example_dags/example_sensor_decorator.py
[2025-02-10T13:52:01.225+0600] {processor.py:925} INFO - DAG(s) 'example_sensor_decorator' retrieved from /home/shamim/airflow_git/Airflow_project/air_venv/lib/python3.12/site-packages/airflow/example_dags/example_sensor_decorator.py
[2025-02-10T13:52:01.244+0600] {logging_mixin.py:190} INFO - [2025-02-10T13:52:01.243+0600] {dag.py:3239} INFO - Sync 1 DAGs
[2025-02-10T13:52:01.261+0600] {logging_mixin.py:190} INFO - [2025-02-10T13:52:01.260+0600] {dag.py:4180} INFO - Setting next_dagrun for example_sensor_decorator to None, run_after=None
[2025-02-10T13:52:01.298+0600] {processor.py:208} INFO - Processing /home/shamim/airflow_git/Airflow_project/air_venv/lib/python3.12/site-packages/airflow/example_dags/example_sensor_decorator.py took 0.105 seconds
[2025-02-10T13:53:24.376+0600] {processor.py:186} INFO - Started process (PID=21624) to work on /home/shamim/airflow_git/Airflow_project/air_venv/lib/python3.12/site-packages/airflow/example_dags/example_sensor_decorator.py
[2025-02-10T13:53:24.382+0600] {processor.py:914} INFO - Processing file /home/shamim/airflow_git/Airflow_project/air_venv/lib/python3.12/site-packages/airflow/example_dags/example_sensor_decorator.py for tasks to queue
[2025-02-10T13:53:24.384+0600] {logging_mixin.py:190} INFO - [2025-02-10T13:53:24.383+0600] {dagbag.py:588} INFO - Filling up the DagBag from /home/shamim/airflow_git/Airflow_project/air_venv/lib/python3.12/site-packages/airflow/example_dags/example_sensor_decorator.py
[2025-02-10T13:53:24.394+0600] {processor.py:925} INFO - DAG(s) 'example_sensor_decorator' retrieved from /home/shamim/airflow_git/Airflow_project/air_venv/lib/python3.12/site-packages/airflow/example_dags/example_sensor_decorator.py
[2025-02-10T13:53:24.412+0600] {logging_mixin.py:190} INFO - [2025-02-10T13:53:24.411+0600] {dag.py:3239} INFO - Sync 1 DAGs
[2025-02-10T13:53:24.427+0600] {logging_mixin.py:190} INFO - [2025-02-10T13:53:24.427+0600] {dag.py:4180} INFO - Setting next_dagrun for example_sensor_decorator to None, run_after=None
[2025-02-10T13:53:24.465+0600] {processor.py:208} INFO - Processing /home/shamim/airflow_git/Airflow_project/air_venv/lib/python3.12/site-packages/airflow/example_dags/example_sensor_decorator.py took 0.098 seconds
[2025-02-10T13:54:40.959+0600] {processor.py:186} INFO - Started process (PID=21749) to work on /home/shamim/airflow_git/Airflow_project/air_venv/lib/python3.12/site-packages/airflow/example_dags/example_sensor_decorator.py
[2025-02-10T13:54:40.966+0600] {processor.py:914} INFO - Processing file /home/shamim/airflow_git/Airflow_project/air_venv/lib/python3.12/site-packages/airflow/example_dags/example_sensor_decorator.py for tasks to queue
[2025-02-10T13:54:40.968+0600] {logging_mixin.py:190} INFO - [2025-02-10T13:54:40.967+0600] {dagbag.py:588} INFO - Filling up the DagBag from /home/shamim/airflow_git/Airflow_project/air_venv/lib/python3.12/site-packages/airflow/example_dags/example_sensor_decorator.py
[2025-02-10T13:54:40.979+0600] {processor.py:925} INFO - DAG(s) 'example_sensor_decorator' retrieved from /home/shamim/airflow_git/Airflow_project/air_venv/lib/python3.12/site-packages/airflow/example_dags/example_sensor_decorator.py
[2025-02-10T13:54:40.997+0600] {logging_mixin.py:190} INFO - [2025-02-10T13:54:40.997+0600] {dag.py:3239} INFO - Sync 1 DAGs
[2025-02-10T13:54:41.022+0600] {logging_mixin.py:190} INFO - [2025-02-10T13:54:41.022+0600] {dag.py:4180} INFO - Setting next_dagrun for example_sensor_decorator to None, run_after=None
[2025-02-10T13:54:41.057+0600] {processor.py:208} INFO - Processing /home/shamim/airflow_git/Airflow_project/air_venv/lib/python3.12/site-packages/airflow/example_dags/example_sensor_decorator.py took 0.109 seconds
[2025-02-10T13:55:50.735+0600] {processor.py:186} INFO - Started process (PID=21857) to work on /home/shamim/airflow_git/Airflow_project/air_venv/lib/python3.12/site-packages/airflow/example_dags/example_sensor_decorator.py
[2025-02-10T13:55:50.742+0600] {processor.py:914} INFO - Processing file /home/shamim/airflow_git/Airflow_project/air_venv/lib/python3.12/site-packages/airflow/example_dags/example_sensor_decorator.py for tasks to queue
[2025-02-10T13:55:50.745+0600] {logging_mixin.py:190} INFO - [2025-02-10T13:55:50.744+0600] {dagbag.py:588} INFO - Filling up the DagBag from /home/shamim/airflow_git/Airflow_project/air_venv/lib/python3.12/site-packages/airflow/example_dags/example_sensor_decorator.py
[2025-02-10T13:55:50.764+0600] {processor.py:925} INFO - DAG(s) 'example_sensor_decorator' retrieved from /home/shamim/airflow_git/Airflow_project/air_venv/lib/python3.12/site-packages/airflow/example_dags/example_sensor_decorator.py
[2025-02-10T13:55:50.792+0600] {logging_mixin.py:190} INFO - [2025-02-10T13:55:50.792+0600] {dag.py:3239} INFO - Sync 1 DAGs
[2025-02-10T13:55:50.813+0600] {logging_mixin.py:190} INFO - [2025-02-10T13:55:50.813+0600] {dag.py:4180} INFO - Setting next_dagrun for example_sensor_decorator to None, run_after=None
[2025-02-10T13:55:50.862+0600] {processor.py:208} INFO - Processing /home/shamim/airflow_git/Airflow_project/air_venv/lib/python3.12/site-packages/airflow/example_dags/example_sensor_decorator.py took 0.144 seconds
[2025-02-10T13:57:19.024+0600] {processor.py:186} INFO - Started process (PID=22078) to work on /home/shamim/airflow_git/Airflow_project/air_venv/lib/python3.12/site-packages/airflow/example_dags/example_sensor_decorator.py
[2025-02-10T13:57:19.040+0600] {processor.py:914} INFO - Processing file /home/shamim/airflow_git/Airflow_project/air_venv/lib/python3.12/site-packages/airflow/example_dags/example_sensor_decorator.py for tasks to queue
[2025-02-10T13:57:19.043+0600] {logging_mixin.py:190} INFO - [2025-02-10T13:57:19.042+0600] {dagbag.py:588} INFO - Filling up the DagBag from /home/shamim/airflow_git/Airflow_project/air_venv/lib/python3.12/site-packages/airflow/example_dags/example_sensor_decorator.py
[2025-02-10T13:57:19.054+0600] {processor.py:925} INFO - DAG(s) 'example_sensor_decorator' retrieved from /home/shamim/airflow_git/Airflow_project/air_venv/lib/python3.12/site-packages/airflow/example_dags/example_sensor_decorator.py
[2025-02-10T13:57:19.071+0600] {logging_mixin.py:190} INFO - [2025-02-10T13:57:19.071+0600] {dag.py:3239} INFO - Sync 1 DAGs
[2025-02-10T13:57:19.087+0600] {logging_mixin.py:190} INFO - [2025-02-10T13:57:19.087+0600] {dag.py:4180} INFO - Setting next_dagrun for example_sensor_decorator to None, run_after=None
[2025-02-10T13:57:19.111+0600] {processor.py:208} INFO - Processing /home/shamim/airflow_git/Airflow_project/air_venv/lib/python3.12/site-packages/airflow/example_dags/example_sensor_decorator.py took 0.098 seconds
[2025-02-10T13:58:43.127+0600] {processor.py:186} INFO - Started process (PID=22223) to work on /home/shamim/airflow_git/Airflow_project/air_venv/lib/python3.12/site-packages/airflow/example_dags/example_sensor_decorator.py
[2025-02-10T13:58:43.130+0600] {processor.py:914} INFO - Processing file /home/shamim/airflow_git/Airflow_project/air_venv/lib/python3.12/site-packages/airflow/example_dags/example_sensor_decorator.py for tasks to queue
[2025-02-10T13:58:43.132+0600] {logging_mixin.py:190} INFO - [2025-02-10T13:58:43.132+0600] {dagbag.py:588} INFO - Filling up the DagBag from /home/shamim/airflow_git/Airflow_project/air_venv/lib/python3.12/site-packages/airflow/example_dags/example_sensor_decorator.py
[2025-02-10T13:58:43.142+0600] {processor.py:925} INFO - DAG(s) 'example_sensor_decorator' retrieved from /home/shamim/airflow_git/Airflow_project/air_venv/lib/python3.12/site-packages/airflow/example_dags/example_sensor_decorator.py
[2025-02-10T13:58:43.159+0600] {logging_mixin.py:190} INFO - [2025-02-10T13:58:43.159+0600] {dag.py:3239} INFO - Sync 1 DAGs
[2025-02-10T13:58:43.175+0600] {logging_mixin.py:190} INFO - [2025-02-10T13:58:43.174+0600] {dag.py:4180} INFO - Setting next_dagrun for example_sensor_decorator to None, run_after=None
[2025-02-10T13:58:43.199+0600] {processor.py:208} INFO - Processing /home/shamim/airflow_git/Airflow_project/air_venv/lib/python3.12/site-packages/airflow/example_dags/example_sensor_decorator.py took 0.082 seconds
[2025-02-10T13:59:53.572+0600] {processor.py:186} INFO - Started process (PID=22402) to work on /home/shamim/airflow_git/Airflow_project/air_venv/lib/python3.12/site-packages/airflow/example_dags/example_sensor_decorator.py
[2025-02-10T13:59:53.577+0600] {processor.py:914} INFO - Processing file /home/shamim/airflow_git/Airflow_project/air_venv/lib/python3.12/site-packages/airflow/example_dags/example_sensor_decorator.py for tasks to queue
[2025-02-10T13:59:53.578+0600] {logging_mixin.py:190} INFO - [2025-02-10T13:59:53.578+0600] {dagbag.py:588} INFO - Filling up the DagBag from /home/shamim/airflow_git/Airflow_project/air_venv/lib/python3.12/site-packages/airflow/example_dags/example_sensor_decorator.py
[2025-02-10T13:59:53.590+0600] {processor.py:925} INFO - DAG(s) 'example_sensor_decorator' retrieved from /home/shamim/airflow_git/Airflow_project/air_venv/lib/python3.12/site-packages/airflow/example_dags/example_sensor_decorator.py
[2025-02-10T13:59:53.607+0600] {logging_mixin.py:190} INFO - [2025-02-10T13:59:53.607+0600] {dag.py:3239} INFO - Sync 1 DAGs
[2025-02-10T13:59:53.623+0600] {logging_mixin.py:190} INFO - [2025-02-10T13:59:53.622+0600] {dag.py:4180} INFO - Setting next_dagrun for example_sensor_decorator to None, run_after=None
[2025-02-10T13:59:53.644+0600] {processor.py:208} INFO - Processing /home/shamim/airflow_git/Airflow_project/air_venv/lib/python3.12/site-packages/airflow/example_dags/example_sensor_decorator.py took 0.082 seconds
[2025-02-10T14:00:58.954+0600] {processor.py:186} INFO - Started process (PID=22685) to work on /home/shamim/airflow_git/Airflow_project/air_venv/lib/python3.12/site-packages/airflow/example_dags/example_sensor_decorator.py
[2025-02-10T14:00:58.961+0600] {processor.py:914} INFO - Processing file /home/shamim/airflow_git/Airflow_project/air_venv/lib/python3.12/site-packages/airflow/example_dags/example_sensor_decorator.py for tasks to queue
[2025-02-10T14:00:58.962+0600] {logging_mixin.py:190} INFO - [2025-02-10T14:00:58.962+0600] {dagbag.py:588} INFO - Filling up the DagBag from /home/shamim/airflow_git/Airflow_project/air_venv/lib/python3.12/site-packages/airflow/example_dags/example_sensor_decorator.py
[2025-02-10T14:00:58.972+0600] {processor.py:925} INFO - DAG(s) 'example_sensor_decorator' retrieved from /home/shamim/airflow_git/Airflow_project/air_venv/lib/python3.12/site-packages/airflow/example_dags/example_sensor_decorator.py
[2025-02-10T14:00:58.990+0600] {logging_mixin.py:190} INFO - [2025-02-10T14:00:58.990+0600] {dag.py:3239} INFO - Sync 1 DAGs
[2025-02-10T14:00:59.008+0600] {logging_mixin.py:190} INFO - [2025-02-10T14:00:59.008+0600] {dag.py:4180} INFO - Setting next_dagrun for example_sensor_decorator to None, run_after=None
[2025-02-10T14:00:59.032+0600] {processor.py:208} INFO - Processing /home/shamim/airflow_git/Airflow_project/air_venv/lib/python3.12/site-packages/airflow/example_dags/example_sensor_decorator.py took 0.087 seconds
[2025-02-10T14:02:09.204+0600] {processor.py:186} INFO - Started process (PID=23116) to work on /home/shamim/airflow_git/Airflow_project/air_venv/lib/python3.12/site-packages/airflow/example_dags/example_sensor_decorator.py
[2025-02-10T14:02:09.213+0600] {processor.py:914} INFO - Processing file /home/shamim/airflow_git/Airflow_project/air_venv/lib/python3.12/site-packages/airflow/example_dags/example_sensor_decorator.py for tasks to queue
[2025-02-10T14:02:09.221+0600] {logging_mixin.py:190} INFO - [2025-02-10T14:02:09.219+0600] {dagbag.py:588} INFO - Filling up the DagBag from /home/shamim/airflow_git/Airflow_project/air_venv/lib/python3.12/site-packages/airflow/example_dags/example_sensor_decorator.py
[2025-02-10T14:02:09.252+0600] {processor.py:925} INFO - DAG(s) 'example_sensor_decorator' retrieved from /home/shamim/airflow_git/Airflow_project/air_venv/lib/python3.12/site-packages/airflow/example_dags/example_sensor_decorator.py
[2025-02-10T14:02:09.280+0600] {logging_mixin.py:190} INFO - [2025-02-10T14:02:09.280+0600] {dag.py:3239} INFO - Sync 1 DAGs
[2025-02-10T14:02:09.302+0600] {logging_mixin.py:190} INFO - [2025-02-10T14:02:09.302+0600] {dag.py:4180} INFO - Setting next_dagrun for example_sensor_decorator to None, run_after=None
[2025-02-10T14:02:09.330+0600] {processor.py:208} INFO - Processing /home/shamim/airflow_git/Airflow_project/air_venv/lib/python3.12/site-packages/airflow/example_dags/example_sensor_decorator.py took 0.152 seconds
[2025-02-10T14:03:20.918+0600] {processor.py:186} INFO - Started process (PID=23403) to work on /home/shamim/airflow_git/Airflow_project/air_venv/lib/python3.12/site-packages/airflow/example_dags/example_sensor_decorator.py
[2025-02-10T14:03:20.924+0600] {processor.py:914} INFO - Processing file /home/shamim/airflow_git/Airflow_project/air_venv/lib/python3.12/site-packages/airflow/example_dags/example_sensor_decorator.py for tasks to queue
[2025-02-10T14:03:20.927+0600] {logging_mixin.py:190} INFO - [2025-02-10T14:03:20.927+0600] {dagbag.py:588} INFO - Filling up the DagBag from /home/shamim/airflow_git/Airflow_project/air_venv/lib/python3.12/site-packages/airflow/example_dags/example_sensor_decorator.py
[2025-02-10T14:03:20.937+0600] {processor.py:925} INFO - DAG(s) 'example_sensor_decorator' retrieved from /home/shamim/airflow_git/Airflow_project/air_venv/lib/python3.12/site-packages/airflow/example_dags/example_sensor_decorator.py
[2025-02-10T14:03:20.954+0600] {logging_mixin.py:190} INFO - [2025-02-10T14:03:20.954+0600] {dag.py:3239} INFO - Sync 1 DAGs
[2025-02-10T14:03:20.969+0600] {logging_mixin.py:190} INFO - [2025-02-10T14:03:20.969+0600] {dag.py:4180} INFO - Setting next_dagrun for example_sensor_decorator to None, run_after=None
[2025-02-10T14:03:20.994+0600] {processor.py:208} INFO - Processing /home/shamim/airflow_git/Airflow_project/air_venv/lib/python3.12/site-packages/airflow/example_dags/example_sensor_decorator.py took 0.082 seconds
[2025-02-10T14:04:47.437+0600] {processor.py:186} INFO - Started process (PID=24046) to work on /home/shamim/airflow_git/Airflow_project/air_venv/lib/python3.12/site-packages/airflow/example_dags/example_sensor_decorator.py
[2025-02-10T14:04:47.445+0600] {processor.py:914} INFO - Processing file /home/shamim/airflow_git/Airflow_project/air_venv/lib/python3.12/site-packages/airflow/example_dags/example_sensor_decorator.py for tasks to queue
[2025-02-10T14:04:47.452+0600] {logging_mixin.py:190} INFO - [2025-02-10T14:04:47.451+0600] {dagbag.py:588} INFO - Filling up the DagBag from /home/shamim/airflow_git/Airflow_project/air_venv/lib/python3.12/site-packages/airflow/example_dags/example_sensor_decorator.py
[2025-02-10T14:04:47.476+0600] {processor.py:925} INFO - DAG(s) 'example_sensor_decorator' retrieved from /home/shamim/airflow_git/Airflow_project/air_venv/lib/python3.12/site-packages/airflow/example_dags/example_sensor_decorator.py
[2025-02-10T14:04:47.504+0600] {logging_mixin.py:190} INFO - [2025-02-10T14:04:47.503+0600] {dag.py:3239} INFO - Sync 1 DAGs
[2025-02-10T14:04:47.528+0600] {logging_mixin.py:190} INFO - [2025-02-10T14:04:47.528+0600] {dag.py:4180} INFO - Setting next_dagrun for example_sensor_decorator to None, run_after=None
[2025-02-10T14:04:47.567+0600] {processor.py:208} INFO - Processing /home/shamim/airflow_git/Airflow_project/air_venv/lib/python3.12/site-packages/airflow/example_dags/example_sensor_decorator.py took 0.151 seconds
