[2025-02-10T12:59:38.077+0600] {processor.py:186} INFO - Started process (PID=12968) to work on /home/shamim/airflow_git/Airflow_project/air_venv/lib/python3.12/site-packages/airflow/example_dags/example_outlet_event_extra.py
[2025-02-10T12:59:38.079+0600] {processor.py:914} INFO - Processing file /home/shamim/airflow_git/Airflow_project/air_venv/lib/python3.12/site-packages/airflow/example_dags/example_outlet_event_extra.py for tasks to queue
[2025-02-10T12:59:38.087+0600] {logging_mixin.py:190} INFO - [2025-02-10T12:59:38.085+0600] {dagbag.py:588} INFO - Filling up the DagBag from /home/shamim/airflow_git/Airflow_project/air_venv/lib/python3.12/site-packages/airflow/example_dags/example_outlet_event_extra.py
[2025-02-10T12:59:38.648+0600] {processor.py:925} INFO - DAG(s) 'dataset_with_extra_by_context', 'dataset_with_extra_by_yield', 'dataset_with_extra_from_classic_operator' retrieved from /home/shamim/airflow_git/Airflow_project/air_venv/lib/python3.12/site-packages/airflow/example_dags/example_outlet_event_extra.py
[2025-02-10T12:59:38.754+0600] {logging_mixin.py:190} INFO - [2025-02-10T12:59:38.753+0600] {override.py:1930} INFO - Created Permission View: can delete on DAG:dataset_with_extra_by_context
[2025-02-10T12:59:38.765+0600] {logging_mixin.py:190} INFO - [2025-02-10T12:59:38.765+0600] {override.py:1930} INFO - Created Permission View: can edit on DAG:dataset_with_extra_by_context
[2025-02-10T12:59:38.773+0600] {logging_mixin.py:190} INFO - [2025-02-10T12:59:38.772+0600] {override.py:1930} INFO - Created Permission View: can read on DAG:dataset_with_extra_by_context
[2025-02-10T12:59:38.784+0600] {logging_mixin.py:190} INFO - [2025-02-10T12:59:38.783+0600] {override.py:1930} INFO - Created Permission View: can delete on DAG Run:dataset_with_extra_by_context
[2025-02-10T12:59:38.791+0600] {logging_mixin.py:190} INFO - [2025-02-10T12:59:38.790+0600] {override.py:1930} INFO - Created Permission View: can read on DAG Run:dataset_with_extra_by_context
[2025-02-10T12:59:38.798+0600] {logging_mixin.py:190} INFO - [2025-02-10T12:59:38.798+0600] {override.py:1930} INFO - Created Permission View: can create on DAG Run:dataset_with_extra_by_context
[2025-02-10T12:59:38.806+0600] {logging_mixin.py:190} INFO - [2025-02-10T12:59:38.805+0600] {override.py:1930} INFO - Created Permission View: menu access on DAG Run:dataset_with_extra_by_context
[2025-02-10T12:59:38.821+0600] {logging_mixin.py:190} INFO - [2025-02-10T12:59:38.821+0600] {override.py:1930} INFO - Created Permission View: can delete on DAG:dataset_with_extra_by_yield
[2025-02-10T12:59:38.829+0600] {logging_mixin.py:190} INFO - [2025-02-10T12:59:38.828+0600] {override.py:1930} INFO - Created Permission View: can edit on DAG:dataset_with_extra_by_yield
[2025-02-10T12:59:38.843+0600] {logging_mixin.py:190} INFO - [2025-02-10T12:59:38.842+0600] {override.py:1930} INFO - Created Permission View: can read on DAG:dataset_with_extra_by_yield
[2025-02-10T12:59:38.854+0600] {logging_mixin.py:190} INFO - [2025-02-10T12:59:38.854+0600] {override.py:1930} INFO - Created Permission View: can delete on DAG Run:dataset_with_extra_by_yield
[2025-02-10T12:59:38.861+0600] {logging_mixin.py:190} INFO - [2025-02-10T12:59:38.861+0600] {override.py:1930} INFO - Created Permission View: can read on DAG Run:dataset_with_extra_by_yield
[2025-02-10T12:59:38.869+0600] {logging_mixin.py:190} INFO - [2025-02-10T12:59:38.868+0600] {override.py:1930} INFO - Created Permission View: can create on DAG Run:dataset_with_extra_by_yield
[2025-02-10T12:59:38.876+0600] {logging_mixin.py:190} INFO - [2025-02-10T12:59:38.876+0600] {override.py:1930} INFO - Created Permission View: menu access on DAG Run:dataset_with_extra_by_yield
[2025-02-10T12:59:38.892+0600] {logging_mixin.py:190} INFO - [2025-02-10T12:59:38.892+0600] {override.py:1930} INFO - Created Permission View: can delete on DAG:dataset_with_extra_from_classic_operator
[2025-02-10T12:59:38.900+0600] {logging_mixin.py:190} INFO - [2025-02-10T12:59:38.900+0600] {override.py:1930} INFO - Created Permission View: can edit on DAG:dataset_with_extra_from_classic_operator
[2025-02-10T12:59:38.908+0600] {logging_mixin.py:190} INFO - [2025-02-10T12:59:38.907+0600] {override.py:1930} INFO - Created Permission View: can read on DAG:dataset_with_extra_from_classic_operator
[2025-02-10T12:59:38.920+0600] {logging_mixin.py:190} INFO - [2025-02-10T12:59:38.920+0600] {override.py:1930} INFO - Created Permission View: can delete on DAG Run:dataset_with_extra_from_classic_operator
[2025-02-10T12:59:38.928+0600] {logging_mixin.py:190} INFO - [2025-02-10T12:59:38.927+0600] {override.py:1930} INFO - Created Permission View: can read on DAG Run:dataset_with_extra_from_classic_operator
[2025-02-10T12:59:38.936+0600] {logging_mixin.py:190} INFO - [2025-02-10T12:59:38.935+0600] {override.py:1930} INFO - Created Permission View: can create on DAG Run:dataset_with_extra_from_classic_operator
[2025-02-10T12:59:38.943+0600] {logging_mixin.py:190} INFO - [2025-02-10T12:59:38.943+0600] {override.py:1930} INFO - Created Permission View: menu access on DAG Run:dataset_with_extra_from_classic_operator
[2025-02-10T12:59:38.944+0600] {logging_mixin.py:190} INFO - [2025-02-10T12:59:38.943+0600] {dag.py:3239} INFO - Sync 3 DAGs
[2025-02-10T12:59:38.957+0600] {logging_mixin.py:190} INFO - [2025-02-10T12:59:38.956+0600] {dag.py:3262} INFO - Creating ORM DAG for dataset_with_extra_by_context
[2025-02-10T12:59:38.958+0600] {logging_mixin.py:190} INFO - [2025-02-10T12:59:38.957+0600] {dag.py:3262} INFO - Creating ORM DAG for dataset_with_extra_from_classic_operator
[2025-02-10T12:59:38.958+0600] {logging_mixin.py:190} INFO - [2025-02-10T12:59:38.958+0600] {dag.py:3262} INFO - Creating ORM DAG for dataset_with_extra_by_yield
[2025-02-10T12:59:38.968+0600] {logging_mixin.py:190} INFO - [2025-02-10T12:59:38.968+0600] {dag.py:4180} INFO - Setting next_dagrun for dataset_with_extra_by_context to 2025-02-09 00:00:00+00:00, run_after=2025-02-10 00:00:00+00:00
[2025-02-10T12:59:38.972+0600] {logging_mixin.py:190} INFO - [2025-02-10T12:59:38.971+0600] {dag.py:4180} INFO - Setting next_dagrun for dataset_with_extra_by_yield to 2025-02-09 00:00:00+00:00, run_after=2025-02-10 00:00:00+00:00
[2025-02-10T12:59:38.975+0600] {logging_mixin.py:190} INFO - [2025-02-10T12:59:38.975+0600] {dag.py:4180} INFO - Setting next_dagrun for dataset_with_extra_from_classic_operator to 2025-02-09 00:00:00+00:00, run_after=2025-02-10 00:00:00+00:00
[2025-02-10T12:59:39.011+0600] {processor.py:208} INFO - Processing /home/shamim/airflow_git/Airflow_project/air_venv/lib/python3.12/site-packages/airflow/example_dags/example_outlet_event_extra.py took 0.953 seconds
[2025-02-10T13:00:54.339+0600] {processor.py:186} INFO - Started process (PID=13524) to work on /home/shamim/airflow_git/Airflow_project/air_venv/lib/python3.12/site-packages/airflow/example_dags/example_outlet_event_extra.py
[2025-02-10T13:00:54.346+0600] {processor.py:914} INFO - Processing file /home/shamim/airflow_git/Airflow_project/air_venv/lib/python3.12/site-packages/airflow/example_dags/example_outlet_event_extra.py for tasks to queue
[2025-02-10T13:00:54.349+0600] {logging_mixin.py:190} INFO - [2025-02-10T13:00:54.348+0600] {dagbag.py:588} INFO - Filling up the DagBag from /home/shamim/airflow_git/Airflow_project/air_venv/lib/python3.12/site-packages/airflow/example_dags/example_outlet_event_extra.py
[2025-02-10T13:00:54.868+0600] {processor.py:925} INFO - DAG(s) 'dataset_with_extra_from_classic_operator', 'dataset_with_extra_by_context', 'dataset_with_extra_by_yield' retrieved from /home/shamim/airflow_git/Airflow_project/air_venv/lib/python3.12/site-packages/airflow/example_dags/example_outlet_event_extra.py
[2025-02-10T13:00:54.887+0600] {logging_mixin.py:190} INFO - [2025-02-10T13:00:54.887+0600] {dag.py:3239} INFO - Sync 3 DAGs
[2025-02-10T13:00:54.909+0600] {logging_mixin.py:190} INFO - [2025-02-10T13:00:54.909+0600] {dag.py:4180} INFO - Setting next_dagrun for dataset_with_extra_by_context to 2025-02-09 00:00:00+00:00, run_after=2025-02-10 00:00:00+00:00
[2025-02-10T13:00:54.915+0600] {logging_mixin.py:190} INFO - [2025-02-10T13:00:54.914+0600] {dag.py:4180} INFO - Setting next_dagrun for dataset_with_extra_by_yield to 2025-02-09 00:00:00+00:00, run_after=2025-02-10 00:00:00+00:00
[2025-02-10T13:00:54.917+0600] {logging_mixin.py:190} INFO - [2025-02-10T13:00:54.917+0600] {dag.py:4180} INFO - Setting next_dagrun for dataset_with_extra_from_classic_operator to 2025-02-09 00:00:00+00:00, run_after=2025-02-10 00:00:00+00:00
[2025-02-10T13:00:54.947+0600] {processor.py:208} INFO - Processing /home/shamim/airflow_git/Airflow_project/air_venv/lib/python3.12/site-packages/airflow/example_dags/example_outlet_event_extra.py took 0.616 seconds
[2025-02-10T13:02:05.530+0600] {processor.py:186} INFO - Started process (PID=13647) to work on /home/shamim/airflow_git/Airflow_project/air_venv/lib/python3.12/site-packages/airflow/example_dags/example_outlet_event_extra.py
[2025-02-10T13:02:05.534+0600] {processor.py:914} INFO - Processing file /home/shamim/airflow_git/Airflow_project/air_venv/lib/python3.12/site-packages/airflow/example_dags/example_outlet_event_extra.py for tasks to queue
[2025-02-10T13:02:05.538+0600] {logging_mixin.py:190} INFO - [2025-02-10T13:02:05.537+0600] {dagbag.py:588} INFO - Filling up the DagBag from /home/shamim/airflow_git/Airflow_project/air_venv/lib/python3.12/site-packages/airflow/example_dags/example_outlet_event_extra.py
[2025-02-10T13:02:06.203+0600] {processor.py:925} INFO - DAG(s) 'dataset_with_extra_by_yield', 'dataset_with_extra_by_context', 'dataset_with_extra_from_classic_operator' retrieved from /home/shamim/airflow_git/Airflow_project/air_venv/lib/python3.12/site-packages/airflow/example_dags/example_outlet_event_extra.py
[2025-02-10T13:02:06.233+0600] {logging_mixin.py:190} INFO - [2025-02-10T13:02:06.232+0600] {dag.py:3239} INFO - Sync 3 DAGs
[2025-02-10T13:02:06.260+0600] {logging_mixin.py:190} INFO - [2025-02-10T13:02:06.259+0600] {dag.py:4180} INFO - Setting next_dagrun for dataset_with_extra_by_context to 2025-02-09 00:00:00+00:00, run_after=2025-02-10 00:00:00+00:00
[2025-02-10T13:02:06.266+0600] {logging_mixin.py:190} INFO - [2025-02-10T13:02:06.266+0600] {dag.py:4180} INFO - Setting next_dagrun for dataset_with_extra_by_yield to 2025-02-09 00:00:00+00:00, run_after=2025-02-10 00:00:00+00:00
[2025-02-10T13:02:06.269+0600] {logging_mixin.py:190} INFO - [2025-02-10T13:02:06.268+0600] {dag.py:4180} INFO - Setting next_dagrun for dataset_with_extra_from_classic_operator to 2025-02-09 00:00:00+00:00, run_after=2025-02-10 00:00:00+00:00
[2025-02-10T13:02:06.298+0600] {processor.py:208} INFO - Processing /home/shamim/airflow_git/Airflow_project/air_venv/lib/python3.12/site-packages/airflow/example_dags/example_outlet_event_extra.py took 0.777 seconds
