[2025-02-10T12:59:09.487+0600] {processor.py:186} INFO - Started process (PID=12682) to work on /home/shamim/airflow_git/Airflow_project/air_venv/lib/python3.12/site-packages/airflow/example_dags/example_xcom.py
[2025-02-10T12:59:09.488+0600] {processor.py:914} INFO - Processing file /home/shamim/airflow_git/Airflow_project/air_venv/lib/python3.12/site-packages/airflow/example_dags/example_xcom.py for tasks to queue
[2025-02-10T12:59:09.492+0600] {logging_mixin.py:190} INFO - [2025-02-10T12:59:09.491+0600] {dagbag.py:588} INFO - Filling up the DagBag from /home/shamim/airflow_git/Airflow_project/air_venv/lib/python3.12/site-packages/airflow/example_dags/example_xcom.py
[2025-02-10T12:59:09.509+0600] {processor.py:925} INFO - DAG(s) 'example_xcom' retrieved from /home/shamim/airflow_git/Airflow_project/air_venv/lib/python3.12/site-packages/airflow/example_dags/example_xcom.py
[2025-02-10T12:59:09.743+0600] {logging_mixin.py:190} INFO - [2025-02-10T12:59:09.742+0600] {override.py:1930} INFO - Created Permission View: can delete on DAG:example_xcom
[2025-02-10T12:59:09.774+0600] {logging_mixin.py:190} INFO - [2025-02-10T12:59:09.773+0600] {override.py:1930} INFO - Created Permission View: can edit on DAG:example_xcom
[2025-02-10T12:59:09.794+0600] {logging_mixin.py:190} INFO - [2025-02-10T12:59:09.794+0600] {override.py:1930} INFO - Created Permission View: can read on DAG:example_xcom
[2025-02-10T12:59:09.828+0600] {logging_mixin.py:190} INFO - [2025-02-10T12:59:09.828+0600] {override.py:1930} INFO - Created Permission View: can delete on DAG Run:example_xcom
[2025-02-10T12:59:09.848+0600] {logging_mixin.py:190} INFO - [2025-02-10T12:59:09.847+0600] {override.py:1930} INFO - Created Permission View: can read on DAG Run:example_xcom
[2025-02-10T12:59:09.866+0600] {logging_mixin.py:190} INFO - [2025-02-10T12:59:09.865+0600] {override.py:1930} INFO - Created Permission View: can create on DAG Run:example_xcom
[2025-02-10T12:59:09.881+0600] {logging_mixin.py:190} INFO - [2025-02-10T12:59:09.881+0600] {override.py:1930} INFO - Created Permission View: menu access on DAG Run:example_xcom
[2025-02-10T12:59:09.882+0600] {logging_mixin.py:190} INFO - [2025-02-10T12:59:09.882+0600] {dag.py:3239} INFO - Sync 1 DAGs
[2025-02-10T12:59:09.907+0600] {logging_mixin.py:190} INFO - [2025-02-10T12:59:09.906+0600] {dag.py:3262} INFO - Creating ORM DAG for example_xcom
[2025-02-10T12:59:09.935+0600] {logging_mixin.py:190} INFO - [2025-02-10T12:59:09.935+0600] {dag.py:4180} INFO - Setting next_dagrun for example_xcom to 2021-01-01 00:00:00+00:00, run_after=2021-01-01 00:00:00+00:00
[2025-02-10T12:59:09.979+0600] {processor.py:208} INFO - Processing /home/shamim/airflow_git/Airflow_project/air_venv/lib/python3.12/site-packages/airflow/example_dags/example_xcom.py took 0.502 seconds
[2025-02-10T13:00:32.089+0600] {processor.py:186} INFO - Started process (PID=13496) to work on /home/shamim/airflow_git/Airflow_project/air_venv/lib/python3.12/site-packages/airflow/example_dags/example_xcom.py
[2025-02-10T13:00:32.095+0600] {processor.py:914} INFO - Processing file /home/shamim/airflow_git/Airflow_project/air_venv/lib/python3.12/site-packages/airflow/example_dags/example_xcom.py for tasks to queue
[2025-02-10T13:00:32.099+0600] {logging_mixin.py:190} INFO - [2025-02-10T13:00:32.098+0600] {dagbag.py:588} INFO - Filling up the DagBag from /home/shamim/airflow_git/Airflow_project/air_venv/lib/python3.12/site-packages/airflow/example_dags/example_xcom.py
[2025-02-10T13:00:32.110+0600] {processor.py:925} INFO - DAG(s) 'example_xcom' retrieved from /home/shamim/airflow_git/Airflow_project/air_venv/lib/python3.12/site-packages/airflow/example_dags/example_xcom.py
[2025-02-10T13:00:32.128+0600] {logging_mixin.py:190} INFO - [2025-02-10T13:00:32.128+0600] {dag.py:3239} INFO - Sync 1 DAGs
[2025-02-10T13:00:32.151+0600] {logging_mixin.py:190} INFO - [2025-02-10T13:00:32.151+0600] {dag.py:4180} INFO - Setting next_dagrun for example_xcom to 2021-01-01 00:00:00+00:00, run_after=2021-01-01 00:00:00+00:00
[2025-02-10T13:00:32.178+0600] {processor.py:208} INFO - Processing /home/shamim/airflow_git/Airflow_project/air_venv/lib/python3.12/site-packages/airflow/example_dags/example_xcom.py took 0.096 seconds
[2025-02-10T13:01:18.422+0600] {processor.py:186} INFO - Started process (PID=13584) to work on /home/shamim/airflow_git/Airflow_project/air_venv/lib/python3.12/site-packages/airflow/example_dags/example_xcom.py
[2025-02-10T13:01:18.428+0600] {processor.py:914} INFO - Processing file /home/shamim/airflow_git/Airflow_project/air_venv/lib/python3.12/site-packages/airflow/example_dags/example_xcom.py for tasks to queue
[2025-02-10T13:01:18.432+0600] {logging_mixin.py:190} INFO - [2025-02-10T13:01:18.431+0600] {dagbag.py:588} INFO - Filling up the DagBag from /home/shamim/airflow_git/Airflow_project/air_venv/lib/python3.12/site-packages/airflow/example_dags/example_xcom.py
[2025-02-10T13:01:18.444+0600] {processor.py:925} INFO - DAG(s) 'example_xcom' retrieved from /home/shamim/airflow_git/Airflow_project/air_venv/lib/python3.12/site-packages/airflow/example_dags/example_xcom.py
[2025-02-10T13:01:18.463+0600] {logging_mixin.py:190} INFO - [2025-02-10T13:01:18.463+0600] {dag.py:3239} INFO - Sync 1 DAGs
[2025-02-10T13:01:18.486+0600] {logging_mixin.py:190} INFO - [2025-02-10T13:01:18.486+0600] {dag.py:4180} INFO - Setting next_dagrun for example_xcom to 2021-01-01 00:00:00+00:00, run_after=2021-01-01 00:00:00+00:00
[2025-02-10T13:01:18.511+0600] {processor.py:208} INFO - Processing /home/shamim/airflow_git/Airflow_project/air_venv/lib/python3.12/site-packages/airflow/example_dags/example_xcom.py took 0.097 seconds
