[2025-02-10T12:59:30.313+0600] {processor.py:186} INFO - Started process (PID=12923) to work on /home/shamim/airflow_git/Airflow_project/air_venv/lib/python3.12/site-packages/airflow/example_dags/example_setup_teardown.py
[2025-02-10T12:59:30.314+0600] {processor.py:914} INFO - Processing file /home/shamim/airflow_git/Airflow_project/air_venv/lib/python3.12/site-packages/airflow/example_dags/example_setup_teardown.py for tasks to queue
[2025-02-10T12:59:30.317+0600] {logging_mixin.py:190} INFO - [2025-02-10T12:59:30.316+0600] {dagbag.py:588} INFO - Filling up the DagBag from /home/shamim/airflow_git/Airflow_project/air_venv/lib/python3.12/site-packages/airflow/example_dags/example_setup_teardown.py
[2025-02-10T12:59:30.329+0600] {processor.py:925} INFO - DAG(s) 'example_setup_teardown' retrieved from /home/shamim/airflow_git/Airflow_project/air_venv/lib/python3.12/site-packages/airflow/example_dags/example_setup_teardown.py
[2025-02-10T12:59:30.561+0600] {logging_mixin.py:190} INFO - [2025-02-10T12:59:30.560+0600] {override.py:1930} INFO - Created Permission View: can delete on DAG:example_setup_teardown
[2025-02-10T12:59:30.580+0600] {logging_mixin.py:190} INFO - [2025-02-10T12:59:30.580+0600] {override.py:1930} INFO - Created Permission View: can edit on DAG:example_setup_teardown
[2025-02-10T12:59:30.591+0600] {logging_mixin.py:190} INFO - [2025-02-10T12:59:30.591+0600] {override.py:1930} INFO - Created Permission View: can read on DAG:example_setup_teardown
[2025-02-10T12:59:30.604+0600] {logging_mixin.py:190} INFO - [2025-02-10T12:59:30.604+0600] {override.py:1930} INFO - Created Permission View: can delete on DAG Run:example_setup_teardown
[2025-02-10T12:59:30.612+0600] {logging_mixin.py:190} INFO - [2025-02-10T12:59:30.612+0600] {override.py:1930} INFO - Created Permission View: can read on DAG Run:example_setup_teardown
[2025-02-10T12:59:30.621+0600] {logging_mixin.py:190} INFO - [2025-02-10T12:59:30.620+0600] {override.py:1930} INFO - Created Permission View: can create on DAG Run:example_setup_teardown
[2025-02-10T12:59:30.630+0600] {logging_mixin.py:190} INFO - [2025-02-10T12:59:30.629+0600] {override.py:1930} INFO - Created Permission View: menu access on DAG Run:example_setup_teardown
[2025-02-10T12:59:30.630+0600] {logging_mixin.py:190} INFO - [2025-02-10T12:59:30.630+0600] {dag.py:3239} INFO - Sync 1 DAGs
[2025-02-10T12:59:30.643+0600] {logging_mixin.py:190} INFO - [2025-02-10T12:59:30.643+0600] {dag.py:3262} INFO - Creating ORM DAG for example_setup_teardown
[2025-02-10T12:59:30.644+0600] {logging_mixin.py:190} INFO - [2025-02-10T12:59:30.644+0600] {dag.py:4180} INFO - Setting next_dagrun for example_setup_teardown to None, run_after=None
[2025-02-10T12:59:30.664+0600] {processor.py:208} INFO - Processing /home/shamim/airflow_git/Airflow_project/air_venv/lib/python3.12/site-packages/airflow/example_dags/example_setup_teardown.py took 0.358 seconds
[2025-02-10T13:00:47.733+0600] {processor.py:186} INFO - Started process (PID=13517) to work on /home/shamim/airflow_git/Airflow_project/air_venv/lib/python3.12/site-packages/airflow/example_dags/example_setup_teardown.py
[2025-02-10T13:00:47.740+0600] {processor.py:914} INFO - Processing file /home/shamim/airflow_git/Airflow_project/air_venv/lib/python3.12/site-packages/airflow/example_dags/example_setup_teardown.py for tasks to queue
[2025-02-10T13:00:47.742+0600] {logging_mixin.py:190} INFO - [2025-02-10T13:00:47.742+0600] {dagbag.py:588} INFO - Filling up the DagBag from /home/shamim/airflow_git/Airflow_project/air_venv/lib/python3.12/site-packages/airflow/example_dags/example_setup_teardown.py
[2025-02-10T13:00:47.752+0600] {processor.py:925} INFO - DAG(s) 'example_setup_teardown' retrieved from /home/shamim/airflow_git/Airflow_project/air_venv/lib/python3.12/site-packages/airflow/example_dags/example_setup_teardown.py
[2025-02-10T13:00:47.770+0600] {logging_mixin.py:190} INFO - [2025-02-10T13:00:47.770+0600] {dag.py:3239} INFO - Sync 1 DAGs
[2025-02-10T13:00:47.785+0600] {logging_mixin.py:190} INFO - [2025-02-10T13:00:47.785+0600] {dag.py:4180} INFO - Setting next_dagrun for example_setup_teardown to None, run_after=None
[2025-02-10T13:00:47.810+0600] {processor.py:208} INFO - Processing /home/shamim/airflow_git/Airflow_project/air_venv/lib/python3.12/site-packages/airflow/example_dags/example_setup_teardown.py took 0.083 seconds
[2025-02-10T13:01:59.891+0600] {processor.py:186} INFO - Started process (PID=13638) to work on /home/shamim/airflow_git/Airflow_project/air_venv/lib/python3.12/site-packages/airflow/example_dags/example_setup_teardown.py
[2025-02-10T13:01:59.898+0600] {processor.py:914} INFO - Processing file /home/shamim/airflow_git/Airflow_project/air_venv/lib/python3.12/site-packages/airflow/example_dags/example_setup_teardown.py for tasks to queue
[2025-02-10T13:01:59.902+0600] {logging_mixin.py:190} INFO - [2025-02-10T13:01:59.901+0600] {dagbag.py:588} INFO - Filling up the DagBag from /home/shamim/airflow_git/Airflow_project/air_venv/lib/python3.12/site-packages/airflow/example_dags/example_setup_teardown.py
[2025-02-10T13:01:59.914+0600] {processor.py:925} INFO - DAG(s) 'example_setup_teardown' retrieved from /home/shamim/airflow_git/Airflow_project/air_venv/lib/python3.12/site-packages/airflow/example_dags/example_setup_teardown.py
[2025-02-10T13:01:59.935+0600] {logging_mixin.py:190} INFO - [2025-02-10T13:01:59.935+0600] {dag.py:3239} INFO - Sync 1 DAGs
[2025-02-10T13:01:59.953+0600] {logging_mixin.py:190} INFO - [2025-02-10T13:01:59.953+0600] {dag.py:4180} INFO - Setting next_dagrun for example_setup_teardown to None, run_after=None
[2025-02-10T13:01:59.980+0600] {processor.py:208} INFO - Processing /home/shamim/airflow_git/Airflow_project/air_venv/lib/python3.12/site-packages/airflow/example_dags/example_setup_teardown.py took 0.097 seconds
[2025-02-10T13:03:06.323+0600] {processor.py:186} INFO - Started process (PID=13783) to work on /home/shamim/airflow_git/Airflow_project/air_venv/lib/python3.12/site-packages/airflow/example_dags/example_setup_teardown.py
[2025-02-10T13:03:06.329+0600] {processor.py:914} INFO - Processing file /home/shamim/airflow_git/Airflow_project/air_venv/lib/python3.12/site-packages/airflow/example_dags/example_setup_teardown.py for tasks to queue
[2025-02-10T13:03:06.331+0600] {logging_mixin.py:190} INFO - [2025-02-10T13:03:06.331+0600] {dagbag.py:588} INFO - Filling up the DagBag from /home/shamim/airflow_git/Airflow_project/air_venv/lib/python3.12/site-packages/airflow/example_dags/example_setup_teardown.py
[2025-02-10T13:03:06.342+0600] {processor.py:925} INFO - DAG(s) 'example_setup_teardown' retrieved from /home/shamim/airflow_git/Airflow_project/air_venv/lib/python3.12/site-packages/airflow/example_dags/example_setup_teardown.py
[2025-02-10T13:03:06.360+0600] {logging_mixin.py:190} INFO - [2025-02-10T13:03:06.360+0600] {dag.py:3239} INFO - Sync 1 DAGs
[2025-02-10T13:03:06.376+0600] {logging_mixin.py:190} INFO - [2025-02-10T13:03:06.375+0600] {dag.py:4180} INFO - Setting next_dagrun for example_setup_teardown to None, run_after=None
[2025-02-10T13:03:06.399+0600] {processor.py:208} INFO - Processing /home/shamim/airflow_git/Airflow_project/air_venv/lib/python3.12/site-packages/airflow/example_dags/example_setup_teardown.py took 0.083 seconds
[2025-02-10T13:04:13.931+0600] {processor.py:186} INFO - Started process (PID=13976) to work on /home/shamim/airflow_git/Airflow_project/air_venv/lib/python3.12/site-packages/airflow/example_dags/example_setup_teardown.py
[2025-02-10T13:04:13.937+0600] {processor.py:914} INFO - Processing file /home/shamim/airflow_git/Airflow_project/air_venv/lib/python3.12/site-packages/airflow/example_dags/example_setup_teardown.py for tasks to queue
[2025-02-10T13:04:13.943+0600] {logging_mixin.py:190} INFO - [2025-02-10T13:04:13.943+0600] {dagbag.py:588} INFO - Filling up the DagBag from /home/shamim/airflow_git/Airflow_project/air_venv/lib/python3.12/site-packages/airflow/example_dags/example_setup_teardown.py
[2025-02-10T13:04:13.956+0600] {processor.py:925} INFO - DAG(s) 'example_setup_teardown' retrieved from /home/shamim/airflow_git/Airflow_project/air_venv/lib/python3.12/site-packages/airflow/example_dags/example_setup_teardown.py
[2025-02-10T13:04:13.985+0600] {logging_mixin.py:190} INFO - [2025-02-10T13:04:13.985+0600] {dag.py:3239} INFO - Sync 1 DAGs
[2025-02-10T13:04:14.011+0600] {logging_mixin.py:190} INFO - [2025-02-10T13:04:14.011+0600] {dag.py:4180} INFO - Setting next_dagrun for example_setup_teardown to None, run_after=None
[2025-02-10T13:04:14.062+0600] {processor.py:208} INFO - Processing /home/shamim/airflow_git/Airflow_project/air_venv/lib/python3.12/site-packages/airflow/example_dags/example_setup_teardown.py took 0.144 seconds
[2025-02-10T13:05:20.459+0600] {processor.py:186} INFO - Started process (PID=14081) to work on /home/shamim/airflow_git/Airflow_project/air_venv/lib/python3.12/site-packages/airflow/example_dags/example_setup_teardown.py
[2025-02-10T13:05:20.465+0600] {processor.py:914} INFO - Processing file /home/shamim/airflow_git/Airflow_project/air_venv/lib/python3.12/site-packages/airflow/example_dags/example_setup_teardown.py for tasks to queue
[2025-02-10T13:05:20.468+0600] {logging_mixin.py:190} INFO - [2025-02-10T13:05:20.468+0600] {dagbag.py:588} INFO - Filling up the DagBag from /home/shamim/airflow_git/Airflow_project/air_venv/lib/python3.12/site-packages/airflow/example_dags/example_setup_teardown.py
[2025-02-10T13:05:20.480+0600] {processor.py:925} INFO - DAG(s) 'example_setup_teardown' retrieved from /home/shamim/airflow_git/Airflow_project/air_venv/lib/python3.12/site-packages/airflow/example_dags/example_setup_teardown.py
[2025-02-10T13:05:20.499+0600] {logging_mixin.py:190} INFO - [2025-02-10T13:05:20.498+0600] {dag.py:3239} INFO - Sync 1 DAGs
[2025-02-10T13:05:20.513+0600] {logging_mixin.py:190} INFO - [2025-02-10T13:05:20.513+0600] {dag.py:4180} INFO - Setting next_dagrun for example_setup_teardown to None, run_after=None
[2025-02-10T13:05:20.538+0600] {processor.py:208} INFO - Processing /home/shamim/airflow_git/Airflow_project/air_venv/lib/python3.12/site-packages/airflow/example_dags/example_setup_teardown.py took 0.086 seconds
[2025-02-10T13:06:29.071+0600] {processor.py:186} INFO - Started process (PID=14218) to work on /home/shamim/airflow_git/Airflow_project/air_venv/lib/python3.12/site-packages/airflow/example_dags/example_setup_teardown.py
[2025-02-10T13:06:29.074+0600] {processor.py:914} INFO - Processing file /home/shamim/airflow_git/Airflow_project/air_venv/lib/python3.12/site-packages/airflow/example_dags/example_setup_teardown.py for tasks to queue
[2025-02-10T13:06:29.076+0600] {logging_mixin.py:190} INFO - [2025-02-10T13:06:29.076+0600] {dagbag.py:588} INFO - Filling up the DagBag from /home/shamim/airflow_git/Airflow_project/air_venv/lib/python3.12/site-packages/airflow/example_dags/example_setup_teardown.py
[2025-02-10T13:06:29.087+0600] {processor.py:925} INFO - DAG(s) 'example_setup_teardown' retrieved from /home/shamim/airflow_git/Airflow_project/air_venv/lib/python3.12/site-packages/airflow/example_dags/example_setup_teardown.py
[2025-02-10T13:06:29.105+0600] {logging_mixin.py:190} INFO - [2025-02-10T13:06:29.105+0600] {dag.py:3239} INFO - Sync 1 DAGs
[2025-02-10T13:06:29.119+0600] {logging_mixin.py:190} INFO - [2025-02-10T13:06:29.119+0600] {dag.py:4180} INFO - Setting next_dagrun for example_setup_teardown to None, run_after=None
[2025-02-10T13:06:29.144+0600] {processor.py:208} INFO - Processing /home/shamim/airflow_git/Airflow_project/air_venv/lib/python3.12/site-packages/airflow/example_dags/example_setup_teardown.py took 0.080 seconds
[2025-02-10T13:07:43.088+0600] {processor.py:186} INFO - Started process (PID=14444) to work on /home/shamim/airflow_git/Airflow_project/air_venv/lib/python3.12/site-packages/airflow/example_dags/example_setup_teardown.py
[2025-02-10T13:07:43.094+0600] {processor.py:914} INFO - Processing file /home/shamim/airflow_git/Airflow_project/air_venv/lib/python3.12/site-packages/airflow/example_dags/example_setup_teardown.py for tasks to queue
[2025-02-10T13:07:43.096+0600] {logging_mixin.py:190} INFO - [2025-02-10T13:07:43.096+0600] {dagbag.py:588} INFO - Filling up the DagBag from /home/shamim/airflow_git/Airflow_project/air_venv/lib/python3.12/site-packages/airflow/example_dags/example_setup_teardown.py
[2025-02-10T13:07:43.109+0600] {processor.py:925} INFO - DAG(s) 'example_setup_teardown' retrieved from /home/shamim/airflow_git/Airflow_project/air_venv/lib/python3.12/site-packages/airflow/example_dags/example_setup_teardown.py
[2025-02-10T13:07:43.135+0600] {logging_mixin.py:190} INFO - [2025-02-10T13:07:43.135+0600] {dag.py:3239} INFO - Sync 1 DAGs
[2025-02-10T13:07:43.154+0600] {logging_mixin.py:190} INFO - [2025-02-10T13:07:43.154+0600] {dag.py:4180} INFO - Setting next_dagrun for example_setup_teardown to None, run_after=None
[2025-02-10T13:07:43.186+0600] {processor.py:208} INFO - Processing /home/shamim/airflow_git/Airflow_project/air_venv/lib/python3.12/site-packages/airflow/example_dags/example_setup_teardown.py took 0.107 seconds
[2025-02-10T13:08:55.792+0600] {processor.py:186} INFO - Started process (PID=14583) to work on /home/shamim/airflow_git/Airflow_project/air_venv/lib/python3.12/site-packages/airflow/example_dags/example_setup_teardown.py
[2025-02-10T13:08:55.795+0600] {processor.py:914} INFO - Processing file /home/shamim/airflow_git/Airflow_project/air_venv/lib/python3.12/site-packages/airflow/example_dags/example_setup_teardown.py for tasks to queue
[2025-02-10T13:08:55.798+0600] {logging_mixin.py:190} INFO - [2025-02-10T13:08:55.798+0600] {dagbag.py:588} INFO - Filling up the DagBag from /home/shamim/airflow_git/Airflow_project/air_venv/lib/python3.12/site-packages/airflow/example_dags/example_setup_teardown.py
[2025-02-10T13:08:55.812+0600] {processor.py:925} INFO - DAG(s) 'example_setup_teardown' retrieved from /home/shamim/airflow_git/Airflow_project/air_venv/lib/python3.12/site-packages/airflow/example_dags/example_setup_teardown.py
[2025-02-10T13:08:55.832+0600] {logging_mixin.py:190} INFO - [2025-02-10T13:08:55.831+0600] {dag.py:3239} INFO - Sync 1 DAGs
[2025-02-10T13:08:55.847+0600] {logging_mixin.py:190} INFO - [2025-02-10T13:08:55.847+0600] {dag.py:4180} INFO - Setting next_dagrun for example_setup_teardown to None, run_after=None
[2025-02-10T13:08:55.871+0600] {processor.py:208} INFO - Processing /home/shamim/airflow_git/Airflow_project/air_venv/lib/python3.12/site-packages/airflow/example_dags/example_setup_teardown.py took 0.087 seconds
[2025-02-10T13:10:00.710+0600] {processor.py:186} INFO - Started process (PID=14810) to work on /home/shamim/airflow_git/Airflow_project/air_venv/lib/python3.12/site-packages/airflow/example_dags/example_setup_teardown.py
[2025-02-10T13:10:00.716+0600] {processor.py:914} INFO - Processing file /home/shamim/airflow_git/Airflow_project/air_venv/lib/python3.12/site-packages/airflow/example_dags/example_setup_teardown.py for tasks to queue
[2025-02-10T13:10:00.719+0600] {logging_mixin.py:190} INFO - [2025-02-10T13:10:00.719+0600] {dagbag.py:588} INFO - Filling up the DagBag from /home/shamim/airflow_git/Airflow_project/air_venv/lib/python3.12/site-packages/airflow/example_dags/example_setup_teardown.py
[2025-02-10T13:10:00.730+0600] {processor.py:925} INFO - DAG(s) 'example_setup_teardown' retrieved from /home/shamim/airflow_git/Airflow_project/air_venv/lib/python3.12/site-packages/airflow/example_dags/example_setup_teardown.py
[2025-02-10T13:10:00.749+0600] {logging_mixin.py:190} INFO - [2025-02-10T13:10:00.749+0600] {dag.py:3239} INFO - Sync 1 DAGs
[2025-02-10T13:10:00.763+0600] {logging_mixin.py:190} INFO - [2025-02-10T13:10:00.763+0600] {dag.py:4180} INFO - Setting next_dagrun for example_setup_teardown to None, run_after=None
[2025-02-10T13:10:00.787+0600] {processor.py:208} INFO - Processing /home/shamim/airflow_git/Airflow_project/air_venv/lib/python3.12/site-packages/airflow/example_dags/example_setup_teardown.py took 0.087 seconds
[2025-02-10T13:11:15.216+0600] {processor.py:186} INFO - Started process (PID=14907) to work on /home/shamim/airflow_git/Airflow_project/air_venv/lib/python3.12/site-packages/airflow/example_dags/example_setup_teardown.py
[2025-02-10T13:11:15.222+0600] {processor.py:914} INFO - Processing file /home/shamim/airflow_git/Airflow_project/air_venv/lib/python3.12/site-packages/airflow/example_dags/example_setup_teardown.py for tasks to queue
[2025-02-10T13:11:15.225+0600] {logging_mixin.py:190} INFO - [2025-02-10T13:11:15.225+0600] {dagbag.py:588} INFO - Filling up the DagBag from /home/shamim/airflow_git/Airflow_project/air_venv/lib/python3.12/site-packages/airflow/example_dags/example_setup_teardown.py
[2025-02-10T13:11:15.239+0600] {processor.py:925} INFO - DAG(s) 'example_setup_teardown' retrieved from /home/shamim/airflow_git/Airflow_project/air_venv/lib/python3.12/site-packages/airflow/example_dags/example_setup_teardown.py
[2025-02-10T13:11:15.269+0600] {logging_mixin.py:190} INFO - [2025-02-10T13:11:15.269+0600] {dag.py:3239} INFO - Sync 1 DAGs
[2025-02-10T13:11:15.297+0600] {logging_mixin.py:190} INFO - [2025-02-10T13:11:15.297+0600] {dag.py:4180} INFO - Setting next_dagrun for example_setup_teardown to None, run_after=None
[2025-02-10T13:11:15.334+0600] {processor.py:208} INFO - Processing /home/shamim/airflow_git/Airflow_project/air_venv/lib/python3.12/site-packages/airflow/example_dags/example_setup_teardown.py took 0.130 seconds
[2025-02-10T13:12:32.545+0600] {processor.py:186} INFO - Started process (PID=15000) to work on /home/shamim/airflow_git/Airflow_project/air_venv/lib/python3.12/site-packages/airflow/example_dags/example_setup_teardown.py
[2025-02-10T13:12:32.549+0600] {processor.py:914} INFO - Processing file /home/shamim/airflow_git/Airflow_project/air_venv/lib/python3.12/site-packages/airflow/example_dags/example_setup_teardown.py for tasks to queue
[2025-02-10T13:12:32.552+0600] {logging_mixin.py:190} INFO - [2025-02-10T13:12:32.551+0600] {dagbag.py:588} INFO - Filling up the DagBag from /home/shamim/airflow_git/Airflow_project/air_venv/lib/python3.12/site-packages/airflow/example_dags/example_setup_teardown.py
[2025-02-10T13:12:32.562+0600] {processor.py:925} INFO - DAG(s) 'example_setup_teardown' retrieved from /home/shamim/airflow_git/Airflow_project/air_venv/lib/python3.12/site-packages/airflow/example_dags/example_setup_teardown.py
[2025-02-10T13:12:32.582+0600] {logging_mixin.py:190} INFO - [2025-02-10T13:12:32.582+0600] {dag.py:3239} INFO - Sync 1 DAGs
[2025-02-10T13:12:32.602+0600] {logging_mixin.py:190} INFO - [2025-02-10T13:12:32.602+0600] {dag.py:4180} INFO - Setting next_dagrun for example_setup_teardown to None, run_after=None
[2025-02-10T13:12:32.625+0600] {processor.py:208} INFO - Processing /home/shamim/airflow_git/Airflow_project/air_venv/lib/python3.12/site-packages/airflow/example_dags/example_setup_teardown.py took 0.089 seconds
[2025-02-10T13:13:48.347+0600] {processor.py:186} INFO - Started process (PID=15129) to work on /home/shamim/airflow_git/Airflow_project/air_venv/lib/python3.12/site-packages/airflow/example_dags/example_setup_teardown.py
[2025-02-10T13:13:48.353+0600] {processor.py:914} INFO - Processing file /home/shamim/airflow_git/Airflow_project/air_venv/lib/python3.12/site-packages/airflow/example_dags/example_setup_teardown.py for tasks to queue
[2025-02-10T13:13:48.357+0600] {logging_mixin.py:190} INFO - [2025-02-10T13:13:48.356+0600] {dagbag.py:588} INFO - Filling up the DagBag from /home/shamim/airflow_git/Airflow_project/air_venv/lib/python3.12/site-packages/airflow/example_dags/example_setup_teardown.py
[2025-02-10T13:13:48.367+0600] {processor.py:925} INFO - DAG(s) 'example_setup_teardown' retrieved from /home/shamim/airflow_git/Airflow_project/air_venv/lib/python3.12/site-packages/airflow/example_dags/example_setup_teardown.py
[2025-02-10T13:13:48.386+0600] {logging_mixin.py:190} INFO - [2025-02-10T13:13:48.386+0600] {dag.py:3239} INFO - Sync 1 DAGs
[2025-02-10T13:13:48.401+0600] {logging_mixin.py:190} INFO - [2025-02-10T13:13:48.401+0600] {dag.py:4180} INFO - Setting next_dagrun for example_setup_teardown to None, run_after=None
[2025-02-10T13:13:48.427+0600] {processor.py:208} INFO - Processing /home/shamim/airflow_git/Airflow_project/air_venv/lib/python3.12/site-packages/airflow/example_dags/example_setup_teardown.py took 0.091 seconds
[2025-02-10T13:14:58.075+0600] {processor.py:186} INFO - Started process (PID=15243) to work on /home/shamim/airflow_git/Airflow_project/air_venv/lib/python3.12/site-packages/airflow/example_dags/example_setup_teardown.py
[2025-02-10T13:14:58.081+0600] {processor.py:914} INFO - Processing file /home/shamim/airflow_git/Airflow_project/air_venv/lib/python3.12/site-packages/airflow/example_dags/example_setup_teardown.py for tasks to queue
[2025-02-10T13:14:58.085+0600] {logging_mixin.py:190} INFO - [2025-02-10T13:14:58.084+0600] {dagbag.py:588} INFO - Filling up the DagBag from /home/shamim/airflow_git/Airflow_project/air_venv/lib/python3.12/site-packages/airflow/example_dags/example_setup_teardown.py
[2025-02-10T13:14:58.095+0600] {processor.py:925} INFO - DAG(s) 'example_setup_teardown' retrieved from /home/shamim/airflow_git/Airflow_project/air_venv/lib/python3.12/site-packages/airflow/example_dags/example_setup_teardown.py
[2025-02-10T13:14:58.114+0600] {logging_mixin.py:190} INFO - [2025-02-10T13:14:58.114+0600] {dag.py:3239} INFO - Sync 1 DAGs
[2025-02-10T13:14:58.134+0600] {logging_mixin.py:190} INFO - [2025-02-10T13:14:58.134+0600] {dag.py:4180} INFO - Setting next_dagrun for example_setup_teardown to None, run_after=None
[2025-02-10T13:14:58.167+0600] {processor.py:208} INFO - Processing /home/shamim/airflow_git/Airflow_project/air_venv/lib/python3.12/site-packages/airflow/example_dags/example_setup_teardown.py took 0.102 seconds
[2025-02-10T13:16:05.101+0600] {processor.py:186} INFO - Started process (PID=15339) to work on /home/shamim/airflow_git/Airflow_project/air_venv/lib/python3.12/site-packages/airflow/example_dags/example_setup_teardown.py
[2025-02-10T13:16:05.103+0600] {processor.py:914} INFO - Processing file /home/shamim/airflow_git/Airflow_project/air_venv/lib/python3.12/site-packages/airflow/example_dags/example_setup_teardown.py for tasks to queue
[2025-02-10T13:16:05.107+0600] {logging_mixin.py:190} INFO - [2025-02-10T13:16:05.106+0600] {dagbag.py:588} INFO - Filling up the DagBag from /home/shamim/airflow_git/Airflow_project/air_venv/lib/python3.12/site-packages/airflow/example_dags/example_setup_teardown.py
[2025-02-10T13:16:05.120+0600] {processor.py:925} INFO - DAG(s) 'example_setup_teardown' retrieved from /home/shamim/airflow_git/Airflow_project/air_venv/lib/python3.12/site-packages/airflow/example_dags/example_setup_teardown.py
[2025-02-10T13:16:05.139+0600] {logging_mixin.py:190} INFO - [2025-02-10T13:16:05.138+0600] {dag.py:3239} INFO - Sync 1 DAGs
[2025-02-10T13:16:05.153+0600] {logging_mixin.py:190} INFO - [2025-02-10T13:16:05.153+0600] {dag.py:4180} INFO - Setting next_dagrun for example_setup_teardown to None, run_after=None
[2025-02-10T13:16:05.176+0600] {processor.py:208} INFO - Processing /home/shamim/airflow_git/Airflow_project/air_venv/lib/python3.12/site-packages/airflow/example_dags/example_setup_teardown.py took 0.093 seconds
[2025-02-10T13:17:14.846+0600] {processor.py:186} INFO - Started process (PID=15430) to work on /home/shamim/airflow_git/Airflow_project/air_venv/lib/python3.12/site-packages/airflow/example_dags/example_setup_teardown.py
[2025-02-10T13:17:14.853+0600] {processor.py:914} INFO - Processing file /home/shamim/airflow_git/Airflow_project/air_venv/lib/python3.12/site-packages/airflow/example_dags/example_setup_teardown.py for tasks to queue
[2025-02-10T13:17:14.858+0600] {logging_mixin.py:190} INFO - [2025-02-10T13:17:14.857+0600] {dagbag.py:588} INFO - Filling up the DagBag from /home/shamim/airflow_git/Airflow_project/air_venv/lib/python3.12/site-packages/airflow/example_dags/example_setup_teardown.py
[2025-02-10T13:17:14.870+0600] {processor.py:925} INFO - DAG(s) 'example_setup_teardown' retrieved from /home/shamim/airflow_git/Airflow_project/air_venv/lib/python3.12/site-packages/airflow/example_dags/example_setup_teardown.py
[2025-02-10T13:17:14.889+0600] {logging_mixin.py:190} INFO - [2025-02-10T13:17:14.889+0600] {dag.py:3239} INFO - Sync 1 DAGs
[2025-02-10T13:17:14.905+0600] {logging_mixin.py:190} INFO - [2025-02-10T13:17:14.904+0600] {dag.py:4180} INFO - Setting next_dagrun for example_setup_teardown to None, run_after=None
[2025-02-10T13:17:14.931+0600] {processor.py:208} INFO - Processing /home/shamim/airflow_git/Airflow_project/air_venv/lib/python3.12/site-packages/airflow/example_dags/example_setup_teardown.py took 0.099 seconds
[2025-02-10T13:18:29.072+0600] {processor.py:186} INFO - Started process (PID=15664) to work on /home/shamim/airflow_git/Airflow_project/air_venv/lib/python3.12/site-packages/airflow/example_dags/example_setup_teardown.py
[2025-02-10T13:18:29.079+0600] {processor.py:914} INFO - Processing file /home/shamim/airflow_git/Airflow_project/air_venv/lib/python3.12/site-packages/airflow/example_dags/example_setup_teardown.py for tasks to queue
[2025-02-10T13:18:29.083+0600] {logging_mixin.py:190} INFO - [2025-02-10T13:18:29.082+0600] {dagbag.py:588} INFO - Filling up the DagBag from /home/shamim/airflow_git/Airflow_project/air_venv/lib/python3.12/site-packages/airflow/example_dags/example_setup_teardown.py
[2025-02-10T13:18:29.095+0600] {processor.py:925} INFO - DAG(s) 'example_setup_teardown' retrieved from /home/shamim/airflow_git/Airflow_project/air_venv/lib/python3.12/site-packages/airflow/example_dags/example_setup_teardown.py
[2025-02-10T13:18:29.113+0600] {logging_mixin.py:190} INFO - [2025-02-10T13:18:29.113+0600] {dag.py:3239} INFO - Sync 1 DAGs
[2025-02-10T13:18:29.129+0600] {logging_mixin.py:190} INFO - [2025-02-10T13:18:29.129+0600] {dag.py:4180} INFO - Setting next_dagrun for example_setup_teardown to None, run_after=None
[2025-02-10T13:18:29.156+0600] {processor.py:208} INFO - Processing /home/shamim/airflow_git/Airflow_project/air_venv/lib/python3.12/site-packages/airflow/example_dags/example_setup_teardown.py took 0.095 seconds
[2025-02-10T13:19:46.667+0600] {processor.py:186} INFO - Started process (PID=16228) to work on /home/shamim/airflow_git/Airflow_project/air_venv/lib/python3.12/site-packages/airflow/example_dags/example_setup_teardown.py
[2025-02-10T13:19:46.674+0600] {processor.py:914} INFO - Processing file /home/shamim/airflow_git/Airflow_project/air_venv/lib/python3.12/site-packages/airflow/example_dags/example_setup_teardown.py for tasks to queue
[2025-02-10T13:19:46.675+0600] {logging_mixin.py:190} INFO - [2025-02-10T13:19:46.675+0600] {dagbag.py:588} INFO - Filling up the DagBag from /home/shamim/airflow_git/Airflow_project/air_venv/lib/python3.12/site-packages/airflow/example_dags/example_setup_teardown.py
[2025-02-10T13:19:46.689+0600] {processor.py:925} INFO - DAG(s) 'example_setup_teardown' retrieved from /home/shamim/airflow_git/Airflow_project/air_venv/lib/python3.12/site-packages/airflow/example_dags/example_setup_teardown.py
[2025-02-10T13:19:46.708+0600] {logging_mixin.py:190} INFO - [2025-02-10T13:19:46.708+0600] {dag.py:3239} INFO - Sync 1 DAGs
[2025-02-10T13:19:46.727+0600] {logging_mixin.py:190} INFO - [2025-02-10T13:19:46.727+0600] {dag.py:4180} INFO - Setting next_dagrun for example_setup_teardown to None, run_after=None
[2025-02-10T13:19:46.753+0600] {processor.py:208} INFO - Processing /home/shamim/airflow_git/Airflow_project/air_venv/lib/python3.12/site-packages/airflow/example_dags/example_setup_teardown.py took 0.097 seconds
[2025-02-10T13:20:57.183+0600] {processor.py:186} INFO - Started process (PID=16769) to work on /home/shamim/airflow_git/Airflow_project/air_venv/lib/python3.12/site-packages/airflow/example_dags/example_setup_teardown.py
[2025-02-10T13:20:57.190+0600] {processor.py:914} INFO - Processing file /home/shamim/airflow_git/Airflow_project/air_venv/lib/python3.12/site-packages/airflow/example_dags/example_setup_teardown.py for tasks to queue
[2025-02-10T13:20:57.191+0600] {logging_mixin.py:190} INFO - [2025-02-10T13:20:57.191+0600] {dagbag.py:588} INFO - Filling up the DagBag from /home/shamim/airflow_git/Airflow_project/air_venv/lib/python3.12/site-packages/airflow/example_dags/example_setup_teardown.py
[2025-02-10T13:20:57.203+0600] {processor.py:925} INFO - DAG(s) 'example_setup_teardown' retrieved from /home/shamim/airflow_git/Airflow_project/air_venv/lib/python3.12/site-packages/airflow/example_dags/example_setup_teardown.py
[2025-02-10T13:20:57.224+0600] {logging_mixin.py:190} INFO - [2025-02-10T13:20:57.223+0600] {dag.py:3239} INFO - Sync 1 DAGs
[2025-02-10T13:20:57.245+0600] {logging_mixin.py:190} INFO - [2025-02-10T13:20:57.244+0600] {dag.py:4180} INFO - Setting next_dagrun for example_setup_teardown to None, run_after=None
[2025-02-10T13:20:57.273+0600] {processor.py:208} INFO - Processing /home/shamim/airflow_git/Airflow_project/air_venv/lib/python3.12/site-packages/airflow/example_dags/example_setup_teardown.py took 0.101 seconds
[2025-02-10T13:22:15.760+0600] {processor.py:186} INFO - Started process (PID=17307) to work on /home/shamim/airflow_git/Airflow_project/air_venv/lib/python3.12/site-packages/airflow/example_dags/example_setup_teardown.py
[2025-02-10T13:22:15.767+0600] {processor.py:914} INFO - Processing file /home/shamim/airflow_git/Airflow_project/air_venv/lib/python3.12/site-packages/airflow/example_dags/example_setup_teardown.py for tasks to queue
[2025-02-10T13:22:15.769+0600] {logging_mixin.py:190} INFO - [2025-02-10T13:22:15.768+0600] {dagbag.py:588} INFO - Filling up the DagBag from /home/shamim/airflow_git/Airflow_project/air_venv/lib/python3.12/site-packages/airflow/example_dags/example_setup_teardown.py
[2025-02-10T13:22:15.784+0600] {processor.py:925} INFO - DAG(s) 'example_setup_teardown' retrieved from /home/shamim/airflow_git/Airflow_project/air_venv/lib/python3.12/site-packages/airflow/example_dags/example_setup_teardown.py
[2025-02-10T13:22:15.804+0600] {logging_mixin.py:190} INFO - [2025-02-10T13:22:15.803+0600] {dag.py:3239} INFO - Sync 1 DAGs
[2025-02-10T13:22:15.820+0600] {logging_mixin.py:190} INFO - [2025-02-10T13:22:15.820+0600] {dag.py:4180} INFO - Setting next_dagrun for example_setup_teardown to None, run_after=None
[2025-02-10T13:22:15.847+0600] {processor.py:208} INFO - Processing /home/shamim/airflow_git/Airflow_project/air_venv/lib/python3.12/site-packages/airflow/example_dags/example_setup_teardown.py took 0.101 seconds
[2025-02-10T13:23:32.590+0600] {processor.py:186} INFO - Started process (PID=17461) to work on /home/shamim/airflow_git/Airflow_project/air_venv/lib/python3.12/site-packages/airflow/example_dags/example_setup_teardown.py
[2025-02-10T13:23:32.599+0600] {processor.py:914} INFO - Processing file /home/shamim/airflow_git/Airflow_project/air_venv/lib/python3.12/site-packages/airflow/example_dags/example_setup_teardown.py for tasks to queue
[2025-02-10T13:23:32.604+0600] {logging_mixin.py:190} INFO - [2025-02-10T13:23:32.602+0600] {dagbag.py:588} INFO - Filling up the DagBag from /home/shamim/airflow_git/Airflow_project/air_venv/lib/python3.12/site-packages/airflow/example_dags/example_setup_teardown.py
[2025-02-10T13:23:32.635+0600] {processor.py:925} INFO - DAG(s) 'example_setup_teardown' retrieved from /home/shamim/airflow_git/Airflow_project/air_venv/lib/python3.12/site-packages/airflow/example_dags/example_setup_teardown.py
[2025-02-10T13:23:32.660+0600] {logging_mixin.py:190} INFO - [2025-02-10T13:23:32.660+0600] {dag.py:3239} INFO - Sync 1 DAGs
[2025-02-10T13:23:32.678+0600] {logging_mixin.py:190} INFO - [2025-02-10T13:23:32.677+0600] {dag.py:4180} INFO - Setting next_dagrun for example_setup_teardown to None, run_after=None
[2025-02-10T13:23:32.705+0600] {processor.py:208} INFO - Processing /home/shamim/airflow_git/Airflow_project/air_venv/lib/python3.12/site-packages/airflow/example_dags/example_setup_teardown.py took 0.147 seconds
[2025-02-10T13:24:43.526+0600] {processor.py:186} INFO - Started process (PID=17624) to work on /home/shamim/airflow_git/Airflow_project/air_venv/lib/python3.12/site-packages/airflow/example_dags/example_setup_teardown.py
[2025-02-10T13:24:43.532+0600] {processor.py:914} INFO - Processing file /home/shamim/airflow_git/Airflow_project/air_venv/lib/python3.12/site-packages/airflow/example_dags/example_setup_teardown.py for tasks to queue
[2025-02-10T13:24:43.535+0600] {logging_mixin.py:190} INFO - [2025-02-10T13:24:43.534+0600] {dagbag.py:588} INFO - Filling up the DagBag from /home/shamim/airflow_git/Airflow_project/air_venv/lib/python3.12/site-packages/airflow/example_dags/example_setup_teardown.py
[2025-02-10T13:24:43.546+0600] {processor.py:925} INFO - DAG(s) 'example_setup_teardown' retrieved from /home/shamim/airflow_git/Airflow_project/air_venv/lib/python3.12/site-packages/airflow/example_dags/example_setup_teardown.py
[2025-02-10T13:24:43.566+0600] {logging_mixin.py:190} INFO - [2025-02-10T13:24:43.565+0600] {dag.py:3239} INFO - Sync 1 DAGs
[2025-02-10T13:24:43.582+0600] {logging_mixin.py:190} INFO - [2025-02-10T13:24:43.582+0600] {dag.py:4180} INFO - Setting next_dagrun for example_setup_teardown to None, run_after=None
[2025-02-10T13:24:43.609+0600] {processor.py:208} INFO - Processing /home/shamim/airflow_git/Airflow_project/air_venv/lib/python3.12/site-packages/airflow/example_dags/example_setup_teardown.py took 0.095 seconds
[2025-02-10T13:26:02.385+0600] {processor.py:186} INFO - Started process (PID=17790) to work on /home/shamim/airflow_git/Airflow_project/air_venv/lib/python3.12/site-packages/airflow/example_dags/example_setup_teardown.py
[2025-02-10T13:26:02.392+0600] {processor.py:914} INFO - Processing file /home/shamim/airflow_git/Airflow_project/air_venv/lib/python3.12/site-packages/airflow/example_dags/example_setup_teardown.py for tasks to queue
[2025-02-10T13:26:02.393+0600] {logging_mixin.py:190} INFO - [2025-02-10T13:26:02.393+0600] {dagbag.py:588} INFO - Filling up the DagBag from /home/shamim/airflow_git/Airflow_project/air_venv/lib/python3.12/site-packages/airflow/example_dags/example_setup_teardown.py
[2025-02-10T13:26:02.404+0600] {processor.py:925} INFO - DAG(s) 'example_setup_teardown' retrieved from /home/shamim/airflow_git/Airflow_project/air_venv/lib/python3.12/site-packages/airflow/example_dags/example_setup_teardown.py
[2025-02-10T13:26:02.423+0600] {logging_mixin.py:190} INFO - [2025-02-10T13:26:02.422+0600] {dag.py:3239} INFO - Sync 1 DAGs
[2025-02-10T13:26:02.440+0600] {logging_mixin.py:190} INFO - [2025-02-10T13:26:02.439+0600] {dag.py:4180} INFO - Setting next_dagrun for example_setup_teardown to None, run_after=None
[2025-02-10T13:26:02.475+0600] {processor.py:208} INFO - Processing /home/shamim/airflow_git/Airflow_project/air_venv/lib/python3.12/site-packages/airflow/example_dags/example_setup_teardown.py took 0.099 seconds
[2025-02-10T13:27:18.866+0600] {processor.py:186} INFO - Started process (PID=17904) to work on /home/shamim/airflow_git/Airflow_project/air_venv/lib/python3.12/site-packages/airflow/example_dags/example_setup_teardown.py
[2025-02-10T13:27:18.872+0600] {processor.py:914} INFO - Processing file /home/shamim/airflow_git/Airflow_project/air_venv/lib/python3.12/site-packages/airflow/example_dags/example_setup_teardown.py for tasks to queue
[2025-02-10T13:27:18.873+0600] {logging_mixin.py:190} INFO - [2025-02-10T13:27:18.873+0600] {dagbag.py:588} INFO - Filling up the DagBag from /home/shamim/airflow_git/Airflow_project/air_venv/lib/python3.12/site-packages/airflow/example_dags/example_setup_teardown.py
[2025-02-10T13:27:18.886+0600] {processor.py:925} INFO - DAG(s) 'example_setup_teardown' retrieved from /home/shamim/airflow_git/Airflow_project/air_venv/lib/python3.12/site-packages/airflow/example_dags/example_setup_teardown.py
[2025-02-10T13:27:18.907+0600] {logging_mixin.py:190} INFO - [2025-02-10T13:27:18.906+0600] {dag.py:3239} INFO - Sync 1 DAGs
[2025-02-10T13:27:18.926+0600] {logging_mixin.py:190} INFO - [2025-02-10T13:27:18.926+0600] {dag.py:4180} INFO - Setting next_dagrun for example_setup_teardown to None, run_after=None
[2025-02-10T13:27:18.963+0600] {processor.py:208} INFO - Processing /home/shamim/airflow_git/Airflow_project/air_venv/lib/python3.12/site-packages/airflow/example_dags/example_setup_teardown.py took 0.109 seconds
[2025-02-10T13:28:49.736+0600] {processor.py:186} INFO - Started process (PID=18513) to work on /home/shamim/airflow_git/Airflow_project/air_venv/lib/python3.12/site-packages/airflow/example_dags/example_setup_teardown.py
[2025-02-10T13:28:49.742+0600] {processor.py:914} INFO - Processing file /home/shamim/airflow_git/Airflow_project/air_venv/lib/python3.12/site-packages/airflow/example_dags/example_setup_teardown.py for tasks to queue
[2025-02-10T13:28:49.743+0600] {logging_mixin.py:190} INFO - [2025-02-10T13:28:49.743+0600] {dagbag.py:588} INFO - Filling up the DagBag from /home/shamim/airflow_git/Airflow_project/air_venv/lib/python3.12/site-packages/airflow/example_dags/example_setup_teardown.py
[2025-02-10T13:28:49.756+0600] {processor.py:925} INFO - DAG(s) 'example_setup_teardown' retrieved from /home/shamim/airflow_git/Airflow_project/air_venv/lib/python3.12/site-packages/airflow/example_dags/example_setup_teardown.py
[2025-02-10T13:28:49.775+0600] {logging_mixin.py:190} INFO - [2025-02-10T13:28:49.774+0600] {dag.py:3239} INFO - Sync 1 DAGs
[2025-02-10T13:28:49.790+0600] {logging_mixin.py:190} INFO - [2025-02-10T13:28:49.790+0600] {dag.py:4180} INFO - Setting next_dagrun for example_setup_teardown to None, run_after=None
[2025-02-10T13:28:49.826+0600] {processor.py:208} INFO - Processing /home/shamim/airflow_git/Airflow_project/air_venv/lib/python3.12/site-packages/airflow/example_dags/example_setup_teardown.py took 0.106 seconds
[2025-02-10T13:30:07.423+0600] {processor.py:186} INFO - Started process (PID=18795) to work on /home/shamim/airflow_git/Airflow_project/air_venv/lib/python3.12/site-packages/airflow/example_dags/example_setup_teardown.py
[2025-02-10T13:30:07.450+0600] {processor.py:914} INFO - Processing file /home/shamim/airflow_git/Airflow_project/air_venv/lib/python3.12/site-packages/airflow/example_dags/example_setup_teardown.py for tasks to queue
[2025-02-10T13:30:07.451+0600] {logging_mixin.py:190} INFO - [2025-02-10T13:30:07.451+0600] {dagbag.py:588} INFO - Filling up the DagBag from /home/shamim/airflow_git/Airflow_project/air_venv/lib/python3.12/site-packages/airflow/example_dags/example_setup_teardown.py
[2025-02-10T13:30:07.462+0600] {processor.py:925} INFO - DAG(s) 'example_setup_teardown' retrieved from /home/shamim/airflow_git/Airflow_project/air_venv/lib/python3.12/site-packages/airflow/example_dags/example_setup_teardown.py
[2025-02-10T13:30:07.481+0600] {logging_mixin.py:190} INFO - [2025-02-10T13:30:07.481+0600] {dag.py:3239} INFO - Sync 1 DAGs
[2025-02-10T13:30:07.498+0600] {logging_mixin.py:190} INFO - [2025-02-10T13:30:07.498+0600] {dag.py:4180} INFO - Setting next_dagrun for example_setup_teardown to None, run_after=None
[2025-02-10T13:30:07.691+0600] {processor.py:208} INFO - Processing /home/shamim/airflow_git/Airflow_project/air_venv/lib/python3.12/site-packages/airflow/example_dags/example_setup_teardown.py took 0.277 seconds
[2025-02-10T13:31:25.697+0600] {processor.py:186} INFO - Started process (PID=18913) to work on /home/shamim/airflow_git/Airflow_project/air_venv/lib/python3.12/site-packages/airflow/example_dags/example_setup_teardown.py
[2025-02-10T13:31:25.704+0600] {processor.py:914} INFO - Processing file /home/shamim/airflow_git/Airflow_project/air_venv/lib/python3.12/site-packages/airflow/example_dags/example_setup_teardown.py for tasks to queue
[2025-02-10T13:31:25.705+0600] {logging_mixin.py:190} INFO - [2025-02-10T13:31:25.705+0600] {dagbag.py:588} INFO - Filling up the DagBag from /home/shamim/airflow_git/Airflow_project/air_venv/lib/python3.12/site-packages/airflow/example_dags/example_setup_teardown.py
[2025-02-10T13:31:25.716+0600] {processor.py:925} INFO - DAG(s) 'example_setup_teardown' retrieved from /home/shamim/airflow_git/Airflow_project/air_venv/lib/python3.12/site-packages/airflow/example_dags/example_setup_teardown.py
[2025-02-10T13:31:25.736+0600] {logging_mixin.py:190} INFO - [2025-02-10T13:31:25.735+0600] {dag.py:3239} INFO - Sync 1 DAGs
[2025-02-10T13:31:25.752+0600] {logging_mixin.py:190} INFO - [2025-02-10T13:31:25.751+0600] {dag.py:4180} INFO - Setting next_dagrun for example_setup_teardown to None, run_after=None
[2025-02-10T13:31:25.774+0600] {processor.py:208} INFO - Processing /home/shamim/airflow_git/Airflow_project/air_venv/lib/python3.12/site-packages/airflow/example_dags/example_setup_teardown.py took 0.087 seconds
[2025-02-10T13:32:39.681+0600] {processor.py:186} INFO - Started process (PID=19019) to work on /home/shamim/airflow_git/Airflow_project/air_venv/lib/python3.12/site-packages/airflow/example_dags/example_setup_teardown.py
[2025-02-10T13:32:39.687+0600] {processor.py:914} INFO - Processing file /home/shamim/airflow_git/Airflow_project/air_venv/lib/python3.12/site-packages/airflow/example_dags/example_setup_teardown.py for tasks to queue
[2025-02-10T13:32:39.689+0600] {logging_mixin.py:190} INFO - [2025-02-10T13:32:39.688+0600] {dagbag.py:588} INFO - Filling up the DagBag from /home/shamim/airflow_git/Airflow_project/air_venv/lib/python3.12/site-packages/airflow/example_dags/example_setup_teardown.py
[2025-02-10T13:32:39.701+0600] {processor.py:925} INFO - DAG(s) 'example_setup_teardown' retrieved from /home/shamim/airflow_git/Airflow_project/air_venv/lib/python3.12/site-packages/airflow/example_dags/example_setup_teardown.py
[2025-02-10T13:32:39.720+0600] {logging_mixin.py:190} INFO - [2025-02-10T13:32:39.720+0600] {dag.py:3239} INFO - Sync 1 DAGs
[2025-02-10T13:32:39.737+0600] {logging_mixin.py:190} INFO - [2025-02-10T13:32:39.736+0600] {dag.py:4180} INFO - Setting next_dagrun for example_setup_teardown to None, run_after=None
[2025-02-10T13:32:39.772+0600] {processor.py:208} INFO - Processing /home/shamim/airflow_git/Airflow_project/air_venv/lib/python3.12/site-packages/airflow/example_dags/example_setup_teardown.py took 0.103 seconds
[2025-02-10T13:34:02.956+0600] {processor.py:186} INFO - Started process (PID=19191) to work on /home/shamim/airflow_git/Airflow_project/air_venv/lib/python3.12/site-packages/airflow/example_dags/example_setup_teardown.py
[2025-02-10T13:34:02.963+0600] {processor.py:914} INFO - Processing file /home/shamim/airflow_git/Airflow_project/air_venv/lib/python3.12/site-packages/airflow/example_dags/example_setup_teardown.py for tasks to queue
[2025-02-10T13:34:02.967+0600] {logging_mixin.py:190} INFO - [2025-02-10T13:34:02.966+0600] {dagbag.py:588} INFO - Filling up the DagBag from /home/shamim/airflow_git/Airflow_project/air_venv/lib/python3.12/site-packages/airflow/example_dags/example_setup_teardown.py
[2025-02-10T13:34:02.991+0600] {processor.py:925} INFO - DAG(s) 'example_setup_teardown' retrieved from /home/shamim/airflow_git/Airflow_project/air_venv/lib/python3.12/site-packages/airflow/example_dags/example_setup_teardown.py
[2025-02-10T13:34:03.010+0600] {logging_mixin.py:190} INFO - [2025-02-10T13:34:03.010+0600] {dag.py:3239} INFO - Sync 1 DAGs
[2025-02-10T13:34:03.027+0600] {logging_mixin.py:190} INFO - [2025-02-10T13:34:03.027+0600] {dag.py:4180} INFO - Setting next_dagrun for example_setup_teardown to None, run_after=None
[2025-02-10T13:34:03.062+0600] {processor.py:208} INFO - Processing /home/shamim/airflow_git/Airflow_project/air_venv/lib/python3.12/site-packages/airflow/example_dags/example_setup_teardown.py took 0.117 seconds
[2025-02-10T13:35:18.945+0600] {processor.py:186} INFO - Started process (PID=19420) to work on /home/shamim/airflow_git/Airflow_project/air_venv/lib/python3.12/site-packages/airflow/example_dags/example_setup_teardown.py
[2025-02-10T13:35:18.952+0600] {processor.py:914} INFO - Processing file /home/shamim/airflow_git/Airflow_project/air_venv/lib/python3.12/site-packages/airflow/example_dags/example_setup_teardown.py for tasks to queue
[2025-02-10T13:35:18.954+0600] {logging_mixin.py:190} INFO - [2025-02-10T13:35:18.954+0600] {dagbag.py:588} INFO - Filling up the DagBag from /home/shamim/airflow_git/Airflow_project/air_venv/lib/python3.12/site-packages/airflow/example_dags/example_setup_teardown.py
[2025-02-10T13:35:18.969+0600] {processor.py:925} INFO - DAG(s) 'example_setup_teardown' retrieved from /home/shamim/airflow_git/Airflow_project/air_venv/lib/python3.12/site-packages/airflow/example_dags/example_setup_teardown.py
[2025-02-10T13:35:18.988+0600] {logging_mixin.py:190} INFO - [2025-02-10T13:35:18.988+0600] {dag.py:3239} INFO - Sync 1 DAGs
[2025-02-10T13:35:19.003+0600] {logging_mixin.py:190} INFO - [2025-02-10T13:35:19.003+0600] {dag.py:4180} INFO - Setting next_dagrun for example_setup_teardown to None, run_after=None
[2025-02-10T13:35:19.038+0600] {processor.py:208} INFO - Processing /home/shamim/airflow_git/Airflow_project/air_venv/lib/python3.12/site-packages/airflow/example_dags/example_setup_teardown.py took 0.106 seconds
[2025-02-10T13:36:45.340+0600] {processor.py:186} INFO - Started process (PID=19529) to work on /home/shamim/airflow_git/Airflow_project/air_venv/lib/python3.12/site-packages/airflow/example_dags/example_setup_teardown.py
[2025-02-10T13:36:45.346+0600] {processor.py:914} INFO - Processing file /home/shamim/airflow_git/Airflow_project/air_venv/lib/python3.12/site-packages/airflow/example_dags/example_setup_teardown.py for tasks to queue
[2025-02-10T13:36:45.349+0600] {logging_mixin.py:190} INFO - [2025-02-10T13:36:45.348+0600] {dagbag.py:588} INFO - Filling up the DagBag from /home/shamim/airflow_git/Airflow_project/air_venv/lib/python3.12/site-packages/airflow/example_dags/example_setup_teardown.py
[2025-02-10T13:36:45.362+0600] {processor.py:925} INFO - DAG(s) 'example_setup_teardown' retrieved from /home/shamim/airflow_git/Airflow_project/air_venv/lib/python3.12/site-packages/airflow/example_dags/example_setup_teardown.py
[2025-02-10T13:36:45.380+0600] {logging_mixin.py:190} INFO - [2025-02-10T13:36:45.380+0600] {dag.py:3239} INFO - Sync 1 DAGs
[2025-02-10T13:36:45.396+0600] {logging_mixin.py:190} INFO - [2025-02-10T13:36:45.395+0600] {dag.py:4180} INFO - Setting next_dagrun for example_setup_teardown to None, run_after=None
[2025-02-10T13:36:45.435+0600] {processor.py:208} INFO - Processing /home/shamim/airflow_git/Airflow_project/air_venv/lib/python3.12/site-packages/airflow/example_dags/example_setup_teardown.py took 0.108 seconds
[2025-02-10T13:38:01.863+0600] {processor.py:186} INFO - Started process (PID=19672) to work on /home/shamim/airflow_git/Airflow_project/air_venv/lib/python3.12/site-packages/airflow/example_dags/example_setup_teardown.py
[2025-02-10T13:38:01.869+0600] {processor.py:914} INFO - Processing file /home/shamim/airflow_git/Airflow_project/air_venv/lib/python3.12/site-packages/airflow/example_dags/example_setup_teardown.py for tasks to queue
[2025-02-10T13:38:01.871+0600] {logging_mixin.py:190} INFO - [2025-02-10T13:38:01.870+0600] {dagbag.py:588} INFO - Filling up the DagBag from /home/shamim/airflow_git/Airflow_project/air_venv/lib/python3.12/site-packages/airflow/example_dags/example_setup_teardown.py
[2025-02-10T13:38:01.883+0600] {processor.py:925} INFO - DAG(s) 'example_setup_teardown' retrieved from /home/shamim/airflow_git/Airflow_project/air_venv/lib/python3.12/site-packages/airflow/example_dags/example_setup_teardown.py
[2025-02-10T13:38:01.901+0600] {logging_mixin.py:190} INFO - [2025-02-10T13:38:01.901+0600] {dag.py:3239} INFO - Sync 1 DAGs
[2025-02-10T13:38:01.917+0600] {logging_mixin.py:190} INFO - [2025-02-10T13:38:01.916+0600] {dag.py:4180} INFO - Setting next_dagrun for example_setup_teardown to None, run_after=None
[2025-02-10T13:38:01.950+0600] {processor.py:208} INFO - Processing /home/shamim/airflow_git/Airflow_project/air_venv/lib/python3.12/site-packages/airflow/example_dags/example_setup_teardown.py took 0.098 seconds
[2025-02-10T13:39:18.915+0600] {processor.py:186} INFO - Started process (PID=19820) to work on /home/shamim/airflow_git/Airflow_project/air_venv/lib/python3.12/site-packages/airflow/example_dags/example_setup_teardown.py
[2025-02-10T13:39:18.922+0600] {processor.py:914} INFO - Processing file /home/shamim/airflow_git/Airflow_project/air_venv/lib/python3.12/site-packages/airflow/example_dags/example_setup_teardown.py for tasks to queue
[2025-02-10T13:39:18.924+0600] {logging_mixin.py:190} INFO - [2025-02-10T13:39:18.923+0600] {dagbag.py:588} INFO - Filling up the DagBag from /home/shamim/airflow_git/Airflow_project/air_venv/lib/python3.12/site-packages/airflow/example_dags/example_setup_teardown.py
[2025-02-10T13:39:18.939+0600] {processor.py:925} INFO - DAG(s) 'example_setup_teardown' retrieved from /home/shamim/airflow_git/Airflow_project/air_venv/lib/python3.12/site-packages/airflow/example_dags/example_setup_teardown.py
[2025-02-10T13:39:18.957+0600] {logging_mixin.py:190} INFO - [2025-02-10T13:39:18.957+0600] {dag.py:3239} INFO - Sync 1 DAGs
[2025-02-10T13:39:18.973+0600] {logging_mixin.py:190} INFO - [2025-02-10T13:39:18.972+0600] {dag.py:4180} INFO - Setting next_dagrun for example_setup_teardown to None, run_after=None
[2025-02-10T13:39:19.007+0600] {processor.py:208} INFO - Processing /home/shamim/airflow_git/Airflow_project/air_venv/lib/python3.12/site-packages/airflow/example_dags/example_setup_teardown.py took 0.105 seconds
[2025-02-10T13:40:43.911+0600] {processor.py:186} INFO - Started process (PID=19961) to work on /home/shamim/airflow_git/Airflow_project/air_venv/lib/python3.12/site-packages/airflow/example_dags/example_setup_teardown.py
[2025-02-10T13:40:43.918+0600] {processor.py:914} INFO - Processing file /home/shamim/airflow_git/Airflow_project/air_venv/lib/python3.12/site-packages/airflow/example_dags/example_setup_teardown.py for tasks to queue
[2025-02-10T13:40:43.919+0600] {logging_mixin.py:190} INFO - [2025-02-10T13:40:43.919+0600] {dagbag.py:588} INFO - Filling up the DagBag from /home/shamim/airflow_git/Airflow_project/air_venv/lib/python3.12/site-packages/airflow/example_dags/example_setup_teardown.py
[2025-02-10T13:40:43.930+0600] {processor.py:925} INFO - DAG(s) 'example_setup_teardown' retrieved from /home/shamim/airflow_git/Airflow_project/air_venv/lib/python3.12/site-packages/airflow/example_dags/example_setup_teardown.py
[2025-02-10T13:40:43.948+0600] {logging_mixin.py:190} INFO - [2025-02-10T13:40:43.947+0600] {dag.py:3239} INFO - Sync 1 DAGs
[2025-02-10T13:40:43.963+0600] {logging_mixin.py:190} INFO - [2025-02-10T13:40:43.962+0600] {dag.py:4180} INFO - Setting next_dagrun for example_setup_teardown to None, run_after=None
[2025-02-10T13:40:44.139+0600] {processor.py:208} INFO - Processing /home/shamim/airflow_git/Airflow_project/air_venv/lib/python3.12/site-packages/airflow/example_dags/example_setup_teardown.py took 0.237 seconds
[2025-02-10T13:42:07.147+0600] {processor.py:186} INFO - Started process (PID=20089) to work on /home/shamim/airflow_git/Airflow_project/air_venv/lib/python3.12/site-packages/airflow/example_dags/example_setup_teardown.py
[2025-02-10T13:42:07.161+0600] {processor.py:914} INFO - Processing file /home/shamim/airflow_git/Airflow_project/air_venv/lib/python3.12/site-packages/airflow/example_dags/example_setup_teardown.py for tasks to queue
[2025-02-10T13:42:07.163+0600] {logging_mixin.py:190} INFO - [2025-02-10T13:42:07.162+0600] {dagbag.py:588} INFO - Filling up the DagBag from /home/shamim/airflow_git/Airflow_project/air_venv/lib/python3.12/site-packages/airflow/example_dags/example_setup_teardown.py
[2025-02-10T13:42:07.173+0600] {processor.py:925} INFO - DAG(s) 'example_setup_teardown' retrieved from /home/shamim/airflow_git/Airflow_project/air_venv/lib/python3.12/site-packages/airflow/example_dags/example_setup_teardown.py
[2025-02-10T13:42:07.193+0600] {logging_mixin.py:190} INFO - [2025-02-10T13:42:07.192+0600] {dag.py:3239} INFO - Sync 1 DAGs
[2025-02-10T13:42:07.209+0600] {logging_mixin.py:190} INFO - [2025-02-10T13:42:07.209+0600] {dag.py:4180} INFO - Setting next_dagrun for example_setup_teardown to None, run_after=None
[2025-02-10T13:42:07.235+0600] {processor.py:208} INFO - Processing /home/shamim/airflow_git/Airflow_project/air_venv/lib/python3.12/site-packages/airflow/example_dags/example_setup_teardown.py took 0.097 seconds
[2025-02-10T13:43:21.552+0600] {processor.py:186} INFO - Started process (PID=20220) to work on /home/shamim/airflow_git/Airflow_project/air_venv/lib/python3.12/site-packages/airflow/example_dags/example_setup_teardown.py
[2025-02-10T13:43:21.559+0600] {processor.py:914} INFO - Processing file /home/shamim/airflow_git/Airflow_project/air_venv/lib/python3.12/site-packages/airflow/example_dags/example_setup_teardown.py for tasks to queue
[2025-02-10T13:43:21.560+0600] {logging_mixin.py:190} INFO - [2025-02-10T13:43:21.560+0600] {dagbag.py:588} INFO - Filling up the DagBag from /home/shamim/airflow_git/Airflow_project/air_venv/lib/python3.12/site-packages/airflow/example_dags/example_setup_teardown.py
[2025-02-10T13:43:21.571+0600] {processor.py:925} INFO - DAG(s) 'example_setup_teardown' retrieved from /home/shamim/airflow_git/Airflow_project/air_venv/lib/python3.12/site-packages/airflow/example_dags/example_setup_teardown.py
[2025-02-10T13:43:21.589+0600] {logging_mixin.py:190} INFO - [2025-02-10T13:43:21.589+0600] {dag.py:3239} INFO - Sync 1 DAGs
[2025-02-10T13:43:21.605+0600] {logging_mixin.py:190} INFO - [2025-02-10T13:43:21.605+0600] {dag.py:4180} INFO - Setting next_dagrun for example_setup_teardown to None, run_after=None
[2025-02-10T13:43:21.639+0600] {processor.py:208} INFO - Processing /home/shamim/airflow_git/Airflow_project/air_venv/lib/python3.12/site-packages/airflow/example_dags/example_setup_teardown.py took 0.095 seconds
[2025-02-10T13:44:34.469+0600] {processor.py:186} INFO - Started process (PID=20377) to work on /home/shamim/airflow_git/Airflow_project/air_venv/lib/python3.12/site-packages/airflow/example_dags/example_setup_teardown.py
[2025-02-10T13:44:34.476+0600] {processor.py:914} INFO - Processing file /home/shamim/airflow_git/Airflow_project/air_venv/lib/python3.12/site-packages/airflow/example_dags/example_setup_teardown.py for tasks to queue
[2025-02-10T13:44:34.478+0600] {logging_mixin.py:190} INFO - [2025-02-10T13:44:34.477+0600] {dagbag.py:588} INFO - Filling up the DagBag from /home/shamim/airflow_git/Airflow_project/air_venv/lib/python3.12/site-packages/airflow/example_dags/example_setup_teardown.py
[2025-02-10T13:44:34.492+0600] {processor.py:925} INFO - DAG(s) 'example_setup_teardown' retrieved from /home/shamim/airflow_git/Airflow_project/air_venv/lib/python3.12/site-packages/airflow/example_dags/example_setup_teardown.py
[2025-02-10T13:44:34.511+0600] {logging_mixin.py:190} INFO - [2025-02-10T13:44:34.511+0600] {dag.py:3239} INFO - Sync 1 DAGs
[2025-02-10T13:44:34.526+0600] {logging_mixin.py:190} INFO - [2025-02-10T13:44:34.526+0600] {dag.py:4180} INFO - Setting next_dagrun for example_setup_teardown to None, run_after=None
[2025-02-10T13:44:34.561+0600] {processor.py:208} INFO - Processing /home/shamim/airflow_git/Airflow_project/air_venv/lib/python3.12/site-packages/airflow/example_dags/example_setup_teardown.py took 0.105 seconds
[2025-02-10T13:45:50.705+0600] {processor.py:186} INFO - Started process (PID=20490) to work on /home/shamim/airflow_git/Airflow_project/air_venv/lib/python3.12/site-packages/airflow/example_dags/example_setup_teardown.py
[2025-02-10T13:45:50.711+0600] {processor.py:914} INFO - Processing file /home/shamim/airflow_git/Airflow_project/air_venv/lib/python3.12/site-packages/airflow/example_dags/example_setup_teardown.py for tasks to queue
[2025-02-10T13:45:50.713+0600] {logging_mixin.py:190} INFO - [2025-02-10T13:45:50.712+0600] {dagbag.py:588} INFO - Filling up the DagBag from /home/shamim/airflow_git/Airflow_project/air_venv/lib/python3.12/site-packages/airflow/example_dags/example_setup_teardown.py
[2025-02-10T13:45:50.723+0600] {processor.py:925} INFO - DAG(s) 'example_setup_teardown' retrieved from /home/shamim/airflow_git/Airflow_project/air_venv/lib/python3.12/site-packages/airflow/example_dags/example_setup_teardown.py
[2025-02-10T13:45:50.741+0600] {logging_mixin.py:190} INFO - [2025-02-10T13:45:50.741+0600] {dag.py:3239} INFO - Sync 1 DAGs
[2025-02-10T13:45:50.756+0600] {logging_mixin.py:190} INFO - [2025-02-10T13:45:50.756+0600] {dag.py:4180} INFO - Setting next_dagrun for example_setup_teardown to None, run_after=None
[2025-02-10T13:45:50.792+0600] {processor.py:208} INFO - Processing /home/shamim/airflow_git/Airflow_project/air_venv/lib/python3.12/site-packages/airflow/example_dags/example_setup_teardown.py took 0.095 seconds
[2025-02-10T13:47:04.166+0600] {processor.py:186} INFO - Started process (PID=20801) to work on /home/shamim/airflow_git/Airflow_project/air_venv/lib/python3.12/site-packages/airflow/example_dags/example_setup_teardown.py
[2025-02-10T13:47:04.169+0600] {processor.py:914} INFO - Processing file /home/shamim/airflow_git/Airflow_project/air_venv/lib/python3.12/site-packages/airflow/example_dags/example_setup_teardown.py for tasks to queue
[2025-02-10T13:47:04.170+0600] {logging_mixin.py:190} INFO - [2025-02-10T13:47:04.170+0600] {dagbag.py:588} INFO - Filling up the DagBag from /home/shamim/airflow_git/Airflow_project/air_venv/lib/python3.12/site-packages/airflow/example_dags/example_setup_teardown.py
[2025-02-10T13:47:04.181+0600] {processor.py:925} INFO - DAG(s) 'example_setup_teardown' retrieved from /home/shamim/airflow_git/Airflow_project/air_venv/lib/python3.12/site-packages/airflow/example_dags/example_setup_teardown.py
[2025-02-10T13:47:04.199+0600] {logging_mixin.py:190} INFO - [2025-02-10T13:47:04.199+0600] {dag.py:3239} INFO - Sync 1 DAGs
[2025-02-10T13:47:04.215+0600] {logging_mixin.py:190} INFO - [2025-02-10T13:47:04.215+0600] {dag.py:4180} INFO - Setting next_dagrun for example_setup_teardown to None, run_after=None
[2025-02-10T13:47:04.239+0600] {processor.py:208} INFO - Processing /home/shamim/airflow_git/Airflow_project/air_venv/lib/python3.12/site-packages/airflow/example_dags/example_setup_teardown.py took 0.085 seconds
[2025-02-10T13:48:19.286+0600] {processor.py:186} INFO - Started process (PID=21026) to work on /home/shamim/airflow_git/Airflow_project/air_venv/lib/python3.12/site-packages/airflow/example_dags/example_setup_teardown.py
[2025-02-10T13:48:19.292+0600] {processor.py:914} INFO - Processing file /home/shamim/airflow_git/Airflow_project/air_venv/lib/python3.12/site-packages/airflow/example_dags/example_setup_teardown.py for tasks to queue
[2025-02-10T13:48:19.294+0600] {logging_mixin.py:190} INFO - [2025-02-10T13:48:19.293+0600] {dagbag.py:588} INFO - Filling up the DagBag from /home/shamim/airflow_git/Airflow_project/air_venv/lib/python3.12/site-packages/airflow/example_dags/example_setup_teardown.py
[2025-02-10T13:48:19.306+0600] {processor.py:925} INFO - DAG(s) 'example_setup_teardown' retrieved from /home/shamim/airflow_git/Airflow_project/air_venv/lib/python3.12/site-packages/airflow/example_dags/example_setup_teardown.py
[2025-02-10T13:48:19.325+0600] {logging_mixin.py:190} INFO - [2025-02-10T13:48:19.324+0600] {dag.py:3239} INFO - Sync 1 DAGs
[2025-02-10T13:48:19.341+0600] {logging_mixin.py:190} INFO - [2025-02-10T13:48:19.340+0600] {dag.py:4180} INFO - Setting next_dagrun for example_setup_teardown to None, run_after=None
[2025-02-10T13:48:19.365+0600] {processor.py:208} INFO - Processing /home/shamim/airflow_git/Airflow_project/air_venv/lib/python3.12/site-packages/airflow/example_dags/example_setup_teardown.py took 0.089 seconds
[2025-02-10T13:49:31.607+0600] {processor.py:186} INFO - Started process (PID=21178) to work on /home/shamim/airflow_git/Airflow_project/air_venv/lib/python3.12/site-packages/airflow/example_dags/example_setup_teardown.py
[2025-02-10T13:49:31.971+0600] {processor.py:914} INFO - Processing file /home/shamim/airflow_git/Airflow_project/air_venv/lib/python3.12/site-packages/airflow/example_dags/example_setup_teardown.py for tasks to queue
[2025-02-10T13:49:31.973+0600] {logging_mixin.py:190} INFO - [2025-02-10T13:49:31.972+0600] {dagbag.py:588} INFO - Filling up the DagBag from /home/shamim/airflow_git/Airflow_project/air_venv/lib/python3.12/site-packages/airflow/example_dags/example_setup_teardown.py
[2025-02-10T13:49:31.987+0600] {processor.py:925} INFO - DAG(s) 'example_setup_teardown' retrieved from /home/shamim/airflow_git/Airflow_project/air_venv/lib/python3.12/site-packages/airflow/example_dags/example_setup_teardown.py
[2025-02-10T13:49:32.007+0600] {logging_mixin.py:190} INFO - [2025-02-10T13:49:32.007+0600] {dag.py:3239} INFO - Sync 1 DAGs
[2025-02-10T13:49:32.024+0600] {logging_mixin.py:190} INFO - [2025-02-10T13:49:32.023+0600] {dag.py:4180} INFO - Setting next_dagrun for example_setup_teardown to None, run_after=None
[2025-02-10T13:49:32.050+0600] {processor.py:208} INFO - Processing /home/shamim/airflow_git/Airflow_project/air_venv/lib/python3.12/site-packages/airflow/example_dags/example_setup_teardown.py took 0.453 seconds
[2025-02-10T13:50:41.954+0600] {processor.py:186} INFO - Started process (PID=21280) to work on /home/shamim/airflow_git/Airflow_project/air_venv/lib/python3.12/site-packages/airflow/example_dags/example_setup_teardown.py
[2025-02-10T13:50:41.961+0600] {processor.py:914} INFO - Processing file /home/shamim/airflow_git/Airflow_project/air_venv/lib/python3.12/site-packages/airflow/example_dags/example_setup_teardown.py for tasks to queue
[2025-02-10T13:50:41.962+0600] {logging_mixin.py:190} INFO - [2025-02-10T13:50:41.962+0600] {dagbag.py:588} INFO - Filling up the DagBag from /home/shamim/airflow_git/Airflow_project/air_venv/lib/python3.12/site-packages/airflow/example_dags/example_setup_teardown.py
[2025-02-10T13:50:41.974+0600] {processor.py:925} INFO - DAG(s) 'example_setup_teardown' retrieved from /home/shamim/airflow_git/Airflow_project/air_venv/lib/python3.12/site-packages/airflow/example_dags/example_setup_teardown.py
[2025-02-10T13:50:41.994+0600] {logging_mixin.py:190} INFO - [2025-02-10T13:50:41.993+0600] {dag.py:3239} INFO - Sync 1 DAGs
[2025-02-10T13:50:42.009+0600] {logging_mixin.py:190} INFO - [2025-02-10T13:50:42.009+0600] {dag.py:4180} INFO - Setting next_dagrun for example_setup_teardown to None, run_after=None
[2025-02-10T13:50:42.034+0600] {processor.py:208} INFO - Processing /home/shamim/airflow_git/Airflow_project/air_venv/lib/python3.12/site-packages/airflow/example_dags/example_setup_teardown.py took 0.091 seconds
[2025-02-10T13:51:58.793+0600] {processor.py:186} INFO - Started process (PID=21393) to work on /home/shamim/airflow_git/Airflow_project/air_venv/lib/python3.12/site-packages/airflow/example_dags/example_setup_teardown.py
[2025-02-10T13:51:58.799+0600] {processor.py:914} INFO - Processing file /home/shamim/airflow_git/Airflow_project/air_venv/lib/python3.12/site-packages/airflow/example_dags/example_setup_teardown.py for tasks to queue
[2025-02-10T13:51:58.801+0600] {logging_mixin.py:190} INFO - [2025-02-10T13:51:58.800+0600] {dagbag.py:588} INFO - Filling up the DagBag from /home/shamim/airflow_git/Airflow_project/air_venv/lib/python3.12/site-packages/airflow/example_dags/example_setup_teardown.py
[2025-02-10T13:51:58.813+0600] {processor.py:925} INFO - DAG(s) 'example_setup_teardown' retrieved from /home/shamim/airflow_git/Airflow_project/air_venv/lib/python3.12/site-packages/airflow/example_dags/example_setup_teardown.py
[2025-02-10T13:51:58.839+0600] {logging_mixin.py:190} INFO - [2025-02-10T13:51:58.838+0600] {dag.py:3239} INFO - Sync 1 DAGs
[2025-02-10T13:51:58.866+0600] {logging_mixin.py:190} INFO - [2025-02-10T13:51:58.866+0600] {dag.py:4180} INFO - Setting next_dagrun for example_setup_teardown to None, run_after=None
[2025-02-10T13:51:58.916+0600] {processor.py:208} INFO - Processing /home/shamim/airflow_git/Airflow_project/air_venv/lib/python3.12/site-packages/airflow/example_dags/example_setup_teardown.py took 0.135 seconds
[2025-02-10T13:53:21.891+0600] {processor.py:186} INFO - Started process (PID=21621) to work on /home/shamim/airflow_git/Airflow_project/air_venv/lib/python3.12/site-packages/airflow/example_dags/example_setup_teardown.py
[2025-02-10T13:53:21.892+0600] {processor.py:914} INFO - Processing file /home/shamim/airflow_git/Airflow_project/air_venv/lib/python3.12/site-packages/airflow/example_dags/example_setup_teardown.py for tasks to queue
[2025-02-10T13:53:21.893+0600] {logging_mixin.py:190} INFO - [2025-02-10T13:53:21.893+0600] {dagbag.py:588} INFO - Filling up the DagBag from /home/shamim/airflow_git/Airflow_project/air_venv/lib/python3.12/site-packages/airflow/example_dags/example_setup_teardown.py
[2025-02-10T13:53:21.905+0600] {processor.py:925} INFO - DAG(s) 'example_setup_teardown' retrieved from /home/shamim/airflow_git/Airflow_project/air_venv/lib/python3.12/site-packages/airflow/example_dags/example_setup_teardown.py
[2025-02-10T13:53:21.925+0600] {logging_mixin.py:190} INFO - [2025-02-10T13:53:21.925+0600] {dag.py:3239} INFO - Sync 1 DAGs
[2025-02-10T13:53:21.941+0600] {logging_mixin.py:190} INFO - [2025-02-10T13:53:21.941+0600] {dag.py:4180} INFO - Setting next_dagrun for example_setup_teardown to None, run_after=None
[2025-02-10T13:53:21.963+0600] {processor.py:208} INFO - Processing /home/shamim/airflow_git/Airflow_project/air_venv/lib/python3.12/site-packages/airflow/example_dags/example_setup_teardown.py took 0.081 seconds
[2025-02-10T13:54:38.500+0600] {processor.py:186} INFO - Started process (PID=21747) to work on /home/shamim/airflow_git/Airflow_project/air_venv/lib/python3.12/site-packages/airflow/example_dags/example_setup_teardown.py
[2025-02-10T13:54:38.507+0600] {processor.py:914} INFO - Processing file /home/shamim/airflow_git/Airflow_project/air_venv/lib/python3.12/site-packages/airflow/example_dags/example_setup_teardown.py for tasks to queue
[2025-02-10T13:54:38.508+0600] {logging_mixin.py:190} INFO - [2025-02-10T13:54:38.508+0600] {dagbag.py:588} INFO - Filling up the DagBag from /home/shamim/airflow_git/Airflow_project/air_venv/lib/python3.12/site-packages/airflow/example_dags/example_setup_teardown.py
[2025-02-10T13:54:38.521+0600] {processor.py:925} INFO - DAG(s) 'example_setup_teardown' retrieved from /home/shamim/airflow_git/Airflow_project/air_venv/lib/python3.12/site-packages/airflow/example_dags/example_setup_teardown.py
[2025-02-10T13:54:38.540+0600] {logging_mixin.py:190} INFO - [2025-02-10T13:54:38.539+0600] {dag.py:3239} INFO - Sync 1 DAGs
[2025-02-10T13:54:38.555+0600] {logging_mixin.py:190} INFO - [2025-02-10T13:54:38.554+0600] {dag.py:4180} INFO - Setting next_dagrun for example_setup_teardown to None, run_after=None
[2025-02-10T13:54:38.589+0600] {processor.py:208} INFO - Processing /home/shamim/airflow_git/Airflow_project/air_venv/lib/python3.12/site-packages/airflow/example_dags/example_setup_teardown.py took 0.098 seconds
[2025-02-10T13:55:49.070+0600] {processor.py:186} INFO - Started process (PID=21854) to work on /home/shamim/airflow_git/Airflow_project/air_venv/lib/python3.12/site-packages/airflow/example_dags/example_setup_teardown.py
[2025-02-10T13:55:49.076+0600] {processor.py:914} INFO - Processing file /home/shamim/airflow_git/Airflow_project/air_venv/lib/python3.12/site-packages/airflow/example_dags/example_setup_teardown.py for tasks to queue
[2025-02-10T13:55:49.082+0600] {logging_mixin.py:190} INFO - [2025-02-10T13:55:49.078+0600] {dagbag.py:588} INFO - Filling up the DagBag from /home/shamim/airflow_git/Airflow_project/air_venv/lib/python3.12/site-packages/airflow/example_dags/example_setup_teardown.py
[2025-02-10T13:55:49.102+0600] {processor.py:925} INFO - DAG(s) 'example_setup_teardown' retrieved from /home/shamim/airflow_git/Airflow_project/air_venv/lib/python3.12/site-packages/airflow/example_dags/example_setup_teardown.py
[2025-02-10T13:55:49.146+0600] {logging_mixin.py:190} INFO - [2025-02-10T13:55:49.146+0600] {dag.py:3239} INFO - Sync 1 DAGs
[2025-02-10T13:55:49.186+0600] {logging_mixin.py:190} INFO - [2025-02-10T13:55:49.186+0600] {dag.py:4180} INFO - Setting next_dagrun for example_setup_teardown to None, run_after=None
[2025-02-10T13:55:49.240+0600] {processor.py:208} INFO - Processing /home/shamim/airflow_git/Airflow_project/air_venv/lib/python3.12/site-packages/airflow/example_dags/example_setup_teardown.py took 0.191 seconds
[2025-02-10T13:57:16.462+0600] {processor.py:186} INFO - Started process (PID=22076) to work on /home/shamim/airflow_git/Airflow_project/air_venv/lib/python3.12/site-packages/airflow/example_dags/example_setup_teardown.py
[2025-02-10T13:57:16.470+0600] {processor.py:914} INFO - Processing file /home/shamim/airflow_git/Airflow_project/air_venv/lib/python3.12/site-packages/airflow/example_dags/example_setup_teardown.py for tasks to queue
[2025-02-10T13:57:16.473+0600] {logging_mixin.py:190} INFO - [2025-02-10T13:57:16.473+0600] {dagbag.py:588} INFO - Filling up the DagBag from /home/shamim/airflow_git/Airflow_project/air_venv/lib/python3.12/site-packages/airflow/example_dags/example_setup_teardown.py
[2025-02-10T13:57:16.489+0600] {processor.py:925} INFO - DAG(s) 'example_setup_teardown' retrieved from /home/shamim/airflow_git/Airflow_project/air_venv/lib/python3.12/site-packages/airflow/example_dags/example_setup_teardown.py
[2025-02-10T13:57:16.507+0600] {logging_mixin.py:190} INFO - [2025-02-10T13:57:16.507+0600] {dag.py:3239} INFO - Sync 1 DAGs
[2025-02-10T13:57:16.522+0600] {logging_mixin.py:190} INFO - [2025-02-10T13:57:16.522+0600] {dag.py:4180} INFO - Setting next_dagrun for example_setup_teardown to None, run_after=None
[2025-02-10T13:57:16.557+0600] {processor.py:208} INFO - Processing /home/shamim/airflow_git/Airflow_project/air_venv/lib/python3.12/site-packages/airflow/example_dags/example_setup_teardown.py took 0.122 seconds
[2025-02-10T13:58:40.663+0600] {processor.py:186} INFO - Started process (PID=22220) to work on /home/shamim/airflow_git/Airflow_project/air_venv/lib/python3.12/site-packages/airflow/example_dags/example_setup_teardown.py
[2025-02-10T13:58:40.668+0600] {processor.py:914} INFO - Processing file /home/shamim/airflow_git/Airflow_project/air_venv/lib/python3.12/site-packages/airflow/example_dags/example_setup_teardown.py for tasks to queue
[2025-02-10T13:58:40.670+0600] {logging_mixin.py:190} INFO - [2025-02-10T13:58:40.669+0600] {dagbag.py:588} INFO - Filling up the DagBag from /home/shamim/airflow_git/Airflow_project/air_venv/lib/python3.12/site-packages/airflow/example_dags/example_setup_teardown.py
[2025-02-10T13:58:40.681+0600] {processor.py:925} INFO - DAG(s) 'example_setup_teardown' retrieved from /home/shamim/airflow_git/Airflow_project/air_venv/lib/python3.12/site-packages/airflow/example_dags/example_setup_teardown.py
[2025-02-10T13:58:40.700+0600] {logging_mixin.py:190} INFO - [2025-02-10T13:58:40.699+0600] {dag.py:3239} INFO - Sync 1 DAGs
[2025-02-10T13:58:40.718+0600] {logging_mixin.py:190} INFO - [2025-02-10T13:58:40.718+0600] {dag.py:4180} INFO - Setting next_dagrun for example_setup_teardown to None, run_after=None
[2025-02-10T13:58:40.784+0600] {processor.py:208} INFO - Processing /home/shamim/airflow_git/Airflow_project/air_venv/lib/python3.12/site-packages/airflow/example_dags/example_setup_teardown.py took 0.130 seconds
[2025-02-10T13:59:52.151+0600] {processor.py:186} INFO - Started process (PID=22388) to work on /home/shamim/airflow_git/Airflow_project/air_venv/lib/python3.12/site-packages/airflow/example_dags/example_setup_teardown.py
[2025-02-10T13:59:52.152+0600] {processor.py:914} INFO - Processing file /home/shamim/airflow_git/Airflow_project/air_venv/lib/python3.12/site-packages/airflow/example_dags/example_setup_teardown.py for tasks to queue
[2025-02-10T13:59:52.154+0600] {logging_mixin.py:190} INFO - [2025-02-10T13:59:52.153+0600] {dagbag.py:588} INFO - Filling up the DagBag from /home/shamim/airflow_git/Airflow_project/air_venv/lib/python3.12/site-packages/airflow/example_dags/example_setup_teardown.py
[2025-02-10T13:59:52.168+0600] {processor.py:925} INFO - DAG(s) 'example_setup_teardown' retrieved from /home/shamim/airflow_git/Airflow_project/air_venv/lib/python3.12/site-packages/airflow/example_dags/example_setup_teardown.py
[2025-02-10T13:59:52.189+0600] {logging_mixin.py:190} INFO - [2025-02-10T13:59:52.189+0600] {dag.py:3239} INFO - Sync 1 DAGs
[2025-02-10T13:59:52.207+0600] {logging_mixin.py:190} INFO - [2025-02-10T13:59:52.207+0600] {dag.py:4180} INFO - Setting next_dagrun for example_setup_teardown to None, run_after=None
[2025-02-10T13:59:52.233+0600] {processor.py:208} INFO - Processing /home/shamim/airflow_git/Airflow_project/air_venv/lib/python3.12/site-packages/airflow/example_dags/example_setup_teardown.py took 0.094 seconds
[2025-02-10T14:00:56.636+0600] {processor.py:186} INFO - Started process (PID=22682) to work on /home/shamim/airflow_git/Airflow_project/air_venv/lib/python3.12/site-packages/airflow/example_dags/example_setup_teardown.py
[2025-02-10T14:00:56.639+0600] {processor.py:914} INFO - Processing file /home/shamim/airflow_git/Airflow_project/air_venv/lib/python3.12/site-packages/airflow/example_dags/example_setup_teardown.py for tasks to queue
[2025-02-10T14:00:56.641+0600] {logging_mixin.py:190} INFO - [2025-02-10T14:00:56.640+0600] {dagbag.py:588} INFO - Filling up the DagBag from /home/shamim/airflow_git/Airflow_project/air_venv/lib/python3.12/site-packages/airflow/example_dags/example_setup_teardown.py
[2025-02-10T14:00:56.651+0600] {processor.py:925} INFO - DAG(s) 'example_setup_teardown' retrieved from /home/shamim/airflow_git/Airflow_project/air_venv/lib/python3.12/site-packages/airflow/example_dags/example_setup_teardown.py
[2025-02-10T14:00:56.670+0600] {logging_mixin.py:190} INFO - [2025-02-10T14:00:56.669+0600] {dag.py:3239} INFO - Sync 1 DAGs
[2025-02-10T14:00:56.685+0600] {logging_mixin.py:190} INFO - [2025-02-10T14:00:56.684+0600] {dag.py:4180} INFO - Setting next_dagrun for example_setup_teardown to None, run_after=None
[2025-02-10T14:00:56.707+0600] {processor.py:208} INFO - Processing /home/shamim/airflow_git/Airflow_project/air_venv/lib/python3.12/site-packages/airflow/example_dags/example_setup_teardown.py took 0.079 seconds
[2025-02-10T14:02:06.992+0600] {processor.py:186} INFO - Started process (PID=23102) to work on /home/shamim/airflow_git/Airflow_project/air_venv/lib/python3.12/site-packages/airflow/example_dags/example_setup_teardown.py
[2025-02-10T14:02:07.002+0600] {processor.py:914} INFO - Processing file /home/shamim/airflow_git/Airflow_project/air_venv/lib/python3.12/site-packages/airflow/example_dags/example_setup_teardown.py for tasks to queue
[2025-02-10T14:02:07.014+0600] {logging_mixin.py:190} INFO - [2025-02-10T14:02:07.013+0600] {dagbag.py:588} INFO - Filling up the DagBag from /home/shamim/airflow_git/Airflow_project/air_venv/lib/python3.12/site-packages/airflow/example_dags/example_setup_teardown.py
[2025-02-10T14:02:07.040+0600] {processor.py:925} INFO - DAG(s) 'example_setup_teardown' retrieved from /home/shamim/airflow_git/Airflow_project/air_venv/lib/python3.12/site-packages/airflow/example_dags/example_setup_teardown.py
[2025-02-10T14:02:07.081+0600] {logging_mixin.py:190} INFO - [2025-02-10T14:02:07.081+0600] {dag.py:3239} INFO - Sync 1 DAGs
[2025-02-10T14:02:07.104+0600] {logging_mixin.py:190} INFO - [2025-02-10T14:02:07.103+0600] {dag.py:4180} INFO - Setting next_dagrun for example_setup_teardown to None, run_after=None
[2025-02-10T14:02:07.128+0600] {processor.py:208} INFO - Processing /home/shamim/airflow_git/Airflow_project/air_venv/lib/python3.12/site-packages/airflow/example_dags/example_setup_teardown.py took 0.148 seconds
[2025-02-10T14:03:18.583+0600] {processor.py:186} INFO - Started process (PID=23401) to work on /home/shamim/airflow_git/Airflow_project/air_venv/lib/python3.12/site-packages/airflow/example_dags/example_setup_teardown.py
[2025-02-10T14:03:18.590+0600] {processor.py:914} INFO - Processing file /home/shamim/airflow_git/Airflow_project/air_venv/lib/python3.12/site-packages/airflow/example_dags/example_setup_teardown.py for tasks to queue
[2025-02-10T14:03:18.594+0600] {logging_mixin.py:190} INFO - [2025-02-10T14:03:18.593+0600] {dagbag.py:588} INFO - Filling up the DagBag from /home/shamim/airflow_git/Airflow_project/air_venv/lib/python3.12/site-packages/airflow/example_dags/example_setup_teardown.py
[2025-02-10T14:03:18.608+0600] {processor.py:925} INFO - DAG(s) 'example_setup_teardown' retrieved from /home/shamim/airflow_git/Airflow_project/air_venv/lib/python3.12/site-packages/airflow/example_dags/example_setup_teardown.py
[2025-02-10T14:03:18.627+0600] {logging_mixin.py:190} INFO - [2025-02-10T14:03:18.627+0600] {dag.py:3239} INFO - Sync 1 DAGs
[2025-02-10T14:03:18.642+0600] {logging_mixin.py:190} INFO - [2025-02-10T14:03:18.642+0600] {dag.py:4180} INFO - Setting next_dagrun for example_setup_teardown to None, run_after=None
[2025-02-10T14:03:18.666+0600] {processor.py:208} INFO - Processing /home/shamim/airflow_git/Airflow_project/air_venv/lib/python3.12/site-packages/airflow/example_dags/example_setup_teardown.py took 0.092 seconds
[2025-02-10T14:04:44.854+0600] {processor.py:186} INFO - Started process (PID=24039) to work on /home/shamim/airflow_git/Airflow_project/air_venv/lib/python3.12/site-packages/airflow/example_dags/example_setup_teardown.py
[2025-02-10T14:04:44.862+0600] {processor.py:914} INFO - Processing file /home/shamim/airflow_git/Airflow_project/air_venv/lib/python3.12/site-packages/airflow/example_dags/example_setup_teardown.py for tasks to queue
[2025-02-10T14:04:44.868+0600] {logging_mixin.py:190} INFO - [2025-02-10T14:04:44.867+0600] {dagbag.py:588} INFO - Filling up the DagBag from /home/shamim/airflow_git/Airflow_project/air_venv/lib/python3.12/site-packages/airflow/example_dags/example_setup_teardown.py
[2025-02-10T14:04:44.898+0600] {processor.py:925} INFO - DAG(s) 'example_setup_teardown' retrieved from /home/shamim/airflow_git/Airflow_project/air_venv/lib/python3.12/site-packages/airflow/example_dags/example_setup_teardown.py
[2025-02-10T14:04:44.928+0600] {logging_mixin.py:190} INFO - [2025-02-10T14:04:44.928+0600] {dag.py:3239} INFO - Sync 1 DAGs
[2025-02-10T14:04:44.945+0600] {logging_mixin.py:190} INFO - [2025-02-10T14:04:44.944+0600] {dag.py:4180} INFO - Setting next_dagrun for example_setup_teardown to None, run_after=None
[2025-02-10T14:04:44.982+0600] {processor.py:208} INFO - Processing /home/shamim/airflow_git/Airflow_project/air_venv/lib/python3.12/site-packages/airflow/example_dags/example_setup_teardown.py took 0.147 seconds
