[2025-02-10T12:59:17.608+0600] {processor.py:186} INFO - Started process (PID=12743) to work on /home/shamim/airflow_git/Airflow_project/air_venv/lib/python3.12/site-packages/airflow/example_dags/example_time_delta_sensor_async.py
[2025-02-10T12:59:17.609+0600] {processor.py:914} INFO - Processing file /home/shamim/airflow_git/Airflow_project/air_venv/lib/python3.12/site-packages/airflow/example_dags/example_time_delta_sensor_async.py for tasks to queue
[2025-02-10T12:59:17.618+0600] {logging_mixin.py:190} INFO - [2025-02-10T12:59:17.617+0600] {dagbag.py:588} INFO - Filling up the DagBag from /home/shamim/airflow_git/Airflow_project/air_venv/lib/python3.12/site-packages/airflow/example_dags/example_time_delta_sensor_async.py
[2025-02-10T12:59:17.633+0600] {processor.py:925} INFO - DAG(s) 'example_time_delta_sensor_async' retrieved from /home/shamim/airflow_git/Airflow_project/air_venv/lib/python3.12/site-packages/airflow/example_dags/example_time_delta_sensor_async.py
[2025-02-10T12:59:17.908+0600] {logging_mixin.py:190} INFO - [2025-02-10T12:59:17.907+0600] {override.py:1930} INFO - Created Permission View: can delete on DAG:example_time_delta_sensor_async
[2025-02-10T12:59:17.933+0600] {logging_mixin.py:190} INFO - [2025-02-10T12:59:17.933+0600] {override.py:1930} INFO - Created Permission View: can edit on DAG:example_time_delta_sensor_async
[2025-02-10T12:59:17.952+0600] {logging_mixin.py:190} INFO - [2025-02-10T12:59:17.951+0600] {override.py:1930} INFO - Created Permission View: can read on DAG:example_time_delta_sensor_async
[2025-02-10T12:59:17.984+0600] {logging_mixin.py:190} INFO - [2025-02-10T12:59:17.984+0600] {override.py:1930} INFO - Created Permission View: can delete on DAG Run:example_time_delta_sensor_async
[2025-02-10T12:59:18.019+0600] {logging_mixin.py:190} INFO - [2025-02-10T12:59:18.018+0600] {override.py:1930} INFO - Created Permission View: can read on DAG Run:example_time_delta_sensor_async
[2025-02-10T12:59:18.042+0600] {logging_mixin.py:190} INFO - [2025-02-10T12:59:18.041+0600] {override.py:1930} INFO - Created Permission View: can create on DAG Run:example_time_delta_sensor_async
[2025-02-10T12:59:18.059+0600] {logging_mixin.py:190} INFO - [2025-02-10T12:59:18.058+0600] {override.py:1930} INFO - Created Permission View: menu access on DAG Run:example_time_delta_sensor_async
[2025-02-10T12:59:18.059+0600] {logging_mixin.py:190} INFO - [2025-02-10T12:59:18.059+0600] {dag.py:3239} INFO - Sync 1 DAGs
[2025-02-10T12:59:18.081+0600] {logging_mixin.py:190} INFO - [2025-02-10T12:59:18.081+0600] {dag.py:3262} INFO - Creating ORM DAG for example_time_delta_sensor_async
[2025-02-10T12:59:18.082+0600] {logging_mixin.py:190} INFO - [2025-02-10T12:59:18.082+0600] {dag.py:4180} INFO - Setting next_dagrun for example_time_delta_sensor_async to None, run_after=None
[2025-02-10T12:59:18.122+0600] {processor.py:208} INFO - Processing /home/shamim/airflow_git/Airflow_project/air_venv/lib/python3.12/site-packages/airflow/example_dags/example_time_delta_sensor_async.py took 0.524 seconds
[2025-02-10T13:00:37.408+0600] {processor.py:186} INFO - Started process (PID=13502) to work on /home/shamim/airflow_git/Airflow_project/air_venv/lib/python3.12/site-packages/airflow/example_dags/example_time_delta_sensor_async.py
[2025-02-10T13:00:37.414+0600] {processor.py:914} INFO - Processing file /home/shamim/airflow_git/Airflow_project/air_venv/lib/python3.12/site-packages/airflow/example_dags/example_time_delta_sensor_async.py for tasks to queue
[2025-02-10T13:00:37.418+0600] {logging_mixin.py:190} INFO - [2025-02-10T13:00:37.417+0600] {dagbag.py:588} INFO - Filling up the DagBag from /home/shamim/airflow_git/Airflow_project/air_venv/lib/python3.12/site-packages/airflow/example_dags/example_time_delta_sensor_async.py
[2025-02-10T13:00:37.429+0600] {processor.py:925} INFO - DAG(s) 'example_time_delta_sensor_async' retrieved from /home/shamim/airflow_git/Airflow_project/air_venv/lib/python3.12/site-packages/airflow/example_dags/example_time_delta_sensor_async.py
[2025-02-10T13:00:37.447+0600] {logging_mixin.py:190} INFO - [2025-02-10T13:00:37.446+0600] {dag.py:3239} INFO - Sync 1 DAGs
[2025-02-10T13:00:37.462+0600] {logging_mixin.py:190} INFO - [2025-02-10T13:00:37.461+0600] {dag.py:4180} INFO - Setting next_dagrun for example_time_delta_sensor_async to None, run_after=None
[2025-02-10T13:00:37.488+0600] {processor.py:208} INFO - Processing /home/shamim/airflow_git/Airflow_project/air_venv/lib/python3.12/site-packages/airflow/example_dags/example_time_delta_sensor_async.py took 0.090 seconds
[2025-02-10T13:01:48.347+0600] {processor.py:186} INFO - Started process (PID=13621) to work on /home/shamim/airflow_git/Airflow_project/air_venv/lib/python3.12/site-packages/airflow/example_dags/example_time_delta_sensor_async.py
[2025-02-10T13:01:48.353+0600] {processor.py:914} INFO - Processing file /home/shamim/airflow_git/Airflow_project/air_venv/lib/python3.12/site-packages/airflow/example_dags/example_time_delta_sensor_async.py for tasks to queue
[2025-02-10T13:01:48.356+0600] {logging_mixin.py:190} INFO - [2025-02-10T13:01:48.355+0600] {dagbag.py:588} INFO - Filling up the DagBag from /home/shamim/airflow_git/Airflow_project/air_venv/lib/python3.12/site-packages/airflow/example_dags/example_time_delta_sensor_async.py
[2025-02-10T13:01:48.368+0600] {processor.py:925} INFO - DAG(s) 'example_time_delta_sensor_async' retrieved from /home/shamim/airflow_git/Airflow_project/air_venv/lib/python3.12/site-packages/airflow/example_dags/example_time_delta_sensor_async.py
[2025-02-10T13:01:48.395+0600] {logging_mixin.py:190} INFO - [2025-02-10T13:01:48.395+0600] {dag.py:3239} INFO - Sync 1 DAGs
[2025-02-10T13:01:48.424+0600] {logging_mixin.py:190} INFO - [2025-02-10T13:01:48.424+0600] {dag.py:4180} INFO - Setting next_dagrun for example_time_delta_sensor_async to None, run_after=None
[2025-02-10T13:01:48.461+0600] {processor.py:208} INFO - Processing /home/shamim/airflow_git/Airflow_project/air_venv/lib/python3.12/site-packages/airflow/example_dags/example_time_delta_sensor_async.py took 0.122 seconds
[2025-02-10T13:02:56.281+0600] {processor.py:186} INFO - Started process (PID=13758) to work on /home/shamim/airflow_git/Airflow_project/air_venv/lib/python3.12/site-packages/airflow/example_dags/example_time_delta_sensor_async.py
[2025-02-10T13:02:56.288+0600] {processor.py:914} INFO - Processing file /home/shamim/airflow_git/Airflow_project/air_venv/lib/python3.12/site-packages/airflow/example_dags/example_time_delta_sensor_async.py for tasks to queue
[2025-02-10T13:02:56.291+0600] {logging_mixin.py:190} INFO - [2025-02-10T13:02:56.290+0600] {dagbag.py:588} INFO - Filling up the DagBag from /home/shamim/airflow_git/Airflow_project/air_venv/lib/python3.12/site-packages/airflow/example_dags/example_time_delta_sensor_async.py
[2025-02-10T13:02:56.300+0600] {processor.py:925} INFO - DAG(s) 'example_time_delta_sensor_async' retrieved from /home/shamim/airflow_git/Airflow_project/air_venv/lib/python3.12/site-packages/airflow/example_dags/example_time_delta_sensor_async.py
[2025-02-10T13:02:56.317+0600] {logging_mixin.py:190} INFO - [2025-02-10T13:02:56.317+0600] {dag.py:3239} INFO - Sync 1 DAGs
[2025-02-10T13:02:56.332+0600] {logging_mixin.py:190} INFO - [2025-02-10T13:02:56.331+0600] {dag.py:4180} INFO - Setting next_dagrun for example_time_delta_sensor_async to None, run_after=None
[2025-02-10T13:02:56.356+0600] {processor.py:208} INFO - Processing /home/shamim/airflow_git/Airflow_project/air_venv/lib/python3.12/site-packages/airflow/example_dags/example_time_delta_sensor_async.py took 0.082 seconds
[2025-02-10T13:04:03.510+0600] {processor.py:186} INFO - Started process (PID=13949) to work on /home/shamim/airflow_git/Airflow_project/air_venv/lib/python3.12/site-packages/airflow/example_dags/example_time_delta_sensor_async.py
[2025-02-10T13:04:03.511+0600] {processor.py:914} INFO - Processing file /home/shamim/airflow_git/Airflow_project/air_venv/lib/python3.12/site-packages/airflow/example_dags/example_time_delta_sensor_async.py for tasks to queue
[2025-02-10T13:04:03.515+0600] {logging_mixin.py:190} INFO - [2025-02-10T13:04:03.514+0600] {dagbag.py:588} INFO - Filling up the DagBag from /home/shamim/airflow_git/Airflow_project/air_venv/lib/python3.12/site-packages/airflow/example_dags/example_time_delta_sensor_async.py
[2025-02-10T13:04:03.524+0600] {processor.py:925} INFO - DAG(s) 'example_time_delta_sensor_async' retrieved from /home/shamim/airflow_git/Airflow_project/air_venv/lib/python3.12/site-packages/airflow/example_dags/example_time_delta_sensor_async.py
[2025-02-10T13:04:03.540+0600] {logging_mixin.py:190} INFO - [2025-02-10T13:04:03.540+0600] {dag.py:3239} INFO - Sync 1 DAGs
[2025-02-10T13:04:03.555+0600] {logging_mixin.py:190} INFO - [2025-02-10T13:04:03.554+0600] {dag.py:4180} INFO - Setting next_dagrun for example_time_delta_sensor_async to None, run_after=None
[2025-02-10T13:04:03.577+0600] {processor.py:208} INFO - Processing /home/shamim/airflow_git/Airflow_project/air_venv/lib/python3.12/site-packages/airflow/example_dags/example_time_delta_sensor_async.py took 0.074 seconds
[2025-02-10T13:05:10.234+0600] {processor.py:186} INFO - Started process (PID=14067) to work on /home/shamim/airflow_git/Airflow_project/air_venv/lib/python3.12/site-packages/airflow/example_dags/example_time_delta_sensor_async.py
[2025-02-10T13:05:10.238+0600] {processor.py:914} INFO - Processing file /home/shamim/airflow_git/Airflow_project/air_venv/lib/python3.12/site-packages/airflow/example_dags/example_time_delta_sensor_async.py for tasks to queue
[2025-02-10T13:05:10.240+0600] {logging_mixin.py:190} INFO - [2025-02-10T13:05:10.240+0600] {dagbag.py:588} INFO - Filling up the DagBag from /home/shamim/airflow_git/Airflow_project/air_venv/lib/python3.12/site-packages/airflow/example_dags/example_time_delta_sensor_async.py
[2025-02-10T13:05:10.249+0600] {processor.py:925} INFO - DAG(s) 'example_time_delta_sensor_async' retrieved from /home/shamim/airflow_git/Airflow_project/air_venv/lib/python3.12/site-packages/airflow/example_dags/example_time_delta_sensor_async.py
[2025-02-10T13:05:10.265+0600] {logging_mixin.py:190} INFO - [2025-02-10T13:05:10.265+0600] {dag.py:3239} INFO - Sync 1 DAGs
[2025-02-10T13:05:10.279+0600] {logging_mixin.py:190} INFO - [2025-02-10T13:05:10.279+0600] {dag.py:4180} INFO - Setting next_dagrun for example_time_delta_sensor_async to None, run_after=None
[2025-02-10T13:05:10.301+0600] {processor.py:208} INFO - Processing /home/shamim/airflow_git/Airflow_project/air_venv/lib/python3.12/site-packages/airflow/example_dags/example_time_delta_sensor_async.py took 0.073 seconds
[2025-02-10T13:06:18.735+0600] {processor.py:186} INFO - Started process (PID=14187) to work on /home/shamim/airflow_git/Airflow_project/air_venv/lib/python3.12/site-packages/airflow/example_dags/example_time_delta_sensor_async.py
[2025-02-10T13:06:18.738+0600] {processor.py:914} INFO - Processing file /home/shamim/airflow_git/Airflow_project/air_venv/lib/python3.12/site-packages/airflow/example_dags/example_time_delta_sensor_async.py for tasks to queue
[2025-02-10T13:06:18.742+0600] {logging_mixin.py:190} INFO - [2025-02-10T13:06:18.741+0600] {dagbag.py:588} INFO - Filling up the DagBag from /home/shamim/airflow_git/Airflow_project/air_venv/lib/python3.12/site-packages/airflow/example_dags/example_time_delta_sensor_async.py
[2025-02-10T13:06:18.750+0600] {processor.py:925} INFO - DAG(s) 'example_time_delta_sensor_async' retrieved from /home/shamim/airflow_git/Airflow_project/air_venv/lib/python3.12/site-packages/airflow/example_dags/example_time_delta_sensor_async.py
[2025-02-10T13:06:18.768+0600] {logging_mixin.py:190} INFO - [2025-02-10T13:06:18.768+0600] {dag.py:3239} INFO - Sync 1 DAGs
[2025-02-10T13:06:18.784+0600] {logging_mixin.py:190} INFO - [2025-02-10T13:06:18.784+0600] {dag.py:4180} INFO - Setting next_dagrun for example_time_delta_sensor_async to None, run_after=None
[2025-02-10T13:06:18.811+0600] {processor.py:208} INFO - Processing /home/shamim/airflow_git/Airflow_project/air_venv/lib/python3.12/site-packages/airflow/example_dags/example_time_delta_sensor_async.py took 0.083 seconds
[2025-02-10T13:07:30.061+0600] {processor.py:186} INFO - Started process (PID=14366) to work on /home/shamim/airflow_git/Airflow_project/air_venv/lib/python3.12/site-packages/airflow/example_dags/example_time_delta_sensor_async.py
[2025-02-10T13:07:30.065+0600] {processor.py:914} INFO - Processing file /home/shamim/airflow_git/Airflow_project/air_venv/lib/python3.12/site-packages/airflow/example_dags/example_time_delta_sensor_async.py for tasks to queue
[2025-02-10T13:07:30.067+0600] {logging_mixin.py:190} INFO - [2025-02-10T13:07:30.067+0600] {dagbag.py:588} INFO - Filling up the DagBag from /home/shamim/airflow_git/Airflow_project/air_venv/lib/python3.12/site-packages/airflow/example_dags/example_time_delta_sensor_async.py
[2025-02-10T13:07:30.100+0600] {processor.py:925} INFO - DAG(s) 'example_time_delta_sensor_async' retrieved from /home/shamim/airflow_git/Airflow_project/air_venv/lib/python3.12/site-packages/airflow/example_dags/example_time_delta_sensor_async.py
[2025-02-10T13:07:30.125+0600] {logging_mixin.py:190} INFO - [2025-02-10T13:07:30.125+0600] {dag.py:3239} INFO - Sync 1 DAGs
[2025-02-10T13:07:30.152+0600] {logging_mixin.py:190} INFO - [2025-02-10T13:07:30.152+0600] {dag.py:4180} INFO - Setting next_dagrun for example_time_delta_sensor_async to None, run_after=None
[2025-02-10T13:07:30.198+0600] {processor.py:208} INFO - Processing /home/shamim/airflow_git/Airflow_project/air_venv/lib/python3.12/site-packages/airflow/example_dags/example_time_delta_sensor_async.py took 0.145 seconds
[2025-02-10T13:08:45.937+0600] {processor.py:186} INFO - Started process (PID=14551) to work on /home/shamim/airflow_git/Airflow_project/air_venv/lib/python3.12/site-packages/airflow/example_dags/example_time_delta_sensor_async.py
[2025-02-10T13:08:45.942+0600] {processor.py:914} INFO - Processing file /home/shamim/airflow_git/Airflow_project/air_venv/lib/python3.12/site-packages/airflow/example_dags/example_time_delta_sensor_async.py for tasks to queue
[2025-02-10T13:08:45.949+0600] {logging_mixin.py:190} INFO - [2025-02-10T13:08:45.948+0600] {dagbag.py:588} INFO - Filling up the DagBag from /home/shamim/airflow_git/Airflow_project/air_venv/lib/python3.12/site-packages/airflow/example_dags/example_time_delta_sensor_async.py
[2025-02-10T13:08:45.970+0600] {processor.py:925} INFO - DAG(s) 'example_time_delta_sensor_async' retrieved from /home/shamim/airflow_git/Airflow_project/air_venv/lib/python3.12/site-packages/airflow/example_dags/example_time_delta_sensor_async.py
[2025-02-10T13:08:45.990+0600] {logging_mixin.py:190} INFO - [2025-02-10T13:08:45.990+0600] {dag.py:3239} INFO - Sync 1 DAGs
[2025-02-10T13:08:46.005+0600] {logging_mixin.py:190} INFO - [2025-02-10T13:08:46.005+0600] {dag.py:4180} INFO - Setting next_dagrun for example_time_delta_sensor_async to None, run_after=None
[2025-02-10T13:08:46.030+0600] {processor.py:208} INFO - Processing /home/shamim/airflow_git/Airflow_project/air_venv/lib/python3.12/site-packages/airflow/example_dags/example_time_delta_sensor_async.py took 0.112 seconds
[2025-02-10T13:09:51.393+0600] {processor.py:186} INFO - Started process (PID=14785) to work on /home/shamim/airflow_git/Airflow_project/air_venv/lib/python3.12/site-packages/airflow/example_dags/example_time_delta_sensor_async.py
[2025-02-10T13:09:51.398+0600] {processor.py:914} INFO - Processing file /home/shamim/airflow_git/Airflow_project/air_venv/lib/python3.12/site-packages/airflow/example_dags/example_time_delta_sensor_async.py for tasks to queue
[2025-02-10T13:09:51.402+0600] {logging_mixin.py:190} INFO - [2025-02-10T13:09:51.401+0600] {dagbag.py:588} INFO - Filling up the DagBag from /home/shamim/airflow_git/Airflow_project/air_venv/lib/python3.12/site-packages/airflow/example_dags/example_time_delta_sensor_async.py
[2025-02-10T13:09:51.411+0600] {processor.py:925} INFO - DAG(s) 'example_time_delta_sensor_async' retrieved from /home/shamim/airflow_git/Airflow_project/air_venv/lib/python3.12/site-packages/airflow/example_dags/example_time_delta_sensor_async.py
[2025-02-10T13:09:51.431+0600] {logging_mixin.py:190} INFO - [2025-02-10T13:09:51.431+0600] {dag.py:3239} INFO - Sync 1 DAGs
[2025-02-10T13:09:51.447+0600] {logging_mixin.py:190} INFO - [2025-02-10T13:09:51.447+0600] {dag.py:4180} INFO - Setting next_dagrun for example_time_delta_sensor_async to None, run_after=None
[2025-02-10T13:09:51.470+0600] {processor.py:208} INFO - Processing /home/shamim/airflow_git/Airflow_project/air_venv/lib/python3.12/site-packages/airflow/example_dags/example_time_delta_sensor_async.py took 0.100 seconds
[2025-02-10T13:11:03.459+0600] {processor.py:186} INFO - Started process (PID=14890) to work on /home/shamim/airflow_git/Airflow_project/air_venv/lib/python3.12/site-packages/airflow/example_dags/example_time_delta_sensor_async.py
[2025-02-10T13:11:03.466+0600] {processor.py:914} INFO - Processing file /home/shamim/airflow_git/Airflow_project/air_venv/lib/python3.12/site-packages/airflow/example_dags/example_time_delta_sensor_async.py for tasks to queue
[2025-02-10T13:11:03.471+0600] {logging_mixin.py:190} INFO - [2025-02-10T13:11:03.470+0600] {dagbag.py:588} INFO - Filling up the DagBag from /home/shamim/airflow_git/Airflow_project/air_venv/lib/python3.12/site-packages/airflow/example_dags/example_time_delta_sensor_async.py
[2025-02-10T13:11:03.486+0600] {processor.py:925} INFO - DAG(s) 'example_time_delta_sensor_async' retrieved from /home/shamim/airflow_git/Airflow_project/air_venv/lib/python3.12/site-packages/airflow/example_dags/example_time_delta_sensor_async.py
[2025-02-10T13:11:03.508+0600] {logging_mixin.py:190} INFO - [2025-02-10T13:11:03.508+0600] {dag.py:3239} INFO - Sync 1 DAGs
[2025-02-10T13:11:03.530+0600] {logging_mixin.py:190} INFO - [2025-02-10T13:11:03.529+0600] {dag.py:4180} INFO - Setting next_dagrun for example_time_delta_sensor_async to None, run_after=None
[2025-02-10T13:11:03.564+0600] {processor.py:208} INFO - Processing /home/shamim/airflow_git/Airflow_project/air_venv/lib/python3.12/site-packages/airflow/example_dags/example_time_delta_sensor_async.py took 0.138 seconds
[2025-02-10T13:12:21.098+0600] {processor.py:186} INFO - Started process (PID=14987) to work on /home/shamim/airflow_git/Airflow_project/air_venv/lib/python3.12/site-packages/airflow/example_dags/example_time_delta_sensor_async.py
[2025-02-10T13:12:21.105+0600] {processor.py:914} INFO - Processing file /home/shamim/airflow_git/Airflow_project/air_venv/lib/python3.12/site-packages/airflow/example_dags/example_time_delta_sensor_async.py for tasks to queue
[2025-02-10T13:12:21.108+0600] {logging_mixin.py:190} INFO - [2025-02-10T13:12:21.108+0600] {dagbag.py:588} INFO - Filling up the DagBag from /home/shamim/airflow_git/Airflow_project/air_venv/lib/python3.12/site-packages/airflow/example_dags/example_time_delta_sensor_async.py
[2025-02-10T13:12:21.119+0600] {processor.py:925} INFO - DAG(s) 'example_time_delta_sensor_async' retrieved from /home/shamim/airflow_git/Airflow_project/air_venv/lib/python3.12/site-packages/airflow/example_dags/example_time_delta_sensor_async.py
[2025-02-10T13:12:21.141+0600] {logging_mixin.py:190} INFO - [2025-02-10T13:12:21.141+0600] {dag.py:3239} INFO - Sync 1 DAGs
[2025-02-10T13:12:21.163+0600] {logging_mixin.py:190} INFO - [2025-02-10T13:12:21.163+0600] {dag.py:4180} INFO - Setting next_dagrun for example_time_delta_sensor_async to None, run_after=None
[2025-02-10T13:12:21.196+0600] {processor.py:208} INFO - Processing /home/shamim/airflow_git/Airflow_project/air_venv/lib/python3.12/site-packages/airflow/example_dags/example_time_delta_sensor_async.py took 0.110 seconds
[2025-02-10T13:13:37.909+0600] {processor.py:186} INFO - Started process (PID=15109) to work on /home/shamim/airflow_git/Airflow_project/air_venv/lib/python3.12/site-packages/airflow/example_dags/example_time_delta_sensor_async.py
[2025-02-10T13:13:37.912+0600] {processor.py:914} INFO - Processing file /home/shamim/airflow_git/Airflow_project/air_venv/lib/python3.12/site-packages/airflow/example_dags/example_time_delta_sensor_async.py for tasks to queue
[2025-02-10T13:13:37.915+0600] {logging_mixin.py:190} INFO - [2025-02-10T13:13:37.914+0600] {dagbag.py:588} INFO - Filling up the DagBag from /home/shamim/airflow_git/Airflow_project/air_venv/lib/python3.12/site-packages/airflow/example_dags/example_time_delta_sensor_async.py
[2025-02-10T13:13:37.924+0600] {processor.py:925} INFO - DAG(s) 'example_time_delta_sensor_async' retrieved from /home/shamim/airflow_git/Airflow_project/air_venv/lib/python3.12/site-packages/airflow/example_dags/example_time_delta_sensor_async.py
[2025-02-10T13:13:37.942+0600] {logging_mixin.py:190} INFO - [2025-02-10T13:13:37.941+0600] {dag.py:3239} INFO - Sync 1 DAGs
[2025-02-10T13:13:37.962+0600] {logging_mixin.py:190} INFO - [2025-02-10T13:13:37.962+0600] {dag.py:4180} INFO - Setting next_dagrun for example_time_delta_sensor_async to None, run_after=None
[2025-02-10T13:13:37.984+0600] {processor.py:208} INFO - Processing /home/shamim/airflow_git/Airflow_project/air_venv/lib/python3.12/site-packages/airflow/example_dags/example_time_delta_sensor_async.py took 0.085 seconds
[2025-02-10T13:14:47.502+0600] {processor.py:186} INFO - Started process (PID=15228) to work on /home/shamim/airflow_git/Airflow_project/air_venv/lib/python3.12/site-packages/airflow/example_dags/example_time_delta_sensor_async.py
[2025-02-10T13:14:47.508+0600] {processor.py:914} INFO - Processing file /home/shamim/airflow_git/Airflow_project/air_venv/lib/python3.12/site-packages/airflow/example_dags/example_time_delta_sensor_async.py for tasks to queue
[2025-02-10T13:14:47.512+0600] {logging_mixin.py:190} INFO - [2025-02-10T13:14:47.511+0600] {dagbag.py:588} INFO - Filling up the DagBag from /home/shamim/airflow_git/Airflow_project/air_venv/lib/python3.12/site-packages/airflow/example_dags/example_time_delta_sensor_async.py
[2025-02-10T13:14:47.522+0600] {processor.py:925} INFO - DAG(s) 'example_time_delta_sensor_async' retrieved from /home/shamim/airflow_git/Airflow_project/air_venv/lib/python3.12/site-packages/airflow/example_dags/example_time_delta_sensor_async.py
[2025-02-10T13:14:47.539+0600] {logging_mixin.py:190} INFO - [2025-02-10T13:14:47.538+0600] {dag.py:3239} INFO - Sync 1 DAGs
[2025-02-10T13:14:47.554+0600] {logging_mixin.py:190} INFO - [2025-02-10T13:14:47.554+0600] {dag.py:4180} INFO - Setting next_dagrun for example_time_delta_sensor_async to None, run_after=None
[2025-02-10T13:14:47.581+0600] {processor.py:208} INFO - Processing /home/shamim/airflow_git/Airflow_project/air_venv/lib/python3.12/site-packages/airflow/example_dags/example_time_delta_sensor_async.py took 0.090 seconds
[2025-02-10T13:15:54.741+0600] {processor.py:186} INFO - Started process (PID=15322) to work on /home/shamim/airflow_git/Airflow_project/air_venv/lib/python3.12/site-packages/airflow/example_dags/example_time_delta_sensor_async.py
[2025-02-10T13:15:54.744+0600] {processor.py:914} INFO - Processing file /home/shamim/airflow_git/Airflow_project/air_venv/lib/python3.12/site-packages/airflow/example_dags/example_time_delta_sensor_async.py for tasks to queue
[2025-02-10T13:15:54.749+0600] {logging_mixin.py:190} INFO - [2025-02-10T13:15:54.748+0600] {dagbag.py:588} INFO - Filling up the DagBag from /home/shamim/airflow_git/Airflow_project/air_venv/lib/python3.12/site-packages/airflow/example_dags/example_time_delta_sensor_async.py
[2025-02-10T13:15:54.758+0600] {processor.py:925} INFO - DAG(s) 'example_time_delta_sensor_async' retrieved from /home/shamim/airflow_git/Airflow_project/air_venv/lib/python3.12/site-packages/airflow/example_dags/example_time_delta_sensor_async.py
[2025-02-10T13:15:54.775+0600] {logging_mixin.py:190} INFO - [2025-02-10T13:15:54.775+0600] {dag.py:3239} INFO - Sync 1 DAGs
[2025-02-10T13:15:54.791+0600] {logging_mixin.py:190} INFO - [2025-02-10T13:15:54.791+0600] {dag.py:4180} INFO - Setting next_dagrun for example_time_delta_sensor_async to None, run_after=None
[2025-02-10T13:15:54.814+0600] {processor.py:208} INFO - Processing /home/shamim/airflow_git/Airflow_project/air_venv/lib/python3.12/site-packages/airflow/example_dags/example_time_delta_sensor_async.py took 0.084 seconds
[2025-02-10T13:17:04.237+0600] {processor.py:186} INFO - Started process (PID=15418) to work on /home/shamim/airflow_git/Airflow_project/air_venv/lib/python3.12/site-packages/airflow/example_dags/example_time_delta_sensor_async.py
[2025-02-10T13:17:04.247+0600] {processor.py:914} INFO - Processing file /home/shamim/airflow_git/Airflow_project/air_venv/lib/python3.12/site-packages/airflow/example_dags/example_time_delta_sensor_async.py for tasks to queue
[2025-02-10T13:17:04.250+0600] {logging_mixin.py:190} INFO - [2025-02-10T13:17:04.250+0600] {dagbag.py:588} INFO - Filling up the DagBag from /home/shamim/airflow_git/Airflow_project/air_venv/lib/python3.12/site-packages/airflow/example_dags/example_time_delta_sensor_async.py
[2025-02-10T13:17:04.259+0600] {processor.py:925} INFO - DAG(s) 'example_time_delta_sensor_async' retrieved from /home/shamim/airflow_git/Airflow_project/air_venv/lib/python3.12/site-packages/airflow/example_dags/example_time_delta_sensor_async.py
[2025-02-10T13:17:04.276+0600] {logging_mixin.py:190} INFO - [2025-02-10T13:17:04.276+0600] {dag.py:3239} INFO - Sync 1 DAGs
[2025-02-10T13:17:04.292+0600] {logging_mixin.py:190} INFO - [2025-02-10T13:17:04.292+0600] {dag.py:4180} INFO - Setting next_dagrun for example_time_delta_sensor_async to None, run_after=None
[2025-02-10T13:17:04.318+0600] {processor.py:208} INFO - Processing /home/shamim/airflow_git/Airflow_project/air_venv/lib/python3.12/site-packages/airflow/example_dags/example_time_delta_sensor_async.py took 0.090 seconds
[2025-02-10T13:18:16.392+0600] {processor.py:186} INFO - Started process (PID=15650) to work on /home/shamim/airflow_git/Airflow_project/air_venv/lib/python3.12/site-packages/airflow/example_dags/example_time_delta_sensor_async.py
[2025-02-10T13:18:16.396+0600] {processor.py:914} INFO - Processing file /home/shamim/airflow_git/Airflow_project/air_venv/lib/python3.12/site-packages/airflow/example_dags/example_time_delta_sensor_async.py for tasks to queue
[2025-02-10T13:18:16.399+0600] {logging_mixin.py:190} INFO - [2025-02-10T13:18:16.399+0600] {dagbag.py:588} INFO - Filling up the DagBag from /home/shamim/airflow_git/Airflow_project/air_venv/lib/python3.12/site-packages/airflow/example_dags/example_time_delta_sensor_async.py
[2025-02-10T13:18:16.408+0600] {processor.py:925} INFO - DAG(s) 'example_time_delta_sensor_async' retrieved from /home/shamim/airflow_git/Airflow_project/air_venv/lib/python3.12/site-packages/airflow/example_dags/example_time_delta_sensor_async.py
[2025-02-10T13:18:16.425+0600] {logging_mixin.py:190} INFO - [2025-02-10T13:18:16.425+0600] {dag.py:3239} INFO - Sync 1 DAGs
[2025-02-10T13:18:16.443+0600] {logging_mixin.py:190} INFO - [2025-02-10T13:18:16.443+0600] {dag.py:4180} INFO - Setting next_dagrun for example_time_delta_sensor_async to None, run_after=None
[2025-02-10T13:18:16.468+0600] {processor.py:208} INFO - Processing /home/shamim/airflow_git/Airflow_project/air_venv/lib/python3.12/site-packages/airflow/example_dags/example_time_delta_sensor_async.py took 0.086 seconds
[2025-02-10T13:19:05.810+0600] {processor.py:186} INFO - Started process (PID=15918) to work on /home/shamim/airflow_git/Airflow_project/air_venv/lib/python3.12/site-packages/airflow/example_dags/example_time_delta_sensor_async.py
[2025-02-10T13:19:05.813+0600] {processor.py:914} INFO - Processing file /home/shamim/airflow_git/Airflow_project/air_venv/lib/python3.12/site-packages/airflow/example_dags/example_time_delta_sensor_async.py for tasks to queue
[2025-02-10T13:19:05.815+0600] {logging_mixin.py:190} INFO - [2025-02-10T13:19:05.814+0600] {dagbag.py:588} INFO - Filling up the DagBag from /home/shamim/airflow_git/Airflow_project/air_venv/lib/python3.12/site-packages/airflow/example_dags/example_time_delta_sensor_async.py
[2025-02-10T13:19:05.824+0600] {processor.py:925} INFO - DAG(s) 'example_time_delta_sensor_async' retrieved from /home/shamim/airflow_git/Airflow_project/air_venv/lib/python3.12/site-packages/airflow/example_dags/example_time_delta_sensor_async.py
[2025-02-10T13:19:05.841+0600] {logging_mixin.py:190} INFO - [2025-02-10T13:19:05.841+0600] {dag.py:3239} INFO - Sync 1 DAGs
[2025-02-10T13:19:05.857+0600] {logging_mixin.py:190} INFO - [2025-02-10T13:19:05.857+0600] {dag.py:4180} INFO - Setting next_dagrun for example_time_delta_sensor_async to None, run_after=None
[2025-02-10T13:19:05.880+0600] {processor.py:208} INFO - Processing /home/shamim/airflow_git/Airflow_project/air_venv/lib/python3.12/site-packages/airflow/example_dags/example_time_delta_sensor_async.py took 0.082 seconds
[2025-02-10T13:20:20.870+0600] {processor.py:186} INFO - Started process (PID=16480) to work on /home/shamim/airflow_git/Airflow_project/air_venv/lib/python3.12/site-packages/airflow/example_dags/example_time_delta_sensor_async.py
[2025-02-10T13:20:20.877+0600] {processor.py:914} INFO - Processing file /home/shamim/airflow_git/Airflow_project/air_venv/lib/python3.12/site-packages/airflow/example_dags/example_time_delta_sensor_async.py for tasks to queue
[2025-02-10T13:20:20.879+0600] {logging_mixin.py:190} INFO - [2025-02-10T13:20:20.879+0600] {dagbag.py:588} INFO - Filling up the DagBag from /home/shamim/airflow_git/Airflow_project/air_venv/lib/python3.12/site-packages/airflow/example_dags/example_time_delta_sensor_async.py
[2025-02-10T13:20:20.890+0600] {processor.py:925} INFO - DAG(s) 'example_time_delta_sensor_async' retrieved from /home/shamim/airflow_git/Airflow_project/air_venv/lib/python3.12/site-packages/airflow/example_dags/example_time_delta_sensor_async.py
[2025-02-10T13:20:20.908+0600] {logging_mixin.py:190} INFO - [2025-02-10T13:20:20.907+0600] {dag.py:3239} INFO - Sync 1 DAGs
[2025-02-10T13:20:20.924+0600] {logging_mixin.py:190} INFO - [2025-02-10T13:20:20.924+0600] {dag.py:4180} INFO - Setting next_dagrun for example_time_delta_sensor_async to None, run_after=None
[2025-02-10T13:20:20.951+0600] {processor.py:208} INFO - Processing /home/shamim/airflow_git/Airflow_project/air_venv/lib/python3.12/site-packages/airflow/example_dags/example_time_delta_sensor_async.py took 0.106 seconds
[2025-02-10T13:21:34.548+0600] {processor.py:186} INFO - Started process (PID=17062) to work on /home/shamim/airflow_git/Airflow_project/air_venv/lib/python3.12/site-packages/airflow/example_dags/example_time_delta_sensor_async.py
[2025-02-10T13:21:34.555+0600] {processor.py:914} INFO - Processing file /home/shamim/airflow_git/Airflow_project/air_venv/lib/python3.12/site-packages/airflow/example_dags/example_time_delta_sensor_async.py for tasks to queue
[2025-02-10T13:21:34.556+0600] {logging_mixin.py:190} INFO - [2025-02-10T13:21:34.556+0600] {dagbag.py:588} INFO - Filling up the DagBag from /home/shamim/airflow_git/Airflow_project/air_venv/lib/python3.12/site-packages/airflow/example_dags/example_time_delta_sensor_async.py
[2025-02-10T13:21:34.565+0600] {processor.py:925} INFO - DAG(s) 'example_time_delta_sensor_async' retrieved from /home/shamim/airflow_git/Airflow_project/air_venv/lib/python3.12/site-packages/airflow/example_dags/example_time_delta_sensor_async.py
[2025-02-10T13:21:34.582+0600] {logging_mixin.py:190} INFO - [2025-02-10T13:21:34.582+0600] {dag.py:3239} INFO - Sync 1 DAGs
[2025-02-10T13:21:34.598+0600] {logging_mixin.py:190} INFO - [2025-02-10T13:21:34.598+0600] {dag.py:4180} INFO - Setting next_dagrun for example_time_delta_sensor_async to None, run_after=None
[2025-02-10T13:21:34.625+0600] {processor.py:208} INFO - Processing /home/shamim/airflow_git/Airflow_project/air_venv/lib/python3.12/site-packages/airflow/example_dags/example_time_delta_sensor_async.py took 0.087 seconds
[2025-02-10T13:22:50.908+0600] {processor.py:186} INFO - Started process (PID=17395) to work on /home/shamim/airflow_git/Airflow_project/air_venv/lib/python3.12/site-packages/airflow/example_dags/example_time_delta_sensor_async.py
[2025-02-10T13:22:50.914+0600] {processor.py:914} INFO - Processing file /home/shamim/airflow_git/Airflow_project/air_venv/lib/python3.12/site-packages/airflow/example_dags/example_time_delta_sensor_async.py for tasks to queue
[2025-02-10T13:22:50.915+0600] {logging_mixin.py:190} INFO - [2025-02-10T13:22:50.915+0600] {dagbag.py:588} INFO - Filling up the DagBag from /home/shamim/airflow_git/Airflow_project/air_venv/lib/python3.12/site-packages/airflow/example_dags/example_time_delta_sensor_async.py
[2025-02-10T13:22:50.925+0600] {processor.py:925} INFO - DAG(s) 'example_time_delta_sensor_async' retrieved from /home/shamim/airflow_git/Airflow_project/air_venv/lib/python3.12/site-packages/airflow/example_dags/example_time_delta_sensor_async.py
[2025-02-10T13:22:50.945+0600] {logging_mixin.py:190} INFO - [2025-02-10T13:22:50.945+0600] {dag.py:3239} INFO - Sync 1 DAGs
[2025-02-10T13:22:50.964+0600] {logging_mixin.py:190} INFO - [2025-02-10T13:22:50.964+0600] {dag.py:4180} INFO - Setting next_dagrun for example_time_delta_sensor_async to None, run_after=None
[2025-02-10T13:22:50.994+0600] {processor.py:208} INFO - Processing /home/shamim/airflow_git/Airflow_project/air_venv/lib/python3.12/site-packages/airflow/example_dags/example_time_delta_sensor_async.py took 0.098 seconds
[2025-02-10T13:24:07.080+0600] {processor.py:186} INFO - Started process (PID=17532) to work on /home/shamim/airflow_git/Airflow_project/air_venv/lib/python3.12/site-packages/airflow/example_dags/example_time_delta_sensor_async.py
[2025-02-10T13:24:07.086+0600] {processor.py:914} INFO - Processing file /home/shamim/airflow_git/Airflow_project/air_venv/lib/python3.12/site-packages/airflow/example_dags/example_time_delta_sensor_async.py for tasks to queue
[2025-02-10T13:24:07.088+0600] {logging_mixin.py:190} INFO - [2025-02-10T13:24:07.087+0600] {dagbag.py:588} INFO - Filling up the DagBag from /home/shamim/airflow_git/Airflow_project/air_venv/lib/python3.12/site-packages/airflow/example_dags/example_time_delta_sensor_async.py
[2025-02-10T13:24:07.097+0600] {processor.py:925} INFO - DAG(s) 'example_time_delta_sensor_async' retrieved from /home/shamim/airflow_git/Airflow_project/air_venv/lib/python3.12/site-packages/airflow/example_dags/example_time_delta_sensor_async.py
[2025-02-10T13:24:07.115+0600] {logging_mixin.py:190} INFO - [2025-02-10T13:24:07.115+0600] {dag.py:3239} INFO - Sync 1 DAGs
[2025-02-10T13:24:07.131+0600] {logging_mixin.py:190} INFO - [2025-02-10T13:24:07.131+0600] {dag.py:4180} INFO - Setting next_dagrun for example_time_delta_sensor_async to None, run_after=None
[2025-02-10T13:24:07.157+0600] {processor.py:208} INFO - Processing /home/shamim/airflow_git/Airflow_project/air_venv/lib/python3.12/site-packages/airflow/example_dags/example_time_delta_sensor_async.py took 0.087 seconds
[2025-02-10T13:25:18.183+0600] {processor.py:186} INFO - Started process (PID=17734) to work on /home/shamim/airflow_git/Airflow_project/air_venv/lib/python3.12/site-packages/airflow/example_dags/example_time_delta_sensor_async.py
[2025-02-10T13:25:18.189+0600] {processor.py:914} INFO - Processing file /home/shamim/airflow_git/Airflow_project/air_venv/lib/python3.12/site-packages/airflow/example_dags/example_time_delta_sensor_async.py for tasks to queue
[2025-02-10T13:25:18.191+0600] {logging_mixin.py:190} INFO - [2025-02-10T13:25:18.190+0600] {dagbag.py:588} INFO - Filling up the DagBag from /home/shamim/airflow_git/Airflow_project/air_venv/lib/python3.12/site-packages/airflow/example_dags/example_time_delta_sensor_async.py
[2025-02-10T13:25:18.200+0600] {processor.py:925} INFO - DAG(s) 'example_time_delta_sensor_async' retrieved from /home/shamim/airflow_git/Airflow_project/air_venv/lib/python3.12/site-packages/airflow/example_dags/example_time_delta_sensor_async.py
[2025-02-10T13:25:18.217+0600] {logging_mixin.py:190} INFO - [2025-02-10T13:25:18.217+0600] {dag.py:3239} INFO - Sync 1 DAGs
[2025-02-10T13:25:18.234+0600] {logging_mixin.py:190} INFO - [2025-02-10T13:25:18.233+0600] {dag.py:4180} INFO - Setting next_dagrun for example_time_delta_sensor_async to None, run_after=None
[2025-02-10T13:25:18.269+0600] {processor.py:208} INFO - Processing /home/shamim/airflow_git/Airflow_project/air_venv/lib/python3.12/site-packages/airflow/example_dags/example_time_delta_sensor_async.py took 0.096 seconds
[2025-02-10T13:26:37.855+0600] {processor.py:186} INFO - Started process (PID=17847) to work on /home/shamim/airflow_git/Airflow_project/air_venv/lib/python3.12/site-packages/airflow/example_dags/example_time_delta_sensor_async.py
[2025-02-10T13:26:37.862+0600] {processor.py:914} INFO - Processing file /home/shamim/airflow_git/Airflow_project/air_venv/lib/python3.12/site-packages/airflow/example_dags/example_time_delta_sensor_async.py for tasks to queue
[2025-02-10T13:26:37.864+0600] {logging_mixin.py:190} INFO - [2025-02-10T13:26:37.864+0600] {dagbag.py:588} INFO - Filling up the DagBag from /home/shamim/airflow_git/Airflow_project/air_venv/lib/python3.12/site-packages/airflow/example_dags/example_time_delta_sensor_async.py
[2025-02-10T13:26:37.876+0600] {processor.py:925} INFO - DAG(s) 'example_time_delta_sensor_async' retrieved from /home/shamim/airflow_git/Airflow_project/air_venv/lib/python3.12/site-packages/airflow/example_dags/example_time_delta_sensor_async.py
[2025-02-10T13:26:37.895+0600] {logging_mixin.py:190} INFO - [2025-02-10T13:26:37.895+0600] {dag.py:3239} INFO - Sync 1 DAGs
[2025-02-10T13:26:37.911+0600] {logging_mixin.py:190} INFO - [2025-02-10T13:26:37.911+0600] {dag.py:4180} INFO - Setting next_dagrun for example_time_delta_sensor_async to None, run_after=None
[2025-02-10T13:26:37.945+0600] {processor.py:208} INFO - Processing /home/shamim/airflow_git/Airflow_project/air_venv/lib/python3.12/site-packages/airflow/example_dags/example_time_delta_sensor_async.py took 0.104 seconds
[2025-02-10T13:27:56.239+0600] {processor.py:186} INFO - Started process (PID=18089) to work on /home/shamim/airflow_git/Airflow_project/air_venv/lib/python3.12/site-packages/airflow/example_dags/example_time_delta_sensor_async.py
[2025-02-10T13:27:56.241+0600] {processor.py:914} INFO - Processing file /home/shamim/airflow_git/Airflow_project/air_venv/lib/python3.12/site-packages/airflow/example_dags/example_time_delta_sensor_async.py for tasks to queue
[2025-02-10T13:27:56.245+0600] {logging_mixin.py:190} INFO - [2025-02-10T13:27:56.242+0600] {dagbag.py:588} INFO - Filling up the DagBag from /home/shamim/airflow_git/Airflow_project/air_venv/lib/python3.12/site-packages/airflow/example_dags/example_time_delta_sensor_async.py
[2025-02-10T13:27:56.267+0600] {processor.py:925} INFO - DAG(s) 'example_time_delta_sensor_async' retrieved from /home/shamim/airflow_git/Airflow_project/air_venv/lib/python3.12/site-packages/airflow/example_dags/example_time_delta_sensor_async.py
[2025-02-10T13:27:56.306+0600] {logging_mixin.py:190} INFO - [2025-02-10T13:27:56.306+0600] {dag.py:3239} INFO - Sync 1 DAGs
[2025-02-10T13:27:56.339+0600] {logging_mixin.py:190} INFO - [2025-02-10T13:27:56.339+0600] {dag.py:4180} INFO - Setting next_dagrun for example_time_delta_sensor_async to None, run_after=None
[2025-02-10T13:27:56.378+0600] {processor.py:208} INFO - Processing /home/shamim/airflow_git/Airflow_project/air_venv/lib/python3.12/site-packages/airflow/example_dags/example_time_delta_sensor_async.py took 0.159 seconds
[2025-02-10T13:29:21.817+0600] {processor.py:186} INFO - Started process (PID=18719) to work on /home/shamim/airflow_git/Airflow_project/air_venv/lib/python3.12/site-packages/airflow/example_dags/example_time_delta_sensor_async.py
[2025-02-10T13:29:21.823+0600] {processor.py:914} INFO - Processing file /home/shamim/airflow_git/Airflow_project/air_venv/lib/python3.12/site-packages/airflow/example_dags/example_time_delta_sensor_async.py for tasks to queue
[2025-02-10T13:29:21.825+0600] {logging_mixin.py:190} INFO - [2025-02-10T13:29:21.825+0600] {dagbag.py:588} INFO - Filling up the DagBag from /home/shamim/airflow_git/Airflow_project/air_venv/lib/python3.12/site-packages/airflow/example_dags/example_time_delta_sensor_async.py
[2025-02-10T13:29:21.836+0600] {processor.py:925} INFO - DAG(s) 'example_time_delta_sensor_async' retrieved from /home/shamim/airflow_git/Airflow_project/air_venv/lib/python3.12/site-packages/airflow/example_dags/example_time_delta_sensor_async.py
[2025-02-10T13:29:21.854+0600] {logging_mixin.py:190} INFO - [2025-02-10T13:29:21.854+0600] {dag.py:3239} INFO - Sync 1 DAGs
[2025-02-10T13:29:21.870+0600] {logging_mixin.py:190} INFO - [2025-02-10T13:29:21.870+0600] {dag.py:4180} INFO - Setting next_dagrun for example_time_delta_sensor_async to None, run_after=None
[2025-02-10T13:29:21.904+0600] {processor.py:208} INFO - Processing /home/shamim/airflow_git/Airflow_project/air_venv/lib/python3.12/site-packages/airflow/example_dags/example_time_delta_sensor_async.py took 0.099 seconds
[2025-02-10T13:30:47.099+0600] {processor.py:186} INFO - Started process (PID=18847) to work on /home/shamim/airflow_git/Airflow_project/air_venv/lib/python3.12/site-packages/airflow/example_dags/example_time_delta_sensor_async.py
[2025-02-10T13:30:47.105+0600] {processor.py:914} INFO - Processing file /home/shamim/airflow_git/Airflow_project/air_venv/lib/python3.12/site-packages/airflow/example_dags/example_time_delta_sensor_async.py for tasks to queue
[2025-02-10T13:30:47.107+0600] {logging_mixin.py:190} INFO - [2025-02-10T13:30:47.107+0600] {dagbag.py:588} INFO - Filling up the DagBag from /home/shamim/airflow_git/Airflow_project/air_venv/lib/python3.12/site-packages/airflow/example_dags/example_time_delta_sensor_async.py
[2025-02-10T13:30:47.117+0600] {processor.py:925} INFO - DAG(s) 'example_time_delta_sensor_async' retrieved from /home/shamim/airflow_git/Airflow_project/air_venv/lib/python3.12/site-packages/airflow/example_dags/example_time_delta_sensor_async.py
[2025-02-10T13:30:47.134+0600] {logging_mixin.py:190} INFO - [2025-02-10T13:30:47.134+0600] {dag.py:3239} INFO - Sync 1 DAGs
[2025-02-10T13:30:47.151+0600] {logging_mixin.py:190} INFO - [2025-02-10T13:30:47.150+0600] {dag.py:4180} INFO - Setting next_dagrun for example_time_delta_sensor_async to None, run_after=None
[2025-02-10T13:30:47.185+0600] {processor.py:208} INFO - Processing /home/shamim/airflow_git/Airflow_project/air_venv/lib/python3.12/site-packages/airflow/example_dags/example_time_delta_sensor_async.py took 0.098 seconds
[2025-02-10T13:32:01.404+0600] {processor.py:186} INFO - Started process (PID=18958) to work on /home/shamim/airflow_git/Airflow_project/air_venv/lib/python3.12/site-packages/airflow/example_dags/example_time_delta_sensor_async.py
[2025-02-10T13:32:01.410+0600] {processor.py:914} INFO - Processing file /home/shamim/airflow_git/Airflow_project/air_venv/lib/python3.12/site-packages/airflow/example_dags/example_time_delta_sensor_async.py for tasks to queue
[2025-02-10T13:32:01.412+0600] {logging_mixin.py:190} INFO - [2025-02-10T13:32:01.411+0600] {dagbag.py:588} INFO - Filling up the DagBag from /home/shamim/airflow_git/Airflow_project/air_venv/lib/python3.12/site-packages/airflow/example_dags/example_time_delta_sensor_async.py
[2025-02-10T13:32:01.420+0600] {processor.py:925} INFO - DAG(s) 'example_time_delta_sensor_async' retrieved from /home/shamim/airflow_git/Airflow_project/air_venv/lib/python3.12/site-packages/airflow/example_dags/example_time_delta_sensor_async.py
[2025-02-10T13:32:01.439+0600] {logging_mixin.py:190} INFO - [2025-02-10T13:32:01.439+0600] {dag.py:3239} INFO - Sync 1 DAGs
[2025-02-10T13:32:01.455+0600] {logging_mixin.py:190} INFO - [2025-02-10T13:32:01.455+0600] {dag.py:4180} INFO - Setting next_dagrun for example_time_delta_sensor_async to None, run_after=None
[2025-02-10T13:32:01.490+0600] {processor.py:208} INFO - Processing /home/shamim/airflow_git/Airflow_project/air_venv/lib/python3.12/site-packages/airflow/example_dags/example_time_delta_sensor_async.py took 0.097 seconds
[2025-02-10T13:33:19.844+0600] {processor.py:186} INFO - Started process (PID=19106) to work on /home/shamim/airflow_git/Airflow_project/air_venv/lib/python3.12/site-packages/airflow/example_dags/example_time_delta_sensor_async.py
[2025-02-10T13:33:19.858+0600] {processor.py:914} INFO - Processing file /home/shamim/airflow_git/Airflow_project/air_venv/lib/python3.12/site-packages/airflow/example_dags/example_time_delta_sensor_async.py for tasks to queue
[2025-02-10T13:33:19.861+0600] {logging_mixin.py:190} INFO - [2025-02-10T13:33:19.860+0600] {dagbag.py:588} INFO - Filling up the DagBag from /home/shamim/airflow_git/Airflow_project/air_venv/lib/python3.12/site-packages/airflow/example_dags/example_time_delta_sensor_async.py
[2025-02-10T13:33:19.873+0600] {processor.py:925} INFO - DAG(s) 'example_time_delta_sensor_async' retrieved from /home/shamim/airflow_git/Airflow_project/air_venv/lib/python3.12/site-packages/airflow/example_dags/example_time_delta_sensor_async.py
[2025-02-10T13:33:19.893+0600] {logging_mixin.py:190} INFO - [2025-02-10T13:33:19.893+0600] {dag.py:3239} INFO - Sync 1 DAGs
[2025-02-10T13:33:20.066+0600] {logging_mixin.py:190} INFO - [2025-02-10T13:33:20.066+0600] {dag.py:4180} INFO - Setting next_dagrun for example_time_delta_sensor_async to None, run_after=None
[2025-02-10T13:33:20.094+0600] {processor.py:208} INFO - Processing /home/shamim/airflow_git/Airflow_project/air_venv/lib/python3.12/site-packages/airflow/example_dags/example_time_delta_sensor_async.py took 0.265 seconds
[2025-02-10T13:34:38.274+0600] {processor.py:186} INFO - Started process (PID=19367) to work on /home/shamim/airflow_git/Airflow_project/air_venv/lib/python3.12/site-packages/airflow/example_dags/example_time_delta_sensor_async.py
[2025-02-10T13:34:38.275+0600] {processor.py:914} INFO - Processing file /home/shamim/airflow_git/Airflow_project/air_venv/lib/python3.12/site-packages/airflow/example_dags/example_time_delta_sensor_async.py for tasks to queue
[2025-02-10T13:34:38.277+0600] {logging_mixin.py:190} INFO - [2025-02-10T13:34:38.276+0600] {dagbag.py:588} INFO - Filling up the DagBag from /home/shamim/airflow_git/Airflow_project/air_venv/lib/python3.12/site-packages/airflow/example_dags/example_time_delta_sensor_async.py
[2025-02-10T13:34:38.285+0600] {processor.py:925} INFO - DAG(s) 'example_time_delta_sensor_async' retrieved from /home/shamim/airflow_git/Airflow_project/air_venv/lib/python3.12/site-packages/airflow/example_dags/example_time_delta_sensor_async.py
[2025-02-10T13:34:38.303+0600] {logging_mixin.py:190} INFO - [2025-02-10T13:34:38.302+0600] {dag.py:3239} INFO - Sync 1 DAGs
[2025-02-10T13:34:38.475+0600] {logging_mixin.py:190} INFO - [2025-02-10T13:34:38.474+0600] {dag.py:4180} INFO - Setting next_dagrun for example_time_delta_sensor_async to None, run_after=None
[2025-02-10T13:34:38.500+0600] {processor.py:208} INFO - Processing /home/shamim/airflow_git/Airflow_project/air_venv/lib/python3.12/site-packages/airflow/example_dags/example_time_delta_sensor_async.py took 0.239 seconds
[2025-02-10T13:35:53.966+0600] {processor.py:186} INFO - Started process (PID=19463) to work on /home/shamim/airflow_git/Airflow_project/air_venv/lib/python3.12/site-packages/airflow/example_dags/example_time_delta_sensor_async.py
[2025-02-10T13:35:53.973+0600] {processor.py:914} INFO - Processing file /home/shamim/airflow_git/Airflow_project/air_venv/lib/python3.12/site-packages/airflow/example_dags/example_time_delta_sensor_async.py for tasks to queue
[2025-02-10T13:35:53.975+0600] {logging_mixin.py:190} INFO - [2025-02-10T13:35:53.974+0600] {dagbag.py:588} INFO - Filling up the DagBag from /home/shamim/airflow_git/Airflow_project/air_venv/lib/python3.12/site-packages/airflow/example_dags/example_time_delta_sensor_async.py
[2025-02-10T13:35:53.985+0600] {processor.py:925} INFO - DAG(s) 'example_time_delta_sensor_async' retrieved from /home/shamim/airflow_git/Airflow_project/air_venv/lib/python3.12/site-packages/airflow/example_dags/example_time_delta_sensor_async.py
[2025-02-10T13:35:54.003+0600] {logging_mixin.py:190} INFO - [2025-02-10T13:35:54.003+0600] {dag.py:3239} INFO - Sync 1 DAGs
[2025-02-10T13:35:54.176+0600] {logging_mixin.py:190} INFO - [2025-02-10T13:35:54.175+0600] {dag.py:4180} INFO - Setting next_dagrun for example_time_delta_sensor_async to None, run_after=None
[2025-02-10T13:35:54.203+0600] {processor.py:208} INFO - Processing /home/shamim/airflow_git/Airflow_project/air_venv/lib/python3.12/site-packages/airflow/example_dags/example_time_delta_sensor_async.py took 0.248 seconds
[2025-02-10T13:37:21.223+0600] {processor.py:186} INFO - Started process (PID=19584) to work on /home/shamim/airflow_git/Airflow_project/air_venv/lib/python3.12/site-packages/airflow/example_dags/example_time_delta_sensor_async.py
[2025-02-10T13:37:21.229+0600] {processor.py:914} INFO - Processing file /home/shamim/airflow_git/Airflow_project/air_venv/lib/python3.12/site-packages/airflow/example_dags/example_time_delta_sensor_async.py for tasks to queue
[2025-02-10T13:37:21.231+0600] {logging_mixin.py:190} INFO - [2025-02-10T13:37:21.230+0600] {dagbag.py:588} INFO - Filling up the DagBag from /home/shamim/airflow_git/Airflow_project/air_venv/lib/python3.12/site-packages/airflow/example_dags/example_time_delta_sensor_async.py
[2025-02-10T13:37:21.239+0600] {processor.py:925} INFO - DAG(s) 'example_time_delta_sensor_async' retrieved from /home/shamim/airflow_git/Airflow_project/air_venv/lib/python3.12/site-packages/airflow/example_dags/example_time_delta_sensor_async.py
[2025-02-10T13:37:21.257+0600] {logging_mixin.py:190} INFO - [2025-02-10T13:37:21.256+0600] {dag.py:3239} INFO - Sync 1 DAGs
[2025-02-10T13:37:21.272+0600] {logging_mixin.py:190} INFO - [2025-02-10T13:37:21.272+0600] {dag.py:4180} INFO - Setting next_dagrun for example_time_delta_sensor_async to None, run_after=None
[2025-02-10T13:37:21.306+0600] {processor.py:208} INFO - Processing /home/shamim/airflow_git/Airflow_project/air_venv/lib/python3.12/site-packages/airflow/example_dags/example_time_delta_sensor_async.py took 0.093 seconds
[2025-02-10T13:38:37.178+0600] {processor.py:186} INFO - Started process (PID=19729) to work on /home/shamim/airflow_git/Airflow_project/air_venv/lib/python3.12/site-packages/airflow/example_dags/example_time_delta_sensor_async.py
[2025-02-10T13:38:37.184+0600] {processor.py:914} INFO - Processing file /home/shamim/airflow_git/Airflow_project/air_venv/lib/python3.12/site-packages/airflow/example_dags/example_time_delta_sensor_async.py for tasks to queue
[2025-02-10T13:38:37.187+0600] {logging_mixin.py:190} INFO - [2025-02-10T13:38:37.186+0600] {dagbag.py:588} INFO - Filling up the DagBag from /home/shamim/airflow_git/Airflow_project/air_venv/lib/python3.12/site-packages/airflow/example_dags/example_time_delta_sensor_async.py
[2025-02-10T13:38:37.198+0600] {processor.py:925} INFO - DAG(s) 'example_time_delta_sensor_async' retrieved from /home/shamim/airflow_git/Airflow_project/air_venv/lib/python3.12/site-packages/airflow/example_dags/example_time_delta_sensor_async.py
[2025-02-10T13:38:37.216+0600] {logging_mixin.py:190} INFO - [2025-02-10T13:38:37.216+0600] {dag.py:3239} INFO - Sync 1 DAGs
[2025-02-10T13:38:37.232+0600] {logging_mixin.py:190} INFO - [2025-02-10T13:38:37.232+0600] {dag.py:4180} INFO - Setting next_dagrun for example_time_delta_sensor_async to None, run_after=None
[2025-02-10T13:38:37.267+0600] {processor.py:208} INFO - Processing /home/shamim/airflow_git/Airflow_project/air_venv/lib/python3.12/site-packages/airflow/example_dags/example_time_delta_sensor_async.py took 0.102 seconds
[2025-02-10T13:39:57.033+0600] {processor.py:186} INFO - Started process (PID=19880) to work on /home/shamim/airflow_git/Airflow_project/air_venv/lib/python3.12/site-packages/airflow/example_dags/example_time_delta_sensor_async.py
[2025-02-10T13:39:57.040+0600] {processor.py:914} INFO - Processing file /home/shamim/airflow_git/Airflow_project/air_venv/lib/python3.12/site-packages/airflow/example_dags/example_time_delta_sensor_async.py for tasks to queue
[2025-02-10T13:39:57.042+0600] {logging_mixin.py:190} INFO - [2025-02-10T13:39:57.042+0600] {dagbag.py:588} INFO - Filling up the DagBag from /home/shamim/airflow_git/Airflow_project/air_venv/lib/python3.12/site-packages/airflow/example_dags/example_time_delta_sensor_async.py
[2025-02-10T13:39:57.054+0600] {processor.py:925} INFO - DAG(s) 'example_time_delta_sensor_async' retrieved from /home/shamim/airflow_git/Airflow_project/air_venv/lib/python3.12/site-packages/airflow/example_dags/example_time_delta_sensor_async.py
[2025-02-10T13:39:57.073+0600] {logging_mixin.py:190} INFO - [2025-02-10T13:39:57.073+0600] {dag.py:3239} INFO - Sync 1 DAGs
[2025-02-10T13:39:57.089+0600] {logging_mixin.py:190} INFO - [2025-02-10T13:39:57.089+0600] {dag.py:4180} INFO - Setting next_dagrun for example_time_delta_sensor_async to None, run_after=None
[2025-02-10T13:39:57.126+0600] {processor.py:208} INFO - Processing /home/shamim/airflow_git/Airflow_project/air_venv/lib/python3.12/site-packages/airflow/example_dags/example_time_delta_sensor_async.py took 0.106 seconds
[2025-02-10T13:41:22.045+0600] {processor.py:186} INFO - Started process (PID=20000) to work on /home/shamim/airflow_git/Airflow_project/air_venv/lib/python3.12/site-packages/airflow/example_dags/example_time_delta_sensor_async.py
[2025-02-10T13:41:22.051+0600] {processor.py:914} INFO - Processing file /home/shamim/airflow_git/Airflow_project/air_venv/lib/python3.12/site-packages/airflow/example_dags/example_time_delta_sensor_async.py for tasks to queue
[2025-02-10T13:41:22.053+0600] {logging_mixin.py:190} INFO - [2025-02-10T13:41:22.052+0600] {dagbag.py:588} INFO - Filling up the DagBag from /home/shamim/airflow_git/Airflow_project/air_venv/lib/python3.12/site-packages/airflow/example_dags/example_time_delta_sensor_async.py
[2025-02-10T13:41:22.061+0600] {processor.py:925} INFO - DAG(s) 'example_time_delta_sensor_async' retrieved from /home/shamim/airflow_git/Airflow_project/air_venv/lib/python3.12/site-packages/airflow/example_dags/example_time_delta_sensor_async.py
[2025-02-10T13:41:22.078+0600] {logging_mixin.py:190} INFO - [2025-02-10T13:41:22.078+0600] {dag.py:3239} INFO - Sync 1 DAGs
[2025-02-10T13:41:22.094+0600] {logging_mixin.py:190} INFO - [2025-02-10T13:41:22.093+0600] {dag.py:4180} INFO - Setting next_dagrun for example_time_delta_sensor_async to None, run_after=None
[2025-02-10T13:41:22.129+0600] {processor.py:208} INFO - Processing /home/shamim/airflow_git/Airflow_project/air_venv/lib/python3.12/site-packages/airflow/example_dags/example_time_delta_sensor_async.py took 0.093 seconds
[2025-02-10T13:42:41.664+0600] {processor.py:186} INFO - Started process (PID=20143) to work on /home/shamim/airflow_git/Airflow_project/air_venv/lib/python3.12/site-packages/airflow/example_dags/example_time_delta_sensor_async.py
[2025-02-10T13:42:41.670+0600] {processor.py:914} INFO - Processing file /home/shamim/airflow_git/Airflow_project/air_venv/lib/python3.12/site-packages/airflow/example_dags/example_time_delta_sensor_async.py for tasks to queue
[2025-02-10T13:42:41.672+0600] {logging_mixin.py:190} INFO - [2025-02-10T13:42:41.672+0600] {dagbag.py:588} INFO - Filling up the DagBag from /home/shamim/airflow_git/Airflow_project/air_venv/lib/python3.12/site-packages/airflow/example_dags/example_time_delta_sensor_async.py
[2025-02-10T13:42:41.682+0600] {processor.py:925} INFO - DAG(s) 'example_time_delta_sensor_async' retrieved from /home/shamim/airflow_git/Airflow_project/air_venv/lib/python3.12/site-packages/airflow/example_dags/example_time_delta_sensor_async.py
[2025-02-10T13:42:41.700+0600] {logging_mixin.py:190} INFO - [2025-02-10T13:42:41.700+0600] {dag.py:3239} INFO - Sync 1 DAGs
[2025-02-10T13:42:41.715+0600] {logging_mixin.py:190} INFO - [2025-02-10T13:42:41.715+0600] {dag.py:4180} INFO - Setting next_dagrun for example_time_delta_sensor_async to None, run_after=None
[2025-02-10T13:42:41.750+0600] {processor.py:208} INFO - Processing /home/shamim/airflow_git/Airflow_project/air_venv/lib/python3.12/site-packages/airflow/example_dags/example_time_delta_sensor_async.py took 0.097 seconds
[2025-02-10T13:43:53.591+0600] {processor.py:186} INFO - Started process (PID=20280) to work on /home/shamim/airflow_git/Airflow_project/air_venv/lib/python3.12/site-packages/airflow/example_dags/example_time_delta_sensor_async.py
[2025-02-10T13:43:53.598+0600] {processor.py:914} INFO - Processing file /home/shamim/airflow_git/Airflow_project/air_venv/lib/python3.12/site-packages/airflow/example_dags/example_time_delta_sensor_async.py for tasks to queue
[2025-02-10T13:43:53.600+0600] {logging_mixin.py:190} INFO - [2025-02-10T13:43:53.599+0600] {dagbag.py:588} INFO - Filling up the DagBag from /home/shamim/airflow_git/Airflow_project/air_venv/lib/python3.12/site-packages/airflow/example_dags/example_time_delta_sensor_async.py
[2025-02-10T13:43:53.611+0600] {processor.py:925} INFO - DAG(s) 'example_time_delta_sensor_async' retrieved from /home/shamim/airflow_git/Airflow_project/air_venv/lib/python3.12/site-packages/airflow/example_dags/example_time_delta_sensor_async.py
[2025-02-10T13:43:53.629+0600] {logging_mixin.py:190} INFO - [2025-02-10T13:43:53.629+0600] {dag.py:3239} INFO - Sync 1 DAGs
[2025-02-10T13:43:53.644+0600] {logging_mixin.py:190} INFO - [2025-02-10T13:43:53.644+0600] {dag.py:4180} INFO - Setting next_dagrun for example_time_delta_sensor_async to None, run_after=None
[2025-02-10T13:43:53.678+0600] {processor.py:208} INFO - Processing /home/shamim/airflow_git/Airflow_project/air_venv/lib/python3.12/site-packages/airflow/example_dags/example_time_delta_sensor_async.py took 0.100 seconds
[2025-02-10T13:45:08.413+0600] {processor.py:186} INFO - Started process (PID=20417) to work on /home/shamim/airflow_git/Airflow_project/air_venv/lib/python3.12/site-packages/airflow/example_dags/example_time_delta_sensor_async.py
[2025-02-10T13:45:08.420+0600] {processor.py:914} INFO - Processing file /home/shamim/airflow_git/Airflow_project/air_venv/lib/python3.12/site-packages/airflow/example_dags/example_time_delta_sensor_async.py for tasks to queue
[2025-02-10T13:45:08.421+0600] {logging_mixin.py:190} INFO - [2025-02-10T13:45:08.421+0600] {dagbag.py:588} INFO - Filling up the DagBag from /home/shamim/airflow_git/Airflow_project/air_venv/lib/python3.12/site-packages/airflow/example_dags/example_time_delta_sensor_async.py
[2025-02-10T13:45:08.431+0600] {processor.py:925} INFO - DAG(s) 'example_time_delta_sensor_async' retrieved from /home/shamim/airflow_git/Airflow_project/air_venv/lib/python3.12/site-packages/airflow/example_dags/example_time_delta_sensor_async.py
[2025-02-10T13:45:08.449+0600] {logging_mixin.py:190} INFO - [2025-02-10T13:45:08.448+0600] {dag.py:3239} INFO - Sync 1 DAGs
[2025-02-10T13:45:08.464+0600] {logging_mixin.py:190} INFO - [2025-02-10T13:45:08.464+0600] {dag.py:4180} INFO - Setting next_dagrun for example_time_delta_sensor_async to None, run_after=None
[2025-02-10T13:45:08.499+0600] {processor.py:208} INFO - Processing /home/shamim/airflow_git/Airflow_project/air_venv/lib/python3.12/site-packages/airflow/example_dags/example_time_delta_sensor_async.py took 0.096 seconds
[2025-02-10T13:46:20.012+0600] {processor.py:186} INFO - Started process (PID=20536) to work on /home/shamim/airflow_git/Airflow_project/air_venv/lib/python3.12/site-packages/airflow/example_dags/example_time_delta_sensor_async.py
[2025-02-10T13:46:20.019+0600] {processor.py:914} INFO - Processing file /home/shamim/airflow_git/Airflow_project/air_venv/lib/python3.12/site-packages/airflow/example_dags/example_time_delta_sensor_async.py for tasks to queue
[2025-02-10T13:46:20.021+0600] {logging_mixin.py:190} INFO - [2025-02-10T13:46:20.020+0600] {dagbag.py:588} INFO - Filling up the DagBag from /home/shamim/airflow_git/Airflow_project/air_venv/lib/python3.12/site-packages/airflow/example_dags/example_time_delta_sensor_async.py
[2025-02-10T13:46:20.030+0600] {processor.py:925} INFO - DAG(s) 'example_time_delta_sensor_async' retrieved from /home/shamim/airflow_git/Airflow_project/air_venv/lib/python3.12/site-packages/airflow/example_dags/example_time_delta_sensor_async.py
[2025-02-10T13:46:20.048+0600] {logging_mixin.py:190} INFO - [2025-02-10T13:46:20.048+0600] {dag.py:3239} INFO - Sync 1 DAGs
[2025-02-10T13:46:20.063+0600] {logging_mixin.py:190} INFO - [2025-02-10T13:46:20.063+0600] {dag.py:4180} INFO - Setting next_dagrun for example_time_delta_sensor_async to None, run_after=None
[2025-02-10T13:46:20.097+0600] {processor.py:208} INFO - Processing /home/shamim/airflow_git/Airflow_project/air_venv/lib/python3.12/site-packages/airflow/example_dags/example_time_delta_sensor_async.py took 0.096 seconds
[2025-02-10T13:47:35.566+0600] {processor.py:186} INFO - Started process (PID=20916) to work on /home/shamim/airflow_git/Airflow_project/air_venv/lib/python3.12/site-packages/airflow/example_dags/example_time_delta_sensor_async.py
[2025-02-10T13:47:35.570+0600] {processor.py:914} INFO - Processing file /home/shamim/airflow_git/Airflow_project/air_venv/lib/python3.12/site-packages/airflow/example_dags/example_time_delta_sensor_async.py for tasks to queue
[2025-02-10T13:47:35.573+0600] {logging_mixin.py:190} INFO - [2025-02-10T13:47:35.573+0600] {dagbag.py:588} INFO - Filling up the DagBag from /home/shamim/airflow_git/Airflow_project/air_venv/lib/python3.12/site-packages/airflow/example_dags/example_time_delta_sensor_async.py
[2025-02-10T13:47:35.591+0600] {processor.py:925} INFO - DAG(s) 'example_time_delta_sensor_async' retrieved from /home/shamim/airflow_git/Airflow_project/air_venv/lib/python3.12/site-packages/airflow/example_dags/example_time_delta_sensor_async.py
[2025-02-10T13:47:35.616+0600] {logging_mixin.py:190} INFO - [2025-02-10T13:47:35.616+0600] {dag.py:3239} INFO - Sync 1 DAGs
[2025-02-10T13:47:35.638+0600] {logging_mixin.py:190} INFO - [2025-02-10T13:47:35.638+0600] {dag.py:4180} INFO - Setting next_dagrun for example_time_delta_sensor_async to None, run_after=None
[2025-02-10T13:47:35.688+0600] {processor.py:208} INFO - Processing /home/shamim/airflow_git/Airflow_project/air_venv/lib/python3.12/site-packages/airflow/example_dags/example_time_delta_sensor_async.py took 0.143 seconds
[2025-02-10T13:48:51.339+0600] {processor.py:186} INFO - Started process (PID=21082) to work on /home/shamim/airflow_git/Airflow_project/air_venv/lib/python3.12/site-packages/airflow/example_dags/example_time_delta_sensor_async.py
[2025-02-10T13:48:51.341+0600] {processor.py:914} INFO - Processing file /home/shamim/airflow_git/Airflow_project/air_venv/lib/python3.12/site-packages/airflow/example_dags/example_time_delta_sensor_async.py for tasks to queue
[2025-02-10T13:48:51.342+0600] {logging_mixin.py:190} INFO - [2025-02-10T13:48:51.342+0600] {dagbag.py:588} INFO - Filling up the DagBag from /home/shamim/airflow_git/Airflow_project/air_venv/lib/python3.12/site-packages/airflow/example_dags/example_time_delta_sensor_async.py
[2025-02-10T13:48:51.351+0600] {processor.py:925} INFO - DAG(s) 'example_time_delta_sensor_async' retrieved from /home/shamim/airflow_git/Airflow_project/air_venv/lib/python3.12/site-packages/airflow/example_dags/example_time_delta_sensor_async.py
[2025-02-10T13:48:51.374+0600] {logging_mixin.py:190} INFO - [2025-02-10T13:48:51.374+0600] {dag.py:3239} INFO - Sync 1 DAGs
[2025-02-10T13:48:51.398+0600] {logging_mixin.py:190} INFO - [2025-02-10T13:48:51.398+0600] {dag.py:4180} INFO - Setting next_dagrun for example_time_delta_sensor_async to None, run_after=None
[2025-02-10T13:48:51.425+0600] {processor.py:208} INFO - Processing /home/shamim/airflow_git/Airflow_project/air_venv/lib/python3.12/site-packages/airflow/example_dags/example_time_delta_sensor_async.py took 0.098 seconds
[2025-02-10T13:50:03.055+0600] {processor.py:186} INFO - Started process (PID=21230) to work on /home/shamim/airflow_git/Airflow_project/air_venv/lib/python3.12/site-packages/airflow/example_dags/example_time_delta_sensor_async.py
[2025-02-10T13:50:03.062+0600] {processor.py:914} INFO - Processing file /home/shamim/airflow_git/Airflow_project/air_venv/lib/python3.12/site-packages/airflow/example_dags/example_time_delta_sensor_async.py for tasks to queue
[2025-02-10T13:50:03.063+0600] {logging_mixin.py:190} INFO - [2025-02-10T13:50:03.063+0600] {dagbag.py:588} INFO - Filling up the DagBag from /home/shamim/airflow_git/Airflow_project/air_venv/lib/python3.12/site-packages/airflow/example_dags/example_time_delta_sensor_async.py
[2025-02-10T13:50:03.073+0600] {processor.py:925} INFO - DAG(s) 'example_time_delta_sensor_async' retrieved from /home/shamim/airflow_git/Airflow_project/air_venv/lib/python3.12/site-packages/airflow/example_dags/example_time_delta_sensor_async.py
[2025-02-10T13:50:03.091+0600] {logging_mixin.py:190} INFO - [2025-02-10T13:50:03.091+0600] {dag.py:3239} INFO - Sync 1 DAGs
[2025-02-10T13:50:03.106+0600] {logging_mixin.py:190} INFO - [2025-02-10T13:50:03.106+0600] {dag.py:4180} INFO - Setting next_dagrun for example_time_delta_sensor_async to None, run_after=None
[2025-02-10T13:50:03.130+0600] {processor.py:208} INFO - Processing /home/shamim/airflow_git/Airflow_project/air_venv/lib/python3.12/site-packages/airflow/example_dags/example_time_delta_sensor_async.py took 0.085 seconds
[2025-02-10T13:51:13.598+0600] {processor.py:186} INFO - Started process (PID=21315) to work on /home/shamim/airflow_git/Airflow_project/air_venv/lib/python3.12/site-packages/airflow/example_dags/example_time_delta_sensor_async.py
[2025-02-10T13:51:13.604+0600] {processor.py:914} INFO - Processing file /home/shamim/airflow_git/Airflow_project/air_venv/lib/python3.12/site-packages/airflow/example_dags/example_time_delta_sensor_async.py for tasks to queue
[2025-02-10T13:51:13.607+0600] {logging_mixin.py:190} INFO - [2025-02-10T13:51:13.606+0600] {dagbag.py:588} INFO - Filling up the DagBag from /home/shamim/airflow_git/Airflow_project/air_venv/lib/python3.12/site-packages/airflow/example_dags/example_time_delta_sensor_async.py
[2025-02-10T13:51:13.618+0600] {processor.py:925} INFO - DAG(s) 'example_time_delta_sensor_async' retrieved from /home/shamim/airflow_git/Airflow_project/air_venv/lib/python3.12/site-packages/airflow/example_dags/example_time_delta_sensor_async.py
[2025-02-10T13:51:13.637+0600] {logging_mixin.py:190} INFO - [2025-02-10T13:51:13.637+0600] {dag.py:3239} INFO - Sync 1 DAGs
[2025-02-10T13:51:13.653+0600] {logging_mixin.py:190} INFO - [2025-02-10T13:51:13.652+0600] {dag.py:4180} INFO - Setting next_dagrun for example_time_delta_sensor_async to None, run_after=None
[2025-02-10T13:51:13.676+0600] {processor.py:208} INFO - Processing /home/shamim/airflow_git/Airflow_project/air_venv/lib/python3.12/site-packages/airflow/example_dags/example_time_delta_sensor_async.py took 0.092 seconds
[2025-02-10T13:52:35.494+0600] {processor.py:186} INFO - Started process (PID=21466) to work on /home/shamim/airflow_git/Airflow_project/air_venv/lib/python3.12/site-packages/airflow/example_dags/example_time_delta_sensor_async.py
[2025-02-10T13:52:35.496+0600] {processor.py:914} INFO - Processing file /home/shamim/airflow_git/Airflow_project/air_venv/lib/python3.12/site-packages/airflow/example_dags/example_time_delta_sensor_async.py for tasks to queue
[2025-02-10T13:52:35.499+0600] {logging_mixin.py:190} INFO - [2025-02-10T13:52:35.498+0600] {dagbag.py:588} INFO - Filling up the DagBag from /home/shamim/airflow_git/Airflow_project/air_venv/lib/python3.12/site-packages/airflow/example_dags/example_time_delta_sensor_async.py
[2025-02-10T13:52:35.522+0600] {processor.py:925} INFO - DAG(s) 'example_time_delta_sensor_async' retrieved from /home/shamim/airflow_git/Airflow_project/air_venv/lib/python3.12/site-packages/airflow/example_dags/example_time_delta_sensor_async.py
[2025-02-10T13:52:35.550+0600] {logging_mixin.py:190} INFO - [2025-02-10T13:52:35.549+0600] {dag.py:3239} INFO - Sync 1 DAGs
[2025-02-10T13:52:35.577+0600] {logging_mixin.py:190} INFO - [2025-02-10T13:52:35.577+0600] {dag.py:4180} INFO - Setting next_dagrun for example_time_delta_sensor_async to None, run_after=None
[2025-02-10T13:52:35.615+0600] {processor.py:208} INFO - Processing /home/shamim/airflow_git/Airflow_project/air_venv/lib/python3.12/site-packages/airflow/example_dags/example_time_delta_sensor_async.py took 0.137 seconds
[2025-02-10T13:53:57.500+0600] {processor.py:186} INFO - Started process (PID=21671) to work on /home/shamim/airflow_git/Airflow_project/air_venv/lib/python3.12/site-packages/airflow/example_dags/example_time_delta_sensor_async.py
[2025-02-10T13:53:57.501+0600] {processor.py:914} INFO - Processing file /home/shamim/airflow_git/Airflow_project/air_venv/lib/python3.12/site-packages/airflow/example_dags/example_time_delta_sensor_async.py for tasks to queue
[2025-02-10T13:53:57.503+0600] {logging_mixin.py:190} INFO - [2025-02-10T13:53:57.502+0600] {dagbag.py:588} INFO - Filling up the DagBag from /home/shamim/airflow_git/Airflow_project/air_venv/lib/python3.12/site-packages/airflow/example_dags/example_time_delta_sensor_async.py
[2025-02-10T13:53:57.512+0600] {processor.py:925} INFO - DAG(s) 'example_time_delta_sensor_async' retrieved from /home/shamim/airflow_git/Airflow_project/air_venv/lib/python3.12/site-packages/airflow/example_dags/example_time_delta_sensor_async.py
[2025-02-10T13:53:57.530+0600] {logging_mixin.py:190} INFO - [2025-02-10T13:53:57.530+0600] {dag.py:3239} INFO - Sync 1 DAGs
[2025-02-10T13:53:57.546+0600] {logging_mixin.py:190} INFO - [2025-02-10T13:53:57.546+0600] {dag.py:4180} INFO - Setting next_dagrun for example_time_delta_sensor_async to None, run_after=None
[2025-02-10T13:53:57.584+0600] {processor.py:208} INFO - Processing /home/shamim/airflow_git/Airflow_project/air_venv/lib/python3.12/site-packages/airflow/example_dags/example_time_delta_sensor_async.py took 0.096 seconds
[2025-02-10T13:55:08.552+0600] {processor.py:186} INFO - Started process (PID=21801) to work on /home/shamim/airflow_git/Airflow_project/air_venv/lib/python3.12/site-packages/airflow/example_dags/example_time_delta_sensor_async.py
[2025-02-10T13:55:08.559+0600] {processor.py:914} INFO - Processing file /home/shamim/airflow_git/Airflow_project/air_venv/lib/python3.12/site-packages/airflow/example_dags/example_time_delta_sensor_async.py for tasks to queue
[2025-02-10T13:55:08.561+0600] {logging_mixin.py:190} INFO - [2025-02-10T13:55:08.560+0600] {dagbag.py:588} INFO - Filling up the DagBag from /home/shamim/airflow_git/Airflow_project/air_venv/lib/python3.12/site-packages/airflow/example_dags/example_time_delta_sensor_async.py
[2025-02-10T13:55:08.573+0600] {processor.py:925} INFO - DAG(s) 'example_time_delta_sensor_async' retrieved from /home/shamim/airflow_git/Airflow_project/air_venv/lib/python3.12/site-packages/airflow/example_dags/example_time_delta_sensor_async.py
[2025-02-10T13:55:08.599+0600] {logging_mixin.py:190} INFO - [2025-02-10T13:55:08.599+0600] {dag.py:3239} INFO - Sync 1 DAGs
[2025-02-10T13:55:08.622+0600] {logging_mixin.py:190} INFO - [2025-02-10T13:55:08.622+0600] {dag.py:4180} INFO - Setting next_dagrun for example_time_delta_sensor_async to None, run_after=None
[2025-02-10T13:55:08.675+0600] {processor.py:208} INFO - Processing /home/shamim/airflow_git/Airflow_project/air_venv/lib/python3.12/site-packages/airflow/example_dags/example_time_delta_sensor_async.py took 0.137 seconds
[2025-02-10T13:56:25.351+0600] {processor.py:186} INFO - Started process (PID=21934) to work on /home/shamim/airflow_git/Airflow_project/air_venv/lib/python3.12/site-packages/airflow/example_dags/example_time_delta_sensor_async.py
[2025-02-10T13:56:25.358+0600] {processor.py:914} INFO - Processing file /home/shamim/airflow_git/Airflow_project/air_venv/lib/python3.12/site-packages/airflow/example_dags/example_time_delta_sensor_async.py for tasks to queue
[2025-02-10T13:56:25.361+0600] {logging_mixin.py:190} INFO - [2025-02-10T13:56:25.360+0600] {dagbag.py:588} INFO - Filling up the DagBag from /home/shamim/airflow_git/Airflow_project/air_venv/lib/python3.12/site-packages/airflow/example_dags/example_time_delta_sensor_async.py
[2025-02-10T13:56:25.376+0600] {processor.py:925} INFO - DAG(s) 'example_time_delta_sensor_async' retrieved from /home/shamim/airflow_git/Airflow_project/air_venv/lib/python3.12/site-packages/airflow/example_dags/example_time_delta_sensor_async.py
[2025-02-10T13:56:25.397+0600] {logging_mixin.py:190} INFO - [2025-02-10T13:56:25.397+0600] {dag.py:3239} INFO - Sync 1 DAGs
[2025-02-10T13:56:25.415+0600] {logging_mixin.py:190} INFO - [2025-02-10T13:56:25.414+0600] {dag.py:4180} INFO - Setting next_dagrun for example_time_delta_sensor_async to None, run_after=None
[2025-02-10T13:56:25.453+0600] {processor.py:208} INFO - Processing /home/shamim/airflow_git/Airflow_project/air_venv/lib/python3.12/site-packages/airflow/example_dags/example_time_delta_sensor_async.py took 0.122 seconds
[2025-02-10T13:57:56.136+0600] {processor.py:186} INFO - Started process (PID=22161) to work on /home/shamim/airflow_git/Airflow_project/air_venv/lib/python3.12/site-packages/airflow/example_dags/example_time_delta_sensor_async.py
[2025-02-10T13:57:56.137+0600] {processor.py:914} INFO - Processing file /home/shamim/airflow_git/Airflow_project/air_venv/lib/python3.12/site-packages/airflow/example_dags/example_time_delta_sensor_async.py for tasks to queue
[2025-02-10T13:57:56.139+0600] {logging_mixin.py:190} INFO - [2025-02-10T13:57:56.138+0600] {dagbag.py:588} INFO - Filling up the DagBag from /home/shamim/airflow_git/Airflow_project/air_venv/lib/python3.12/site-packages/airflow/example_dags/example_time_delta_sensor_async.py
[2025-02-10T13:57:56.147+0600] {processor.py:925} INFO - DAG(s) 'example_time_delta_sensor_async' retrieved from /home/shamim/airflow_git/Airflow_project/air_venv/lib/python3.12/site-packages/airflow/example_dags/example_time_delta_sensor_async.py
[2025-02-10T13:57:56.165+0600] {logging_mixin.py:190} INFO - [2025-02-10T13:57:56.164+0600] {dag.py:3239} INFO - Sync 1 DAGs
[2025-02-10T13:57:56.181+0600] {logging_mixin.py:190} INFO - [2025-02-10T13:57:56.181+0600] {dag.py:4180} INFO - Setting next_dagrun for example_time_delta_sensor_async to None, run_after=None
[2025-02-10T13:57:56.204+0600] {processor.py:208} INFO - Processing /home/shamim/airflow_git/Airflow_project/air_venv/lib/python3.12/site-packages/airflow/example_dags/example_time_delta_sensor_async.py took 0.078 seconds
[2025-02-10T13:59:09.533+0600] {processor.py:186} INFO - Started process (PID=22303) to work on /home/shamim/airflow_git/Airflow_project/air_venv/lib/python3.12/site-packages/airflow/example_dags/example_time_delta_sensor_async.py
[2025-02-10T13:59:09.535+0600] {processor.py:914} INFO - Processing file /home/shamim/airflow_git/Airflow_project/air_venv/lib/python3.12/site-packages/airflow/example_dags/example_time_delta_sensor_async.py for tasks to queue
[2025-02-10T13:59:09.537+0600] {logging_mixin.py:190} INFO - [2025-02-10T13:59:09.536+0600] {dagbag.py:588} INFO - Filling up the DagBag from /home/shamim/airflow_git/Airflow_project/air_venv/lib/python3.12/site-packages/airflow/example_dags/example_time_delta_sensor_async.py
[2025-02-10T13:59:09.546+0600] {processor.py:925} INFO - DAG(s) 'example_time_delta_sensor_async' retrieved from /home/shamim/airflow_git/Airflow_project/air_venv/lib/python3.12/site-packages/airflow/example_dags/example_time_delta_sensor_async.py
[2025-02-10T13:59:09.565+0600] {logging_mixin.py:190} INFO - [2025-02-10T13:59:09.564+0600] {dag.py:3239} INFO - Sync 1 DAGs
[2025-02-10T13:59:09.581+0600] {logging_mixin.py:190} INFO - [2025-02-10T13:59:09.581+0600] {dag.py:4180} INFO - Setting next_dagrun for example_time_delta_sensor_async to None, run_after=None
[2025-02-10T13:59:09.607+0600] {processor.py:208} INFO - Processing /home/shamim/airflow_git/Airflow_project/air_venv/lib/python3.12/site-packages/airflow/example_dags/example_time_delta_sensor_async.py took 0.087 seconds
[2025-02-10T14:00:19.676+0600] {processor.py:186} INFO - Started process (PID=22484) to work on /home/shamim/airflow_git/Airflow_project/air_venv/lib/python3.12/site-packages/airflow/example_dags/example_time_delta_sensor_async.py
[2025-02-10T14:00:19.683+0600] {processor.py:914} INFO - Processing file /home/shamim/airflow_git/Airflow_project/air_venv/lib/python3.12/site-packages/airflow/example_dags/example_time_delta_sensor_async.py for tasks to queue
[2025-02-10T14:00:19.684+0600] {logging_mixin.py:190} INFO - [2025-02-10T14:00:19.684+0600] {dagbag.py:588} INFO - Filling up the DagBag from /home/shamim/airflow_git/Airflow_project/air_venv/lib/python3.12/site-packages/airflow/example_dags/example_time_delta_sensor_async.py
[2025-02-10T14:00:19.694+0600] {processor.py:925} INFO - DAG(s) 'example_time_delta_sensor_async' retrieved from /home/shamim/airflow_git/Airflow_project/air_venv/lib/python3.12/site-packages/airflow/example_dags/example_time_delta_sensor_async.py
[2025-02-10T14:00:19.712+0600] {logging_mixin.py:190} INFO - [2025-02-10T14:00:19.712+0600] {dag.py:3239} INFO - Sync 1 DAGs
[2025-02-10T14:00:19.728+0600] {logging_mixin.py:190} INFO - [2025-02-10T14:00:19.728+0600] {dag.py:4180} INFO - Setting next_dagrun for example_time_delta_sensor_async to None, run_after=None
[2025-02-10T14:00:19.754+0600] {processor.py:208} INFO - Processing /home/shamim/airflow_git/Airflow_project/air_venv/lib/python3.12/site-packages/airflow/example_dags/example_time_delta_sensor_async.py took 0.088 seconds
[2025-02-10T14:01:56.993+0600] {processor.py:186} INFO - Started process (PID=23043) to work on /home/shamim/airflow_git/Airflow_project/air_venv/lib/python3.12/site-packages/airflow/example_dags/example_time_delta_sensor_async.py
[2025-02-10T14:01:56.995+0600] {processor.py:914} INFO - Processing file /home/shamim/airflow_git/Airflow_project/air_venv/lib/python3.12/site-packages/airflow/example_dags/example_time_delta_sensor_async.py for tasks to queue
[2025-02-10T14:01:56.998+0600] {logging_mixin.py:190} INFO - [2025-02-10T14:01:56.998+0600] {dagbag.py:588} INFO - Filling up the DagBag from /home/shamim/airflow_git/Airflow_project/air_venv/lib/python3.12/site-packages/airflow/example_dags/example_time_delta_sensor_async.py
[2025-02-10T14:01:57.006+0600] {processor.py:925} INFO - DAG(s) 'example_time_delta_sensor_async' retrieved from /home/shamim/airflow_git/Airflow_project/air_venv/lib/python3.12/site-packages/airflow/example_dags/example_time_delta_sensor_async.py
[2025-02-10T14:01:57.026+0600] {logging_mixin.py:190} INFO - [2025-02-10T14:01:57.025+0600] {dag.py:3239} INFO - Sync 1 DAGs
[2025-02-10T14:01:57.040+0600] {logging_mixin.py:190} INFO - [2025-02-10T14:01:57.040+0600] {dag.py:4180} INFO - Setting next_dagrun for example_time_delta_sensor_async to None, run_after=None
[2025-02-10T14:01:57.066+0600] {processor.py:208} INFO - Processing /home/shamim/airflow_git/Airflow_project/air_venv/lib/python3.12/site-packages/airflow/example_dags/example_time_delta_sensor_async.py took 0.080 seconds
[2025-02-10T14:03:06.795+0600] {processor.py:186} INFO - Started process (PID=23387) to work on /home/shamim/airflow_git/Airflow_project/air_venv/lib/python3.12/site-packages/airflow/example_dags/example_time_delta_sensor_async.py
[2025-02-10T14:03:06.802+0600] {processor.py:914} INFO - Processing file /home/shamim/airflow_git/Airflow_project/air_venv/lib/python3.12/site-packages/airflow/example_dags/example_time_delta_sensor_async.py for tasks to queue
[2025-02-10T14:03:06.805+0600] {logging_mixin.py:190} INFO - [2025-02-10T14:03:06.804+0600] {dagbag.py:588} INFO - Filling up the DagBag from /home/shamim/airflow_git/Airflow_project/air_venv/lib/python3.12/site-packages/airflow/example_dags/example_time_delta_sensor_async.py
[2025-02-10T14:03:06.813+0600] {processor.py:925} INFO - DAG(s) 'example_time_delta_sensor_async' retrieved from /home/shamim/airflow_git/Airflow_project/air_venv/lib/python3.12/site-packages/airflow/example_dags/example_time_delta_sensor_async.py
[2025-02-10T14:03:06.830+0600] {logging_mixin.py:190} INFO - [2025-02-10T14:03:06.830+0600] {dag.py:3239} INFO - Sync 1 DAGs
[2025-02-10T14:03:06.846+0600] {logging_mixin.py:190} INFO - [2025-02-10T14:03:06.846+0600] {dag.py:4180} INFO - Setting next_dagrun for example_time_delta_sensor_async to None, run_after=None
[2025-02-10T14:03:06.871+0600] {processor.py:208} INFO - Processing /home/shamim/airflow_git/Airflow_project/air_venv/lib/python3.12/site-packages/airflow/example_dags/example_time_delta_sensor_async.py took 0.083 seconds
[2025-02-10T14:04:32.999+0600] {processor.py:186} INFO - Started process (PID=23972) to work on /home/shamim/airflow_git/Airflow_project/air_venv/lib/python3.12/site-packages/airflow/example_dags/example_time_delta_sensor_async.py
[2025-02-10T14:04:33.000+0600] {processor.py:914} INFO - Processing file /home/shamim/airflow_git/Airflow_project/air_venv/lib/python3.12/site-packages/airflow/example_dags/example_time_delta_sensor_async.py for tasks to queue
[2025-02-10T14:04:33.004+0600] {logging_mixin.py:190} INFO - [2025-02-10T14:04:33.004+0600] {dagbag.py:588} INFO - Filling up the DagBag from /home/shamim/airflow_git/Airflow_project/air_venv/lib/python3.12/site-packages/airflow/example_dags/example_time_delta_sensor_async.py
[2025-02-10T14:04:33.014+0600] {processor.py:925} INFO - DAG(s) 'example_time_delta_sensor_async' retrieved from /home/shamim/airflow_git/Airflow_project/air_venv/lib/python3.12/site-packages/airflow/example_dags/example_time_delta_sensor_async.py
[2025-02-10T14:04:33.041+0600] {logging_mixin.py:190} INFO - [2025-02-10T14:04:33.040+0600] {dag.py:3239} INFO - Sync 1 DAGs
[2025-02-10T14:04:33.064+0600] {logging_mixin.py:190} INFO - [2025-02-10T14:04:33.064+0600] {dag.py:4180} INFO - Setting next_dagrun for example_time_delta_sensor_async to None, run_after=None
[2025-02-10T14:04:33.099+0600] {processor.py:208} INFO - Processing /home/shamim/airflow_git/Airflow_project/air_venv/lib/python3.12/site-packages/airflow/example_dags/example_time_delta_sensor_async.py took 0.108 seconds
