[2025-02-10T12:59:49.321+0600] {processor.py:186} INFO - Started process (PID=13065) to work on /home/shamim/airflow_git/Airflow_project/air_venv/lib/python3.12/site-packages/airflow/example_dags/example_external_task_marker_dag.py
[2025-02-10T12:59:49.322+0600] {processor.py:914} INFO - Processing file /home/shamim/airflow_git/Airflow_project/air_venv/lib/python3.12/site-packages/airflow/example_dags/example_external_task_marker_dag.py for tasks to queue
[2025-02-10T12:59:49.327+0600] {logging_mixin.py:190} INFO - [2025-02-10T12:59:49.326+0600] {dagbag.py:588} INFO - Filling up the DagBag from /home/shamim/airflow_git/Airflow_project/air_venv/lib/python3.12/site-packages/airflow/example_dags/example_external_task_marker_dag.py
[2025-02-10T12:59:49.342+0600] {processor.py:925} INFO - DAG(s) 'example_external_task_marker_parent', 'example_external_task_marker_child' retrieved from /home/shamim/airflow_git/Airflow_project/air_venv/lib/python3.12/site-packages/airflow/example_dags/example_external_task_marker_dag.py
[2025-02-10T12:59:49.542+0600] {logging_mixin.py:190} INFO - [2025-02-10T12:59:49.541+0600] {override.py:1930} INFO - Created Permission View: can delete on DAG:example_external_task_marker_parent
[2025-02-10T12:59:49.561+0600] {logging_mixin.py:190} INFO - [2025-02-10T12:59:49.561+0600] {override.py:1930} INFO - Created Permission View: can edit on DAG:example_external_task_marker_parent
[2025-02-10T12:59:49.572+0600] {logging_mixin.py:190} INFO - [2025-02-10T12:59:49.571+0600] {override.py:1930} INFO - Created Permission View: can read on DAG:example_external_task_marker_parent
[2025-02-10T12:59:49.586+0600] {logging_mixin.py:190} INFO - [2025-02-10T12:59:49.586+0600] {override.py:1930} INFO - Created Permission View: can delete on DAG Run:example_external_task_marker_parent
[2025-02-10T12:59:49.598+0600] {logging_mixin.py:190} INFO - [2025-02-10T12:59:49.598+0600] {override.py:1930} INFO - Created Permission View: can read on DAG Run:example_external_task_marker_parent
[2025-02-10T12:59:49.612+0600] {logging_mixin.py:190} INFO - [2025-02-10T12:59:49.611+0600] {override.py:1930} INFO - Created Permission View: can create on DAG Run:example_external_task_marker_parent
[2025-02-10T12:59:49.627+0600] {logging_mixin.py:190} INFO - [2025-02-10T12:59:49.626+0600] {override.py:1930} INFO - Created Permission View: menu access on DAG Run:example_external_task_marker_parent
[2025-02-10T12:59:49.667+0600] {logging_mixin.py:190} INFO - [2025-02-10T12:59:49.666+0600] {override.py:1930} INFO - Created Permission View: can delete on DAG:example_external_task_marker_child
[2025-02-10T12:59:49.679+0600] {logging_mixin.py:190} INFO - [2025-02-10T12:59:49.679+0600] {override.py:1930} INFO - Created Permission View: can edit on DAG:example_external_task_marker_child
[2025-02-10T12:59:49.691+0600] {logging_mixin.py:190} INFO - [2025-02-10T12:59:49.690+0600] {override.py:1930} INFO - Created Permission View: can read on DAG:example_external_task_marker_child
[2025-02-10T12:59:49.707+0600] {logging_mixin.py:190} INFO - [2025-02-10T12:59:49.706+0600] {override.py:1930} INFO - Created Permission View: can delete on DAG Run:example_external_task_marker_child
[2025-02-10T12:59:49.716+0600] {logging_mixin.py:190} INFO - [2025-02-10T12:59:49.715+0600] {override.py:1930} INFO - Created Permission View: can read on DAG Run:example_external_task_marker_child
[2025-02-10T12:59:49.730+0600] {logging_mixin.py:190} INFO - [2025-02-10T12:59:49.730+0600] {override.py:1930} INFO - Created Permission View: can create on DAG Run:example_external_task_marker_child
[2025-02-10T12:59:49.744+0600] {logging_mixin.py:190} INFO - [2025-02-10T12:59:49.744+0600] {override.py:1930} INFO - Created Permission View: menu access on DAG Run:example_external_task_marker_child
[2025-02-10T12:59:49.745+0600] {logging_mixin.py:190} INFO - [2025-02-10T12:59:49.745+0600] {dag.py:3239} INFO - Sync 2 DAGs
[2025-02-10T12:59:49.773+0600] {logging_mixin.py:190} INFO - [2025-02-10T12:59:49.772+0600] {dag.py:3262} INFO - Creating ORM DAG for example_external_task_marker_parent
[2025-02-10T12:59:49.775+0600] {logging_mixin.py:190} INFO - [2025-02-10T12:59:49.774+0600] {dag.py:3262} INFO - Creating ORM DAG for example_external_task_marker_child
[2025-02-10T12:59:49.776+0600] {logging_mixin.py:190} INFO - [2025-02-10T12:59:49.775+0600] {dag.py:4180} INFO - Setting next_dagrun for example_external_task_marker_child to None, run_after=None
[2025-02-10T12:59:49.777+0600] {logging_mixin.py:190} INFO - [2025-02-10T12:59:49.777+0600] {dag.py:4180} INFO - Setting next_dagrun for example_external_task_marker_parent to None, run_after=None
[2025-02-10T12:59:49.814+0600] {processor.py:208} INFO - Processing /home/shamim/airflow_git/Airflow_project/air_venv/lib/python3.12/site-packages/airflow/example_dags/example_external_task_marker_dag.py took 0.503 seconds
[2025-02-10T13:01:04.117+0600] {processor.py:186} INFO - Started process (PID=13557) to work on /home/shamim/airflow_git/Airflow_project/air_venv/lib/python3.12/site-packages/airflow/example_dags/example_external_task_marker_dag.py
[2025-02-10T13:01:04.124+0600] {processor.py:914} INFO - Processing file /home/shamim/airflow_git/Airflow_project/air_venv/lib/python3.12/site-packages/airflow/example_dags/example_external_task_marker_dag.py for tasks to queue
[2025-02-10T13:01:04.126+0600] {logging_mixin.py:190} INFO - [2025-02-10T13:01:04.126+0600] {dagbag.py:588} INFO - Filling up the DagBag from /home/shamim/airflow_git/Airflow_project/air_venv/lib/python3.12/site-packages/airflow/example_dags/example_external_task_marker_dag.py
[2025-02-10T13:01:04.136+0600] {processor.py:925} INFO - DAG(s) 'example_external_task_marker_parent', 'example_external_task_marker_child' retrieved from /home/shamim/airflow_git/Airflow_project/air_venv/lib/python3.12/site-packages/airflow/example_dags/example_external_task_marker_dag.py
[2025-02-10T13:01:04.157+0600] {logging_mixin.py:190} INFO - [2025-02-10T13:01:04.156+0600] {dag.py:3239} INFO - Sync 2 DAGs
[2025-02-10T13:01:04.172+0600] {logging_mixin.py:190} INFO - [2025-02-10T13:01:04.171+0600] {dag.py:4180} INFO - Setting next_dagrun for example_external_task_marker_child to None, run_after=None
[2025-02-10T13:01:04.176+0600] {logging_mixin.py:190} INFO - [2025-02-10T13:01:04.175+0600] {dag.py:4180} INFO - Setting next_dagrun for example_external_task_marker_parent to None, run_after=None
[2025-02-10T13:01:04.200+0600] {processor.py:208} INFO - Processing /home/shamim/airflow_git/Airflow_project/air_venv/lib/python3.12/site-packages/airflow/example_dags/example_external_task_marker_dag.py took 0.090 seconds
[2025-02-10T13:02:15.742+0600] {processor.py:186} INFO - Started process (PID=13658) to work on /home/shamim/airflow_git/Airflow_project/air_venv/lib/python3.12/site-packages/airflow/example_dags/example_external_task_marker_dag.py
[2025-02-10T13:02:15.745+0600] {processor.py:914} INFO - Processing file /home/shamim/airflow_git/Airflow_project/air_venv/lib/python3.12/site-packages/airflow/example_dags/example_external_task_marker_dag.py for tasks to queue
[2025-02-10T13:02:15.748+0600] {logging_mixin.py:190} INFO - [2025-02-10T13:02:15.748+0600] {dagbag.py:588} INFO - Filling up the DagBag from /home/shamim/airflow_git/Airflow_project/air_venv/lib/python3.12/site-packages/airflow/example_dags/example_external_task_marker_dag.py
[2025-02-10T13:02:15.760+0600] {processor.py:925} INFO - DAG(s) 'example_external_task_marker_child', 'example_external_task_marker_parent' retrieved from /home/shamim/airflow_git/Airflow_project/air_venv/lib/python3.12/site-packages/airflow/example_dags/example_external_task_marker_dag.py
[2025-02-10T13:02:15.783+0600] {logging_mixin.py:190} INFO - [2025-02-10T13:02:15.782+0600] {dag.py:3239} INFO - Sync 2 DAGs
[2025-02-10T13:02:15.800+0600] {logging_mixin.py:190} INFO - [2025-02-10T13:02:15.800+0600] {dag.py:4180} INFO - Setting next_dagrun for example_external_task_marker_child to None, run_after=None
[2025-02-10T13:02:15.805+0600] {logging_mixin.py:190} INFO - [2025-02-10T13:02:15.805+0600] {dag.py:4180} INFO - Setting next_dagrun for example_external_task_marker_parent to None, run_after=None
[2025-02-10T13:02:15.826+0600] {processor.py:208} INFO - Processing /home/shamim/airflow_git/Airflow_project/air_venv/lib/python3.12/site-packages/airflow/example_dags/example_external_task_marker_dag.py took 0.091 seconds
[2025-02-10T13:03:23.623+0600] {processor.py:186} INFO - Started process (PID=13864) to work on /home/shamim/airflow_git/Airflow_project/air_venv/lib/python3.12/site-packages/airflow/example_dags/example_external_task_marker_dag.py
[2025-02-10T13:03:23.629+0600] {processor.py:914} INFO - Processing file /home/shamim/airflow_git/Airflow_project/air_venv/lib/python3.12/site-packages/airflow/example_dags/example_external_task_marker_dag.py for tasks to queue
[2025-02-10T13:03:23.633+0600] {logging_mixin.py:190} INFO - [2025-02-10T13:03:23.632+0600] {dagbag.py:588} INFO - Filling up the DagBag from /home/shamim/airflow_git/Airflow_project/air_venv/lib/python3.12/site-packages/airflow/example_dags/example_external_task_marker_dag.py
[2025-02-10T13:03:23.647+0600] {processor.py:925} INFO - DAG(s) 'example_external_task_marker_parent', 'example_external_task_marker_child' retrieved from /home/shamim/airflow_git/Airflow_project/air_venv/lib/python3.12/site-packages/airflow/example_dags/example_external_task_marker_dag.py
[2025-02-10T13:03:23.669+0600] {logging_mixin.py:190} INFO - [2025-02-10T13:03:23.668+0600] {dag.py:3239} INFO - Sync 2 DAGs
[2025-02-10T13:03:23.684+0600] {logging_mixin.py:190} INFO - [2025-02-10T13:03:23.683+0600] {dag.py:4180} INFO - Setting next_dagrun for example_external_task_marker_child to None, run_after=None
[2025-02-10T13:03:23.687+0600] {logging_mixin.py:190} INFO - [2025-02-10T13:03:23.687+0600] {dag.py:4180} INFO - Setting next_dagrun for example_external_task_marker_parent to None, run_after=None
[2025-02-10T13:03:23.709+0600] {processor.py:208} INFO - Processing /home/shamim/airflow_git/Airflow_project/air_venv/lib/python3.12/site-packages/airflow/example_dags/example_external_task_marker_dag.py took 0.095 seconds
[2025-02-10T13:04:29.163+0600] {processor.py:186} INFO - Started process (PID=14007) to work on /home/shamim/airflow_git/Airflow_project/air_venv/lib/python3.12/site-packages/airflow/example_dags/example_external_task_marker_dag.py
[2025-02-10T13:04:29.168+0600] {processor.py:914} INFO - Processing file /home/shamim/airflow_git/Airflow_project/air_venv/lib/python3.12/site-packages/airflow/example_dags/example_external_task_marker_dag.py for tasks to queue
[2025-02-10T13:04:29.172+0600] {logging_mixin.py:190} INFO - [2025-02-10T13:04:29.171+0600] {dagbag.py:588} INFO - Filling up the DagBag from /home/shamim/airflow_git/Airflow_project/air_venv/lib/python3.12/site-packages/airflow/example_dags/example_external_task_marker_dag.py
[2025-02-10T13:04:29.193+0600] {processor.py:925} INFO - DAG(s) 'example_external_task_marker_child', 'example_external_task_marker_parent' retrieved from /home/shamim/airflow_git/Airflow_project/air_venv/lib/python3.12/site-packages/airflow/example_dags/example_external_task_marker_dag.py
[2025-02-10T13:04:29.243+0600] {logging_mixin.py:190} INFO - [2025-02-10T13:04:29.243+0600] {dag.py:3239} INFO - Sync 2 DAGs
[2025-02-10T13:04:29.269+0600] {logging_mixin.py:190} INFO - [2025-02-10T13:04:29.269+0600] {dag.py:4180} INFO - Setting next_dagrun for example_external_task_marker_child to None, run_after=None
[2025-02-10T13:04:29.278+0600] {logging_mixin.py:190} INFO - [2025-02-10T13:04:29.278+0600] {dag.py:4180} INFO - Setting next_dagrun for example_external_task_marker_parent to None, run_after=None
[2025-02-10T13:04:29.305+0600] {processor.py:208} INFO - Processing /home/shamim/airflow_git/Airflow_project/air_venv/lib/python3.12/site-packages/airflow/example_dags/example_external_task_marker_dag.py took 0.157 seconds
[2025-02-10T13:05:37.552+0600] {processor.py:186} INFO - Started process (PID=14105) to work on /home/shamim/airflow_git/Airflow_project/air_venv/lib/python3.12/site-packages/airflow/example_dags/example_external_task_marker_dag.py
[2025-02-10T13:05:37.559+0600] {processor.py:914} INFO - Processing file /home/shamim/airflow_git/Airflow_project/air_venv/lib/python3.12/site-packages/airflow/example_dags/example_external_task_marker_dag.py for tasks to queue
[2025-02-10T13:05:37.562+0600] {logging_mixin.py:190} INFO - [2025-02-10T13:05:37.562+0600] {dagbag.py:588} INFO - Filling up the DagBag from /home/shamim/airflow_git/Airflow_project/air_venv/lib/python3.12/site-packages/airflow/example_dags/example_external_task_marker_dag.py
[2025-02-10T13:05:37.576+0600] {processor.py:925} INFO - DAG(s) 'example_external_task_marker_parent', 'example_external_task_marker_child' retrieved from /home/shamim/airflow_git/Airflow_project/air_venv/lib/python3.12/site-packages/airflow/example_dags/example_external_task_marker_dag.py
[2025-02-10T13:05:37.597+0600] {logging_mixin.py:190} INFO - [2025-02-10T13:05:37.597+0600] {dag.py:3239} INFO - Sync 2 DAGs
[2025-02-10T13:05:37.612+0600] {logging_mixin.py:190} INFO - [2025-02-10T13:05:37.612+0600] {dag.py:4180} INFO - Setting next_dagrun for example_external_task_marker_child to None, run_after=None
[2025-02-10T13:05:37.616+0600] {logging_mixin.py:190} INFO - [2025-02-10T13:05:37.616+0600] {dag.py:4180} INFO - Setting next_dagrun for example_external_task_marker_parent to None, run_after=None
[2025-02-10T13:05:37.638+0600] {processor.py:208} INFO - Processing /home/shamim/airflow_git/Airflow_project/air_venv/lib/python3.12/site-packages/airflow/example_dags/example_external_task_marker_dag.py took 0.095 seconds
[2025-02-10T13:06:44.828+0600] {processor.py:186} INFO - Started process (PID=14251) to work on /home/shamim/airflow_git/Airflow_project/air_venv/lib/python3.12/site-packages/airflow/example_dags/example_external_task_marker_dag.py
[2025-02-10T13:06:44.836+0600] {processor.py:914} INFO - Processing file /home/shamim/airflow_git/Airflow_project/air_venv/lib/python3.12/site-packages/airflow/example_dags/example_external_task_marker_dag.py for tasks to queue
[2025-02-10T13:06:44.845+0600] {logging_mixin.py:190} INFO - [2025-02-10T13:06:44.843+0600] {dagbag.py:588} INFO - Filling up the DagBag from /home/shamim/airflow_git/Airflow_project/air_venv/lib/python3.12/site-packages/airflow/example_dags/example_external_task_marker_dag.py
[2025-02-10T13:06:44.872+0600] {processor.py:925} INFO - DAG(s) 'example_external_task_marker_child', 'example_external_task_marker_parent' retrieved from /home/shamim/airflow_git/Airflow_project/air_venv/lib/python3.12/site-packages/airflow/example_dags/example_external_task_marker_dag.py
[2025-02-10T13:06:44.901+0600] {logging_mixin.py:190} INFO - [2025-02-10T13:06:44.901+0600] {dag.py:3239} INFO - Sync 2 DAGs
[2025-02-10T13:06:44.916+0600] {logging_mixin.py:190} INFO - [2025-02-10T13:06:44.916+0600] {dag.py:4180} INFO - Setting next_dagrun for example_external_task_marker_child to None, run_after=None
[2025-02-10T13:06:44.920+0600] {logging_mixin.py:190} INFO - [2025-02-10T13:06:44.920+0600] {dag.py:4180} INFO - Setting next_dagrun for example_external_task_marker_parent to None, run_after=None
[2025-02-10T13:06:44.941+0600] {processor.py:208} INFO - Processing /home/shamim/airflow_git/Airflow_project/air_venv/lib/python3.12/site-packages/airflow/example_dags/example_external_task_marker_dag.py took 0.135 seconds
[2025-02-10T13:07:58.316+0600] {processor.py:186} INFO - Started process (PID=14468) to work on /home/shamim/airflow_git/Airflow_project/air_venv/lib/python3.12/site-packages/airflow/example_dags/example_external_task_marker_dag.py
[2025-02-10T13:07:58.323+0600] {processor.py:914} INFO - Processing file /home/shamim/airflow_git/Airflow_project/air_venv/lib/python3.12/site-packages/airflow/example_dags/example_external_task_marker_dag.py for tasks to queue
[2025-02-10T13:07:58.326+0600] {logging_mixin.py:190} INFO - [2025-02-10T13:07:58.326+0600] {dagbag.py:588} INFO - Filling up the DagBag from /home/shamim/airflow_git/Airflow_project/air_venv/lib/python3.12/site-packages/airflow/example_dags/example_external_task_marker_dag.py
[2025-02-10T13:07:58.340+0600] {processor.py:925} INFO - DAG(s) 'example_external_task_marker_parent', 'example_external_task_marker_child' retrieved from /home/shamim/airflow_git/Airflow_project/air_venv/lib/python3.12/site-packages/airflow/example_dags/example_external_task_marker_dag.py
[2025-02-10T13:07:58.364+0600] {logging_mixin.py:190} INFO - [2025-02-10T13:07:58.364+0600] {dag.py:3239} INFO - Sync 2 DAGs
[2025-02-10T13:07:58.380+0600] {logging_mixin.py:190} INFO - [2025-02-10T13:07:58.380+0600] {dag.py:4180} INFO - Setting next_dagrun for example_external_task_marker_child to None, run_after=None
[2025-02-10T13:07:58.385+0600] {logging_mixin.py:190} INFO - [2025-02-10T13:07:58.384+0600] {dag.py:4180} INFO - Setting next_dagrun for example_external_task_marker_parent to None, run_after=None
[2025-02-10T13:07:58.409+0600] {processor.py:208} INFO - Processing /home/shamim/airflow_git/Airflow_project/air_venv/lib/python3.12/site-packages/airflow/example_dags/example_external_task_marker_dag.py took 0.101 seconds
[2025-02-10T13:09:10.456+0600] {processor.py:186} INFO - Started process (PID=14700) to work on /home/shamim/airflow_git/Airflow_project/air_venv/lib/python3.12/site-packages/airflow/example_dags/example_external_task_marker_dag.py
[2025-02-10T13:09:10.461+0600] {processor.py:914} INFO - Processing file /home/shamim/airflow_git/Airflow_project/air_venv/lib/python3.12/site-packages/airflow/example_dags/example_external_task_marker_dag.py for tasks to queue
[2025-02-10T13:09:10.463+0600] {logging_mixin.py:190} INFO - [2025-02-10T13:09:10.463+0600] {dagbag.py:588} INFO - Filling up the DagBag from /home/shamim/airflow_git/Airflow_project/air_venv/lib/python3.12/site-packages/airflow/example_dags/example_external_task_marker_dag.py
[2025-02-10T13:09:10.473+0600] {processor.py:925} INFO - DAG(s) 'example_external_task_marker_child', 'example_external_task_marker_parent' retrieved from /home/shamim/airflow_git/Airflow_project/air_venv/lib/python3.12/site-packages/airflow/example_dags/example_external_task_marker_dag.py
[2025-02-10T13:09:10.493+0600] {logging_mixin.py:190} INFO - [2025-02-10T13:09:10.493+0600] {dag.py:3239} INFO - Sync 2 DAGs
[2025-02-10T13:09:10.508+0600] {logging_mixin.py:190} INFO - [2025-02-10T13:09:10.508+0600] {dag.py:4180} INFO - Setting next_dagrun for example_external_task_marker_child to None, run_after=None
[2025-02-10T13:09:10.512+0600] {logging_mixin.py:190} INFO - [2025-02-10T13:09:10.512+0600] {dag.py:4180} INFO - Setting next_dagrun for example_external_task_marker_parent to None, run_after=None
[2025-02-10T13:09:10.537+0600] {processor.py:208} INFO - Processing /home/shamim/airflow_git/Airflow_project/air_venv/lib/python3.12/site-packages/airflow/example_dags/example_external_task_marker_dag.py took 0.088 seconds
[2025-02-10T13:10:18.114+0600] {processor.py:186} INFO - Started process (PID=14835) to work on /home/shamim/airflow_git/Airflow_project/air_venv/lib/python3.12/site-packages/airflow/example_dags/example_external_task_marker_dag.py
[2025-02-10T13:10:18.123+0600] {processor.py:914} INFO - Processing file /home/shamim/airflow_git/Airflow_project/air_venv/lib/python3.12/site-packages/airflow/example_dags/example_external_task_marker_dag.py for tasks to queue
[2025-02-10T13:10:18.131+0600] {logging_mixin.py:190} INFO - [2025-02-10T13:10:18.129+0600] {dagbag.py:588} INFO - Filling up the DagBag from /home/shamim/airflow_git/Airflow_project/air_venv/lib/python3.12/site-packages/airflow/example_dags/example_external_task_marker_dag.py
[2025-02-10T13:10:18.159+0600] {processor.py:925} INFO - DAG(s) 'example_external_task_marker_child', 'example_external_task_marker_parent' retrieved from /home/shamim/airflow_git/Airflow_project/air_venv/lib/python3.12/site-packages/airflow/example_dags/example_external_task_marker_dag.py
[2025-02-10T13:10:18.189+0600] {logging_mixin.py:190} INFO - [2025-02-10T13:10:18.188+0600] {dag.py:3239} INFO - Sync 2 DAGs
[2025-02-10T13:10:18.208+0600] {logging_mixin.py:190} INFO - [2025-02-10T13:10:18.207+0600] {dag.py:4180} INFO - Setting next_dagrun for example_external_task_marker_child to None, run_after=None
[2025-02-10T13:10:18.212+0600] {logging_mixin.py:190} INFO - [2025-02-10T13:10:18.212+0600] {dag.py:4180} INFO - Setting next_dagrun for example_external_task_marker_parent to None, run_after=None
[2025-02-10T13:10:18.237+0600] {processor.py:208} INFO - Processing /home/shamim/airflow_git/Airflow_project/air_venv/lib/python3.12/site-packages/airflow/example_dags/example_external_task_marker_dag.py took 0.161 seconds
[2025-02-10T13:11:31.868+0600] {processor.py:186} INFO - Started process (PID=14928) to work on /home/shamim/airflow_git/Airflow_project/air_venv/lib/python3.12/site-packages/airflow/example_dags/example_external_task_marker_dag.py
[2025-02-10T13:11:31.875+0600] {processor.py:914} INFO - Processing file /home/shamim/airflow_git/Airflow_project/air_venv/lib/python3.12/site-packages/airflow/example_dags/example_external_task_marker_dag.py for tasks to queue
[2025-02-10T13:11:31.882+0600] {logging_mixin.py:190} INFO - [2025-02-10T13:11:31.882+0600] {dagbag.py:588} INFO - Filling up the DagBag from /home/shamim/airflow_git/Airflow_project/air_venv/lib/python3.12/site-packages/airflow/example_dags/example_external_task_marker_dag.py
[2025-02-10T13:11:31.899+0600] {processor.py:925} INFO - DAG(s) 'example_external_task_marker_child', 'example_external_task_marker_parent' retrieved from /home/shamim/airflow_git/Airflow_project/air_venv/lib/python3.12/site-packages/airflow/example_dags/example_external_task_marker_dag.py
[2025-02-10T13:11:31.936+0600] {logging_mixin.py:190} INFO - [2025-02-10T13:11:31.936+0600] {dag.py:3239} INFO - Sync 2 DAGs
[2025-02-10T13:11:31.966+0600] {logging_mixin.py:190} INFO - [2025-02-10T13:11:31.966+0600] {dag.py:4180} INFO - Setting next_dagrun for example_external_task_marker_child to None, run_after=None
[2025-02-10T13:11:31.973+0600] {logging_mixin.py:190} INFO - [2025-02-10T13:11:31.973+0600] {dag.py:4180} INFO - Setting next_dagrun for example_external_task_marker_parent to None, run_after=None
[2025-02-10T13:11:32.010+0600] {processor.py:208} INFO - Processing /home/shamim/airflow_git/Airflow_project/air_venv/lib/python3.12/site-packages/airflow/example_dags/example_external_task_marker_dag.py took 0.159 seconds
[2025-02-10T13:12:48.374+0600] {processor.py:186} INFO - Started process (PID=15032) to work on /home/shamim/airflow_git/Airflow_project/air_venv/lib/python3.12/site-packages/airflow/example_dags/example_external_task_marker_dag.py
[2025-02-10T13:12:48.381+0600] {processor.py:914} INFO - Processing file /home/shamim/airflow_git/Airflow_project/air_venv/lib/python3.12/site-packages/airflow/example_dags/example_external_task_marker_dag.py for tasks to queue
[2025-02-10T13:12:48.388+0600] {logging_mixin.py:190} INFO - [2025-02-10T13:12:48.387+0600] {dagbag.py:588} INFO - Filling up the DagBag from /home/shamim/airflow_git/Airflow_project/air_venv/lib/python3.12/site-packages/airflow/example_dags/example_external_task_marker_dag.py
[2025-02-10T13:12:48.408+0600] {processor.py:925} INFO - DAG(s) 'example_external_task_marker_parent', 'example_external_task_marker_child' retrieved from /home/shamim/airflow_git/Airflow_project/air_venv/lib/python3.12/site-packages/airflow/example_dags/example_external_task_marker_dag.py
[2025-02-10T13:12:48.452+0600] {logging_mixin.py:190} INFO - [2025-02-10T13:12:48.452+0600] {dag.py:3239} INFO - Sync 2 DAGs
[2025-02-10T13:12:48.478+0600] {logging_mixin.py:190} INFO - [2025-02-10T13:12:48.478+0600] {dag.py:4180} INFO - Setting next_dagrun for example_external_task_marker_child to None, run_after=None
[2025-02-10T13:12:48.485+0600] {logging_mixin.py:190} INFO - [2025-02-10T13:12:48.485+0600] {dag.py:4180} INFO - Setting next_dagrun for example_external_task_marker_parent to None, run_after=None
[2025-02-10T13:12:48.521+0600] {processor.py:208} INFO - Processing /home/shamim/airflow_git/Airflow_project/air_venv/lib/python3.12/site-packages/airflow/example_dags/example_external_task_marker_dag.py took 0.167 seconds
[2025-02-10T13:14:03.968+0600] {processor.py:186} INFO - Started process (PID=15175) to work on /home/shamim/airflow_git/Airflow_project/air_venv/lib/python3.12/site-packages/airflow/example_dags/example_external_task_marker_dag.py
[2025-02-10T13:14:03.969+0600] {processor.py:914} INFO - Processing file /home/shamim/airflow_git/Airflow_project/air_venv/lib/python3.12/site-packages/airflow/example_dags/example_external_task_marker_dag.py for tasks to queue
[2025-02-10T13:14:03.973+0600] {logging_mixin.py:190} INFO - [2025-02-10T13:14:03.972+0600] {dagbag.py:588} INFO - Filling up the DagBag from /home/shamim/airflow_git/Airflow_project/air_venv/lib/python3.12/site-packages/airflow/example_dags/example_external_task_marker_dag.py
[2025-02-10T13:14:03.984+0600] {processor.py:925} INFO - DAG(s) 'example_external_task_marker_child', 'example_external_task_marker_parent' retrieved from /home/shamim/airflow_git/Airflow_project/air_venv/lib/python3.12/site-packages/airflow/example_dags/example_external_task_marker_dag.py
[2025-02-10T13:14:04.008+0600] {logging_mixin.py:190} INFO - [2025-02-10T13:14:04.008+0600] {dag.py:3239} INFO - Sync 2 DAGs
[2025-02-10T13:14:04.027+0600] {logging_mixin.py:190} INFO - [2025-02-10T13:14:04.027+0600] {dag.py:4180} INFO - Setting next_dagrun for example_external_task_marker_child to None, run_after=None
[2025-02-10T13:14:04.031+0600] {logging_mixin.py:190} INFO - [2025-02-10T13:14:04.031+0600] {dag.py:4180} INFO - Setting next_dagrun for example_external_task_marker_parent to None, run_after=None
[2025-02-10T13:14:04.050+0600] {processor.py:208} INFO - Processing /home/shamim/airflow_git/Airflow_project/air_venv/lib/python3.12/site-packages/airflow/example_dags/example_external_task_marker_dag.py took 0.093 seconds
[2025-02-10T13:15:12.681+0600] {processor.py:186} INFO - Started process (PID=15266) to work on /home/shamim/airflow_git/Airflow_project/air_venv/lib/python3.12/site-packages/airflow/example_dags/example_external_task_marker_dag.py
[2025-02-10T13:15:12.687+0600] {processor.py:914} INFO - Processing file /home/shamim/airflow_git/Airflow_project/air_venv/lib/python3.12/site-packages/airflow/example_dags/example_external_task_marker_dag.py for tasks to queue
[2025-02-10T13:15:12.690+0600] {logging_mixin.py:190} INFO - [2025-02-10T13:15:12.690+0600] {dagbag.py:588} INFO - Filling up the DagBag from /home/shamim/airflow_git/Airflow_project/air_venv/lib/python3.12/site-packages/airflow/example_dags/example_external_task_marker_dag.py
[2025-02-10T13:15:12.701+0600] {processor.py:925} INFO - DAG(s) 'example_external_task_marker_parent', 'example_external_task_marker_child' retrieved from /home/shamim/airflow_git/Airflow_project/air_venv/lib/python3.12/site-packages/airflow/example_dags/example_external_task_marker_dag.py
[2025-02-10T13:15:12.722+0600] {logging_mixin.py:190} INFO - [2025-02-10T13:15:12.721+0600] {dag.py:3239} INFO - Sync 2 DAGs
[2025-02-10T13:15:12.737+0600] {logging_mixin.py:190} INFO - [2025-02-10T13:15:12.737+0600] {dag.py:4180} INFO - Setting next_dagrun for example_external_task_marker_child to None, run_after=None
[2025-02-10T13:15:12.741+0600] {logging_mixin.py:190} INFO - [2025-02-10T13:15:12.741+0600] {dag.py:4180} INFO - Setting next_dagrun for example_external_task_marker_parent to None, run_after=None
[2025-02-10T13:15:12.765+0600] {processor.py:208} INFO - Processing /home/shamim/airflow_git/Airflow_project/air_venv/lib/python3.12/site-packages/airflow/example_dags/example_external_task_marker_dag.py took 0.094 seconds
[2025-02-10T13:16:20.770+0600] {processor.py:186} INFO - Started process (PID=15359) to work on /home/shamim/airflow_git/Airflow_project/air_venv/lib/python3.12/site-packages/airflow/example_dags/example_external_task_marker_dag.py
[2025-02-10T13:16:20.773+0600] {processor.py:914} INFO - Processing file /home/shamim/airflow_git/Airflow_project/air_venv/lib/python3.12/site-packages/airflow/example_dags/example_external_task_marker_dag.py for tasks to queue
[2025-02-10T13:16:20.776+0600] {logging_mixin.py:190} INFO - [2025-02-10T13:16:20.776+0600] {dagbag.py:588} INFO - Filling up the DagBag from /home/shamim/airflow_git/Airflow_project/air_venv/lib/python3.12/site-packages/airflow/example_dags/example_external_task_marker_dag.py
[2025-02-10T13:16:20.787+0600] {processor.py:925} INFO - DAG(s) 'example_external_task_marker_parent', 'example_external_task_marker_child' retrieved from /home/shamim/airflow_git/Airflow_project/air_venv/lib/python3.12/site-packages/airflow/example_dags/example_external_task_marker_dag.py
[2025-02-10T13:16:20.808+0600] {logging_mixin.py:190} INFO - [2025-02-10T13:16:20.808+0600] {dag.py:3239} INFO - Sync 2 DAGs
[2025-02-10T13:16:20.823+0600] {logging_mixin.py:190} INFO - [2025-02-10T13:16:20.823+0600] {dag.py:4180} INFO - Setting next_dagrun for example_external_task_marker_child to None, run_after=None
[2025-02-10T13:16:20.827+0600] {logging_mixin.py:190} INFO - [2025-02-10T13:16:20.827+0600] {dag.py:4180} INFO - Setting next_dagrun for example_external_task_marker_parent to None, run_after=None
[2025-02-10T13:16:20.848+0600] {processor.py:208} INFO - Processing /home/shamim/airflow_git/Airflow_project/air_venv/lib/python3.12/site-packages/airflow/example_dags/example_external_task_marker_dag.py took 0.089 seconds
[2025-02-10T13:17:30.451+0600] {processor.py:186} INFO - Started process (PID=15454) to work on /home/shamim/airflow_git/Airflow_project/air_venv/lib/python3.12/site-packages/airflow/example_dags/example_external_task_marker_dag.py
[2025-02-10T13:17:30.457+0600] {processor.py:914} INFO - Processing file /home/shamim/airflow_git/Airflow_project/air_venv/lib/python3.12/site-packages/airflow/example_dags/example_external_task_marker_dag.py for tasks to queue
[2025-02-10T13:17:30.461+0600] {logging_mixin.py:190} INFO - [2025-02-10T13:17:30.460+0600] {dagbag.py:588} INFO - Filling up the DagBag from /home/shamim/airflow_git/Airflow_project/air_venv/lib/python3.12/site-packages/airflow/example_dags/example_external_task_marker_dag.py
[2025-02-10T13:17:30.471+0600] {processor.py:925} INFO - DAG(s) 'example_external_task_marker_parent', 'example_external_task_marker_child' retrieved from /home/shamim/airflow_git/Airflow_project/air_venv/lib/python3.12/site-packages/airflow/example_dags/example_external_task_marker_dag.py
[2025-02-10T13:17:30.492+0600] {logging_mixin.py:190} INFO - [2025-02-10T13:17:30.492+0600] {dag.py:3239} INFO - Sync 2 DAGs
[2025-02-10T13:17:30.508+0600] {logging_mixin.py:190} INFO - [2025-02-10T13:17:30.507+0600] {dag.py:4180} INFO - Setting next_dagrun for example_external_task_marker_child to None, run_after=None
[2025-02-10T13:17:30.512+0600] {logging_mixin.py:190} INFO - [2025-02-10T13:17:30.511+0600] {dag.py:4180} INFO - Setting next_dagrun for example_external_task_marker_parent to None, run_after=None
[2025-02-10T13:17:30.534+0600] {processor.py:208} INFO - Processing /home/shamim/airflow_git/Airflow_project/air_venv/lib/python3.12/site-packages/airflow/example_dags/example_external_task_marker_dag.py took 0.107 seconds
[2025-02-10T13:18:45.617+0600] {processor.py:186} INFO - Started process (PID=15743) to work on /home/shamim/airflow_git/Airflow_project/air_venv/lib/python3.12/site-packages/airflow/example_dags/example_external_task_marker_dag.py
[2025-02-10T13:18:45.624+0600] {processor.py:914} INFO - Processing file /home/shamim/airflow_git/Airflow_project/air_venv/lib/python3.12/site-packages/airflow/example_dags/example_external_task_marker_dag.py for tasks to queue
[2025-02-10T13:18:45.628+0600] {logging_mixin.py:190} INFO - [2025-02-10T13:18:45.627+0600] {dagbag.py:588} INFO - Filling up the DagBag from /home/shamim/airflow_git/Airflow_project/air_venv/lib/python3.12/site-packages/airflow/example_dags/example_external_task_marker_dag.py
[2025-02-10T13:18:45.640+0600] {processor.py:925} INFO - DAG(s) 'example_external_task_marker_parent', 'example_external_task_marker_child' retrieved from /home/shamim/airflow_git/Airflow_project/air_venv/lib/python3.12/site-packages/airflow/example_dags/example_external_task_marker_dag.py
[2025-02-10T13:18:45.662+0600] {logging_mixin.py:190} INFO - [2025-02-10T13:18:45.661+0600] {dag.py:3239} INFO - Sync 2 DAGs
[2025-02-10T13:18:45.677+0600] {logging_mixin.py:190} INFO - [2025-02-10T13:18:45.677+0600] {dag.py:4180} INFO - Setting next_dagrun for example_external_task_marker_child to None, run_after=None
[2025-02-10T13:18:45.681+0600] {logging_mixin.py:190} INFO - [2025-02-10T13:18:45.681+0600] {dag.py:4180} INFO - Setting next_dagrun for example_external_task_marker_parent to None, run_after=None
[2025-02-10T13:18:45.705+0600] {processor.py:208} INFO - Processing /home/shamim/airflow_git/Airflow_project/air_venv/lib/python3.12/site-packages/airflow/example_dags/example_external_task_marker_dag.py took 0.101 seconds
[2025-02-10T13:20:02.788+0600] {processor.py:186} INFO - Started process (PID=16345) to work on /home/shamim/airflow_git/Airflow_project/air_venv/lib/python3.12/site-packages/airflow/example_dags/example_external_task_marker_dag.py
[2025-02-10T13:20:02.796+0600] {processor.py:914} INFO - Processing file /home/shamim/airflow_git/Airflow_project/air_venv/lib/python3.12/site-packages/airflow/example_dags/example_external_task_marker_dag.py for tasks to queue
[2025-02-10T13:20:02.802+0600] {logging_mixin.py:190} INFO - [2025-02-10T13:20:02.801+0600] {dagbag.py:588} INFO - Filling up the DagBag from /home/shamim/airflow_git/Airflow_project/air_venv/lib/python3.12/site-packages/airflow/example_dags/example_external_task_marker_dag.py
[2025-02-10T13:20:02.828+0600] {processor.py:925} INFO - DAG(s) 'example_external_task_marker_parent', 'example_external_task_marker_child' retrieved from /home/shamim/airflow_git/Airflow_project/air_venv/lib/python3.12/site-packages/airflow/example_dags/example_external_task_marker_dag.py
[2025-02-10T13:20:02.853+0600] {logging_mixin.py:190} INFO - [2025-02-10T13:20:02.853+0600] {dag.py:3239} INFO - Sync 2 DAGs
[2025-02-10T13:20:02.870+0600] {logging_mixin.py:190} INFO - [2025-02-10T13:20:02.869+0600] {dag.py:4180} INFO - Setting next_dagrun for example_external_task_marker_child to None, run_after=None
[2025-02-10T13:20:02.874+0600] {logging_mixin.py:190} INFO - [2025-02-10T13:20:02.873+0600] {dag.py:4180} INFO - Setting next_dagrun for example_external_task_marker_parent to None, run_after=None
[2025-02-10T13:20:02.898+0600] {processor.py:208} INFO - Processing /home/shamim/airflow_git/Airflow_project/air_venv/lib/python3.12/site-packages/airflow/example_dags/example_external_task_marker_dag.py took 0.142 seconds
[2025-02-10T13:21:14.879+0600] {processor.py:186} INFO - Started process (PID=16911) to work on /home/shamim/airflow_git/Airflow_project/air_venv/lib/python3.12/site-packages/airflow/example_dags/example_external_task_marker_dag.py
[2025-02-10T13:21:14.887+0600] {processor.py:914} INFO - Processing file /home/shamim/airflow_git/Airflow_project/air_venv/lib/python3.12/site-packages/airflow/example_dags/example_external_task_marker_dag.py for tasks to queue
[2025-02-10T13:21:14.889+0600] {logging_mixin.py:190} INFO - [2025-02-10T13:21:14.888+0600] {dagbag.py:588} INFO - Filling up the DagBag from /home/shamim/airflow_git/Airflow_project/air_venv/lib/python3.12/site-packages/airflow/example_dags/example_external_task_marker_dag.py
[2025-02-10T13:21:14.907+0600] {processor.py:925} INFO - DAG(s) 'example_external_task_marker_child', 'example_external_task_marker_parent' retrieved from /home/shamim/airflow_git/Airflow_project/air_venv/lib/python3.12/site-packages/airflow/example_dags/example_external_task_marker_dag.py
[2025-02-10T13:21:14.930+0600] {logging_mixin.py:190} INFO - [2025-02-10T13:21:14.929+0600] {dag.py:3239} INFO - Sync 2 DAGs
[2025-02-10T13:21:14.946+0600] {logging_mixin.py:190} INFO - [2025-02-10T13:21:14.946+0600] {dag.py:4180} INFO - Setting next_dagrun for example_external_task_marker_child to None, run_after=None
[2025-02-10T13:21:14.950+0600] {logging_mixin.py:190} INFO - [2025-02-10T13:21:14.950+0600] {dag.py:4180} INFO - Setting next_dagrun for example_external_task_marker_parent to None, run_after=None
[2025-02-10T13:21:14.974+0600] {processor.py:208} INFO - Processing /home/shamim/airflow_git/Airflow_project/air_venv/lib/python3.12/site-packages/airflow/example_dags/example_external_task_marker_dag.py took 0.120 seconds
[2025-02-10T13:22:32.060+0600] {processor.py:186} INFO - Started process (PID=17333) to work on /home/shamim/airflow_git/Airflow_project/air_venv/lib/python3.12/site-packages/airflow/example_dags/example_external_task_marker_dag.py
[2025-02-10T13:22:32.067+0600] {processor.py:914} INFO - Processing file /home/shamim/airflow_git/Airflow_project/air_venv/lib/python3.12/site-packages/airflow/example_dags/example_external_task_marker_dag.py for tasks to queue
[2025-02-10T13:22:32.069+0600] {logging_mixin.py:190} INFO - [2025-02-10T13:22:32.068+0600] {dagbag.py:588} INFO - Filling up the DagBag from /home/shamim/airflow_git/Airflow_project/air_venv/lib/python3.12/site-packages/airflow/example_dags/example_external_task_marker_dag.py
[2025-02-10T13:22:32.079+0600] {processor.py:925} INFO - DAG(s) 'example_external_task_marker_parent', 'example_external_task_marker_child' retrieved from /home/shamim/airflow_git/Airflow_project/air_venv/lib/python3.12/site-packages/airflow/example_dags/example_external_task_marker_dag.py
[2025-02-10T13:22:32.100+0600] {logging_mixin.py:190} INFO - [2025-02-10T13:22:32.100+0600] {dag.py:3239} INFO - Sync 2 DAGs
[2025-02-10T13:22:32.117+0600] {logging_mixin.py:190} INFO - [2025-02-10T13:22:32.117+0600] {dag.py:4180} INFO - Setting next_dagrun for example_external_task_marker_child to None, run_after=None
[2025-02-10T13:22:32.121+0600] {logging_mixin.py:190} INFO - [2025-02-10T13:22:32.120+0600] {dag.py:4180} INFO - Setting next_dagrun for example_external_task_marker_parent to None, run_after=None
[2025-02-10T13:22:32.145+0600] {processor.py:208} INFO - Processing /home/shamim/airflow_git/Airflow_project/air_venv/lib/python3.12/site-packages/airflow/example_dags/example_external_task_marker_dag.py took 0.095 seconds
[2025-02-10T13:23:49.137+0600] {processor.py:186} INFO - Started process (PID=17484) to work on /home/shamim/airflow_git/Airflow_project/air_venv/lib/python3.12/site-packages/airflow/example_dags/example_external_task_marker_dag.py
[2025-02-10T13:23:49.145+0600] {processor.py:914} INFO - Processing file /home/shamim/airflow_git/Airflow_project/air_venv/lib/python3.12/site-packages/airflow/example_dags/example_external_task_marker_dag.py for tasks to queue
[2025-02-10T13:23:49.148+0600] {logging_mixin.py:190} INFO - [2025-02-10T13:23:49.147+0600] {dagbag.py:588} INFO - Filling up the DagBag from /home/shamim/airflow_git/Airflow_project/air_venv/lib/python3.12/site-packages/airflow/example_dags/example_external_task_marker_dag.py
[2025-02-10T13:23:49.164+0600] {processor.py:925} INFO - DAG(s) 'example_external_task_marker_parent', 'example_external_task_marker_child' retrieved from /home/shamim/airflow_git/Airflow_project/air_venv/lib/python3.12/site-packages/airflow/example_dags/example_external_task_marker_dag.py
[2025-02-10T13:23:49.185+0600] {logging_mixin.py:190} INFO - [2025-02-10T13:23:49.185+0600] {dag.py:3239} INFO - Sync 2 DAGs
[2025-02-10T13:23:49.202+0600] {logging_mixin.py:190} INFO - [2025-02-10T13:23:49.202+0600] {dag.py:4180} INFO - Setting next_dagrun for example_external_task_marker_child to None, run_after=None
[2025-02-10T13:23:49.206+0600] {logging_mixin.py:190} INFO - [2025-02-10T13:23:49.205+0600] {dag.py:4180} INFO - Setting next_dagrun for example_external_task_marker_parent to None, run_after=None
[2025-02-10T13:23:49.230+0600] {processor.py:208} INFO - Processing /home/shamim/airflow_git/Airflow_project/air_venv/lib/python3.12/site-packages/airflow/example_dags/example_external_task_marker_dag.py took 0.122 seconds
[2025-02-10T13:24:59.358+0600] {processor.py:186} INFO - Started process (PID=17705) to work on /home/shamim/airflow_git/Airflow_project/air_venv/lib/python3.12/site-packages/airflow/example_dags/example_external_task_marker_dag.py
[2025-02-10T13:24:59.359+0600] {processor.py:914} INFO - Processing file /home/shamim/airflow_git/Airflow_project/air_venv/lib/python3.12/site-packages/airflow/example_dags/example_external_task_marker_dag.py for tasks to queue
[2025-02-10T13:24:59.361+0600] {logging_mixin.py:190} INFO - [2025-02-10T13:24:59.360+0600] {dagbag.py:588} INFO - Filling up the DagBag from /home/shamim/airflow_git/Airflow_project/air_venv/lib/python3.12/site-packages/airflow/example_dags/example_external_task_marker_dag.py
[2025-02-10T13:24:59.377+0600] {processor.py:925} INFO - DAG(s) 'example_external_task_marker_child', 'example_external_task_marker_parent' retrieved from /home/shamim/airflow_git/Airflow_project/air_venv/lib/python3.12/site-packages/airflow/example_dags/example_external_task_marker_dag.py
[2025-02-10T13:24:59.405+0600] {logging_mixin.py:190} INFO - [2025-02-10T13:24:59.405+0600] {dag.py:3239} INFO - Sync 2 DAGs
[2025-02-10T13:24:59.427+0600] {logging_mixin.py:190} INFO - [2025-02-10T13:24:59.427+0600] {dag.py:4180} INFO - Setting next_dagrun for example_external_task_marker_child to None, run_after=None
[2025-02-10T13:24:59.431+0600] {logging_mixin.py:190} INFO - [2025-02-10T13:24:59.431+0600] {dag.py:4180} INFO - Setting next_dagrun for example_external_task_marker_parent to None, run_after=None
[2025-02-10T13:24:59.467+0600] {processor.py:208} INFO - Processing /home/shamim/airflow_git/Airflow_project/air_venv/lib/python3.12/site-packages/airflow/example_dags/example_external_task_marker_dag.py took 0.123 seconds
[2025-02-10T13:26:19.135+0600] {processor.py:186} INFO - Started process (PID=17820) to work on /home/shamim/airflow_git/Airflow_project/air_venv/lib/python3.12/site-packages/airflow/example_dags/example_external_task_marker_dag.py
[2025-02-10T13:26:19.142+0600] {processor.py:914} INFO - Processing file /home/shamim/airflow_git/Airflow_project/air_venv/lib/python3.12/site-packages/airflow/example_dags/example_external_task_marker_dag.py for tasks to queue
[2025-02-10T13:26:19.144+0600] {logging_mixin.py:190} INFO - [2025-02-10T13:26:19.143+0600] {dagbag.py:588} INFO - Filling up the DagBag from /home/shamim/airflow_git/Airflow_project/air_venv/lib/python3.12/site-packages/airflow/example_dags/example_external_task_marker_dag.py
[2025-02-10T13:26:19.154+0600] {processor.py:925} INFO - DAG(s) 'example_external_task_marker_parent', 'example_external_task_marker_child' retrieved from /home/shamim/airflow_git/Airflow_project/air_venv/lib/python3.12/site-packages/airflow/example_dags/example_external_task_marker_dag.py
[2025-02-10T13:26:19.175+0600] {logging_mixin.py:190} INFO - [2025-02-10T13:26:19.175+0600] {dag.py:3239} INFO - Sync 2 DAGs
[2025-02-10T13:26:19.192+0600] {logging_mixin.py:190} INFO - [2025-02-10T13:26:19.192+0600] {dag.py:4180} INFO - Setting next_dagrun for example_external_task_marker_child to None, run_after=None
[2025-02-10T13:26:19.196+0600] {logging_mixin.py:190} INFO - [2025-02-10T13:26:19.196+0600] {dag.py:4180} INFO - Setting next_dagrun for example_external_task_marker_parent to None, run_after=None
[2025-02-10T13:26:19.228+0600] {processor.py:208} INFO - Processing /home/shamim/airflow_git/Airflow_project/air_venv/lib/python3.12/site-packages/airflow/example_dags/example_external_task_marker_dag.py took 0.103 seconds
[2025-02-10T13:27:35.601+0600] {processor.py:186} INFO - Started process (PID=17931) to work on /home/shamim/airflow_git/Airflow_project/air_venv/lib/python3.12/site-packages/airflow/example_dags/example_external_task_marker_dag.py
[2025-02-10T13:27:35.608+0600] {processor.py:914} INFO - Processing file /home/shamim/airflow_git/Airflow_project/air_venv/lib/python3.12/site-packages/airflow/example_dags/example_external_task_marker_dag.py for tasks to queue
[2025-02-10T13:27:35.610+0600] {logging_mixin.py:190} INFO - [2025-02-10T13:27:35.609+0600] {dagbag.py:588} INFO - Filling up the DagBag from /home/shamim/airflow_git/Airflow_project/air_venv/lib/python3.12/site-packages/airflow/example_dags/example_external_task_marker_dag.py
[2025-02-10T13:27:35.622+0600] {processor.py:925} INFO - DAG(s) 'example_external_task_marker_parent', 'example_external_task_marker_child' retrieved from /home/shamim/airflow_git/Airflow_project/air_venv/lib/python3.12/site-packages/airflow/example_dags/example_external_task_marker_dag.py
[2025-02-10T13:27:35.644+0600] {logging_mixin.py:190} INFO - [2025-02-10T13:27:35.643+0600] {dag.py:3239} INFO - Sync 2 DAGs
[2025-02-10T13:27:35.660+0600] {logging_mixin.py:190} INFO - [2025-02-10T13:27:35.660+0600] {dag.py:4180} INFO - Setting next_dagrun for example_external_task_marker_child to None, run_after=None
[2025-02-10T13:27:35.664+0600] {logging_mixin.py:190} INFO - [2025-02-10T13:27:35.664+0600] {dag.py:4180} INFO - Setting next_dagrun for example_external_task_marker_parent to None, run_after=None
[2025-02-10T13:27:35.697+0600] {processor.py:208} INFO - Processing /home/shamim/airflow_git/Airflow_project/air_venv/lib/python3.12/site-packages/airflow/example_dags/example_external_task_marker_dag.py took 0.107 seconds
[2025-02-10T13:29:04.523+0600] {processor.py:186} INFO - Started process (PID=18652) to work on /home/shamim/airflow_git/Airflow_project/air_venv/lib/python3.12/site-packages/airflow/example_dags/example_external_task_marker_dag.py
[2025-02-10T13:29:04.531+0600] {processor.py:914} INFO - Processing file /home/shamim/airflow_git/Airflow_project/air_venv/lib/python3.12/site-packages/airflow/example_dags/example_external_task_marker_dag.py for tasks to queue
[2025-02-10T13:29:04.532+0600] {logging_mixin.py:190} INFO - [2025-02-10T13:29:04.532+0600] {dagbag.py:588} INFO - Filling up the DagBag from /home/shamim/airflow_git/Airflow_project/air_venv/lib/python3.12/site-packages/airflow/example_dags/example_external_task_marker_dag.py
[2025-02-10T13:29:04.544+0600] {processor.py:925} INFO - DAG(s) 'example_external_task_marker_child', 'example_external_task_marker_parent' retrieved from /home/shamim/airflow_git/Airflow_project/air_venv/lib/python3.12/site-packages/airflow/example_dags/example_external_task_marker_dag.py
[2025-02-10T13:29:04.566+0600] {logging_mixin.py:190} INFO - [2025-02-10T13:29:04.565+0600] {dag.py:3239} INFO - Sync 2 DAGs
[2025-02-10T13:29:04.582+0600] {logging_mixin.py:190} INFO - [2025-02-10T13:29:04.582+0600] {dag.py:4180} INFO - Setting next_dagrun for example_external_task_marker_child to None, run_after=None
[2025-02-10T13:29:04.586+0600] {logging_mixin.py:190} INFO - [2025-02-10T13:29:04.586+0600] {dag.py:4180} INFO - Setting next_dagrun for example_external_task_marker_parent to None, run_after=None
[2025-02-10T13:29:04.618+0600] {processor.py:208} INFO - Processing /home/shamim/airflow_git/Airflow_project/air_venv/lib/python3.12/site-packages/airflow/example_dags/example_external_task_marker_dag.py took 0.107 seconds
[2025-02-10T13:30:26.061+0600] {processor.py:186} INFO - Started process (PID=18822) to work on /home/shamim/airflow_git/Airflow_project/air_venv/lib/python3.12/site-packages/airflow/example_dags/example_external_task_marker_dag.py
[2025-02-10T13:30:26.067+0600] {processor.py:914} INFO - Processing file /home/shamim/airflow_git/Airflow_project/air_venv/lib/python3.12/site-packages/airflow/example_dags/example_external_task_marker_dag.py for tasks to queue
[2025-02-10T13:30:26.069+0600] {logging_mixin.py:190} INFO - [2025-02-10T13:30:26.068+0600] {dagbag.py:588} INFO - Filling up the DagBag from /home/shamim/airflow_git/Airflow_project/air_venv/lib/python3.12/site-packages/airflow/example_dags/example_external_task_marker_dag.py
[2025-02-10T13:30:26.079+0600] {processor.py:925} INFO - DAG(s) 'example_external_task_marker_parent', 'example_external_task_marker_child' retrieved from /home/shamim/airflow_git/Airflow_project/air_venv/lib/python3.12/site-packages/airflow/example_dags/example_external_task_marker_dag.py
[2025-02-10T13:30:26.101+0600] {logging_mixin.py:190} INFO - [2025-02-10T13:30:26.101+0600] {dag.py:3239} INFO - Sync 2 DAGs
[2025-02-10T13:30:26.118+0600] {logging_mixin.py:190} INFO - [2025-02-10T13:30:26.118+0600] {dag.py:4180} INFO - Setting next_dagrun for example_external_task_marker_child to None, run_after=None
[2025-02-10T13:30:26.122+0600] {logging_mixin.py:190} INFO - [2025-02-10T13:30:26.122+0600] {dag.py:4180} INFO - Setting next_dagrun for example_external_task_marker_parent to None, run_after=None
[2025-02-10T13:30:26.154+0600] {processor.py:208} INFO - Processing /home/shamim/airflow_git/Airflow_project/air_venv/lib/python3.12/site-packages/airflow/example_dags/example_external_task_marker_dag.py took 0.104 seconds
[2025-02-10T13:31:42.140+0600] {processor.py:186} INFO - Started process (PID=18930) to work on /home/shamim/airflow_git/Airflow_project/air_venv/lib/python3.12/site-packages/airflow/example_dags/example_external_task_marker_dag.py
[2025-02-10T13:31:42.147+0600] {processor.py:914} INFO - Processing file /home/shamim/airflow_git/Airflow_project/air_venv/lib/python3.12/site-packages/airflow/example_dags/example_external_task_marker_dag.py for tasks to queue
[2025-02-10T13:31:42.149+0600] {logging_mixin.py:190} INFO - [2025-02-10T13:31:42.149+0600] {dagbag.py:588} INFO - Filling up the DagBag from /home/shamim/airflow_git/Airflow_project/air_venv/lib/python3.12/site-packages/airflow/example_dags/example_external_task_marker_dag.py
[2025-02-10T13:31:42.164+0600] {processor.py:925} INFO - DAG(s) 'example_external_task_marker_child', 'example_external_task_marker_parent' retrieved from /home/shamim/airflow_git/Airflow_project/air_venv/lib/python3.12/site-packages/airflow/example_dags/example_external_task_marker_dag.py
[2025-02-10T13:31:42.185+0600] {logging_mixin.py:190} INFO - [2025-02-10T13:31:42.184+0600] {dag.py:3239} INFO - Sync 2 DAGs
[2025-02-10T13:31:42.360+0600] {logging_mixin.py:190} INFO - [2025-02-10T13:31:42.359+0600] {dag.py:4180} INFO - Setting next_dagrun for example_external_task_marker_child to None, run_after=None
[2025-02-10T13:31:42.365+0600] {logging_mixin.py:190} INFO - [2025-02-10T13:31:42.364+0600] {dag.py:4180} INFO - Setting next_dagrun for example_external_task_marker_parent to None, run_after=None
[2025-02-10T13:31:42.389+0600] {processor.py:208} INFO - Processing /home/shamim/airflow_git/Airflow_project/air_venv/lib/python3.12/site-packages/airflow/example_dags/example_external_task_marker_dag.py took 0.263 seconds
[2025-02-10T13:32:57.431+0600] {processor.py:186} INFO - Started process (PID=19070) to work on /home/shamim/airflow_git/Airflow_project/air_venv/lib/python3.12/site-packages/airflow/example_dags/example_external_task_marker_dag.py
[2025-02-10T13:32:57.438+0600] {processor.py:914} INFO - Processing file /home/shamim/airflow_git/Airflow_project/air_venv/lib/python3.12/site-packages/airflow/example_dags/example_external_task_marker_dag.py for tasks to queue
[2025-02-10T13:32:57.441+0600] {logging_mixin.py:190} INFO - [2025-02-10T13:32:57.440+0600] {dagbag.py:588} INFO - Filling up the DagBag from /home/shamim/airflow_git/Airflow_project/air_venv/lib/python3.12/site-packages/airflow/example_dags/example_external_task_marker_dag.py
[2025-02-10T13:32:57.452+0600] {processor.py:925} INFO - DAG(s) 'example_external_task_marker_parent', 'example_external_task_marker_child' retrieved from /home/shamim/airflow_git/Airflow_project/air_venv/lib/python3.12/site-packages/airflow/example_dags/example_external_task_marker_dag.py
[2025-02-10T13:32:57.474+0600] {logging_mixin.py:190} INFO - [2025-02-10T13:32:57.473+0600] {dag.py:3239} INFO - Sync 2 DAGs
[2025-02-10T13:32:57.646+0600] {logging_mixin.py:190} INFO - [2025-02-10T13:32:57.646+0600] {dag.py:4180} INFO - Setting next_dagrun for example_external_task_marker_child to None, run_after=None
[2025-02-10T13:32:57.651+0600] {logging_mixin.py:190} INFO - [2025-02-10T13:32:57.651+0600] {dag.py:4180} INFO - Setting next_dagrun for example_external_task_marker_parent to None, run_after=None
[2025-02-10T13:32:57.677+0600] {processor.py:208} INFO - Processing /home/shamim/airflow_git/Airflow_project/air_venv/lib/python3.12/site-packages/airflow/example_dags/example_external_task_marker_dag.py took 0.263 seconds
[2025-02-10T13:34:19.262+0600] {processor.py:186} INFO - Started process (PID=19225) to work on /home/shamim/airflow_git/Airflow_project/air_venv/lib/python3.12/site-packages/airflow/example_dags/example_external_task_marker_dag.py
[2025-02-10T13:34:19.278+0600] {processor.py:914} INFO - Processing file /home/shamim/airflow_git/Airflow_project/air_venv/lib/python3.12/site-packages/airflow/example_dags/example_external_task_marker_dag.py for tasks to queue
[2025-02-10T13:34:19.280+0600] {logging_mixin.py:190} INFO - [2025-02-10T13:34:19.279+0600] {dagbag.py:588} INFO - Filling up the DagBag from /home/shamim/airflow_git/Airflow_project/air_venv/lib/python3.12/site-packages/airflow/example_dags/example_external_task_marker_dag.py
[2025-02-10T13:34:19.291+0600] {processor.py:925} INFO - DAG(s) 'example_external_task_marker_parent', 'example_external_task_marker_child' retrieved from /home/shamim/airflow_git/Airflow_project/air_venv/lib/python3.12/site-packages/airflow/example_dags/example_external_task_marker_dag.py
[2025-02-10T13:34:19.313+0600] {logging_mixin.py:190} INFO - [2025-02-10T13:34:19.313+0600] {dag.py:3239} INFO - Sync 2 DAGs
[2025-02-10T13:34:19.333+0600] {logging_mixin.py:190} INFO - [2025-02-10T13:34:19.333+0600] {dag.py:4180} INFO - Setting next_dagrun for example_external_task_marker_child to None, run_after=None
[2025-02-10T13:34:19.503+0600] {logging_mixin.py:190} INFO - [2025-02-10T13:34:19.502+0600] {dag.py:4180} INFO - Setting next_dagrun for example_external_task_marker_parent to None, run_after=None
[2025-02-10T13:34:19.529+0600] {processor.py:208} INFO - Processing /home/shamim/airflow_git/Airflow_project/air_venv/lib/python3.12/site-packages/airflow/example_dags/example_external_task_marker_dag.py took 0.279 seconds
[2025-02-10T13:35:35.067+0600] {processor.py:186} INFO - Started process (PID=19443) to work on /home/shamim/airflow_git/Airflow_project/air_venv/lib/python3.12/site-packages/airflow/example_dags/example_external_task_marker_dag.py
[2025-02-10T13:35:35.074+0600] {processor.py:914} INFO - Processing file /home/shamim/airflow_git/Airflow_project/air_venv/lib/python3.12/site-packages/airflow/example_dags/example_external_task_marker_dag.py for tasks to queue
[2025-02-10T13:35:35.075+0600] {logging_mixin.py:190} INFO - [2025-02-10T13:35:35.075+0600] {dagbag.py:588} INFO - Filling up the DagBag from /home/shamim/airflow_git/Airflow_project/air_venv/lib/python3.12/site-packages/airflow/example_dags/example_external_task_marker_dag.py
[2025-02-10T13:35:35.086+0600] {processor.py:925} INFO - DAG(s) 'example_external_task_marker_parent', 'example_external_task_marker_child' retrieved from /home/shamim/airflow_git/Airflow_project/air_venv/lib/python3.12/site-packages/airflow/example_dags/example_external_task_marker_dag.py
[2025-02-10T13:35:35.107+0600] {logging_mixin.py:190} INFO - [2025-02-10T13:35:35.107+0600] {dag.py:3239} INFO - Sync 2 DAGs
[2025-02-10T13:35:35.125+0600] {logging_mixin.py:190} INFO - [2025-02-10T13:35:35.125+0600] {dag.py:4180} INFO - Setting next_dagrun for example_external_task_marker_child to None, run_after=None
[2025-02-10T13:35:35.129+0600] {logging_mixin.py:190} INFO - [2025-02-10T13:35:35.128+0600] {dag.py:4180} INFO - Setting next_dagrun for example_external_task_marker_parent to None, run_after=None
[2025-02-10T13:35:35.306+0600] {processor.py:208} INFO - Processing /home/shamim/airflow_git/Airflow_project/air_venv/lib/python3.12/site-packages/airflow/example_dags/example_external_task_marker_dag.py took 0.249 seconds
[2025-02-10T13:37:02.178+0600] {processor.py:186} INFO - Started process (PID=19550) to work on /home/shamim/airflow_git/Airflow_project/air_venv/lib/python3.12/site-packages/airflow/example_dags/example_external_task_marker_dag.py
[2025-02-10T13:37:02.184+0600] {processor.py:914} INFO - Processing file /home/shamim/airflow_git/Airflow_project/air_venv/lib/python3.12/site-packages/airflow/example_dags/example_external_task_marker_dag.py for tasks to queue
[2025-02-10T13:37:02.186+0600] {logging_mixin.py:190} INFO - [2025-02-10T13:37:02.186+0600] {dagbag.py:588} INFO - Filling up the DagBag from /home/shamim/airflow_git/Airflow_project/air_venv/lib/python3.12/site-packages/airflow/example_dags/example_external_task_marker_dag.py
[2025-02-10T13:37:02.198+0600] {processor.py:925} INFO - DAG(s) 'example_external_task_marker_child', 'example_external_task_marker_parent' retrieved from /home/shamim/airflow_git/Airflow_project/air_venv/lib/python3.12/site-packages/airflow/example_dags/example_external_task_marker_dag.py
[2025-02-10T13:37:02.219+0600] {logging_mixin.py:190} INFO - [2025-02-10T13:37:02.218+0600] {dag.py:3239} INFO - Sync 2 DAGs
[2025-02-10T13:37:02.234+0600] {logging_mixin.py:190} INFO - [2025-02-10T13:37:02.234+0600] {dag.py:4180} INFO - Setting next_dagrun for example_external_task_marker_child to None, run_after=None
[2025-02-10T13:37:02.238+0600] {logging_mixin.py:190} INFO - [2025-02-10T13:37:02.238+0600] {dag.py:4180} INFO - Setting next_dagrun for example_external_task_marker_parent to None, run_after=None
[2025-02-10T13:37:02.271+0600] {processor.py:208} INFO - Processing /home/shamim/airflow_git/Airflow_project/air_venv/lib/python3.12/site-packages/airflow/example_dags/example_external_task_marker_dag.py took 0.103 seconds
[2025-02-10T13:38:17.825+0600] {processor.py:186} INFO - Started process (PID=19694) to work on /home/shamim/airflow_git/Airflow_project/air_venv/lib/python3.12/site-packages/airflow/example_dags/example_external_task_marker_dag.py
[2025-02-10T13:38:17.832+0600] {processor.py:914} INFO - Processing file /home/shamim/airflow_git/Airflow_project/air_venv/lib/python3.12/site-packages/airflow/example_dags/example_external_task_marker_dag.py for tasks to queue
[2025-02-10T13:38:17.834+0600] {logging_mixin.py:190} INFO - [2025-02-10T13:38:17.833+0600] {dagbag.py:588} INFO - Filling up the DagBag from /home/shamim/airflow_git/Airflow_project/air_venv/lib/python3.12/site-packages/airflow/example_dags/example_external_task_marker_dag.py
[2025-02-10T13:38:17.845+0600] {processor.py:925} INFO - DAG(s) 'example_external_task_marker_parent', 'example_external_task_marker_child' retrieved from /home/shamim/airflow_git/Airflow_project/air_venv/lib/python3.12/site-packages/airflow/example_dags/example_external_task_marker_dag.py
[2025-02-10T13:38:17.866+0600] {logging_mixin.py:190} INFO - [2025-02-10T13:38:17.866+0600] {dag.py:3239} INFO - Sync 2 DAGs
[2025-02-10T13:38:17.882+0600] {logging_mixin.py:190} INFO - [2025-02-10T13:38:17.882+0600] {dag.py:4180} INFO - Setting next_dagrun for example_external_task_marker_child to None, run_after=None
[2025-02-10T13:38:17.886+0600] {logging_mixin.py:190} INFO - [2025-02-10T13:38:17.886+0600] {dag.py:4180} INFO - Setting next_dagrun for example_external_task_marker_parent to None, run_after=None
[2025-02-10T13:38:17.919+0600] {processor.py:208} INFO - Processing /home/shamim/airflow_git/Airflow_project/air_venv/lib/python3.12/site-packages/airflow/example_dags/example_external_task_marker_dag.py took 0.104 seconds
[2025-02-10T13:39:35.214+0600] {processor.py:186} INFO - Started process (PID=19851) to work on /home/shamim/airflow_git/Airflow_project/air_venv/lib/python3.12/site-packages/airflow/example_dags/example_external_task_marker_dag.py
[2025-02-10T13:39:35.238+0600] {processor.py:914} INFO - Processing file /home/shamim/airflow_git/Airflow_project/air_venv/lib/python3.12/site-packages/airflow/example_dags/example_external_task_marker_dag.py for tasks to queue
[2025-02-10T13:39:35.239+0600] {logging_mixin.py:190} INFO - [2025-02-10T13:39:35.239+0600] {dagbag.py:588} INFO - Filling up the DagBag from /home/shamim/airflow_git/Airflow_project/air_venv/lib/python3.12/site-packages/airflow/example_dags/example_external_task_marker_dag.py
[2025-02-10T13:39:35.251+0600] {processor.py:925} INFO - DAG(s) 'example_external_task_marker_child', 'example_external_task_marker_parent' retrieved from /home/shamim/airflow_git/Airflow_project/air_venv/lib/python3.12/site-packages/airflow/example_dags/example_external_task_marker_dag.py
[2025-02-10T13:39:35.274+0600] {logging_mixin.py:190} INFO - [2025-02-10T13:39:35.273+0600] {dag.py:3239} INFO - Sync 2 DAGs
[2025-02-10T13:39:35.290+0600] {logging_mixin.py:190} INFO - [2025-02-10T13:39:35.289+0600] {dag.py:4180} INFO - Setting next_dagrun for example_external_task_marker_child to None, run_after=None
[2025-02-10T13:39:35.294+0600] {logging_mixin.py:190} INFO - [2025-02-10T13:39:35.293+0600] {dag.py:4180} INFO - Setting next_dagrun for example_external_task_marker_parent to None, run_after=None
[2025-02-10T13:39:35.313+0600] {processor.py:208} INFO - Processing /home/shamim/airflow_git/Airflow_project/air_venv/lib/python3.12/site-packages/airflow/example_dags/example_external_task_marker_dag.py took 0.109 seconds
[2025-02-10T13:41:01.379+0600] {processor.py:186} INFO - Started process (PID=19979) to work on /home/shamim/airflow_git/Airflow_project/air_venv/lib/python3.12/site-packages/airflow/example_dags/example_external_task_marker_dag.py
[2025-02-10T13:41:01.386+0600] {processor.py:914} INFO - Processing file /home/shamim/airflow_git/Airflow_project/air_venv/lib/python3.12/site-packages/airflow/example_dags/example_external_task_marker_dag.py for tasks to queue
[2025-02-10T13:41:01.388+0600] {logging_mixin.py:190} INFO - [2025-02-10T13:41:01.387+0600] {dagbag.py:588} INFO - Filling up the DagBag from /home/shamim/airflow_git/Airflow_project/air_venv/lib/python3.12/site-packages/airflow/example_dags/example_external_task_marker_dag.py
[2025-02-10T13:41:01.402+0600] {processor.py:925} INFO - DAG(s) 'example_external_task_marker_child', 'example_external_task_marker_parent' retrieved from /home/shamim/airflow_git/Airflow_project/air_venv/lib/python3.12/site-packages/airflow/example_dags/example_external_task_marker_dag.py
[2025-02-10T13:41:01.423+0600] {logging_mixin.py:190} INFO - [2025-02-10T13:41:01.423+0600] {dag.py:3239} INFO - Sync 2 DAGs
[2025-02-10T13:41:01.439+0600] {logging_mixin.py:190} INFO - [2025-02-10T13:41:01.439+0600] {dag.py:4180} INFO - Setting next_dagrun for example_external_task_marker_child to None, run_after=None
[2025-02-10T13:41:01.443+0600] {logging_mixin.py:190} INFO - [2025-02-10T13:41:01.443+0600] {dag.py:4180} INFO - Setting next_dagrun for example_external_task_marker_parent to None, run_after=None
[2025-02-10T13:41:01.618+0600] {processor.py:208} INFO - Processing /home/shamim/airflow_git/Airflow_project/air_venv/lib/python3.12/site-packages/airflow/example_dags/example_external_task_marker_dag.py took 0.252 seconds
[2025-02-10T13:42:24.343+0600] {processor.py:186} INFO - Started process (PID=20123) to work on /home/shamim/airflow_git/Airflow_project/air_venv/lib/python3.12/site-packages/airflow/example_dags/example_external_task_marker_dag.py
[2025-02-10T13:42:24.350+0600] {processor.py:914} INFO - Processing file /home/shamim/airflow_git/Airflow_project/air_venv/lib/python3.12/site-packages/airflow/example_dags/example_external_task_marker_dag.py for tasks to queue
[2025-02-10T13:42:24.355+0600] {logging_mixin.py:190} INFO - [2025-02-10T13:42:24.351+0600] {dagbag.py:588} INFO - Filling up the DagBag from /home/shamim/airflow_git/Airflow_project/air_venv/lib/python3.12/site-packages/airflow/example_dags/example_external_task_marker_dag.py
[2025-02-10T13:42:24.372+0600] {processor.py:925} INFO - DAG(s) 'example_external_task_marker_child', 'example_external_task_marker_parent' retrieved from /home/shamim/airflow_git/Airflow_project/air_venv/lib/python3.12/site-packages/airflow/example_dags/example_external_task_marker_dag.py
[2025-02-10T13:42:24.412+0600] {logging_mixin.py:190} INFO - [2025-02-10T13:42:24.412+0600] {dag.py:3239} INFO - Sync 2 DAGs
[2025-02-10T13:42:24.436+0600] {logging_mixin.py:190} INFO - [2025-02-10T13:42:24.436+0600] {dag.py:4180} INFO - Setting next_dagrun for example_external_task_marker_child to None, run_after=None
[2025-02-10T13:42:24.442+0600] {logging_mixin.py:190} INFO - [2025-02-10T13:42:24.442+0600] {dag.py:4180} INFO - Setting next_dagrun for example_external_task_marker_parent to None, run_after=None
[2025-02-10T13:42:24.502+0600] {processor.py:208} INFO - Processing /home/shamim/airflow_git/Airflow_project/air_venv/lib/python3.12/site-packages/airflow/example_dags/example_external_task_marker_dag.py took 0.173 seconds
[2025-02-10T13:43:38.298+0600] {processor.py:186} INFO - Started process (PID=20258) to work on /home/shamim/airflow_git/Airflow_project/air_venv/lib/python3.12/site-packages/airflow/example_dags/example_external_task_marker_dag.py
[2025-02-10T13:43:38.304+0600] {processor.py:914} INFO - Processing file /home/shamim/airflow_git/Airflow_project/air_venv/lib/python3.12/site-packages/airflow/example_dags/example_external_task_marker_dag.py for tasks to queue
[2025-02-10T13:43:38.306+0600] {logging_mixin.py:190} INFO - [2025-02-10T13:43:38.306+0600] {dagbag.py:588} INFO - Filling up the DagBag from /home/shamim/airflow_git/Airflow_project/air_venv/lib/python3.12/site-packages/airflow/example_dags/example_external_task_marker_dag.py
[2025-02-10T13:43:38.318+0600] {processor.py:925} INFO - DAG(s) 'example_external_task_marker_child', 'example_external_task_marker_parent' retrieved from /home/shamim/airflow_git/Airflow_project/air_venv/lib/python3.12/site-packages/airflow/example_dags/example_external_task_marker_dag.py
[2025-02-10T13:43:38.339+0600] {logging_mixin.py:190} INFO - [2025-02-10T13:43:38.339+0600] {dag.py:3239} INFO - Sync 2 DAGs
[2025-02-10T13:43:38.355+0600] {logging_mixin.py:190} INFO - [2025-02-10T13:43:38.355+0600] {dag.py:4180} INFO - Setting next_dagrun for example_external_task_marker_child to None, run_after=None
[2025-02-10T13:43:38.359+0600] {logging_mixin.py:190} INFO - [2025-02-10T13:43:38.359+0600] {dag.py:4180} INFO - Setting next_dagrun for example_external_task_marker_parent to None, run_after=None
[2025-02-10T13:43:38.391+0600] {processor.py:208} INFO - Processing /home/shamim/airflow_git/Airflow_project/air_venv/lib/python3.12/site-packages/airflow/example_dags/example_external_task_marker_dag.py took 0.103 seconds
[2025-02-10T13:44:51.604+0600] {processor.py:186} INFO - Started process (PID=20398) to work on /home/shamim/airflow_git/Airflow_project/air_venv/lib/python3.12/site-packages/airflow/example_dags/example_external_task_marker_dag.py
[2025-02-10T13:44:51.610+0600] {processor.py:914} INFO - Processing file /home/shamim/airflow_git/Airflow_project/air_venv/lib/python3.12/site-packages/airflow/example_dags/example_external_task_marker_dag.py for tasks to queue
[2025-02-10T13:44:51.612+0600] {logging_mixin.py:190} INFO - [2025-02-10T13:44:51.612+0600] {dagbag.py:588} INFO - Filling up the DagBag from /home/shamim/airflow_git/Airflow_project/air_venv/lib/python3.12/site-packages/airflow/example_dags/example_external_task_marker_dag.py
[2025-02-10T13:44:51.624+0600] {processor.py:925} INFO - DAG(s) 'example_external_task_marker_child', 'example_external_task_marker_parent' retrieved from /home/shamim/airflow_git/Airflow_project/air_venv/lib/python3.12/site-packages/airflow/example_dags/example_external_task_marker_dag.py
[2025-02-10T13:44:51.645+0600] {logging_mixin.py:190} INFO - [2025-02-10T13:44:51.645+0600] {dag.py:3239} INFO - Sync 2 DAGs
[2025-02-10T13:44:51.661+0600] {logging_mixin.py:190} INFO - [2025-02-10T13:44:51.661+0600] {dag.py:4180} INFO - Setting next_dagrun for example_external_task_marker_child to None, run_after=None
[2025-02-10T13:44:51.665+0600] {logging_mixin.py:190} INFO - [2025-02-10T13:44:51.665+0600] {dag.py:4180} INFO - Setting next_dagrun for example_external_task_marker_parent to None, run_after=None
[2025-02-10T13:44:51.697+0600] {processor.py:208} INFO - Processing /home/shamim/airflow_git/Airflow_project/air_venv/lib/python3.12/site-packages/airflow/example_dags/example_external_task_marker_dag.py took 0.103 seconds
[2025-02-10T13:46:05.629+0600] {processor.py:186} INFO - Started process (PID=20508) to work on /home/shamim/airflow_git/Airflow_project/air_venv/lib/python3.12/site-packages/airflow/example_dags/example_external_task_marker_dag.py
[2025-02-10T13:46:05.635+0600] {processor.py:914} INFO - Processing file /home/shamim/airflow_git/Airflow_project/air_venv/lib/python3.12/site-packages/airflow/example_dags/example_external_task_marker_dag.py for tasks to queue
[2025-02-10T13:46:05.637+0600] {logging_mixin.py:190} INFO - [2025-02-10T13:46:05.636+0600] {dagbag.py:588} INFO - Filling up the DagBag from /home/shamim/airflow_git/Airflow_project/air_venv/lib/python3.12/site-packages/airflow/example_dags/example_external_task_marker_dag.py
[2025-02-10T13:46:05.647+0600] {processor.py:925} INFO - DAG(s) 'example_external_task_marker_parent', 'example_external_task_marker_child' retrieved from /home/shamim/airflow_git/Airflow_project/air_venv/lib/python3.12/site-packages/airflow/example_dags/example_external_task_marker_dag.py
[2025-02-10T13:46:05.667+0600] {logging_mixin.py:190} INFO - [2025-02-10T13:46:05.667+0600] {dag.py:3239} INFO - Sync 2 DAGs
[2025-02-10T13:46:05.683+0600] {logging_mixin.py:190} INFO - [2025-02-10T13:46:05.682+0600] {dag.py:4180} INFO - Setting next_dagrun for example_external_task_marker_child to None, run_after=None
[2025-02-10T13:46:05.687+0600] {logging_mixin.py:190} INFO - [2025-02-10T13:46:05.686+0600] {dag.py:4180} INFO - Setting next_dagrun for example_external_task_marker_parent to None, run_after=None
[2025-02-10T13:46:05.719+0600] {processor.py:208} INFO - Processing /home/shamim/airflow_git/Airflow_project/air_venv/lib/python3.12/site-packages/airflow/example_dags/example_external_task_marker_dag.py took 0.099 seconds
[2025-02-10T13:47:20.136+0600] {processor.py:186} INFO - Started process (PID=20831) to work on /home/shamim/airflow_git/Airflow_project/air_venv/lib/python3.12/site-packages/airflow/example_dags/example_external_task_marker_dag.py
[2025-02-10T13:47:20.138+0600] {processor.py:914} INFO - Processing file /home/shamim/airflow_git/Airflow_project/air_venv/lib/python3.12/site-packages/airflow/example_dags/example_external_task_marker_dag.py for tasks to queue
[2025-02-10T13:47:20.140+0600] {logging_mixin.py:190} INFO - [2025-02-10T13:47:20.139+0600] {dagbag.py:588} INFO - Filling up the DagBag from /home/shamim/airflow_git/Airflow_project/air_venv/lib/python3.12/site-packages/airflow/example_dags/example_external_task_marker_dag.py
[2025-02-10T13:47:20.156+0600] {processor.py:925} INFO - DAG(s) 'example_external_task_marker_child', 'example_external_task_marker_parent' retrieved from /home/shamim/airflow_git/Airflow_project/air_venv/lib/python3.12/site-packages/airflow/example_dags/example_external_task_marker_dag.py
[2025-02-10T13:47:20.194+0600] {logging_mixin.py:190} INFO - [2025-02-10T13:47:20.193+0600] {dag.py:3239} INFO - Sync 2 DAGs
[2025-02-10T13:47:20.223+0600] {logging_mixin.py:190} INFO - [2025-02-10T13:47:20.223+0600] {dag.py:4180} INFO - Setting next_dagrun for example_external_task_marker_child to None, run_after=None
[2025-02-10T13:47:20.230+0600] {logging_mixin.py:190} INFO - [2025-02-10T13:47:20.230+0600] {dag.py:4180} INFO - Setting next_dagrun for example_external_task_marker_parent to None, run_after=None
[2025-02-10T13:47:20.255+0600] {processor.py:208} INFO - Processing /home/shamim/airflow_git/Airflow_project/air_venv/lib/python3.12/site-packages/airflow/example_dags/example_external_task_marker_dag.py took 0.136 seconds
[2025-02-10T13:48:35.991+0600] {processor.py:186} INFO - Started process (PID=21049) to work on /home/shamim/airflow_git/Airflow_project/air_venv/lib/python3.12/site-packages/airflow/example_dags/example_external_task_marker_dag.py
[2025-02-10T13:48:35.997+0600] {processor.py:914} INFO - Processing file /home/shamim/airflow_git/Airflow_project/air_venv/lib/python3.12/site-packages/airflow/example_dags/example_external_task_marker_dag.py for tasks to queue
[2025-02-10T13:48:35.999+0600] {logging_mixin.py:190} INFO - [2025-02-10T13:48:35.998+0600] {dagbag.py:588} INFO - Filling up the DagBag from /home/shamim/airflow_git/Airflow_project/air_venv/lib/python3.12/site-packages/airflow/example_dags/example_external_task_marker_dag.py
[2025-02-10T13:48:36.010+0600] {processor.py:925} INFO - DAG(s) 'example_external_task_marker_parent', 'example_external_task_marker_child' retrieved from /home/shamim/airflow_git/Airflow_project/air_venv/lib/python3.12/site-packages/airflow/example_dags/example_external_task_marker_dag.py
[2025-02-10T13:48:36.031+0600] {logging_mixin.py:190} INFO - [2025-02-10T13:48:36.031+0600] {dag.py:3239} INFO - Sync 2 DAGs
[2025-02-10T13:48:36.047+0600] {logging_mixin.py:190} INFO - [2025-02-10T13:48:36.047+0600] {dag.py:4180} INFO - Setting next_dagrun for example_external_task_marker_child to None, run_after=None
[2025-02-10T13:48:36.051+0600] {logging_mixin.py:190} INFO - [2025-02-10T13:48:36.051+0600] {dag.py:4180} INFO - Setting next_dagrun for example_external_task_marker_parent to None, run_after=None
[2025-02-10T13:48:36.074+0600] {processor.py:208} INFO - Processing /home/shamim/airflow_git/Airflow_project/air_venv/lib/python3.12/site-packages/airflow/example_dags/example_external_task_marker_dag.py took 0.093 seconds
[2025-02-10T13:49:47.657+0600] {processor.py:186} INFO - Started process (PID=21206) to work on /home/shamim/airflow_git/Airflow_project/air_venv/lib/python3.12/site-packages/airflow/example_dags/example_external_task_marker_dag.py
[2025-02-10T13:49:47.663+0600] {processor.py:914} INFO - Processing file /home/shamim/airflow_git/Airflow_project/air_venv/lib/python3.12/site-packages/airflow/example_dags/example_external_task_marker_dag.py for tasks to queue
[2025-02-10T13:49:47.664+0600] {logging_mixin.py:190} INFO - [2025-02-10T13:49:47.664+0600] {dagbag.py:588} INFO - Filling up the DagBag from /home/shamim/airflow_git/Airflow_project/air_venv/lib/python3.12/site-packages/airflow/example_dags/example_external_task_marker_dag.py
[2025-02-10T13:49:47.675+0600] {processor.py:925} INFO - DAG(s) 'example_external_task_marker_parent', 'example_external_task_marker_child' retrieved from /home/shamim/airflow_git/Airflow_project/air_venv/lib/python3.12/site-packages/airflow/example_dags/example_external_task_marker_dag.py
[2025-02-10T13:49:47.696+0600] {logging_mixin.py:190} INFO - [2025-02-10T13:49:47.696+0600] {dag.py:3239} INFO - Sync 2 DAGs
[2025-02-10T13:49:47.712+0600] {logging_mixin.py:190} INFO - [2025-02-10T13:49:47.711+0600] {dag.py:4180} INFO - Setting next_dagrun for example_external_task_marker_child to None, run_after=None
[2025-02-10T13:49:47.716+0600] {logging_mixin.py:190} INFO - [2025-02-10T13:49:47.716+0600] {dag.py:4180} INFO - Setting next_dagrun for example_external_task_marker_parent to None, run_after=None
[2025-02-10T13:49:47.737+0600] {processor.py:208} INFO - Processing /home/shamim/airflow_git/Airflow_project/air_venv/lib/python3.12/site-packages/airflow/example_dags/example_external_task_marker_dag.py took 0.090 seconds
[2025-02-10T13:50:58.627+0600] {processor.py:186} INFO - Started process (PID=21299) to work on /home/shamim/airflow_git/Airflow_project/air_venv/lib/python3.12/site-packages/airflow/example_dags/example_external_task_marker_dag.py
[2025-02-10T13:50:58.634+0600] {processor.py:914} INFO - Processing file /home/shamim/airflow_git/Airflow_project/air_venv/lib/python3.12/site-packages/airflow/example_dags/example_external_task_marker_dag.py for tasks to queue
[2025-02-10T13:50:58.636+0600] {logging_mixin.py:190} INFO - [2025-02-10T13:50:58.635+0600] {dagbag.py:588} INFO - Filling up the DagBag from /home/shamim/airflow_git/Airflow_project/air_venv/lib/python3.12/site-packages/airflow/example_dags/example_external_task_marker_dag.py
[2025-02-10T13:50:58.650+0600] {processor.py:925} INFO - DAG(s) 'example_external_task_marker_child', 'example_external_task_marker_parent' retrieved from /home/shamim/airflow_git/Airflow_project/air_venv/lib/python3.12/site-packages/airflow/example_dags/example_external_task_marker_dag.py
[2025-02-10T13:50:58.671+0600] {logging_mixin.py:190} INFO - [2025-02-10T13:50:58.671+0600] {dag.py:3239} INFO - Sync 2 DAGs
[2025-02-10T13:50:58.687+0600] {logging_mixin.py:190} INFO - [2025-02-10T13:50:58.686+0600] {dag.py:4180} INFO - Setting next_dagrun for example_external_task_marker_child to None, run_after=None
[2025-02-10T13:50:58.691+0600] {logging_mixin.py:190} INFO - [2025-02-10T13:50:58.690+0600] {dag.py:4180} INFO - Setting next_dagrun for example_external_task_marker_parent to None, run_after=None
[2025-02-10T13:50:58.712+0600] {processor.py:208} INFO - Processing /home/shamim/airflow_git/Airflow_project/air_venv/lib/python3.12/site-packages/airflow/example_dags/example_external_task_marker_dag.py took 0.098 seconds
[2025-02-10T13:52:15.149+0600] {processor.py:186} INFO - Started process (PID=21411) to work on /home/shamim/airflow_git/Airflow_project/air_venv/lib/python3.12/site-packages/airflow/example_dags/example_external_task_marker_dag.py
[2025-02-10T13:52:15.155+0600] {processor.py:914} INFO - Processing file /home/shamim/airflow_git/Airflow_project/air_venv/lib/python3.12/site-packages/airflow/example_dags/example_external_task_marker_dag.py for tasks to queue
[2025-02-10T13:52:15.157+0600] {logging_mixin.py:190} INFO - [2025-02-10T13:52:15.156+0600] {dagbag.py:588} INFO - Filling up the DagBag from /home/shamim/airflow_git/Airflow_project/air_venv/lib/python3.12/site-packages/airflow/example_dags/example_external_task_marker_dag.py
[2025-02-10T13:52:15.168+0600] {processor.py:925} INFO - DAG(s) 'example_external_task_marker_parent', 'example_external_task_marker_child' retrieved from /home/shamim/airflow_git/Airflow_project/air_venv/lib/python3.12/site-packages/airflow/example_dags/example_external_task_marker_dag.py
[2025-02-10T13:52:15.192+0600] {logging_mixin.py:190} INFO - [2025-02-10T13:52:15.192+0600] {dag.py:3239} INFO - Sync 2 DAGs
[2025-02-10T13:52:15.210+0600] {logging_mixin.py:190} INFO - [2025-02-10T13:52:15.209+0600] {dag.py:4180} INFO - Setting next_dagrun for example_external_task_marker_child to None, run_after=None
[2025-02-10T13:52:15.214+0600] {logging_mixin.py:190} INFO - [2025-02-10T13:52:15.213+0600] {dag.py:4180} INFO - Setting next_dagrun for example_external_task_marker_parent to None, run_after=None
[2025-02-10T13:52:15.253+0600] {processor.py:208} INFO - Processing /home/shamim/airflow_git/Airflow_project/air_venv/lib/python3.12/site-packages/airflow/example_dags/example_external_task_marker_dag.py took 0.124 seconds
[2025-02-10T13:53:39.469+0600] {processor.py:186} INFO - Started process (PID=21648) to work on /home/shamim/airflow_git/Airflow_project/air_venv/lib/python3.12/site-packages/airflow/example_dags/example_external_task_marker_dag.py
[2025-02-10T13:53:39.470+0600] {processor.py:914} INFO - Processing file /home/shamim/airflow_git/Airflow_project/air_venv/lib/python3.12/site-packages/airflow/example_dags/example_external_task_marker_dag.py for tasks to queue
[2025-02-10T13:53:39.471+0600] {logging_mixin.py:190} INFO - [2025-02-10T13:53:39.471+0600] {dagbag.py:588} INFO - Filling up the DagBag from /home/shamim/airflow_git/Airflow_project/air_venv/lib/python3.12/site-packages/airflow/example_dags/example_external_task_marker_dag.py
[2025-02-10T13:53:39.486+0600] {processor.py:925} INFO - DAG(s) 'example_external_task_marker_parent', 'example_external_task_marker_child' retrieved from /home/shamim/airflow_git/Airflow_project/air_venv/lib/python3.12/site-packages/airflow/example_dags/example_external_task_marker_dag.py
[2025-02-10T13:53:39.519+0600] {logging_mixin.py:190} INFO - [2025-02-10T13:53:39.519+0600] {dag.py:3239} INFO - Sync 2 DAGs
[2025-02-10T13:53:39.536+0600] {logging_mixin.py:190} INFO - [2025-02-10T13:53:39.536+0600] {dag.py:4180} INFO - Setting next_dagrun for example_external_task_marker_child to None, run_after=None
[2025-02-10T13:53:39.540+0600] {logging_mixin.py:190} INFO - [2025-02-10T13:53:39.540+0600] {dag.py:4180} INFO - Setting next_dagrun for example_external_task_marker_parent to None, run_after=None
[2025-02-10T13:53:39.594+0600] {processor.py:208} INFO - Processing /home/shamim/airflow_git/Airflow_project/air_venv/lib/python3.12/site-packages/airflow/example_dags/example_external_task_marker_dag.py took 0.136 seconds
[2025-02-10T13:54:54.039+0600] {processor.py:186} INFO - Started process (PID=21767) to work on /home/shamim/airflow_git/Airflow_project/air_venv/lib/python3.12/site-packages/airflow/example_dags/example_external_task_marker_dag.py
[2025-02-10T13:54:54.045+0600] {processor.py:914} INFO - Processing file /home/shamim/airflow_git/Airflow_project/air_venv/lib/python3.12/site-packages/airflow/example_dags/example_external_task_marker_dag.py for tasks to queue
[2025-02-10T13:54:54.047+0600] {logging_mixin.py:190} INFO - [2025-02-10T13:54:54.046+0600] {dagbag.py:588} INFO - Filling up the DagBag from /home/shamim/airflow_git/Airflow_project/air_venv/lib/python3.12/site-packages/airflow/example_dags/example_external_task_marker_dag.py
[2025-02-10T13:54:54.058+0600] {processor.py:925} INFO - DAG(s) 'example_external_task_marker_parent', 'example_external_task_marker_child' retrieved from /home/shamim/airflow_git/Airflow_project/air_venv/lib/python3.12/site-packages/airflow/example_dags/example_external_task_marker_dag.py
[2025-02-10T13:54:54.080+0600] {logging_mixin.py:190} INFO - [2025-02-10T13:54:54.079+0600] {dag.py:3239} INFO - Sync 2 DAGs
[2025-02-10T13:54:54.096+0600] {logging_mixin.py:190} INFO - [2025-02-10T13:54:54.096+0600] {dag.py:4180} INFO - Setting next_dagrun for example_external_task_marker_child to None, run_after=None
[2025-02-10T13:54:54.100+0600] {logging_mixin.py:190} INFO - [2025-02-10T13:54:54.100+0600] {dag.py:4180} INFO - Setting next_dagrun for example_external_task_marker_parent to None, run_after=None
[2025-02-10T13:54:54.132+0600] {processor.py:208} INFO - Processing /home/shamim/airflow_git/Airflow_project/air_venv/lib/python3.12/site-packages/airflow/example_dags/example_external_task_marker_dag.py took 0.104 seconds
[2025-02-10T13:56:07.058+0600] {processor.py:186} INFO - Started process (PID=21910) to work on /home/shamim/airflow_git/Airflow_project/air_venv/lib/python3.12/site-packages/airflow/example_dags/example_external_task_marker_dag.py
[2025-02-10T13:56:07.064+0600] {processor.py:914} INFO - Processing file /home/shamim/airflow_git/Airflow_project/air_venv/lib/python3.12/site-packages/airflow/example_dags/example_external_task_marker_dag.py for tasks to queue
[2025-02-10T13:56:07.066+0600] {logging_mixin.py:190} INFO - [2025-02-10T13:56:07.065+0600] {dagbag.py:588} INFO - Filling up the DagBag from /home/shamim/airflow_git/Airflow_project/air_venv/lib/python3.12/site-packages/airflow/example_dags/example_external_task_marker_dag.py
[2025-02-10T13:56:07.080+0600] {processor.py:925} INFO - DAG(s) 'example_external_task_marker_parent', 'example_external_task_marker_child' retrieved from /home/shamim/airflow_git/Airflow_project/air_venv/lib/python3.12/site-packages/airflow/example_dags/example_external_task_marker_dag.py
[2025-02-10T13:56:07.105+0600] {logging_mixin.py:190} INFO - [2025-02-10T13:56:07.104+0600] {dag.py:3239} INFO - Sync 2 DAGs
[2025-02-10T13:56:07.126+0600] {logging_mixin.py:190} INFO - [2025-02-10T13:56:07.125+0600] {dag.py:4180} INFO - Setting next_dagrun for example_external_task_marker_child to None, run_after=None
[2025-02-10T13:56:07.132+0600] {logging_mixin.py:190} INFO - [2025-02-10T13:56:07.132+0600] {dag.py:4180} INFO - Setting next_dagrun for example_external_task_marker_parent to None, run_after=None
[2025-02-10T13:56:07.170+0600] {processor.py:208} INFO - Processing /home/shamim/airflow_git/Airflow_project/air_venv/lib/python3.12/site-packages/airflow/example_dags/example_external_task_marker_dag.py took 0.123 seconds
[2025-02-10T13:57:35.763+0600] {processor.py:186} INFO - Started process (PID=22100) to work on /home/shamim/airflow_git/Airflow_project/air_venv/lib/python3.12/site-packages/airflow/example_dags/example_external_task_marker_dag.py
[2025-02-10T13:57:35.771+0600] {processor.py:914} INFO - Processing file /home/shamim/airflow_git/Airflow_project/air_venv/lib/python3.12/site-packages/airflow/example_dags/example_external_task_marker_dag.py for tasks to queue
[2025-02-10T13:57:35.775+0600] {logging_mixin.py:190} INFO - [2025-02-10T13:57:35.774+0600] {dagbag.py:588} INFO - Filling up the DagBag from /home/shamim/airflow_git/Airflow_project/air_venv/lib/python3.12/site-packages/airflow/example_dags/example_external_task_marker_dag.py
[2025-02-10T13:57:35.803+0600] {processor.py:925} INFO - DAG(s) 'example_external_task_marker_parent', 'example_external_task_marker_child' retrieved from /home/shamim/airflow_git/Airflow_project/air_venv/lib/python3.12/site-packages/airflow/example_dags/example_external_task_marker_dag.py
[2025-02-10T13:57:35.849+0600] {logging_mixin.py:190} INFO - [2025-02-10T13:57:35.848+0600] {dag.py:3239} INFO - Sync 2 DAGs
[2025-02-10T13:57:35.888+0600] {logging_mixin.py:190} INFO - [2025-02-10T13:57:35.887+0600] {dag.py:4180} INFO - Setting next_dagrun for example_external_task_marker_child to None, run_after=None
[2025-02-10T13:57:35.898+0600] {logging_mixin.py:190} INFO - [2025-02-10T13:57:35.897+0600] {dag.py:4180} INFO - Setting next_dagrun for example_external_task_marker_parent to None, run_after=None
[2025-02-10T13:57:35.944+0600] {processor.py:208} INFO - Processing /home/shamim/airflow_git/Airflow_project/air_venv/lib/python3.12/site-packages/airflow/example_dags/example_external_task_marker_dag.py took 0.206 seconds
[2025-02-10T13:58:56.427+0600] {processor.py:186} INFO - Started process (PID=22243) to work on /home/shamim/airflow_git/Airflow_project/air_venv/lib/python3.12/site-packages/airflow/example_dags/example_external_task_marker_dag.py
[2025-02-10T13:58:56.434+0600] {processor.py:914} INFO - Processing file /home/shamim/airflow_git/Airflow_project/air_venv/lib/python3.12/site-packages/airflow/example_dags/example_external_task_marker_dag.py for tasks to queue
[2025-02-10T13:58:56.435+0600] {logging_mixin.py:190} INFO - [2025-02-10T13:58:56.435+0600] {dagbag.py:588} INFO - Filling up the DagBag from /home/shamim/airflow_git/Airflow_project/air_venv/lib/python3.12/site-packages/airflow/example_dags/example_external_task_marker_dag.py
[2025-02-10T13:58:56.445+0600] {processor.py:925} INFO - DAG(s) 'example_external_task_marker_parent', 'example_external_task_marker_child' retrieved from /home/shamim/airflow_git/Airflow_project/air_venv/lib/python3.12/site-packages/airflow/example_dags/example_external_task_marker_dag.py
[2025-02-10T13:58:56.466+0600] {logging_mixin.py:190} INFO - [2025-02-10T13:58:56.466+0600] {dag.py:3239} INFO - Sync 2 DAGs
[2025-02-10T13:58:56.482+0600] {logging_mixin.py:190} INFO - [2025-02-10T13:58:56.482+0600] {dag.py:4180} INFO - Setting next_dagrun for example_external_task_marker_child to None, run_after=None
[2025-02-10T13:58:56.486+0600] {logging_mixin.py:190} INFO - [2025-02-10T13:58:56.486+0600] {dag.py:4180} INFO - Setting next_dagrun for example_external_task_marker_parent to None, run_after=None
[2025-02-10T13:58:56.509+0600] {processor.py:208} INFO - Processing /home/shamim/airflow_git/Airflow_project/air_venv/lib/python3.12/site-packages/airflow/example_dags/example_external_task_marker_dag.py took 0.091 seconds
[2025-02-10T14:00:06.787+0600] {processor.py:186} INFO - Started process (PID=22455) to work on /home/shamim/airflow_git/Airflow_project/air_venv/lib/python3.12/site-packages/airflow/example_dags/example_external_task_marker_dag.py
[2025-02-10T14:00:06.794+0600] {processor.py:914} INFO - Processing file /home/shamim/airflow_git/Airflow_project/air_venv/lib/python3.12/site-packages/airflow/example_dags/example_external_task_marker_dag.py for tasks to queue
[2025-02-10T14:00:06.796+0600] {logging_mixin.py:190} INFO - [2025-02-10T14:00:06.795+0600] {dagbag.py:588} INFO - Filling up the DagBag from /home/shamim/airflow_git/Airflow_project/air_venv/lib/python3.12/site-packages/airflow/example_dags/example_external_task_marker_dag.py
[2025-02-10T14:00:06.807+0600] {processor.py:925} INFO - DAG(s) 'example_external_task_marker_parent', 'example_external_task_marker_child' retrieved from /home/shamim/airflow_git/Airflow_project/air_venv/lib/python3.12/site-packages/airflow/example_dags/example_external_task_marker_dag.py
[2025-02-10T14:00:06.829+0600] {logging_mixin.py:190} INFO - [2025-02-10T14:00:06.828+0600] {dag.py:3239} INFO - Sync 2 DAGs
[2025-02-10T14:00:06.845+0600] {logging_mixin.py:190} INFO - [2025-02-10T14:00:06.845+0600] {dag.py:4180} INFO - Setting next_dagrun for example_external_task_marker_child to None, run_after=None
[2025-02-10T14:00:06.849+0600] {logging_mixin.py:190} INFO - [2025-02-10T14:00:06.848+0600] {dag.py:4180} INFO - Setting next_dagrun for example_external_task_marker_parent to None, run_after=None
[2025-02-10T14:00:06.870+0600] {processor.py:208} INFO - Processing /home/shamim/airflow_git/Airflow_project/air_venv/lib/python3.12/site-packages/airflow/example_dags/example_external_task_marker_dag.py took 0.093 seconds
[2025-02-10T14:02:25.833+0600] {processor.py:186} INFO - Started process (PID=23151) to work on /home/shamim/airflow_git/Airflow_project/air_venv/lib/python3.12/site-packages/airflow/example_dags/example_external_task_marker_dag.py
[2025-02-10T14:02:25.837+0600] {processor.py:914} INFO - Processing file /home/shamim/airflow_git/Airflow_project/air_venv/lib/python3.12/site-packages/airflow/example_dags/example_external_task_marker_dag.py for tasks to queue
[2025-02-10T14:02:25.842+0600] {logging_mixin.py:190} INFO - [2025-02-10T14:02:25.841+0600] {dagbag.py:588} INFO - Filling up the DagBag from /home/shamim/airflow_git/Airflow_project/air_venv/lib/python3.12/site-packages/airflow/example_dags/example_external_task_marker_dag.py
[2025-02-10T14:02:25.856+0600] {processor.py:925} INFO - DAG(s) 'example_external_task_marker_child', 'example_external_task_marker_parent' retrieved from /home/shamim/airflow_git/Airflow_project/air_venv/lib/python3.12/site-packages/airflow/example_dags/example_external_task_marker_dag.py
[2025-02-10T14:02:25.882+0600] {logging_mixin.py:190} INFO - [2025-02-10T14:02:25.882+0600] {dag.py:3239} INFO - Sync 2 DAGs
[2025-02-10T14:02:25.901+0600] {logging_mixin.py:190} INFO - [2025-02-10T14:02:25.900+0600] {dag.py:4180} INFO - Setting next_dagrun for example_external_task_marker_child to None, run_after=None
[2025-02-10T14:02:25.905+0600] {logging_mixin.py:190} INFO - [2025-02-10T14:02:25.905+0600] {dag.py:4180} INFO - Setting next_dagrun for example_external_task_marker_parent to None, run_after=None
[2025-02-10T14:02:25.932+0600] {processor.py:208} INFO - Processing /home/shamim/airflow_git/Airflow_project/air_venv/lib/python3.12/site-packages/airflow/example_dags/example_external_task_marker_dag.py took 0.108 seconds
[2025-02-10T14:03:48.016+0600] {processor.py:186} INFO - Started process (PID=23536) to work on /home/shamim/airflow_git/Airflow_project/air_venv/lib/python3.12/site-packages/airflow/example_dags/example_external_task_marker_dag.py
[2025-02-10T14:03:48.023+0600] {processor.py:914} INFO - Processing file /home/shamim/airflow_git/Airflow_project/air_venv/lib/python3.12/site-packages/airflow/example_dags/example_external_task_marker_dag.py for tasks to queue
[2025-02-10T14:03:48.026+0600] {logging_mixin.py:190} INFO - [2025-02-10T14:03:48.026+0600] {dagbag.py:588} INFO - Filling up the DagBag from /home/shamim/airflow_git/Airflow_project/air_venv/lib/python3.12/site-packages/airflow/example_dags/example_external_task_marker_dag.py
[2025-02-10T14:03:48.041+0600] {processor.py:925} INFO - DAG(s) 'example_external_task_marker_parent', 'example_external_task_marker_child' retrieved from /home/shamim/airflow_git/Airflow_project/air_venv/lib/python3.12/site-packages/airflow/example_dags/example_external_task_marker_dag.py
[2025-02-10T14:03:48.072+0600] {logging_mixin.py:190} INFO - [2025-02-10T14:03:48.071+0600] {dag.py:3239} INFO - Sync 2 DAGs
[2025-02-10T14:03:48.098+0600] {logging_mixin.py:190} INFO - [2025-02-10T14:03:48.098+0600] {dag.py:4180} INFO - Setting next_dagrun for example_external_task_marker_child to None, run_after=None
[2025-02-10T14:03:48.105+0600] {logging_mixin.py:190} INFO - [2025-02-10T14:03:48.104+0600] {dag.py:4180} INFO - Setting next_dagrun for example_external_task_marker_parent to None, run_after=None
[2025-02-10T14:03:48.146+0600] {processor.py:208} INFO - Processing /home/shamim/airflow_git/Airflow_project/air_venv/lib/python3.12/site-packages/airflow/example_dags/example_external_task_marker_dag.py took 0.140 seconds
[2025-02-10T14:05:18.408+0600] {processor.py:186} INFO - Started process (PID=24218) to work on /home/shamim/airflow_git/Airflow_project/air_venv/lib/python3.12/site-packages/airflow/example_dags/example_external_task_marker_dag.py
[2025-02-10T14:05:18.414+0600] {processor.py:914} INFO - Processing file /home/shamim/airflow_git/Airflow_project/air_venv/lib/python3.12/site-packages/airflow/example_dags/example_external_task_marker_dag.py for tasks to queue
[2025-02-10T14:05:18.418+0600] {logging_mixin.py:190} INFO - [2025-02-10T14:05:18.417+0600] {dagbag.py:588} INFO - Filling up the DagBag from /home/shamim/airflow_git/Airflow_project/air_venv/lib/python3.12/site-packages/airflow/example_dags/example_external_task_marker_dag.py
[2025-02-10T14:05:18.430+0600] {processor.py:925} INFO - DAG(s) 'example_external_task_marker_parent', 'example_external_task_marker_child' retrieved from /home/shamim/airflow_git/Airflow_project/air_venv/lib/python3.12/site-packages/airflow/example_dags/example_external_task_marker_dag.py
[2025-02-10T14:05:18.455+0600] {logging_mixin.py:190} INFO - [2025-02-10T14:05:18.455+0600] {dag.py:3239} INFO - Sync 2 DAGs
[2025-02-10T14:05:18.474+0600] {logging_mixin.py:190} INFO - [2025-02-10T14:05:18.474+0600] {dag.py:4180} INFO - Setting next_dagrun for example_external_task_marker_child to None, run_after=None
[2025-02-10T14:05:18.479+0600] {logging_mixin.py:190} INFO - [2025-02-10T14:05:18.479+0600] {dag.py:4180} INFO - Setting next_dagrun for example_external_task_marker_parent to None, run_after=None
[2025-02-10T14:05:18.513+0600] {processor.py:208} INFO - Processing /home/shamim/airflow_git/Airflow_project/air_venv/lib/python3.12/site-packages/airflow/example_dags/example_external_task_marker_dag.py took 0.114 seconds
