[2025-02-10T13:00:02.731+0600] {processor.py:186} INFO - Started process (PID=13208) to work on /home/shamim/airflow_git/Airflow_project/air_venv/lib/python3.12/site-packages/airflow/example_dags/example_branch_python_dop_operator_3.py
[2025-02-10T13:00:02.733+0600] {processor.py:914} INFO - Processing file /home/shamim/airflow_git/Airflow_project/air_venv/lib/python3.12/site-packages/airflow/example_dags/example_branch_python_dop_operator_3.py for tasks to queue
[2025-02-10T13:00:02.737+0600] {logging_mixin.py:190} INFO - [2025-02-10T13:00:02.737+0600] {dagbag.py:588} INFO - Filling up the DagBag from /home/shamim/airflow_git/Airflow_project/air_venv/lib/python3.12/site-packages/airflow/example_dags/example_branch_python_dop_operator_3.py
[2025-02-10T13:00:02.752+0600] {processor.py:925} INFO - DAG(s) 'example_branch_dop_operator_v3' retrieved from /home/shamim/airflow_git/Airflow_project/air_venv/lib/python3.12/site-packages/airflow/example_dags/example_branch_python_dop_operator_3.py
[2025-02-10T13:00:02.877+0600] {logging_mixin.py:190} INFO - [2025-02-10T13:00:02.877+0600] {override.py:1930} INFO - Created Permission View: can delete on DAG:example_branch_dop_operator_v3
[2025-02-10T13:00:02.888+0600] {logging_mixin.py:190} INFO - [2025-02-10T13:00:02.888+0600] {override.py:1930} INFO - Created Permission View: can edit on DAG:example_branch_dop_operator_v3
[2025-02-10T13:00:02.896+0600] {logging_mixin.py:190} INFO - [2025-02-10T13:00:02.895+0600] {override.py:1930} INFO - Created Permission View: can read on DAG:example_branch_dop_operator_v3
[2025-02-10T13:00:02.911+0600] {logging_mixin.py:190} INFO - [2025-02-10T13:00:02.910+0600] {override.py:1930} INFO - Created Permission View: can delete on DAG Run:example_branch_dop_operator_v3
[2025-02-10T13:00:02.921+0600] {logging_mixin.py:190} INFO - [2025-02-10T13:00:02.920+0600] {override.py:1930} INFO - Created Permission View: can read on DAG Run:example_branch_dop_operator_v3
[2025-02-10T13:00:02.928+0600] {logging_mixin.py:190} INFO - [2025-02-10T13:00:02.928+0600] {override.py:1930} INFO - Created Permission View: can create on DAG Run:example_branch_dop_operator_v3
[2025-02-10T13:00:02.936+0600] {logging_mixin.py:190} INFO - [2025-02-10T13:00:02.935+0600] {override.py:1930} INFO - Created Permission View: menu access on DAG Run:example_branch_dop_operator_v3
[2025-02-10T13:00:02.936+0600] {logging_mixin.py:190} INFO - [2025-02-10T13:00:02.936+0600] {dag.py:3239} INFO - Sync 1 DAGs
[2025-02-10T13:00:02.950+0600] {logging_mixin.py:190} INFO - [2025-02-10T13:00:02.950+0600] {dag.py:3262} INFO - Creating ORM DAG for example_branch_dop_operator_v3
[2025-02-10T13:00:02.964+0600] {logging_mixin.py:190} INFO - [2025-02-10T13:00:02.964+0600] {dag.py:4180} INFO - Setting next_dagrun for example_branch_dop_operator_v3 to 2025-02-10 06:59:00+00:00, run_after=2025-02-10 07:00:00+00:00
[2025-02-10T13:00:02.989+0600] {processor.py:208} INFO - Processing /home/shamim/airflow_git/Airflow_project/air_venv/lib/python3.12/site-packages/airflow/example_dags/example_branch_python_dop_operator_3.py took 0.274 seconds
[2025-02-10T13:01:29.023+0600] {processor.py:186} INFO - Started process (PID=13596) to work on /home/shamim/airflow_git/Airflow_project/air_venv/lib/python3.12/site-packages/airflow/example_dags/example_branch_python_dop_operator_3.py
[2025-02-10T13:01:29.026+0600] {processor.py:914} INFO - Processing file /home/shamim/airflow_git/Airflow_project/air_venv/lib/python3.12/site-packages/airflow/example_dags/example_branch_python_dop_operator_3.py for tasks to queue
[2025-02-10T13:01:29.028+0600] {logging_mixin.py:190} INFO - [2025-02-10T13:01:29.028+0600] {dagbag.py:588} INFO - Filling up the DagBag from /home/shamim/airflow_git/Airflow_project/air_venv/lib/python3.12/site-packages/airflow/example_dags/example_branch_python_dop_operator_3.py
[2025-02-10T13:01:29.041+0600] {processor.py:925} INFO - DAG(s) 'example_branch_dop_operator_v3' retrieved from /home/shamim/airflow_git/Airflow_project/air_venv/lib/python3.12/site-packages/airflow/example_dags/example_branch_python_dop_operator_3.py
[2025-02-10T13:01:29.058+0600] {logging_mixin.py:190} INFO - [2025-02-10T13:01:29.058+0600] {dag.py:3239} INFO - Sync 1 DAGs
[2025-02-10T13:01:29.090+0600] {logging_mixin.py:190} INFO - [2025-02-10T13:01:29.090+0600] {dag.py:4180} INFO - Setting next_dagrun for example_branch_dop_operator_v3 to 2025-02-10 07:00:00+00:00, run_after=2025-02-10 07:01:00+00:00
[2025-02-10T13:01:29.112+0600] {processor.py:208} INFO - Processing /home/shamim/airflow_git/Airflow_project/air_venv/lib/python3.12/site-packages/airflow/example_dags/example_branch_python_dop_operator_3.py took 0.096 seconds
[2025-02-10T13:02:42.178+0600] {processor.py:186} INFO - Started process (PID=13736) to work on /home/shamim/airflow_git/Airflow_project/air_venv/lib/python3.12/site-packages/airflow/example_dags/example_branch_python_dop_operator_3.py
[2025-02-10T13:02:42.179+0600] {processor.py:914} INFO - Processing file /home/shamim/airflow_git/Airflow_project/air_venv/lib/python3.12/site-packages/airflow/example_dags/example_branch_python_dop_operator_3.py for tasks to queue
[2025-02-10T13:02:42.182+0600] {logging_mixin.py:190} INFO - [2025-02-10T13:02:42.182+0600] {dagbag.py:588} INFO - Filling up the DagBag from /home/shamim/airflow_git/Airflow_project/air_venv/lib/python3.12/site-packages/airflow/example_dags/example_branch_python_dop_operator_3.py
[2025-02-10T13:02:42.197+0600] {processor.py:925} INFO - DAG(s) 'example_branch_dop_operator_v3' retrieved from /home/shamim/airflow_git/Airflow_project/air_venv/lib/python3.12/site-packages/airflow/example_dags/example_branch_python_dop_operator_3.py
[2025-02-10T13:02:42.214+0600] {logging_mixin.py:190} INFO - [2025-02-10T13:02:42.214+0600] {dag.py:3239} INFO - Sync 1 DAGs
[2025-02-10T13:02:42.241+0600] {logging_mixin.py:190} INFO - [2025-02-10T13:02:42.241+0600] {dag.py:4180} INFO - Setting next_dagrun for example_branch_dop_operator_v3 to 2025-02-10 07:01:00+00:00, run_after=2025-02-10 07:02:00+00:00
[2025-02-10T13:02:42.265+0600] {processor.py:208} INFO - Processing /home/shamim/airflow_git/Airflow_project/air_venv/lib/python3.12/site-packages/airflow/example_dags/example_branch_python_dop_operator_3.py took 0.095 seconds
[2025-02-10T13:03:45.902+0600] {processor.py:186} INFO - Started process (PID=13891) to work on /home/shamim/airflow_git/Airflow_project/air_venv/lib/python3.12/site-packages/airflow/example_dags/example_branch_python_dop_operator_3.py
[2025-02-10T13:03:45.909+0600] {processor.py:914} INFO - Processing file /home/shamim/airflow_git/Airflow_project/air_venv/lib/python3.12/site-packages/airflow/example_dags/example_branch_python_dop_operator_3.py for tasks to queue
[2025-02-10T13:03:45.917+0600] {logging_mixin.py:190} INFO - [2025-02-10T13:03:45.916+0600] {dagbag.py:588} INFO - Filling up the DagBag from /home/shamim/airflow_git/Airflow_project/air_venv/lib/python3.12/site-packages/airflow/example_dags/example_branch_python_dop_operator_3.py
[2025-02-10T13:03:45.933+0600] {processor.py:925} INFO - DAG(s) 'example_branch_dop_operator_v3' retrieved from /home/shamim/airflow_git/Airflow_project/air_venv/lib/python3.12/site-packages/airflow/example_dags/example_branch_python_dop_operator_3.py
[2025-02-10T13:03:45.955+0600] {logging_mixin.py:190} INFO - [2025-02-10T13:03:45.955+0600] {dag.py:3239} INFO - Sync 1 DAGs
[2025-02-10T13:03:45.992+0600] {logging_mixin.py:190} INFO - [2025-02-10T13:03:45.992+0600] {dag.py:4180} INFO - Setting next_dagrun for example_branch_dop_operator_v3 to 2025-02-10 07:02:00+00:00, run_after=2025-02-10 07:03:00+00:00
[2025-02-10T13:03:46.023+0600] {processor.py:208} INFO - Processing /home/shamim/airflow_git/Airflow_project/air_venv/lib/python3.12/site-packages/airflow/example_dags/example_branch_python_dop_operator_3.py took 0.131 seconds
[2025-02-10T13:04:54.057+0600] {processor.py:186} INFO - Started process (PID=14041) to work on /home/shamim/airflow_git/Airflow_project/air_venv/lib/python3.12/site-packages/airflow/example_dags/example_branch_python_dop_operator_3.py
[2025-02-10T13:04:54.063+0600] {processor.py:914} INFO - Processing file /home/shamim/airflow_git/Airflow_project/air_venv/lib/python3.12/site-packages/airflow/example_dags/example_branch_python_dop_operator_3.py for tasks to queue
[2025-02-10T13:04:54.066+0600] {logging_mixin.py:190} INFO - [2025-02-10T13:04:54.066+0600] {dagbag.py:588} INFO - Filling up the DagBag from /home/shamim/airflow_git/Airflow_project/air_venv/lib/python3.12/site-packages/airflow/example_dags/example_branch_python_dop_operator_3.py
[2025-02-10T13:04:54.081+0600] {processor.py:925} INFO - DAG(s) 'example_branch_dop_operator_v3' retrieved from /home/shamim/airflow_git/Airflow_project/air_venv/lib/python3.12/site-packages/airflow/example_dags/example_branch_python_dop_operator_3.py
[2025-02-10T13:04:54.098+0600] {logging_mixin.py:190} INFO - [2025-02-10T13:04:54.098+0600] {dag.py:3239} INFO - Sync 1 DAGs
[2025-02-10T13:04:54.124+0600] {logging_mixin.py:190} INFO - [2025-02-10T13:04:54.124+0600] {dag.py:4180} INFO - Setting next_dagrun for example_branch_dop_operator_v3 to 2025-02-10 07:03:00+00:00, run_after=2025-02-10 07:04:00+00:00
[2025-02-10T13:04:54.148+0600] {processor.py:208} INFO - Processing /home/shamim/airflow_git/Airflow_project/air_venv/lib/python3.12/site-packages/airflow/example_dags/example_branch_python_dop_operator_3.py took 0.098 seconds
[2025-02-10T13:06:02.583+0600] {processor.py:186} INFO - Started process (PID=14147) to work on /home/shamim/airflow_git/Airflow_project/air_venv/lib/python3.12/site-packages/airflow/example_dags/example_branch_python_dop_operator_3.py
[2025-02-10T13:06:02.590+0600] {processor.py:914} INFO - Processing file /home/shamim/airflow_git/Airflow_project/air_venv/lib/python3.12/site-packages/airflow/example_dags/example_branch_python_dop_operator_3.py for tasks to queue
[2025-02-10T13:06:02.592+0600] {logging_mixin.py:190} INFO - [2025-02-10T13:06:02.592+0600] {dagbag.py:588} INFO - Filling up the DagBag from /home/shamim/airflow_git/Airflow_project/air_venv/lib/python3.12/site-packages/airflow/example_dags/example_branch_python_dop_operator_3.py
[2025-02-10T13:06:02.606+0600] {processor.py:925} INFO - DAG(s) 'example_branch_dop_operator_v3' retrieved from /home/shamim/airflow_git/Airflow_project/air_venv/lib/python3.12/site-packages/airflow/example_dags/example_branch_python_dop_operator_3.py
[2025-02-10T13:06:02.623+0600] {logging_mixin.py:190} INFO - [2025-02-10T13:06:02.623+0600] {dag.py:3239} INFO - Sync 1 DAGs
[2025-02-10T13:06:02.650+0600] {logging_mixin.py:190} INFO - [2025-02-10T13:06:02.650+0600] {dag.py:4180} INFO - Setting next_dagrun for example_branch_dop_operator_v3 to 2025-02-10 07:05:00+00:00, run_after=2025-02-10 07:06:00+00:00
[2025-02-10T13:06:02.674+0600] {processor.py:208} INFO - Processing /home/shamim/airflow_git/Airflow_project/air_venv/lib/python3.12/site-packages/airflow/example_dags/example_branch_python_dop_operator_3.py took 0.098 seconds
[2025-02-10T13:07:09.701+0600] {processor.py:186} INFO - Started process (PID=14306) to work on /home/shamim/airflow_git/Airflow_project/air_venv/lib/python3.12/site-packages/airflow/example_dags/example_branch_python_dop_operator_3.py
[2025-02-10T13:07:09.702+0600] {processor.py:914} INFO - Processing file /home/shamim/airflow_git/Airflow_project/air_venv/lib/python3.12/site-packages/airflow/example_dags/example_branch_python_dop_operator_3.py for tasks to queue
[2025-02-10T13:07:09.707+0600] {logging_mixin.py:190} INFO - [2025-02-10T13:07:09.706+0600] {dagbag.py:588} INFO - Filling up the DagBag from /home/shamim/airflow_git/Airflow_project/air_venv/lib/python3.12/site-packages/airflow/example_dags/example_branch_python_dop_operator_3.py
[2025-02-10T13:07:09.721+0600] {processor.py:925} INFO - DAG(s) 'example_branch_dop_operator_v3' retrieved from /home/shamim/airflow_git/Airflow_project/air_venv/lib/python3.12/site-packages/airflow/example_dags/example_branch_python_dop_operator_3.py
[2025-02-10T13:07:09.740+0600] {logging_mixin.py:190} INFO - [2025-02-10T13:07:09.739+0600] {dag.py:3239} INFO - Sync 1 DAGs
[2025-02-10T13:07:09.769+0600] {logging_mixin.py:190} INFO - [2025-02-10T13:07:09.769+0600] {dag.py:4180} INFO - Setting next_dagrun for example_branch_dop_operator_v3 to 2025-02-10 07:06:00+00:00, run_after=2025-02-10 07:07:00+00:00
[2025-02-10T13:07:09.792+0600] {processor.py:208} INFO - Processing /home/shamim/airflow_git/Airflow_project/air_venv/lib/python3.12/site-packages/airflow/example_dags/example_branch_python_dop_operator_3.py took 0.106 seconds
[2025-02-10T13:08:25.313+0600] {processor.py:186} INFO - Started process (PID=14494) to work on /home/shamim/airflow_git/Airflow_project/air_venv/lib/python3.12/site-packages/airflow/example_dags/example_branch_python_dop_operator_3.py
[2025-02-10T13:08:25.319+0600] {processor.py:914} INFO - Processing file /home/shamim/airflow_git/Airflow_project/air_venv/lib/python3.12/site-packages/airflow/example_dags/example_branch_python_dop_operator_3.py for tasks to queue
[2025-02-10T13:08:25.324+0600] {logging_mixin.py:190} INFO - [2025-02-10T13:08:25.323+0600] {dagbag.py:588} INFO - Filling up the DagBag from /home/shamim/airflow_git/Airflow_project/air_venv/lib/python3.12/site-packages/airflow/example_dags/example_branch_python_dop_operator_3.py
[2025-02-10T13:08:25.342+0600] {processor.py:925} INFO - DAG(s) 'example_branch_dop_operator_v3' retrieved from /home/shamim/airflow_git/Airflow_project/air_venv/lib/python3.12/site-packages/airflow/example_dags/example_branch_python_dop_operator_3.py
[2025-02-10T13:08:25.361+0600] {logging_mixin.py:190} INFO - [2025-02-10T13:08:25.360+0600] {dag.py:3239} INFO - Sync 1 DAGs
[2025-02-10T13:08:25.392+0600] {logging_mixin.py:190} INFO - [2025-02-10T13:08:25.392+0600] {dag.py:4180} INFO - Setting next_dagrun for example_branch_dop_operator_v3 to 2025-02-10 07:07:00+00:00, run_after=2025-02-10 07:08:00+00:00
[2025-02-10T13:08:25.422+0600] {processor.py:208} INFO - Processing /home/shamim/airflow_git/Airflow_project/air_venv/lib/python3.12/site-packages/airflow/example_dags/example_branch_python_dop_operator_3.py took 0.128 seconds
[2025-02-10T13:09:33.994+0600] {processor.py:186} INFO - Started process (PID=14758) to work on /home/shamim/airflow_git/Airflow_project/air_venv/lib/python3.12/site-packages/airflow/example_dags/example_branch_python_dop_operator_3.py
[2025-02-10T13:09:33.999+0600] {processor.py:914} INFO - Processing file /home/shamim/airflow_git/Airflow_project/air_venv/lib/python3.12/site-packages/airflow/example_dags/example_branch_python_dop_operator_3.py for tasks to queue
[2025-02-10T13:09:34.005+0600] {logging_mixin.py:190} INFO - [2025-02-10T13:09:34.004+0600] {dagbag.py:588} INFO - Filling up the DagBag from /home/shamim/airflow_git/Airflow_project/air_venv/lib/python3.12/site-packages/airflow/example_dags/example_branch_python_dop_operator_3.py
[2025-02-10T13:09:34.026+0600] {processor.py:925} INFO - DAG(s) 'example_branch_dop_operator_v3' retrieved from /home/shamim/airflow_git/Airflow_project/air_venv/lib/python3.12/site-packages/airflow/example_dags/example_branch_python_dop_operator_3.py
[2025-02-10T13:09:34.052+0600] {logging_mixin.py:190} INFO - [2025-02-10T13:09:34.051+0600] {dag.py:3239} INFO - Sync 1 DAGs
[2025-02-10T13:09:34.086+0600] {logging_mixin.py:190} INFO - [2025-02-10T13:09:34.085+0600] {dag.py:4180} INFO - Setting next_dagrun for example_branch_dop_operator_v3 to 2025-02-10 07:08:00+00:00, run_after=2025-02-10 07:09:00+00:00
[2025-02-10T13:09:34.110+0600] {processor.py:208} INFO - Processing /home/shamim/airflow_git/Airflow_project/air_venv/lib/python3.12/site-packages/airflow/example_dags/example_branch_python_dop_operator_3.py took 0.138 seconds
[2025-02-10T13:10:42.959+0600] {processor.py:186} INFO - Started process (PID=14866) to work on /home/shamim/airflow_git/Airflow_project/air_venv/lib/python3.12/site-packages/airflow/example_dags/example_branch_python_dop_operator_3.py
[2025-02-10T13:10:42.960+0600] {processor.py:914} INFO - Processing file /home/shamim/airflow_git/Airflow_project/air_venv/lib/python3.12/site-packages/airflow/example_dags/example_branch_python_dop_operator_3.py for tasks to queue
[2025-02-10T13:10:42.965+0600] {logging_mixin.py:190} INFO - [2025-02-10T13:10:42.964+0600] {dagbag.py:588} INFO - Filling up the DagBag from /home/shamim/airflow_git/Airflow_project/air_venv/lib/python3.12/site-packages/airflow/example_dags/example_branch_python_dop_operator_3.py
[2025-02-10T13:10:42.985+0600] {processor.py:925} INFO - DAG(s) 'example_branch_dop_operator_v3' retrieved from /home/shamim/airflow_git/Airflow_project/air_venv/lib/python3.12/site-packages/airflow/example_dags/example_branch_python_dop_operator_3.py
[2025-02-10T13:10:43.013+0600] {logging_mixin.py:190} INFO - [2025-02-10T13:10:43.012+0600] {dag.py:3239} INFO - Sync 1 DAGs
[2025-02-10T13:10:43.060+0600] {logging_mixin.py:190} INFO - [2025-02-10T13:10:43.060+0600] {dag.py:4180} INFO - Setting next_dagrun for example_branch_dop_operator_v3 to 2025-02-10 07:09:00+00:00, run_after=2025-02-10 07:10:00+00:00
[2025-02-10T13:10:43.095+0600] {processor.py:208} INFO - Processing /home/shamim/airflow_git/Airflow_project/air_venv/lib/python3.12/site-packages/airflow/example_dags/example_branch_python_dop_operator_3.py took 0.152 seconds
[2025-02-10T13:12:00.736+0600] {processor.py:186} INFO - Started process (PID=14962) to work on /home/shamim/airflow_git/Airflow_project/air_venv/lib/python3.12/site-packages/airflow/example_dags/example_branch_python_dop_operator_3.py
[2025-02-10T13:12:00.743+0600] {processor.py:914} INFO - Processing file /home/shamim/airflow_git/Airflow_project/air_venv/lib/python3.12/site-packages/airflow/example_dags/example_branch_python_dop_operator_3.py for tasks to queue
[2025-02-10T13:12:00.747+0600] {logging_mixin.py:190} INFO - [2025-02-10T13:12:00.746+0600] {dagbag.py:588} INFO - Filling up the DagBag from /home/shamim/airflow_git/Airflow_project/air_venv/lib/python3.12/site-packages/airflow/example_dags/example_branch_python_dop_operator_3.py
[2025-02-10T13:12:00.760+0600] {processor.py:925} INFO - DAG(s) 'example_branch_dop_operator_v3' retrieved from /home/shamim/airflow_git/Airflow_project/air_venv/lib/python3.12/site-packages/airflow/example_dags/example_branch_python_dop_operator_3.py
[2025-02-10T13:12:00.781+0600] {logging_mixin.py:190} INFO - [2025-02-10T13:12:00.780+0600] {dag.py:3239} INFO - Sync 1 DAGs
[2025-02-10T13:12:00.812+0600] {logging_mixin.py:190} INFO - [2025-02-10T13:12:00.812+0600] {dag.py:4180} INFO - Setting next_dagrun for example_branch_dop_operator_v3 to 2025-02-10 07:11:00+00:00, run_after=2025-02-10 07:12:00+00:00
[2025-02-10T13:12:00.838+0600] {processor.py:208} INFO - Processing /home/shamim/airflow_git/Airflow_project/air_venv/lib/python3.12/site-packages/airflow/example_dags/example_branch_python_dop_operator_3.py took 0.114 seconds
[2025-02-10T13:13:16.876+0600] {processor.py:186} INFO - Started process (PID=15083) to work on /home/shamim/airflow_git/Airflow_project/air_venv/lib/python3.12/site-packages/airflow/example_dags/example_branch_python_dop_operator_3.py
[2025-02-10T13:13:16.878+0600] {processor.py:914} INFO - Processing file /home/shamim/airflow_git/Airflow_project/air_venv/lib/python3.12/site-packages/airflow/example_dags/example_branch_python_dop_operator_3.py for tasks to queue
[2025-02-10T13:13:16.882+0600] {logging_mixin.py:190} INFO - [2025-02-10T13:13:16.881+0600] {dagbag.py:588} INFO - Filling up the DagBag from /home/shamim/airflow_git/Airflow_project/air_venv/lib/python3.12/site-packages/airflow/example_dags/example_branch_python_dop_operator_3.py
[2025-02-10T13:13:16.897+0600] {processor.py:925} INFO - DAG(s) 'example_branch_dop_operator_v3' retrieved from /home/shamim/airflow_git/Airflow_project/air_venv/lib/python3.12/site-packages/airflow/example_dags/example_branch_python_dop_operator_3.py
[2025-02-10T13:13:16.921+0600] {logging_mixin.py:190} INFO - [2025-02-10T13:13:16.921+0600] {dag.py:3239} INFO - Sync 1 DAGs
[2025-02-10T13:13:16.957+0600] {logging_mixin.py:190} INFO - [2025-02-10T13:13:16.957+0600] {dag.py:4180} INFO - Setting next_dagrun for example_branch_dop_operator_v3 to 2025-02-10 07:12:00+00:00, run_after=2025-02-10 07:13:00+00:00
[2025-02-10T13:13:16.987+0600] {processor.py:208} INFO - Processing /home/shamim/airflow_git/Airflow_project/air_venv/lib/python3.12/site-packages/airflow/example_dags/example_branch_python_dop_operator_3.py took 0.138 seconds
[2025-02-10T13:14:28.095+0600] {processor.py:186} INFO - Started process (PID=15206) to work on /home/shamim/airflow_git/Airflow_project/air_venv/lib/python3.12/site-packages/airflow/example_dags/example_branch_python_dop_operator_3.py
[2025-02-10T13:14:28.101+0600] {processor.py:914} INFO - Processing file /home/shamim/airflow_git/Airflow_project/air_venv/lib/python3.12/site-packages/airflow/example_dags/example_branch_python_dop_operator_3.py for tasks to queue
[2025-02-10T13:14:28.110+0600] {logging_mixin.py:190} INFO - [2025-02-10T13:14:28.109+0600] {dagbag.py:588} INFO - Filling up the DagBag from /home/shamim/airflow_git/Airflow_project/air_venv/lib/python3.12/site-packages/airflow/example_dags/example_branch_python_dop_operator_3.py
[2025-02-10T13:14:28.131+0600] {processor.py:925} INFO - DAG(s) 'example_branch_dop_operator_v3' retrieved from /home/shamim/airflow_git/Airflow_project/air_venv/lib/python3.12/site-packages/airflow/example_dags/example_branch_python_dop_operator_3.py
[2025-02-10T13:14:28.149+0600] {logging_mixin.py:190} INFO - [2025-02-10T13:14:28.148+0600] {dag.py:3239} INFO - Sync 1 DAGs
[2025-02-10T13:14:28.176+0600] {logging_mixin.py:190} INFO - [2025-02-10T13:14:28.176+0600] {dag.py:4180} INFO - Setting next_dagrun for example_branch_dop_operator_v3 to 2025-02-10 07:13:00+00:00, run_after=2025-02-10 07:14:00+00:00
[2025-02-10T13:14:28.204+0600] {processor.py:208} INFO - Processing /home/shamim/airflow_git/Airflow_project/air_venv/lib/python3.12/site-packages/airflow/example_dags/example_branch_python_dop_operator_3.py took 0.121 seconds
[2025-02-10T13:15:36.138+0600] {processor.py:186} INFO - Started process (PID=15299) to work on /home/shamim/airflow_git/Airflow_project/air_venv/lib/python3.12/site-packages/airflow/example_dags/example_branch_python_dop_operator_3.py
[2025-02-10T13:15:36.145+0600] {processor.py:914} INFO - Processing file /home/shamim/airflow_git/Airflow_project/air_venv/lib/python3.12/site-packages/airflow/example_dags/example_branch_python_dop_operator_3.py for tasks to queue
[2025-02-10T13:15:36.148+0600] {logging_mixin.py:190} INFO - [2025-02-10T13:15:36.148+0600] {dagbag.py:588} INFO - Filling up the DagBag from /home/shamim/airflow_git/Airflow_project/air_venv/lib/python3.12/site-packages/airflow/example_dags/example_branch_python_dop_operator_3.py
[2025-02-10T13:15:36.161+0600] {processor.py:925} INFO - DAG(s) 'example_branch_dop_operator_v3' retrieved from /home/shamim/airflow_git/Airflow_project/air_venv/lib/python3.12/site-packages/airflow/example_dags/example_branch_python_dop_operator_3.py
[2025-02-10T13:15:36.179+0600] {logging_mixin.py:190} INFO - [2025-02-10T13:15:36.178+0600] {dag.py:3239} INFO - Sync 1 DAGs
[2025-02-10T13:15:36.206+0600] {logging_mixin.py:190} INFO - [2025-02-10T13:15:36.206+0600] {dag.py:4180} INFO - Setting next_dagrun for example_branch_dop_operator_v3 to 2025-02-10 07:14:00+00:00, run_after=2025-02-10 07:15:00+00:00
[2025-02-10T13:15:36.234+0600] {processor.py:208} INFO - Processing /home/shamim/airflow_git/Airflow_project/air_venv/lib/python3.12/site-packages/airflow/example_dags/example_branch_python_dop_operator_3.py took 0.106 seconds
[2025-02-10T13:16:44.985+0600] {processor.py:186} INFO - Started process (PID=15391) to work on /home/shamim/airflow_git/Airflow_project/air_venv/lib/python3.12/site-packages/airflow/example_dags/example_branch_python_dop_operator_3.py
[2025-02-10T13:16:44.990+0600] {processor.py:914} INFO - Processing file /home/shamim/airflow_git/Airflow_project/air_venv/lib/python3.12/site-packages/airflow/example_dags/example_branch_python_dop_operator_3.py for tasks to queue
[2025-02-10T13:16:44.993+0600] {logging_mixin.py:190} INFO - [2025-02-10T13:16:44.993+0600] {dagbag.py:588} INFO - Filling up the DagBag from /home/shamim/airflow_git/Airflow_project/air_venv/lib/python3.12/site-packages/airflow/example_dags/example_branch_python_dop_operator_3.py
[2025-02-10T13:16:45.006+0600] {processor.py:925} INFO - DAG(s) 'example_branch_dop_operator_v3' retrieved from /home/shamim/airflow_git/Airflow_project/air_venv/lib/python3.12/site-packages/airflow/example_dags/example_branch_python_dop_operator_3.py
[2025-02-10T13:16:45.025+0600] {logging_mixin.py:190} INFO - [2025-02-10T13:16:45.024+0600] {dag.py:3239} INFO - Sync 1 DAGs
[2025-02-10T13:16:45.052+0600] {logging_mixin.py:190} INFO - [2025-02-10T13:16:45.052+0600] {dag.py:4180} INFO - Setting next_dagrun for example_branch_dop_operator_v3 to 2025-02-10 07:15:00+00:00, run_after=2025-02-10 07:16:00+00:00
[2025-02-10T13:16:45.078+0600] {processor.py:208} INFO - Processing /home/shamim/airflow_git/Airflow_project/air_venv/lib/python3.12/site-packages/airflow/example_dags/example_branch_python_dop_operator_3.py took 0.103 seconds
[2025-02-10T13:17:56.764+0600] {processor.py:186} INFO - Started process (PID=15597) to work on /home/shamim/airflow_git/Airflow_project/air_venv/lib/python3.12/site-packages/airflow/example_dags/example_branch_python_dop_operator_3.py
[2025-02-10T13:17:56.771+0600] {processor.py:914} INFO - Processing file /home/shamim/airflow_git/Airflow_project/air_venv/lib/python3.12/site-packages/airflow/example_dags/example_branch_python_dop_operator_3.py for tasks to queue
[2025-02-10T13:17:56.775+0600] {logging_mixin.py:190} INFO - [2025-02-10T13:17:56.775+0600] {dagbag.py:588} INFO - Filling up the DagBag from /home/shamim/airflow_git/Airflow_project/air_venv/lib/python3.12/site-packages/airflow/example_dags/example_branch_python_dop_operator_3.py
[2025-02-10T13:17:56.793+0600] {processor.py:925} INFO - DAG(s) 'example_branch_dop_operator_v3' retrieved from /home/shamim/airflow_git/Airflow_project/air_venv/lib/python3.12/site-packages/airflow/example_dags/example_branch_python_dop_operator_3.py
[2025-02-10T13:17:56.815+0600] {logging_mixin.py:190} INFO - [2025-02-10T13:17:56.815+0600] {dag.py:3239} INFO - Sync 1 DAGs
[2025-02-10T13:17:56.854+0600] {logging_mixin.py:190} INFO - [2025-02-10T13:17:56.853+0600] {dag.py:4180} INFO - Setting next_dagrun for example_branch_dop_operator_v3 to 2025-02-10 07:16:00+00:00, run_after=2025-02-10 07:17:00+00:00
[2025-02-10T13:17:56.882+0600] {processor.py:208} INFO - Processing /home/shamim/airflow_git/Airflow_project/air_venv/lib/python3.12/site-packages/airflow/example_dags/example_branch_python_dop_operator_3.py took 0.154 seconds
[2025-02-10T13:19:15.431+0600] {processor.py:186} INFO - Started process (PID=15977) to work on /home/shamim/airflow_git/Airflow_project/air_venv/lib/python3.12/site-packages/airflow/example_dags/example_branch_python_dop_operator_3.py
[2025-02-10T13:19:15.437+0600] {processor.py:914} INFO - Processing file /home/shamim/airflow_git/Airflow_project/air_venv/lib/python3.12/site-packages/airflow/example_dags/example_branch_python_dop_operator_3.py for tasks to queue
[2025-02-10T13:19:15.439+0600] {logging_mixin.py:190} INFO - [2025-02-10T13:19:15.438+0600] {dagbag.py:588} INFO - Filling up the DagBag from /home/shamim/airflow_git/Airflow_project/air_venv/lib/python3.12/site-packages/airflow/example_dags/example_branch_python_dop_operator_3.py
[2025-02-10T13:19:15.452+0600] {processor.py:925} INFO - DAG(s) 'example_branch_dop_operator_v3' retrieved from /home/shamim/airflow_git/Airflow_project/air_venv/lib/python3.12/site-packages/airflow/example_dags/example_branch_python_dop_operator_3.py
[2025-02-10T13:19:15.471+0600] {logging_mixin.py:190} INFO - [2025-02-10T13:19:15.470+0600] {dag.py:3239} INFO - Sync 1 DAGs
[2025-02-10T13:19:15.500+0600] {logging_mixin.py:190} INFO - [2025-02-10T13:19:15.500+0600] {dag.py:4180} INFO - Setting next_dagrun for example_branch_dop_operator_v3 to 2025-02-10 07:18:00+00:00, run_after=2025-02-10 07:19:00+00:00
[2025-02-10T13:19:15.527+0600] {processor.py:208} INFO - Processing /home/shamim/airflow_git/Airflow_project/air_venv/lib/python3.12/site-packages/airflow/example_dags/example_branch_python_dop_operator_3.py took 0.106 seconds
[2025-02-10T13:20:29.314+0600] {processor.py:186} INFO - Started process (PID=16558) to work on /home/shamim/airflow_git/Airflow_project/air_venv/lib/python3.12/site-packages/airflow/example_dags/example_branch_python_dop_operator_3.py
[2025-02-10T13:20:29.320+0600] {processor.py:914} INFO - Processing file /home/shamim/airflow_git/Airflow_project/air_venv/lib/python3.12/site-packages/airflow/example_dags/example_branch_python_dop_operator_3.py for tasks to queue
[2025-02-10T13:20:29.322+0600] {logging_mixin.py:190} INFO - [2025-02-10T13:20:29.322+0600] {dagbag.py:588} INFO - Filling up the DagBag from /home/shamim/airflow_git/Airflow_project/air_venv/lib/python3.12/site-packages/airflow/example_dags/example_branch_python_dop_operator_3.py
[2025-02-10T13:20:29.335+0600] {processor.py:925} INFO - DAG(s) 'example_branch_dop_operator_v3' retrieved from /home/shamim/airflow_git/Airflow_project/air_venv/lib/python3.12/site-packages/airflow/example_dags/example_branch_python_dop_operator_3.py
[2025-02-10T13:20:29.353+0600] {logging_mixin.py:190} INFO - [2025-02-10T13:20:29.353+0600] {dag.py:3239} INFO - Sync 1 DAGs
[2025-02-10T13:20:29.382+0600] {logging_mixin.py:190} INFO - [2025-02-10T13:20:29.382+0600] {dag.py:4180} INFO - Setting next_dagrun for example_branch_dop_operator_v3 to 2025-02-10 07:19:00+00:00, run_after=2025-02-10 07:20:00+00:00
[2025-02-10T13:20:29.414+0600] {processor.py:208} INFO - Processing /home/shamim/airflow_git/Airflow_project/air_venv/lib/python3.12/site-packages/airflow/example_dags/example_branch_python_dop_operator_3.py took 0.110 seconds
[2025-02-10T13:21:43.017+0600] {processor.py:186} INFO - Started process (PID=17143) to work on /home/shamim/airflow_git/Airflow_project/air_venv/lib/python3.12/site-packages/airflow/example_dags/example_branch_python_dop_operator_3.py
[2025-02-10T13:21:43.023+0600] {processor.py:914} INFO - Processing file /home/shamim/airflow_git/Airflow_project/air_venv/lib/python3.12/site-packages/airflow/example_dags/example_branch_python_dop_operator_3.py for tasks to queue
[2025-02-10T13:21:43.025+0600] {logging_mixin.py:190} INFO - [2025-02-10T13:21:43.024+0600] {dagbag.py:588} INFO - Filling up the DagBag from /home/shamim/airflow_git/Airflow_project/air_venv/lib/python3.12/site-packages/airflow/example_dags/example_branch_python_dop_operator_3.py
[2025-02-10T13:21:43.042+0600] {processor.py:925} INFO - DAG(s) 'example_branch_dop_operator_v3' retrieved from /home/shamim/airflow_git/Airflow_project/air_venv/lib/python3.12/site-packages/airflow/example_dags/example_branch_python_dop_operator_3.py
[2025-02-10T13:21:43.066+0600] {logging_mixin.py:190} INFO - [2025-02-10T13:21:43.066+0600] {dag.py:3239} INFO - Sync 1 DAGs
[2025-02-10T13:21:43.107+0600] {logging_mixin.py:190} INFO - [2025-02-10T13:21:43.106+0600] {dag.py:4180} INFO - Setting next_dagrun for example_branch_dop_operator_v3 to 2025-02-10 07:20:00+00:00, run_after=2025-02-10 07:21:00+00:00
[2025-02-10T13:21:43.142+0600] {processor.py:208} INFO - Processing /home/shamim/airflow_git/Airflow_project/air_venv/lib/python3.12/site-packages/airflow/example_dags/example_branch_python_dop_operator_3.py took 0.140 seconds
[2025-02-10T13:23:01.331+0600] {processor.py:186} INFO - Started process (PID=17423) to work on /home/shamim/airflow_git/Airflow_project/air_venv/lib/python3.12/site-packages/airflow/example_dags/example_branch_python_dop_operator_3.py
[2025-02-10T13:23:01.332+0600] {processor.py:914} INFO - Processing file /home/shamim/airflow_git/Airflow_project/air_venv/lib/python3.12/site-packages/airflow/example_dags/example_branch_python_dop_operator_3.py for tasks to queue
[2025-02-10T13:23:01.334+0600] {logging_mixin.py:190} INFO - [2025-02-10T13:23:01.333+0600] {dagbag.py:588} INFO - Filling up the DagBag from /home/shamim/airflow_git/Airflow_project/air_venv/lib/python3.12/site-packages/airflow/example_dags/example_branch_python_dop_operator_3.py
[2025-02-10T13:23:01.352+0600] {processor.py:925} INFO - DAG(s) 'example_branch_dop_operator_v3' retrieved from /home/shamim/airflow_git/Airflow_project/air_venv/lib/python3.12/site-packages/airflow/example_dags/example_branch_python_dop_operator_3.py
[2025-02-10T13:23:01.385+0600] {logging_mixin.py:190} INFO - [2025-02-10T13:23:01.385+0600] {dag.py:3239} INFO - Sync 1 DAGs
[2025-02-10T13:23:01.454+0600] {logging_mixin.py:190} INFO - [2025-02-10T13:23:01.454+0600] {dag.py:4180} INFO - Setting next_dagrun for example_branch_dop_operator_v3 to 2025-02-10 07:22:00+00:00, run_after=2025-02-10 07:23:00+00:00
[2025-02-10T13:23:01.513+0600] {processor.py:208} INFO - Processing /home/shamim/airflow_git/Airflow_project/air_venv/lib/python3.12/site-packages/airflow/example_dags/example_branch_python_dop_operator_3.py took 0.195 seconds
[2025-02-10T13:24:15.158+0600] {processor.py:186} INFO - Started process (PID=17542) to work on /home/shamim/airflow_git/Airflow_project/air_venv/lib/python3.12/site-packages/airflow/example_dags/example_branch_python_dop_operator_3.py
[2025-02-10T13:24:15.164+0600] {processor.py:914} INFO - Processing file /home/shamim/airflow_git/Airflow_project/air_venv/lib/python3.12/site-packages/airflow/example_dags/example_branch_python_dop_operator_3.py for tasks to queue
[2025-02-10T13:24:15.166+0600] {logging_mixin.py:190} INFO - [2025-02-10T13:24:15.165+0600] {dagbag.py:588} INFO - Filling up the DagBag from /home/shamim/airflow_git/Airflow_project/air_venv/lib/python3.12/site-packages/airflow/example_dags/example_branch_python_dop_operator_3.py
[2025-02-10T13:24:15.179+0600] {processor.py:925} INFO - DAG(s) 'example_branch_dop_operator_v3' retrieved from /home/shamim/airflow_git/Airflow_project/air_venv/lib/python3.12/site-packages/airflow/example_dags/example_branch_python_dop_operator_3.py
[2025-02-10T13:24:15.197+0600] {logging_mixin.py:190} INFO - [2025-02-10T13:24:15.197+0600] {dag.py:3239} INFO - Sync 1 DAGs
[2025-02-10T13:24:15.225+0600] {logging_mixin.py:190} INFO - [2025-02-10T13:24:15.225+0600] {dag.py:4180} INFO - Setting next_dagrun for example_branch_dop_operator_v3 to 2025-02-10 07:23:00+00:00, run_after=2025-02-10 07:24:00+00:00
[2025-02-10T13:24:15.252+0600] {processor.py:208} INFO - Processing /home/shamim/airflow_git/Airflow_project/air_venv/lib/python3.12/site-packages/airflow/example_dags/example_branch_python_dop_operator_3.py took 0.104 seconds
[2025-02-10T13:25:28.569+0600] {processor.py:186} INFO - Started process (PID=17746) to work on /home/shamim/airflow_git/Airflow_project/air_venv/lib/python3.12/site-packages/airflow/example_dags/example_branch_python_dop_operator_3.py
[2025-02-10T13:25:28.585+0600] {processor.py:914} INFO - Processing file /home/shamim/airflow_git/Airflow_project/air_venv/lib/python3.12/site-packages/airflow/example_dags/example_branch_python_dop_operator_3.py for tasks to queue
[2025-02-10T13:25:28.587+0600] {logging_mixin.py:190} INFO - [2025-02-10T13:25:28.586+0600] {dagbag.py:588} INFO - Filling up the DagBag from /home/shamim/airflow_git/Airflow_project/air_venv/lib/python3.12/site-packages/airflow/example_dags/example_branch_python_dop_operator_3.py
[2025-02-10T13:25:28.600+0600] {processor.py:925} INFO - DAG(s) 'example_branch_dop_operator_v3' retrieved from /home/shamim/airflow_git/Airflow_project/air_venv/lib/python3.12/site-packages/airflow/example_dags/example_branch_python_dop_operator_3.py
[2025-02-10T13:25:28.618+0600] {logging_mixin.py:190} INFO - [2025-02-10T13:25:28.617+0600] {dag.py:3239} INFO - Sync 1 DAGs
[2025-02-10T13:25:28.646+0600] {logging_mixin.py:190} INFO - [2025-02-10T13:25:28.646+0600] {dag.py:4180} INFO - Setting next_dagrun for example_branch_dop_operator_v3 to 2025-02-10 07:24:00+00:00, run_after=2025-02-10 07:25:00+00:00
[2025-02-10T13:25:28.668+0600] {processor.py:208} INFO - Processing /home/shamim/airflow_git/Airflow_project/air_venv/lib/python3.12/site-packages/airflow/example_dags/example_branch_python_dop_operator_3.py took 0.109 seconds
[2025-02-10T13:26:47.161+0600] {processor.py:186} INFO - Started process (PID=17857) to work on /home/shamim/airflow_git/Airflow_project/air_venv/lib/python3.12/site-packages/airflow/example_dags/example_branch_python_dop_operator_3.py
[2025-02-10T13:26:47.167+0600] {processor.py:914} INFO - Processing file /home/shamim/airflow_git/Airflow_project/air_venv/lib/python3.12/site-packages/airflow/example_dags/example_branch_python_dop_operator_3.py for tasks to queue
[2025-02-10T13:26:47.169+0600] {logging_mixin.py:190} INFO - [2025-02-10T13:26:47.168+0600] {dagbag.py:588} INFO - Filling up the DagBag from /home/shamim/airflow_git/Airflow_project/air_venv/lib/python3.12/site-packages/airflow/example_dags/example_branch_python_dop_operator_3.py
[2025-02-10T13:26:47.182+0600] {processor.py:925} INFO - DAG(s) 'example_branch_dop_operator_v3' retrieved from /home/shamim/airflow_git/Airflow_project/air_venv/lib/python3.12/site-packages/airflow/example_dags/example_branch_python_dop_operator_3.py
[2025-02-10T13:26:47.200+0600] {logging_mixin.py:190} INFO - [2025-02-10T13:26:47.200+0600] {dag.py:3239} INFO - Sync 1 DAGs
[2025-02-10T13:26:47.228+0600] {logging_mixin.py:190} INFO - [2025-02-10T13:26:47.228+0600] {dag.py:4180} INFO - Setting next_dagrun for example_branch_dop_operator_v3 to 2025-02-10 07:25:00+00:00, run_after=2025-02-10 07:26:00+00:00
[2025-02-10T13:26:47.263+0600] {processor.py:208} INFO - Processing /home/shamim/airflow_git/Airflow_project/air_venv/lib/python3.12/site-packages/airflow/example_dags/example_branch_python_dop_operator_3.py took 0.112 seconds
[2025-02-10T13:28:11.415+0600] {processor.py:186} INFO - Started process (PID=18286) to work on /home/shamim/airflow_git/Airflow_project/air_venv/lib/python3.12/site-packages/airflow/example_dags/example_branch_python_dop_operator_3.py
[2025-02-10T13:28:11.422+0600] {processor.py:914} INFO - Processing file /home/shamim/airflow_git/Airflow_project/air_venv/lib/python3.12/site-packages/airflow/example_dags/example_branch_python_dop_operator_3.py for tasks to queue
[2025-02-10T13:28:11.424+0600] {logging_mixin.py:190} INFO - [2025-02-10T13:28:11.423+0600] {dagbag.py:588} INFO - Filling up the DagBag from /home/shamim/airflow_git/Airflow_project/air_venv/lib/python3.12/site-packages/airflow/example_dags/example_branch_python_dop_operator_3.py
[2025-02-10T13:28:11.439+0600] {processor.py:925} INFO - DAG(s) 'example_branch_dop_operator_v3' retrieved from /home/shamim/airflow_git/Airflow_project/air_venv/lib/python3.12/site-packages/airflow/example_dags/example_branch_python_dop_operator_3.py
[2025-02-10T13:28:11.457+0600] {logging_mixin.py:190} INFO - [2025-02-10T13:28:11.456+0600] {dag.py:3239} INFO - Sync 1 DAGs
[2025-02-10T13:28:11.485+0600] {logging_mixin.py:190} INFO - [2025-02-10T13:28:11.484+0600] {dag.py:4180} INFO - Setting next_dagrun for example_branch_dop_operator_v3 to 2025-02-10 07:27:00+00:00, run_after=2025-02-10 07:28:00+00:00
[2025-02-10T13:28:11.519+0600] {processor.py:208} INFO - Processing /home/shamim/airflow_git/Airflow_project/air_venv/lib/python3.12/site-packages/airflow/example_dags/example_branch_python_dop_operator_3.py took 0.115 seconds
[2025-02-10T13:29:31.701+0600] {processor.py:186} INFO - Started process (PID=18734) to work on /home/shamim/airflow_git/Airflow_project/air_venv/lib/python3.12/site-packages/airflow/example_dags/example_branch_python_dop_operator_3.py
[2025-02-10T13:29:32.757+0600] {processor.py:914} INFO - Processing file /home/shamim/airflow_git/Airflow_project/air_venv/lib/python3.12/site-packages/airflow/example_dags/example_branch_python_dop_operator_3.py for tasks to queue
[2025-02-10T13:29:32.761+0600] {logging_mixin.py:190} INFO - [2025-02-10T13:29:32.760+0600] {dagbag.py:588} INFO - Filling up the DagBag from /home/shamim/airflow_git/Airflow_project/air_venv/lib/python3.12/site-packages/airflow/example_dags/example_branch_python_dop_operator_3.py
[2025-02-10T13:29:32.795+0600] {processor.py:925} INFO - DAG(s) 'example_branch_dop_operator_v3' retrieved from /home/shamim/airflow_git/Airflow_project/air_venv/lib/python3.12/site-packages/airflow/example_dags/example_branch_python_dop_operator_3.py
[2025-02-10T13:29:32.814+0600] {logging_mixin.py:190} INFO - [2025-02-10T13:29:32.814+0600] {dag.py:3239} INFO - Sync 1 DAGs
[2025-02-10T13:29:32.859+0600] {logging_mixin.py:190} INFO - [2025-02-10T13:29:32.858+0600] {dag.py:4180} INFO - Setting next_dagrun for example_branch_dop_operator_v3 to 2025-02-10 07:28:00+00:00, run_after=2025-02-10 07:29:00+00:00
[2025-02-10T13:29:32.884+0600] {processor.py:208} INFO - Processing /home/shamim/airflow_git/Airflow_project/air_venv/lib/python3.12/site-packages/airflow/example_dags/example_branch_python_dop_operator_3.py took 1.194 seconds
[2025-02-10T13:30:55.939+0600] {processor.py:186} INFO - Started process (PID=18859) to work on /home/shamim/airflow_git/Airflow_project/air_venv/lib/python3.12/site-packages/airflow/example_dags/example_branch_python_dop_operator_3.py
[2025-02-10T13:30:55.945+0600] {processor.py:914} INFO - Processing file /home/shamim/airflow_git/Airflow_project/air_venv/lib/python3.12/site-packages/airflow/example_dags/example_branch_python_dop_operator_3.py for tasks to queue
[2025-02-10T13:30:55.947+0600] {logging_mixin.py:190} INFO - [2025-02-10T13:30:55.947+0600] {dagbag.py:588} INFO - Filling up the DagBag from /home/shamim/airflow_git/Airflow_project/air_venv/lib/python3.12/site-packages/airflow/example_dags/example_branch_python_dop_operator_3.py
[2025-02-10T13:30:55.960+0600] {processor.py:925} INFO - DAG(s) 'example_branch_dop_operator_v3' retrieved from /home/shamim/airflow_git/Airflow_project/air_venv/lib/python3.12/site-packages/airflow/example_dags/example_branch_python_dop_operator_3.py
[2025-02-10T13:30:55.979+0600] {logging_mixin.py:190} INFO - [2025-02-10T13:30:55.978+0600] {dag.py:3239} INFO - Sync 1 DAGs
[2025-02-10T13:30:56.007+0600] {logging_mixin.py:190} INFO - [2025-02-10T13:30:56.007+0600] {dag.py:4180} INFO - Setting next_dagrun for example_branch_dop_operator_v3 to 2025-02-10 07:29:00+00:00, run_after=2025-02-10 07:30:00+00:00
[2025-02-10T13:30:56.042+0600] {processor.py:208} INFO - Processing /home/shamim/airflow_git/Airflow_project/air_venv/lib/python3.12/site-packages/airflow/example_dags/example_branch_python_dop_operator_3.py took 0.113 seconds
[2025-02-10T13:32:09.415+0600] {processor.py:186} INFO - Started process (PID=18966) to work on /home/shamim/airflow_git/Airflow_project/air_venv/lib/python3.12/site-packages/airflow/example_dags/example_branch_python_dop_operator_3.py
[2025-02-10T13:32:09.421+0600] {processor.py:914} INFO - Processing file /home/shamim/airflow_git/Airflow_project/air_venv/lib/python3.12/site-packages/airflow/example_dags/example_branch_python_dop_operator_3.py for tasks to queue
[2025-02-10T13:32:09.423+0600] {logging_mixin.py:190} INFO - [2025-02-10T13:32:09.422+0600] {dagbag.py:588} INFO - Filling up the DagBag from /home/shamim/airflow_git/Airflow_project/air_venv/lib/python3.12/site-packages/airflow/example_dags/example_branch_python_dop_operator_3.py
[2025-02-10T13:32:09.440+0600] {processor.py:925} INFO - DAG(s) 'example_branch_dop_operator_v3' retrieved from /home/shamim/airflow_git/Airflow_project/air_venv/lib/python3.12/site-packages/airflow/example_dags/example_branch_python_dop_operator_3.py
[2025-02-10T13:32:09.458+0600] {logging_mixin.py:190} INFO - [2025-02-10T13:32:09.457+0600] {dag.py:3239} INFO - Sync 1 DAGs
[2025-02-10T13:32:09.486+0600] {logging_mixin.py:190} INFO - [2025-02-10T13:32:09.486+0600] {dag.py:4180} INFO - Setting next_dagrun for example_branch_dop_operator_v3 to 2025-02-10 07:31:00+00:00, run_after=2025-02-10 07:32:00+00:00
[2025-02-10T13:32:09.520+0600] {processor.py:208} INFO - Processing /home/shamim/airflow_git/Airflow_project/air_venv/lib/python3.12/site-packages/airflow/example_dags/example_branch_python_dop_operator_3.py took 0.117 seconds
[2025-02-10T13:33:29.693+0600] {processor.py:186} INFO - Started process (PID=19125) to work on /home/shamim/airflow_git/Airflow_project/air_venv/lib/python3.12/site-packages/airflow/example_dags/example_branch_python_dop_operator_3.py
[2025-02-10T13:33:29.699+0600] {processor.py:914} INFO - Processing file /home/shamim/airflow_git/Airflow_project/air_venv/lib/python3.12/site-packages/airflow/example_dags/example_branch_python_dop_operator_3.py for tasks to queue
[2025-02-10T13:33:29.701+0600] {logging_mixin.py:190} INFO - [2025-02-10T13:33:29.700+0600] {dagbag.py:588} INFO - Filling up the DagBag from /home/shamim/airflow_git/Airflow_project/air_venv/lib/python3.12/site-packages/airflow/example_dags/example_branch_python_dop_operator_3.py
[2025-02-10T13:33:29.714+0600] {processor.py:925} INFO - DAG(s) 'example_branch_dop_operator_v3' retrieved from /home/shamim/airflow_git/Airflow_project/air_venv/lib/python3.12/site-packages/airflow/example_dags/example_branch_python_dop_operator_3.py
[2025-02-10T13:33:29.732+0600] {logging_mixin.py:190} INFO - [2025-02-10T13:33:29.732+0600] {dag.py:3239} INFO - Sync 1 DAGs
[2025-02-10T13:33:29.922+0600] {logging_mixin.py:190} INFO - [2025-02-10T13:33:29.922+0600] {dag.py:4180} INFO - Setting next_dagrun for example_branch_dop_operator_v3 to 2025-02-10 07:32:00+00:00, run_after=2025-02-10 07:33:00+00:00
[2025-02-10T13:33:29.947+0600] {processor.py:208} INFO - Processing /home/shamim/airflow_git/Airflow_project/air_venv/lib/python3.12/site-packages/airflow/example_dags/example_branch_python_dop_operator_3.py took 0.265 seconds
[2025-02-10T13:34:47.518+0600] {processor.py:186} INFO - Started process (PID=19381) to work on /home/shamim/airflow_git/Airflow_project/air_venv/lib/python3.12/site-packages/airflow/example_dags/example_branch_python_dop_operator_3.py
[2025-02-10T13:34:47.524+0600] {processor.py:914} INFO - Processing file /home/shamim/airflow_git/Airflow_project/air_venv/lib/python3.12/site-packages/airflow/example_dags/example_branch_python_dop_operator_3.py for tasks to queue
[2025-02-10T13:34:47.526+0600] {logging_mixin.py:190} INFO - [2025-02-10T13:34:47.525+0600] {dagbag.py:588} INFO - Filling up the DagBag from /home/shamim/airflow_git/Airflow_project/air_venv/lib/python3.12/site-packages/airflow/example_dags/example_branch_python_dop_operator_3.py
[2025-02-10T13:34:47.541+0600] {processor.py:925} INFO - DAG(s) 'example_branch_dop_operator_v3' retrieved from /home/shamim/airflow_git/Airflow_project/air_venv/lib/python3.12/site-packages/airflow/example_dags/example_branch_python_dop_operator_3.py
[2025-02-10T13:34:47.559+0600] {logging_mixin.py:190} INFO - [2025-02-10T13:34:47.559+0600] {dag.py:3239} INFO - Sync 1 DAGs
[2025-02-10T13:34:47.740+0600] {logging_mixin.py:190} INFO - [2025-02-10T13:34:47.739+0600] {dag.py:4180} INFO - Setting next_dagrun for example_branch_dop_operator_v3 to 2025-02-10 07:33:00+00:00, run_after=2025-02-10 07:34:00+00:00
[2025-02-10T13:34:47.765+0600] {processor.py:208} INFO - Processing /home/shamim/airflow_git/Airflow_project/air_venv/lib/python3.12/site-packages/airflow/example_dags/example_branch_python_dop_operator_3.py took 0.259 seconds
[2025-02-10T13:36:04.638+0600] {processor.py:186} INFO - Started process (PID=19472) to work on /home/shamim/airflow_git/Airflow_project/air_venv/lib/python3.12/site-packages/airflow/example_dags/example_branch_python_dop_operator_3.py
[2025-02-10T13:36:04.644+0600] {processor.py:914} INFO - Processing file /home/shamim/airflow_git/Airflow_project/air_venv/lib/python3.12/site-packages/airflow/example_dags/example_branch_python_dop_operator_3.py for tasks to queue
[2025-02-10T13:36:04.646+0600] {logging_mixin.py:190} INFO - [2025-02-10T13:36:04.645+0600] {dagbag.py:588} INFO - Filling up the DagBag from /home/shamim/airflow_git/Airflow_project/air_venv/lib/python3.12/site-packages/airflow/example_dags/example_branch_python_dop_operator_3.py
[2025-02-10T13:36:04.659+0600] {processor.py:925} INFO - DAG(s) 'example_branch_dop_operator_v3' retrieved from /home/shamim/airflow_git/Airflow_project/air_venv/lib/python3.12/site-packages/airflow/example_dags/example_branch_python_dop_operator_3.py
[2025-02-10T13:36:04.677+0600] {logging_mixin.py:190} INFO - [2025-02-10T13:36:04.677+0600] {dag.py:3239} INFO - Sync 1 DAGs
[2025-02-10T13:36:04.860+0600] {logging_mixin.py:190} INFO - [2025-02-10T13:36:04.860+0600] {dag.py:4180} INFO - Setting next_dagrun for example_branch_dop_operator_v3 to 2025-02-10 07:35:00+00:00, run_after=2025-02-10 07:36:00+00:00
[2025-02-10T13:36:04.886+0600] {processor.py:208} INFO - Processing /home/shamim/airflow_git/Airflow_project/air_venv/lib/python3.12/site-packages/airflow/example_dags/example_branch_python_dop_operator_3.py took 0.258 seconds
[2025-02-10T13:37:29.761+0600] {processor.py:186} INFO - Started process (PID=19600) to work on /home/shamim/airflow_git/Airflow_project/air_venv/lib/python3.12/site-packages/airflow/example_dags/example_branch_python_dop_operator_3.py
[2025-02-10T13:37:29.767+0600] {processor.py:914} INFO - Processing file /home/shamim/airflow_git/Airflow_project/air_venv/lib/python3.12/site-packages/airflow/example_dags/example_branch_python_dop_operator_3.py for tasks to queue
[2025-02-10T13:37:29.769+0600] {logging_mixin.py:190} INFO - [2025-02-10T13:37:29.769+0600] {dagbag.py:588} INFO - Filling up the DagBag from /home/shamim/airflow_git/Airflow_project/air_venv/lib/python3.12/site-packages/airflow/example_dags/example_branch_python_dop_operator_3.py
[2025-02-10T13:37:29.787+0600] {processor.py:925} INFO - DAG(s) 'example_branch_dop_operator_v3' retrieved from /home/shamim/airflow_git/Airflow_project/air_venv/lib/python3.12/site-packages/airflow/example_dags/example_branch_python_dop_operator_3.py
[2025-02-10T13:37:29.813+0600] {logging_mixin.py:190} INFO - [2025-02-10T13:37:29.812+0600] {dag.py:3239} INFO - Sync 1 DAGs
[2025-02-10T13:37:29.841+0600] {logging_mixin.py:190} INFO - [2025-02-10T13:37:29.841+0600] {dag.py:4180} INFO - Setting next_dagrun for example_branch_dop_operator_v3 to 2025-02-10 07:36:00+00:00, run_after=2025-02-10 07:37:00+00:00
[2025-02-10T13:37:29.876+0600] {processor.py:208} INFO - Processing /home/shamim/airflow_git/Airflow_project/air_venv/lib/python3.12/site-packages/airflow/example_dags/example_branch_python_dop_operator_3.py took 0.128 seconds
[2025-02-10T13:38:47.152+0600] {processor.py:186} INFO - Started process (PID=19744) to work on /home/shamim/airflow_git/Airflow_project/air_venv/lib/python3.12/site-packages/airflow/example_dags/example_branch_python_dop_operator_3.py
[2025-02-10T13:38:47.159+0600] {processor.py:914} INFO - Processing file /home/shamim/airflow_git/Airflow_project/air_venv/lib/python3.12/site-packages/airflow/example_dags/example_branch_python_dop_operator_3.py for tasks to queue
[2025-02-10T13:38:47.160+0600] {logging_mixin.py:190} INFO - [2025-02-10T13:38:47.160+0600] {dagbag.py:588} INFO - Filling up the DagBag from /home/shamim/airflow_git/Airflow_project/air_venv/lib/python3.12/site-packages/airflow/example_dags/example_branch_python_dop_operator_3.py
[2025-02-10T13:38:47.175+0600] {processor.py:925} INFO - DAG(s) 'example_branch_dop_operator_v3' retrieved from /home/shamim/airflow_git/Airflow_project/air_venv/lib/python3.12/site-packages/airflow/example_dags/example_branch_python_dop_operator_3.py
[2025-02-10T13:38:47.193+0600] {logging_mixin.py:190} INFO - [2025-02-10T13:38:47.192+0600] {dag.py:3239} INFO - Sync 1 DAGs
[2025-02-10T13:38:47.220+0600] {logging_mixin.py:190} INFO - [2025-02-10T13:38:47.220+0600] {dag.py:4180} INFO - Setting next_dagrun for example_branch_dop_operator_v3 to 2025-02-10 07:37:00+00:00, run_after=2025-02-10 07:38:00+00:00
[2025-02-10T13:38:47.256+0600] {processor.py:208} INFO - Processing /home/shamim/airflow_git/Airflow_project/air_venv/lib/python3.12/site-packages/airflow/example_dags/example_branch_python_dop_operator_3.py took 0.113 seconds
[2025-02-10T13:40:06.763+0600] {processor.py:186} INFO - Started process (PID=19892) to work on /home/shamim/airflow_git/Airflow_project/air_venv/lib/python3.12/site-packages/airflow/example_dags/example_branch_python_dop_operator_3.py
[2025-02-10T13:40:06.769+0600] {processor.py:914} INFO - Processing file /home/shamim/airflow_git/Airflow_project/air_venv/lib/python3.12/site-packages/airflow/example_dags/example_branch_python_dop_operator_3.py for tasks to queue
[2025-02-10T13:40:06.771+0600] {logging_mixin.py:190} INFO - [2025-02-10T13:40:06.770+0600] {dagbag.py:588} INFO - Filling up the DagBag from /home/shamim/airflow_git/Airflow_project/air_venv/lib/python3.12/site-packages/airflow/example_dags/example_branch_python_dop_operator_3.py
[2025-02-10T13:40:06.786+0600] {processor.py:925} INFO - DAG(s) 'example_branch_dop_operator_v3' retrieved from /home/shamim/airflow_git/Airflow_project/air_venv/lib/python3.12/site-packages/airflow/example_dags/example_branch_python_dop_operator_3.py
[2025-02-10T13:40:06.804+0600] {logging_mixin.py:190} INFO - [2025-02-10T13:40:06.804+0600] {dag.py:3239} INFO - Sync 1 DAGs
[2025-02-10T13:40:06.832+0600] {logging_mixin.py:190} INFO - [2025-02-10T13:40:06.832+0600] {dag.py:4180} INFO - Setting next_dagrun for example_branch_dop_operator_v3 to 2025-02-10 07:39:00+00:00, run_after=2025-02-10 07:40:00+00:00
[2025-02-10T13:40:06.999+0600] {processor.py:208} INFO - Processing /home/shamim/airflow_git/Airflow_project/air_venv/lib/python3.12/site-packages/airflow/example_dags/example_branch_python_dop_operator_3.py took 0.247 seconds
[2025-02-10T13:41:34.164+0600] {processor.py:186} INFO - Started process (PID=20028) to work on /home/shamim/airflow_git/Airflow_project/air_venv/lib/python3.12/site-packages/airflow/example_dags/example_branch_python_dop_operator_3.py
[2025-02-10T13:41:34.171+0600] {processor.py:914} INFO - Processing file /home/shamim/airflow_git/Airflow_project/air_venv/lib/python3.12/site-packages/airflow/example_dags/example_branch_python_dop_operator_3.py for tasks to queue
[2025-02-10T13:41:34.172+0600] {logging_mixin.py:190} INFO - [2025-02-10T13:41:34.172+0600] {dagbag.py:588} INFO - Filling up the DagBag from /home/shamim/airflow_git/Airflow_project/air_venv/lib/python3.12/site-packages/airflow/example_dags/example_branch_python_dop_operator_3.py
[2025-02-10T13:41:34.187+0600] {processor.py:925} INFO - DAG(s) 'example_branch_dop_operator_v3' retrieved from /home/shamim/airflow_git/Airflow_project/air_venv/lib/python3.12/site-packages/airflow/example_dags/example_branch_python_dop_operator_3.py
[2025-02-10T13:41:34.204+0600] {logging_mixin.py:190} INFO - [2025-02-10T13:41:34.204+0600] {dag.py:3239} INFO - Sync 1 DAGs
[2025-02-10T13:41:34.233+0600] {logging_mixin.py:190} INFO - [2025-02-10T13:41:34.233+0600] {dag.py:4180} INFO - Setting next_dagrun for example_branch_dop_operator_v3 to 2025-02-10 07:40:00+00:00, run_after=2025-02-10 07:41:00+00:00
[2025-02-10T13:41:34.282+0600] {processor.py:208} INFO - Processing /home/shamim/airflow_git/Airflow_project/air_venv/lib/python3.12/site-packages/airflow/example_dags/example_branch_python_dop_operator_3.py took 0.128 seconds
[2025-02-10T13:42:52.477+0600] {processor.py:186} INFO - Started process (PID=20185) to work on /home/shamim/airflow_git/Airflow_project/air_venv/lib/python3.12/site-packages/airflow/example_dags/example_branch_python_dop_operator_3.py
[2025-02-10T13:42:52.483+0600] {processor.py:914} INFO - Processing file /home/shamim/airflow_git/Airflow_project/air_venv/lib/python3.12/site-packages/airflow/example_dags/example_branch_python_dop_operator_3.py for tasks to queue
[2025-02-10T13:42:52.485+0600] {logging_mixin.py:190} INFO - [2025-02-10T13:42:52.484+0600] {dagbag.py:588} INFO - Filling up the DagBag from /home/shamim/airflow_git/Airflow_project/air_venv/lib/python3.12/site-packages/airflow/example_dags/example_branch_python_dop_operator_3.py
[2025-02-10T13:42:52.498+0600] {processor.py:925} INFO - DAG(s) 'example_branch_dop_operator_v3' retrieved from /home/shamim/airflow_git/Airflow_project/air_venv/lib/python3.12/site-packages/airflow/example_dags/example_branch_python_dop_operator_3.py
[2025-02-10T13:42:52.515+0600] {logging_mixin.py:190} INFO - [2025-02-10T13:42:52.515+0600] {dag.py:3239} INFO - Sync 1 DAGs
[2025-02-10T13:42:52.542+0600] {logging_mixin.py:190} INFO - [2025-02-10T13:42:52.542+0600] {dag.py:4180} INFO - Setting next_dagrun for example_branch_dop_operator_v3 to 2025-02-10 07:41:00+00:00, run_after=2025-02-10 07:42:00+00:00
[2025-02-10T13:42:52.578+0600] {processor.py:208} INFO - Processing /home/shamim/airflow_git/Airflow_project/air_venv/lib/python3.12/site-packages/airflow/example_dags/example_branch_python_dop_operator_3.py took 0.110 seconds
[2025-02-10T13:44:03.718+0600] {processor.py:186} INFO - Started process (PID=20317) to work on /home/shamim/airflow_git/Airflow_project/air_venv/lib/python3.12/site-packages/airflow/example_dags/example_branch_python_dop_operator_3.py
[2025-02-10T13:44:03.725+0600] {processor.py:914} INFO - Processing file /home/shamim/airflow_git/Airflow_project/air_venv/lib/python3.12/site-packages/airflow/example_dags/example_branch_python_dop_operator_3.py for tasks to queue
[2025-02-10T13:44:03.726+0600] {logging_mixin.py:190} INFO - [2025-02-10T13:44:03.726+0600] {dagbag.py:588} INFO - Filling up the DagBag from /home/shamim/airflow_git/Airflow_project/air_venv/lib/python3.12/site-packages/airflow/example_dags/example_branch_python_dop_operator_3.py
[2025-02-10T13:44:03.741+0600] {processor.py:925} INFO - DAG(s) 'example_branch_dop_operator_v3' retrieved from /home/shamim/airflow_git/Airflow_project/air_venv/lib/python3.12/site-packages/airflow/example_dags/example_branch_python_dop_operator_3.py
[2025-02-10T13:44:03.758+0600] {logging_mixin.py:190} INFO - [2025-02-10T13:44:03.758+0600] {dag.py:3239} INFO - Sync 1 DAGs
[2025-02-10T13:44:03.785+0600] {logging_mixin.py:190} INFO - [2025-02-10T13:44:03.785+0600] {dag.py:4180} INFO - Setting next_dagrun for example_branch_dop_operator_v3 to 2025-02-10 07:43:00+00:00, run_after=2025-02-10 07:44:00+00:00
[2025-02-10T13:44:03.821+0600] {processor.py:208} INFO - Processing /home/shamim/airflow_git/Airflow_project/air_venv/lib/python3.12/site-packages/airflow/example_dags/example_branch_python_dop_operator_3.py took 0.113 seconds
[2025-02-10T13:45:19.543+0600] {processor.py:186} INFO - Started process (PID=20432) to work on /home/shamim/airflow_git/Airflow_project/air_venv/lib/python3.12/site-packages/airflow/example_dags/example_branch_python_dop_operator_3.py
[2025-02-10T13:45:19.549+0600] {processor.py:914} INFO - Processing file /home/shamim/airflow_git/Airflow_project/air_venv/lib/python3.12/site-packages/airflow/example_dags/example_branch_python_dop_operator_3.py for tasks to queue
[2025-02-10T13:45:19.550+0600] {logging_mixin.py:190} INFO - [2025-02-10T13:45:19.550+0600] {dagbag.py:588} INFO - Filling up the DagBag from /home/shamim/airflow_git/Airflow_project/air_venv/lib/python3.12/site-packages/airflow/example_dags/example_branch_python_dop_operator_3.py
[2025-02-10T13:45:19.563+0600] {processor.py:925} INFO - DAG(s) 'example_branch_dop_operator_v3' retrieved from /home/shamim/airflow_git/Airflow_project/air_venv/lib/python3.12/site-packages/airflow/example_dags/example_branch_python_dop_operator_3.py
[2025-02-10T13:45:19.581+0600] {logging_mixin.py:190} INFO - [2025-02-10T13:45:19.581+0600] {dag.py:3239} INFO - Sync 1 DAGs
[2025-02-10T13:45:19.609+0600] {logging_mixin.py:190} INFO - [2025-02-10T13:45:19.609+0600] {dag.py:4180} INFO - Setting next_dagrun for example_branch_dop_operator_v3 to 2025-02-10 07:44:00+00:00, run_after=2025-02-10 07:45:00+00:00
[2025-02-10T13:45:19.645+0600] {processor.py:208} INFO - Processing /home/shamim/airflow_git/Airflow_project/air_venv/lib/python3.12/site-packages/airflow/example_dags/example_branch_python_dop_operator_3.py took 0.112 seconds
[2025-02-10T13:46:30.661+0600] {processor.py:186} INFO - Started process (PID=20566) to work on /home/shamim/airflow_git/Airflow_project/air_venv/lib/python3.12/site-packages/airflow/example_dags/example_branch_python_dop_operator_3.py
[2025-02-10T13:46:30.667+0600] {processor.py:914} INFO - Processing file /home/shamim/airflow_git/Airflow_project/air_venv/lib/python3.12/site-packages/airflow/example_dags/example_branch_python_dop_operator_3.py for tasks to queue
[2025-02-10T13:46:30.668+0600] {logging_mixin.py:190} INFO - [2025-02-10T13:46:30.668+0600] {dagbag.py:588} INFO - Filling up the DagBag from /home/shamim/airflow_git/Airflow_project/air_venv/lib/python3.12/site-packages/airflow/example_dags/example_branch_python_dop_operator_3.py
[2025-02-10T13:46:30.681+0600] {processor.py:925} INFO - DAG(s) 'example_branch_dop_operator_v3' retrieved from /home/shamim/airflow_git/Airflow_project/air_venv/lib/python3.12/site-packages/airflow/example_dags/example_branch_python_dop_operator_3.py
[2025-02-10T13:46:30.699+0600] {logging_mixin.py:190} INFO - [2025-02-10T13:46:30.698+0600] {dag.py:3239} INFO - Sync 1 DAGs
[2025-02-10T13:46:30.727+0600] {logging_mixin.py:190} INFO - [2025-02-10T13:46:30.726+0600] {dag.py:4180} INFO - Setting next_dagrun for example_branch_dop_operator_v3 to 2025-02-10 07:45:00+00:00, run_after=2025-02-10 07:46:00+00:00
[2025-02-10T13:46:30.761+0600] {processor.py:208} INFO - Processing /home/shamim/airflow_git/Airflow_project/air_venv/lib/python3.12/site-packages/airflow/example_dags/example_branch_python_dop_operator_3.py took 0.110 seconds
[2025-02-10T13:47:47.611+0600] {processor.py:186} INFO - Started process (PID=20967) to work on /home/shamim/airflow_git/Airflow_project/air_venv/lib/python3.12/site-packages/airflow/example_dags/example_branch_python_dop_operator_3.py
[2025-02-10T13:47:47.617+0600] {processor.py:914} INFO - Processing file /home/shamim/airflow_git/Airflow_project/air_venv/lib/python3.12/site-packages/airflow/example_dags/example_branch_python_dop_operator_3.py for tasks to queue
[2025-02-10T13:47:47.620+0600] {logging_mixin.py:190} INFO - [2025-02-10T13:47:47.619+0600] {dagbag.py:588} INFO - Filling up the DagBag from /home/shamim/airflow_git/Airflow_project/air_venv/lib/python3.12/site-packages/airflow/example_dags/example_branch_python_dop_operator_3.py
[2025-02-10T13:47:47.651+0600] {processor.py:925} INFO - DAG(s) 'example_branch_dop_operator_v3' retrieved from /home/shamim/airflow_git/Airflow_project/air_venv/lib/python3.12/site-packages/airflow/example_dags/example_branch_python_dop_operator_3.py
[2025-02-10T13:47:47.682+0600] {logging_mixin.py:190} INFO - [2025-02-10T13:47:47.682+0600] {dag.py:3239} INFO - Sync 1 DAGs
[2025-02-10T13:47:47.718+0600] {logging_mixin.py:190} INFO - [2025-02-10T13:47:47.717+0600] {dag.py:4180} INFO - Setting next_dagrun for example_branch_dop_operator_v3 to 2025-02-10 07:46:00+00:00, run_after=2025-02-10 07:47:00+00:00
[2025-02-10T13:47:47.742+0600] {processor.py:208} INFO - Processing /home/shamim/airflow_git/Airflow_project/air_venv/lib/python3.12/site-packages/airflow/example_dags/example_branch_python_dop_operator_3.py took 0.160 seconds
[2025-02-10T13:49:02.243+0600] {processor.py:186} INFO - Started process (PID=21123) to work on /home/shamim/airflow_git/Airflow_project/air_venv/lib/python3.12/site-packages/airflow/example_dags/example_branch_python_dop_operator_3.py
[2025-02-10T13:49:02.249+0600] {processor.py:914} INFO - Processing file /home/shamim/airflow_git/Airflow_project/air_venv/lib/python3.12/site-packages/airflow/example_dags/example_branch_python_dop_operator_3.py for tasks to queue
[2025-02-10T13:49:02.251+0600] {logging_mixin.py:190} INFO - [2025-02-10T13:49:02.251+0600] {dagbag.py:588} INFO - Filling up the DagBag from /home/shamim/airflow_git/Airflow_project/air_venv/lib/python3.12/site-packages/airflow/example_dags/example_branch_python_dop_operator_3.py
[2025-02-10T13:49:02.270+0600] {processor.py:925} INFO - DAG(s) 'example_branch_dop_operator_v3' retrieved from /home/shamim/airflow_git/Airflow_project/air_venv/lib/python3.12/site-packages/airflow/example_dags/example_branch_python_dop_operator_3.py
[2025-02-10T13:49:02.291+0600] {logging_mixin.py:190} INFO - [2025-02-10T13:49:02.291+0600] {dag.py:3239} INFO - Sync 1 DAGs
[2025-02-10T13:49:02.332+0600] {logging_mixin.py:190} INFO - [2025-02-10T13:49:02.331+0600] {dag.py:4180} INFO - Setting next_dagrun for example_branch_dop_operator_v3 to 2025-02-10 07:48:00+00:00, run_after=2025-02-10 07:49:00+00:00
[2025-02-10T13:49:02.362+0600] {processor.py:208} INFO - Processing /home/shamim/airflow_git/Airflow_project/air_venv/lib/python3.12/site-packages/airflow/example_dags/example_branch_python_dop_operator_3.py took 0.130 seconds
[2025-02-10T13:50:13.884+0600] {processor.py:186} INFO - Started process (PID=21242) to work on /home/shamim/airflow_git/Airflow_project/air_venv/lib/python3.12/site-packages/airflow/example_dags/example_branch_python_dop_operator_3.py
[2025-02-10T13:50:13.890+0600] {processor.py:914} INFO - Processing file /home/shamim/airflow_git/Airflow_project/air_venv/lib/python3.12/site-packages/airflow/example_dags/example_branch_python_dop_operator_3.py for tasks to queue
[2025-02-10T13:50:13.892+0600] {logging_mixin.py:190} INFO - [2025-02-10T13:50:13.891+0600] {dagbag.py:588} INFO - Filling up the DagBag from /home/shamim/airflow_git/Airflow_project/air_venv/lib/python3.12/site-packages/airflow/example_dags/example_branch_python_dop_operator_3.py
[2025-02-10T13:50:13.907+0600] {processor.py:925} INFO - DAG(s) 'example_branch_dop_operator_v3' retrieved from /home/shamim/airflow_git/Airflow_project/air_venv/lib/python3.12/site-packages/airflow/example_dags/example_branch_python_dop_operator_3.py
[2025-02-10T13:50:13.924+0600] {logging_mixin.py:190} INFO - [2025-02-10T13:50:13.924+0600] {dag.py:3239} INFO - Sync 1 DAGs
[2025-02-10T13:50:13.951+0600] {logging_mixin.py:190} INFO - [2025-02-10T13:50:13.951+0600] {dag.py:4180} INFO - Setting next_dagrun for example_branch_dop_operator_v3 to 2025-02-10 07:49:00+00:00, run_after=2025-02-10 07:50:00+00:00
[2025-02-10T13:50:13.975+0600] {processor.py:208} INFO - Processing /home/shamim/airflow_git/Airflow_project/air_venv/lib/python3.12/site-packages/airflow/example_dags/example_branch_python_dop_operator_3.py took 0.102 seconds
[2025-02-10T13:51:24.520+0600] {processor.py:186} INFO - Started process (PID=21333) to work on /home/shamim/airflow_git/Airflow_project/air_venv/lib/python3.12/site-packages/airflow/example_dags/example_branch_python_dop_operator_3.py
[2025-02-10T13:51:24.526+0600] {processor.py:914} INFO - Processing file /home/shamim/airflow_git/Airflow_project/air_venv/lib/python3.12/site-packages/airflow/example_dags/example_branch_python_dop_operator_3.py for tasks to queue
[2025-02-10T13:51:24.528+0600] {logging_mixin.py:190} INFO - [2025-02-10T13:51:24.527+0600] {dagbag.py:588} INFO - Filling up the DagBag from /home/shamim/airflow_git/Airflow_project/air_venv/lib/python3.12/site-packages/airflow/example_dags/example_branch_python_dop_operator_3.py
[2025-02-10T13:51:24.543+0600] {processor.py:925} INFO - DAG(s) 'example_branch_dop_operator_v3' retrieved from /home/shamim/airflow_git/Airflow_project/air_venv/lib/python3.12/site-packages/airflow/example_dags/example_branch_python_dop_operator_3.py
[2025-02-10T13:51:24.560+0600] {logging_mixin.py:190} INFO - [2025-02-10T13:51:24.560+0600] {dag.py:3239} INFO - Sync 1 DAGs
[2025-02-10T13:51:24.588+0600] {logging_mixin.py:190} INFO - [2025-02-10T13:51:24.587+0600] {dag.py:4180} INFO - Setting next_dagrun for example_branch_dop_operator_v3 to 2025-02-10 07:50:00+00:00, run_after=2025-02-10 07:51:00+00:00
[2025-02-10T13:51:24.612+0600] {processor.py:208} INFO - Processing /home/shamim/airflow_git/Airflow_project/air_venv/lib/python3.12/site-packages/airflow/example_dags/example_branch_python_dop_operator_3.py took 0.103 seconds
[2025-02-10T13:52:47.520+0600] {processor.py:186} INFO - Started process (PID=21539) to work on /home/shamim/airflow_git/Airflow_project/air_venv/lib/python3.12/site-packages/airflow/example_dags/example_branch_python_dop_operator_3.py
[2025-02-10T13:52:47.536+0600] {processor.py:914} INFO - Processing file /home/shamim/airflow_git/Airflow_project/air_venv/lib/python3.12/site-packages/airflow/example_dags/example_branch_python_dop_operator_3.py for tasks to queue
[2025-02-10T13:52:47.538+0600] {logging_mixin.py:190} INFO - [2025-02-10T13:52:47.538+0600] {dagbag.py:588} INFO - Filling up the DagBag from /home/shamim/airflow_git/Airflow_project/air_venv/lib/python3.12/site-packages/airflow/example_dags/example_branch_python_dop_operator_3.py
[2025-02-10T13:52:47.568+0600] {processor.py:925} INFO - DAG(s) 'example_branch_dop_operator_v3' retrieved from /home/shamim/airflow_git/Airflow_project/air_venv/lib/python3.12/site-packages/airflow/example_dags/example_branch_python_dop_operator_3.py
[2025-02-10T13:52:47.599+0600] {logging_mixin.py:190} INFO - [2025-02-10T13:52:47.598+0600] {dag.py:3239} INFO - Sync 1 DAGs
[2025-02-10T13:52:47.657+0600] {logging_mixin.py:190} INFO - [2025-02-10T13:52:47.657+0600] {dag.py:4180} INFO - Setting next_dagrun for example_branch_dop_operator_v3 to 2025-02-10 07:51:00+00:00, run_after=2025-02-10 07:52:00+00:00
[2025-02-10T13:52:47.698+0600] {processor.py:208} INFO - Processing /home/shamim/airflow_git/Airflow_project/air_venv/lib/python3.12/site-packages/airflow/example_dags/example_branch_python_dop_operator_3.py took 0.193 seconds
[2025-02-10T13:54:07.764+0600] {processor.py:186} INFO - Started process (PID=21709) to work on /home/shamim/airflow_git/Airflow_project/air_venv/lib/python3.12/site-packages/airflow/example_dags/example_branch_python_dop_operator_3.py
[2025-02-10T13:54:07.770+0600] {processor.py:914} INFO - Processing file /home/shamim/airflow_git/Airflow_project/air_venv/lib/python3.12/site-packages/airflow/example_dags/example_branch_python_dop_operator_3.py for tasks to queue
[2025-02-10T13:54:07.772+0600] {logging_mixin.py:190} INFO - [2025-02-10T13:54:07.771+0600] {dagbag.py:588} INFO - Filling up the DagBag from /home/shamim/airflow_git/Airflow_project/air_venv/lib/python3.12/site-packages/airflow/example_dags/example_branch_python_dop_operator_3.py
[2025-02-10T13:54:07.786+0600] {processor.py:925} INFO - DAG(s) 'example_branch_dop_operator_v3' retrieved from /home/shamim/airflow_git/Airflow_project/air_venv/lib/python3.12/site-packages/airflow/example_dags/example_branch_python_dop_operator_3.py
[2025-02-10T13:54:07.803+0600] {logging_mixin.py:190} INFO - [2025-02-10T13:54:07.803+0600] {dag.py:3239} INFO - Sync 1 DAGs
[2025-02-10T13:54:07.831+0600] {logging_mixin.py:190} INFO - [2025-02-10T13:54:07.831+0600] {dag.py:4180} INFO - Setting next_dagrun for example_branch_dop_operator_v3 to 2025-02-10 07:53:00+00:00, run_after=2025-02-10 07:54:00+00:00
[2025-02-10T13:54:07.866+0600] {processor.py:208} INFO - Processing /home/shamim/airflow_git/Airflow_project/air_venv/lib/python3.12/site-packages/airflow/example_dags/example_branch_python_dop_operator_3.py took 0.114 seconds
[2025-02-10T13:55:19.135+0600] {processor.py:186} INFO - Started process (PID=21813) to work on /home/shamim/airflow_git/Airflow_project/air_venv/lib/python3.12/site-packages/airflow/example_dags/example_branch_python_dop_operator_3.py
[2025-02-10T13:55:19.142+0600] {processor.py:914} INFO - Processing file /home/shamim/airflow_git/Airflow_project/air_venv/lib/python3.12/site-packages/airflow/example_dags/example_branch_python_dop_operator_3.py for tasks to queue
[2025-02-10T13:55:19.144+0600] {logging_mixin.py:190} INFO - [2025-02-10T13:55:19.143+0600] {dagbag.py:588} INFO - Filling up the DagBag from /home/shamim/airflow_git/Airflow_project/air_venv/lib/python3.12/site-packages/airflow/example_dags/example_branch_python_dop_operator_3.py
[2025-02-10T13:55:19.157+0600] {processor.py:925} INFO - DAG(s) 'example_branch_dop_operator_v3' retrieved from /home/shamim/airflow_git/Airflow_project/air_venv/lib/python3.12/site-packages/airflow/example_dags/example_branch_python_dop_operator_3.py
[2025-02-10T13:55:19.178+0600] {logging_mixin.py:190} INFO - [2025-02-10T13:55:19.178+0600] {dag.py:3239} INFO - Sync 1 DAGs
[2025-02-10T13:55:19.207+0600] {logging_mixin.py:190} INFO - [2025-02-10T13:55:19.207+0600] {dag.py:4180} INFO - Setting next_dagrun for example_branch_dop_operator_v3 to 2025-02-10 07:54:00+00:00, run_after=2025-02-10 07:55:00+00:00
[2025-02-10T13:55:19.243+0600] {processor.py:208} INFO - Processing /home/shamim/airflow_git/Airflow_project/air_venv/lib/python3.12/site-packages/airflow/example_dags/example_branch_python_dop_operator_3.py took 0.117 seconds
[2025-02-10T13:56:38.233+0600] {processor.py:186} INFO - Started process (PID=21947) to work on /home/shamim/airflow_git/Airflow_project/air_venv/lib/python3.12/site-packages/airflow/example_dags/example_branch_python_dop_operator_3.py
[2025-02-10T13:56:38.239+0600] {processor.py:914} INFO - Processing file /home/shamim/airflow_git/Airflow_project/air_venv/lib/python3.12/site-packages/airflow/example_dags/example_branch_python_dop_operator_3.py for tasks to queue
[2025-02-10T13:56:38.242+0600] {logging_mixin.py:190} INFO - [2025-02-10T13:56:38.241+0600] {dagbag.py:588} INFO - Filling up the DagBag from /home/shamim/airflow_git/Airflow_project/air_venv/lib/python3.12/site-packages/airflow/example_dags/example_branch_python_dop_operator_3.py
[2025-02-10T13:56:38.261+0600] {processor.py:925} INFO - DAG(s) 'example_branch_dop_operator_v3' retrieved from /home/shamim/airflow_git/Airflow_project/air_venv/lib/python3.12/site-packages/airflow/example_dags/example_branch_python_dop_operator_3.py
[2025-02-10T13:56:38.281+0600] {logging_mixin.py:190} INFO - [2025-02-10T13:56:38.280+0600] {dag.py:3239} INFO - Sync 1 DAGs
[2025-02-10T13:56:38.312+0600] {logging_mixin.py:190} INFO - [2025-02-10T13:56:38.312+0600] {dag.py:4180} INFO - Setting next_dagrun for example_branch_dop_operator_v3 to 2025-02-10 07:55:00+00:00, run_after=2025-02-10 07:56:00+00:00
[2025-02-10T13:56:38.349+0600] {processor.py:208} INFO - Processing /home/shamim/airflow_git/Airflow_project/air_venv/lib/python3.12/site-packages/airflow/example_dags/example_branch_python_dop_operator_3.py took 0.125 seconds
[2025-02-10T13:58:08.519+0600] {processor.py:186} INFO - Started process (PID=22174) to work on /home/shamim/airflow_git/Airflow_project/air_venv/lib/python3.12/site-packages/airflow/example_dags/example_branch_python_dop_operator_3.py
[2025-02-10T13:58:08.545+0600] {processor.py:914} INFO - Processing file /home/shamim/airflow_git/Airflow_project/air_venv/lib/python3.12/site-packages/airflow/example_dags/example_branch_python_dop_operator_3.py for tasks to queue
[2025-02-10T13:58:08.547+0600] {logging_mixin.py:190} INFO - [2025-02-10T13:58:08.546+0600] {dagbag.py:588} INFO - Filling up the DagBag from /home/shamim/airflow_git/Airflow_project/air_venv/lib/python3.12/site-packages/airflow/example_dags/example_branch_python_dop_operator_3.py
[2025-02-10T13:58:08.561+0600] {processor.py:925} INFO - DAG(s) 'example_branch_dop_operator_v3' retrieved from /home/shamim/airflow_git/Airflow_project/air_venv/lib/python3.12/site-packages/airflow/example_dags/example_branch_python_dop_operator_3.py
[2025-02-10T13:58:08.579+0600] {logging_mixin.py:190} INFO - [2025-02-10T13:58:08.579+0600] {dag.py:3239} INFO - Sync 1 DAGs
[2025-02-10T13:58:08.619+0600] {logging_mixin.py:190} INFO - [2025-02-10T13:58:08.618+0600] {dag.py:4180} INFO - Setting next_dagrun for example_branch_dop_operator_v3 to 2025-02-10 07:57:00+00:00, run_after=2025-02-10 07:58:00+00:00
[2025-02-10T13:58:08.686+0600] {processor.py:208} INFO - Processing /home/shamim/airflow_git/Airflow_project/air_venv/lib/python3.12/site-packages/airflow/example_dags/example_branch_python_dop_operator_3.py took 0.177 seconds
[2025-02-10T13:59:21.924+0600] {processor.py:186} INFO - Started process (PID=22317) to work on /home/shamim/airflow_git/Airflow_project/air_venv/lib/python3.12/site-packages/airflow/example_dags/example_branch_python_dop_operator_3.py
[2025-02-10T13:59:21.927+0600] {processor.py:914} INFO - Processing file /home/shamim/airflow_git/Airflow_project/air_venv/lib/python3.12/site-packages/airflow/example_dags/example_branch_python_dop_operator_3.py for tasks to queue
[2025-02-10T13:59:21.929+0600] {logging_mixin.py:190} INFO - [2025-02-10T13:59:21.929+0600] {dagbag.py:588} INFO - Filling up the DagBag from /home/shamim/airflow_git/Airflow_project/air_venv/lib/python3.12/site-packages/airflow/example_dags/example_branch_python_dop_operator_3.py
[2025-02-10T13:59:21.954+0600] {processor.py:925} INFO - DAG(s) 'example_branch_dop_operator_v3' retrieved from /home/shamim/airflow_git/Airflow_project/air_venv/lib/python3.12/site-packages/airflow/example_dags/example_branch_python_dop_operator_3.py
[2025-02-10T13:59:21.981+0600] {logging_mixin.py:190} INFO - [2025-02-10T13:59:21.980+0600] {dag.py:3239} INFO - Sync 1 DAGs
[2025-02-10T13:59:22.027+0600] {logging_mixin.py:190} INFO - [2025-02-10T13:59:22.027+0600] {dag.py:4180} INFO - Setting next_dagrun for example_branch_dop_operator_v3 to 2025-02-10 07:58:00+00:00, run_after=2025-02-10 07:59:00+00:00
[2025-02-10T13:59:22.062+0600] {processor.py:208} INFO - Processing /home/shamim/airflow_git/Airflow_project/air_venv/lib/python3.12/site-packages/airflow/example_dags/example_branch_python_dop_operator_3.py took 0.154 seconds
[2025-02-10T14:00:30.029+0600] {processor.py:186} INFO - Started process (PID=22553) to work on /home/shamim/airflow_git/Airflow_project/air_venv/lib/python3.12/site-packages/airflow/example_dags/example_branch_python_dop_operator_3.py
[2025-02-10T14:00:30.030+0600] {processor.py:914} INFO - Processing file /home/shamim/airflow_git/Airflow_project/air_venv/lib/python3.12/site-packages/airflow/example_dags/example_branch_python_dop_operator_3.py for tasks to queue
[2025-02-10T14:00:30.032+0600] {logging_mixin.py:190} INFO - [2025-02-10T14:00:30.032+0600] {dagbag.py:588} INFO - Filling up the DagBag from /home/shamim/airflow_git/Airflow_project/air_venv/lib/python3.12/site-packages/airflow/example_dags/example_branch_python_dop_operator_3.py
[2025-02-10T14:00:30.046+0600] {processor.py:925} INFO - DAG(s) 'example_branch_dop_operator_v3' retrieved from /home/shamim/airflow_git/Airflow_project/air_venv/lib/python3.12/site-packages/airflow/example_dags/example_branch_python_dop_operator_3.py
[2025-02-10T14:00:30.063+0600] {logging_mixin.py:190} INFO - [2025-02-10T14:00:30.063+0600] {dag.py:3239} INFO - Sync 1 DAGs
[2025-02-10T14:00:30.098+0600] {logging_mixin.py:190} INFO - [2025-02-10T14:00:30.098+0600] {dag.py:4180} INFO - Setting next_dagrun for example_branch_dop_operator_v3 to 2025-02-10 07:59:00+00:00, run_after=2025-02-10 08:00:00+00:00
[2025-02-10T14:00:30.125+0600] {processor.py:208} INFO - Processing /home/shamim/airflow_git/Airflow_project/air_venv/lib/python3.12/site-packages/airflow/example_dags/example_branch_python_dop_operator_3.py took 0.105 seconds
[2025-02-10T14:02:35.951+0600] {processor.py:186} INFO - Started process (PID=23243) to work on /home/shamim/airflow_git/Airflow_project/air_venv/lib/python3.12/site-packages/airflow/example_dags/example_branch_python_dop_operator_3.py
[2025-02-10T14:02:35.957+0600] {processor.py:914} INFO - Processing file /home/shamim/airflow_git/Airflow_project/air_venv/lib/python3.12/site-packages/airflow/example_dags/example_branch_python_dop_operator_3.py for tasks to queue
[2025-02-10T14:02:35.961+0600] {logging_mixin.py:190} INFO - [2025-02-10T14:02:35.960+0600] {dagbag.py:588} INFO - Filling up the DagBag from /home/shamim/airflow_git/Airflow_project/air_venv/lib/python3.12/site-packages/airflow/example_dags/example_branch_python_dop_operator_3.py
[2025-02-10T14:02:35.975+0600] {processor.py:925} INFO - DAG(s) 'example_branch_dop_operator_v3' retrieved from /home/shamim/airflow_git/Airflow_project/air_venv/lib/python3.12/site-packages/airflow/example_dags/example_branch_python_dop_operator_3.py
[2025-02-10T14:02:35.992+0600] {logging_mixin.py:190} INFO - [2025-02-10T14:02:35.992+0600] {dag.py:3239} INFO - Sync 1 DAGs
[2025-02-10T14:02:36.019+0600] {logging_mixin.py:190} INFO - [2025-02-10T14:02:36.019+0600] {dag.py:4180} INFO - Setting next_dagrun for example_branch_dop_operator_v3 to 2025-02-10 08:01:00+00:00, run_after=2025-02-10 08:02:00+00:00
[2025-02-10T14:02:36.046+0600] {processor.py:208} INFO - Processing /home/shamim/airflow_git/Airflow_project/air_venv/lib/python3.12/site-packages/airflow/example_dags/example_branch_python_dop_operator_3.py took 0.102 seconds
[2025-02-10T14:04:03.357+0600] {processor.py:186} INFO - Started process (PID=23704) to work on /home/shamim/airflow_git/Airflow_project/air_venv/lib/python3.12/site-packages/airflow/example_dags/example_branch_python_dop_operator_3.py
[2025-02-10T14:04:03.363+0600] {processor.py:914} INFO - Processing file /home/shamim/airflow_git/Airflow_project/air_venv/lib/python3.12/site-packages/airflow/example_dags/example_branch_python_dop_operator_3.py for tasks to queue
[2025-02-10T14:04:03.368+0600] {logging_mixin.py:190} INFO - [2025-02-10T14:04:03.367+0600] {dagbag.py:588} INFO - Filling up the DagBag from /home/shamim/airflow_git/Airflow_project/air_venv/lib/python3.12/site-packages/airflow/example_dags/example_branch_python_dop_operator_3.py
[2025-02-10T14:04:03.386+0600] {processor.py:925} INFO - DAG(s) 'example_branch_dop_operator_v3' retrieved from /home/shamim/airflow_git/Airflow_project/air_venv/lib/python3.12/site-packages/airflow/example_dags/example_branch_python_dop_operator_3.py
[2025-02-10T14:04:03.403+0600] {logging_mixin.py:190} INFO - [2025-02-10T14:04:03.403+0600] {dag.py:3239} INFO - Sync 1 DAGs
[2025-02-10T14:04:03.430+0600] {logging_mixin.py:190} INFO - [2025-02-10T14:04:03.430+0600] {dag.py:4180} INFO - Setting next_dagrun for example_branch_dop_operator_v3 to 2025-02-10 08:03:00+00:00, run_after=2025-02-10 08:04:00+00:00
[2025-02-10T14:04:03.454+0600] {processor.py:208} INFO - Processing /home/shamim/airflow_git/Airflow_project/air_venv/lib/python3.12/site-packages/airflow/example_dags/example_branch_python_dop_operator_3.py took 0.109 seconds
[2025-02-10T14:05:29.562+0600] {processor.py:186} INFO - Started process (PID=24302) to work on /home/shamim/airflow_git/Airflow_project/air_venv/lib/python3.12/site-packages/airflow/example_dags/example_branch_python_dop_operator_3.py
[2025-02-10T14:05:29.577+0600] {processor.py:914} INFO - Processing file /home/shamim/airflow_git/Airflow_project/air_venv/lib/python3.12/site-packages/airflow/example_dags/example_branch_python_dop_operator_3.py for tasks to queue
[2025-02-10T14:05:29.583+0600] {logging_mixin.py:190} INFO - [2025-02-10T14:05:29.582+0600] {dagbag.py:588} INFO - Filling up the DagBag from /home/shamim/airflow_git/Airflow_project/air_venv/lib/python3.12/site-packages/airflow/example_dags/example_branch_python_dop_operator_3.py
[2025-02-10T14:05:29.609+0600] {processor.py:925} INFO - DAG(s) 'example_branch_dop_operator_v3' retrieved from /home/shamim/airflow_git/Airflow_project/air_venv/lib/python3.12/site-packages/airflow/example_dags/example_branch_python_dop_operator_3.py
[2025-02-10T14:05:29.627+0600] {logging_mixin.py:190} INFO - [2025-02-10T14:05:29.626+0600] {dag.py:3239} INFO - Sync 1 DAGs
[2025-02-10T14:05:29.654+0600] {logging_mixin.py:190} INFO - [2025-02-10T14:05:29.654+0600] {dag.py:4180} INFO - Setting next_dagrun for example_branch_dop_operator_v3 to 2025-02-10 08:04:00+00:00, run_after=2025-02-10 08:05:00+00:00
[2025-02-10T14:05:29.678+0600] {processor.py:208} INFO - Processing /home/shamim/airflow_git/Airflow_project/air_venv/lib/python3.12/site-packages/airflow/example_dags/example_branch_python_dop_operator_3.py took 0.123 seconds
