[2025-02-10T12:59:25.763+0600] {processor.py:186} INFO - Started process (PID=12864) to work on /home/shamim/airflow_git/Airflow_project/air_venv/lib/python3.12/site-packages/airflow/example_dags/example_setup_teardown_taskflow.py
[2025-02-10T12:59:25.764+0600] {processor.py:914} INFO - Processing file /home/shamim/airflow_git/Airflow_project/air_venv/lib/python3.12/site-packages/airflow/example_dags/example_setup_teardown_taskflow.py for tasks to queue
[2025-02-10T12:59:25.767+0600] {logging_mixin.py:190} INFO - [2025-02-10T12:59:25.767+0600] {dagbag.py:588} INFO - Filling up the DagBag from /home/shamim/airflow_git/Airflow_project/air_venv/lib/python3.12/site-packages/airflow/example_dags/example_setup_teardown_taskflow.py
[2025-02-10T12:59:25.785+0600] {processor.py:925} INFO - DAG(s) 'example_setup_teardown_taskflow' retrieved from /home/shamim/airflow_git/Airflow_project/air_venv/lib/python3.12/site-packages/airflow/example_dags/example_setup_teardown_taskflow.py
[2025-02-10T12:59:25.913+0600] {logging_mixin.py:190} INFO - [2025-02-10T12:59:25.912+0600] {override.py:1930} INFO - Created Permission View: can delete on DAG:example_setup_teardown_taskflow
[2025-02-10T12:59:25.924+0600] {logging_mixin.py:190} INFO - [2025-02-10T12:59:25.923+0600] {override.py:1930} INFO - Created Permission View: can edit on DAG:example_setup_teardown_taskflow
[2025-02-10T12:59:25.931+0600] {logging_mixin.py:190} INFO - [2025-02-10T12:59:25.931+0600] {override.py:1930} INFO - Created Permission View: can read on DAG:example_setup_teardown_taskflow
[2025-02-10T12:59:25.942+0600] {logging_mixin.py:190} INFO - [2025-02-10T12:59:25.942+0600] {override.py:1930} INFO - Created Permission View: can delete on DAG Run:example_setup_teardown_taskflow
[2025-02-10T12:59:25.949+0600] {logging_mixin.py:190} INFO - [2025-02-10T12:59:25.949+0600] {override.py:1930} INFO - Created Permission View: can read on DAG Run:example_setup_teardown_taskflow
[2025-02-10T12:59:25.956+0600] {logging_mixin.py:190} INFO - [2025-02-10T12:59:25.956+0600] {override.py:1930} INFO - Created Permission View: can create on DAG Run:example_setup_teardown_taskflow
[2025-02-10T12:59:25.964+0600] {logging_mixin.py:190} INFO - [2025-02-10T12:59:25.963+0600] {override.py:1930} INFO - Created Permission View: menu access on DAG Run:example_setup_teardown_taskflow
[2025-02-10T12:59:25.964+0600] {logging_mixin.py:190} INFO - [2025-02-10T12:59:25.964+0600] {dag.py:3239} INFO - Sync 1 DAGs
[2025-02-10T12:59:25.977+0600] {logging_mixin.py:190} INFO - [2025-02-10T12:59:25.977+0600] {dag.py:3262} INFO - Creating ORM DAG for example_setup_teardown_taskflow
[2025-02-10T12:59:25.978+0600] {logging_mixin.py:190} INFO - [2025-02-10T12:59:25.978+0600] {dag.py:4180} INFO - Setting next_dagrun for example_setup_teardown_taskflow to None, run_after=None
[2025-02-10T12:59:25.997+0600] {processor.py:208} INFO - Processing /home/shamim/airflow_git/Airflow_project/air_venv/lib/python3.12/site-packages/airflow/example_dags/example_setup_teardown_taskflow.py took 0.244 seconds
[2025-02-10T13:00:44.902+0600] {processor.py:186} INFO - Started process (PID=13512) to work on /home/shamim/airflow_git/Airflow_project/air_venv/lib/python3.12/site-packages/airflow/example_dags/example_setup_teardown_taskflow.py
[2025-02-10T13:00:44.909+0600] {processor.py:914} INFO - Processing file /home/shamim/airflow_git/Airflow_project/air_venv/lib/python3.12/site-packages/airflow/example_dags/example_setup_teardown_taskflow.py for tasks to queue
[2025-02-10T13:00:44.913+0600] {logging_mixin.py:190} INFO - [2025-02-10T13:00:44.912+0600] {dagbag.py:588} INFO - Filling up the DagBag from /home/shamim/airflow_git/Airflow_project/air_venv/lib/python3.12/site-packages/airflow/example_dags/example_setup_teardown_taskflow.py
[2025-02-10T13:00:44.930+0600] {processor.py:925} INFO - DAG(s) 'example_setup_teardown_taskflow' retrieved from /home/shamim/airflow_git/Airflow_project/air_venv/lib/python3.12/site-packages/airflow/example_dags/example_setup_teardown_taskflow.py
[2025-02-10T13:00:44.950+0600] {logging_mixin.py:190} INFO - [2025-02-10T13:00:44.949+0600] {dag.py:3239} INFO - Sync 1 DAGs
[2025-02-10T13:00:44.965+0600] {logging_mixin.py:190} INFO - [2025-02-10T13:00:44.965+0600] {dag.py:4180} INFO - Setting next_dagrun for example_setup_teardown_taskflow to None, run_after=None
[2025-02-10T13:00:44.988+0600] {processor.py:208} INFO - Processing /home/shamim/airflow_git/Airflow_project/air_venv/lib/python3.12/site-packages/airflow/example_dags/example_setup_teardown_taskflow.py took 0.095 seconds
[2025-02-10T13:01:56.256+0600] {processor.py:186} INFO - Started process (PID=13634) to work on /home/shamim/airflow_git/Airflow_project/air_venv/lib/python3.12/site-packages/airflow/example_dags/example_setup_teardown_taskflow.py
[2025-02-10T13:01:56.259+0600] {processor.py:914} INFO - Processing file /home/shamim/airflow_git/Airflow_project/air_venv/lib/python3.12/site-packages/airflow/example_dags/example_setup_teardown_taskflow.py for tasks to queue
[2025-02-10T13:01:56.266+0600] {logging_mixin.py:190} INFO - [2025-02-10T13:01:56.265+0600] {dagbag.py:588} INFO - Filling up the DagBag from /home/shamim/airflow_git/Airflow_project/air_venv/lib/python3.12/site-packages/airflow/example_dags/example_setup_teardown_taskflow.py
[2025-02-10T13:01:56.282+0600] {processor.py:925} INFO - DAG(s) 'example_setup_teardown_taskflow' retrieved from /home/shamim/airflow_git/Airflow_project/air_venv/lib/python3.12/site-packages/airflow/example_dags/example_setup_teardown_taskflow.py
[2025-02-10T13:01:56.304+0600] {logging_mixin.py:190} INFO - [2025-02-10T13:01:56.304+0600] {dag.py:3239} INFO - Sync 1 DAGs
[2025-02-10T13:01:56.330+0600] {logging_mixin.py:190} INFO - [2025-02-10T13:01:56.330+0600] {dag.py:4180} INFO - Setting next_dagrun for example_setup_teardown_taskflow to None, run_after=None
[2025-02-10T13:01:56.360+0600] {processor.py:208} INFO - Processing /home/shamim/airflow_git/Airflow_project/air_venv/lib/python3.12/site-packages/airflow/example_dags/example_setup_teardown_taskflow.py took 0.111 seconds
[2025-02-10T13:03:03.577+0600] {processor.py:186} INFO - Started process (PID=13767) to work on /home/shamim/airflow_git/Airflow_project/air_venv/lib/python3.12/site-packages/airflow/example_dags/example_setup_teardown_taskflow.py
[2025-02-10T13:03:03.584+0600] {processor.py:914} INFO - Processing file /home/shamim/airflow_git/Airflow_project/air_venv/lib/python3.12/site-packages/airflow/example_dags/example_setup_teardown_taskflow.py for tasks to queue
[2025-02-10T13:03:03.588+0600] {logging_mixin.py:190} INFO - [2025-02-10T13:03:03.587+0600] {dagbag.py:588} INFO - Filling up the DagBag from /home/shamim/airflow_git/Airflow_project/air_venv/lib/python3.12/site-packages/airflow/example_dags/example_setup_teardown_taskflow.py
[2025-02-10T13:03:03.603+0600] {processor.py:925} INFO - DAG(s) 'example_setup_teardown_taskflow' retrieved from /home/shamim/airflow_git/Airflow_project/air_venv/lib/python3.12/site-packages/airflow/example_dags/example_setup_teardown_taskflow.py
[2025-02-10T13:03:03.623+0600] {logging_mixin.py:190} INFO - [2025-02-10T13:03:03.623+0600] {dag.py:3239} INFO - Sync 1 DAGs
[2025-02-10T13:03:03.638+0600] {logging_mixin.py:190} INFO - [2025-02-10T13:03:03.638+0600] {dag.py:4180} INFO - Setting next_dagrun for example_setup_teardown_taskflow to None, run_after=None
[2025-02-10T13:03:03.663+0600] {processor.py:208} INFO - Processing /home/shamim/airflow_git/Airflow_project/air_venv/lib/python3.12/site-packages/airflow/example_dags/example_setup_teardown_taskflow.py took 0.093 seconds
[2025-02-10T13:04:11.332+0600] {processor.py:186} INFO - Started process (PID=13972) to work on /home/shamim/airflow_git/Airflow_project/air_venv/lib/python3.12/site-packages/airflow/example_dags/example_setup_teardown_taskflow.py
[2025-02-10T13:04:11.339+0600] {processor.py:914} INFO - Processing file /home/shamim/airflow_git/Airflow_project/air_venv/lib/python3.12/site-packages/airflow/example_dags/example_setup_teardown_taskflow.py for tasks to queue
[2025-02-10T13:04:11.344+0600] {logging_mixin.py:190} INFO - [2025-02-10T13:04:11.342+0600] {dagbag.py:588} INFO - Filling up the DagBag from /home/shamim/airflow_git/Airflow_project/air_venv/lib/python3.12/site-packages/airflow/example_dags/example_setup_teardown_taskflow.py
[2025-02-10T13:04:11.362+0600] {processor.py:925} INFO - DAG(s) 'example_setup_teardown_taskflow' retrieved from /home/shamim/airflow_git/Airflow_project/air_venv/lib/python3.12/site-packages/airflow/example_dags/example_setup_teardown_taskflow.py
[2025-02-10T13:04:11.382+0600] {logging_mixin.py:190} INFO - [2025-02-10T13:04:11.381+0600] {dag.py:3239} INFO - Sync 1 DAGs
[2025-02-10T13:04:11.396+0600] {logging_mixin.py:190} INFO - [2025-02-10T13:04:11.396+0600] {dag.py:4180} INFO - Setting next_dagrun for example_setup_teardown_taskflow to None, run_after=None
[2025-02-10T13:04:11.421+0600] {processor.py:208} INFO - Processing /home/shamim/airflow_git/Airflow_project/air_venv/lib/python3.12/site-packages/airflow/example_dags/example_setup_teardown_taskflow.py took 0.102 seconds
[2025-02-10T13:05:17.066+0600] {processor.py:186} INFO - Started process (PID=14077) to work on /home/shamim/airflow_git/Airflow_project/air_venv/lib/python3.12/site-packages/airflow/example_dags/example_setup_teardown_taskflow.py
[2025-02-10T13:05:17.067+0600] {processor.py:914} INFO - Processing file /home/shamim/airflow_git/Airflow_project/air_venv/lib/python3.12/site-packages/airflow/example_dags/example_setup_teardown_taskflow.py for tasks to queue
[2025-02-10T13:05:17.070+0600] {logging_mixin.py:190} INFO - [2025-02-10T13:05:17.069+0600] {dagbag.py:588} INFO - Filling up the DagBag from /home/shamim/airflow_git/Airflow_project/air_venv/lib/python3.12/site-packages/airflow/example_dags/example_setup_teardown_taskflow.py
[2025-02-10T13:05:17.085+0600] {processor.py:925} INFO - DAG(s) 'example_setup_teardown_taskflow' retrieved from /home/shamim/airflow_git/Airflow_project/air_venv/lib/python3.12/site-packages/airflow/example_dags/example_setup_teardown_taskflow.py
[2025-02-10T13:05:17.108+0600] {logging_mixin.py:190} INFO - [2025-02-10T13:05:17.108+0600] {dag.py:3239} INFO - Sync 1 DAGs
[2025-02-10T13:05:17.123+0600] {logging_mixin.py:190} INFO - [2025-02-10T13:05:17.123+0600] {dag.py:4180} INFO - Setting next_dagrun for example_setup_teardown_taskflow to None, run_after=None
[2025-02-10T13:05:17.144+0600] {processor.py:208} INFO - Processing /home/shamim/airflow_git/Airflow_project/air_venv/lib/python3.12/site-packages/airflow/example_dags/example_setup_teardown_taskflow.py took 0.085 seconds
[2025-02-10T13:06:26.383+0600] {processor.py:186} INFO - Started process (PID=14213) to work on /home/shamim/airflow_git/Airflow_project/air_venv/lib/python3.12/site-packages/airflow/example_dags/example_setup_teardown_taskflow.py
[2025-02-10T13:06:26.390+0600] {processor.py:914} INFO - Processing file /home/shamim/airflow_git/Airflow_project/air_venv/lib/python3.12/site-packages/airflow/example_dags/example_setup_teardown_taskflow.py for tasks to queue
[2025-02-10T13:06:26.397+0600] {logging_mixin.py:190} INFO - [2025-02-10T13:06:26.396+0600] {dagbag.py:588} INFO - Filling up the DagBag from /home/shamim/airflow_git/Airflow_project/air_venv/lib/python3.12/site-packages/airflow/example_dags/example_setup_teardown_taskflow.py
[2025-02-10T13:06:26.420+0600] {processor.py:925} INFO - DAG(s) 'example_setup_teardown_taskflow' retrieved from /home/shamim/airflow_git/Airflow_project/air_venv/lib/python3.12/site-packages/airflow/example_dags/example_setup_teardown_taskflow.py
[2025-02-10T13:06:26.440+0600] {logging_mixin.py:190} INFO - [2025-02-10T13:06:26.439+0600] {dag.py:3239} INFO - Sync 1 DAGs
[2025-02-10T13:06:26.454+0600] {logging_mixin.py:190} INFO - [2025-02-10T13:06:26.454+0600] {dag.py:4180} INFO - Setting next_dagrun for example_setup_teardown_taskflow to None, run_after=None
[2025-02-10T13:06:26.478+0600] {processor.py:208} INFO - Processing /home/shamim/airflow_git/Airflow_project/air_venv/lib/python3.12/site-packages/airflow/example_dags/example_setup_teardown_taskflow.py took 0.103 seconds
[2025-02-10T13:07:39.087+0600] {processor.py:186} INFO - Started process (PID=14396) to work on /home/shamim/airflow_git/Airflow_project/air_venv/lib/python3.12/site-packages/airflow/example_dags/example_setup_teardown_taskflow.py
[2025-02-10T13:07:39.090+0600] {processor.py:914} INFO - Processing file /home/shamim/airflow_git/Airflow_project/air_venv/lib/python3.12/site-packages/airflow/example_dags/example_setup_teardown_taskflow.py for tasks to queue
[2025-02-10T13:07:39.093+0600] {logging_mixin.py:190} INFO - [2025-02-10T13:07:39.093+0600] {dagbag.py:588} INFO - Filling up the DagBag from /home/shamim/airflow_git/Airflow_project/air_venv/lib/python3.12/site-packages/airflow/example_dags/example_setup_teardown_taskflow.py
[2025-02-10T13:07:39.107+0600] {processor.py:925} INFO - DAG(s) 'example_setup_teardown_taskflow' retrieved from /home/shamim/airflow_git/Airflow_project/air_venv/lib/python3.12/site-packages/airflow/example_dags/example_setup_teardown_taskflow.py
[2025-02-10T13:07:39.129+0600] {logging_mixin.py:190} INFO - [2025-02-10T13:07:39.129+0600] {dag.py:3239} INFO - Sync 1 DAGs
[2025-02-10T13:07:39.151+0600] {logging_mixin.py:190} INFO - [2025-02-10T13:07:39.150+0600] {dag.py:4180} INFO - Setting next_dagrun for example_setup_teardown_taskflow to None, run_after=None
[2025-02-10T13:07:39.179+0600] {processor.py:208} INFO - Processing /home/shamim/airflow_git/Airflow_project/air_venv/lib/python3.12/site-packages/airflow/example_dags/example_setup_teardown_taskflow.py took 0.102 seconds
[2025-02-10T13:08:53.018+0600] {processor.py:186} INFO - Started process (PID=14575) to work on /home/shamim/airflow_git/Airflow_project/air_venv/lib/python3.12/site-packages/airflow/example_dags/example_setup_teardown_taskflow.py
[2025-02-10T13:08:53.020+0600] {processor.py:914} INFO - Processing file /home/shamim/airflow_git/Airflow_project/air_venv/lib/python3.12/site-packages/airflow/example_dags/example_setup_teardown_taskflow.py for tasks to queue
[2025-02-10T13:08:53.023+0600] {logging_mixin.py:190} INFO - [2025-02-10T13:08:53.023+0600] {dagbag.py:588} INFO - Filling up the DagBag from /home/shamim/airflow_git/Airflow_project/air_venv/lib/python3.12/site-packages/airflow/example_dags/example_setup_teardown_taskflow.py
[2025-02-10T13:08:53.037+0600] {processor.py:925} INFO - DAG(s) 'example_setup_teardown_taskflow' retrieved from /home/shamim/airflow_git/Airflow_project/air_venv/lib/python3.12/site-packages/airflow/example_dags/example_setup_teardown_taskflow.py
[2025-02-10T13:08:53.060+0600] {logging_mixin.py:190} INFO - [2025-02-10T13:08:53.059+0600] {dag.py:3239} INFO - Sync 1 DAGs
[2025-02-10T13:08:53.078+0600] {logging_mixin.py:190} INFO - [2025-02-10T13:08:53.078+0600] {dag.py:4180} INFO - Setting next_dagrun for example_setup_teardown_taskflow to None, run_after=None
[2025-02-10T13:08:53.104+0600] {processor.py:208} INFO - Processing /home/shamim/airflow_git/Airflow_project/air_venv/lib/python3.12/site-packages/airflow/example_dags/example_setup_teardown_taskflow.py took 0.093 seconds
[2025-02-10T13:09:58.019+0600] {processor.py:186} INFO - Started process (PID=14804) to work on /home/shamim/airflow_git/Airflow_project/air_venv/lib/python3.12/site-packages/airflow/example_dags/example_setup_teardown_taskflow.py
[2025-02-10T13:09:58.026+0600] {processor.py:914} INFO - Processing file /home/shamim/airflow_git/Airflow_project/air_venv/lib/python3.12/site-packages/airflow/example_dags/example_setup_teardown_taskflow.py for tasks to queue
[2025-02-10T13:09:58.032+0600] {logging_mixin.py:190} INFO - [2025-02-10T13:09:58.031+0600] {dagbag.py:588} INFO - Filling up the DagBag from /home/shamim/airflow_git/Airflow_project/air_venv/lib/python3.12/site-packages/airflow/example_dags/example_setup_teardown_taskflow.py
[2025-02-10T13:09:58.053+0600] {processor.py:925} INFO - DAG(s) 'example_setup_teardown_taskflow' retrieved from /home/shamim/airflow_git/Airflow_project/air_venv/lib/python3.12/site-packages/airflow/example_dags/example_setup_teardown_taskflow.py
[2025-02-10T13:09:58.077+0600] {logging_mixin.py:190} INFO - [2025-02-10T13:09:58.077+0600] {dag.py:3239} INFO - Sync 1 DAGs
[2025-02-10T13:09:58.094+0600] {logging_mixin.py:190} INFO - [2025-02-10T13:09:58.094+0600] {dag.py:4180} INFO - Setting next_dagrun for example_setup_teardown_taskflow to None, run_after=None
[2025-02-10T13:09:58.121+0600] {processor.py:208} INFO - Processing /home/shamim/airflow_git/Airflow_project/air_venv/lib/python3.12/site-packages/airflow/example_dags/example_setup_teardown_taskflow.py took 0.122 seconds
[2025-02-10T13:11:11.805+0600] {processor.py:186} INFO - Started process (PID=14902) to work on /home/shamim/airflow_git/Airflow_project/air_venv/lib/python3.12/site-packages/airflow/example_dags/example_setup_teardown_taskflow.py
[2025-02-10T13:11:11.809+0600] {processor.py:914} INFO - Processing file /home/shamim/airflow_git/Airflow_project/air_venv/lib/python3.12/site-packages/airflow/example_dags/example_setup_teardown_taskflow.py for tasks to queue
[2025-02-10T13:11:11.812+0600] {logging_mixin.py:190} INFO - [2025-02-10T13:11:11.811+0600] {dagbag.py:588} INFO - Filling up the DagBag from /home/shamim/airflow_git/Airflow_project/air_venv/lib/python3.12/site-packages/airflow/example_dags/example_setup_teardown_taskflow.py
[2025-02-10T13:11:11.826+0600] {processor.py:925} INFO - DAG(s) 'example_setup_teardown_taskflow' retrieved from /home/shamim/airflow_git/Airflow_project/air_venv/lib/python3.12/site-packages/airflow/example_dags/example_setup_teardown_taskflow.py
[2025-02-10T13:11:11.848+0600] {logging_mixin.py:190} INFO - [2025-02-10T13:11:11.848+0600] {dag.py:3239} INFO - Sync 1 DAGs
[2025-02-10T13:11:11.863+0600] {logging_mixin.py:190} INFO - [2025-02-10T13:11:11.862+0600] {dag.py:4180} INFO - Setting next_dagrun for example_setup_teardown_taskflow to None, run_after=None
[2025-02-10T13:11:11.888+0600] {processor.py:208} INFO - Processing /home/shamim/airflow_git/Airflow_project/air_venv/lib/python3.12/site-packages/airflow/example_dags/example_setup_teardown_taskflow.py took 0.096 seconds
[2025-02-10T13:12:28.941+0600] {processor.py:186} INFO - Started process (PID=14997) to work on /home/shamim/airflow_git/Airflow_project/air_venv/lib/python3.12/site-packages/airflow/example_dags/example_setup_teardown_taskflow.py
[2025-02-10T13:12:28.942+0600] {processor.py:914} INFO - Processing file /home/shamim/airflow_git/Airflow_project/air_venv/lib/python3.12/site-packages/airflow/example_dags/example_setup_teardown_taskflow.py for tasks to queue
[2025-02-10T13:12:28.946+0600] {logging_mixin.py:190} INFO - [2025-02-10T13:12:28.945+0600] {dagbag.py:588} INFO - Filling up the DagBag from /home/shamim/airflow_git/Airflow_project/air_venv/lib/python3.12/site-packages/airflow/example_dags/example_setup_teardown_taskflow.py
[2025-02-10T13:12:28.962+0600] {processor.py:925} INFO - DAG(s) 'example_setup_teardown_taskflow' retrieved from /home/shamim/airflow_git/Airflow_project/air_venv/lib/python3.12/site-packages/airflow/example_dags/example_setup_teardown_taskflow.py
[2025-02-10T13:12:28.986+0600] {logging_mixin.py:190} INFO - [2025-02-10T13:12:28.986+0600] {dag.py:3239} INFO - Sync 1 DAGs
[2025-02-10T13:12:29.003+0600] {logging_mixin.py:190} INFO - [2025-02-10T13:12:29.003+0600] {dag.py:4180} INFO - Setting next_dagrun for example_setup_teardown_taskflow to None, run_after=None
[2025-02-10T13:12:29.027+0600] {processor.py:208} INFO - Processing /home/shamim/airflow_git/Airflow_project/air_venv/lib/python3.12/site-packages/airflow/example_dags/example_setup_teardown_taskflow.py took 0.101 seconds
[2025-02-10T13:13:45.637+0600] {processor.py:186} INFO - Started process (PID=15123) to work on /home/shamim/airflow_git/Airflow_project/air_venv/lib/python3.12/site-packages/airflow/example_dags/example_setup_teardown_taskflow.py
[2025-02-10T13:13:45.643+0600] {processor.py:914} INFO - Processing file /home/shamim/airflow_git/Airflow_project/air_venv/lib/python3.12/site-packages/airflow/example_dags/example_setup_teardown_taskflow.py for tasks to queue
[2025-02-10T13:13:45.647+0600] {logging_mixin.py:190} INFO - [2025-02-10T13:13:45.646+0600] {dagbag.py:588} INFO - Filling up the DagBag from /home/shamim/airflow_git/Airflow_project/air_venv/lib/python3.12/site-packages/airflow/example_dags/example_setup_teardown_taskflow.py
[2025-02-10T13:13:45.661+0600] {processor.py:925} INFO - DAG(s) 'example_setup_teardown_taskflow' retrieved from /home/shamim/airflow_git/Airflow_project/air_venv/lib/python3.12/site-packages/airflow/example_dags/example_setup_teardown_taskflow.py
[2025-02-10T13:13:45.682+0600] {logging_mixin.py:190} INFO - [2025-02-10T13:13:45.682+0600] {dag.py:3239} INFO - Sync 1 DAGs
[2025-02-10T13:13:45.697+0600] {logging_mixin.py:190} INFO - [2025-02-10T13:13:45.697+0600] {dag.py:4180} INFO - Setting next_dagrun for example_setup_teardown_taskflow to None, run_after=None
[2025-02-10T13:13:45.722+0600] {processor.py:208} INFO - Processing /home/shamim/airflow_git/Airflow_project/air_venv/lib/python3.12/site-packages/airflow/example_dags/example_setup_teardown_taskflow.py took 0.096 seconds
[2025-02-10T13:14:55.210+0600] {processor.py:186} INFO - Started process (PID=15240) to work on /home/shamim/airflow_git/Airflow_project/air_venv/lib/python3.12/site-packages/airflow/example_dags/example_setup_teardown_taskflow.py
[2025-02-10T13:14:55.216+0600] {processor.py:914} INFO - Processing file /home/shamim/airflow_git/Airflow_project/air_venv/lib/python3.12/site-packages/airflow/example_dags/example_setup_teardown_taskflow.py for tasks to queue
[2025-02-10T13:14:55.220+0600] {logging_mixin.py:190} INFO - [2025-02-10T13:14:55.219+0600] {dagbag.py:588} INFO - Filling up the DagBag from /home/shamim/airflow_git/Airflow_project/air_venv/lib/python3.12/site-packages/airflow/example_dags/example_setup_teardown_taskflow.py
[2025-02-10T13:14:55.234+0600] {processor.py:925} INFO - DAG(s) 'example_setup_teardown_taskflow' retrieved from /home/shamim/airflow_git/Airflow_project/air_venv/lib/python3.12/site-packages/airflow/example_dags/example_setup_teardown_taskflow.py
[2025-02-10T13:14:55.255+0600] {logging_mixin.py:190} INFO - [2025-02-10T13:14:55.254+0600] {dag.py:3239} INFO - Sync 1 DAGs
[2025-02-10T13:14:55.270+0600] {logging_mixin.py:190} INFO - [2025-02-10T13:14:55.270+0600] {dag.py:4180} INFO - Setting next_dagrun for example_setup_teardown_taskflow to None, run_after=None
[2025-02-10T13:14:55.297+0600] {processor.py:208} INFO - Processing /home/shamim/airflow_git/Airflow_project/air_venv/lib/python3.12/site-packages/airflow/example_dags/example_setup_teardown_taskflow.py took 0.098 seconds
[2025-02-10T13:16:01.656+0600] {processor.py:186} INFO - Started process (PID=15333) to work on /home/shamim/airflow_git/Airflow_project/air_venv/lib/python3.12/site-packages/airflow/example_dags/example_setup_teardown_taskflow.py
[2025-02-10T13:16:01.657+0600] {processor.py:914} INFO - Processing file /home/shamim/airflow_git/Airflow_project/air_venv/lib/python3.12/site-packages/airflow/example_dags/example_setup_teardown_taskflow.py for tasks to queue
[2025-02-10T13:16:01.660+0600] {logging_mixin.py:190} INFO - [2025-02-10T13:16:01.660+0600] {dagbag.py:588} INFO - Filling up the DagBag from /home/shamim/airflow_git/Airflow_project/air_venv/lib/python3.12/site-packages/airflow/example_dags/example_setup_teardown_taskflow.py
[2025-02-10T13:16:01.674+0600] {processor.py:925} INFO - DAG(s) 'example_setup_teardown_taskflow' retrieved from /home/shamim/airflow_git/Airflow_project/air_venv/lib/python3.12/site-packages/airflow/example_dags/example_setup_teardown_taskflow.py
[2025-02-10T13:16:01.699+0600] {logging_mixin.py:190} INFO - [2025-02-10T13:16:01.698+0600] {dag.py:3239} INFO - Sync 1 DAGs
[2025-02-10T13:16:01.719+0600] {logging_mixin.py:190} INFO - [2025-02-10T13:16:01.719+0600] {dag.py:4180} INFO - Setting next_dagrun for example_setup_teardown_taskflow to None, run_after=None
[2025-02-10T13:16:01.751+0600] {processor.py:208} INFO - Processing /home/shamim/airflow_git/Airflow_project/air_venv/lib/python3.12/site-packages/airflow/example_dags/example_setup_teardown_taskflow.py took 0.105 seconds
[2025-02-10T13:17:12.003+0600] {processor.py:186} INFO - Started process (PID=15426) to work on /home/shamim/airflow_git/Airflow_project/air_venv/lib/python3.12/site-packages/airflow/example_dags/example_setup_teardown_taskflow.py
[2025-02-10T13:17:12.009+0600] {processor.py:914} INFO - Processing file /home/shamim/airflow_git/Airflow_project/air_venv/lib/python3.12/site-packages/airflow/example_dags/example_setup_teardown_taskflow.py for tasks to queue
[2025-02-10T13:17:12.013+0600] {logging_mixin.py:190} INFO - [2025-02-10T13:17:12.012+0600] {dagbag.py:588} INFO - Filling up the DagBag from /home/shamim/airflow_git/Airflow_project/air_venv/lib/python3.12/site-packages/airflow/example_dags/example_setup_teardown_taskflow.py
[2025-02-10T13:17:12.027+0600] {processor.py:925} INFO - DAG(s) 'example_setup_teardown_taskflow' retrieved from /home/shamim/airflow_git/Airflow_project/air_venv/lib/python3.12/site-packages/airflow/example_dags/example_setup_teardown_taskflow.py
[2025-02-10T13:17:12.047+0600] {logging_mixin.py:190} INFO - [2025-02-10T13:17:12.047+0600] {dag.py:3239} INFO - Sync 1 DAGs
[2025-02-10T13:17:12.064+0600] {logging_mixin.py:190} INFO - [2025-02-10T13:17:12.063+0600] {dag.py:4180} INFO - Setting next_dagrun for example_setup_teardown_taskflow to None, run_after=None
[2025-02-10T13:17:12.086+0600] {processor.py:208} INFO - Processing /home/shamim/airflow_git/Airflow_project/air_venv/lib/python3.12/site-packages/airflow/example_dags/example_setup_teardown_taskflow.py took 0.095 seconds
[2025-02-10T13:18:25.304+0600] {processor.py:186} INFO - Started process (PID=15660) to work on /home/shamim/airflow_git/Airflow_project/air_venv/lib/python3.12/site-packages/airflow/example_dags/example_setup_teardown_taskflow.py
[2025-02-10T13:18:25.310+0600] {processor.py:914} INFO - Processing file /home/shamim/airflow_git/Airflow_project/air_venv/lib/python3.12/site-packages/airflow/example_dags/example_setup_teardown_taskflow.py for tasks to queue
[2025-02-10T13:18:25.313+0600] {logging_mixin.py:190} INFO - [2025-02-10T13:18:25.313+0600] {dagbag.py:588} INFO - Filling up the DagBag from /home/shamim/airflow_git/Airflow_project/air_venv/lib/python3.12/site-packages/airflow/example_dags/example_setup_teardown_taskflow.py
[2025-02-10T13:18:25.327+0600] {processor.py:925} INFO - DAG(s) 'example_setup_teardown_taskflow' retrieved from /home/shamim/airflow_git/Airflow_project/air_venv/lib/python3.12/site-packages/airflow/example_dags/example_setup_teardown_taskflow.py
[2025-02-10T13:18:25.347+0600] {logging_mixin.py:190} INFO - [2025-02-10T13:18:25.347+0600] {dag.py:3239} INFO - Sync 1 DAGs
[2025-02-10T13:18:25.363+0600] {logging_mixin.py:190} INFO - [2025-02-10T13:18:25.363+0600] {dag.py:4180} INFO - Setting next_dagrun for example_setup_teardown_taskflow to None, run_after=None
[2025-02-10T13:18:25.390+0600] {processor.py:208} INFO - Processing /home/shamim/airflow_git/Airflow_project/air_venv/lib/python3.12/site-packages/airflow/example_dags/example_setup_teardown_taskflow.py took 0.096 seconds
[2025-02-10T13:19:43.584+0600] {processor.py:186} INFO - Started process (PID=16209) to work on /home/shamim/airflow_git/Airflow_project/air_venv/lib/python3.12/site-packages/airflow/example_dags/example_setup_teardown_taskflow.py
[2025-02-10T13:19:43.592+0600] {processor.py:914} INFO - Processing file /home/shamim/airflow_git/Airflow_project/air_venv/lib/python3.12/site-packages/airflow/example_dags/example_setup_teardown_taskflow.py for tasks to queue
[2025-02-10T13:19:43.598+0600] {logging_mixin.py:190} INFO - [2025-02-10T13:19:43.596+0600] {dagbag.py:588} INFO - Filling up the DagBag from /home/shamim/airflow_git/Airflow_project/air_venv/lib/python3.12/site-packages/airflow/example_dags/example_setup_teardown_taskflow.py
[2025-02-10T13:19:43.640+0600] {processor.py:925} INFO - DAG(s) 'example_setup_teardown_taskflow' retrieved from /home/shamim/airflow_git/Airflow_project/air_venv/lib/python3.12/site-packages/airflow/example_dags/example_setup_teardown_taskflow.py
[2025-02-10T13:19:43.667+0600] {logging_mixin.py:190} INFO - [2025-02-10T13:19:43.667+0600] {dag.py:3239} INFO - Sync 1 DAGs
[2025-02-10T13:19:43.685+0600] {logging_mixin.py:190} INFO - [2025-02-10T13:19:43.685+0600] {dag.py:4180} INFO - Setting next_dagrun for example_setup_teardown_taskflow to None, run_after=None
[2025-02-10T13:19:43.713+0600] {processor.py:208} INFO - Processing /home/shamim/airflow_git/Airflow_project/air_venv/lib/python3.12/site-packages/airflow/example_dags/example_setup_teardown_taskflow.py took 0.165 seconds
[2025-02-10T13:20:54.289+0600] {processor.py:186} INFO - Started process (PID=16750) to work on /home/shamim/airflow_git/Airflow_project/air_venv/lib/python3.12/site-packages/airflow/example_dags/example_setup_teardown_taskflow.py
[2025-02-10T13:20:54.290+0600] {processor.py:914} INFO - Processing file /home/shamim/airflow_git/Airflow_project/air_venv/lib/python3.12/site-packages/airflow/example_dags/example_setup_teardown_taskflow.py for tasks to queue
[2025-02-10T13:20:54.291+0600] {logging_mixin.py:190} INFO - [2025-02-10T13:20:54.291+0600] {dagbag.py:588} INFO - Filling up the DagBag from /home/shamim/airflow_git/Airflow_project/air_venv/lib/python3.12/site-packages/airflow/example_dags/example_setup_teardown_taskflow.py
[2025-02-10T13:20:54.305+0600] {processor.py:925} INFO - DAG(s) 'example_setup_teardown_taskflow' retrieved from /home/shamim/airflow_git/Airflow_project/air_venv/lib/python3.12/site-packages/airflow/example_dags/example_setup_teardown_taskflow.py
[2025-02-10T13:20:54.329+0600] {logging_mixin.py:190} INFO - [2025-02-10T13:20:54.329+0600] {dag.py:3239} INFO - Sync 1 DAGs
[2025-02-10T13:20:54.345+0600] {logging_mixin.py:190} INFO - [2025-02-10T13:20:54.345+0600] {dag.py:4180} INFO - Setting next_dagrun for example_setup_teardown_taskflow to None, run_after=None
[2025-02-10T13:20:54.367+0600] {processor.py:208} INFO - Processing /home/shamim/airflow_git/Airflow_project/air_venv/lib/python3.12/site-packages/airflow/example_dags/example_setup_teardown_taskflow.py took 0.088 seconds
[2025-02-10T13:22:11.924+0600] {processor.py:186} INFO - Started process (PID=17301) to work on /home/shamim/airflow_git/Airflow_project/air_venv/lib/python3.12/site-packages/airflow/example_dags/example_setup_teardown_taskflow.py
[2025-02-10T13:22:11.931+0600] {processor.py:914} INFO - Processing file /home/shamim/airflow_git/Airflow_project/air_venv/lib/python3.12/site-packages/airflow/example_dags/example_setup_teardown_taskflow.py for tasks to queue
[2025-02-10T13:22:11.932+0600] {logging_mixin.py:190} INFO - [2025-02-10T13:22:11.932+0600] {dagbag.py:588} INFO - Filling up the DagBag from /home/shamim/airflow_git/Airflow_project/air_venv/lib/python3.12/site-packages/airflow/example_dags/example_setup_teardown_taskflow.py
[2025-02-10T13:22:11.946+0600] {processor.py:925} INFO - DAG(s) 'example_setup_teardown_taskflow' retrieved from /home/shamim/airflow_git/Airflow_project/air_venv/lib/python3.12/site-packages/airflow/example_dags/example_setup_teardown_taskflow.py
[2025-02-10T13:22:11.967+0600] {logging_mixin.py:190} INFO - [2025-02-10T13:22:11.967+0600] {dag.py:3239} INFO - Sync 1 DAGs
[2025-02-10T13:22:11.983+0600] {logging_mixin.py:190} INFO - [2025-02-10T13:22:11.983+0600] {dag.py:4180} INFO - Setting next_dagrun for example_setup_teardown_taskflow to None, run_after=None
[2025-02-10T13:22:12.011+0600] {processor.py:208} INFO - Processing /home/shamim/airflow_git/Airflow_project/air_venv/lib/python3.12/site-packages/airflow/example_dags/example_setup_teardown_taskflow.py took 0.097 seconds
[2025-02-10T13:23:28.704+0600] {processor.py:186} INFO - Started process (PID=17455) to work on /home/shamim/airflow_git/Airflow_project/air_venv/lib/python3.12/site-packages/airflow/example_dags/example_setup_teardown_taskflow.py
[2025-02-10T13:23:28.710+0600] {processor.py:914} INFO - Processing file /home/shamim/airflow_git/Airflow_project/air_venv/lib/python3.12/site-packages/airflow/example_dags/example_setup_teardown_taskflow.py for tasks to queue
[2025-02-10T13:23:28.712+0600] {logging_mixin.py:190} INFO - [2025-02-10T13:23:28.711+0600] {dagbag.py:588} INFO - Filling up the DagBag from /home/shamim/airflow_git/Airflow_project/air_venv/lib/python3.12/site-packages/airflow/example_dags/example_setup_teardown_taskflow.py
[2025-02-10T13:23:28.727+0600] {processor.py:925} INFO - DAG(s) 'example_setup_teardown_taskflow' retrieved from /home/shamim/airflow_git/Airflow_project/air_venv/lib/python3.12/site-packages/airflow/example_dags/example_setup_teardown_taskflow.py
[2025-02-10T13:23:28.750+0600] {logging_mixin.py:190} INFO - [2025-02-10T13:23:28.750+0600] {dag.py:3239} INFO - Sync 1 DAGs
[2025-02-10T13:23:28.770+0600] {logging_mixin.py:190} INFO - [2025-02-10T13:23:28.769+0600] {dag.py:4180} INFO - Setting next_dagrun for example_setup_teardown_taskflow to None, run_after=None
[2025-02-10T13:23:28.800+0600] {processor.py:208} INFO - Processing /home/shamim/airflow_git/Airflow_project/air_venv/lib/python3.12/site-packages/airflow/example_dags/example_setup_teardown_taskflow.py took 0.108 seconds
[2025-02-10T13:24:39.831+0600] {processor.py:186} INFO - Started process (PID=17618) to work on /home/shamim/airflow_git/Airflow_project/air_venv/lib/python3.12/site-packages/airflow/example_dags/example_setup_teardown_taskflow.py
[2025-02-10T13:24:39.838+0600] {processor.py:914} INFO - Processing file /home/shamim/airflow_git/Airflow_project/air_venv/lib/python3.12/site-packages/airflow/example_dags/example_setup_teardown_taskflow.py for tasks to queue
[2025-02-10T13:24:39.839+0600] {logging_mixin.py:190} INFO - [2025-02-10T13:24:39.839+0600] {dagbag.py:588} INFO - Filling up the DagBag from /home/shamim/airflow_git/Airflow_project/air_venv/lib/python3.12/site-packages/airflow/example_dags/example_setup_teardown_taskflow.py
[2025-02-10T13:24:39.853+0600] {processor.py:925} INFO - DAG(s) 'example_setup_teardown_taskflow' retrieved from /home/shamim/airflow_git/Airflow_project/air_venv/lib/python3.12/site-packages/airflow/example_dags/example_setup_teardown_taskflow.py
[2025-02-10T13:24:39.874+0600] {logging_mixin.py:190} INFO - [2025-02-10T13:24:39.874+0600] {dag.py:3239} INFO - Sync 1 DAGs
[2025-02-10T13:24:39.893+0600] {logging_mixin.py:190} INFO - [2025-02-10T13:24:39.893+0600] {dag.py:4180} INFO - Setting next_dagrun for example_setup_teardown_taskflow to None, run_after=None
[2025-02-10T13:24:39.919+0600] {processor.py:208} INFO - Processing /home/shamim/airflow_git/Airflow_project/air_venv/lib/python3.12/site-packages/airflow/example_dags/example_setup_teardown_taskflow.py took 0.098 seconds
[2025-02-10T13:25:58.666+0600] {processor.py:186} INFO - Started process (PID=17787) to work on /home/shamim/airflow_git/Airflow_project/air_venv/lib/python3.12/site-packages/airflow/example_dags/example_setup_teardown_taskflow.py
[2025-02-10T13:25:58.667+0600] {processor.py:914} INFO - Processing file /home/shamim/airflow_git/Airflow_project/air_venv/lib/python3.12/site-packages/airflow/example_dags/example_setup_teardown_taskflow.py for tasks to queue
[2025-02-10T13:25:58.669+0600] {logging_mixin.py:190} INFO - [2025-02-10T13:25:58.668+0600] {dagbag.py:588} INFO - Filling up the DagBag from /home/shamim/airflow_git/Airflow_project/air_venv/lib/python3.12/site-packages/airflow/example_dags/example_setup_teardown_taskflow.py
[2025-02-10T13:25:58.682+0600] {processor.py:925} INFO - DAG(s) 'example_setup_teardown_taskflow' retrieved from /home/shamim/airflow_git/Airflow_project/air_venv/lib/python3.12/site-packages/airflow/example_dags/example_setup_teardown_taskflow.py
[2025-02-10T13:25:58.703+0600] {logging_mixin.py:190} INFO - [2025-02-10T13:25:58.703+0600] {dag.py:3239} INFO - Sync 1 DAGs
[2025-02-10T13:25:58.720+0600] {logging_mixin.py:190} INFO - [2025-02-10T13:25:58.720+0600] {dag.py:4180} INFO - Setting next_dagrun for example_setup_teardown_taskflow to None, run_after=None
[2025-02-10T13:25:58.742+0600] {processor.py:208} INFO - Processing /home/shamim/airflow_git/Airflow_project/air_venv/lib/python3.12/site-packages/airflow/example_dags/example_setup_teardown_taskflow.py took 0.086 seconds
[2025-02-10T13:27:15.014+0600] {processor.py:186} INFO - Started process (PID=17901) to work on /home/shamim/airflow_git/Airflow_project/air_venv/lib/python3.12/site-packages/airflow/example_dags/example_setup_teardown_taskflow.py
[2025-02-10T13:27:15.021+0600] {processor.py:914} INFO - Processing file /home/shamim/airflow_git/Airflow_project/air_venv/lib/python3.12/site-packages/airflow/example_dags/example_setup_teardown_taskflow.py for tasks to queue
[2025-02-10T13:27:15.023+0600] {logging_mixin.py:190} INFO - [2025-02-10T13:27:15.023+0600] {dagbag.py:588} INFO - Filling up the DagBag from /home/shamim/airflow_git/Airflow_project/air_venv/lib/python3.12/site-packages/airflow/example_dags/example_setup_teardown_taskflow.py
[2025-02-10T13:27:15.041+0600] {processor.py:925} INFO - DAG(s) 'example_setup_teardown_taskflow' retrieved from /home/shamim/airflow_git/Airflow_project/air_venv/lib/python3.12/site-packages/airflow/example_dags/example_setup_teardown_taskflow.py
[2025-02-10T13:27:15.062+0600] {logging_mixin.py:190} INFO - [2025-02-10T13:27:15.062+0600] {dag.py:3239} INFO - Sync 1 DAGs
[2025-02-10T13:27:15.078+0600] {logging_mixin.py:190} INFO - [2025-02-10T13:27:15.078+0600] {dag.py:4180} INFO - Setting next_dagrun for example_setup_teardown_taskflow to None, run_after=None
[2025-02-10T13:27:15.114+0600] {processor.py:208} INFO - Processing /home/shamim/airflow_git/Airflow_project/air_venv/lib/python3.12/site-packages/airflow/example_dags/example_setup_teardown_taskflow.py took 0.114 seconds
[2025-02-10T13:28:46.411+0600] {processor.py:186} INFO - Started process (PID=18501) to work on /home/shamim/airflow_git/Airflow_project/air_venv/lib/python3.12/site-packages/airflow/example_dags/example_setup_teardown_taskflow.py
[2025-02-10T13:28:46.417+0600] {processor.py:914} INFO - Processing file /home/shamim/airflow_git/Airflow_project/air_venv/lib/python3.12/site-packages/airflow/example_dags/example_setup_teardown_taskflow.py for tasks to queue
[2025-02-10T13:28:46.419+0600] {logging_mixin.py:190} INFO - [2025-02-10T13:28:46.418+0600] {dagbag.py:588} INFO - Filling up the DagBag from /home/shamim/airflow_git/Airflow_project/air_venv/lib/python3.12/site-packages/airflow/example_dags/example_setup_teardown_taskflow.py
[2025-02-10T13:28:46.432+0600] {processor.py:925} INFO - DAG(s) 'example_setup_teardown_taskflow' retrieved from /home/shamim/airflow_git/Airflow_project/air_venv/lib/python3.12/site-packages/airflow/example_dags/example_setup_teardown_taskflow.py
[2025-02-10T13:28:46.453+0600] {logging_mixin.py:190} INFO - [2025-02-10T13:28:46.453+0600] {dag.py:3239} INFO - Sync 1 DAGs
[2025-02-10T13:28:46.469+0600] {logging_mixin.py:190} INFO - [2025-02-10T13:28:46.469+0600] {dag.py:4180} INFO - Setting next_dagrun for example_setup_teardown_taskflow to None, run_after=None
[2025-02-10T13:28:46.505+0600] {processor.py:208} INFO - Processing /home/shamim/airflow_git/Airflow_project/air_venv/lib/python3.12/site-packages/airflow/example_dags/example_setup_teardown_taskflow.py took 0.104 seconds
[2025-02-10T13:30:04.424+0600] {processor.py:186} INFO - Started process (PID=18790) to work on /home/shamim/airflow_git/Airflow_project/air_venv/lib/python3.12/site-packages/airflow/example_dags/example_setup_teardown_taskflow.py
[2025-02-10T13:30:04.430+0600] {processor.py:914} INFO - Processing file /home/shamim/airflow_git/Airflow_project/air_venv/lib/python3.12/site-packages/airflow/example_dags/example_setup_teardown_taskflow.py for tasks to queue
[2025-02-10T13:30:04.432+0600] {logging_mixin.py:190} INFO - [2025-02-10T13:30:04.431+0600] {dagbag.py:588} INFO - Filling up the DagBag from /home/shamim/airflow_git/Airflow_project/air_venv/lib/python3.12/site-packages/airflow/example_dags/example_setup_teardown_taskflow.py
[2025-02-10T13:30:04.447+0600] {processor.py:925} INFO - DAG(s) 'example_setup_teardown_taskflow' retrieved from /home/shamim/airflow_git/Airflow_project/air_venv/lib/python3.12/site-packages/airflow/example_dags/example_setup_teardown_taskflow.py
[2025-02-10T13:30:04.468+0600] {logging_mixin.py:190} INFO - [2025-02-10T13:30:04.468+0600] {dag.py:3239} INFO - Sync 1 DAGs
[2025-02-10T13:30:04.484+0600] {logging_mixin.py:190} INFO - [2025-02-10T13:30:04.484+0600] {dag.py:4180} INFO - Setting next_dagrun for example_setup_teardown_taskflow to None, run_after=None
[2025-02-10T13:30:04.519+0600] {processor.py:208} INFO - Processing /home/shamim/airflow_git/Airflow_project/air_venv/lib/python3.12/site-packages/airflow/example_dags/example_setup_teardown_taskflow.py took 0.107 seconds
[2025-02-10T13:31:21.723+0600] {processor.py:186} INFO - Started process (PID=18892) to work on /home/shamim/airflow_git/Airflow_project/air_venv/lib/python3.12/site-packages/airflow/example_dags/example_setup_teardown_taskflow.py
[2025-02-10T13:31:21.730+0600] {processor.py:914} INFO - Processing file /home/shamim/airflow_git/Airflow_project/air_venv/lib/python3.12/site-packages/airflow/example_dags/example_setup_teardown_taskflow.py for tasks to queue
[2025-02-10T13:31:21.731+0600] {logging_mixin.py:190} INFO - [2025-02-10T13:31:21.731+0600] {dagbag.py:588} INFO - Filling up the DagBag from /home/shamim/airflow_git/Airflow_project/air_venv/lib/python3.12/site-packages/airflow/example_dags/example_setup_teardown_taskflow.py
[2025-02-10T13:31:21.745+0600] {processor.py:925} INFO - DAG(s) 'example_setup_teardown_taskflow' retrieved from /home/shamim/airflow_git/Airflow_project/air_venv/lib/python3.12/site-packages/airflow/example_dags/example_setup_teardown_taskflow.py
[2025-02-10T13:31:21.766+0600] {logging_mixin.py:190} INFO - [2025-02-10T13:31:21.766+0600] {dag.py:3239} INFO - Sync 1 DAGs
[2025-02-10T13:31:21.782+0600] {logging_mixin.py:190} INFO - [2025-02-10T13:31:21.782+0600] {dag.py:4180} INFO - Setting next_dagrun for example_setup_teardown_taskflow to None, run_after=None
[2025-02-10T13:31:21.818+0600] {processor.py:208} INFO - Processing /home/shamim/airflow_git/Airflow_project/air_venv/lib/python3.12/site-packages/airflow/example_dags/example_setup_teardown_taskflow.py took 0.105 seconds
[2025-02-10T13:32:35.792+0600] {processor.py:186} INFO - Started process (PID=19015) to work on /home/shamim/airflow_git/Airflow_project/air_venv/lib/python3.12/site-packages/airflow/example_dags/example_setup_teardown_taskflow.py
[2025-02-10T13:32:35.798+0600] {processor.py:914} INFO - Processing file /home/shamim/airflow_git/Airflow_project/air_venv/lib/python3.12/site-packages/airflow/example_dags/example_setup_teardown_taskflow.py for tasks to queue
[2025-02-10T13:32:35.800+0600] {logging_mixin.py:190} INFO - [2025-02-10T13:32:35.799+0600] {dagbag.py:588} INFO - Filling up the DagBag from /home/shamim/airflow_git/Airflow_project/air_venv/lib/python3.12/site-packages/airflow/example_dags/example_setup_teardown_taskflow.py
[2025-02-10T13:32:35.813+0600] {processor.py:925} INFO - DAG(s) 'example_setup_teardown_taskflow' retrieved from /home/shamim/airflow_git/Airflow_project/air_venv/lib/python3.12/site-packages/airflow/example_dags/example_setup_teardown_taskflow.py
[2025-02-10T13:32:35.836+0600] {logging_mixin.py:190} INFO - [2025-02-10T13:32:35.836+0600] {dag.py:3239} INFO - Sync 1 DAGs
[2025-02-10T13:32:35.852+0600] {logging_mixin.py:190} INFO - [2025-02-10T13:32:35.852+0600] {dag.py:4180} INFO - Setting next_dagrun for example_setup_teardown_taskflow to None, run_after=None
[2025-02-10T13:32:35.887+0600] {processor.py:208} INFO - Processing /home/shamim/airflow_git/Airflow_project/air_venv/lib/python3.12/site-packages/airflow/example_dags/example_setup_teardown_taskflow.py took 0.105 seconds
[2025-02-10T13:33:59.877+0600] {processor.py:186} INFO - Started process (PID=19187) to work on /home/shamim/airflow_git/Airflow_project/air_venv/lib/python3.12/site-packages/airflow/example_dags/example_setup_teardown_taskflow.py
[2025-02-10T13:33:59.883+0600] {processor.py:914} INFO - Processing file /home/shamim/airflow_git/Airflow_project/air_venv/lib/python3.12/site-packages/airflow/example_dags/example_setup_teardown_taskflow.py for tasks to queue
[2025-02-10T13:33:59.885+0600] {logging_mixin.py:190} INFO - [2025-02-10T13:33:59.884+0600] {dagbag.py:588} INFO - Filling up the DagBag from /home/shamim/airflow_git/Airflow_project/air_venv/lib/python3.12/site-packages/airflow/example_dags/example_setup_teardown_taskflow.py
[2025-02-10T13:33:59.898+0600] {processor.py:925} INFO - DAG(s) 'example_setup_teardown_taskflow' retrieved from /home/shamim/airflow_git/Airflow_project/air_venv/lib/python3.12/site-packages/airflow/example_dags/example_setup_teardown_taskflow.py
[2025-02-10T13:33:59.919+0600] {logging_mixin.py:190} INFO - [2025-02-10T13:33:59.918+0600] {dag.py:3239} INFO - Sync 1 DAGs
[2025-02-10T13:33:59.934+0600] {logging_mixin.py:190} INFO - [2025-02-10T13:33:59.934+0600] {dag.py:4180} INFO - Setting next_dagrun for example_setup_teardown_taskflow to None, run_after=None
[2025-02-10T13:33:59.969+0600] {processor.py:208} INFO - Processing /home/shamim/airflow_git/Airflow_project/air_venv/lib/python3.12/site-packages/airflow/example_dags/example_setup_teardown_taskflow.py took 0.103 seconds
[2025-02-10T13:35:15.066+0600] {processor.py:186} INFO - Started process (PID=19415) to work on /home/shamim/airflow_git/Airflow_project/air_venv/lib/python3.12/site-packages/airflow/example_dags/example_setup_teardown_taskflow.py
[2025-02-10T13:35:15.083+0600] {processor.py:914} INFO - Processing file /home/shamim/airflow_git/Airflow_project/air_venv/lib/python3.12/site-packages/airflow/example_dags/example_setup_teardown_taskflow.py for tasks to queue
[2025-02-10T13:35:15.087+0600] {logging_mixin.py:190} INFO - [2025-02-10T13:35:15.086+0600] {dagbag.py:588} INFO - Filling up the DagBag from /home/shamim/airflow_git/Airflow_project/air_venv/lib/python3.12/site-packages/airflow/example_dags/example_setup_teardown_taskflow.py
[2025-02-10T13:35:15.111+0600] {processor.py:925} INFO - DAG(s) 'example_setup_teardown_taskflow' retrieved from /home/shamim/airflow_git/Airflow_project/air_venv/lib/python3.12/site-packages/airflow/example_dags/example_setup_teardown_taskflow.py
[2025-02-10T13:35:15.131+0600] {logging_mixin.py:190} INFO - [2025-02-10T13:35:15.131+0600] {dag.py:3239} INFO - Sync 1 DAGs
[2025-02-10T13:35:15.147+0600] {logging_mixin.py:190} INFO - [2025-02-10T13:35:15.147+0600] {dag.py:4180} INFO - Setting next_dagrun for example_setup_teardown_taskflow to None, run_after=None
[2025-02-10T13:35:15.169+0600] {processor.py:208} INFO - Processing /home/shamim/airflow_git/Airflow_project/air_venv/lib/python3.12/site-packages/airflow/example_dags/example_setup_teardown_taskflow.py took 0.113 seconds
[2025-02-10T13:36:41.997+0600] {processor.py:186} INFO - Started process (PID=19524) to work on /home/shamim/airflow_git/Airflow_project/air_venv/lib/python3.12/site-packages/airflow/example_dags/example_setup_teardown_taskflow.py
[2025-02-10T13:36:41.998+0600] {processor.py:914} INFO - Processing file /home/shamim/airflow_git/Airflow_project/air_venv/lib/python3.12/site-packages/airflow/example_dags/example_setup_teardown_taskflow.py for tasks to queue
[2025-02-10T13:36:41.999+0600] {logging_mixin.py:190} INFO - [2025-02-10T13:36:41.999+0600] {dagbag.py:588} INFO - Filling up the DagBag from /home/shamim/airflow_git/Airflow_project/air_venv/lib/python3.12/site-packages/airflow/example_dags/example_setup_teardown_taskflow.py
[2025-02-10T13:36:42.013+0600] {processor.py:925} INFO - DAG(s) 'example_setup_teardown_taskflow' retrieved from /home/shamim/airflow_git/Airflow_project/air_venv/lib/python3.12/site-packages/airflow/example_dags/example_setup_teardown_taskflow.py
[2025-02-10T13:36:42.033+0600] {logging_mixin.py:190} INFO - [2025-02-10T13:36:42.032+0600] {dag.py:3239} INFO - Sync 1 DAGs
[2025-02-10T13:36:42.048+0600] {logging_mixin.py:190} INFO - [2025-02-10T13:36:42.048+0600] {dag.py:4180} INFO - Setting next_dagrun for example_setup_teardown_taskflow to None, run_after=None
[2025-02-10T13:36:42.082+0600] {processor.py:208} INFO - Processing /home/shamim/airflow_git/Airflow_project/air_venv/lib/python3.12/site-packages/airflow/example_dags/example_setup_teardown_taskflow.py took 0.096 seconds
[2025-02-10T13:37:59.127+0600] {processor.py:186} INFO - Started process (PID=19668) to work on /home/shamim/airflow_git/Airflow_project/air_venv/lib/python3.12/site-packages/airflow/example_dags/example_setup_teardown_taskflow.py
[2025-02-10T13:37:59.134+0600] {processor.py:914} INFO - Processing file /home/shamim/airflow_git/Airflow_project/air_venv/lib/python3.12/site-packages/airflow/example_dags/example_setup_teardown_taskflow.py for tasks to queue
[2025-02-10T13:37:59.135+0600] {logging_mixin.py:190} INFO - [2025-02-10T13:37:59.135+0600] {dagbag.py:588} INFO - Filling up the DagBag from /home/shamim/airflow_git/Airflow_project/air_venv/lib/python3.12/site-packages/airflow/example_dags/example_setup_teardown_taskflow.py
[2025-02-10T13:37:59.148+0600] {processor.py:925} INFO - DAG(s) 'example_setup_teardown_taskflow' retrieved from /home/shamim/airflow_git/Airflow_project/air_venv/lib/python3.12/site-packages/airflow/example_dags/example_setup_teardown_taskflow.py
[2025-02-10T13:37:59.169+0600] {logging_mixin.py:190} INFO - [2025-02-10T13:37:59.168+0600] {dag.py:3239} INFO - Sync 1 DAGs
[2025-02-10T13:37:59.184+0600] {logging_mixin.py:190} INFO - [2025-02-10T13:37:59.184+0600] {dag.py:4180} INFO - Setting next_dagrun for example_setup_teardown_taskflow to None, run_after=None
[2025-02-10T13:37:59.219+0600] {processor.py:208} INFO - Processing /home/shamim/airflow_git/Airflow_project/air_venv/lib/python3.12/site-packages/airflow/example_dags/example_setup_teardown_taskflow.py took 0.100 seconds
[2025-02-10T13:39:15.226+0600] {processor.py:186} INFO - Started process (PID=19802) to work on /home/shamim/airflow_git/Airflow_project/air_venv/lib/python3.12/site-packages/airflow/example_dags/example_setup_teardown_taskflow.py
[2025-02-10T13:39:15.233+0600] {processor.py:914} INFO - Processing file /home/shamim/airflow_git/Airflow_project/air_venv/lib/python3.12/site-packages/airflow/example_dags/example_setup_teardown_taskflow.py for tasks to queue
[2025-02-10T13:39:15.235+0600] {logging_mixin.py:190} INFO - [2025-02-10T13:39:15.234+0600] {dagbag.py:588} INFO - Filling up the DagBag from /home/shamim/airflow_git/Airflow_project/air_venv/lib/python3.12/site-packages/airflow/example_dags/example_setup_teardown_taskflow.py
[2025-02-10T13:39:15.250+0600] {processor.py:925} INFO - DAG(s) 'example_setup_teardown_taskflow' retrieved from /home/shamim/airflow_git/Airflow_project/air_venv/lib/python3.12/site-packages/airflow/example_dags/example_setup_teardown_taskflow.py
[2025-02-10T13:39:15.271+0600] {logging_mixin.py:190} INFO - [2025-02-10T13:39:15.270+0600] {dag.py:3239} INFO - Sync 1 DAGs
[2025-02-10T13:39:15.286+0600] {logging_mixin.py:190} INFO - [2025-02-10T13:39:15.286+0600] {dag.py:4180} INFO - Setting next_dagrun for example_setup_teardown_taskflow to None, run_after=None
[2025-02-10T13:39:15.321+0600] {processor.py:208} INFO - Processing /home/shamim/airflow_git/Airflow_project/air_venv/lib/python3.12/site-packages/airflow/example_dags/example_setup_teardown_taskflow.py took 0.105 seconds
[2025-02-10T13:40:38.600+0600] {processor.py:186} INFO - Started process (PID=19956) to work on /home/shamim/airflow_git/Airflow_project/air_venv/lib/python3.12/site-packages/airflow/example_dags/example_setup_teardown_taskflow.py
[2025-02-10T13:40:38.607+0600] {processor.py:914} INFO - Processing file /home/shamim/airflow_git/Airflow_project/air_venv/lib/python3.12/site-packages/airflow/example_dags/example_setup_teardown_taskflow.py for tasks to queue
[2025-02-10T13:40:38.608+0600] {logging_mixin.py:190} INFO - [2025-02-10T13:40:38.608+0600] {dagbag.py:588} INFO - Filling up the DagBag from /home/shamim/airflow_git/Airflow_project/air_venv/lib/python3.12/site-packages/airflow/example_dags/example_setup_teardown_taskflow.py
[2025-02-10T13:40:38.623+0600] {processor.py:925} INFO - DAG(s) 'example_setup_teardown_taskflow' retrieved from /home/shamim/airflow_git/Airflow_project/air_venv/lib/python3.12/site-packages/airflow/example_dags/example_setup_teardown_taskflow.py
[2025-02-10T13:40:38.644+0600] {logging_mixin.py:190} INFO - [2025-02-10T13:40:38.643+0600] {dag.py:3239} INFO - Sync 1 DAGs
[2025-02-10T13:40:38.659+0600] {logging_mixin.py:190} INFO - [2025-02-10T13:40:38.658+0600] {dag.py:4180} INFO - Setting next_dagrun for example_setup_teardown_taskflow to None, run_after=None
[2025-02-10T13:40:38.839+0600] {processor.py:208} INFO - Processing /home/shamim/airflow_git/Airflow_project/air_venv/lib/python3.12/site-packages/airflow/example_dags/example_setup_teardown_taskflow.py took 0.249 seconds
[2025-02-10T13:42:04.126+0600] {processor.py:186} INFO - Started process (PID=20073) to work on /home/shamim/airflow_git/Airflow_project/air_venv/lib/python3.12/site-packages/airflow/example_dags/example_setup_teardown_taskflow.py
[2025-02-10T13:42:04.133+0600] {processor.py:914} INFO - Processing file /home/shamim/airflow_git/Airflow_project/air_venv/lib/python3.12/site-packages/airflow/example_dags/example_setup_teardown_taskflow.py for tasks to queue
[2025-02-10T13:42:04.134+0600] {logging_mixin.py:190} INFO - [2025-02-10T13:42:04.134+0600] {dagbag.py:588} INFO - Filling up the DagBag from /home/shamim/airflow_git/Airflow_project/air_venv/lib/python3.12/site-packages/airflow/example_dags/example_setup_teardown_taskflow.py
[2025-02-10T13:42:04.147+0600] {processor.py:925} INFO - DAG(s) 'example_setup_teardown_taskflow' retrieved from /home/shamim/airflow_git/Airflow_project/air_venv/lib/python3.12/site-packages/airflow/example_dags/example_setup_teardown_taskflow.py
[2025-02-10T13:42:04.167+0600] {logging_mixin.py:190} INFO - [2025-02-10T13:42:04.167+0600] {dag.py:3239} INFO - Sync 1 DAGs
[2025-02-10T13:42:04.182+0600] {logging_mixin.py:190} INFO - [2025-02-10T13:42:04.182+0600] {dag.py:4180} INFO - Setting next_dagrun for example_setup_teardown_taskflow to None, run_after=None
[2025-02-10T13:42:04.217+0600] {processor.py:208} INFO - Processing /home/shamim/airflow_git/Airflow_project/air_venv/lib/python3.12/site-packages/airflow/example_dags/example_setup_teardown_taskflow.py took 0.099 seconds
[2025-02-10T13:43:18.838+0600] {processor.py:186} INFO - Started process (PID=20216) to work on /home/shamim/airflow_git/Airflow_project/air_venv/lib/python3.12/site-packages/airflow/example_dags/example_setup_teardown_taskflow.py
[2025-02-10T13:43:18.845+0600] {processor.py:914} INFO - Processing file /home/shamim/airflow_git/Airflow_project/air_venv/lib/python3.12/site-packages/airflow/example_dags/example_setup_teardown_taskflow.py for tasks to queue
[2025-02-10T13:43:18.847+0600] {logging_mixin.py:190} INFO - [2025-02-10T13:43:18.846+0600] {dagbag.py:588} INFO - Filling up the DagBag from /home/shamim/airflow_git/Airflow_project/air_venv/lib/python3.12/site-packages/airflow/example_dags/example_setup_teardown_taskflow.py
[2025-02-10T13:43:18.862+0600] {processor.py:925} INFO - DAG(s) 'example_setup_teardown_taskflow' retrieved from /home/shamim/airflow_git/Airflow_project/air_venv/lib/python3.12/site-packages/airflow/example_dags/example_setup_teardown_taskflow.py
[2025-02-10T13:43:18.883+0600] {logging_mixin.py:190} INFO - [2025-02-10T13:43:18.882+0600] {dag.py:3239} INFO - Sync 1 DAGs
[2025-02-10T13:43:18.899+0600] {logging_mixin.py:190} INFO - [2025-02-10T13:43:18.899+0600] {dag.py:4180} INFO - Setting next_dagrun for example_setup_teardown_taskflow to None, run_after=None
[2025-02-10T13:43:18.934+0600] {processor.py:208} INFO - Processing /home/shamim/airflow_git/Airflow_project/air_venv/lib/python3.12/site-packages/airflow/example_dags/example_setup_teardown_taskflow.py took 0.106 seconds
[2025-02-10T13:44:30.766+0600] {processor.py:186} INFO - Started process (PID=20373) to work on /home/shamim/airflow_git/Airflow_project/air_venv/lib/python3.12/site-packages/airflow/example_dags/example_setup_teardown_taskflow.py
[2025-02-10T13:44:30.773+0600] {processor.py:914} INFO - Processing file /home/shamim/airflow_git/Airflow_project/air_venv/lib/python3.12/site-packages/airflow/example_dags/example_setup_teardown_taskflow.py for tasks to queue
[2025-02-10T13:44:30.775+0600] {logging_mixin.py:190} INFO - [2025-02-10T13:44:30.774+0600] {dagbag.py:588} INFO - Filling up the DagBag from /home/shamim/airflow_git/Airflow_project/air_venv/lib/python3.12/site-packages/airflow/example_dags/example_setup_teardown_taskflow.py
[2025-02-10T13:44:30.792+0600] {processor.py:925} INFO - DAG(s) 'example_setup_teardown_taskflow' retrieved from /home/shamim/airflow_git/Airflow_project/air_venv/lib/python3.12/site-packages/airflow/example_dags/example_setup_teardown_taskflow.py
[2025-02-10T13:44:30.813+0600] {logging_mixin.py:190} INFO - [2025-02-10T13:44:30.813+0600] {dag.py:3239} INFO - Sync 1 DAGs
[2025-02-10T13:44:30.828+0600] {logging_mixin.py:190} INFO - [2025-02-10T13:44:30.828+0600] {dag.py:4180} INFO - Setting next_dagrun for example_setup_teardown_taskflow to None, run_after=None
[2025-02-10T13:44:30.863+0600] {processor.py:208} INFO - Processing /home/shamim/airflow_git/Airflow_project/air_venv/lib/python3.12/site-packages/airflow/example_dags/example_setup_teardown_taskflow.py took 0.110 seconds
[2025-02-10T13:45:46.837+0600] {processor.py:186} INFO - Started process (PID=20484) to work on /home/shamim/airflow_git/Airflow_project/air_venv/lib/python3.12/site-packages/airflow/example_dags/example_setup_teardown_taskflow.py
[2025-02-10T13:45:46.843+0600] {processor.py:914} INFO - Processing file /home/shamim/airflow_git/Airflow_project/air_venv/lib/python3.12/site-packages/airflow/example_dags/example_setup_teardown_taskflow.py for tasks to queue
[2025-02-10T13:45:46.845+0600] {logging_mixin.py:190} INFO - [2025-02-10T13:45:46.844+0600] {dagbag.py:588} INFO - Filling up the DagBag from /home/shamim/airflow_git/Airflow_project/air_venv/lib/python3.12/site-packages/airflow/example_dags/example_setup_teardown_taskflow.py
[2025-02-10T13:45:46.858+0600] {processor.py:925} INFO - DAG(s) 'example_setup_teardown_taskflow' retrieved from /home/shamim/airflow_git/Airflow_project/air_venv/lib/python3.12/site-packages/airflow/example_dags/example_setup_teardown_taskflow.py
[2025-02-10T13:45:46.878+0600] {logging_mixin.py:190} INFO - [2025-02-10T13:45:46.878+0600] {dag.py:3239} INFO - Sync 1 DAGs
[2025-02-10T13:45:46.894+0600] {logging_mixin.py:190} INFO - [2025-02-10T13:45:46.894+0600] {dag.py:4180} INFO - Setting next_dagrun for example_setup_teardown_taskflow to None, run_after=None
[2025-02-10T13:45:46.929+0600] {processor.py:208} INFO - Processing /home/shamim/airflow_git/Airflow_project/air_venv/lib/python3.12/site-packages/airflow/example_dags/example_setup_teardown_taskflow.py took 0.101 seconds
[2025-02-10T13:47:00.668+0600] {processor.py:186} INFO - Started process (PID=20746) to work on /home/shamim/airflow_git/Airflow_project/air_venv/lib/python3.12/site-packages/airflow/example_dags/example_setup_teardown_taskflow.py
[2025-02-10T13:47:00.670+0600] {processor.py:914} INFO - Processing file /home/shamim/airflow_git/Airflow_project/air_venv/lib/python3.12/site-packages/airflow/example_dags/example_setup_teardown_taskflow.py for tasks to queue
[2025-02-10T13:47:00.672+0600] {logging_mixin.py:190} INFO - [2025-02-10T13:47:00.672+0600] {dagbag.py:588} INFO - Filling up the DagBag from /home/shamim/airflow_git/Airflow_project/air_venv/lib/python3.12/site-packages/airflow/example_dags/example_setup_teardown_taskflow.py
[2025-02-10T13:47:00.687+0600] {processor.py:925} INFO - DAG(s) 'example_setup_teardown_taskflow' retrieved from /home/shamim/airflow_git/Airflow_project/air_venv/lib/python3.12/site-packages/airflow/example_dags/example_setup_teardown_taskflow.py
[2025-02-10T13:47:00.707+0600] {logging_mixin.py:190} INFO - [2025-02-10T13:47:00.707+0600] {dag.py:3239} INFO - Sync 1 DAGs
[2025-02-10T13:47:00.723+0600] {logging_mixin.py:190} INFO - [2025-02-10T13:47:00.723+0600] {dag.py:4180} INFO - Setting next_dagrun for example_setup_teardown_taskflow to None, run_after=None
[2025-02-10T13:47:00.746+0600] {processor.py:208} INFO - Processing /home/shamim/airflow_git/Airflow_project/air_venv/lib/python3.12/site-packages/airflow/example_dags/example_setup_teardown_taskflow.py took 0.088 seconds
[2025-02-10T13:48:16.350+0600] {processor.py:186} INFO - Started process (PID=21021) to work on /home/shamim/airflow_git/Airflow_project/air_venv/lib/python3.12/site-packages/airflow/example_dags/example_setup_teardown_taskflow.py
[2025-02-10T13:48:16.356+0600] {processor.py:914} INFO - Processing file /home/shamim/airflow_git/Airflow_project/air_venv/lib/python3.12/site-packages/airflow/example_dags/example_setup_teardown_taskflow.py for tasks to queue
[2025-02-10T13:48:16.358+0600] {logging_mixin.py:190} INFO - [2025-02-10T13:48:16.358+0600] {dagbag.py:588} INFO - Filling up the DagBag from /home/shamim/airflow_git/Airflow_project/air_venv/lib/python3.12/site-packages/airflow/example_dags/example_setup_teardown_taskflow.py
[2025-02-10T13:48:16.373+0600] {processor.py:925} INFO - DAG(s) 'example_setup_teardown_taskflow' retrieved from /home/shamim/airflow_git/Airflow_project/air_venv/lib/python3.12/site-packages/airflow/example_dags/example_setup_teardown_taskflow.py
[2025-02-10T13:48:16.394+0600] {logging_mixin.py:190} INFO - [2025-02-10T13:48:16.393+0600] {dag.py:3239} INFO - Sync 1 DAGs
[2025-02-10T13:48:16.410+0600] {logging_mixin.py:190} INFO - [2025-02-10T13:48:16.409+0600] {dag.py:4180} INFO - Setting next_dagrun for example_setup_teardown_taskflow to None, run_after=None
[2025-02-10T13:48:16.434+0600] {processor.py:208} INFO - Processing /home/shamim/airflow_git/Airflow_project/air_venv/lib/python3.12/site-packages/airflow/example_dags/example_setup_teardown_taskflow.py took 0.094 seconds
[2025-02-10T13:49:28.152+0600] {processor.py:186} INFO - Started process (PID=21174) to work on /home/shamim/airflow_git/Airflow_project/air_venv/lib/python3.12/site-packages/airflow/example_dags/example_setup_teardown_taskflow.py
[2025-02-10T13:49:28.159+0600] {processor.py:914} INFO - Processing file /home/shamim/airflow_git/Airflow_project/air_venv/lib/python3.12/site-packages/airflow/example_dags/example_setup_teardown_taskflow.py for tasks to queue
[2025-02-10T13:49:28.164+0600] {logging_mixin.py:190} INFO - [2025-02-10T13:49:28.163+0600] {dagbag.py:588} INFO - Filling up the DagBag from /home/shamim/airflow_git/Airflow_project/air_venv/lib/python3.12/site-packages/airflow/example_dags/example_setup_teardown_taskflow.py
[2025-02-10T13:49:28.185+0600] {processor.py:925} INFO - DAG(s) 'example_setup_teardown_taskflow' retrieved from /home/shamim/airflow_git/Airflow_project/air_venv/lib/python3.12/site-packages/airflow/example_dags/example_setup_teardown_taskflow.py
[2025-02-10T13:49:28.205+0600] {logging_mixin.py:190} INFO - [2025-02-10T13:49:28.205+0600] {dag.py:3239} INFO - Sync 1 DAGs
[2025-02-10T13:49:28.227+0600] {logging_mixin.py:190} INFO - [2025-02-10T13:49:28.227+0600] {dag.py:4180} INFO - Setting next_dagrun for example_setup_teardown_taskflow to None, run_after=None
[2025-02-10T13:49:28.251+0600] {processor.py:208} INFO - Processing /home/shamim/airflow_git/Airflow_project/air_venv/lib/python3.12/site-packages/airflow/example_dags/example_setup_teardown_taskflow.py took 0.109 seconds
[2025-02-10T13:50:39.021+0600] {processor.py:186} INFO - Started process (PID=21276) to work on /home/shamim/airflow_git/Airflow_project/air_venv/lib/python3.12/site-packages/airflow/example_dags/example_setup_teardown_taskflow.py
[2025-02-10T13:50:39.022+0600] {processor.py:914} INFO - Processing file /home/shamim/airflow_git/Airflow_project/air_venv/lib/python3.12/site-packages/airflow/example_dags/example_setup_teardown_taskflow.py for tasks to queue
[2025-02-10T13:50:39.024+0600] {logging_mixin.py:190} INFO - [2025-02-10T13:50:39.024+0600] {dagbag.py:588} INFO - Filling up the DagBag from /home/shamim/airflow_git/Airflow_project/air_venv/lib/python3.12/site-packages/airflow/example_dags/example_setup_teardown_taskflow.py
[2025-02-10T13:50:39.039+0600] {processor.py:925} INFO - DAG(s) 'example_setup_teardown_taskflow' retrieved from /home/shamim/airflow_git/Airflow_project/air_venv/lib/python3.12/site-packages/airflow/example_dags/example_setup_teardown_taskflow.py
[2025-02-10T13:50:39.059+0600] {logging_mixin.py:190} INFO - [2025-02-10T13:50:39.059+0600] {dag.py:3239} INFO - Sync 1 DAGs
[2025-02-10T13:50:39.076+0600] {logging_mixin.py:190} INFO - [2025-02-10T13:50:39.076+0600] {dag.py:4180} INFO - Setting next_dagrun for example_setup_teardown_taskflow to None, run_after=None
[2025-02-10T13:50:39.099+0600] {processor.py:208} INFO - Processing /home/shamim/airflow_git/Airflow_project/air_venv/lib/python3.12/site-packages/airflow/example_dags/example_setup_teardown_taskflow.py took 0.090 seconds
[2025-02-10T13:51:54.998+0600] {processor.py:186} INFO - Started process (PID=21387) to work on /home/shamim/airflow_git/Airflow_project/air_venv/lib/python3.12/site-packages/airflow/example_dags/example_setup_teardown_taskflow.py
[2025-02-10T13:51:55.004+0600] {processor.py:914} INFO - Processing file /home/shamim/airflow_git/Airflow_project/air_venv/lib/python3.12/site-packages/airflow/example_dags/example_setup_teardown_taskflow.py for tasks to queue
[2025-02-10T13:51:55.006+0600] {logging_mixin.py:190} INFO - [2025-02-10T13:51:55.005+0600] {dagbag.py:588} INFO - Filling up the DagBag from /home/shamim/airflow_git/Airflow_project/air_venv/lib/python3.12/site-packages/airflow/example_dags/example_setup_teardown_taskflow.py
[2025-02-10T13:51:55.020+0600] {processor.py:925} INFO - DAG(s) 'example_setup_teardown_taskflow' retrieved from /home/shamim/airflow_git/Airflow_project/air_venv/lib/python3.12/site-packages/airflow/example_dags/example_setup_teardown_taskflow.py
[2025-02-10T13:51:55.044+0600] {logging_mixin.py:190} INFO - [2025-02-10T13:51:55.044+0600] {dag.py:3239} INFO - Sync 1 DAGs
[2025-02-10T13:51:55.062+0600] {logging_mixin.py:190} INFO - [2025-02-10T13:51:55.061+0600] {dag.py:4180} INFO - Setting next_dagrun for example_setup_teardown_taskflow to None, run_after=None
[2025-02-10T13:51:55.098+0600] {processor.py:208} INFO - Processing /home/shamim/airflow_git/Airflow_project/air_venv/lib/python3.12/site-packages/airflow/example_dags/example_setup_teardown_taskflow.py took 0.124 seconds
[2025-02-10T13:53:19.178+0600] {processor.py:186} INFO - Started process (PID=21614) to work on /home/shamim/airflow_git/Airflow_project/air_venv/lib/python3.12/site-packages/airflow/example_dags/example_setup_teardown_taskflow.py
[2025-02-10T13:53:19.193+0600] {processor.py:914} INFO - Processing file /home/shamim/airflow_git/Airflow_project/air_venv/lib/python3.12/site-packages/airflow/example_dags/example_setup_teardown_taskflow.py for tasks to queue
[2025-02-10T13:53:19.194+0600] {logging_mixin.py:190} INFO - [2025-02-10T13:53:19.194+0600] {dagbag.py:588} INFO - Filling up the DagBag from /home/shamim/airflow_git/Airflow_project/air_venv/lib/python3.12/site-packages/airflow/example_dags/example_setup_teardown_taskflow.py
[2025-02-10T13:53:19.211+0600] {processor.py:925} INFO - DAG(s) 'example_setup_teardown_taskflow' retrieved from /home/shamim/airflow_git/Airflow_project/air_venv/lib/python3.12/site-packages/airflow/example_dags/example_setup_teardown_taskflow.py
[2025-02-10T13:53:19.248+0600] {logging_mixin.py:190} INFO - [2025-02-10T13:53:19.248+0600] {dag.py:3239} INFO - Sync 1 DAGs
[2025-02-10T13:53:19.276+0600] {logging_mixin.py:190} INFO - [2025-02-10T13:53:19.275+0600] {dag.py:4180} INFO - Setting next_dagrun for example_setup_teardown_taskflow to None, run_after=None
[2025-02-10T13:53:19.309+0600] {processor.py:208} INFO - Processing /home/shamim/airflow_git/Airflow_project/air_venv/lib/python3.12/site-packages/airflow/example_dags/example_setup_teardown_taskflow.py took 0.143 seconds
[2025-02-10T13:54:35.123+0600] {processor.py:186} INFO - Started process (PID=21744) to work on /home/shamim/airflow_git/Airflow_project/air_venv/lib/python3.12/site-packages/airflow/example_dags/example_setup_teardown_taskflow.py
[2025-02-10T13:54:35.130+0600] {processor.py:914} INFO - Processing file /home/shamim/airflow_git/Airflow_project/air_venv/lib/python3.12/site-packages/airflow/example_dags/example_setup_teardown_taskflow.py for tasks to queue
[2025-02-10T13:54:35.131+0600] {logging_mixin.py:190} INFO - [2025-02-10T13:54:35.131+0600] {dagbag.py:588} INFO - Filling up the DagBag from /home/shamim/airflow_git/Airflow_project/air_venv/lib/python3.12/site-packages/airflow/example_dags/example_setup_teardown_taskflow.py
[2025-02-10T13:54:35.146+0600] {processor.py:925} INFO - DAG(s) 'example_setup_teardown_taskflow' retrieved from /home/shamim/airflow_git/Airflow_project/air_venv/lib/python3.12/site-packages/airflow/example_dags/example_setup_teardown_taskflow.py
[2025-02-10T13:54:35.167+0600] {logging_mixin.py:190} INFO - [2025-02-10T13:54:35.167+0600] {dag.py:3239} INFO - Sync 1 DAGs
[2025-02-10T13:54:35.183+0600] {logging_mixin.py:190} INFO - [2025-02-10T13:54:35.183+0600] {dag.py:4180} INFO - Setting next_dagrun for example_setup_teardown_taskflow to None, run_after=None
[2025-02-10T13:54:35.219+0600] {processor.py:208} INFO - Processing /home/shamim/airflow_git/Airflow_project/air_venv/lib/python3.12/site-packages/airflow/example_dags/example_setup_teardown_taskflow.py took 0.105 seconds
[2025-02-10T13:55:45.452+0600] {processor.py:186} INFO - Started process (PID=21850) to work on /home/shamim/airflow_git/Airflow_project/air_venv/lib/python3.12/site-packages/airflow/example_dags/example_setup_teardown_taskflow.py
[2025-02-10T13:55:45.458+0600] {processor.py:914} INFO - Processing file /home/shamim/airflow_git/Airflow_project/air_venv/lib/python3.12/site-packages/airflow/example_dags/example_setup_teardown_taskflow.py for tasks to queue
[2025-02-10T13:55:45.460+0600] {logging_mixin.py:190} INFO - [2025-02-10T13:55:45.460+0600] {dagbag.py:588} INFO - Filling up the DagBag from /home/shamim/airflow_git/Airflow_project/air_venv/lib/python3.12/site-packages/airflow/example_dags/example_setup_teardown_taskflow.py
[2025-02-10T13:55:45.482+0600] {processor.py:925} INFO - DAG(s) 'example_setup_teardown_taskflow' retrieved from /home/shamim/airflow_git/Airflow_project/air_venv/lib/python3.12/site-packages/airflow/example_dags/example_setup_teardown_taskflow.py
[2025-02-10T13:55:45.515+0600] {logging_mixin.py:190} INFO - [2025-02-10T13:55:45.515+0600] {dag.py:3239} INFO - Sync 1 DAGs
[2025-02-10T13:55:45.537+0600] {logging_mixin.py:190} INFO - [2025-02-10T13:55:45.537+0600] {dag.py:4180} INFO - Setting next_dagrun for example_setup_teardown_taskflow to None, run_after=None
[2025-02-10T13:55:45.579+0600] {processor.py:208} INFO - Processing /home/shamim/airflow_git/Airflow_project/air_venv/lib/python3.12/site-packages/airflow/example_dags/example_setup_teardown_taskflow.py took 0.139 seconds
[2025-02-10T13:57:12.503+0600] {processor.py:186} INFO - Started process (PID=22040) to work on /home/shamim/airflow_git/Airflow_project/air_venv/lib/python3.12/site-packages/airflow/example_dags/example_setup_teardown_taskflow.py
[2025-02-10T13:57:12.511+0600] {processor.py:914} INFO - Processing file /home/shamim/airflow_git/Airflow_project/air_venv/lib/python3.12/site-packages/airflow/example_dags/example_setup_teardown_taskflow.py for tasks to queue
[2025-02-10T13:57:12.515+0600] {logging_mixin.py:190} INFO - [2025-02-10T13:57:12.513+0600] {dagbag.py:588} INFO - Filling up the DagBag from /home/shamim/airflow_git/Airflow_project/air_venv/lib/python3.12/site-packages/airflow/example_dags/example_setup_teardown_taskflow.py
[2025-02-10T13:57:12.546+0600] {processor.py:925} INFO - DAG(s) 'example_setup_teardown_taskflow' retrieved from /home/shamim/airflow_git/Airflow_project/air_venv/lib/python3.12/site-packages/airflow/example_dags/example_setup_teardown_taskflow.py
[2025-02-10T13:57:12.574+0600] {logging_mixin.py:190} INFO - [2025-02-10T13:57:12.573+0600] {dag.py:3239} INFO - Sync 1 DAGs
[2025-02-10T13:57:12.592+0600] {logging_mixin.py:190} INFO - [2025-02-10T13:57:12.592+0600] {dag.py:4180} INFO - Setting next_dagrun for example_setup_teardown_taskflow to None, run_after=None
[2025-02-10T13:57:12.630+0600] {processor.py:208} INFO - Processing /home/shamim/airflow_git/Airflow_project/air_venv/lib/python3.12/site-packages/airflow/example_dags/example_setup_teardown_taskflow.py took 0.157 seconds
[2025-02-10T13:58:37.930+0600] {processor.py:186} INFO - Started process (PID=22216) to work on /home/shamim/airflow_git/Airflow_project/air_venv/lib/python3.12/site-packages/airflow/example_dags/example_setup_teardown_taskflow.py
[2025-02-10T13:58:37.931+0600] {processor.py:914} INFO - Processing file /home/shamim/airflow_git/Airflow_project/air_venv/lib/python3.12/site-packages/airflow/example_dags/example_setup_teardown_taskflow.py for tasks to queue
[2025-02-10T13:58:37.934+0600] {logging_mixin.py:190} INFO - [2025-02-10T13:58:37.933+0600] {dagbag.py:588} INFO - Filling up the DagBag from /home/shamim/airflow_git/Airflow_project/air_venv/lib/python3.12/site-packages/airflow/example_dags/example_setup_teardown_taskflow.py
[2025-02-10T13:58:37.952+0600] {processor.py:925} INFO - DAG(s) 'example_setup_teardown_taskflow' retrieved from /home/shamim/airflow_git/Airflow_project/air_venv/lib/python3.12/site-packages/airflow/example_dags/example_setup_teardown_taskflow.py
[2025-02-10T13:58:37.978+0600] {logging_mixin.py:190} INFO - [2025-02-10T13:58:37.978+0600] {dag.py:3239} INFO - Sync 1 DAGs
[2025-02-10T13:58:37.999+0600] {logging_mixin.py:190} INFO - [2025-02-10T13:58:37.998+0600] {dag.py:4180} INFO - Setting next_dagrun for example_setup_teardown_taskflow to None, run_after=None
[2025-02-10T13:58:38.030+0600] {processor.py:208} INFO - Processing /home/shamim/airflow_git/Airflow_project/air_venv/lib/python3.12/site-packages/airflow/example_dags/example_setup_teardown_taskflow.py took 0.116 seconds
[2025-02-10T13:59:48.397+0600] {processor.py:186} INFO - Started process (PID=22372) to work on /home/shamim/airflow_git/Airflow_project/air_venv/lib/python3.12/site-packages/airflow/example_dags/example_setup_teardown_taskflow.py
[2025-02-10T13:59:48.404+0600] {processor.py:914} INFO - Processing file /home/shamim/airflow_git/Airflow_project/air_venv/lib/python3.12/site-packages/airflow/example_dags/example_setup_teardown_taskflow.py for tasks to queue
[2025-02-10T13:59:48.406+0600] {logging_mixin.py:190} INFO - [2025-02-10T13:59:48.405+0600] {dagbag.py:588} INFO - Filling up the DagBag from /home/shamim/airflow_git/Airflow_project/air_venv/lib/python3.12/site-packages/airflow/example_dags/example_setup_teardown_taskflow.py
[2025-02-10T13:59:48.421+0600] {processor.py:925} INFO - DAG(s) 'example_setup_teardown_taskflow' retrieved from /home/shamim/airflow_git/Airflow_project/air_venv/lib/python3.12/site-packages/airflow/example_dags/example_setup_teardown_taskflow.py
[2025-02-10T13:59:48.440+0600] {logging_mixin.py:190} INFO - [2025-02-10T13:59:48.440+0600] {dag.py:3239} INFO - Sync 1 DAGs
[2025-02-10T13:59:48.456+0600] {logging_mixin.py:190} INFO - [2025-02-10T13:59:48.456+0600] {dag.py:4180} INFO - Setting next_dagrun for example_setup_teardown_taskflow to None, run_after=None
[2025-02-10T13:59:48.479+0600] {processor.py:208} INFO - Processing /home/shamim/airflow_git/Airflow_project/air_venv/lib/python3.12/site-packages/airflow/example_dags/example_setup_teardown_taskflow.py took 0.092 seconds
[2025-02-10T14:00:54.617+0600] {processor.py:186} INFO - Started process (PID=22666) to work on /home/shamim/airflow_git/Airflow_project/air_venv/lib/python3.12/site-packages/airflow/example_dags/example_setup_teardown_taskflow.py
[2025-02-10T14:00:54.624+0600] {processor.py:914} INFO - Processing file /home/shamim/airflow_git/Airflow_project/air_venv/lib/python3.12/site-packages/airflow/example_dags/example_setup_teardown_taskflow.py for tasks to queue
[2025-02-10T14:00:54.626+0600] {logging_mixin.py:190} INFO - [2025-02-10T14:00:54.626+0600] {dagbag.py:588} INFO - Filling up the DagBag from /home/shamim/airflow_git/Airflow_project/air_venv/lib/python3.12/site-packages/airflow/example_dags/example_setup_teardown_taskflow.py
[2025-02-10T14:00:54.646+0600] {processor.py:925} INFO - DAG(s) 'example_setup_teardown_taskflow' retrieved from /home/shamim/airflow_git/Airflow_project/air_venv/lib/python3.12/site-packages/airflow/example_dags/example_setup_teardown_taskflow.py
[2025-02-10T14:00:54.667+0600] {logging_mixin.py:190} INFO - [2025-02-10T14:00:54.667+0600] {dag.py:3239} INFO - Sync 1 DAGs
[2025-02-10T14:00:54.683+0600] {logging_mixin.py:190} INFO - [2025-02-10T14:00:54.683+0600] {dag.py:4180} INFO - Setting next_dagrun for example_setup_teardown_taskflow to None, run_after=None
[2025-02-10T14:00:54.707+0600] {processor.py:208} INFO - Processing /home/shamim/airflow_git/Airflow_project/air_venv/lib/python3.12/site-packages/airflow/example_dags/example_setup_teardown_taskflow.py took 0.104 seconds
[2025-02-10T14:02:03.844+0600] {processor.py:186} INFO - Started process (PID=23087) to work on /home/shamim/airflow_git/Airflow_project/air_venv/lib/python3.12/site-packages/airflow/example_dags/example_setup_teardown_taskflow.py
[2025-02-10T14:02:03.851+0600] {processor.py:914} INFO - Processing file /home/shamim/airflow_git/Airflow_project/air_venv/lib/python3.12/site-packages/airflow/example_dags/example_setup_teardown_taskflow.py for tasks to queue
[2025-02-10T14:02:03.854+0600] {logging_mixin.py:190} INFO - [2025-02-10T14:02:03.853+0600] {dagbag.py:588} INFO - Filling up the DagBag from /home/shamim/airflow_git/Airflow_project/air_venv/lib/python3.12/site-packages/airflow/example_dags/example_setup_teardown_taskflow.py
[2025-02-10T14:02:03.869+0600] {processor.py:925} INFO - DAG(s) 'example_setup_teardown_taskflow' retrieved from /home/shamim/airflow_git/Airflow_project/air_venv/lib/python3.12/site-packages/airflow/example_dags/example_setup_teardown_taskflow.py
[2025-02-10T14:02:03.892+0600] {logging_mixin.py:190} INFO - [2025-02-10T14:02:03.891+0600] {dag.py:3239} INFO - Sync 1 DAGs
[2025-02-10T14:02:03.914+0600] {logging_mixin.py:190} INFO - [2025-02-10T14:02:03.914+0600] {dag.py:4180} INFO - Setting next_dagrun for example_setup_teardown_taskflow to None, run_after=None
[2025-02-10T14:02:03.940+0600] {processor.py:208} INFO - Processing /home/shamim/airflow_git/Airflow_project/air_venv/lib/python3.12/site-packages/airflow/example_dags/example_setup_teardown_taskflow.py took 0.103 seconds
[2025-02-10T14:03:14.807+0600] {processor.py:186} INFO - Started process (PID=23397) to work on /home/shamim/airflow_git/Airflow_project/air_venv/lib/python3.12/site-packages/airflow/example_dags/example_setup_teardown_taskflow.py
[2025-02-10T14:03:14.814+0600] {processor.py:914} INFO - Processing file /home/shamim/airflow_git/Airflow_project/air_venv/lib/python3.12/site-packages/airflow/example_dags/example_setup_teardown_taskflow.py for tasks to queue
[2025-02-10T14:03:14.817+0600] {logging_mixin.py:190} INFO - [2025-02-10T14:03:14.816+0600] {dagbag.py:588} INFO - Filling up the DagBag from /home/shamim/airflow_git/Airflow_project/air_venv/lib/python3.12/site-packages/airflow/example_dags/example_setup_teardown_taskflow.py
[2025-02-10T14:03:14.830+0600] {processor.py:925} INFO - DAG(s) 'example_setup_teardown_taskflow' retrieved from /home/shamim/airflow_git/Airflow_project/air_venv/lib/python3.12/site-packages/airflow/example_dags/example_setup_teardown_taskflow.py
[2025-02-10T14:03:14.850+0600] {logging_mixin.py:190} INFO - [2025-02-10T14:03:14.850+0600] {dag.py:3239} INFO - Sync 1 DAGs
[2025-02-10T14:03:14.865+0600] {logging_mixin.py:190} INFO - [2025-02-10T14:03:14.865+0600] {dag.py:4180} INFO - Setting next_dagrun for example_setup_teardown_taskflow to None, run_after=None
[2025-02-10T14:03:14.892+0600] {processor.py:208} INFO - Processing /home/shamim/airflow_git/Airflow_project/air_venv/lib/python3.12/site-packages/airflow/example_dags/example_setup_teardown_taskflow.py took 0.091 seconds
[2025-02-10T14:04:40.902+0600] {processor.py:186} INFO - Started process (PID=24012) to work on /home/shamim/airflow_git/Airflow_project/air_venv/lib/python3.12/site-packages/airflow/example_dags/example_setup_teardown_taskflow.py
[2025-02-10T14:04:40.905+0600] {processor.py:914} INFO - Processing file /home/shamim/airflow_git/Airflow_project/air_venv/lib/python3.12/site-packages/airflow/example_dags/example_setup_teardown_taskflow.py for tasks to queue
[2025-02-10T14:04:40.915+0600] {logging_mixin.py:190} INFO - [2025-02-10T14:04:40.914+0600] {dagbag.py:588} INFO - Filling up the DagBag from /home/shamim/airflow_git/Airflow_project/air_venv/lib/python3.12/site-packages/airflow/example_dags/example_setup_teardown_taskflow.py
[2025-02-10T14:04:40.954+0600] {processor.py:925} INFO - DAG(s) 'example_setup_teardown_taskflow' retrieved from /home/shamim/airflow_git/Airflow_project/air_venv/lib/python3.12/site-packages/airflow/example_dags/example_setup_teardown_taskflow.py
[2025-02-10T14:04:40.984+0600] {logging_mixin.py:190} INFO - [2025-02-10T14:04:40.983+0600] {dag.py:3239} INFO - Sync 1 DAGs
[2025-02-10T14:04:41.012+0600] {logging_mixin.py:190} INFO - [2025-02-10T14:04:41.012+0600] {dag.py:4180} INFO - Setting next_dagrun for example_setup_teardown_taskflow to None, run_after=None
[2025-02-10T14:04:41.060+0600] {processor.py:208} INFO - Processing /home/shamim/airflow_git/Airflow_project/air_venv/lib/python3.12/site-packages/airflow/example_dags/example_setup_teardown_taskflow.py took 0.168 seconds
