[2025-02-10T12:59:53.338+0600] {processor.py:186} INFO - Started process (PID=13114) to work on /home/shamim/airflow_git/Airflow_project/air_venv/lib/python3.12/site-packages/airflow/example_dags/example_display_name.py
[2025-02-10T12:59:53.340+0600] {processor.py:914} INFO - Processing file /home/shamim/airflow_git/Airflow_project/air_venv/lib/python3.12/site-packages/airflow/example_dags/example_display_name.py for tasks to queue
[2025-02-10T12:59:53.346+0600] {logging_mixin.py:190} INFO - [2025-02-10T12:59:53.345+0600] {dagbag.py:588} INFO - Filling up the DagBag from /home/shamim/airflow_git/Airflow_project/air_venv/lib/python3.12/site-packages/airflow/example_dags/example_display_name.py
[2025-02-10T12:59:53.361+0600] {processor.py:925} INFO - DAG(s) 'example_display_name' retrieved from /home/shamim/airflow_git/Airflow_project/air_venv/lib/python3.12/site-packages/airflow/example_dags/example_display_name.py
[2025-02-10T12:59:53.486+0600] {logging_mixin.py:190} INFO - [2025-02-10T12:59:53.485+0600] {override.py:1930} INFO - Created Permission View: can delete on DAG:example_display_name
[2025-02-10T12:59:53.499+0600] {logging_mixin.py:190} INFO - [2025-02-10T12:59:53.498+0600] {override.py:1930} INFO - Created Permission View: can edit on DAG:example_display_name
[2025-02-10T12:59:53.508+0600] {logging_mixin.py:190} INFO - [2025-02-10T12:59:53.508+0600] {override.py:1930} INFO - Created Permission View: can read on DAG:example_display_name
[2025-02-10T12:59:53.520+0600] {logging_mixin.py:190} INFO - [2025-02-10T12:59:53.519+0600] {override.py:1930} INFO - Created Permission View: can delete on DAG Run:example_display_name
[2025-02-10T12:59:53.529+0600] {logging_mixin.py:190} INFO - [2025-02-10T12:59:53.528+0600] {override.py:1930} INFO - Created Permission View: can read on DAG Run:example_display_name
[2025-02-10T12:59:53.537+0600] {logging_mixin.py:190} INFO - [2025-02-10T12:59:53.537+0600] {override.py:1930} INFO - Created Permission View: can create on DAG Run:example_display_name
[2025-02-10T12:59:53.546+0600] {logging_mixin.py:190} INFO - [2025-02-10T12:59:53.545+0600] {override.py:1930} INFO - Created Permission View: menu access on DAG Run:example_display_name
[2025-02-10T12:59:53.546+0600] {logging_mixin.py:190} INFO - [2025-02-10T12:59:53.546+0600] {dag.py:3239} INFO - Sync 1 DAGs
[2025-02-10T12:59:53.562+0600] {logging_mixin.py:190} INFO - [2025-02-10T12:59:53.562+0600] {dag.py:3262} INFO - Creating ORM DAG for example_display_name
[2025-02-10T12:59:53.563+0600] {logging_mixin.py:190} INFO - [2025-02-10T12:59:53.563+0600] {dag.py:4180} INFO - Setting next_dagrun for example_display_name to None, run_after=None
[2025-02-10T12:59:53.590+0600] {processor.py:208} INFO - Processing /home/shamim/airflow_git/Airflow_project/air_venv/lib/python3.12/site-packages/airflow/example_dags/example_display_name.py took 0.270 seconds
[2025-02-10T13:01:23.719+0600] {processor.py:186} INFO - Started process (PID=13592) to work on /home/shamim/airflow_git/Airflow_project/air_venv/lib/python3.12/site-packages/airflow/example_dags/example_display_name.py
[2025-02-10T13:01:23.723+0600] {processor.py:914} INFO - Processing file /home/shamim/airflow_git/Airflow_project/air_venv/lib/python3.12/site-packages/airflow/example_dags/example_display_name.py for tasks to queue
[2025-02-10T13:01:23.728+0600] {logging_mixin.py:190} INFO - [2025-02-10T13:01:23.727+0600] {dagbag.py:588} INFO - Filling up the DagBag from /home/shamim/airflow_git/Airflow_project/air_venv/lib/python3.12/site-packages/airflow/example_dags/example_display_name.py
[2025-02-10T13:01:23.742+0600] {processor.py:925} INFO - DAG(s) 'example_display_name' retrieved from /home/shamim/airflow_git/Airflow_project/air_venv/lib/python3.12/site-packages/airflow/example_dags/example_display_name.py
[2025-02-10T13:01:23.770+0600] {logging_mixin.py:190} INFO - [2025-02-10T13:01:23.769+0600] {dag.py:3239} INFO - Sync 1 DAGs
[2025-02-10T13:01:23.796+0600] {logging_mixin.py:190} INFO - [2025-02-10T13:01:23.796+0600] {dag.py:4180} INFO - Setting next_dagrun for example_display_name to None, run_after=None
[2025-02-10T13:01:23.824+0600] {processor.py:208} INFO - Processing /home/shamim/airflow_git/Airflow_project/air_venv/lib/python3.12/site-packages/airflow/example_dags/example_display_name.py took 0.113 seconds
[2025-02-10T13:02:35.641+0600] {processor.py:186} INFO - Started process (PID=13728) to work on /home/shamim/airflow_git/Airflow_project/air_venv/lib/python3.12/site-packages/airflow/example_dags/example_display_name.py
[2025-02-10T13:02:35.648+0600] {processor.py:914} INFO - Processing file /home/shamim/airflow_git/Airflow_project/air_venv/lib/python3.12/site-packages/airflow/example_dags/example_display_name.py for tasks to queue
[2025-02-10T13:02:35.652+0600] {logging_mixin.py:190} INFO - [2025-02-10T13:02:35.651+0600] {dagbag.py:588} INFO - Filling up the DagBag from /home/shamim/airflow_git/Airflow_project/air_venv/lib/python3.12/site-packages/airflow/example_dags/example_display_name.py
[2025-02-10T13:02:35.665+0600] {processor.py:925} INFO - DAG(s) 'example_display_name' retrieved from /home/shamim/airflow_git/Airflow_project/air_venv/lib/python3.12/site-packages/airflow/example_dags/example_display_name.py
[2025-02-10T13:02:35.682+0600] {logging_mixin.py:190} INFO - [2025-02-10T13:02:35.682+0600] {dag.py:3239} INFO - Sync 1 DAGs
[2025-02-10T13:02:35.696+0600] {logging_mixin.py:190} INFO - [2025-02-10T13:02:35.696+0600] {dag.py:4180} INFO - Setting next_dagrun for example_display_name to None, run_after=None
[2025-02-10T13:02:35.720+0600] {processor.py:208} INFO - Processing /home/shamim/airflow_git/Airflow_project/air_venv/lib/python3.12/site-packages/airflow/example_dags/example_display_name.py took 0.089 seconds
[2025-02-10T13:03:40.363+0600] {processor.py:186} INFO - Started process (PID=13885) to work on /home/shamim/airflow_git/Airflow_project/air_venv/lib/python3.12/site-packages/airflow/example_dags/example_display_name.py
[2025-02-10T13:03:40.365+0600] {processor.py:914} INFO - Processing file /home/shamim/airflow_git/Airflow_project/air_venv/lib/python3.12/site-packages/airflow/example_dags/example_display_name.py for tasks to queue
[2025-02-10T13:03:40.369+0600] {logging_mixin.py:190} INFO - [2025-02-10T13:03:40.368+0600] {dagbag.py:588} INFO - Filling up the DagBag from /home/shamim/airflow_git/Airflow_project/air_venv/lib/python3.12/site-packages/airflow/example_dags/example_display_name.py
[2025-02-10T13:03:40.380+0600] {processor.py:925} INFO - DAG(s) 'example_display_name' retrieved from /home/shamim/airflow_git/Airflow_project/air_venv/lib/python3.12/site-packages/airflow/example_dags/example_display_name.py
[2025-02-10T13:03:40.399+0600] {logging_mixin.py:190} INFO - [2025-02-10T13:03:40.399+0600] {dag.py:3239} INFO - Sync 1 DAGs
[2025-02-10T13:03:40.416+0600] {logging_mixin.py:190} INFO - [2025-02-10T13:03:40.416+0600] {dag.py:4180} INFO - Setting next_dagrun for example_display_name to None, run_after=None
[2025-02-10T13:03:40.441+0600] {processor.py:208} INFO - Processing /home/shamim/airflow_git/Airflow_project/air_venv/lib/python3.12/site-packages/airflow/example_dags/example_display_name.py took 0.089 seconds
[2025-02-10T13:04:47.918+0600] {processor.py:186} INFO - Started process (PID=14034) to work on /home/shamim/airflow_git/Airflow_project/air_venv/lib/python3.12/site-packages/airflow/example_dags/example_display_name.py
[2025-02-10T13:04:47.925+0600] {processor.py:914} INFO - Processing file /home/shamim/airflow_git/Airflow_project/air_venv/lib/python3.12/site-packages/airflow/example_dags/example_display_name.py for tasks to queue
[2025-02-10T13:04:47.935+0600] {logging_mixin.py:190} INFO - [2025-02-10T13:04:47.933+0600] {dagbag.py:588} INFO - Filling up the DagBag from /home/shamim/airflow_git/Airflow_project/air_venv/lib/python3.12/site-packages/airflow/example_dags/example_display_name.py
[2025-02-10T13:04:47.951+0600] {processor.py:925} INFO - DAG(s) 'example_display_name' retrieved from /home/shamim/airflow_git/Airflow_project/air_venv/lib/python3.12/site-packages/airflow/example_dags/example_display_name.py
[2025-02-10T13:04:47.972+0600] {logging_mixin.py:190} INFO - [2025-02-10T13:04:47.972+0600] {dag.py:3239} INFO - Sync 1 DAGs
[2025-02-10T13:04:47.993+0600] {logging_mixin.py:190} INFO - [2025-02-10T13:04:47.992+0600] {dag.py:4180} INFO - Setting next_dagrun for example_display_name to None, run_after=None
[2025-02-10T13:04:48.021+0600] {processor.py:208} INFO - Processing /home/shamim/airflow_git/Airflow_project/air_venv/lib/python3.12/site-packages/airflow/example_dags/example_display_name.py took 0.113 seconds
[2025-02-10T13:05:56.818+0600] {processor.py:186} INFO - Started process (PID=14139) to work on /home/shamim/airflow_git/Airflow_project/air_venv/lib/python3.12/site-packages/airflow/example_dags/example_display_name.py
[2025-02-10T13:05:56.824+0600] {processor.py:914} INFO - Processing file /home/shamim/airflow_git/Airflow_project/air_venv/lib/python3.12/site-packages/airflow/example_dags/example_display_name.py for tasks to queue
[2025-02-10T13:05:56.828+0600] {logging_mixin.py:190} INFO - [2025-02-10T13:05:56.828+0600] {dagbag.py:588} INFO - Filling up the DagBag from /home/shamim/airflow_git/Airflow_project/air_venv/lib/python3.12/site-packages/airflow/example_dags/example_display_name.py
[2025-02-10T13:05:56.838+0600] {processor.py:925} INFO - DAG(s) 'example_display_name' retrieved from /home/shamim/airflow_git/Airflow_project/air_venv/lib/python3.12/site-packages/airflow/example_dags/example_display_name.py
[2025-02-10T13:05:56.863+0600] {logging_mixin.py:190} INFO - [2025-02-10T13:05:56.863+0600] {dag.py:3239} INFO - Sync 1 DAGs
[2025-02-10T13:05:56.883+0600] {logging_mixin.py:190} INFO - [2025-02-10T13:05:56.883+0600] {dag.py:4180} INFO - Setting next_dagrun for example_display_name to None, run_after=None
[2025-02-10T13:05:56.917+0600] {processor.py:208} INFO - Processing /home/shamim/airflow_git/Airflow_project/air_venv/lib/python3.12/site-packages/airflow/example_dags/example_display_name.py took 0.106 seconds
[2025-02-10T13:07:03.484+0600] {processor.py:186} INFO - Started process (PID=14280) to work on /home/shamim/airflow_git/Airflow_project/air_venv/lib/python3.12/site-packages/airflow/example_dags/example_display_name.py
[2025-02-10T13:07:03.487+0600] {processor.py:914} INFO - Processing file /home/shamim/airflow_git/Airflow_project/air_venv/lib/python3.12/site-packages/airflow/example_dags/example_display_name.py for tasks to queue
[2025-02-10T13:07:03.491+0600] {logging_mixin.py:190} INFO - [2025-02-10T13:07:03.491+0600] {dagbag.py:588} INFO - Filling up the DagBag from /home/shamim/airflow_git/Airflow_project/air_venv/lib/python3.12/site-packages/airflow/example_dags/example_display_name.py
[2025-02-10T13:07:03.503+0600] {processor.py:925} INFO - DAG(s) 'example_display_name' retrieved from /home/shamim/airflow_git/Airflow_project/air_venv/lib/python3.12/site-packages/airflow/example_dags/example_display_name.py
[2025-02-10T13:07:03.520+0600] {logging_mixin.py:190} INFO - [2025-02-10T13:07:03.519+0600] {dag.py:3239} INFO - Sync 1 DAGs
[2025-02-10T13:07:03.534+0600] {logging_mixin.py:190} INFO - [2025-02-10T13:07:03.534+0600] {dag.py:4180} INFO - Setting next_dagrun for example_display_name to None, run_after=None
[2025-02-10T13:07:03.556+0600] {processor.py:208} INFO - Processing /home/shamim/airflow_git/Airflow_project/air_venv/lib/python3.12/site-packages/airflow/example_dags/example_display_name.py took 0.081 seconds
[2025-02-10T13:08:18.137+0600] {processor.py:186} INFO - Started process (PID=14489) to work on /home/shamim/airflow_git/Airflow_project/air_venv/lib/python3.12/site-packages/airflow/example_dags/example_display_name.py
[2025-02-10T13:08:18.140+0600] {processor.py:914} INFO - Processing file /home/shamim/airflow_git/Airflow_project/air_venv/lib/python3.12/site-packages/airflow/example_dags/example_display_name.py for tasks to queue
[2025-02-10T13:08:18.143+0600] {logging_mixin.py:190} INFO - [2025-02-10T13:08:18.143+0600] {dagbag.py:588} INFO - Filling up the DagBag from /home/shamim/airflow_git/Airflow_project/air_venv/lib/python3.12/site-packages/airflow/example_dags/example_display_name.py
[2025-02-10T13:08:18.153+0600] {processor.py:925} INFO - DAG(s) 'example_display_name' retrieved from /home/shamim/airflow_git/Airflow_project/air_venv/lib/python3.12/site-packages/airflow/example_dags/example_display_name.py
[2025-02-10T13:08:18.170+0600] {logging_mixin.py:190} INFO - [2025-02-10T13:08:18.170+0600] {dag.py:3239} INFO - Sync 1 DAGs
[2025-02-10T13:08:18.185+0600] {logging_mixin.py:190} INFO - [2025-02-10T13:08:18.185+0600] {dag.py:4180} INFO - Setting next_dagrun for example_display_name to None, run_after=None
[2025-02-10T13:08:18.212+0600] {processor.py:208} INFO - Processing /home/shamim/airflow_git/Airflow_project/air_venv/lib/python3.12/site-packages/airflow/example_dags/example_display_name.py took 0.083 seconds
[2025-02-10T13:09:27.474+0600] {processor.py:186} INFO - Started process (PID=14751) to work on /home/shamim/airflow_git/Airflow_project/air_venv/lib/python3.12/site-packages/airflow/example_dags/example_display_name.py
[2025-02-10T13:09:27.481+0600] {processor.py:914} INFO - Processing file /home/shamim/airflow_git/Airflow_project/air_venv/lib/python3.12/site-packages/airflow/example_dags/example_display_name.py for tasks to queue
[2025-02-10T13:09:27.485+0600] {logging_mixin.py:190} INFO - [2025-02-10T13:09:27.484+0600] {dagbag.py:588} INFO - Filling up the DagBag from /home/shamim/airflow_git/Airflow_project/air_venv/lib/python3.12/site-packages/airflow/example_dags/example_display_name.py
[2025-02-10T13:09:27.494+0600] {processor.py:925} INFO - DAG(s) 'example_display_name' retrieved from /home/shamim/airflow_git/Airflow_project/air_venv/lib/python3.12/site-packages/airflow/example_dags/example_display_name.py
[2025-02-10T13:09:27.511+0600] {logging_mixin.py:190} INFO - [2025-02-10T13:09:27.510+0600] {dag.py:3239} INFO - Sync 1 DAGs
[2025-02-10T13:09:27.526+0600] {logging_mixin.py:190} INFO - [2025-02-10T13:09:27.525+0600] {dag.py:4180} INFO - Setting next_dagrun for example_display_name to None, run_after=None
[2025-02-10T13:09:27.549+0600] {processor.py:208} INFO - Processing /home/shamim/airflow_git/Airflow_project/air_venv/lib/python3.12/site-packages/airflow/example_dags/example_display_name.py took 0.098 seconds
[2025-02-10T13:10:37.658+0600] {processor.py:186} INFO - Started process (PID=14859) to work on /home/shamim/airflow_git/Airflow_project/air_venv/lib/python3.12/site-packages/airflow/example_dags/example_display_name.py
[2025-02-10T13:10:37.665+0600] {processor.py:914} INFO - Processing file /home/shamim/airflow_git/Airflow_project/air_venv/lib/python3.12/site-packages/airflow/example_dags/example_display_name.py for tasks to queue
[2025-02-10T13:10:37.668+0600] {logging_mixin.py:190} INFO - [2025-02-10T13:10:37.667+0600] {dagbag.py:588} INFO - Filling up the DagBag from /home/shamim/airflow_git/Airflow_project/air_venv/lib/python3.12/site-packages/airflow/example_dags/example_display_name.py
[2025-02-10T13:10:37.677+0600] {processor.py:925} INFO - DAG(s) 'example_display_name' retrieved from /home/shamim/airflow_git/Airflow_project/air_venv/lib/python3.12/site-packages/airflow/example_dags/example_display_name.py
[2025-02-10T13:10:37.695+0600] {logging_mixin.py:190} INFO - [2025-02-10T13:10:37.694+0600] {dag.py:3239} INFO - Sync 1 DAGs
[2025-02-10T13:10:37.711+0600] {logging_mixin.py:190} INFO - [2025-02-10T13:10:37.711+0600] {dag.py:4180} INFO - Setting next_dagrun for example_display_name to None, run_after=None
[2025-02-10T13:10:37.745+0600] {processor.py:208} INFO - Processing /home/shamim/airflow_git/Airflow_project/air_venv/lib/python3.12/site-packages/airflow/example_dags/example_display_name.py took 0.097 seconds
[2025-02-10T13:11:54.215+0600] {processor.py:186} INFO - Started process (PID=14957) to work on /home/shamim/airflow_git/Airflow_project/air_venv/lib/python3.12/site-packages/airflow/example_dags/example_display_name.py
[2025-02-10T13:11:54.222+0600] {processor.py:914} INFO - Processing file /home/shamim/airflow_git/Airflow_project/air_venv/lib/python3.12/site-packages/airflow/example_dags/example_display_name.py for tasks to queue
[2025-02-10T13:11:54.226+0600] {logging_mixin.py:190} INFO - [2025-02-10T13:11:54.225+0600] {dagbag.py:588} INFO - Filling up the DagBag from /home/shamim/airflow_git/Airflow_project/air_venv/lib/python3.12/site-packages/airflow/example_dags/example_display_name.py
[2025-02-10T13:11:54.240+0600] {processor.py:925} INFO - DAG(s) 'example_display_name' retrieved from /home/shamim/airflow_git/Airflow_project/air_venv/lib/python3.12/site-packages/airflow/example_dags/example_display_name.py
[2025-02-10T13:11:54.266+0600] {logging_mixin.py:190} INFO - [2025-02-10T13:11:54.266+0600] {dag.py:3239} INFO - Sync 1 DAGs
[2025-02-10T13:11:54.285+0600] {logging_mixin.py:190} INFO - [2025-02-10T13:11:54.284+0600] {dag.py:4180} INFO - Setting next_dagrun for example_display_name to None, run_after=None
[2025-02-10T13:11:54.311+0600] {processor.py:208} INFO - Processing /home/shamim/airflow_git/Airflow_project/air_venv/lib/python3.12/site-packages/airflow/example_dags/example_display_name.py took 0.109 seconds
[2025-02-10T13:13:08.907+0600] {processor.py:186} INFO - Started process (PID=15073) to work on /home/shamim/airflow_git/Airflow_project/air_venv/lib/python3.12/site-packages/airflow/example_dags/example_display_name.py
[2025-02-10T13:13:08.909+0600] {processor.py:914} INFO - Processing file /home/shamim/airflow_git/Airflow_project/air_venv/lib/python3.12/site-packages/airflow/example_dags/example_display_name.py for tasks to queue
[2025-02-10T13:13:08.926+0600] {logging_mixin.py:190} INFO - [2025-02-10T13:13:08.925+0600] {dagbag.py:588} INFO - Filling up the DagBag from /home/shamim/airflow_git/Airflow_project/air_venv/lib/python3.12/site-packages/airflow/example_dags/example_display_name.py
[2025-02-10T13:13:08.939+0600] {processor.py:925} INFO - DAG(s) 'example_display_name' retrieved from /home/shamim/airflow_git/Airflow_project/air_venv/lib/python3.12/site-packages/airflow/example_dags/example_display_name.py
[2025-02-10T13:13:08.966+0600] {logging_mixin.py:190} INFO - [2025-02-10T13:13:08.966+0600] {dag.py:3239} INFO - Sync 1 DAGs
[2025-02-10T13:13:08.995+0600] {logging_mixin.py:190} INFO - [2025-02-10T13:13:08.994+0600] {dag.py:4180} INFO - Setting next_dagrun for example_display_name to None, run_after=None
[2025-02-10T13:13:09.029+0600] {processor.py:208} INFO - Processing /home/shamim/airflow_git/Airflow_project/air_venv/lib/python3.12/site-packages/airflow/example_dags/example_display_name.py took 0.154 seconds
[2025-02-10T13:14:23.304+0600] {processor.py:186} INFO - Started process (PID=15200) to work on /home/shamim/airflow_git/Airflow_project/air_venv/lib/python3.12/site-packages/airflow/example_dags/example_display_name.py
[2025-02-10T13:14:23.307+0600] {processor.py:914} INFO - Processing file /home/shamim/airflow_git/Airflow_project/air_venv/lib/python3.12/site-packages/airflow/example_dags/example_display_name.py for tasks to queue
[2025-02-10T13:14:23.312+0600] {logging_mixin.py:190} INFO - [2025-02-10T13:14:23.311+0600] {dagbag.py:588} INFO - Filling up the DagBag from /home/shamim/airflow_git/Airflow_project/air_venv/lib/python3.12/site-packages/airflow/example_dags/example_display_name.py
[2025-02-10T13:14:23.326+0600] {processor.py:925} INFO - DAG(s) 'example_display_name' retrieved from /home/shamim/airflow_git/Airflow_project/air_venv/lib/python3.12/site-packages/airflow/example_dags/example_display_name.py
[2025-02-10T13:14:23.352+0600] {logging_mixin.py:190} INFO - [2025-02-10T13:14:23.352+0600] {dag.py:3239} INFO - Sync 1 DAGs
[2025-02-10T13:14:23.375+0600] {logging_mixin.py:190} INFO - [2025-02-10T13:14:23.375+0600] {dag.py:4180} INFO - Setting next_dagrun for example_display_name to None, run_after=None
[2025-02-10T13:14:23.411+0600] {processor.py:208} INFO - Processing /home/shamim/airflow_git/Airflow_project/air_venv/lib/python3.12/site-packages/airflow/example_dags/example_display_name.py took 0.127 seconds
[2025-02-10T13:15:30.337+0600] {processor.py:186} INFO - Started process (PID=15290) to work on /home/shamim/airflow_git/Airflow_project/air_venv/lib/python3.12/site-packages/airflow/example_dags/example_display_name.py
[2025-02-10T13:15:30.342+0600] {processor.py:914} INFO - Processing file /home/shamim/airflow_git/Airflow_project/air_venv/lib/python3.12/site-packages/airflow/example_dags/example_display_name.py for tasks to queue
[2025-02-10T13:15:30.346+0600] {logging_mixin.py:190} INFO - [2025-02-10T13:15:30.345+0600] {dagbag.py:588} INFO - Filling up the DagBag from /home/shamim/airflow_git/Airflow_project/air_venv/lib/python3.12/site-packages/airflow/example_dags/example_display_name.py
[2025-02-10T13:15:30.355+0600] {processor.py:925} INFO - DAG(s) 'example_display_name' retrieved from /home/shamim/airflow_git/Airflow_project/air_venv/lib/python3.12/site-packages/airflow/example_dags/example_display_name.py
[2025-02-10T13:15:30.372+0600] {logging_mixin.py:190} INFO - [2025-02-10T13:15:30.372+0600] {dag.py:3239} INFO - Sync 1 DAGs
[2025-02-10T13:15:30.388+0600] {logging_mixin.py:190} INFO - [2025-02-10T13:15:30.387+0600] {dag.py:4180} INFO - Setting next_dagrun for example_display_name to None, run_after=None
[2025-02-10T13:15:30.410+0600] {processor.py:208} INFO - Processing /home/shamim/airflow_git/Airflow_project/air_venv/lib/python3.12/site-packages/airflow/example_dags/example_display_name.py took 0.096 seconds
[2025-02-10T13:16:38.837+0600] {processor.py:186} INFO - Started process (PID=15383) to work on /home/shamim/airflow_git/Airflow_project/air_venv/lib/python3.12/site-packages/airflow/example_dags/example_display_name.py
[2025-02-10T13:16:38.841+0600] {processor.py:914} INFO - Processing file /home/shamim/airflow_git/Airflow_project/air_venv/lib/python3.12/site-packages/airflow/example_dags/example_display_name.py for tasks to queue
[2025-02-10T13:16:38.846+0600] {logging_mixin.py:190} INFO - [2025-02-10T13:16:38.845+0600] {dagbag.py:588} INFO - Filling up the DagBag from /home/shamim/airflow_git/Airflow_project/air_venv/lib/python3.12/site-packages/airflow/example_dags/example_display_name.py
[2025-02-10T13:16:38.859+0600] {processor.py:925} INFO - DAG(s) 'example_display_name' retrieved from /home/shamim/airflow_git/Airflow_project/air_venv/lib/python3.12/site-packages/airflow/example_dags/example_display_name.py
[2025-02-10T13:16:38.881+0600] {logging_mixin.py:190} INFO - [2025-02-10T13:16:38.881+0600] {dag.py:3239} INFO - Sync 1 DAGs
[2025-02-10T13:16:38.897+0600] {logging_mixin.py:190} INFO - [2025-02-10T13:16:38.897+0600] {dag.py:4180} INFO - Setting next_dagrun for example_display_name to None, run_after=None
[2025-02-10T13:16:38.921+0600] {processor.py:208} INFO - Processing /home/shamim/airflow_git/Airflow_project/air_venv/lib/python3.12/site-packages/airflow/example_dags/example_display_name.py took 0.095 seconds
[2025-02-10T13:17:49.672+0600] {processor.py:186} INFO - Started process (PID=15540) to work on /home/shamim/airflow_git/Airflow_project/air_venv/lib/python3.12/site-packages/airflow/example_dags/example_display_name.py
[2025-02-10T13:17:49.673+0600] {processor.py:914} INFO - Processing file /home/shamim/airflow_git/Airflow_project/air_venv/lib/python3.12/site-packages/airflow/example_dags/example_display_name.py for tasks to queue
[2025-02-10T13:17:49.677+0600] {logging_mixin.py:190} INFO - [2025-02-10T13:17:49.676+0600] {dagbag.py:588} INFO - Filling up the DagBag from /home/shamim/airflow_git/Airflow_project/air_venv/lib/python3.12/site-packages/airflow/example_dags/example_display_name.py
[2025-02-10T13:17:49.689+0600] {processor.py:925} INFO - DAG(s) 'example_display_name' retrieved from /home/shamim/airflow_git/Airflow_project/air_venv/lib/python3.12/site-packages/airflow/example_dags/example_display_name.py
[2025-02-10T13:17:49.716+0600] {logging_mixin.py:190} INFO - [2025-02-10T13:17:49.715+0600] {dag.py:3239} INFO - Sync 1 DAGs
[2025-02-10T13:17:49.761+0600] {logging_mixin.py:190} INFO - [2025-02-10T13:17:49.755+0600] {dag.py:4180} INFO - Setting next_dagrun for example_display_name to None, run_after=None
[2025-02-10T13:17:49.866+0600] {processor.py:208} INFO - Processing /home/shamim/airflow_git/Airflow_project/air_venv/lib/python3.12/site-packages/airflow/example_dags/example_display_name.py took 0.208 seconds
[2025-02-10T13:19:09.550+0600] {processor.py:186} INFO - Started process (PID=15939) to work on /home/shamim/airflow_git/Airflow_project/air_venv/lib/python3.12/site-packages/airflow/example_dags/example_display_name.py
[2025-02-10T13:19:09.551+0600] {processor.py:914} INFO - Processing file /home/shamim/airflow_git/Airflow_project/air_venv/lib/python3.12/site-packages/airflow/example_dags/example_display_name.py for tasks to queue
[2025-02-10T13:19:09.553+0600] {logging_mixin.py:190} INFO - [2025-02-10T13:19:09.552+0600] {dagbag.py:588} INFO - Filling up the DagBag from /home/shamim/airflow_git/Airflow_project/air_venv/lib/python3.12/site-packages/airflow/example_dags/example_display_name.py
[2025-02-10T13:19:09.567+0600] {processor.py:925} INFO - DAG(s) 'example_display_name' retrieved from /home/shamim/airflow_git/Airflow_project/air_venv/lib/python3.12/site-packages/airflow/example_dags/example_display_name.py
[2025-02-10T13:19:09.593+0600] {logging_mixin.py:190} INFO - [2025-02-10T13:19:09.592+0600] {dag.py:3239} INFO - Sync 1 DAGs
[2025-02-10T13:19:09.627+0600] {logging_mixin.py:190} INFO - [2025-02-10T13:19:09.626+0600] {dag.py:4180} INFO - Setting next_dagrun for example_display_name to None, run_after=None
[2025-02-10T13:19:09.674+0600] {processor.py:208} INFO - Processing /home/shamim/airflow_git/Airflow_project/air_venv/lib/python3.12/site-packages/airflow/example_dags/example_display_name.py took 0.140 seconds
[2025-02-10T13:20:23.533+0600] {processor.py:186} INFO - Started process (PID=16519) to work on /home/shamim/airflow_git/Airflow_project/air_venv/lib/python3.12/site-packages/airflow/example_dags/example_display_name.py
[2025-02-10T13:20:23.540+0600] {processor.py:914} INFO - Processing file /home/shamim/airflow_git/Airflow_project/air_venv/lib/python3.12/site-packages/airflow/example_dags/example_display_name.py for tasks to queue
[2025-02-10T13:20:23.543+0600] {logging_mixin.py:190} INFO - [2025-02-10T13:20:23.542+0600] {dagbag.py:588} INFO - Filling up the DagBag from /home/shamim/airflow_git/Airflow_project/air_venv/lib/python3.12/site-packages/airflow/example_dags/example_display_name.py
[2025-02-10T13:20:23.559+0600] {processor.py:925} INFO - DAG(s) 'example_display_name' retrieved from /home/shamim/airflow_git/Airflow_project/air_venv/lib/python3.12/site-packages/airflow/example_dags/example_display_name.py
[2025-02-10T13:20:23.577+0600] {logging_mixin.py:190} INFO - [2025-02-10T13:20:23.576+0600] {dag.py:3239} INFO - Sync 1 DAGs
[2025-02-10T13:20:23.593+0600] {logging_mixin.py:190} INFO - [2025-02-10T13:20:23.592+0600] {dag.py:4180} INFO - Setting next_dagrun for example_display_name to None, run_after=None
[2025-02-10T13:20:23.624+0600] {processor.py:208} INFO - Processing /home/shamim/airflow_git/Airflow_project/air_venv/lib/python3.12/site-packages/airflow/example_dags/example_display_name.py took 0.110 seconds
[2025-02-10T13:21:35.976+0600] {processor.py:186} INFO - Started process (PID=17065) to work on /home/shamim/airflow_git/Airflow_project/air_venv/lib/python3.12/site-packages/airflow/example_dags/example_display_name.py
[2025-02-10T13:21:35.983+0600] {processor.py:914} INFO - Processing file /home/shamim/airflow_git/Airflow_project/air_venv/lib/python3.12/site-packages/airflow/example_dags/example_display_name.py for tasks to queue
[2025-02-10T13:21:35.986+0600] {logging_mixin.py:190} INFO - [2025-02-10T13:21:35.985+0600] {dagbag.py:588} INFO - Filling up the DagBag from /home/shamim/airflow_git/Airflow_project/air_venv/lib/python3.12/site-packages/airflow/example_dags/example_display_name.py
[2025-02-10T13:21:36.000+0600] {processor.py:925} INFO - DAG(s) 'example_display_name' retrieved from /home/shamim/airflow_git/Airflow_project/air_venv/lib/python3.12/site-packages/airflow/example_dags/example_display_name.py
[2025-02-10T13:21:36.017+0600] {logging_mixin.py:190} INFO - [2025-02-10T13:21:36.017+0600] {dag.py:3239} INFO - Sync 1 DAGs
[2025-02-10T13:21:36.033+0600] {logging_mixin.py:190} INFO - [2025-02-10T13:21:36.033+0600] {dag.py:4180} INFO - Setting next_dagrun for example_display_name to None, run_after=None
[2025-02-10T13:21:36.064+0600] {processor.py:208} INFO - Processing /home/shamim/airflow_git/Airflow_project/air_venv/lib/python3.12/site-packages/airflow/example_dags/example_display_name.py took 0.104 seconds
[2025-02-10T13:22:54.666+0600] {processor.py:186} INFO - Started process (PID=17415) to work on /home/shamim/airflow_git/Airflow_project/air_venv/lib/python3.12/site-packages/airflow/example_dags/example_display_name.py
[2025-02-10T13:22:54.674+0600] {processor.py:914} INFO - Processing file /home/shamim/airflow_git/Airflow_project/air_venv/lib/python3.12/site-packages/airflow/example_dags/example_display_name.py for tasks to queue
[2025-02-10T13:22:54.677+0600] {logging_mixin.py:190} INFO - [2025-02-10T13:22:54.675+0600] {dagbag.py:588} INFO - Filling up the DagBag from /home/shamim/airflow_git/Airflow_project/air_venv/lib/python3.12/site-packages/airflow/example_dags/example_display_name.py
[2025-02-10T13:22:54.690+0600] {processor.py:925} INFO - DAG(s) 'example_display_name' retrieved from /home/shamim/airflow_git/Airflow_project/air_venv/lib/python3.12/site-packages/airflow/example_dags/example_display_name.py
[2025-02-10T13:22:54.708+0600] {logging_mixin.py:190} INFO - [2025-02-10T13:22:54.707+0600] {dag.py:3239} INFO - Sync 1 DAGs
[2025-02-10T13:22:54.725+0600] {logging_mixin.py:190} INFO - [2025-02-10T13:22:54.724+0600] {dag.py:4180} INFO - Setting next_dagrun for example_display_name to None, run_after=None
[2025-02-10T13:22:54.752+0600] {processor.py:208} INFO - Processing /home/shamim/airflow_git/Airflow_project/air_venv/lib/python3.12/site-packages/airflow/example_dags/example_display_name.py took 0.114 seconds
[2025-02-10T13:24:08.654+0600] {processor.py:186} INFO - Started process (PID=17535) to work on /home/shamim/airflow_git/Airflow_project/air_venv/lib/python3.12/site-packages/airflow/example_dags/example_display_name.py
[2025-02-10T13:24:08.656+0600] {processor.py:914} INFO - Processing file /home/shamim/airflow_git/Airflow_project/air_venv/lib/python3.12/site-packages/airflow/example_dags/example_display_name.py for tasks to queue
[2025-02-10T13:24:08.658+0600] {logging_mixin.py:190} INFO - [2025-02-10T13:24:08.657+0600] {dagbag.py:588} INFO - Filling up the DagBag from /home/shamim/airflow_git/Airflow_project/air_venv/lib/python3.12/site-packages/airflow/example_dags/example_display_name.py
[2025-02-10T13:24:08.670+0600] {processor.py:925} INFO - DAG(s) 'example_display_name' retrieved from /home/shamim/airflow_git/Airflow_project/air_venv/lib/python3.12/site-packages/airflow/example_dags/example_display_name.py
[2025-02-10T13:24:08.687+0600] {logging_mixin.py:190} INFO - [2025-02-10T13:24:08.687+0600] {dag.py:3239} INFO - Sync 1 DAGs
[2025-02-10T13:24:08.703+0600] {logging_mixin.py:190} INFO - [2025-02-10T13:24:08.702+0600] {dag.py:4180} INFO - Setting next_dagrun for example_display_name to None, run_after=None
[2025-02-10T13:24:08.725+0600] {processor.py:208} INFO - Processing /home/shamim/airflow_git/Airflow_project/air_venv/lib/python3.12/site-packages/airflow/example_dags/example_display_name.py took 0.082 seconds
[2025-02-10T13:25:21.928+0600] {processor.py:186} INFO - Started process (PID=17740) to work on /home/shamim/airflow_git/Airflow_project/air_venv/lib/python3.12/site-packages/airflow/example_dags/example_display_name.py
[2025-02-10T13:25:21.934+0600] {processor.py:914} INFO - Processing file /home/shamim/airflow_git/Airflow_project/air_venv/lib/python3.12/site-packages/airflow/example_dags/example_display_name.py for tasks to queue
[2025-02-10T13:25:21.936+0600] {logging_mixin.py:190} INFO - [2025-02-10T13:25:21.936+0600] {dagbag.py:588} INFO - Filling up the DagBag from /home/shamim/airflow_git/Airflow_project/air_venv/lib/python3.12/site-packages/airflow/example_dags/example_display_name.py
[2025-02-10T13:25:21.950+0600] {processor.py:925} INFO - DAG(s) 'example_display_name' retrieved from /home/shamim/airflow_git/Airflow_project/air_venv/lib/python3.12/site-packages/airflow/example_dags/example_display_name.py
[2025-02-10T13:25:21.968+0600] {logging_mixin.py:190} INFO - [2025-02-10T13:25:21.967+0600] {dag.py:3239} INFO - Sync 1 DAGs
[2025-02-10T13:25:21.984+0600] {logging_mixin.py:190} INFO - [2025-02-10T13:25:21.983+0600] {dag.py:4180} INFO - Setting next_dagrun for example_display_name to None, run_after=None
[2025-02-10T13:25:22.019+0600] {processor.py:208} INFO - Processing /home/shamim/airflow_git/Airflow_project/air_venv/lib/python3.12/site-packages/airflow/example_dags/example_display_name.py took 0.106 seconds
[2025-02-10T13:26:41.362+0600] {processor.py:186} INFO - Started process (PID=17850) to work on /home/shamim/airflow_git/Airflow_project/air_venv/lib/python3.12/site-packages/airflow/example_dags/example_display_name.py
[2025-02-10T13:26:41.368+0600] {processor.py:914} INFO - Processing file /home/shamim/airflow_git/Airflow_project/air_venv/lib/python3.12/site-packages/airflow/example_dags/example_display_name.py for tasks to queue
[2025-02-10T13:26:41.370+0600] {logging_mixin.py:190} INFO - [2025-02-10T13:26:41.369+0600] {dagbag.py:588} INFO - Filling up the DagBag from /home/shamim/airflow_git/Airflow_project/air_venv/lib/python3.12/site-packages/airflow/example_dags/example_display_name.py
[2025-02-10T13:26:41.379+0600] {processor.py:925} INFO - DAG(s) 'example_display_name' retrieved from /home/shamim/airflow_git/Airflow_project/air_venv/lib/python3.12/site-packages/airflow/example_dags/example_display_name.py
[2025-02-10T13:26:41.397+0600] {logging_mixin.py:190} INFO - [2025-02-10T13:26:41.396+0600] {dag.py:3239} INFO - Sync 1 DAGs
[2025-02-10T13:26:41.412+0600] {logging_mixin.py:190} INFO - [2025-02-10T13:26:41.412+0600] {dag.py:4180} INFO - Setting next_dagrun for example_display_name to None, run_after=None
[2025-02-10T13:26:41.447+0600] {processor.py:208} INFO - Processing /home/shamim/airflow_git/Airflow_project/air_venv/lib/python3.12/site-packages/airflow/example_dags/example_display_name.py took 0.095 seconds
[2025-02-10T13:28:04.697+0600] {processor.py:186} INFO - Started process (PID=18223) to work on /home/shamim/airflow_git/Airflow_project/air_venv/lib/python3.12/site-packages/airflow/example_dags/example_display_name.py
[2025-02-10T13:28:04.703+0600] {processor.py:914} INFO - Processing file /home/shamim/airflow_git/Airflow_project/air_venv/lib/python3.12/site-packages/airflow/example_dags/example_display_name.py for tasks to queue
[2025-02-10T13:28:04.706+0600] {logging_mixin.py:190} INFO - [2025-02-10T13:28:04.705+0600] {dagbag.py:588} INFO - Filling up the DagBag from /home/shamim/airflow_git/Airflow_project/air_venv/lib/python3.12/site-packages/airflow/example_dags/example_display_name.py
[2025-02-10T13:28:04.722+0600] {processor.py:925} INFO - DAG(s) 'example_display_name' retrieved from /home/shamim/airflow_git/Airflow_project/air_venv/lib/python3.12/site-packages/airflow/example_dags/example_display_name.py
[2025-02-10T13:28:04.743+0600] {logging_mixin.py:190} INFO - [2025-02-10T13:28:04.742+0600] {dag.py:3239} INFO - Sync 1 DAGs
[2025-02-10T13:28:04.763+0600] {logging_mixin.py:190} INFO - [2025-02-10T13:28:04.762+0600] {dag.py:4180} INFO - Setting next_dagrun for example_display_name to None, run_after=None
[2025-02-10T13:28:04.800+0600] {processor.py:208} INFO - Processing /home/shamim/airflow_git/Airflow_project/air_venv/lib/python3.12/site-packages/airflow/example_dags/example_display_name.py took 0.138 seconds
[2025-02-10T13:29:25.084+0600] {processor.py:186} INFO - Started process (PID=18728) to work on /home/shamim/airflow_git/Airflow_project/air_venv/lib/python3.12/site-packages/airflow/example_dags/example_display_name.py
[2025-02-10T13:29:25.090+0600] {processor.py:914} INFO - Processing file /home/shamim/airflow_git/Airflow_project/air_venv/lib/python3.12/site-packages/airflow/example_dags/example_display_name.py for tasks to queue
[2025-02-10T13:29:25.092+0600] {logging_mixin.py:190} INFO - [2025-02-10T13:29:25.091+0600] {dagbag.py:588} INFO - Filling up the DagBag from /home/shamim/airflow_git/Airflow_project/air_venv/lib/python3.12/site-packages/airflow/example_dags/example_display_name.py
[2025-02-10T13:29:25.103+0600] {processor.py:925} INFO - DAG(s) 'example_display_name' retrieved from /home/shamim/airflow_git/Airflow_project/air_venv/lib/python3.12/site-packages/airflow/example_dags/example_display_name.py
[2025-02-10T13:29:25.121+0600] {logging_mixin.py:190} INFO - [2025-02-10T13:29:25.120+0600] {dag.py:3239} INFO - Sync 1 DAGs
[2025-02-10T13:29:25.136+0600] {logging_mixin.py:190} INFO - [2025-02-10T13:29:25.136+0600] {dag.py:4180} INFO - Setting next_dagrun for example_display_name to None, run_after=None
[2025-02-10T13:29:25.171+0600] {processor.py:208} INFO - Processing /home/shamim/airflow_git/Airflow_project/air_venv/lib/python3.12/site-packages/airflow/example_dags/example_display_name.py took 0.099 seconds
[2025-02-10T13:30:50.139+0600] {processor.py:186} INFO - Started process (PID=18852) to work on /home/shamim/airflow_git/Airflow_project/air_venv/lib/python3.12/site-packages/airflow/example_dags/example_display_name.py
[2025-02-10T13:30:50.146+0600] {processor.py:914} INFO - Processing file /home/shamim/airflow_git/Airflow_project/air_venv/lib/python3.12/site-packages/airflow/example_dags/example_display_name.py for tasks to queue
[2025-02-10T13:30:50.148+0600] {logging_mixin.py:190} INFO - [2025-02-10T13:30:50.147+0600] {dagbag.py:588} INFO - Filling up the DagBag from /home/shamim/airflow_git/Airflow_project/air_venv/lib/python3.12/site-packages/airflow/example_dags/example_display_name.py
[2025-02-10T13:30:50.159+0600] {processor.py:925} INFO - DAG(s) 'example_display_name' retrieved from /home/shamim/airflow_git/Airflow_project/air_venv/lib/python3.12/site-packages/airflow/example_dags/example_display_name.py
[2025-02-10T13:30:50.176+0600] {logging_mixin.py:190} INFO - [2025-02-10T13:30:50.176+0600] {dag.py:3239} INFO - Sync 1 DAGs
[2025-02-10T13:30:50.193+0600] {logging_mixin.py:190} INFO - [2025-02-10T13:30:50.193+0600] {dag.py:4180} INFO - Setting next_dagrun for example_display_name to None, run_after=None
[2025-02-10T13:30:50.229+0600] {processor.py:208} INFO - Processing /home/shamim/airflow_git/Airflow_project/air_venv/lib/python3.12/site-packages/airflow/example_dags/example_display_name.py took 0.101 seconds
[2025-02-10T13:32:04.444+0600] {processor.py:186} INFO - Started process (PID=18962) to work on /home/shamim/airflow_git/Airflow_project/air_venv/lib/python3.12/site-packages/airflow/example_dags/example_display_name.py
[2025-02-10T13:32:04.451+0600] {processor.py:914} INFO - Processing file /home/shamim/airflow_git/Airflow_project/air_venv/lib/python3.12/site-packages/airflow/example_dags/example_display_name.py for tasks to queue
[2025-02-10T13:32:04.453+0600] {logging_mixin.py:190} INFO - [2025-02-10T13:32:04.453+0600] {dagbag.py:588} INFO - Filling up the DagBag from /home/shamim/airflow_git/Airflow_project/air_venv/lib/python3.12/site-packages/airflow/example_dags/example_display_name.py
[2025-02-10T13:32:04.466+0600] {processor.py:925} INFO - DAG(s) 'example_display_name' retrieved from /home/shamim/airflow_git/Airflow_project/air_venv/lib/python3.12/site-packages/airflow/example_dags/example_display_name.py
[2025-02-10T13:32:04.483+0600] {logging_mixin.py:190} INFO - [2025-02-10T13:32:04.483+0600] {dag.py:3239} INFO - Sync 1 DAGs
[2025-02-10T13:32:04.504+0600] {logging_mixin.py:190} INFO - [2025-02-10T13:32:04.504+0600] {dag.py:4180} INFO - Setting next_dagrun for example_display_name to None, run_after=None
[2025-02-10T13:32:04.541+0600] {processor.py:208} INFO - Processing /home/shamim/airflow_git/Airflow_project/air_venv/lib/python3.12/site-packages/airflow/example_dags/example_display_name.py took 0.111 seconds
[2025-02-10T13:33:23.323+0600] {processor.py:186} INFO - Started process (PID=19116) to work on /home/shamim/airflow_git/Airflow_project/air_venv/lib/python3.12/site-packages/airflow/example_dags/example_display_name.py
[2025-02-10T13:33:23.330+0600] {processor.py:914} INFO - Processing file /home/shamim/airflow_git/Airflow_project/air_venv/lib/python3.12/site-packages/airflow/example_dags/example_display_name.py for tasks to queue
[2025-02-10T13:33:23.332+0600] {logging_mixin.py:190} INFO - [2025-02-10T13:33:23.331+0600] {dagbag.py:588} INFO - Filling up the DagBag from /home/shamim/airflow_git/Airflow_project/air_venv/lib/python3.12/site-packages/airflow/example_dags/example_display_name.py
[2025-02-10T13:33:23.346+0600] {processor.py:925} INFO - DAG(s) 'example_display_name' retrieved from /home/shamim/airflow_git/Airflow_project/air_venv/lib/python3.12/site-packages/airflow/example_dags/example_display_name.py
[2025-02-10T13:33:23.367+0600] {logging_mixin.py:190} INFO - [2025-02-10T13:33:23.367+0600] {dag.py:3239} INFO - Sync 1 DAGs
[2025-02-10T13:33:23.545+0600] {logging_mixin.py:190} INFO - [2025-02-10T13:33:23.545+0600] {dag.py:4180} INFO - Setting next_dagrun for example_display_name to None, run_after=None
[2025-02-10T13:33:23.572+0600] {processor.py:208} INFO - Processing /home/shamim/airflow_git/Airflow_project/air_venv/lib/python3.12/site-packages/airflow/example_dags/example_display_name.py took 0.268 seconds
[2025-02-10T13:34:41.559+0600] {processor.py:186} INFO - Started process (PID=19370) to work on /home/shamim/airflow_git/Airflow_project/air_venv/lib/python3.12/site-packages/airflow/example_dags/example_display_name.py
[2025-02-10T13:34:41.566+0600] {processor.py:914} INFO - Processing file /home/shamim/airflow_git/Airflow_project/air_venv/lib/python3.12/site-packages/airflow/example_dags/example_display_name.py for tasks to queue
[2025-02-10T13:34:41.569+0600] {logging_mixin.py:190} INFO - [2025-02-10T13:34:41.568+0600] {dagbag.py:588} INFO - Filling up the DagBag from /home/shamim/airflow_git/Airflow_project/air_venv/lib/python3.12/site-packages/airflow/example_dags/example_display_name.py
[2025-02-10T13:34:41.582+0600] {processor.py:925} INFO - DAG(s) 'example_display_name' retrieved from /home/shamim/airflow_git/Airflow_project/air_venv/lib/python3.12/site-packages/airflow/example_dags/example_display_name.py
[2025-02-10T13:34:41.600+0600] {logging_mixin.py:190} INFO - [2025-02-10T13:34:41.600+0600] {dag.py:3239} INFO - Sync 1 DAGs
[2025-02-10T13:34:41.774+0600] {logging_mixin.py:190} INFO - [2025-02-10T13:34:41.774+0600] {dag.py:4180} INFO - Setting next_dagrun for example_display_name to None, run_after=None
[2025-02-10T13:34:41.801+0600] {processor.py:208} INFO - Processing /home/shamim/airflow_git/Airflow_project/air_venv/lib/python3.12/site-packages/airflow/example_dags/example_display_name.py took 0.256 seconds
[2025-02-10T13:35:57.945+0600] {processor.py:186} INFO - Started process (PID=19466) to work on /home/shamim/airflow_git/Airflow_project/air_venv/lib/python3.12/site-packages/airflow/example_dags/example_display_name.py
[2025-02-10T13:35:57.952+0600] {processor.py:914} INFO - Processing file /home/shamim/airflow_git/Airflow_project/air_venv/lib/python3.12/site-packages/airflow/example_dags/example_display_name.py for tasks to queue
[2025-02-10T13:35:57.954+0600] {logging_mixin.py:190} INFO - [2025-02-10T13:35:57.953+0600] {dagbag.py:588} INFO - Filling up the DagBag from /home/shamim/airflow_git/Airflow_project/air_venv/lib/python3.12/site-packages/airflow/example_dags/example_display_name.py
[2025-02-10T13:35:57.967+0600] {processor.py:925} INFO - DAG(s) 'example_display_name' retrieved from /home/shamim/airflow_git/Airflow_project/air_venv/lib/python3.12/site-packages/airflow/example_dags/example_display_name.py
[2025-02-10T13:35:57.984+0600] {logging_mixin.py:190} INFO - [2025-02-10T13:35:57.984+0600] {dag.py:3239} INFO - Sync 1 DAGs
[2025-02-10T13:35:58.159+0600] {logging_mixin.py:190} INFO - [2025-02-10T13:35:58.158+0600] {dag.py:4180} INFO - Setting next_dagrun for example_display_name to None, run_after=None
[2025-02-10T13:35:58.187+0600] {processor.py:208} INFO - Processing /home/shamim/airflow_git/Airflow_project/air_venv/lib/python3.12/site-packages/airflow/example_dags/example_display_name.py took 0.256 seconds
[2025-02-10T13:37:24.786+0600] {processor.py:186} INFO - Started process (PID=19593) to work on /home/shamim/airflow_git/Airflow_project/air_venv/lib/python3.12/site-packages/airflow/example_dags/example_display_name.py
[2025-02-10T13:37:24.793+0600] {processor.py:914} INFO - Processing file /home/shamim/airflow_git/Airflow_project/air_venv/lib/python3.12/site-packages/airflow/example_dags/example_display_name.py for tasks to queue
[2025-02-10T13:37:24.794+0600] {logging_mixin.py:190} INFO - [2025-02-10T13:37:24.794+0600] {dagbag.py:588} INFO - Filling up the DagBag from /home/shamim/airflow_git/Airflow_project/air_venv/lib/python3.12/site-packages/airflow/example_dags/example_display_name.py
[2025-02-10T13:37:24.805+0600] {processor.py:925} INFO - DAG(s) 'example_display_name' retrieved from /home/shamim/airflow_git/Airflow_project/air_venv/lib/python3.12/site-packages/airflow/example_dags/example_display_name.py
[2025-02-10T13:37:24.822+0600] {logging_mixin.py:190} INFO - [2025-02-10T13:37:24.822+0600] {dag.py:3239} INFO - Sync 1 DAGs
[2025-02-10T13:37:24.838+0600] {logging_mixin.py:190} INFO - [2025-02-10T13:37:24.837+0600] {dag.py:4180} INFO - Setting next_dagrun for example_display_name to None, run_after=None
[2025-02-10T13:37:24.872+0600] {processor.py:208} INFO - Processing /home/shamim/airflow_git/Airflow_project/air_venv/lib/python3.12/site-packages/airflow/example_dags/example_display_name.py took 0.096 seconds
[2025-02-10T13:38:40.904+0600] {processor.py:186} INFO - Started process (PID=19735) to work on /home/shamim/airflow_git/Airflow_project/air_venv/lib/python3.12/site-packages/airflow/example_dags/example_display_name.py
[2025-02-10T13:38:40.910+0600] {processor.py:914} INFO - Processing file /home/shamim/airflow_git/Airflow_project/air_venv/lib/python3.12/site-packages/airflow/example_dags/example_display_name.py for tasks to queue
[2025-02-10T13:38:40.912+0600] {logging_mixin.py:190} INFO - [2025-02-10T13:38:40.911+0600] {dagbag.py:588} INFO - Filling up the DagBag from /home/shamim/airflow_git/Airflow_project/air_venv/lib/python3.12/site-packages/airflow/example_dags/example_display_name.py
[2025-02-10T13:38:40.923+0600] {processor.py:925} INFO - DAG(s) 'example_display_name' retrieved from /home/shamim/airflow_git/Airflow_project/air_venv/lib/python3.12/site-packages/airflow/example_dags/example_display_name.py
[2025-02-10T13:38:40.940+0600] {logging_mixin.py:190} INFO - [2025-02-10T13:38:40.940+0600] {dag.py:3239} INFO - Sync 1 DAGs
[2025-02-10T13:38:40.956+0600] {logging_mixin.py:190} INFO - [2025-02-10T13:38:40.956+0600] {dag.py:4180} INFO - Setting next_dagrun for example_display_name to None, run_after=None
[2025-02-10T13:38:40.993+0600] {processor.py:208} INFO - Processing /home/shamim/airflow_git/Airflow_project/air_venv/lib/python3.12/site-packages/airflow/example_dags/example_display_name.py took 0.100 seconds
[2025-02-10T13:40:00.901+0600] {processor.py:186} INFO - Started process (PID=19884) to work on /home/shamim/airflow_git/Airflow_project/air_venv/lib/python3.12/site-packages/airflow/example_dags/example_display_name.py
[2025-02-10T13:40:00.907+0600] {processor.py:914} INFO - Processing file /home/shamim/airflow_git/Airflow_project/air_venv/lib/python3.12/site-packages/airflow/example_dags/example_display_name.py for tasks to queue
[2025-02-10T13:40:00.909+0600] {logging_mixin.py:190} INFO - [2025-02-10T13:40:00.908+0600] {dagbag.py:588} INFO - Filling up the DagBag from /home/shamim/airflow_git/Airflow_project/air_venv/lib/python3.12/site-packages/airflow/example_dags/example_display_name.py
[2025-02-10T13:40:00.919+0600] {processor.py:925} INFO - DAG(s) 'example_display_name' retrieved from /home/shamim/airflow_git/Airflow_project/air_venv/lib/python3.12/site-packages/airflow/example_dags/example_display_name.py
[2025-02-10T13:40:00.937+0600] {logging_mixin.py:190} INFO - [2025-02-10T13:40:00.937+0600] {dag.py:3239} INFO - Sync 1 DAGs
[2025-02-10T13:40:00.953+0600] {logging_mixin.py:190} INFO - [2025-02-10T13:40:00.953+0600] {dag.py:4180} INFO - Setting next_dagrun for example_display_name to None, run_after=None
[2025-02-10T13:40:01.395+0600] {processor.py:208} INFO - Processing /home/shamim/airflow_git/Airflow_project/air_venv/lib/python3.12/site-packages/airflow/example_dags/example_display_name.py took 0.506 seconds
[2025-02-10T13:41:27.194+0600] {processor.py:186} INFO - Started process (PID=20023) to work on /home/shamim/airflow_git/Airflow_project/air_venv/lib/python3.12/site-packages/airflow/example_dags/example_display_name.py
[2025-02-10T13:41:27.200+0600] {processor.py:914} INFO - Processing file /home/shamim/airflow_git/Airflow_project/air_venv/lib/python3.12/site-packages/airflow/example_dags/example_display_name.py for tasks to queue
[2025-02-10T13:41:27.201+0600] {logging_mixin.py:190} INFO - [2025-02-10T13:41:27.201+0600] {dagbag.py:588} INFO - Filling up the DagBag from /home/shamim/airflow_git/Airflow_project/air_venv/lib/python3.12/site-packages/airflow/example_dags/example_display_name.py
[2025-02-10T13:41:27.211+0600] {processor.py:925} INFO - DAG(s) 'example_display_name' retrieved from /home/shamim/airflow_git/Airflow_project/air_venv/lib/python3.12/site-packages/airflow/example_dags/example_display_name.py
[2025-02-10T13:41:27.227+0600] {logging_mixin.py:190} INFO - [2025-02-10T13:41:27.227+0600] {dag.py:3239} INFO - Sync 1 DAGs
[2025-02-10T13:41:27.243+0600] {logging_mixin.py:190} INFO - [2025-02-10T13:41:27.243+0600] {dag.py:4180} INFO - Setting next_dagrun for example_display_name to None, run_after=None
[2025-02-10T13:41:27.278+0600] {processor.py:208} INFO - Processing /home/shamim/airflow_git/Airflow_project/air_venv/lib/python3.12/site-packages/airflow/example_dags/example_display_name.py took 0.096 seconds
[2025-02-10T13:42:47.267+0600] {processor.py:186} INFO - Started process (PID=20180) to work on /home/shamim/airflow_git/Airflow_project/air_venv/lib/python3.12/site-packages/airflow/example_dags/example_display_name.py
[2025-02-10T13:42:47.274+0600] {processor.py:914} INFO - Processing file /home/shamim/airflow_git/Airflow_project/air_venv/lib/python3.12/site-packages/airflow/example_dags/example_display_name.py for tasks to queue
[2025-02-10T13:42:47.277+0600] {logging_mixin.py:190} INFO - [2025-02-10T13:42:47.276+0600] {dagbag.py:588} INFO - Filling up the DagBag from /home/shamim/airflow_git/Airflow_project/air_venv/lib/python3.12/site-packages/airflow/example_dags/example_display_name.py
[2025-02-10T13:42:47.289+0600] {processor.py:925} INFO - DAG(s) 'example_display_name' retrieved from /home/shamim/airflow_git/Airflow_project/air_venv/lib/python3.12/site-packages/airflow/example_dags/example_display_name.py
[2025-02-10T13:42:47.306+0600] {logging_mixin.py:190} INFO - [2025-02-10T13:42:47.306+0600] {dag.py:3239} INFO - Sync 1 DAGs
[2025-02-10T13:42:47.321+0600] {logging_mixin.py:190} INFO - [2025-02-10T13:42:47.321+0600] {dag.py:4180} INFO - Setting next_dagrun for example_display_name to None, run_after=None
[2025-02-10T13:42:47.352+0600] {processor.py:208} INFO - Processing /home/shamim/airflow_git/Airflow_project/air_venv/lib/python3.12/site-packages/airflow/example_dags/example_display_name.py took 0.093 seconds
[2025-02-10T13:43:58.485+0600] {processor.py:186} INFO - Started process (PID=20299) to work on /home/shamim/airflow_git/Airflow_project/air_venv/lib/python3.12/site-packages/airflow/example_dags/example_display_name.py
[2025-02-10T13:43:58.486+0600] {processor.py:914} INFO - Processing file /home/shamim/airflow_git/Airflow_project/air_venv/lib/python3.12/site-packages/airflow/example_dags/example_display_name.py for tasks to queue
[2025-02-10T13:43:58.487+0600] {logging_mixin.py:190} INFO - [2025-02-10T13:43:58.487+0600] {dagbag.py:588} INFO - Filling up the DagBag from /home/shamim/airflow_git/Airflow_project/air_venv/lib/python3.12/site-packages/airflow/example_dags/example_display_name.py
[2025-02-10T13:43:58.497+0600] {processor.py:925} INFO - DAG(s) 'example_display_name' retrieved from /home/shamim/airflow_git/Airflow_project/air_venv/lib/python3.12/site-packages/airflow/example_dags/example_display_name.py
[2025-02-10T13:43:58.513+0600] {logging_mixin.py:190} INFO - [2025-02-10T13:43:58.513+0600] {dag.py:3239} INFO - Sync 1 DAGs
[2025-02-10T13:43:58.529+0600] {logging_mixin.py:190} INFO - [2025-02-10T13:43:58.529+0600] {dag.py:4180} INFO - Setting next_dagrun for example_display_name to None, run_after=None
[2025-02-10T13:43:58.562+0600] {processor.py:208} INFO - Processing /home/shamim/airflow_git/Airflow_project/air_venv/lib/python3.12/site-packages/airflow/example_dags/example_display_name.py took 0.087 seconds
[2025-02-10T13:45:13.451+0600] {processor.py:186} INFO - Started process (PID=20425) to work on /home/shamim/airflow_git/Airflow_project/air_venv/lib/python3.12/site-packages/airflow/example_dags/example_display_name.py
[2025-02-10T13:45:13.458+0600] {processor.py:914} INFO - Processing file /home/shamim/airflow_git/Airflow_project/air_venv/lib/python3.12/site-packages/airflow/example_dags/example_display_name.py for tasks to queue
[2025-02-10T13:45:13.459+0600] {logging_mixin.py:190} INFO - [2025-02-10T13:45:13.459+0600] {dagbag.py:588} INFO - Filling up the DagBag from /home/shamim/airflow_git/Airflow_project/air_venv/lib/python3.12/site-packages/airflow/example_dags/example_display_name.py
[2025-02-10T13:45:13.469+0600] {processor.py:925} INFO - DAG(s) 'example_display_name' retrieved from /home/shamim/airflow_git/Airflow_project/air_venv/lib/python3.12/site-packages/airflow/example_dags/example_display_name.py
[2025-02-10T13:45:13.486+0600] {logging_mixin.py:190} INFO - [2025-02-10T13:45:13.486+0600] {dag.py:3239} INFO - Sync 1 DAGs
[2025-02-10T13:45:13.501+0600] {logging_mixin.py:190} INFO - [2025-02-10T13:45:13.501+0600] {dag.py:4180} INFO - Setting next_dagrun for example_display_name to None, run_after=None
[2025-02-10T13:45:13.535+0600] {processor.py:208} INFO - Processing /home/shamim/airflow_git/Airflow_project/air_venv/lib/python3.12/site-packages/airflow/example_dags/example_display_name.py took 0.093 seconds
[2025-02-10T13:46:25.351+0600] {processor.py:186} INFO - Started process (PID=20561) to work on /home/shamim/airflow_git/Airflow_project/air_venv/lib/python3.12/site-packages/airflow/example_dags/example_display_name.py
[2025-02-10T13:46:25.357+0600] {processor.py:914} INFO - Processing file /home/shamim/airflow_git/Airflow_project/air_venv/lib/python3.12/site-packages/airflow/example_dags/example_display_name.py for tasks to queue
[2025-02-10T13:46:25.359+0600] {logging_mixin.py:190} INFO - [2025-02-10T13:46:25.358+0600] {dagbag.py:588} INFO - Filling up the DagBag from /home/shamim/airflow_git/Airflow_project/air_venv/lib/python3.12/site-packages/airflow/example_dags/example_display_name.py
[2025-02-10T13:46:25.370+0600] {processor.py:925} INFO - DAG(s) 'example_display_name' retrieved from /home/shamim/airflow_git/Airflow_project/air_venv/lib/python3.12/site-packages/airflow/example_dags/example_display_name.py
[2025-02-10T13:46:25.386+0600] {logging_mixin.py:190} INFO - [2025-02-10T13:46:25.386+0600] {dag.py:3239} INFO - Sync 1 DAGs
[2025-02-10T13:46:25.402+0600] {logging_mixin.py:190} INFO - [2025-02-10T13:46:25.402+0600] {dag.py:4180} INFO - Setting next_dagrun for example_display_name to None, run_after=None
[2025-02-10T13:46:25.437+0600] {processor.py:208} INFO - Processing /home/shamim/airflow_git/Airflow_project/air_venv/lib/python3.12/site-packages/airflow/example_dags/example_display_name.py took 0.097 seconds
[2025-02-10T13:47:41.048+0600] {processor.py:186} INFO - Started process (PID=20927) to work on /home/shamim/airflow_git/Airflow_project/air_venv/lib/python3.12/site-packages/airflow/example_dags/example_display_name.py
[2025-02-10T13:47:41.051+0600] {processor.py:914} INFO - Processing file /home/shamim/airflow_git/Airflow_project/air_venv/lib/python3.12/site-packages/airflow/example_dags/example_display_name.py for tasks to queue
[2025-02-10T13:47:41.053+0600] {logging_mixin.py:190} INFO - [2025-02-10T13:47:41.052+0600] {dagbag.py:588} INFO - Filling up the DagBag from /home/shamim/airflow_git/Airflow_project/air_venv/lib/python3.12/site-packages/airflow/example_dags/example_display_name.py
[2025-02-10T13:47:41.065+0600] {processor.py:925} INFO - DAG(s) 'example_display_name' retrieved from /home/shamim/airflow_git/Airflow_project/air_venv/lib/python3.12/site-packages/airflow/example_dags/example_display_name.py
[2025-02-10T13:47:41.086+0600] {logging_mixin.py:190} INFO - [2025-02-10T13:47:41.086+0600] {dag.py:3239} INFO - Sync 1 DAGs
[2025-02-10T13:47:41.105+0600] {logging_mixin.py:190} INFO - [2025-02-10T13:47:41.105+0600] {dag.py:4180} INFO - Setting next_dagrun for example_display_name to None, run_after=None
[2025-02-10T13:47:41.134+0600] {processor.py:208} INFO - Processing /home/shamim/airflow_git/Airflow_project/air_venv/lib/python3.12/site-packages/airflow/example_dags/example_display_name.py took 0.098 seconds
[2025-02-10T13:48:56.715+0600] {processor.py:186} INFO - Started process (PID=21089) to work on /home/shamim/airflow_git/Airflow_project/air_venv/lib/python3.12/site-packages/airflow/example_dags/example_display_name.py
[2025-02-10T13:48:56.722+0600] {processor.py:914} INFO - Processing file /home/shamim/airflow_git/Airflow_project/air_venv/lib/python3.12/site-packages/airflow/example_dags/example_display_name.py for tasks to queue
[2025-02-10T13:48:56.723+0600] {logging_mixin.py:190} INFO - [2025-02-10T13:48:56.723+0600] {dagbag.py:588} INFO - Filling up the DagBag from /home/shamim/airflow_git/Airflow_project/air_venv/lib/python3.12/site-packages/airflow/example_dags/example_display_name.py
[2025-02-10T13:48:56.734+0600] {processor.py:925} INFO - DAG(s) 'example_display_name' retrieved from /home/shamim/airflow_git/Airflow_project/air_venv/lib/python3.12/site-packages/airflow/example_dags/example_display_name.py
[2025-02-10T13:48:56.752+0600] {logging_mixin.py:190} INFO - [2025-02-10T13:48:56.751+0600] {dag.py:3239} INFO - Sync 1 DAGs
[2025-02-10T13:48:56.768+0600] {logging_mixin.py:190} INFO - [2025-02-10T13:48:56.768+0600] {dag.py:4180} INFO - Setting next_dagrun for example_display_name to None, run_after=None
[2025-02-10T13:48:56.795+0600] {processor.py:208} INFO - Processing /home/shamim/airflow_git/Airflow_project/air_venv/lib/python3.12/site-packages/airflow/example_dags/example_display_name.py took 0.093 seconds
[2025-02-10T13:50:08.231+0600] {processor.py:186} INFO - Started process (PID=21238) to work on /home/shamim/airflow_git/Airflow_project/air_venv/lib/python3.12/site-packages/airflow/example_dags/example_display_name.py
[2025-02-10T13:50:08.237+0600] {processor.py:914} INFO - Processing file /home/shamim/airflow_git/Airflow_project/air_venv/lib/python3.12/site-packages/airflow/example_dags/example_display_name.py for tasks to queue
[2025-02-10T13:50:08.239+0600] {logging_mixin.py:190} INFO - [2025-02-10T13:50:08.238+0600] {dagbag.py:588} INFO - Filling up the DagBag from /home/shamim/airflow_git/Airflow_project/air_venv/lib/python3.12/site-packages/airflow/example_dags/example_display_name.py
[2025-02-10T13:50:08.250+0600] {processor.py:925} INFO - DAG(s) 'example_display_name' retrieved from /home/shamim/airflow_git/Airflow_project/air_venv/lib/python3.12/site-packages/airflow/example_dags/example_display_name.py
[2025-02-10T13:50:08.267+0600] {logging_mixin.py:190} INFO - [2025-02-10T13:50:08.266+0600] {dag.py:3239} INFO - Sync 1 DAGs
[2025-02-10T13:50:08.282+0600] {logging_mixin.py:190} INFO - [2025-02-10T13:50:08.282+0600] {dag.py:4180} INFO - Setting next_dagrun for example_display_name to None, run_after=None
[2025-02-10T13:50:08.305+0600] {processor.py:208} INFO - Processing /home/shamim/airflow_git/Airflow_project/air_venv/lib/python3.12/site-packages/airflow/example_dags/example_display_name.py took 0.085 seconds
[2025-02-10T13:51:18.833+0600] {processor.py:186} INFO - Started process (PID=21323) to work on /home/shamim/airflow_git/Airflow_project/air_venv/lib/python3.12/site-packages/airflow/example_dags/example_display_name.py
[2025-02-10T13:51:18.840+0600] {processor.py:914} INFO - Processing file /home/shamim/airflow_git/Airflow_project/air_venv/lib/python3.12/site-packages/airflow/example_dags/example_display_name.py for tasks to queue
[2025-02-10T13:51:18.842+0600] {logging_mixin.py:190} INFO - [2025-02-10T13:51:18.841+0600] {dagbag.py:588} INFO - Filling up the DagBag from /home/shamim/airflow_git/Airflow_project/air_venv/lib/python3.12/site-packages/airflow/example_dags/example_display_name.py
[2025-02-10T13:51:18.853+0600] {processor.py:925} INFO - DAG(s) 'example_display_name' retrieved from /home/shamim/airflow_git/Airflow_project/air_venv/lib/python3.12/site-packages/airflow/example_dags/example_display_name.py
[2025-02-10T13:51:18.870+0600] {logging_mixin.py:190} INFO - [2025-02-10T13:51:18.870+0600] {dag.py:3239} INFO - Sync 1 DAGs
[2025-02-10T13:51:18.885+0600] {logging_mixin.py:190} INFO - [2025-02-10T13:51:18.885+0600] {dag.py:4180} INFO - Setting next_dagrun for example_display_name to None, run_after=None
[2025-02-10T13:51:18.909+0600] {processor.py:208} INFO - Processing /home/shamim/airflow_git/Airflow_project/air_venv/lib/python3.12/site-packages/airflow/example_dags/example_display_name.py took 0.087 seconds
[2025-02-10T13:52:41.967+0600] {processor.py:186} INFO - Started process (PID=21494) to work on /home/shamim/airflow_git/Airflow_project/air_venv/lib/python3.12/site-packages/airflow/example_dags/example_display_name.py
[2025-02-10T13:52:41.973+0600] {processor.py:914} INFO - Processing file /home/shamim/airflow_git/Airflow_project/air_venv/lib/python3.12/site-packages/airflow/example_dags/example_display_name.py for tasks to queue
[2025-02-10T13:52:41.975+0600] {logging_mixin.py:190} INFO - [2025-02-10T13:52:41.974+0600] {dagbag.py:588} INFO - Filling up the DagBag from /home/shamim/airflow_git/Airflow_project/air_venv/lib/python3.12/site-packages/airflow/example_dags/example_display_name.py
[2025-02-10T13:52:41.987+0600] {processor.py:925} INFO - DAG(s) 'example_display_name' retrieved from /home/shamim/airflow_git/Airflow_project/air_venv/lib/python3.12/site-packages/airflow/example_dags/example_display_name.py
[2025-02-10T13:52:42.008+0600] {logging_mixin.py:190} INFO - [2025-02-10T13:52:42.007+0600] {dag.py:3239} INFO - Sync 1 DAGs
[2025-02-10T13:52:42.031+0600] {logging_mixin.py:190} INFO - [2025-02-10T13:52:42.030+0600] {dag.py:4180} INFO - Setting next_dagrun for example_display_name to None, run_after=None
[2025-02-10T13:52:42.075+0600] {processor.py:208} INFO - Processing /home/shamim/airflow_git/Airflow_project/air_venv/lib/python3.12/site-packages/airflow/example_dags/example_display_name.py took 0.119 seconds
[2025-02-10T13:54:02.148+0600] {processor.py:186} INFO - Started process (PID=21705) to work on /home/shamim/airflow_git/Airflow_project/air_venv/lib/python3.12/site-packages/airflow/example_dags/example_display_name.py
[2025-02-10T13:54:02.162+0600] {processor.py:914} INFO - Processing file /home/shamim/airflow_git/Airflow_project/air_venv/lib/python3.12/site-packages/airflow/example_dags/example_display_name.py for tasks to queue
[2025-02-10T13:54:02.164+0600] {logging_mixin.py:190} INFO - [2025-02-10T13:54:02.164+0600] {dagbag.py:588} INFO - Filling up the DagBag from /home/shamim/airflow_git/Airflow_project/air_venv/lib/python3.12/site-packages/airflow/example_dags/example_display_name.py
[2025-02-10T13:54:02.177+0600] {processor.py:925} INFO - DAG(s) 'example_display_name' retrieved from /home/shamim/airflow_git/Airflow_project/air_venv/lib/python3.12/site-packages/airflow/example_dags/example_display_name.py
[2025-02-10T13:54:02.201+0600] {logging_mixin.py:190} INFO - [2025-02-10T13:54:02.200+0600] {dag.py:3239} INFO - Sync 1 DAGs
[2025-02-10T13:54:02.221+0600] {logging_mixin.py:190} INFO - [2025-02-10T13:54:02.221+0600] {dag.py:4180} INFO - Setting next_dagrun for example_display_name to None, run_after=None
[2025-02-10T13:54:02.254+0600] {processor.py:208} INFO - Processing /home/shamim/airflow_git/Airflow_project/air_venv/lib/python3.12/site-packages/airflow/example_dags/example_display_name.py took 0.122 seconds
[2025-02-10T13:55:13.892+0600] {processor.py:186} INFO - Started process (PID=21808) to work on /home/shamim/airflow_git/Airflow_project/air_venv/lib/python3.12/site-packages/airflow/example_dags/example_display_name.py
[2025-02-10T13:55:13.900+0600] {processor.py:914} INFO - Processing file /home/shamim/airflow_git/Airflow_project/air_venv/lib/python3.12/site-packages/airflow/example_dags/example_display_name.py for tasks to queue
[2025-02-10T13:55:13.904+0600] {logging_mixin.py:190} INFO - [2025-02-10T13:55:13.903+0600] {dagbag.py:588} INFO - Filling up the DagBag from /home/shamim/airflow_git/Airflow_project/air_venv/lib/python3.12/site-packages/airflow/example_dags/example_display_name.py
[2025-02-10T13:55:13.932+0600] {processor.py:925} INFO - DAG(s) 'example_display_name' retrieved from /home/shamim/airflow_git/Airflow_project/air_venv/lib/python3.12/site-packages/airflow/example_dags/example_display_name.py
[2025-02-10T13:55:13.956+0600] {logging_mixin.py:190} INFO - [2025-02-10T13:55:13.955+0600] {dag.py:3239} INFO - Sync 1 DAGs
[2025-02-10T13:55:13.972+0600] {logging_mixin.py:190} INFO - [2025-02-10T13:55:13.972+0600] {dag.py:4180} INFO - Setting next_dagrun for example_display_name to None, run_after=None
[2025-02-10T13:55:14.008+0600] {processor.py:208} INFO - Processing /home/shamim/airflow_git/Airflow_project/air_venv/lib/python3.12/site-packages/airflow/example_dags/example_display_name.py took 0.149 seconds
[2025-02-10T13:56:31.681+0600] {processor.py:186} INFO - Started process (PID=21943) to work on /home/shamim/airflow_git/Airflow_project/air_venv/lib/python3.12/site-packages/airflow/example_dags/example_display_name.py
[2025-02-10T13:56:31.687+0600] {processor.py:914} INFO - Processing file /home/shamim/airflow_git/Airflow_project/air_venv/lib/python3.12/site-packages/airflow/example_dags/example_display_name.py for tasks to queue
[2025-02-10T13:56:31.689+0600] {logging_mixin.py:190} INFO - [2025-02-10T13:56:31.688+0600] {dagbag.py:588} INFO - Filling up the DagBag from /home/shamim/airflow_git/Airflow_project/air_venv/lib/python3.12/site-packages/airflow/example_dags/example_display_name.py
[2025-02-10T13:56:31.700+0600] {processor.py:925} INFO - DAG(s) 'example_display_name' retrieved from /home/shamim/airflow_git/Airflow_project/air_venv/lib/python3.12/site-packages/airflow/example_dags/example_display_name.py
[2025-02-10T13:56:31.720+0600] {logging_mixin.py:190} INFO - [2025-02-10T13:56:31.719+0600] {dag.py:3239} INFO - Sync 1 DAGs
[2025-02-10T13:56:31.737+0600] {logging_mixin.py:190} INFO - [2025-02-10T13:56:31.736+0600] {dag.py:4180} INFO - Setting next_dagrun for example_display_name to None, run_after=None
[2025-02-10T13:56:31.772+0600] {processor.py:208} INFO - Processing /home/shamim/airflow_git/Airflow_project/air_venv/lib/python3.12/site-packages/airflow/example_dags/example_display_name.py took 0.105 seconds
[2025-02-10T13:58:02.114+0600] {processor.py:186} INFO - Started process (PID=22167) to work on /home/shamim/airflow_git/Airflow_project/air_venv/lib/python3.12/site-packages/airflow/example_dags/example_display_name.py
[2025-02-10T13:58:02.128+0600] {processor.py:914} INFO - Processing file /home/shamim/airflow_git/Airflow_project/air_venv/lib/python3.12/site-packages/airflow/example_dags/example_display_name.py for tasks to queue
[2025-02-10T13:58:02.130+0600] {logging_mixin.py:190} INFO - [2025-02-10T13:58:02.129+0600] {dagbag.py:588} INFO - Filling up the DagBag from /home/shamim/airflow_git/Airflow_project/air_venv/lib/python3.12/site-packages/airflow/example_dags/example_display_name.py
[2025-02-10T13:58:02.143+0600] {processor.py:925} INFO - DAG(s) 'example_display_name' retrieved from /home/shamim/airflow_git/Airflow_project/air_venv/lib/python3.12/site-packages/airflow/example_dags/example_display_name.py
[2025-02-10T13:58:02.160+0600] {logging_mixin.py:190} INFO - [2025-02-10T13:58:02.160+0600] {dag.py:3239} INFO - Sync 1 DAGs
[2025-02-10T13:58:02.176+0600] {logging_mixin.py:190} INFO - [2025-02-10T13:58:02.176+0600] {dag.py:4180} INFO - Setting next_dagrun for example_display_name to None, run_after=None
[2025-02-10T13:58:02.198+0600] {processor.py:208} INFO - Processing /home/shamim/airflow_git/Airflow_project/air_venv/lib/python3.12/site-packages/airflow/example_dags/example_display_name.py took 0.098 seconds
[2025-02-10T13:59:15.375+0600] {processor.py:186} INFO - Started process (PID=22311) to work on /home/shamim/airflow_git/Airflow_project/air_venv/lib/python3.12/site-packages/airflow/example_dags/example_display_name.py
[2025-02-10T13:59:15.381+0600] {processor.py:914} INFO - Processing file /home/shamim/airflow_git/Airflow_project/air_venv/lib/python3.12/site-packages/airflow/example_dags/example_display_name.py for tasks to queue
[2025-02-10T13:59:15.383+0600] {logging_mixin.py:190} INFO - [2025-02-10T13:59:15.382+0600] {dagbag.py:588} INFO - Filling up the DagBag from /home/shamim/airflow_git/Airflow_project/air_venv/lib/python3.12/site-packages/airflow/example_dags/example_display_name.py
[2025-02-10T13:59:15.394+0600] {processor.py:925} INFO - DAG(s) 'example_display_name' retrieved from /home/shamim/airflow_git/Airflow_project/air_venv/lib/python3.12/site-packages/airflow/example_dags/example_display_name.py
[2025-02-10T13:59:15.411+0600] {logging_mixin.py:190} INFO - [2025-02-10T13:59:15.411+0600] {dag.py:3239} INFO - Sync 1 DAGs
[2025-02-10T13:59:15.428+0600] {logging_mixin.py:190} INFO - [2025-02-10T13:59:15.427+0600] {dag.py:4180} INFO - Setting next_dagrun for example_display_name to None, run_after=None
[2025-02-10T13:59:15.452+0600] {processor.py:208} INFO - Processing /home/shamim/airflow_git/Airflow_project/air_venv/lib/python3.12/site-packages/airflow/example_dags/example_display_name.py took 0.090 seconds
[2025-02-10T14:00:24.852+0600] {processor.py:186} INFO - Started process (PID=22516) to work on /home/shamim/airflow_git/Airflow_project/air_venv/lib/python3.12/site-packages/airflow/example_dags/example_display_name.py
[2025-02-10T14:00:24.858+0600] {processor.py:914} INFO - Processing file /home/shamim/airflow_git/Airflow_project/air_venv/lib/python3.12/site-packages/airflow/example_dags/example_display_name.py for tasks to queue
[2025-02-10T14:00:24.860+0600] {logging_mixin.py:190} INFO - [2025-02-10T14:00:24.859+0600] {dagbag.py:588} INFO - Filling up the DagBag from /home/shamim/airflow_git/Airflow_project/air_venv/lib/python3.12/site-packages/airflow/example_dags/example_display_name.py
[2025-02-10T14:00:24.869+0600] {processor.py:925} INFO - DAG(s) 'example_display_name' retrieved from /home/shamim/airflow_git/Airflow_project/air_venv/lib/python3.12/site-packages/airflow/example_dags/example_display_name.py
[2025-02-10T14:00:24.886+0600] {logging_mixin.py:190} INFO - [2025-02-10T14:00:24.886+0600] {dag.py:3239} INFO - Sync 1 DAGs
[2025-02-10T14:00:24.902+0600] {logging_mixin.py:190} INFO - [2025-02-10T14:00:24.902+0600] {dag.py:4180} INFO - Setting next_dagrun for example_display_name to None, run_after=None
[2025-02-10T14:00:24.928+0600] {processor.py:208} INFO - Processing /home/shamim/airflow_git/Airflow_project/air_venv/lib/python3.12/site-packages/airflow/example_dags/example_display_name.py took 0.085 seconds
[2025-02-10T14:02:28.853+0600] {processor.py:186} INFO - Started process (PID=23176) to work on /home/shamim/airflow_git/Airflow_project/air_venv/lib/python3.12/site-packages/airflow/example_dags/example_display_name.py
[2025-02-10T14:02:28.859+0600] {processor.py:914} INFO - Processing file /home/shamim/airflow_git/Airflow_project/air_venv/lib/python3.12/site-packages/airflow/example_dags/example_display_name.py for tasks to queue
[2025-02-10T14:02:28.863+0600] {logging_mixin.py:190} INFO - [2025-02-10T14:02:28.862+0600] {dagbag.py:588} INFO - Filling up the DagBag from /home/shamim/airflow_git/Airflow_project/air_venv/lib/python3.12/site-packages/airflow/example_dags/example_display_name.py
[2025-02-10T14:02:28.871+0600] {processor.py:925} INFO - DAG(s) 'example_display_name' retrieved from /home/shamim/airflow_git/Airflow_project/air_venv/lib/python3.12/site-packages/airflow/example_dags/example_display_name.py
[2025-02-10T14:02:28.891+0600] {logging_mixin.py:190} INFO - [2025-02-10T14:02:28.890+0600] {dag.py:3239} INFO - Sync 1 DAGs
[2025-02-10T14:02:28.906+0600] {logging_mixin.py:190} INFO - [2025-02-10T14:02:28.906+0600] {dag.py:4180} INFO - Setting next_dagrun for example_display_name to None, run_after=None
[2025-02-10T14:02:28.935+0600] {processor.py:208} INFO - Processing /home/shamim/airflow_git/Airflow_project/air_venv/lib/python3.12/site-packages/airflow/example_dags/example_display_name.py took 0.093 seconds
[2025-02-10T14:03:51.596+0600] {processor.py:186} INFO - Started process (PID=23557) to work on /home/shamim/airflow_git/Airflow_project/air_venv/lib/python3.12/site-packages/airflow/example_dags/example_display_name.py
[2025-02-10T14:03:51.603+0600] {processor.py:914} INFO - Processing file /home/shamim/airflow_git/Airflow_project/air_venv/lib/python3.12/site-packages/airflow/example_dags/example_display_name.py for tasks to queue
[2025-02-10T14:03:51.607+0600] {logging_mixin.py:190} INFO - [2025-02-10T14:03:51.606+0600] {dagbag.py:588} INFO - Filling up the DagBag from /home/shamim/airflow_git/Airflow_project/air_venv/lib/python3.12/site-packages/airflow/example_dags/example_display_name.py
[2025-02-10T14:03:51.618+0600] {processor.py:925} INFO - DAG(s) 'example_display_name' retrieved from /home/shamim/airflow_git/Airflow_project/air_venv/lib/python3.12/site-packages/airflow/example_dags/example_display_name.py
[2025-02-10T14:03:51.640+0600] {logging_mixin.py:190} INFO - [2025-02-10T14:03:51.639+0600] {dag.py:3239} INFO - Sync 1 DAGs
[2025-02-10T14:03:51.657+0600] {logging_mixin.py:190} INFO - [2025-02-10T14:03:51.656+0600] {dag.py:4180} INFO - Setting next_dagrun for example_display_name to None, run_after=None
[2025-02-10T14:03:51.681+0600] {processor.py:208} INFO - Processing /home/shamim/airflow_git/Airflow_project/air_venv/lib/python3.12/site-packages/airflow/example_dags/example_display_name.py took 0.094 seconds
[2025-02-10T14:05:21.179+0600] {processor.py:186} INFO - Started process (PID=24253) to work on /home/shamim/airflow_git/Airflow_project/air_venv/lib/python3.12/site-packages/airflow/example_dags/example_display_name.py
[2025-02-10T14:05:21.186+0600] {processor.py:914} INFO - Processing file /home/shamim/airflow_git/Airflow_project/air_venv/lib/python3.12/site-packages/airflow/example_dags/example_display_name.py for tasks to queue
[2025-02-10T14:05:21.189+0600] {logging_mixin.py:190} INFO - [2025-02-10T14:05:21.189+0600] {dagbag.py:588} INFO - Filling up the DagBag from /home/shamim/airflow_git/Airflow_project/air_venv/lib/python3.12/site-packages/airflow/example_dags/example_display_name.py
[2025-02-10T14:05:21.200+0600] {processor.py:925} INFO - DAG(s) 'example_display_name' retrieved from /home/shamim/airflow_git/Airflow_project/air_venv/lib/python3.12/site-packages/airflow/example_dags/example_display_name.py
[2025-02-10T14:05:21.220+0600] {logging_mixin.py:190} INFO - [2025-02-10T14:05:21.220+0600] {dag.py:3239} INFO - Sync 1 DAGs
[2025-02-10T14:05:21.238+0600] {logging_mixin.py:190} INFO - [2025-02-10T14:05:21.238+0600] {dag.py:4180} INFO - Setting next_dagrun for example_display_name to None, run_after=None
[2025-02-10T14:05:21.276+0600] {processor.py:208} INFO - Processing /home/shamim/airflow_git/Airflow_project/air_venv/lib/python3.12/site-packages/airflow/example_dags/example_display_name.py took 0.106 seconds
