[2025-02-10T12:59:31.141+0600] {processor.py:186} INFO - Started process (PID=12925) to work on /home/shamim/airflow_git/Airflow_project/air_venv/lib/python3.12/site-packages/airflow/example_dags/example_python_operator.py
[2025-02-10T12:59:31.142+0600] {processor.py:914} INFO - Processing file /home/shamim/airflow_git/Airflow_project/air_venv/lib/python3.12/site-packages/airflow/example_dags/example_python_operator.py for tasks to queue
[2025-02-10T12:59:31.145+0600] {logging_mixin.py:190} INFO - [2025-02-10T12:59:31.145+0600] {dagbag.py:588} INFO - Filling up the DagBag from /home/shamim/airflow_git/Airflow_project/air_venv/lib/python3.12/site-packages/airflow/example_dags/example_python_operator.py
[2025-02-10T12:59:31.155+0600] {logging_mixin.py:190} INFO - [2025-02-10T12:59:31.155+0600] {example_python_operator.py:93} WARNING - The virtalenv_python example task requires virtualenv, please install it.
[2025-02-10T12:59:31.158+0600] {processor.py:925} INFO - DAG(s) 'example_python_operator' retrieved from /home/shamim/airflow_git/Airflow_project/air_venv/lib/python3.12/site-packages/airflow/example_dags/example_python_operator.py
[2025-02-10T12:59:31.293+0600] {logging_mixin.py:190} INFO - [2025-02-10T12:59:31.293+0600] {override.py:1930} INFO - Created Permission View: can delete on DAG:example_python_operator
[2025-02-10T12:59:31.309+0600] {logging_mixin.py:190} INFO - [2025-02-10T12:59:31.309+0600] {override.py:1930} INFO - Created Permission View: can edit on DAG:example_python_operator
[2025-02-10T12:59:31.318+0600] {logging_mixin.py:190} INFO - [2025-02-10T12:59:31.318+0600] {override.py:1930} INFO - Created Permission View: can read on DAG:example_python_operator
[2025-02-10T12:59:31.332+0600] {logging_mixin.py:190} INFO - [2025-02-10T12:59:31.332+0600] {override.py:1930} INFO - Created Permission View: can delete on DAG Run:example_python_operator
[2025-02-10T12:59:31.342+0600] {logging_mixin.py:190} INFO - [2025-02-10T12:59:31.341+0600] {override.py:1930} INFO - Created Permission View: can read on DAG Run:example_python_operator
[2025-02-10T12:59:31.349+0600] {logging_mixin.py:190} INFO - [2025-02-10T12:59:31.349+0600] {override.py:1930} INFO - Created Permission View: can create on DAG Run:example_python_operator
[2025-02-10T12:59:31.360+0600] {logging_mixin.py:190} INFO - [2025-02-10T12:59:31.360+0600] {override.py:1930} INFO - Created Permission View: menu access on DAG Run:example_python_operator
[2025-02-10T12:59:31.361+0600] {logging_mixin.py:190} INFO - [2025-02-10T12:59:31.361+0600] {dag.py:3239} INFO - Sync 1 DAGs
[2025-02-10T12:59:31.382+0600] {logging_mixin.py:190} INFO - [2025-02-10T12:59:31.381+0600] {dag.py:3262} INFO - Creating ORM DAG for example_python_operator
[2025-02-10T12:59:31.382+0600] {logging_mixin.py:190} INFO - [2025-02-10T12:59:31.382+0600] {dag.py:4180} INFO - Setting next_dagrun for example_python_operator to None, run_after=None
[2025-02-10T12:59:31.411+0600] {processor.py:208} INFO - Processing /home/shamim/airflow_git/Airflow_project/air_venv/lib/python3.12/site-packages/airflow/example_dags/example_python_operator.py took 0.277 seconds
[2025-02-10T13:00:48.900+0600] {processor.py:186} INFO - Started process (PID=13518) to work on /home/shamim/airflow_git/Airflow_project/air_venv/lib/python3.12/site-packages/airflow/example_dags/example_python_operator.py
[2025-02-10T13:00:48.907+0600] {processor.py:914} INFO - Processing file /home/shamim/airflow_git/Airflow_project/air_venv/lib/python3.12/site-packages/airflow/example_dags/example_python_operator.py for tasks to queue
[2025-02-10T13:00:48.910+0600] {logging_mixin.py:190} INFO - [2025-02-10T13:00:48.909+0600] {dagbag.py:588} INFO - Filling up the DagBag from /home/shamim/airflow_git/Airflow_project/air_venv/lib/python3.12/site-packages/airflow/example_dags/example_python_operator.py
[2025-02-10T13:00:48.919+0600] {logging_mixin.py:190} INFO - [2025-02-10T13:00:48.918+0600] {example_python_operator.py:93} WARNING - The virtalenv_python example task requires virtualenv, please install it.
[2025-02-10T13:00:48.922+0600] {processor.py:925} INFO - DAG(s) 'example_python_operator' retrieved from /home/shamim/airflow_git/Airflow_project/air_venv/lib/python3.12/site-packages/airflow/example_dags/example_python_operator.py
[2025-02-10T13:00:48.941+0600] {logging_mixin.py:190} INFO - [2025-02-10T13:00:48.940+0600] {dag.py:3239} INFO - Sync 1 DAGs
[2025-02-10T13:00:48.956+0600] {logging_mixin.py:190} INFO - [2025-02-10T13:00:48.955+0600] {dag.py:4180} INFO - Setting next_dagrun for example_python_operator to None, run_after=None
[2025-02-10T13:00:48.982+0600] {processor.py:208} INFO - Processing /home/shamim/airflow_git/Airflow_project/air_venv/lib/python3.12/site-packages/airflow/example_dags/example_python_operator.py took 0.089 seconds
[2025-02-10T13:02:00.254+0600] {processor.py:186} INFO - Started process (PID=13639) to work on /home/shamim/airflow_git/Airflow_project/air_venv/lib/python3.12/site-packages/airflow/example_dags/example_python_operator.py
[2025-02-10T13:02:00.261+0600] {processor.py:914} INFO - Processing file /home/shamim/airflow_git/Airflow_project/air_venv/lib/python3.12/site-packages/airflow/example_dags/example_python_operator.py for tasks to queue
[2025-02-10T13:02:00.263+0600] {logging_mixin.py:190} INFO - [2025-02-10T13:02:00.263+0600] {dagbag.py:588} INFO - Filling up the DagBag from /home/shamim/airflow_git/Airflow_project/air_venv/lib/python3.12/site-packages/airflow/example_dags/example_python_operator.py
[2025-02-10T13:02:00.276+0600] {logging_mixin.py:190} INFO - [2025-02-10T13:02:00.276+0600] {example_python_operator.py:93} WARNING - The virtalenv_python example task requires virtualenv, please install it.
[2025-02-10T13:02:00.281+0600] {processor.py:925} INFO - DAG(s) 'example_python_operator' retrieved from /home/shamim/airflow_git/Airflow_project/air_venv/lib/python3.12/site-packages/airflow/example_dags/example_python_operator.py
[2025-02-10T13:02:00.312+0600] {logging_mixin.py:190} INFO - [2025-02-10T13:02:00.312+0600] {dag.py:3239} INFO - Sync 1 DAGs
[2025-02-10T13:02:00.335+0600] {logging_mixin.py:190} INFO - [2025-02-10T13:02:00.335+0600] {dag.py:4180} INFO - Setting next_dagrun for example_python_operator to None, run_after=None
[2025-02-10T13:02:00.368+0600] {processor.py:208} INFO - Processing /home/shamim/airflow_git/Airflow_project/air_venv/lib/python3.12/site-packages/airflow/example_dags/example_python_operator.py took 0.123 seconds
[2025-02-10T13:03:07.501+0600] {processor.py:186} INFO - Started process (PID=13785) to work on /home/shamim/airflow_git/Airflow_project/air_venv/lib/python3.12/site-packages/airflow/example_dags/example_python_operator.py
[2025-02-10T13:03:07.506+0600] {processor.py:914} INFO - Processing file /home/shamim/airflow_git/Airflow_project/air_venv/lib/python3.12/site-packages/airflow/example_dags/example_python_operator.py for tasks to queue
[2025-02-10T13:03:07.509+0600] {logging_mixin.py:190} INFO - [2025-02-10T13:03:07.509+0600] {dagbag.py:588} INFO - Filling up the DagBag from /home/shamim/airflow_git/Airflow_project/air_venv/lib/python3.12/site-packages/airflow/example_dags/example_python_operator.py
[2025-02-10T13:03:07.519+0600] {logging_mixin.py:190} INFO - [2025-02-10T13:03:07.519+0600] {example_python_operator.py:93} WARNING - The virtalenv_python example task requires virtualenv, please install it.
[2025-02-10T13:03:07.523+0600] {processor.py:925} INFO - DAG(s) 'example_python_operator' retrieved from /home/shamim/airflow_git/Airflow_project/air_venv/lib/python3.12/site-packages/airflow/example_dags/example_python_operator.py
[2025-02-10T13:03:07.542+0600] {logging_mixin.py:190} INFO - [2025-02-10T13:03:07.541+0600] {dag.py:3239} INFO - Sync 1 DAGs
[2025-02-10T13:03:07.557+0600] {logging_mixin.py:190} INFO - [2025-02-10T13:03:07.557+0600] {dag.py:4180} INFO - Setting next_dagrun for example_python_operator to None, run_after=None
[2025-02-10T13:03:07.581+0600] {processor.py:208} INFO - Processing /home/shamim/airflow_git/Airflow_project/air_venv/lib/python3.12/site-packages/airflow/example_dags/example_python_operator.py took 0.089 seconds
[2025-02-10T13:04:15.212+0600] {processor.py:186} INFO - Started process (PID=13987) to work on /home/shamim/airflow_git/Airflow_project/air_venv/lib/python3.12/site-packages/airflow/example_dags/example_python_operator.py
[2025-02-10T13:04:15.217+0600] {processor.py:914} INFO - Processing file /home/shamim/airflow_git/Airflow_project/air_venv/lib/python3.12/site-packages/airflow/example_dags/example_python_operator.py for tasks to queue
[2025-02-10T13:04:15.223+0600] {logging_mixin.py:190} INFO - [2025-02-10T13:04:15.222+0600] {dagbag.py:588} INFO - Filling up the DagBag from /home/shamim/airflow_git/Airflow_project/air_venv/lib/python3.12/site-packages/airflow/example_dags/example_python_operator.py
[2025-02-10T13:04:15.246+0600] {logging_mixin.py:190} INFO - [2025-02-10T13:04:15.246+0600] {example_python_operator.py:93} WARNING - The virtalenv_python example task requires virtualenv, please install it.
[2025-02-10T13:04:15.253+0600] {processor.py:925} INFO - DAG(s) 'example_python_operator' retrieved from /home/shamim/airflow_git/Airflow_project/air_venv/lib/python3.12/site-packages/airflow/example_dags/example_python_operator.py
[2025-02-10T13:04:15.282+0600] {logging_mixin.py:190} INFO - [2025-02-10T13:04:15.282+0600] {dag.py:3239} INFO - Sync 1 DAGs
[2025-02-10T13:04:15.297+0600] {logging_mixin.py:190} INFO - [2025-02-10T13:04:15.296+0600] {dag.py:4180} INFO - Setting next_dagrun for example_python_operator to None, run_after=None
[2025-02-10T13:04:15.319+0600] {processor.py:208} INFO - Processing /home/shamim/airflow_git/Airflow_project/air_venv/lib/python3.12/site-packages/airflow/example_dags/example_python_operator.py took 0.123 seconds
[2025-02-10T13:05:21.636+0600] {processor.py:186} INFO - Started process (PID=14083) to work on /home/shamim/airflow_git/Airflow_project/air_venv/lib/python3.12/site-packages/airflow/example_dags/example_python_operator.py
[2025-02-10T13:05:21.642+0600] {processor.py:914} INFO - Processing file /home/shamim/airflow_git/Airflow_project/air_venv/lib/python3.12/site-packages/airflow/example_dags/example_python_operator.py for tasks to queue
[2025-02-10T13:05:21.645+0600] {logging_mixin.py:190} INFO - [2025-02-10T13:05:21.645+0600] {dagbag.py:588} INFO - Filling up the DagBag from /home/shamim/airflow_git/Airflow_project/air_venv/lib/python3.12/site-packages/airflow/example_dags/example_python_operator.py
[2025-02-10T13:05:21.654+0600] {logging_mixin.py:190} INFO - [2025-02-10T13:05:21.654+0600] {example_python_operator.py:93} WARNING - The virtalenv_python example task requires virtualenv, please install it.
[2025-02-10T13:05:21.658+0600] {processor.py:925} INFO - DAG(s) 'example_python_operator' retrieved from /home/shamim/airflow_git/Airflow_project/air_venv/lib/python3.12/site-packages/airflow/example_dags/example_python_operator.py
[2025-02-10T13:05:21.676+0600] {logging_mixin.py:190} INFO - [2025-02-10T13:05:21.676+0600] {dag.py:3239} INFO - Sync 1 DAGs
[2025-02-10T13:05:21.691+0600] {logging_mixin.py:190} INFO - [2025-02-10T13:05:21.691+0600] {dag.py:4180} INFO - Setting next_dagrun for example_python_operator to None, run_after=None
[2025-02-10T13:05:21.716+0600] {processor.py:208} INFO - Processing /home/shamim/airflow_git/Airflow_project/air_venv/lib/python3.12/site-packages/airflow/example_dags/example_python_operator.py took 0.087 seconds
[2025-02-10T13:06:30.247+0600] {processor.py:186} INFO - Started process (PID=14219) to work on /home/shamim/airflow_git/Airflow_project/air_venv/lib/python3.12/site-packages/airflow/example_dags/example_python_operator.py
[2025-02-10T13:06:30.253+0600] {processor.py:914} INFO - Processing file /home/shamim/airflow_git/Airflow_project/air_venv/lib/python3.12/site-packages/airflow/example_dags/example_python_operator.py for tasks to queue
[2025-02-10T13:06:30.256+0600] {logging_mixin.py:190} INFO - [2025-02-10T13:06:30.256+0600] {dagbag.py:588} INFO - Filling up the DagBag from /home/shamim/airflow_git/Airflow_project/air_venv/lib/python3.12/site-packages/airflow/example_dags/example_python_operator.py
[2025-02-10T13:06:30.265+0600] {logging_mixin.py:190} INFO - [2025-02-10T13:06:30.265+0600] {example_python_operator.py:93} WARNING - The virtalenv_python example task requires virtualenv, please install it.
[2025-02-10T13:06:30.269+0600] {processor.py:925} INFO - DAG(s) 'example_python_operator' retrieved from /home/shamim/airflow_git/Airflow_project/air_venv/lib/python3.12/site-packages/airflow/example_dags/example_python_operator.py
[2025-02-10T13:06:30.288+0600] {logging_mixin.py:190} INFO - [2025-02-10T13:06:30.288+0600] {dag.py:3239} INFO - Sync 1 DAGs
[2025-02-10T13:06:30.303+0600] {logging_mixin.py:190} INFO - [2025-02-10T13:06:30.302+0600] {dag.py:4180} INFO - Setting next_dagrun for example_python_operator to None, run_after=None
[2025-02-10T13:06:30.326+0600] {processor.py:208} INFO - Processing /home/shamim/airflow_git/Airflow_project/air_venv/lib/python3.12/site-packages/airflow/example_dags/example_python_operator.py took 0.087 seconds
[2025-02-10T13:07:44.358+0600] {processor.py:186} INFO - Started process (PID=14447) to work on /home/shamim/airflow_git/Airflow_project/air_venv/lib/python3.12/site-packages/airflow/example_dags/example_python_operator.py
[2025-02-10T13:07:44.363+0600] {processor.py:914} INFO - Processing file /home/shamim/airflow_git/Airflow_project/air_venv/lib/python3.12/site-packages/airflow/example_dags/example_python_operator.py for tasks to queue
[2025-02-10T13:07:44.366+0600] {logging_mixin.py:190} INFO - [2025-02-10T13:07:44.365+0600] {dagbag.py:588} INFO - Filling up the DagBag from /home/shamim/airflow_git/Airflow_project/air_venv/lib/python3.12/site-packages/airflow/example_dags/example_python_operator.py
[2025-02-10T13:07:44.377+0600] {logging_mixin.py:190} INFO - [2025-02-10T13:07:44.377+0600] {example_python_operator.py:93} WARNING - The virtalenv_python example task requires virtualenv, please install it.
[2025-02-10T13:07:44.381+0600] {processor.py:925} INFO - DAG(s) 'example_python_operator' retrieved from /home/shamim/airflow_git/Airflow_project/air_venv/lib/python3.12/site-packages/airflow/example_dags/example_python_operator.py
[2025-02-10T13:07:44.405+0600] {logging_mixin.py:190} INFO - [2025-02-10T13:07:44.404+0600] {dag.py:3239} INFO - Sync 1 DAGs
[2025-02-10T13:07:44.434+0600] {logging_mixin.py:190} INFO - [2025-02-10T13:07:44.434+0600] {dag.py:4180} INFO - Setting next_dagrun for example_python_operator to None, run_after=None
[2025-02-10T13:07:44.479+0600] {processor.py:208} INFO - Processing /home/shamim/airflow_git/Airflow_project/air_venv/lib/python3.12/site-packages/airflow/example_dags/example_python_operator.py took 0.131 seconds
[2025-02-10T13:08:56.473+0600] {processor.py:186} INFO - Started process (PID=14594) to work on /home/shamim/airflow_git/Airflow_project/air_venv/lib/python3.12/site-packages/airflow/example_dags/example_python_operator.py
[2025-02-10T13:08:56.476+0600] {processor.py:914} INFO - Processing file /home/shamim/airflow_git/Airflow_project/air_venv/lib/python3.12/site-packages/airflow/example_dags/example_python_operator.py for tasks to queue
[2025-02-10T13:08:56.479+0600] {logging_mixin.py:190} INFO - [2025-02-10T13:08:56.479+0600] {dagbag.py:588} INFO - Filling up the DagBag from /home/shamim/airflow_git/Airflow_project/air_venv/lib/python3.12/site-packages/airflow/example_dags/example_python_operator.py
[2025-02-10T13:08:56.489+0600] {logging_mixin.py:190} INFO - [2025-02-10T13:08:56.488+0600] {example_python_operator.py:93} WARNING - The virtalenv_python example task requires virtualenv, please install it.
[2025-02-10T13:08:56.492+0600] {processor.py:925} INFO - DAG(s) 'example_python_operator' retrieved from /home/shamim/airflow_git/Airflow_project/air_venv/lib/python3.12/site-packages/airflow/example_dags/example_python_operator.py
[2025-02-10T13:08:56.511+0600] {logging_mixin.py:190} INFO - [2025-02-10T13:08:56.510+0600] {dag.py:3239} INFO - Sync 1 DAGs
[2025-02-10T13:08:56.525+0600] {logging_mixin.py:190} INFO - [2025-02-10T13:08:56.525+0600] {dag.py:4180} INFO - Setting next_dagrun for example_python_operator to None, run_after=None
[2025-02-10T13:08:56.547+0600] {processor.py:208} INFO - Processing /home/shamim/airflow_git/Airflow_project/air_venv/lib/python3.12/site-packages/airflow/example_dags/example_python_operator.py took 0.082 seconds
[2025-02-10T13:10:01.883+0600] {processor.py:186} INFO - Started process (PID=14815) to work on /home/shamim/airflow_git/Airflow_project/air_venv/lib/python3.12/site-packages/airflow/example_dags/example_python_operator.py
[2025-02-10T13:10:01.890+0600] {processor.py:914} INFO - Processing file /home/shamim/airflow_git/Airflow_project/air_venv/lib/python3.12/site-packages/airflow/example_dags/example_python_operator.py for tasks to queue
[2025-02-10T13:10:01.893+0600] {logging_mixin.py:190} INFO - [2025-02-10T13:10:01.892+0600] {dagbag.py:588} INFO - Filling up the DagBag from /home/shamim/airflow_git/Airflow_project/air_venv/lib/python3.12/site-packages/airflow/example_dags/example_python_operator.py
[2025-02-10T13:10:01.902+0600] {logging_mixin.py:190} INFO - [2025-02-10T13:10:01.902+0600] {example_python_operator.py:93} WARNING - The virtalenv_python example task requires virtualenv, please install it.
[2025-02-10T13:10:01.905+0600] {processor.py:925} INFO - DAG(s) 'example_python_operator' retrieved from /home/shamim/airflow_git/Airflow_project/air_venv/lib/python3.12/site-packages/airflow/example_dags/example_python_operator.py
[2025-02-10T13:10:01.925+0600] {logging_mixin.py:190} INFO - [2025-02-10T13:10:01.924+0600] {dag.py:3239} INFO - Sync 1 DAGs
[2025-02-10T13:10:01.939+0600] {logging_mixin.py:190} INFO - [2025-02-10T13:10:01.939+0600] {dag.py:4180} INFO - Setting next_dagrun for example_python_operator to None, run_after=None
[2025-02-10T13:10:01.963+0600] {processor.py:208} INFO - Processing /home/shamim/airflow_git/Airflow_project/air_venv/lib/python3.12/site-packages/airflow/example_dags/example_python_operator.py took 0.090 seconds
[2025-02-10T13:11:16.336+0600] {processor.py:186} INFO - Started process (PID=14908) to work on /home/shamim/airflow_git/Airflow_project/air_venv/lib/python3.12/site-packages/airflow/example_dags/example_python_operator.py
[2025-02-10T13:11:16.341+0600] {processor.py:914} INFO - Processing file /home/shamim/airflow_git/Airflow_project/air_venv/lib/python3.12/site-packages/airflow/example_dags/example_python_operator.py for tasks to queue
[2025-02-10T13:11:16.347+0600] {logging_mixin.py:190} INFO - [2025-02-10T13:11:16.346+0600] {dagbag.py:588} INFO - Filling up the DagBag from /home/shamim/airflow_git/Airflow_project/air_venv/lib/python3.12/site-packages/airflow/example_dags/example_python_operator.py
[2025-02-10T13:11:16.363+0600] {logging_mixin.py:190} INFO - [2025-02-10T13:11:16.363+0600] {example_python_operator.py:93} WARNING - The virtalenv_python example task requires virtualenv, please install it.
[2025-02-10T13:11:16.368+0600] {processor.py:925} INFO - DAG(s) 'example_python_operator' retrieved from /home/shamim/airflow_git/Airflow_project/air_venv/lib/python3.12/site-packages/airflow/example_dags/example_python_operator.py
[2025-02-10T13:11:16.401+0600] {logging_mixin.py:190} INFO - [2025-02-10T13:11:16.400+0600] {dag.py:3239} INFO - Sync 1 DAGs
[2025-02-10T13:11:16.424+0600] {logging_mixin.py:190} INFO - [2025-02-10T13:11:16.424+0600] {dag.py:4180} INFO - Setting next_dagrun for example_python_operator to None, run_after=None
[2025-02-10T13:11:16.455+0600] {processor.py:208} INFO - Processing /home/shamim/airflow_git/Airflow_project/air_venv/lib/python3.12/site-packages/airflow/example_dags/example_python_operator.py took 0.143 seconds
[2025-02-10T13:12:33.717+0600] {processor.py:186} INFO - Started process (PID=15002) to work on /home/shamim/airflow_git/Airflow_project/air_venv/lib/python3.12/site-packages/airflow/example_dags/example_python_operator.py
[2025-02-10T13:12:33.725+0600] {processor.py:914} INFO - Processing file /home/shamim/airflow_git/Airflow_project/air_venv/lib/python3.12/site-packages/airflow/example_dags/example_python_operator.py for tasks to queue
[2025-02-10T13:12:33.735+0600] {logging_mixin.py:190} INFO - [2025-02-10T13:12:33.733+0600] {dagbag.py:588} INFO - Filling up the DagBag from /home/shamim/airflow_git/Airflow_project/air_venv/lib/python3.12/site-packages/airflow/example_dags/example_python_operator.py
[2025-02-10T13:12:33.765+0600] {logging_mixin.py:190} INFO - [2025-02-10T13:12:33.765+0600] {example_python_operator.py:93} WARNING - The virtalenv_python example task requires virtualenv, please install it.
[2025-02-10T13:12:33.770+0600] {processor.py:925} INFO - DAG(s) 'example_python_operator' retrieved from /home/shamim/airflow_git/Airflow_project/air_venv/lib/python3.12/site-packages/airflow/example_dags/example_python_operator.py
[2025-02-10T13:12:33.799+0600] {logging_mixin.py:190} INFO - [2025-02-10T13:12:33.799+0600] {dag.py:3239} INFO - Sync 1 DAGs
[2025-02-10T13:12:33.822+0600] {logging_mixin.py:190} INFO - [2025-02-10T13:12:33.821+0600] {dag.py:4180} INFO - Setting next_dagrun for example_python_operator to None, run_after=None
[2025-02-10T13:12:33.847+0600] {processor.py:208} INFO - Processing /home/shamim/airflow_git/Airflow_project/air_venv/lib/python3.12/site-packages/airflow/example_dags/example_python_operator.py took 0.145 seconds
[2025-02-10T13:13:49.506+0600] {processor.py:186} INFO - Started process (PID=15131) to work on /home/shamim/airflow_git/Airflow_project/air_venv/lib/python3.12/site-packages/airflow/example_dags/example_python_operator.py
[2025-02-10T13:13:49.512+0600] {processor.py:914} INFO - Processing file /home/shamim/airflow_git/Airflow_project/air_venv/lib/python3.12/site-packages/airflow/example_dags/example_python_operator.py for tasks to queue
[2025-02-10T13:13:49.515+0600] {logging_mixin.py:190} INFO - [2025-02-10T13:13:49.515+0600] {dagbag.py:588} INFO - Filling up the DagBag from /home/shamim/airflow_git/Airflow_project/air_venv/lib/python3.12/site-packages/airflow/example_dags/example_python_operator.py
[2025-02-10T13:13:49.524+0600] {logging_mixin.py:190} INFO - [2025-02-10T13:13:49.524+0600] {example_python_operator.py:93} WARNING - The virtalenv_python example task requires virtualenv, please install it.
[2025-02-10T13:13:49.528+0600] {processor.py:925} INFO - DAG(s) 'example_python_operator' retrieved from /home/shamim/airflow_git/Airflow_project/air_venv/lib/python3.12/site-packages/airflow/example_dags/example_python_operator.py
[2025-02-10T13:13:49.548+0600] {logging_mixin.py:190} INFO - [2025-02-10T13:13:49.548+0600] {dag.py:3239} INFO - Sync 1 DAGs
[2025-02-10T13:13:49.563+0600] {logging_mixin.py:190} INFO - [2025-02-10T13:13:49.563+0600] {dag.py:4180} INFO - Setting next_dagrun for example_python_operator to None, run_after=None
[2025-02-10T13:13:49.589+0600] {processor.py:208} INFO - Processing /home/shamim/airflow_git/Airflow_project/air_venv/lib/python3.12/site-packages/airflow/example_dags/example_python_operator.py took 0.094 seconds
[2025-02-10T13:14:58.576+0600] {processor.py:186} INFO - Started process (PID=15244) to work on /home/shamim/airflow_git/Airflow_project/air_venv/lib/python3.12/site-packages/airflow/example_dags/example_python_operator.py
[2025-02-10T13:14:58.580+0600] {processor.py:914} INFO - Processing file /home/shamim/airflow_git/Airflow_project/air_venv/lib/python3.12/site-packages/airflow/example_dags/example_python_operator.py for tasks to queue
[2025-02-10T13:14:58.584+0600] {logging_mixin.py:190} INFO - [2025-02-10T13:14:58.583+0600] {dagbag.py:588} INFO - Filling up the DagBag from /home/shamim/airflow_git/Airflow_project/air_venv/lib/python3.12/site-packages/airflow/example_dags/example_python_operator.py
[2025-02-10T13:14:58.594+0600] {logging_mixin.py:190} INFO - [2025-02-10T13:14:58.594+0600] {example_python_operator.py:93} WARNING - The virtalenv_python example task requires virtualenv, please install it.
[2025-02-10T13:14:58.597+0600] {processor.py:925} INFO - DAG(s) 'example_python_operator' retrieved from /home/shamim/airflow_git/Airflow_project/air_venv/lib/python3.12/site-packages/airflow/example_dags/example_python_operator.py
[2025-02-10T13:14:58.616+0600] {logging_mixin.py:190} INFO - [2025-02-10T13:14:58.616+0600] {dag.py:3239} INFO - Sync 1 DAGs
[2025-02-10T13:14:58.632+0600] {logging_mixin.py:190} INFO - [2025-02-10T13:14:58.631+0600] {dag.py:4180} INFO - Setting next_dagrun for example_python_operator to None, run_after=None
[2025-02-10T13:14:58.654+0600] {processor.py:208} INFO - Processing /home/shamim/airflow_git/Airflow_project/air_venv/lib/python3.12/site-packages/airflow/example_dags/example_python_operator.py took 0.090 seconds
[2025-02-10T13:16:06.257+0600] {processor.py:186} INFO - Started process (PID=15341) to work on /home/shamim/airflow_git/Airflow_project/air_venv/lib/python3.12/site-packages/airflow/example_dags/example_python_operator.py
[2025-02-10T13:16:06.263+0600] {processor.py:914} INFO - Processing file /home/shamim/airflow_git/Airflow_project/air_venv/lib/python3.12/site-packages/airflow/example_dags/example_python_operator.py for tasks to queue
[2025-02-10T13:16:06.267+0600] {logging_mixin.py:190} INFO - [2025-02-10T13:16:06.267+0600] {dagbag.py:588} INFO - Filling up the DagBag from /home/shamim/airflow_git/Airflow_project/air_venv/lib/python3.12/site-packages/airflow/example_dags/example_python_operator.py
[2025-02-10T13:16:06.281+0600] {logging_mixin.py:190} INFO - [2025-02-10T13:16:06.281+0600] {example_python_operator.py:93} WARNING - The virtalenv_python example task requires virtualenv, please install it.
[2025-02-10T13:16:06.285+0600] {processor.py:925} INFO - DAG(s) 'example_python_operator' retrieved from /home/shamim/airflow_git/Airflow_project/air_venv/lib/python3.12/site-packages/airflow/example_dags/example_python_operator.py
[2025-02-10T13:16:06.317+0600] {logging_mixin.py:190} INFO - [2025-02-10T13:16:06.317+0600] {dag.py:3239} INFO - Sync 1 DAGs
[2025-02-10T13:16:06.341+0600] {logging_mixin.py:190} INFO - [2025-02-10T13:16:06.341+0600] {dag.py:4180} INFO - Setting next_dagrun for example_python_operator to None, run_after=None
[2025-02-10T13:16:06.383+0600] {processor.py:208} INFO - Processing /home/shamim/airflow_git/Airflow_project/air_venv/lib/python3.12/site-packages/airflow/example_dags/example_python_operator.py took 0.138 seconds
[2025-02-10T13:17:15.484+0600] {processor.py:186} INFO - Started process (PID=15431) to work on /home/shamim/airflow_git/Airflow_project/air_venv/lib/python3.12/site-packages/airflow/example_dags/example_python_operator.py
[2025-02-10T13:17:15.491+0600] {processor.py:914} INFO - Processing file /home/shamim/airflow_git/Airflow_project/air_venv/lib/python3.12/site-packages/airflow/example_dags/example_python_operator.py for tasks to queue
[2025-02-10T13:17:15.494+0600] {logging_mixin.py:190} INFO - [2025-02-10T13:17:15.493+0600] {dagbag.py:588} INFO - Filling up the DagBag from /home/shamim/airflow_git/Airflow_project/air_venv/lib/python3.12/site-packages/airflow/example_dags/example_python_operator.py
[2025-02-10T13:17:15.502+0600] {logging_mixin.py:190} INFO - [2025-02-10T13:17:15.502+0600] {example_python_operator.py:93} WARNING - The virtalenv_python example task requires virtualenv, please install it.
[2025-02-10T13:17:15.505+0600] {processor.py:925} INFO - DAG(s) 'example_python_operator' retrieved from /home/shamim/airflow_git/Airflow_project/air_venv/lib/python3.12/site-packages/airflow/example_dags/example_python_operator.py
[2025-02-10T13:17:15.525+0600] {logging_mixin.py:190} INFO - [2025-02-10T13:17:15.524+0600] {dag.py:3239} INFO - Sync 1 DAGs
[2025-02-10T13:17:15.540+0600] {logging_mixin.py:190} INFO - [2025-02-10T13:17:15.540+0600] {dag.py:4180} INFO - Setting next_dagrun for example_python_operator to None, run_after=None
[2025-02-10T13:17:15.566+0600] {processor.py:208} INFO - Processing /home/shamim/airflow_git/Airflow_project/air_venv/lib/python3.12/site-packages/airflow/example_dags/example_python_operator.py took 0.100 seconds
[2025-02-10T13:18:30.243+0600] {processor.py:186} INFO - Started process (PID=15665) to work on /home/shamim/airflow_git/Airflow_project/air_venv/lib/python3.12/site-packages/airflow/example_dags/example_python_operator.py
[2025-02-10T13:18:30.249+0600] {processor.py:914} INFO - Processing file /home/shamim/airflow_git/Airflow_project/air_venv/lib/python3.12/site-packages/airflow/example_dags/example_python_operator.py for tasks to queue
[2025-02-10T13:18:30.253+0600] {logging_mixin.py:190} INFO - [2025-02-10T13:18:30.252+0600] {dagbag.py:588} INFO - Filling up the DagBag from /home/shamim/airflow_git/Airflow_project/air_venv/lib/python3.12/site-packages/airflow/example_dags/example_python_operator.py
[2025-02-10T13:18:30.262+0600] {logging_mixin.py:190} INFO - [2025-02-10T13:18:30.262+0600] {example_python_operator.py:93} WARNING - The virtalenv_python example task requires virtualenv, please install it.
[2025-02-10T13:18:30.266+0600] {processor.py:925} INFO - DAG(s) 'example_python_operator' retrieved from /home/shamim/airflow_git/Airflow_project/air_venv/lib/python3.12/site-packages/airflow/example_dags/example_python_operator.py
[2025-02-10T13:18:30.286+0600] {logging_mixin.py:190} INFO - [2025-02-10T13:18:30.286+0600] {dag.py:3239} INFO - Sync 1 DAGs
[2025-02-10T13:18:30.302+0600] {logging_mixin.py:190} INFO - [2025-02-10T13:18:30.302+0600] {dag.py:4180} INFO - Setting next_dagrun for example_python_operator to None, run_after=None
[2025-02-10T13:18:30.329+0600] {processor.py:208} INFO - Processing /home/shamim/airflow_git/Airflow_project/air_venv/lib/python3.12/site-packages/airflow/example_dags/example_python_operator.py took 0.096 seconds
[2025-02-10T13:19:47.797+0600] {processor.py:186} INFO - Started process (PID=16244) to work on /home/shamim/airflow_git/Airflow_project/air_venv/lib/python3.12/site-packages/airflow/example_dags/example_python_operator.py
[2025-02-10T13:19:47.803+0600] {processor.py:914} INFO - Processing file /home/shamim/airflow_git/Airflow_project/air_venv/lib/python3.12/site-packages/airflow/example_dags/example_python_operator.py for tasks to queue
[2025-02-10T13:19:47.805+0600] {logging_mixin.py:190} INFO - [2025-02-10T13:19:47.804+0600] {dagbag.py:588} INFO - Filling up the DagBag from /home/shamim/airflow_git/Airflow_project/air_venv/lib/python3.12/site-packages/airflow/example_dags/example_python_operator.py
[2025-02-10T13:19:47.815+0600] {logging_mixin.py:190} INFO - [2025-02-10T13:19:47.815+0600] {example_python_operator.py:93} WARNING - The virtalenv_python example task requires virtualenv, please install it.
[2025-02-10T13:19:47.818+0600] {processor.py:925} INFO - DAG(s) 'example_python_operator' retrieved from /home/shamim/airflow_git/Airflow_project/air_venv/lib/python3.12/site-packages/airflow/example_dags/example_python_operator.py
[2025-02-10T13:19:47.838+0600] {logging_mixin.py:190} INFO - [2025-02-10T13:19:47.837+0600] {dag.py:3239} INFO - Sync 1 DAGs
[2025-02-10T13:19:47.854+0600] {logging_mixin.py:190} INFO - [2025-02-10T13:19:47.853+0600] {dag.py:4180} INFO - Setting next_dagrun for example_python_operator to None, run_after=None
[2025-02-10T13:19:47.880+0600] {processor.py:208} INFO - Processing /home/shamim/airflow_git/Airflow_project/air_venv/lib/python3.12/site-packages/airflow/example_dags/example_python_operator.py took 0.099 seconds
[2025-02-10T13:20:58.518+0600] {processor.py:186} INFO - Started process (PID=16797) to work on /home/shamim/airflow_git/Airflow_project/air_venv/lib/python3.12/site-packages/airflow/example_dags/example_python_operator.py
[2025-02-10T13:20:58.525+0600] {processor.py:914} INFO - Processing file /home/shamim/airflow_git/Airflow_project/air_venv/lib/python3.12/site-packages/airflow/example_dags/example_python_operator.py for tasks to queue
[2025-02-10T13:20:58.528+0600] {logging_mixin.py:190} INFO - [2025-02-10T13:20:58.527+0600] {dagbag.py:588} INFO - Filling up the DagBag from /home/shamim/airflow_git/Airflow_project/air_venv/lib/python3.12/site-packages/airflow/example_dags/example_python_operator.py
[2025-02-10T13:20:58.539+0600] {logging_mixin.py:190} INFO - [2025-02-10T13:20:58.539+0600] {example_python_operator.py:93} WARNING - The virtalenv_python example task requires virtualenv, please install it.
[2025-02-10T13:20:58.544+0600] {processor.py:925} INFO - DAG(s) 'example_python_operator' retrieved from /home/shamim/airflow_git/Airflow_project/air_venv/lib/python3.12/site-packages/airflow/example_dags/example_python_operator.py
[2025-02-10T13:20:58.567+0600] {logging_mixin.py:190} INFO - [2025-02-10T13:20:58.566+0600] {dag.py:3239} INFO - Sync 1 DAGs
[2025-02-10T13:20:58.586+0600] {logging_mixin.py:190} INFO - [2025-02-10T13:20:58.585+0600] {dag.py:4180} INFO - Setting next_dagrun for example_python_operator to None, run_after=None
[2025-02-10T13:20:58.615+0600] {processor.py:208} INFO - Processing /home/shamim/airflow_git/Airflow_project/air_venv/lib/python3.12/site-packages/airflow/example_dags/example_python_operator.py took 0.125 seconds
[2025-02-10T13:22:16.442+0600] {processor.py:186} INFO - Started process (PID=17309) to work on /home/shamim/airflow_git/Airflow_project/air_venv/lib/python3.12/site-packages/airflow/example_dags/example_python_operator.py
[2025-02-10T13:22:16.447+0600] {processor.py:914} INFO - Processing file /home/shamim/airflow_git/Airflow_project/air_venv/lib/python3.12/site-packages/airflow/example_dags/example_python_operator.py for tasks to queue
[2025-02-10T13:22:16.448+0600] {logging_mixin.py:190} INFO - [2025-02-10T13:22:16.448+0600] {dagbag.py:588} INFO - Filling up the DagBag from /home/shamim/airflow_git/Airflow_project/air_venv/lib/python3.12/site-packages/airflow/example_dags/example_python_operator.py
[2025-02-10T13:22:16.458+0600] {logging_mixin.py:190} INFO - [2025-02-10T13:22:16.458+0600] {example_python_operator.py:93} WARNING - The virtalenv_python example task requires virtualenv, please install it.
[2025-02-10T13:22:16.461+0600] {processor.py:925} INFO - DAG(s) 'example_python_operator' retrieved from /home/shamim/airflow_git/Airflow_project/air_venv/lib/python3.12/site-packages/airflow/example_dags/example_python_operator.py
[2025-02-10T13:22:16.481+0600] {logging_mixin.py:190} INFO - [2025-02-10T13:22:16.481+0600] {dag.py:3239} INFO - Sync 1 DAGs
[2025-02-10T13:22:16.498+0600] {logging_mixin.py:190} INFO - [2025-02-10T13:22:16.498+0600] {dag.py:4180} INFO - Setting next_dagrun for example_python_operator to None, run_after=None
[2025-02-10T13:22:16.525+0600] {processor.py:208} INFO - Processing /home/shamim/airflow_git/Airflow_project/air_venv/lib/python3.12/site-packages/airflow/example_dags/example_python_operator.py took 0.094 seconds
[2025-02-10T13:23:33.832+0600] {processor.py:186} INFO - Started process (PID=17462) to work on /home/shamim/airflow_git/Airflow_project/air_venv/lib/python3.12/site-packages/airflow/example_dags/example_python_operator.py
[2025-02-10T13:23:33.839+0600] {processor.py:914} INFO - Processing file /home/shamim/airflow_git/Airflow_project/air_venv/lib/python3.12/site-packages/airflow/example_dags/example_python_operator.py for tasks to queue
[2025-02-10T13:23:33.841+0600] {logging_mixin.py:190} INFO - [2025-02-10T13:23:33.840+0600] {dagbag.py:588} INFO - Filling up the DagBag from /home/shamim/airflow_git/Airflow_project/air_venv/lib/python3.12/site-packages/airflow/example_dags/example_python_operator.py
[2025-02-10T13:23:33.853+0600] {logging_mixin.py:190} INFO - [2025-02-10T13:23:33.853+0600] {example_python_operator.py:93} WARNING - The virtalenv_python example task requires virtualenv, please install it.
[2025-02-10T13:23:33.856+0600] {processor.py:925} INFO - DAG(s) 'example_python_operator' retrieved from /home/shamim/airflow_git/Airflow_project/air_venv/lib/python3.12/site-packages/airflow/example_dags/example_python_operator.py
[2025-02-10T13:23:33.876+0600] {logging_mixin.py:190} INFO - [2025-02-10T13:23:33.876+0600] {dag.py:3239} INFO - Sync 1 DAGs
[2025-02-10T13:23:33.893+0600] {logging_mixin.py:190} INFO - [2025-02-10T13:23:33.893+0600] {dag.py:4180} INFO - Setting next_dagrun for example_python_operator to None, run_after=None
[2025-02-10T13:23:33.920+0600] {processor.py:208} INFO - Processing /home/shamim/airflow_git/Airflow_project/air_venv/lib/python3.12/site-packages/airflow/example_dags/example_python_operator.py took 0.102 seconds
[2025-02-10T13:24:44.695+0600] {processor.py:186} INFO - Started process (PID=17629) to work on /home/shamim/airflow_git/Airflow_project/air_venv/lib/python3.12/site-packages/airflow/example_dags/example_python_operator.py
[2025-02-10T13:24:44.697+0600] {processor.py:914} INFO - Processing file /home/shamim/airflow_git/Airflow_project/air_venv/lib/python3.12/site-packages/airflow/example_dags/example_python_operator.py for tasks to queue
[2025-02-10T13:24:44.700+0600] {logging_mixin.py:190} INFO - [2025-02-10T13:24:44.699+0600] {dagbag.py:588} INFO - Filling up the DagBag from /home/shamim/airflow_git/Airflow_project/air_venv/lib/python3.12/site-packages/airflow/example_dags/example_python_operator.py
[2025-02-10T13:24:44.716+0600] {logging_mixin.py:190} INFO - [2025-02-10T13:24:44.716+0600] {example_python_operator.py:93} WARNING - The virtalenv_python example task requires virtualenv, please install it.
[2025-02-10T13:24:44.721+0600] {processor.py:925} INFO - DAG(s) 'example_python_operator' retrieved from /home/shamim/airflow_git/Airflow_project/air_venv/lib/python3.12/site-packages/airflow/example_dags/example_python_operator.py
[2025-02-10T13:24:44.762+0600] {logging_mixin.py:190} INFO - [2025-02-10T13:24:44.762+0600] {dag.py:3239} INFO - Sync 1 DAGs
[2025-02-10T13:24:44.789+0600] {logging_mixin.py:190} INFO - [2025-02-10T13:24:44.789+0600] {dag.py:4180} INFO - Setting next_dagrun for example_python_operator to None, run_after=None
[2025-02-10T13:24:44.830+0600] {processor.py:208} INFO - Processing /home/shamim/airflow_git/Airflow_project/air_venv/lib/python3.12/site-packages/airflow/example_dags/example_python_operator.py took 0.152 seconds
[2025-02-10T13:26:02.876+0600] {processor.py:186} INFO - Started process (PID=17791) to work on /home/shamim/airflow_git/Airflow_project/air_venv/lib/python3.12/site-packages/airflow/example_dags/example_python_operator.py
[2025-02-10T13:26:02.882+0600] {processor.py:914} INFO - Processing file /home/shamim/airflow_git/Airflow_project/air_venv/lib/python3.12/site-packages/airflow/example_dags/example_python_operator.py for tasks to queue
[2025-02-10T13:26:02.884+0600] {logging_mixin.py:190} INFO - [2025-02-10T13:26:02.883+0600] {dagbag.py:588} INFO - Filling up the DagBag from /home/shamim/airflow_git/Airflow_project/air_venv/lib/python3.12/site-packages/airflow/example_dags/example_python_operator.py
[2025-02-10T13:26:02.892+0600] {logging_mixin.py:190} INFO - [2025-02-10T13:26:02.892+0600] {example_python_operator.py:93} WARNING - The virtalenv_python example task requires virtualenv, please install it.
[2025-02-10T13:26:02.895+0600] {processor.py:925} INFO - DAG(s) 'example_python_operator' retrieved from /home/shamim/airflow_git/Airflow_project/air_venv/lib/python3.12/site-packages/airflow/example_dags/example_python_operator.py
[2025-02-10T13:26:02.915+0600] {logging_mixin.py:190} INFO - [2025-02-10T13:26:02.915+0600] {dag.py:3239} INFO - Sync 1 DAGs
[2025-02-10T13:26:02.932+0600] {logging_mixin.py:190} INFO - [2025-02-10T13:26:02.932+0600] {dag.py:4180} INFO - Setting next_dagrun for example_python_operator to None, run_after=None
[2025-02-10T13:26:02.967+0600] {processor.py:208} INFO - Processing /home/shamim/airflow_git/Airflow_project/air_venv/lib/python3.12/site-packages/airflow/example_dags/example_python_operator.py took 0.101 seconds
[2025-02-10T13:27:20.190+0600] {processor.py:186} INFO - Started process (PID=17906) to work on /home/shamim/airflow_git/Airflow_project/air_venv/lib/python3.12/site-packages/airflow/example_dags/example_python_operator.py
[2025-02-10T13:27:20.196+0600] {processor.py:914} INFO - Processing file /home/shamim/airflow_git/Airflow_project/air_venv/lib/python3.12/site-packages/airflow/example_dags/example_python_operator.py for tasks to queue
[2025-02-10T13:27:20.198+0600] {logging_mixin.py:190} INFO - [2025-02-10T13:27:20.198+0600] {dagbag.py:588} INFO - Filling up the DagBag from /home/shamim/airflow_git/Airflow_project/air_venv/lib/python3.12/site-packages/airflow/example_dags/example_python_operator.py
[2025-02-10T13:27:20.208+0600] {logging_mixin.py:190} INFO - [2025-02-10T13:27:20.208+0600] {example_python_operator.py:93} WARNING - The virtalenv_python example task requires virtualenv, please install it.
[2025-02-10T13:27:20.212+0600] {processor.py:925} INFO - DAG(s) 'example_python_operator' retrieved from /home/shamim/airflow_git/Airflow_project/air_venv/lib/python3.12/site-packages/airflow/example_dags/example_python_operator.py
[2025-02-10T13:27:20.232+0600] {logging_mixin.py:190} INFO - [2025-02-10T13:27:20.231+0600] {dag.py:3239} INFO - Sync 1 DAGs
[2025-02-10T13:27:20.249+0600] {logging_mixin.py:190} INFO - [2025-02-10T13:27:20.249+0600] {dag.py:4180} INFO - Setting next_dagrun for example_python_operator to None, run_after=None
[2025-02-10T13:27:20.283+0600] {processor.py:208} INFO - Processing /home/shamim/airflow_git/Airflow_project/air_venv/lib/python3.12/site-packages/airflow/example_dags/example_python_operator.py took 0.105 seconds
[2025-02-10T13:28:50.419+0600] {processor.py:186} INFO - Started process (PID=18514) to work on /home/shamim/airflow_git/Airflow_project/air_venv/lib/python3.12/site-packages/airflow/example_dags/example_python_operator.py
[2025-02-10T13:28:50.425+0600] {processor.py:914} INFO - Processing file /home/shamim/airflow_git/Airflow_project/air_venv/lib/python3.12/site-packages/airflow/example_dags/example_python_operator.py for tasks to queue
[2025-02-10T13:28:50.427+0600] {logging_mixin.py:190} INFO - [2025-02-10T13:28:50.427+0600] {dagbag.py:588} INFO - Filling up the DagBag from /home/shamim/airflow_git/Airflow_project/air_venv/lib/python3.12/site-packages/airflow/example_dags/example_python_operator.py
[2025-02-10T13:28:50.437+0600] {logging_mixin.py:190} INFO - [2025-02-10T13:28:50.437+0600] {example_python_operator.py:93} WARNING - The virtalenv_python example task requires virtualenv, please install it.
[2025-02-10T13:28:50.440+0600] {processor.py:925} INFO - DAG(s) 'example_python_operator' retrieved from /home/shamim/airflow_git/Airflow_project/air_venv/lib/python3.12/site-packages/airflow/example_dags/example_python_operator.py
[2025-02-10T13:28:50.460+0600] {logging_mixin.py:190} INFO - [2025-02-10T13:28:50.460+0600] {dag.py:3239} INFO - Sync 1 DAGs
[2025-02-10T13:28:50.477+0600] {logging_mixin.py:190} INFO - [2025-02-10T13:28:50.477+0600] {dag.py:4180} INFO - Setting next_dagrun for example_python_operator to None, run_after=None
[2025-02-10T13:28:50.671+0600] {processor.py:208} INFO - Processing /home/shamim/airflow_git/Airflow_project/air_venv/lib/python3.12/site-packages/airflow/example_dags/example_python_operator.py took 0.263 seconds
[2025-02-10T13:30:08.805+0600] {processor.py:186} INFO - Started process (PID=18797) to work on /home/shamim/airflow_git/Airflow_project/air_venv/lib/python3.12/site-packages/airflow/example_dags/example_python_operator.py
[2025-02-10T13:30:08.811+0600] {processor.py:914} INFO - Processing file /home/shamim/airflow_git/Airflow_project/air_venv/lib/python3.12/site-packages/airflow/example_dags/example_python_operator.py for tasks to queue
[2025-02-10T13:30:08.813+0600] {logging_mixin.py:190} INFO - [2025-02-10T13:30:08.812+0600] {dagbag.py:588} INFO - Filling up the DagBag from /home/shamim/airflow_git/Airflow_project/air_venv/lib/python3.12/site-packages/airflow/example_dags/example_python_operator.py
[2025-02-10T13:30:08.823+0600] {logging_mixin.py:190} INFO - [2025-02-10T13:30:08.822+0600] {example_python_operator.py:93} WARNING - The virtalenv_python example task requires virtualenv, please install it.
[2025-02-10T13:30:08.827+0600] {processor.py:925} INFO - DAG(s) 'example_python_operator' retrieved from /home/shamim/airflow_git/Airflow_project/air_venv/lib/python3.12/site-packages/airflow/example_dags/example_python_operator.py
[2025-02-10T13:30:08.848+0600] {logging_mixin.py:190} INFO - [2025-02-10T13:30:08.847+0600] {dag.py:3239} INFO - Sync 1 DAGs
[2025-02-10T13:30:08.865+0600] {logging_mixin.py:190} INFO - [2025-02-10T13:30:08.865+0600] {dag.py:4180} INFO - Setting next_dagrun for example_python_operator to None, run_after=None
[2025-02-10T13:30:09.056+0600] {processor.py:208} INFO - Processing /home/shamim/airflow_git/Airflow_project/air_venv/lib/python3.12/site-packages/airflow/example_dags/example_python_operator.py took 0.263 seconds
[2025-02-10T13:31:26.865+0600] {processor.py:186} INFO - Started process (PID=18914) to work on /home/shamim/airflow_git/Airflow_project/air_venv/lib/python3.12/site-packages/airflow/example_dags/example_python_operator.py
[2025-02-10T13:31:26.871+0600] {processor.py:914} INFO - Processing file /home/shamim/airflow_git/Airflow_project/air_venv/lib/python3.12/site-packages/airflow/example_dags/example_python_operator.py for tasks to queue
[2025-02-10T13:31:26.873+0600] {logging_mixin.py:190} INFO - [2025-02-10T13:31:26.872+0600] {dagbag.py:588} INFO - Filling up the DagBag from /home/shamim/airflow_git/Airflow_project/air_venv/lib/python3.12/site-packages/airflow/example_dags/example_python_operator.py
[2025-02-10T13:31:26.881+0600] {logging_mixin.py:190} INFO - [2025-02-10T13:31:26.881+0600] {example_python_operator.py:93} WARNING - The virtalenv_python example task requires virtualenv, please install it.
[2025-02-10T13:31:26.884+0600] {processor.py:925} INFO - DAG(s) 'example_python_operator' retrieved from /home/shamim/airflow_git/Airflow_project/air_venv/lib/python3.12/site-packages/airflow/example_dags/example_python_operator.py
[2025-02-10T13:31:26.903+0600] {logging_mixin.py:190} INFO - [2025-02-10T13:31:26.903+0600] {dag.py:3239} INFO - Sync 1 DAGs
[2025-02-10T13:31:26.919+0600] {logging_mixin.py:190} INFO - [2025-02-10T13:31:26.919+0600] {dag.py:4180} INFO - Setting next_dagrun for example_python_operator to None, run_after=None
[2025-02-10T13:31:26.954+0600] {processor.py:208} INFO - Processing /home/shamim/airflow_git/Airflow_project/air_venv/lib/python3.12/site-packages/airflow/example_dags/example_python_operator.py took 0.099 seconds
[2025-02-10T13:32:40.970+0600] {processor.py:186} INFO - Started process (PID=19021) to work on /home/shamim/airflow_git/Airflow_project/air_venv/lib/python3.12/site-packages/airflow/example_dags/example_python_operator.py
[2025-02-10T13:32:40.976+0600] {processor.py:914} INFO - Processing file /home/shamim/airflow_git/Airflow_project/air_venv/lib/python3.12/site-packages/airflow/example_dags/example_python_operator.py for tasks to queue
[2025-02-10T13:32:40.978+0600] {logging_mixin.py:190} INFO - [2025-02-10T13:32:40.978+0600] {dagbag.py:588} INFO - Filling up the DagBag from /home/shamim/airflow_git/Airflow_project/air_venv/lib/python3.12/site-packages/airflow/example_dags/example_python_operator.py
[2025-02-10T13:32:40.986+0600] {logging_mixin.py:190} INFO - [2025-02-10T13:32:40.986+0600] {example_python_operator.py:93} WARNING - The virtalenv_python example task requires virtualenv, please install it.
[2025-02-10T13:32:40.989+0600] {processor.py:925} INFO - DAG(s) 'example_python_operator' retrieved from /home/shamim/airflow_git/Airflow_project/air_venv/lib/python3.12/site-packages/airflow/example_dags/example_python_operator.py
[2025-02-10T13:32:41.009+0600] {logging_mixin.py:190} INFO - [2025-02-10T13:32:41.009+0600] {dag.py:3239} INFO - Sync 1 DAGs
[2025-02-10T13:32:41.025+0600] {logging_mixin.py:190} INFO - [2025-02-10T13:32:41.025+0600] {dag.py:4180} INFO - Setting next_dagrun for example_python_operator to None, run_after=None
[2025-02-10T13:32:41.060+0600] {processor.py:208} INFO - Processing /home/shamim/airflow_git/Airflow_project/air_venv/lib/python3.12/site-packages/airflow/example_dags/example_python_operator.py took 0.100 seconds
[2025-02-10T13:34:03.874+0600] {processor.py:186} INFO - Started process (PID=19192) to work on /home/shamim/airflow_git/Airflow_project/air_venv/lib/python3.12/site-packages/airflow/example_dags/example_python_operator.py
[2025-02-10T13:34:03.881+0600] {processor.py:914} INFO - Processing file /home/shamim/airflow_git/Airflow_project/air_venv/lib/python3.12/site-packages/airflow/example_dags/example_python_operator.py for tasks to queue
[2025-02-10T13:34:03.883+0600] {logging_mixin.py:190} INFO - [2025-02-10T13:34:03.882+0600] {dagbag.py:588} INFO - Filling up the DagBag from /home/shamim/airflow_git/Airflow_project/air_venv/lib/python3.12/site-packages/airflow/example_dags/example_python_operator.py
[2025-02-10T13:34:03.892+0600] {logging_mixin.py:190} INFO - [2025-02-10T13:34:03.892+0600] {example_python_operator.py:93} WARNING - The virtalenv_python example task requires virtualenv, please install it.
[2025-02-10T13:34:03.896+0600] {processor.py:925} INFO - DAG(s) 'example_python_operator' retrieved from /home/shamim/airflow_git/Airflow_project/air_venv/lib/python3.12/site-packages/airflow/example_dags/example_python_operator.py
[2025-02-10T13:34:03.916+0600] {logging_mixin.py:190} INFO - [2025-02-10T13:34:03.915+0600] {dag.py:3239} INFO - Sync 1 DAGs
[2025-02-10T13:34:03.932+0600] {logging_mixin.py:190} INFO - [2025-02-10T13:34:03.932+0600] {dag.py:4180} INFO - Setting next_dagrun for example_python_operator to None, run_after=None
[2025-02-10T13:34:03.967+0600] {processor.py:208} INFO - Processing /home/shamim/airflow_git/Airflow_project/air_venv/lib/python3.12/site-packages/airflow/example_dags/example_python_operator.py took 0.104 seconds
[2025-02-10T13:35:19.591+0600] {processor.py:186} INFO - Started process (PID=19421) to work on /home/shamim/airflow_git/Airflow_project/air_venv/lib/python3.12/site-packages/airflow/example_dags/example_python_operator.py
[2025-02-10T13:35:19.597+0600] {processor.py:914} INFO - Processing file /home/shamim/airflow_git/Airflow_project/air_venv/lib/python3.12/site-packages/airflow/example_dags/example_python_operator.py for tasks to queue
[2025-02-10T13:35:19.599+0600] {logging_mixin.py:190} INFO - [2025-02-10T13:35:19.599+0600] {dagbag.py:588} INFO - Filling up the DagBag from /home/shamim/airflow_git/Airflow_project/air_venv/lib/python3.12/site-packages/airflow/example_dags/example_python_operator.py
[2025-02-10T13:35:19.609+0600] {logging_mixin.py:190} INFO - [2025-02-10T13:35:19.609+0600] {example_python_operator.py:93} WARNING - The virtalenv_python example task requires virtualenv, please install it.
[2025-02-10T13:35:19.612+0600] {processor.py:925} INFO - DAG(s) 'example_python_operator' retrieved from /home/shamim/airflow_git/Airflow_project/air_venv/lib/python3.12/site-packages/airflow/example_dags/example_python_operator.py
[2025-02-10T13:35:19.632+0600] {logging_mixin.py:190} INFO - [2025-02-10T13:35:19.632+0600] {dag.py:3239} INFO - Sync 1 DAGs
[2025-02-10T13:35:19.648+0600] {logging_mixin.py:190} INFO - [2025-02-10T13:35:19.648+0600] {dag.py:4180} INFO - Setting next_dagrun for example_python_operator to None, run_after=None
[2025-02-10T13:35:19.683+0600] {processor.py:208} INFO - Processing /home/shamim/airflow_git/Airflow_project/air_venv/lib/python3.12/site-packages/airflow/example_dags/example_python_operator.py took 0.103 seconds
[2025-02-10T13:36:46.626+0600] {processor.py:186} INFO - Started process (PID=19530) to work on /home/shamim/airflow_git/Airflow_project/air_venv/lib/python3.12/site-packages/airflow/example_dags/example_python_operator.py
[2025-02-10T13:36:46.632+0600] {processor.py:914} INFO - Processing file /home/shamim/airflow_git/Airflow_project/air_venv/lib/python3.12/site-packages/airflow/example_dags/example_python_operator.py for tasks to queue
[2025-02-10T13:36:46.634+0600] {logging_mixin.py:190} INFO - [2025-02-10T13:36:46.634+0600] {dagbag.py:588} INFO - Filling up the DagBag from /home/shamim/airflow_git/Airflow_project/air_venv/lib/python3.12/site-packages/airflow/example_dags/example_python_operator.py
[2025-02-10T13:36:46.644+0600] {logging_mixin.py:190} INFO - [2025-02-10T13:36:46.643+0600] {example_python_operator.py:93} WARNING - The virtalenv_python example task requires virtualenv, please install it.
[2025-02-10T13:36:46.647+0600] {processor.py:925} INFO - DAG(s) 'example_python_operator' retrieved from /home/shamim/airflow_git/Airflow_project/air_venv/lib/python3.12/site-packages/airflow/example_dags/example_python_operator.py
[2025-02-10T13:36:46.666+0600] {logging_mixin.py:190} INFO - [2025-02-10T13:36:46.666+0600] {dag.py:3239} INFO - Sync 1 DAGs
[2025-02-10T13:36:46.681+0600] {logging_mixin.py:190} INFO - [2025-02-10T13:36:46.681+0600] {dag.py:4180} INFO - Setting next_dagrun for example_python_operator to None, run_after=None
[2025-02-10T13:36:46.716+0600] {processor.py:208} INFO - Processing /home/shamim/airflow_git/Airflow_project/air_venv/lib/python3.12/site-packages/airflow/example_dags/example_python_operator.py took 0.100 seconds
[2025-02-10T13:38:03.140+0600] {processor.py:186} INFO - Started process (PID=19673) to work on /home/shamim/airflow_git/Airflow_project/air_venv/lib/python3.12/site-packages/airflow/example_dags/example_python_operator.py
[2025-02-10T13:38:03.149+0600] {processor.py:914} INFO - Processing file /home/shamim/airflow_git/Airflow_project/air_venv/lib/python3.12/site-packages/airflow/example_dags/example_python_operator.py for tasks to queue
[2025-02-10T13:38:03.151+0600] {logging_mixin.py:190} INFO - [2025-02-10T13:38:03.150+0600] {dagbag.py:588} INFO - Filling up the DagBag from /home/shamim/airflow_git/Airflow_project/air_venv/lib/python3.12/site-packages/airflow/example_dags/example_python_operator.py
[2025-02-10T13:38:03.159+0600] {logging_mixin.py:190} INFO - [2025-02-10T13:38:03.159+0600] {example_python_operator.py:93} WARNING - The virtalenv_python example task requires virtualenv, please install it.
[2025-02-10T13:38:03.162+0600] {processor.py:925} INFO - DAG(s) 'example_python_operator' retrieved from /home/shamim/airflow_git/Airflow_project/air_venv/lib/python3.12/site-packages/airflow/example_dags/example_python_operator.py
[2025-02-10T13:38:03.181+0600] {logging_mixin.py:190} INFO - [2025-02-10T13:38:03.181+0600] {dag.py:3239} INFO - Sync 1 DAGs
[2025-02-10T13:38:03.196+0600] {logging_mixin.py:190} INFO - [2025-02-10T13:38:03.196+0600] {dag.py:4180} INFO - Setting next_dagrun for example_python_operator to None, run_after=None
[2025-02-10T13:38:03.230+0600] {processor.py:208} INFO - Processing /home/shamim/airflow_git/Airflow_project/air_venv/lib/python3.12/site-packages/airflow/example_dags/example_python_operator.py took 0.099 seconds
[2025-02-10T13:39:19.228+0600] {processor.py:186} INFO - Started process (PID=19822) to work on /home/shamim/airflow_git/Airflow_project/air_venv/lib/python3.12/site-packages/airflow/example_dags/example_python_operator.py
[2025-02-10T13:39:19.234+0600] {processor.py:914} INFO - Processing file /home/shamim/airflow_git/Airflow_project/air_venv/lib/python3.12/site-packages/airflow/example_dags/example_python_operator.py for tasks to queue
[2025-02-10T13:39:19.236+0600] {logging_mixin.py:190} INFO - [2025-02-10T13:39:19.235+0600] {dagbag.py:588} INFO - Filling up the DagBag from /home/shamim/airflow_git/Airflow_project/air_venv/lib/python3.12/site-packages/airflow/example_dags/example_python_operator.py
[2025-02-10T13:39:19.244+0600] {logging_mixin.py:190} INFO - [2025-02-10T13:39:19.244+0600] {example_python_operator.py:93} WARNING - The virtalenv_python example task requires virtualenv, please install it.
[2025-02-10T13:39:19.247+0600] {processor.py:925} INFO - DAG(s) 'example_python_operator' retrieved from /home/shamim/airflow_git/Airflow_project/air_venv/lib/python3.12/site-packages/airflow/example_dags/example_python_operator.py
[2025-02-10T13:39:19.267+0600] {logging_mixin.py:190} INFO - [2025-02-10T13:39:19.266+0600] {dag.py:3239} INFO - Sync 1 DAGs
[2025-02-10T13:39:19.282+0600] {logging_mixin.py:190} INFO - [2025-02-10T13:39:19.282+0600] {dag.py:4180} INFO - Setting next_dagrun for example_python_operator to None, run_after=None
[2025-02-10T13:39:19.317+0600] {processor.py:208} INFO - Processing /home/shamim/airflow_git/Airflow_project/air_venv/lib/python3.12/site-packages/airflow/example_dags/example_python_operator.py took 0.098 seconds
[2025-02-10T13:40:44.861+0600] {processor.py:186} INFO - Started process (PID=19964) to work on /home/shamim/airflow_git/Airflow_project/air_venv/lib/python3.12/site-packages/airflow/example_dags/example_python_operator.py
[2025-02-10T13:40:44.867+0600] {processor.py:914} INFO - Processing file /home/shamim/airflow_git/Airflow_project/air_venv/lib/python3.12/site-packages/airflow/example_dags/example_python_operator.py for tasks to queue
[2025-02-10T13:40:44.869+0600] {logging_mixin.py:190} INFO - [2025-02-10T13:40:44.868+0600] {dagbag.py:588} INFO - Filling up the DagBag from /home/shamim/airflow_git/Airflow_project/air_venv/lib/python3.12/site-packages/airflow/example_dags/example_python_operator.py
[2025-02-10T13:40:44.878+0600] {logging_mixin.py:190} INFO - [2025-02-10T13:40:44.878+0600] {example_python_operator.py:93} WARNING - The virtalenv_python example task requires virtualenv, please install it.
[2025-02-10T13:40:44.882+0600] {processor.py:925} INFO - DAG(s) 'example_python_operator' retrieved from /home/shamim/airflow_git/Airflow_project/air_venv/lib/python3.12/site-packages/airflow/example_dags/example_python_operator.py
[2025-02-10T13:40:44.901+0600] {logging_mixin.py:190} INFO - [2025-02-10T13:40:44.901+0600] {dag.py:3239} INFO - Sync 1 DAGs
[2025-02-10T13:40:44.917+0600] {logging_mixin.py:190} INFO - [2025-02-10T13:40:44.917+0600] {dag.py:4180} INFO - Setting next_dagrun for example_python_operator to None, run_after=None
[2025-02-10T13:40:45.087+0600] {processor.py:208} INFO - Processing /home/shamim/airflow_git/Airflow_project/air_venv/lib/python3.12/site-packages/airflow/example_dags/example_python_operator.py took 0.237 seconds
[2025-02-10T13:42:08.363+0600] {processor.py:186} INFO - Started process (PID=20102) to work on /home/shamim/airflow_git/Airflow_project/air_venv/lib/python3.12/site-packages/airflow/example_dags/example_python_operator.py
[2025-02-10T13:42:08.369+0600] {processor.py:914} INFO - Processing file /home/shamim/airflow_git/Airflow_project/air_venv/lib/python3.12/site-packages/airflow/example_dags/example_python_operator.py for tasks to queue
[2025-02-10T13:42:08.371+0600] {logging_mixin.py:190} INFO - [2025-02-10T13:42:08.370+0600] {dagbag.py:588} INFO - Filling up the DagBag from /home/shamim/airflow_git/Airflow_project/air_venv/lib/python3.12/site-packages/airflow/example_dags/example_python_operator.py
[2025-02-10T13:42:08.379+0600] {logging_mixin.py:190} INFO - [2025-02-10T13:42:08.379+0600] {example_python_operator.py:93} WARNING - The virtalenv_python example task requires virtualenv, please install it.
[2025-02-10T13:42:08.382+0600] {processor.py:925} INFO - DAG(s) 'example_python_operator' retrieved from /home/shamim/airflow_git/Airflow_project/air_venv/lib/python3.12/site-packages/airflow/example_dags/example_python_operator.py
[2025-02-10T13:42:08.402+0600] {logging_mixin.py:190} INFO - [2025-02-10T13:42:08.401+0600] {dag.py:3239} INFO - Sync 1 DAGs
[2025-02-10T13:42:08.419+0600] {logging_mixin.py:190} INFO - [2025-02-10T13:42:08.418+0600] {dag.py:4180} INFO - Setting next_dagrun for example_python_operator to None, run_after=None
[2025-02-10T13:42:08.453+0600] {processor.py:208} INFO - Processing /home/shamim/airflow_git/Airflow_project/air_venv/lib/python3.12/site-packages/airflow/example_dags/example_python_operator.py took 0.099 seconds
[2025-02-10T13:43:22.730+0600] {processor.py:186} INFO - Started process (PID=20221) to work on /home/shamim/airflow_git/Airflow_project/air_venv/lib/python3.12/site-packages/airflow/example_dags/example_python_operator.py
[2025-02-10T13:43:22.737+0600] {processor.py:914} INFO - Processing file /home/shamim/airflow_git/Airflow_project/air_venv/lib/python3.12/site-packages/airflow/example_dags/example_python_operator.py for tasks to queue
[2025-02-10T13:43:22.739+0600] {logging_mixin.py:190} INFO - [2025-02-10T13:43:22.738+0600] {dagbag.py:588} INFO - Filling up the DagBag from /home/shamim/airflow_git/Airflow_project/air_venv/lib/python3.12/site-packages/airflow/example_dags/example_python_operator.py
[2025-02-10T13:43:22.748+0600] {logging_mixin.py:190} INFO - [2025-02-10T13:43:22.748+0600] {example_python_operator.py:93} WARNING - The virtalenv_python example task requires virtualenv, please install it.
[2025-02-10T13:43:22.751+0600] {processor.py:925} INFO - DAG(s) 'example_python_operator' retrieved from /home/shamim/airflow_git/Airflow_project/air_venv/lib/python3.12/site-packages/airflow/example_dags/example_python_operator.py
[2025-02-10T13:43:22.771+0600] {logging_mixin.py:190} INFO - [2025-02-10T13:43:22.771+0600] {dag.py:3239} INFO - Sync 1 DAGs
[2025-02-10T13:43:22.787+0600] {logging_mixin.py:190} INFO - [2025-02-10T13:43:22.787+0600] {dag.py:4180} INFO - Setting next_dagrun for example_python_operator to None, run_after=None
[2025-02-10T13:43:22.821+0600] {processor.py:208} INFO - Processing /home/shamim/airflow_git/Airflow_project/air_venv/lib/python3.12/site-packages/airflow/example_dags/example_python_operator.py took 0.101 seconds
[2025-02-10T13:44:35.786+0600] {processor.py:186} INFO - Started process (PID=20378) to work on /home/shamim/airflow_git/Airflow_project/air_venv/lib/python3.12/site-packages/airflow/example_dags/example_python_operator.py
[2025-02-10T13:44:35.792+0600] {processor.py:914} INFO - Processing file /home/shamim/airflow_git/Airflow_project/air_venv/lib/python3.12/site-packages/airflow/example_dags/example_python_operator.py for tasks to queue
[2025-02-10T13:44:35.794+0600] {logging_mixin.py:190} INFO - [2025-02-10T13:44:35.793+0600] {dagbag.py:588} INFO - Filling up the DagBag from /home/shamim/airflow_git/Airflow_project/air_venv/lib/python3.12/site-packages/airflow/example_dags/example_python_operator.py
[2025-02-10T13:44:35.802+0600] {logging_mixin.py:190} INFO - [2025-02-10T13:44:35.802+0600] {example_python_operator.py:93} WARNING - The virtalenv_python example task requires virtualenv, please install it.
[2025-02-10T13:44:35.805+0600] {processor.py:925} INFO - DAG(s) 'example_python_operator' retrieved from /home/shamim/airflow_git/Airflow_project/air_venv/lib/python3.12/site-packages/airflow/example_dags/example_python_operator.py
[2025-02-10T13:44:35.825+0600] {logging_mixin.py:190} INFO - [2025-02-10T13:44:35.824+0600] {dag.py:3239} INFO - Sync 1 DAGs
[2025-02-10T13:44:35.840+0600] {logging_mixin.py:190} INFO - [2025-02-10T13:44:35.840+0600] {dag.py:4180} INFO - Setting next_dagrun for example_python_operator to None, run_after=None
[2025-02-10T13:44:35.875+0600] {processor.py:208} INFO - Processing /home/shamim/airflow_git/Airflow_project/air_venv/lib/python3.12/site-packages/airflow/example_dags/example_python_operator.py took 0.098 seconds
[2025-02-10T13:45:51.880+0600] {processor.py:186} INFO - Started process (PID=20491) to work on /home/shamim/airflow_git/Airflow_project/air_venv/lib/python3.12/site-packages/airflow/example_dags/example_python_operator.py
[2025-02-10T13:45:51.886+0600] {processor.py:914} INFO - Processing file /home/shamim/airflow_git/Airflow_project/air_venv/lib/python3.12/site-packages/airflow/example_dags/example_python_operator.py for tasks to queue
[2025-02-10T13:45:51.888+0600] {logging_mixin.py:190} INFO - [2025-02-10T13:45:51.887+0600] {dagbag.py:588} INFO - Filling up the DagBag from /home/shamim/airflow_git/Airflow_project/air_venv/lib/python3.12/site-packages/airflow/example_dags/example_python_operator.py
[2025-02-10T13:45:51.897+0600] {logging_mixin.py:190} INFO - [2025-02-10T13:45:51.897+0600] {example_python_operator.py:93} WARNING - The virtalenv_python example task requires virtualenv, please install it.
[2025-02-10T13:45:51.901+0600] {processor.py:925} INFO - DAG(s) 'example_python_operator' retrieved from /home/shamim/airflow_git/Airflow_project/air_venv/lib/python3.12/site-packages/airflow/example_dags/example_python_operator.py
[2025-02-10T13:45:51.921+0600] {logging_mixin.py:190} INFO - [2025-02-10T13:45:51.920+0600] {dag.py:3239} INFO - Sync 1 DAGs
[2025-02-10T13:45:51.936+0600] {logging_mixin.py:190} INFO - [2025-02-10T13:45:51.936+0600] {dag.py:4180} INFO - Setting next_dagrun for example_python_operator to None, run_after=None
[2025-02-10T13:45:51.971+0600] {processor.py:208} INFO - Processing /home/shamim/airflow_git/Airflow_project/air_venv/lib/python3.12/site-packages/airflow/example_dags/example_python_operator.py took 0.101 seconds
[2025-02-10T13:47:04.841+0600] {processor.py:186} INFO - Started process (PID=20803) to work on /home/shamim/airflow_git/Airflow_project/air_venv/lib/python3.12/site-packages/airflow/example_dags/example_python_operator.py
[2025-02-10T13:47:04.846+0600] {processor.py:914} INFO - Processing file /home/shamim/airflow_git/Airflow_project/air_venv/lib/python3.12/site-packages/airflow/example_dags/example_python_operator.py for tasks to queue
[2025-02-10T13:47:04.848+0600] {logging_mixin.py:190} INFO - [2025-02-10T13:47:04.847+0600] {dagbag.py:588} INFO - Filling up the DagBag from /home/shamim/airflow_git/Airflow_project/air_venv/lib/python3.12/site-packages/airflow/example_dags/example_python_operator.py
[2025-02-10T13:47:04.859+0600] {logging_mixin.py:190} INFO - [2025-02-10T13:47:04.858+0600] {example_python_operator.py:93} WARNING - The virtalenv_python example task requires virtualenv, please install it.
[2025-02-10T13:47:04.863+0600] {processor.py:925} INFO - DAG(s) 'example_python_operator' retrieved from /home/shamim/airflow_git/Airflow_project/air_venv/lib/python3.12/site-packages/airflow/example_dags/example_python_operator.py
[2025-02-10T13:47:04.885+0600] {logging_mixin.py:190} INFO - [2025-02-10T13:47:04.885+0600] {dag.py:3239} INFO - Sync 1 DAGs
[2025-02-10T13:47:04.906+0600] {logging_mixin.py:190} INFO - [2025-02-10T13:47:04.906+0600] {dag.py:4180} INFO - Setting next_dagrun for example_python_operator to None, run_after=None
[2025-02-10T13:47:04.931+0600] {processor.py:208} INFO - Processing /home/shamim/airflow_git/Airflow_project/air_venv/lib/python3.12/site-packages/airflow/example_dags/example_python_operator.py took 0.100 seconds
[2025-02-10T13:48:20.453+0600] {processor.py:186} INFO - Started process (PID=21027) to work on /home/shamim/airflow_git/Airflow_project/air_venv/lib/python3.12/site-packages/airflow/example_dags/example_python_operator.py
[2025-02-10T13:48:20.457+0600] {processor.py:914} INFO - Processing file /home/shamim/airflow_git/Airflow_project/air_venv/lib/python3.12/site-packages/airflow/example_dags/example_python_operator.py for tasks to queue
[2025-02-10T13:48:20.459+0600] {logging_mixin.py:190} INFO - [2025-02-10T13:48:20.458+0600] {dagbag.py:588} INFO - Filling up the DagBag from /home/shamim/airflow_git/Airflow_project/air_venv/lib/python3.12/site-packages/airflow/example_dags/example_python_operator.py
[2025-02-10T13:48:20.468+0600] {logging_mixin.py:190} INFO - [2025-02-10T13:48:20.468+0600] {example_python_operator.py:93} WARNING - The virtalenv_python example task requires virtualenv, please install it.
[2025-02-10T13:48:20.472+0600] {processor.py:925} INFO - DAG(s) 'example_python_operator' retrieved from /home/shamim/airflow_git/Airflow_project/air_venv/lib/python3.12/site-packages/airflow/example_dags/example_python_operator.py
[2025-02-10T13:48:20.491+0600] {logging_mixin.py:190} INFO - [2025-02-10T13:48:20.491+0600] {dag.py:3239} INFO - Sync 1 DAGs
[2025-02-10T13:48:20.507+0600] {logging_mixin.py:190} INFO - [2025-02-10T13:48:20.507+0600] {dag.py:4180} INFO - Setting next_dagrun for example_python_operator to None, run_after=None
[2025-02-10T13:48:20.529+0600] {processor.py:208} INFO - Processing /home/shamim/airflow_git/Airflow_project/air_venv/lib/python3.12/site-packages/airflow/example_dags/example_python_operator.py took 0.085 seconds
[2025-02-10T13:49:33.176+0600] {processor.py:186} INFO - Started process (PID=21180) to work on /home/shamim/airflow_git/Airflow_project/air_venv/lib/python3.12/site-packages/airflow/example_dags/example_python_operator.py
[2025-02-10T13:49:33.182+0600] {processor.py:914} INFO - Processing file /home/shamim/airflow_git/Airflow_project/air_venv/lib/python3.12/site-packages/airflow/example_dags/example_python_operator.py for tasks to queue
[2025-02-10T13:49:33.183+0600] {logging_mixin.py:190} INFO - [2025-02-10T13:49:33.183+0600] {dagbag.py:588} INFO - Filling up the DagBag from /home/shamim/airflow_git/Airflow_project/air_venv/lib/python3.12/site-packages/airflow/example_dags/example_python_operator.py
[2025-02-10T13:49:33.193+0600] {logging_mixin.py:190} INFO - [2025-02-10T13:49:33.193+0600] {example_python_operator.py:93} WARNING - The virtalenv_python example task requires virtualenv, please install it.
[2025-02-10T13:49:33.196+0600] {processor.py:925} INFO - DAG(s) 'example_python_operator' retrieved from /home/shamim/airflow_git/Airflow_project/air_venv/lib/python3.12/site-packages/airflow/example_dags/example_python_operator.py
[2025-02-10T13:49:33.216+0600] {logging_mixin.py:190} INFO - [2025-02-10T13:49:33.216+0600] {dag.py:3239} INFO - Sync 1 DAGs
[2025-02-10T13:49:33.232+0600] {logging_mixin.py:190} INFO - [2025-02-10T13:49:33.232+0600] {dag.py:4180} INFO - Setting next_dagrun for example_python_operator to None, run_after=None
[2025-02-10T13:49:33.256+0600] {processor.py:208} INFO - Processing /home/shamim/airflow_git/Airflow_project/air_venv/lib/python3.12/site-packages/airflow/example_dags/example_python_operator.py took 0.091 seconds
[2025-02-10T13:50:43.098+0600] {processor.py:186} INFO - Started process (PID=21281) to work on /home/shamim/airflow_git/Airflow_project/air_venv/lib/python3.12/site-packages/airflow/example_dags/example_python_operator.py
[2025-02-10T13:50:43.105+0600] {processor.py:914} INFO - Processing file /home/shamim/airflow_git/Airflow_project/air_venv/lib/python3.12/site-packages/airflow/example_dags/example_python_operator.py for tasks to queue
[2025-02-10T13:50:43.106+0600] {logging_mixin.py:190} INFO - [2025-02-10T13:50:43.106+0600] {dagbag.py:588} INFO - Filling up the DagBag from /home/shamim/airflow_git/Airflow_project/air_venv/lib/python3.12/site-packages/airflow/example_dags/example_python_operator.py
[2025-02-10T13:50:43.115+0600] {logging_mixin.py:190} INFO - [2025-02-10T13:50:43.114+0600] {example_python_operator.py:93} WARNING - The virtalenv_python example task requires virtualenv, please install it.
[2025-02-10T13:50:43.118+0600] {processor.py:925} INFO - DAG(s) 'example_python_operator' retrieved from /home/shamim/airflow_git/Airflow_project/air_venv/lib/python3.12/site-packages/airflow/example_dags/example_python_operator.py
[2025-02-10T13:50:43.137+0600] {logging_mixin.py:190} INFO - [2025-02-10T13:50:43.136+0600] {dag.py:3239} INFO - Sync 1 DAGs
[2025-02-10T13:50:43.152+0600] {logging_mixin.py:190} INFO - [2025-02-10T13:50:43.152+0600] {dag.py:4180} INFO - Setting next_dagrun for example_python_operator to None, run_after=None
[2025-02-10T13:50:43.177+0600] {processor.py:208} INFO - Processing /home/shamim/airflow_git/Airflow_project/air_venv/lib/python3.12/site-packages/airflow/example_dags/example_python_operator.py took 0.087 seconds
[2025-02-10T13:51:59.908+0600] {processor.py:186} INFO - Started process (PID=21394) to work on /home/shamim/airflow_git/Airflow_project/air_venv/lib/python3.12/site-packages/airflow/example_dags/example_python_operator.py
[2025-02-10T13:51:59.915+0600] {processor.py:914} INFO - Processing file /home/shamim/airflow_git/Airflow_project/air_venv/lib/python3.12/site-packages/airflow/example_dags/example_python_operator.py for tasks to queue
[2025-02-10T13:51:59.917+0600] {logging_mixin.py:190} INFO - [2025-02-10T13:51:59.916+0600] {dagbag.py:588} INFO - Filling up the DagBag from /home/shamim/airflow_git/Airflow_project/air_venv/lib/python3.12/site-packages/airflow/example_dags/example_python_operator.py
[2025-02-10T13:51:59.931+0600] {logging_mixin.py:190} INFO - [2025-02-10T13:51:59.930+0600] {example_python_operator.py:93} WARNING - The virtalenv_python example task requires virtualenv, please install it.
[2025-02-10T13:51:59.935+0600] {processor.py:925} INFO - DAG(s) 'example_python_operator' retrieved from /home/shamim/airflow_git/Airflow_project/air_venv/lib/python3.12/site-packages/airflow/example_dags/example_python_operator.py
[2025-02-10T13:51:59.961+0600] {logging_mixin.py:190} INFO - [2025-02-10T13:51:59.961+0600] {dag.py:3239} INFO - Sync 1 DAGs
[2025-02-10T13:51:59.980+0600] {logging_mixin.py:190} INFO - [2025-02-10T13:51:59.979+0600] {dag.py:4180} INFO - Setting next_dagrun for example_python_operator to None, run_after=None
[2025-02-10T13:52:00.022+0600] {processor.py:208} INFO - Processing /home/shamim/airflow_git/Airflow_project/air_venv/lib/python3.12/site-packages/airflow/example_dags/example_python_operator.py took 0.128 seconds
[2025-02-10T13:53:23.084+0600] {processor.py:186} INFO - Started process (PID=21623) to work on /home/shamim/airflow_git/Airflow_project/air_venv/lib/python3.12/site-packages/airflow/example_dags/example_python_operator.py
[2025-02-10T13:53:23.087+0600] {processor.py:914} INFO - Processing file /home/shamim/airflow_git/Airflow_project/air_venv/lib/python3.12/site-packages/airflow/example_dags/example_python_operator.py for tasks to queue
[2025-02-10T13:53:23.092+0600] {logging_mixin.py:190} INFO - [2025-02-10T13:53:23.091+0600] {dagbag.py:588} INFO - Filling up the DagBag from /home/shamim/airflow_git/Airflow_project/air_venv/lib/python3.12/site-packages/airflow/example_dags/example_python_operator.py
[2025-02-10T13:53:23.120+0600] {logging_mixin.py:190} INFO - [2025-02-10T13:53:23.120+0600] {example_python_operator.py:93} WARNING - The virtalenv_python example task requires virtualenv, please install it.
[2025-02-10T13:53:23.130+0600] {processor.py:925} INFO - DAG(s) 'example_python_operator' retrieved from /home/shamim/airflow_git/Airflow_project/air_venv/lib/python3.12/site-packages/airflow/example_dags/example_python_operator.py
[2025-02-10T13:53:23.157+0600] {logging_mixin.py:190} INFO - [2025-02-10T13:53:23.157+0600] {dag.py:3239} INFO - Sync 1 DAGs
[2025-02-10T13:53:23.175+0600] {logging_mixin.py:190} INFO - [2025-02-10T13:53:23.174+0600] {dag.py:4180} INFO - Setting next_dagrun for example_python_operator to None, run_after=None
[2025-02-10T13:53:23.200+0600] {processor.py:208} INFO - Processing /home/shamim/airflow_git/Airflow_project/air_venv/lib/python3.12/site-packages/airflow/example_dags/example_python_operator.py took 0.142 seconds
[2025-02-10T13:54:39.798+0600] {processor.py:186} INFO - Started process (PID=21748) to work on /home/shamim/airflow_git/Airflow_project/air_venv/lib/python3.12/site-packages/airflow/example_dags/example_python_operator.py
[2025-02-10T13:54:39.799+0600] {processor.py:914} INFO - Processing file /home/shamim/airflow_git/Airflow_project/air_venv/lib/python3.12/site-packages/airflow/example_dags/example_python_operator.py for tasks to queue
[2025-02-10T13:54:39.801+0600] {logging_mixin.py:190} INFO - [2025-02-10T13:54:39.800+0600] {dagbag.py:588} INFO - Filling up the DagBag from /home/shamim/airflow_git/Airflow_project/air_venv/lib/python3.12/site-packages/airflow/example_dags/example_python_operator.py
[2025-02-10T13:54:39.809+0600] {logging_mixin.py:190} INFO - [2025-02-10T13:54:39.808+0600] {example_python_operator.py:93} WARNING - The virtalenv_python example task requires virtualenv, please install it.
[2025-02-10T13:54:39.812+0600] {processor.py:925} INFO - DAG(s) 'example_python_operator' retrieved from /home/shamim/airflow_git/Airflow_project/air_venv/lib/python3.12/site-packages/airflow/example_dags/example_python_operator.py
[2025-02-10T13:54:39.831+0600] {logging_mixin.py:190} INFO - [2025-02-10T13:54:39.831+0600] {dag.py:3239} INFO - Sync 1 DAGs
[2025-02-10T13:54:39.846+0600] {logging_mixin.py:190} INFO - [2025-02-10T13:54:39.846+0600] {dag.py:4180} INFO - Setting next_dagrun for example_python_operator to None, run_after=None
[2025-02-10T13:54:39.868+0600] {processor.py:208} INFO - Processing /home/shamim/airflow_git/Airflow_project/air_venv/lib/python3.12/site-packages/airflow/example_dags/example_python_operator.py took 0.083 seconds
[2025-02-10T13:55:49.468+0600] {processor.py:186} INFO - Started process (PID=21856) to work on /home/shamim/airflow_git/Airflow_project/air_venv/lib/python3.12/site-packages/airflow/example_dags/example_python_operator.py
[2025-02-10T13:55:49.475+0600] {processor.py:914} INFO - Processing file /home/shamim/airflow_git/Airflow_project/air_venv/lib/python3.12/site-packages/airflow/example_dags/example_python_operator.py for tasks to queue
[2025-02-10T13:55:49.478+0600] {logging_mixin.py:190} INFO - [2025-02-10T13:55:49.477+0600] {dagbag.py:588} INFO - Filling up the DagBag from /home/shamim/airflow_git/Airflow_project/air_venv/lib/python3.12/site-packages/airflow/example_dags/example_python_operator.py
[2025-02-10T13:55:49.497+0600] {logging_mixin.py:190} INFO - [2025-02-10T13:55:49.497+0600] {example_python_operator.py:93} WARNING - The virtalenv_python example task requires virtualenv, please install it.
[2025-02-10T13:55:49.502+0600] {processor.py:925} INFO - DAG(s) 'example_python_operator' retrieved from /home/shamim/airflow_git/Airflow_project/air_venv/lib/python3.12/site-packages/airflow/example_dags/example_python_operator.py
[2025-02-10T13:55:49.536+0600] {logging_mixin.py:190} INFO - [2025-02-10T13:55:49.536+0600] {dag.py:3239} INFO - Sync 1 DAGs
[2025-02-10T13:55:49.562+0600] {logging_mixin.py:190} INFO - [2025-02-10T13:55:49.562+0600] {dag.py:4180} INFO - Setting next_dagrun for example_python_operator to None, run_after=None
[2025-02-10T13:55:49.604+0600] {processor.py:208} INFO - Processing /home/shamim/airflow_git/Airflow_project/air_venv/lib/python3.12/site-packages/airflow/example_dags/example_python_operator.py took 0.155 seconds
[2025-02-10T13:57:17.773+0600] {processor.py:186} INFO - Started process (PID=22077) to work on /home/shamim/airflow_git/Airflow_project/air_venv/lib/python3.12/site-packages/airflow/example_dags/example_python_operator.py
[2025-02-10T13:57:17.788+0600] {processor.py:914} INFO - Processing file /home/shamim/airflow_git/Airflow_project/air_venv/lib/python3.12/site-packages/airflow/example_dags/example_python_operator.py for tasks to queue
[2025-02-10T13:57:17.790+0600] {logging_mixin.py:190} INFO - [2025-02-10T13:57:17.789+0600] {dagbag.py:588} INFO - Filling up the DagBag from /home/shamim/airflow_git/Airflow_project/air_venv/lib/python3.12/site-packages/airflow/example_dags/example_python_operator.py
[2025-02-10T13:57:17.799+0600] {logging_mixin.py:190} INFO - [2025-02-10T13:57:17.798+0600] {example_python_operator.py:93} WARNING - The virtalenv_python example task requires virtualenv, please install it.
[2025-02-10T13:57:17.802+0600] {processor.py:925} INFO - DAG(s) 'example_python_operator' retrieved from /home/shamim/airflow_git/Airflow_project/air_venv/lib/python3.12/site-packages/airflow/example_dags/example_python_operator.py
[2025-02-10T13:57:17.823+0600] {logging_mixin.py:190} INFO - [2025-02-10T13:57:17.823+0600] {dag.py:3239} INFO - Sync 1 DAGs
[2025-02-10T13:57:17.839+0600] {logging_mixin.py:190} INFO - [2025-02-10T13:57:17.838+0600] {dag.py:4180} INFO - Setting next_dagrun for example_python_operator to None, run_after=None
[2025-02-10T13:57:17.860+0600] {processor.py:208} INFO - Processing /home/shamim/airflow_git/Airflow_project/air_venv/lib/python3.12/site-packages/airflow/example_dags/example_python_operator.py took 0.101 seconds
[2025-02-10T13:58:41.951+0600] {processor.py:186} INFO - Started process (PID=22221) to work on /home/shamim/airflow_git/Airflow_project/air_venv/lib/python3.12/site-packages/airflow/example_dags/example_python_operator.py
[2025-02-10T13:58:41.955+0600] {processor.py:914} INFO - Processing file /home/shamim/airflow_git/Airflow_project/air_venv/lib/python3.12/site-packages/airflow/example_dags/example_python_operator.py for tasks to queue
[2025-02-10T13:58:41.957+0600] {logging_mixin.py:190} INFO - [2025-02-10T13:58:41.956+0600] {dagbag.py:588} INFO - Filling up the DagBag from /home/shamim/airflow_git/Airflow_project/air_venv/lib/python3.12/site-packages/airflow/example_dags/example_python_operator.py
[2025-02-10T13:58:41.965+0600] {logging_mixin.py:190} INFO - [2025-02-10T13:58:41.965+0600] {example_python_operator.py:93} WARNING - The virtalenv_python example task requires virtualenv, please install it.
[2025-02-10T13:58:41.969+0600] {processor.py:925} INFO - DAG(s) 'example_python_operator' retrieved from /home/shamim/airflow_git/Airflow_project/air_venv/lib/python3.12/site-packages/airflow/example_dags/example_python_operator.py
[2025-02-10T13:58:41.989+0600] {logging_mixin.py:190} INFO - [2025-02-10T13:58:41.989+0600] {dag.py:3239} INFO - Sync 1 DAGs
[2025-02-10T13:58:42.007+0600] {logging_mixin.py:190} INFO - [2025-02-10T13:58:42.007+0600] {dag.py:4180} INFO - Setting next_dagrun for example_python_operator to None, run_after=None
[2025-02-10T13:58:42.031+0600] {processor.py:208} INFO - Processing /home/shamim/airflow_git/Airflow_project/air_venv/lib/python3.12/site-packages/airflow/example_dags/example_python_operator.py took 0.090 seconds
[2025-02-10T13:59:53.313+0600] {processor.py:186} INFO - Started process (PID=22398) to work on /home/shamim/airflow_git/Airflow_project/air_venv/lib/python3.12/site-packages/airflow/example_dags/example_python_operator.py
[2025-02-10T13:59:53.319+0600] {processor.py:914} INFO - Processing file /home/shamim/airflow_git/Airflow_project/air_venv/lib/python3.12/site-packages/airflow/example_dags/example_python_operator.py for tasks to queue
[2025-02-10T13:59:53.320+0600] {logging_mixin.py:190} INFO - [2025-02-10T13:59:53.320+0600] {dagbag.py:588} INFO - Filling up the DagBag from /home/shamim/airflow_git/Airflow_project/air_venv/lib/python3.12/site-packages/airflow/example_dags/example_python_operator.py
[2025-02-10T13:59:53.328+0600] {logging_mixin.py:190} INFO - [2025-02-10T13:59:53.328+0600] {example_python_operator.py:93} WARNING - The virtalenv_python example task requires virtualenv, please install it.
[2025-02-10T13:59:53.331+0600] {processor.py:925} INFO - DAG(s) 'example_python_operator' retrieved from /home/shamim/airflow_git/Airflow_project/air_venv/lib/python3.12/site-packages/airflow/example_dags/example_python_operator.py
[2025-02-10T13:59:53.351+0600] {logging_mixin.py:190} INFO - [2025-02-10T13:59:53.351+0600] {dag.py:3239} INFO - Sync 1 DAGs
[2025-02-10T13:59:53.366+0600] {logging_mixin.py:190} INFO - [2025-02-10T13:59:53.366+0600] {dag.py:4180} INFO - Setting next_dagrun for example_python_operator to None, run_after=None
[2025-02-10T13:59:53.390+0600] {processor.py:208} INFO - Processing /home/shamim/airflow_git/Airflow_project/air_venv/lib/python3.12/site-packages/airflow/example_dags/example_python_operator.py took 0.087 seconds
[2025-02-10T14:00:57.793+0600] {processor.py:186} INFO - Started process (PID=22683) to work on /home/shamim/airflow_git/Airflow_project/air_venv/lib/python3.12/site-packages/airflow/example_dags/example_python_operator.py
[2025-02-10T14:00:57.800+0600] {processor.py:914} INFO - Processing file /home/shamim/airflow_git/Airflow_project/air_venv/lib/python3.12/site-packages/airflow/example_dags/example_python_operator.py for tasks to queue
[2025-02-10T14:00:57.801+0600] {logging_mixin.py:190} INFO - [2025-02-10T14:00:57.801+0600] {dagbag.py:588} INFO - Filling up the DagBag from /home/shamim/airflow_git/Airflow_project/air_venv/lib/python3.12/site-packages/airflow/example_dags/example_python_operator.py
[2025-02-10T14:00:57.811+0600] {logging_mixin.py:190} INFO - [2025-02-10T14:00:57.811+0600] {example_python_operator.py:93} WARNING - The virtalenv_python example task requires virtualenv, please install it.
[2025-02-10T14:00:57.814+0600] {processor.py:925} INFO - DAG(s) 'example_python_operator' retrieved from /home/shamim/airflow_git/Airflow_project/air_venv/lib/python3.12/site-packages/airflow/example_dags/example_python_operator.py
[2025-02-10T14:00:57.834+0600] {logging_mixin.py:190} INFO - [2025-02-10T14:00:57.834+0600] {dag.py:3239} INFO - Sync 1 DAGs
[2025-02-10T14:00:57.849+0600] {logging_mixin.py:190} INFO - [2025-02-10T14:00:57.849+0600] {dag.py:4180} INFO - Setting next_dagrun for example_python_operator to None, run_after=None
[2025-02-10T14:00:57.874+0600] {processor.py:208} INFO - Processing /home/shamim/airflow_git/Airflow_project/air_venv/lib/python3.12/site-packages/airflow/example_dags/example_python_operator.py took 0.091 seconds
[2025-02-10T14:02:07.871+0600] {processor.py:186} INFO - Started process (PID=23107) to work on /home/shamim/airflow_git/Airflow_project/air_venv/lib/python3.12/site-packages/airflow/example_dags/example_python_operator.py
[2025-02-10T14:02:07.880+0600] {processor.py:914} INFO - Processing file /home/shamim/airflow_git/Airflow_project/air_venv/lib/python3.12/site-packages/airflow/example_dags/example_python_operator.py for tasks to queue
[2025-02-10T14:02:07.887+0600] {logging_mixin.py:190} INFO - [2025-02-10T14:02:07.886+0600] {dagbag.py:588} INFO - Filling up the DagBag from /home/shamim/airflow_git/Airflow_project/air_venv/lib/python3.12/site-packages/airflow/example_dags/example_python_operator.py
[2025-02-10T14:02:07.901+0600] {logging_mixin.py:190} INFO - [2025-02-10T14:02:07.900+0600] {example_python_operator.py:93} WARNING - The virtalenv_python example task requires virtualenv, please install it.
[2025-02-10T14:02:07.904+0600] {processor.py:925} INFO - DAG(s) 'example_python_operator' retrieved from /home/shamim/airflow_git/Airflow_project/air_venv/lib/python3.12/site-packages/airflow/example_dags/example_python_operator.py
[2025-02-10T14:02:07.928+0600] {logging_mixin.py:190} INFO - [2025-02-10T14:02:07.928+0600] {dag.py:3239} INFO - Sync 1 DAGs
[2025-02-10T14:02:07.946+0600] {logging_mixin.py:190} INFO - [2025-02-10T14:02:07.945+0600] {dag.py:4180} INFO - Setting next_dagrun for example_python_operator to None, run_after=None
[2025-02-10T14:02:07.970+0600] {processor.py:208} INFO - Processing /home/shamim/airflow_git/Airflow_project/air_venv/lib/python3.12/site-packages/airflow/example_dags/example_python_operator.py took 0.118 seconds
[2025-02-10T14:03:19.757+0600] {processor.py:186} INFO - Started process (PID=23402) to work on /home/shamim/airflow_git/Airflow_project/air_venv/lib/python3.12/site-packages/airflow/example_dags/example_python_operator.py
[2025-02-10T14:03:19.763+0600] {processor.py:914} INFO - Processing file /home/shamim/airflow_git/Airflow_project/air_venv/lib/python3.12/site-packages/airflow/example_dags/example_python_operator.py for tasks to queue
[2025-02-10T14:03:19.765+0600] {logging_mixin.py:190} INFO - [2025-02-10T14:03:19.765+0600] {dagbag.py:588} INFO - Filling up the DagBag from /home/shamim/airflow_git/Airflow_project/air_venv/lib/python3.12/site-packages/airflow/example_dags/example_python_operator.py
[2025-02-10T14:03:19.774+0600] {logging_mixin.py:190} INFO - [2025-02-10T14:03:19.774+0600] {example_python_operator.py:93} WARNING - The virtalenv_python example task requires virtualenv, please install it.
[2025-02-10T14:03:19.777+0600] {processor.py:925} INFO - DAG(s) 'example_python_operator' retrieved from /home/shamim/airflow_git/Airflow_project/air_venv/lib/python3.12/site-packages/airflow/example_dags/example_python_operator.py
[2025-02-10T14:03:19.796+0600] {logging_mixin.py:190} INFO - [2025-02-10T14:03:19.796+0600] {dag.py:3239} INFO - Sync 1 DAGs
[2025-02-10T14:03:19.811+0600] {logging_mixin.py:190} INFO - [2025-02-10T14:03:19.811+0600] {dag.py:4180} INFO - Setting next_dagrun for example_python_operator to None, run_after=None
[2025-02-10T14:03:19.836+0600] {processor.py:208} INFO - Processing /home/shamim/airflow_git/Airflow_project/air_venv/lib/python3.12/site-packages/airflow/example_dags/example_python_operator.py took 0.087 seconds
[2025-02-10T14:04:46.102+0600] {processor.py:186} INFO - Started process (PID=24043) to work on /home/shamim/airflow_git/Airflow_project/air_venv/lib/python3.12/site-packages/airflow/example_dags/example_python_operator.py
[2025-02-10T14:04:46.109+0600] {processor.py:914} INFO - Processing file /home/shamim/airflow_git/Airflow_project/air_venv/lib/python3.12/site-packages/airflow/example_dags/example_python_operator.py for tasks to queue
[2025-02-10T14:04:46.112+0600] {logging_mixin.py:190} INFO - [2025-02-10T14:04:46.111+0600] {dagbag.py:588} INFO - Filling up the DagBag from /home/shamim/airflow_git/Airflow_project/air_venv/lib/python3.12/site-packages/airflow/example_dags/example_python_operator.py
[2025-02-10T14:04:46.122+0600] {logging_mixin.py:190} INFO - [2025-02-10T14:04:46.121+0600] {example_python_operator.py:93} WARNING - The virtalenv_python example task requires virtualenv, please install it.
[2025-02-10T14:04:46.125+0600] {processor.py:925} INFO - DAG(s) 'example_python_operator' retrieved from /home/shamim/airflow_git/Airflow_project/air_venv/lib/python3.12/site-packages/airflow/example_dags/example_python_operator.py
[2025-02-10T14:04:46.147+0600] {logging_mixin.py:190} INFO - [2025-02-10T14:04:46.147+0600] {dag.py:3239} INFO - Sync 1 DAGs
[2025-02-10T14:04:46.165+0600] {logging_mixin.py:190} INFO - [2025-02-10T14:04:46.165+0600] {dag.py:4180} INFO - Setting next_dagrun for example_python_operator to None, run_after=None
[2025-02-10T14:04:46.205+0600] {processor.py:208} INFO - Processing /home/shamim/airflow_git/Airflow_project/air_venv/lib/python3.12/site-packages/airflow/example_dags/example_python_operator.py took 0.109 seconds
