[2025-02-10T13:00:04.079+0600] {processor.py:186} INFO - Started process (PID=13211) to work on /home/shamim/airflow_git/Airflow_project/air_venv/lib/python3.12/site-packages/airflow/example_dags/example_complex.py
[2025-02-10T13:00:04.080+0600] {processor.py:914} INFO - Processing file /home/shamim/airflow_git/Airflow_project/air_venv/lib/python3.12/site-packages/airflow/example_dags/example_complex.py for tasks to queue
[2025-02-10T13:00:04.088+0600] {logging_mixin.py:190} INFO - [2025-02-10T13:00:04.087+0600] {dagbag.py:588} INFO - Filling up the DagBag from /home/shamim/airflow_git/Airflow_project/air_venv/lib/python3.12/site-packages/airflow/example_dags/example_complex.py
[2025-02-10T13:00:04.133+0600] {processor.py:925} INFO - DAG(s) 'example_complex' retrieved from /home/shamim/airflow_git/Airflow_project/air_venv/lib/python3.12/site-packages/airflow/example_dags/example_complex.py
[2025-02-10T13:00:04.461+0600] {logging_mixin.py:190} INFO - [2025-02-10T13:00:04.458+0600] {override.py:1930} INFO - Created Permission View: can delete on DAG:example_complex
[2025-02-10T13:00:04.518+0600] {logging_mixin.py:190} INFO - [2025-02-10T13:00:04.518+0600] {override.py:1930} INFO - Created Permission View: can edit on DAG:example_complex
[2025-02-10T13:00:04.543+0600] {logging_mixin.py:190} INFO - [2025-02-10T13:00:04.541+0600] {override.py:1930} INFO - Created Permission View: can read on DAG:example_complex
[2025-02-10T13:00:04.647+0600] {logging_mixin.py:190} INFO - [2025-02-10T13:00:04.644+0600] {override.py:1930} INFO - Created Permission View: can delete on DAG Run:example_complex
[2025-02-10T13:00:04.684+0600] {logging_mixin.py:190} INFO - [2025-02-10T13:00:04.683+0600] {override.py:1930} INFO - Created Permission View: can read on DAG Run:example_complex
[2025-02-10T13:00:04.702+0600] {logging_mixin.py:190} INFO - [2025-02-10T13:00:04.702+0600] {override.py:1930} INFO - Created Permission View: can create on DAG Run:example_complex
[2025-02-10T13:00:04.724+0600] {logging_mixin.py:190} INFO - [2025-02-10T13:00:04.723+0600] {override.py:1930} INFO - Created Permission View: menu access on DAG Run:example_complex
[2025-02-10T13:00:04.725+0600] {logging_mixin.py:190} INFO - [2025-02-10T13:00:04.725+0600] {dag.py:3239} INFO - Sync 1 DAGs
[2025-02-10T13:00:04.753+0600] {logging_mixin.py:190} INFO - [2025-02-10T13:00:04.753+0600] {dag.py:3262} INFO - Creating ORM DAG for example_complex
[2025-02-10T13:00:04.754+0600] {logging_mixin.py:190} INFO - [2025-02-10T13:00:04.754+0600] {dag.py:4180} INFO - Setting next_dagrun for example_complex to None, run_after=None
[2025-02-10T13:00:04.799+0600] {processor.py:208} INFO - Processing /home/shamim/airflow_git/Airflow_project/air_venv/lib/python3.12/site-packages/airflow/example_dags/example_complex.py took 0.734 seconds
[2025-02-10T13:01:30.205+0600] {processor.py:186} INFO - Started process (PID=13598) to work on /home/shamim/airflow_git/Airflow_project/air_venv/lib/python3.12/site-packages/airflow/example_dags/example_complex.py
[2025-02-10T13:01:30.211+0600] {processor.py:914} INFO - Processing file /home/shamim/airflow_git/Airflow_project/air_venv/lib/python3.12/site-packages/airflow/example_dags/example_complex.py for tasks to queue
[2025-02-10T13:01:30.216+0600] {logging_mixin.py:190} INFO - [2025-02-10T13:01:30.215+0600] {dagbag.py:588} INFO - Filling up the DagBag from /home/shamim/airflow_git/Airflow_project/air_venv/lib/python3.12/site-packages/airflow/example_dags/example_complex.py
[2025-02-10T13:01:30.242+0600] {processor.py:925} INFO - DAG(s) 'example_complex' retrieved from /home/shamim/airflow_git/Airflow_project/air_venv/lib/python3.12/site-packages/airflow/example_dags/example_complex.py
[2025-02-10T13:01:30.279+0600] {logging_mixin.py:190} INFO - [2025-02-10T13:01:30.278+0600] {dag.py:3239} INFO - Sync 1 DAGs
[2025-02-10T13:01:30.293+0600] {logging_mixin.py:190} INFO - [2025-02-10T13:01:30.293+0600] {dag.py:4180} INFO - Setting next_dagrun for example_complex to None, run_after=None
[2025-02-10T13:01:30.320+0600] {processor.py:208} INFO - Processing /home/shamim/airflow_git/Airflow_project/air_venv/lib/python3.12/site-packages/airflow/example_dags/example_complex.py took 0.125 seconds
[2025-02-10T13:02:42.595+0600] {processor.py:186} INFO - Started process (PID=13738) to work on /home/shamim/airflow_git/Airflow_project/air_venv/lib/python3.12/site-packages/airflow/example_dags/example_complex.py
[2025-02-10T13:02:42.602+0600] {processor.py:914} INFO - Processing file /home/shamim/airflow_git/Airflow_project/air_venv/lib/python3.12/site-packages/airflow/example_dags/example_complex.py for tasks to queue
[2025-02-10T13:02:42.605+0600] {logging_mixin.py:190} INFO - [2025-02-10T13:02:42.604+0600] {dagbag.py:588} INFO - Filling up the DagBag from /home/shamim/airflow_git/Airflow_project/air_venv/lib/python3.12/site-packages/airflow/example_dags/example_complex.py
[2025-02-10T13:02:42.621+0600] {processor.py:925} INFO - DAG(s) 'example_complex' retrieved from /home/shamim/airflow_git/Airflow_project/air_venv/lib/python3.12/site-packages/airflow/example_dags/example_complex.py
[2025-02-10T13:02:42.653+0600] {logging_mixin.py:190} INFO - [2025-02-10T13:02:42.653+0600] {dag.py:3239} INFO - Sync 1 DAGs
[2025-02-10T13:02:42.668+0600] {logging_mixin.py:190} INFO - [2025-02-10T13:02:42.667+0600] {dag.py:4180} INFO - Setting next_dagrun for example_complex to None, run_after=None
[2025-02-10T13:02:42.691+0600] {processor.py:208} INFO - Processing /home/shamim/airflow_git/Airflow_project/air_venv/lib/python3.12/site-packages/airflow/example_dags/example_complex.py took 0.103 seconds
[2025-02-10T13:03:47.162+0600] {processor.py:186} INFO - Started process (PID=13894) to work on /home/shamim/airflow_git/Airflow_project/air_venv/lib/python3.12/site-packages/airflow/example_dags/example_complex.py
[2025-02-10T13:03:47.168+0600] {processor.py:914} INFO - Processing file /home/shamim/airflow_git/Airflow_project/air_venv/lib/python3.12/site-packages/airflow/example_dags/example_complex.py for tasks to queue
[2025-02-10T13:03:47.172+0600] {logging_mixin.py:190} INFO - [2025-02-10T13:03:47.171+0600] {dagbag.py:588} INFO - Filling up the DagBag from /home/shamim/airflow_git/Airflow_project/air_venv/lib/python3.12/site-packages/airflow/example_dags/example_complex.py
[2025-02-10T13:03:47.189+0600] {processor.py:925} INFO - DAG(s) 'example_complex' retrieved from /home/shamim/airflow_git/Airflow_project/air_venv/lib/python3.12/site-packages/airflow/example_dags/example_complex.py
[2025-02-10T13:03:47.227+0600] {logging_mixin.py:190} INFO - [2025-02-10T13:03:47.226+0600] {dag.py:3239} INFO - Sync 1 DAGs
[2025-02-10T13:03:47.244+0600] {logging_mixin.py:190} INFO - [2025-02-10T13:03:47.244+0600] {dag.py:4180} INFO - Setting next_dagrun for example_complex to None, run_after=None
[2025-02-10T13:03:47.274+0600] {processor.py:208} INFO - Processing /home/shamim/airflow_git/Airflow_project/air_venv/lib/python3.12/site-packages/airflow/example_dags/example_complex.py took 0.123 seconds
[2025-02-10T13:04:54.515+0600] {processor.py:186} INFO - Started process (PID=14042) to work on /home/shamim/airflow_git/Airflow_project/air_venv/lib/python3.12/site-packages/airflow/example_dags/example_complex.py
[2025-02-10T13:04:54.522+0600] {processor.py:914} INFO - Processing file /home/shamim/airflow_git/Airflow_project/air_venv/lib/python3.12/site-packages/airflow/example_dags/example_complex.py for tasks to queue
[2025-02-10T13:04:54.525+0600] {logging_mixin.py:190} INFO - [2025-02-10T13:04:54.524+0600] {dagbag.py:588} INFO - Filling up the DagBag from /home/shamim/airflow_git/Airflow_project/air_venv/lib/python3.12/site-packages/airflow/example_dags/example_complex.py
[2025-02-10T13:04:54.541+0600] {processor.py:925} INFO - DAG(s) 'example_complex' retrieved from /home/shamim/airflow_git/Airflow_project/air_venv/lib/python3.12/site-packages/airflow/example_dags/example_complex.py
[2025-02-10T13:04:54.573+0600] {logging_mixin.py:190} INFO - [2025-02-10T13:04:54.572+0600] {dag.py:3239} INFO - Sync 1 DAGs
[2025-02-10T13:04:54.587+0600] {logging_mixin.py:190} INFO - [2025-02-10T13:04:54.587+0600] {dag.py:4180} INFO - Setting next_dagrun for example_complex to None, run_after=None
[2025-02-10T13:04:54.612+0600] {processor.py:208} INFO - Processing /home/shamim/airflow_git/Airflow_project/air_venv/lib/python3.12/site-packages/airflow/example_dags/example_complex.py took 0.104 seconds
[2025-02-10T13:06:03.113+0600] {processor.py:186} INFO - Started process (PID=14148) to work on /home/shamim/airflow_git/Airflow_project/air_venv/lib/python3.12/site-packages/airflow/example_dags/example_complex.py
[2025-02-10T13:06:03.119+0600] {processor.py:914} INFO - Processing file /home/shamim/airflow_git/Airflow_project/air_venv/lib/python3.12/site-packages/airflow/example_dags/example_complex.py for tasks to queue
[2025-02-10T13:06:03.123+0600] {logging_mixin.py:190} INFO - [2025-02-10T13:06:03.122+0600] {dagbag.py:588} INFO - Filling up the DagBag from /home/shamim/airflow_git/Airflow_project/air_venv/lib/python3.12/site-packages/airflow/example_dags/example_complex.py
[2025-02-10T13:06:03.141+0600] {processor.py:925} INFO - DAG(s) 'example_complex' retrieved from /home/shamim/airflow_git/Airflow_project/air_venv/lib/python3.12/site-packages/airflow/example_dags/example_complex.py
[2025-02-10T13:06:03.172+0600] {logging_mixin.py:190} INFO - [2025-02-10T13:06:03.172+0600] {dag.py:3239} INFO - Sync 1 DAGs
[2025-02-10T13:06:03.187+0600] {logging_mixin.py:190} INFO - [2025-02-10T13:06:03.186+0600] {dag.py:4180} INFO - Setting next_dagrun for example_complex to None, run_after=None
[2025-02-10T13:06:03.210+0600] {processor.py:208} INFO - Processing /home/shamim/airflow_git/Airflow_project/air_venv/lib/python3.12/site-packages/airflow/example_dags/example_complex.py took 0.106 seconds
[2025-02-10T13:07:11.018+0600] {processor.py:186} INFO - Started process (PID=14307) to work on /home/shamim/airflow_git/Airflow_project/air_venv/lib/python3.12/site-packages/airflow/example_dags/example_complex.py
[2025-02-10T13:07:11.021+0600] {processor.py:914} INFO - Processing file /home/shamim/airflow_git/Airflow_project/air_venv/lib/python3.12/site-packages/airflow/example_dags/example_complex.py for tasks to queue
[2025-02-10T13:07:11.025+0600] {logging_mixin.py:190} INFO - [2025-02-10T13:07:11.024+0600] {dagbag.py:588} INFO - Filling up the DagBag from /home/shamim/airflow_git/Airflow_project/air_venv/lib/python3.12/site-packages/airflow/example_dags/example_complex.py
[2025-02-10T13:07:11.042+0600] {processor.py:925} INFO - DAG(s) 'example_complex' retrieved from /home/shamim/airflow_git/Airflow_project/air_venv/lib/python3.12/site-packages/airflow/example_dags/example_complex.py
[2025-02-10T13:07:11.094+0600] {logging_mixin.py:190} INFO - [2025-02-10T13:07:11.094+0600] {dag.py:3239} INFO - Sync 1 DAGs
[2025-02-10T13:07:11.120+0600] {logging_mixin.py:190} INFO - [2025-02-10T13:07:11.119+0600] {dag.py:4180} INFO - Setting next_dagrun for example_complex to None, run_after=None
[2025-02-10T13:07:11.158+0600] {processor.py:208} INFO - Processing /home/shamim/airflow_git/Airflow_project/air_venv/lib/python3.12/site-packages/airflow/example_dags/example_complex.py took 0.147 seconds
[2025-02-10T13:08:26.588+0600] {processor.py:186} INFO - Started process (PID=14497) to work on /home/shamim/airflow_git/Airflow_project/air_venv/lib/python3.12/site-packages/airflow/example_dags/example_complex.py
[2025-02-10T13:08:26.594+0600] {processor.py:914} INFO - Processing file /home/shamim/airflow_git/Airflow_project/air_venv/lib/python3.12/site-packages/airflow/example_dags/example_complex.py for tasks to queue
[2025-02-10T13:08:26.598+0600] {logging_mixin.py:190} INFO - [2025-02-10T13:08:26.598+0600] {dagbag.py:588} INFO - Filling up the DagBag from /home/shamim/airflow_git/Airflow_project/air_venv/lib/python3.12/site-packages/airflow/example_dags/example_complex.py
[2025-02-10T13:08:26.628+0600] {processor.py:925} INFO - DAG(s) 'example_complex' retrieved from /home/shamim/airflow_git/Airflow_project/air_venv/lib/python3.12/site-packages/airflow/example_dags/example_complex.py
[2025-02-10T13:08:26.680+0600] {logging_mixin.py:190} INFO - [2025-02-10T13:08:26.680+0600] {dag.py:3239} INFO - Sync 1 DAGs
[2025-02-10T13:08:26.696+0600] {logging_mixin.py:190} INFO - [2025-02-10T13:08:26.696+0600] {dag.py:4180} INFO - Setting next_dagrun for example_complex to None, run_after=None
[2025-02-10T13:08:26.726+0600] {processor.py:208} INFO - Processing /home/shamim/airflow_git/Airflow_project/air_venv/lib/python3.12/site-packages/airflow/example_dags/example_complex.py took 0.152 seconds
[2025-02-10T13:09:34.409+0600] {processor.py:186} INFO - Started process (PID=14759) to work on /home/shamim/airflow_git/Airflow_project/air_venv/lib/python3.12/site-packages/airflow/example_dags/example_complex.py
[2025-02-10T13:09:34.417+0600] {processor.py:914} INFO - Processing file /home/shamim/airflow_git/Airflow_project/air_venv/lib/python3.12/site-packages/airflow/example_dags/example_complex.py for tasks to queue
[2025-02-10T13:09:34.427+0600] {logging_mixin.py:190} INFO - [2025-02-10T13:09:34.425+0600] {dagbag.py:588} INFO - Filling up the DagBag from /home/shamim/airflow_git/Airflow_project/air_venv/lib/python3.12/site-packages/airflow/example_dags/example_complex.py
[2025-02-10T13:09:34.472+0600] {processor.py:925} INFO - DAG(s) 'example_complex' retrieved from /home/shamim/airflow_git/Airflow_project/air_venv/lib/python3.12/site-packages/airflow/example_dags/example_complex.py
[2025-02-10T13:09:34.510+0600] {logging_mixin.py:190} INFO - [2025-02-10T13:09:34.510+0600] {dag.py:3239} INFO - Sync 1 DAGs
[2025-02-10T13:09:34.527+0600] {logging_mixin.py:190} INFO - [2025-02-10T13:09:34.527+0600] {dag.py:4180} INFO - Setting next_dagrun for example_complex to None, run_after=None
[2025-02-10T13:09:34.556+0600] {processor.py:208} INFO - Processing /home/shamim/airflow_git/Airflow_project/air_venv/lib/python3.12/site-packages/airflow/example_dags/example_complex.py took 0.177 seconds
[2025-02-10T13:10:44.232+0600] {processor.py:186} INFO - Started process (PID=14867) to work on /home/shamim/airflow_git/Airflow_project/air_venv/lib/python3.12/site-packages/airflow/example_dags/example_complex.py
[2025-02-10T13:10:44.238+0600] {processor.py:914} INFO - Processing file /home/shamim/airflow_git/Airflow_project/air_venv/lib/python3.12/site-packages/airflow/example_dags/example_complex.py for tasks to queue
[2025-02-10T13:10:44.243+0600] {logging_mixin.py:190} INFO - [2025-02-10T13:10:44.242+0600] {dagbag.py:588} INFO - Filling up the DagBag from /home/shamim/airflow_git/Airflow_project/air_venv/lib/python3.12/site-packages/airflow/example_dags/example_complex.py
[2025-02-10T13:10:44.261+0600] {processor.py:925} INFO - DAG(s) 'example_complex' retrieved from /home/shamim/airflow_git/Airflow_project/air_venv/lib/python3.12/site-packages/airflow/example_dags/example_complex.py
[2025-02-10T13:10:44.293+0600] {logging_mixin.py:190} INFO - [2025-02-10T13:10:44.293+0600] {dag.py:3239} INFO - Sync 1 DAGs
[2025-02-10T13:10:44.308+0600] {logging_mixin.py:190} INFO - [2025-02-10T13:10:44.308+0600] {dag.py:4180} INFO - Setting next_dagrun for example_complex to None, run_after=None
[2025-02-10T13:10:44.332+0600] {processor.py:208} INFO - Processing /home/shamim/airflow_git/Airflow_project/air_venv/lib/python3.12/site-packages/airflow/example_dags/example_complex.py took 0.112 seconds
[2025-02-10T13:12:01.999+0600] {processor.py:186} INFO - Started process (PID=14963) to work on /home/shamim/airflow_git/Airflow_project/air_venv/lib/python3.12/site-packages/airflow/example_dags/example_complex.py
[2025-02-10T13:12:02.006+0600] {processor.py:914} INFO - Processing file /home/shamim/airflow_git/Airflow_project/air_venv/lib/python3.12/site-packages/airflow/example_dags/example_complex.py for tasks to queue
[2025-02-10T13:12:02.008+0600] {logging_mixin.py:190} INFO - [2025-02-10T13:12:02.008+0600] {dagbag.py:588} INFO - Filling up the DagBag from /home/shamim/airflow_git/Airflow_project/air_venv/lib/python3.12/site-packages/airflow/example_dags/example_complex.py
[2025-02-10T13:12:02.023+0600] {processor.py:925} INFO - DAG(s) 'example_complex' retrieved from /home/shamim/airflow_git/Airflow_project/air_venv/lib/python3.12/site-packages/airflow/example_dags/example_complex.py
[2025-02-10T13:12:02.055+0600] {logging_mixin.py:190} INFO - [2025-02-10T13:12:02.054+0600] {dag.py:3239} INFO - Sync 1 DAGs
[2025-02-10T13:12:02.069+0600] {logging_mixin.py:190} INFO - [2025-02-10T13:12:02.069+0600] {dag.py:4180} INFO - Setting next_dagrun for example_complex to None, run_after=None
[2025-02-10T13:12:02.093+0600] {processor.py:208} INFO - Processing /home/shamim/airflow_git/Airflow_project/air_venv/lib/python3.12/site-packages/airflow/example_dags/example_complex.py took 0.103 seconds
[2025-02-10T13:13:18.162+0600] {processor.py:186} INFO - Started process (PID=15085) to work on /home/shamim/airflow_git/Airflow_project/air_venv/lib/python3.12/site-packages/airflow/example_dags/example_complex.py
[2025-02-10T13:13:18.166+0600] {processor.py:914} INFO - Processing file /home/shamim/airflow_git/Airflow_project/air_venv/lib/python3.12/site-packages/airflow/example_dags/example_complex.py for tasks to queue
[2025-02-10T13:13:18.169+0600] {logging_mixin.py:190} INFO - [2025-02-10T13:13:18.169+0600] {dagbag.py:588} INFO - Filling up the DagBag from /home/shamim/airflow_git/Airflow_project/air_venv/lib/python3.12/site-packages/airflow/example_dags/example_complex.py
[2025-02-10T13:13:18.191+0600] {processor.py:925} INFO - DAG(s) 'example_complex' retrieved from /home/shamim/airflow_git/Airflow_project/air_venv/lib/python3.12/site-packages/airflow/example_dags/example_complex.py
[2025-02-10T13:13:18.230+0600] {logging_mixin.py:190} INFO - [2025-02-10T13:13:18.230+0600] {dag.py:3239} INFO - Sync 1 DAGs
[2025-02-10T13:13:18.246+0600] {logging_mixin.py:190} INFO - [2025-02-10T13:13:18.246+0600] {dag.py:4180} INFO - Setting next_dagrun for example_complex to None, run_after=None
[2025-02-10T13:13:18.276+0600] {processor.py:208} INFO - Processing /home/shamim/airflow_git/Airflow_project/air_venv/lib/python3.12/site-packages/airflow/example_dags/example_complex.py took 0.126 seconds
[2025-02-10T13:14:29.400+0600] {processor.py:186} INFO - Started process (PID=15207) to work on /home/shamim/airflow_git/Airflow_project/air_venv/lib/python3.12/site-packages/airflow/example_dags/example_complex.py
[2025-02-10T13:14:29.407+0600] {processor.py:914} INFO - Processing file /home/shamim/airflow_git/Airflow_project/air_venv/lib/python3.12/site-packages/airflow/example_dags/example_complex.py for tasks to queue
[2025-02-10T13:14:29.410+0600] {logging_mixin.py:190} INFO - [2025-02-10T13:14:29.409+0600] {dagbag.py:588} INFO - Filling up the DagBag from /home/shamim/airflow_git/Airflow_project/air_venv/lib/python3.12/site-packages/airflow/example_dags/example_complex.py
[2025-02-10T13:14:29.425+0600] {processor.py:925} INFO - DAG(s) 'example_complex' retrieved from /home/shamim/airflow_git/Airflow_project/air_venv/lib/python3.12/site-packages/airflow/example_dags/example_complex.py
[2025-02-10T13:14:29.461+0600] {logging_mixin.py:190} INFO - [2025-02-10T13:14:29.460+0600] {dag.py:3239} INFO - Sync 1 DAGs
[2025-02-10T13:14:29.478+0600] {logging_mixin.py:190} INFO - [2025-02-10T13:14:29.478+0600] {dag.py:4180} INFO - Setting next_dagrun for example_complex to None, run_after=None
[2025-02-10T13:14:29.505+0600] {processor.py:208} INFO - Processing /home/shamim/airflow_git/Airflow_project/air_venv/lib/python3.12/site-packages/airflow/example_dags/example_complex.py took 0.121 seconds
[2025-02-10T13:15:37.438+0600] {processor.py:186} INFO - Started process (PID=15300) to work on /home/shamim/airflow_git/Airflow_project/air_venv/lib/python3.12/site-packages/airflow/example_dags/example_complex.py
[2025-02-10T13:15:37.444+0600] {processor.py:914} INFO - Processing file /home/shamim/airflow_git/Airflow_project/air_venv/lib/python3.12/site-packages/airflow/example_dags/example_complex.py for tasks to queue
[2025-02-10T13:15:37.450+0600] {logging_mixin.py:190} INFO - [2025-02-10T13:15:37.449+0600] {dagbag.py:588} INFO - Filling up the DagBag from /home/shamim/airflow_git/Airflow_project/air_venv/lib/python3.12/site-packages/airflow/example_dags/example_complex.py
[2025-02-10T13:15:37.471+0600] {processor.py:925} INFO - DAG(s) 'example_complex' retrieved from /home/shamim/airflow_git/Airflow_project/air_venv/lib/python3.12/site-packages/airflow/example_dags/example_complex.py
[2025-02-10T13:15:37.503+0600] {logging_mixin.py:190} INFO - [2025-02-10T13:15:37.503+0600] {dag.py:3239} INFO - Sync 1 DAGs
[2025-02-10T13:15:37.519+0600] {logging_mixin.py:190} INFO - [2025-02-10T13:15:37.518+0600] {dag.py:4180} INFO - Setting next_dagrun for example_complex to None, run_after=None
[2025-02-10T13:15:37.547+0600] {processor.py:208} INFO - Processing /home/shamim/airflow_git/Airflow_project/air_venv/lib/python3.12/site-packages/airflow/example_dags/example_complex.py took 0.122 seconds
[2025-02-10T13:16:46.290+0600] {processor.py:186} INFO - Started process (PID=15393) to work on /home/shamim/airflow_git/Airflow_project/air_venv/lib/python3.12/site-packages/airflow/example_dags/example_complex.py
[2025-02-10T13:16:46.296+0600] {processor.py:914} INFO - Processing file /home/shamim/airflow_git/Airflow_project/air_venv/lib/python3.12/site-packages/airflow/example_dags/example_complex.py for tasks to queue
[2025-02-10T13:16:46.301+0600] {logging_mixin.py:190} INFO - [2025-02-10T13:16:46.300+0600] {dagbag.py:588} INFO - Filling up the DagBag from /home/shamim/airflow_git/Airflow_project/air_venv/lib/python3.12/site-packages/airflow/example_dags/example_complex.py
[2025-02-10T13:16:46.319+0600] {processor.py:925} INFO - DAG(s) 'example_complex' retrieved from /home/shamim/airflow_git/Airflow_project/air_venv/lib/python3.12/site-packages/airflow/example_dags/example_complex.py
[2025-02-10T13:16:46.353+0600] {logging_mixin.py:190} INFO - [2025-02-10T13:16:46.353+0600] {dag.py:3239} INFO - Sync 1 DAGs
[2025-02-10T13:16:46.370+0600] {logging_mixin.py:190} INFO - [2025-02-10T13:16:46.369+0600] {dag.py:4180} INFO - Setting next_dagrun for example_complex to None, run_after=None
[2025-02-10T13:16:46.396+0600] {processor.py:208} INFO - Processing /home/shamim/airflow_git/Airflow_project/air_venv/lib/python3.12/site-packages/airflow/example_dags/example_complex.py took 0.117 seconds
[2025-02-10T13:17:58.055+0600] {processor.py:186} INFO - Started process (PID=15598) to work on /home/shamim/airflow_git/Airflow_project/air_venv/lib/python3.12/site-packages/airflow/example_dags/example_complex.py
[2025-02-10T13:17:58.062+0600] {processor.py:914} INFO - Processing file /home/shamim/airflow_git/Airflow_project/air_venv/lib/python3.12/site-packages/airflow/example_dags/example_complex.py for tasks to queue
[2025-02-10T13:17:58.067+0600] {logging_mixin.py:190} INFO - [2025-02-10T13:17:58.066+0600] {dagbag.py:588} INFO - Filling up the DagBag from /home/shamim/airflow_git/Airflow_project/air_venv/lib/python3.12/site-packages/airflow/example_dags/example_complex.py
[2025-02-10T13:17:58.098+0600] {processor.py:925} INFO - DAG(s) 'example_complex' retrieved from /home/shamim/airflow_git/Airflow_project/air_venv/lib/python3.12/site-packages/airflow/example_dags/example_complex.py
[2025-02-10T13:17:58.145+0600] {logging_mixin.py:190} INFO - [2025-02-10T13:17:58.145+0600] {dag.py:3239} INFO - Sync 1 DAGs
[2025-02-10T13:17:58.163+0600] {logging_mixin.py:190} INFO - [2025-02-10T13:17:58.163+0600] {dag.py:4180} INFO - Setting next_dagrun for example_complex to None, run_after=None
[2025-02-10T13:17:58.194+0600] {processor.py:208} INFO - Processing /home/shamim/airflow_git/Airflow_project/air_venv/lib/python3.12/site-packages/airflow/example_dags/example_complex.py took 0.175 seconds
[2025-02-10T13:19:16.728+0600] {processor.py:186} INFO - Started process (PID=15995) to work on /home/shamim/airflow_git/Airflow_project/air_venv/lib/python3.12/site-packages/airflow/example_dags/example_complex.py
[2025-02-10T13:19:16.734+0600] {processor.py:914} INFO - Processing file /home/shamim/airflow_git/Airflow_project/air_venv/lib/python3.12/site-packages/airflow/example_dags/example_complex.py for tasks to queue
[2025-02-10T13:19:16.735+0600] {logging_mixin.py:190} INFO - [2025-02-10T13:19:16.735+0600] {dagbag.py:588} INFO - Filling up the DagBag from /home/shamim/airflow_git/Airflow_project/air_venv/lib/python3.12/site-packages/airflow/example_dags/example_complex.py
[2025-02-10T13:19:16.750+0600] {processor.py:925} INFO - DAG(s) 'example_complex' retrieved from /home/shamim/airflow_git/Airflow_project/air_venv/lib/python3.12/site-packages/airflow/example_dags/example_complex.py
[2025-02-10T13:19:16.783+0600] {logging_mixin.py:190} INFO - [2025-02-10T13:19:16.782+0600] {dag.py:3239} INFO - Sync 1 DAGs
[2025-02-10T13:19:16.803+0600] {logging_mixin.py:190} INFO - [2025-02-10T13:19:16.803+0600] {dag.py:4180} INFO - Setting next_dagrun for example_complex to None, run_after=None
[2025-02-10T13:19:16.830+0600] {processor.py:208} INFO - Processing /home/shamim/airflow_git/Airflow_project/air_venv/lib/python3.12/site-packages/airflow/example_dags/example_complex.py took 0.114 seconds
[2025-02-10T13:20:30.617+0600] {processor.py:186} INFO - Started process (PID=16559) to work on /home/shamim/airflow_git/Airflow_project/air_venv/lib/python3.12/site-packages/airflow/example_dags/example_complex.py
[2025-02-10T13:20:30.623+0600] {processor.py:914} INFO - Processing file /home/shamim/airflow_git/Airflow_project/air_venv/lib/python3.12/site-packages/airflow/example_dags/example_complex.py for tasks to queue
[2025-02-10T13:20:30.626+0600] {logging_mixin.py:190} INFO - [2025-02-10T13:20:30.625+0600] {dagbag.py:588} INFO - Filling up the DagBag from /home/shamim/airflow_git/Airflow_project/air_venv/lib/python3.12/site-packages/airflow/example_dags/example_complex.py
[2025-02-10T13:20:30.654+0600] {processor.py:925} INFO - DAG(s) 'example_complex' retrieved from /home/shamim/airflow_git/Airflow_project/air_venv/lib/python3.12/site-packages/airflow/example_dags/example_complex.py
[2025-02-10T13:20:30.789+0600] {logging_mixin.py:190} INFO - [2025-02-10T13:20:30.789+0600] {dag.py:3239} INFO - Sync 1 DAGs
[2025-02-10T13:20:30.818+0600] {logging_mixin.py:190} INFO - [2025-02-10T13:20:30.818+0600] {dag.py:4180} INFO - Setting next_dagrun for example_complex to None, run_after=None
[2025-02-10T13:20:30.844+0600] {processor.py:208} INFO - Processing /home/shamim/airflow_git/Airflow_project/air_venv/lib/python3.12/site-packages/airflow/example_dags/example_complex.py took 0.244 seconds
[2025-02-10T13:21:44.288+0600] {processor.py:186} INFO - Started process (PID=17144) to work on /home/shamim/airflow_git/Airflow_project/air_venv/lib/python3.12/site-packages/airflow/example_dags/example_complex.py
[2025-02-10T13:21:44.296+0600] {processor.py:914} INFO - Processing file /home/shamim/airflow_git/Airflow_project/air_venv/lib/python3.12/site-packages/airflow/example_dags/example_complex.py for tasks to queue
[2025-02-10T13:21:44.299+0600] {logging_mixin.py:190} INFO - [2025-02-10T13:21:44.297+0600] {dagbag.py:588} INFO - Filling up the DagBag from /home/shamim/airflow_git/Airflow_project/air_venv/lib/python3.12/site-packages/airflow/example_dags/example_complex.py
[2025-02-10T13:21:44.331+0600] {processor.py:925} INFO - DAG(s) 'example_complex' retrieved from /home/shamim/airflow_git/Airflow_project/air_venv/lib/python3.12/site-packages/airflow/example_dags/example_complex.py
[2025-02-10T13:21:44.392+0600] {logging_mixin.py:190} INFO - [2025-02-10T13:21:44.392+0600] {dag.py:3239} INFO - Sync 1 DAGs
[2025-02-10T13:21:44.414+0600] {logging_mixin.py:190} INFO - [2025-02-10T13:21:44.414+0600] {dag.py:4180} INFO - Setting next_dagrun for example_complex to None, run_after=None
[2025-02-10T13:21:44.452+0600] {processor.py:208} INFO - Processing /home/shamim/airflow_git/Airflow_project/air_venv/lib/python3.12/site-packages/airflow/example_dags/example_complex.py took 0.181 seconds
[2025-02-10T13:23:02.324+0600] {processor.py:186} INFO - Started process (PID=17425) to work on /home/shamim/airflow_git/Airflow_project/air_venv/lib/python3.12/site-packages/airflow/example_dags/example_complex.py
[2025-02-10T13:23:02.330+0600] {processor.py:914} INFO - Processing file /home/shamim/airflow_git/Airflow_project/air_venv/lib/python3.12/site-packages/airflow/example_dags/example_complex.py for tasks to queue
[2025-02-10T13:23:02.332+0600] {logging_mixin.py:190} INFO - [2025-02-10T13:23:02.331+0600] {dagbag.py:588} INFO - Filling up the DagBag from /home/shamim/airflow_git/Airflow_project/air_venv/lib/python3.12/site-packages/airflow/example_dags/example_complex.py
[2025-02-10T13:23:02.362+0600] {processor.py:925} INFO - DAG(s) 'example_complex' retrieved from /home/shamim/airflow_git/Airflow_project/air_venv/lib/python3.12/site-packages/airflow/example_dags/example_complex.py
[2025-02-10T13:23:02.398+0600] {logging_mixin.py:190} INFO - [2025-02-10T13:23:02.398+0600] {dag.py:3239} INFO - Sync 1 DAGs
[2025-02-10T13:23:02.415+0600] {logging_mixin.py:190} INFO - [2025-02-10T13:23:02.414+0600] {dag.py:4180} INFO - Setting next_dagrun for example_complex to None, run_after=None
[2025-02-10T13:23:02.443+0600] {processor.py:208} INFO - Processing /home/shamim/airflow_git/Airflow_project/air_venv/lib/python3.12/site-packages/airflow/example_dags/example_complex.py took 0.131 seconds
[2025-02-10T13:24:16.404+0600] {processor.py:186} INFO - Started process (PID=17544) to work on /home/shamim/airflow_git/Airflow_project/air_venv/lib/python3.12/site-packages/airflow/example_dags/example_complex.py
[2025-02-10T13:24:16.409+0600] {processor.py:914} INFO - Processing file /home/shamim/airflow_git/Airflow_project/air_venv/lib/python3.12/site-packages/airflow/example_dags/example_complex.py for tasks to queue
[2025-02-10T13:24:16.410+0600] {logging_mixin.py:190} INFO - [2025-02-10T13:24:16.410+0600] {dagbag.py:588} INFO - Filling up the DagBag from /home/shamim/airflow_git/Airflow_project/air_venv/lib/python3.12/site-packages/airflow/example_dags/example_complex.py
[2025-02-10T13:24:16.426+0600] {processor.py:925} INFO - DAG(s) 'example_complex' retrieved from /home/shamim/airflow_git/Airflow_project/air_venv/lib/python3.12/site-packages/airflow/example_dags/example_complex.py
[2025-02-10T13:24:16.459+0600] {logging_mixin.py:190} INFO - [2025-02-10T13:24:16.458+0600] {dag.py:3239} INFO - Sync 1 DAGs
[2025-02-10T13:24:16.475+0600] {logging_mixin.py:190} INFO - [2025-02-10T13:24:16.475+0600] {dag.py:4180} INFO - Setting next_dagrun for example_complex to None, run_after=None
[2025-02-10T13:24:16.497+0600] {processor.py:208} INFO - Processing /home/shamim/airflow_git/Airflow_project/air_venv/lib/python3.12/site-packages/airflow/example_dags/example_complex.py took 0.103 seconds
[2025-02-10T13:25:29.864+0600] {processor.py:186} INFO - Started process (PID=17747) to work on /home/shamim/airflow_git/Airflow_project/air_venv/lib/python3.12/site-packages/airflow/example_dags/example_complex.py
[2025-02-10T13:25:29.871+0600] {processor.py:914} INFO - Processing file /home/shamim/airflow_git/Airflow_project/air_venv/lib/python3.12/site-packages/airflow/example_dags/example_complex.py for tasks to queue
[2025-02-10T13:25:29.873+0600] {logging_mixin.py:190} INFO - [2025-02-10T13:25:29.872+0600] {dagbag.py:588} INFO - Filling up the DagBag from /home/shamim/airflow_git/Airflow_project/air_venv/lib/python3.12/site-packages/airflow/example_dags/example_complex.py
[2025-02-10T13:25:29.889+0600] {processor.py:925} INFO - DAG(s) 'example_complex' retrieved from /home/shamim/airflow_git/Airflow_project/air_venv/lib/python3.12/site-packages/airflow/example_dags/example_complex.py
[2025-02-10T13:25:29.921+0600] {logging_mixin.py:190} INFO - [2025-02-10T13:25:29.921+0600] {dag.py:3239} INFO - Sync 1 DAGs
[2025-02-10T13:25:29.937+0600] {logging_mixin.py:190} INFO - [2025-02-10T13:25:29.937+0600] {dag.py:4180} INFO - Setting next_dagrun for example_complex to None, run_after=None
[2025-02-10T13:25:29.973+0600] {processor.py:208} INFO - Processing /home/shamim/airflow_git/Airflow_project/air_venv/lib/python3.12/site-packages/airflow/example_dags/example_complex.py took 0.119 seconds
[2025-02-10T13:26:47.642+0600] {processor.py:186} INFO - Started process (PID=17858) to work on /home/shamim/airflow_git/Airflow_project/air_venv/lib/python3.12/site-packages/airflow/example_dags/example_complex.py
[2025-02-10T13:26:47.649+0600] {processor.py:914} INFO - Processing file /home/shamim/airflow_git/Airflow_project/air_venv/lib/python3.12/site-packages/airflow/example_dags/example_complex.py for tasks to queue
[2025-02-10T13:26:47.651+0600] {logging_mixin.py:190} INFO - [2025-02-10T13:26:47.650+0600] {dagbag.py:588} INFO - Filling up the DagBag from /home/shamim/airflow_git/Airflow_project/air_venv/lib/python3.12/site-packages/airflow/example_dags/example_complex.py
[2025-02-10T13:26:47.668+0600] {processor.py:925} INFO - DAG(s) 'example_complex' retrieved from /home/shamim/airflow_git/Airflow_project/air_venv/lib/python3.12/site-packages/airflow/example_dags/example_complex.py
[2025-02-10T13:26:47.700+0600] {logging_mixin.py:190} INFO - [2025-02-10T13:26:47.700+0600] {dag.py:3239} INFO - Sync 1 DAGs
[2025-02-10T13:26:47.716+0600] {logging_mixin.py:190} INFO - [2025-02-10T13:26:47.716+0600] {dag.py:4180} INFO - Setting next_dagrun for example_complex to None, run_after=None
[2025-02-10T13:26:47.751+0600] {processor.py:208} INFO - Processing /home/shamim/airflow_git/Airflow_project/air_venv/lib/python3.12/site-packages/airflow/example_dags/example_complex.py took 0.119 seconds
[2025-02-10T13:28:12.693+0600] {processor.py:186} INFO - Started process (PID=18312) to work on /home/shamim/airflow_git/Airflow_project/air_venv/lib/python3.12/site-packages/airflow/example_dags/example_complex.py
[2025-02-10T13:28:12.694+0600] {processor.py:914} INFO - Processing file /home/shamim/airflow_git/Airflow_project/air_venv/lib/python3.12/site-packages/airflow/example_dags/example_complex.py for tasks to queue
[2025-02-10T13:28:12.697+0600] {logging_mixin.py:190} INFO - [2025-02-10T13:28:12.696+0600] {dagbag.py:588} INFO - Filling up the DagBag from /home/shamim/airflow_git/Airflow_project/air_venv/lib/python3.12/site-packages/airflow/example_dags/example_complex.py
[2025-02-10T13:28:12.714+0600] {processor.py:925} INFO - DAG(s) 'example_complex' retrieved from /home/shamim/airflow_git/Airflow_project/air_venv/lib/python3.12/site-packages/airflow/example_dags/example_complex.py
[2025-02-10T13:28:12.753+0600] {logging_mixin.py:190} INFO - [2025-02-10T13:28:12.753+0600] {dag.py:3239} INFO - Sync 1 DAGs
[2025-02-10T13:28:12.773+0600] {logging_mixin.py:190} INFO - [2025-02-10T13:28:12.773+0600] {dag.py:4180} INFO - Setting next_dagrun for example_complex to None, run_after=None
[2025-02-10T13:28:12.799+0600] {processor.py:208} INFO - Processing /home/shamim/airflow_git/Airflow_project/air_venv/lib/python3.12/site-packages/airflow/example_dags/example_complex.py took 0.117 seconds
[2025-02-10T13:29:33.959+0600] {processor.py:186} INFO - Started process (PID=18737) to work on /home/shamim/airflow_git/Airflow_project/air_venv/lib/python3.12/site-packages/airflow/example_dags/example_complex.py
[2025-02-10T13:29:33.965+0600] {processor.py:914} INFO - Processing file /home/shamim/airflow_git/Airflow_project/air_venv/lib/python3.12/site-packages/airflow/example_dags/example_complex.py for tasks to queue
[2025-02-10T13:29:33.967+0600] {logging_mixin.py:190} INFO - [2025-02-10T13:29:33.966+0600] {dagbag.py:588} INFO - Filling up the DagBag from /home/shamim/airflow_git/Airflow_project/air_venv/lib/python3.12/site-packages/airflow/example_dags/example_complex.py
[2025-02-10T13:29:33.982+0600] {processor.py:925} INFO - DAG(s) 'example_complex' retrieved from /home/shamim/airflow_git/Airflow_project/air_venv/lib/python3.12/site-packages/airflow/example_dags/example_complex.py
[2025-02-10T13:29:34.014+0600] {logging_mixin.py:190} INFO - [2025-02-10T13:29:34.014+0600] {dag.py:3239} INFO - Sync 1 DAGs
[2025-02-10T13:29:34.031+0600] {logging_mixin.py:190} INFO - [2025-02-10T13:29:34.031+0600] {dag.py:4180} INFO - Setting next_dagrun for example_complex to None, run_after=None
[2025-02-10T13:29:34.078+0600] {processor.py:208} INFO - Processing /home/shamim/airflow_git/Airflow_project/air_venv/lib/python3.12/site-packages/airflow/example_dags/example_complex.py took 0.129 seconds
[2025-02-10T13:30:57.228+0600] {processor.py:186} INFO - Started process (PID=18860) to work on /home/shamim/airflow_git/Airflow_project/air_venv/lib/python3.12/site-packages/airflow/example_dags/example_complex.py
[2025-02-10T13:30:57.234+0600] {processor.py:914} INFO - Processing file /home/shamim/airflow_git/Airflow_project/air_venv/lib/python3.12/site-packages/airflow/example_dags/example_complex.py for tasks to queue
[2025-02-10T13:30:57.236+0600] {logging_mixin.py:190} INFO - [2025-02-10T13:30:57.235+0600] {dagbag.py:588} INFO - Filling up the DagBag from /home/shamim/airflow_git/Airflow_project/air_venv/lib/python3.12/site-packages/airflow/example_dags/example_complex.py
[2025-02-10T13:30:57.251+0600] {processor.py:925} INFO - DAG(s) 'example_complex' retrieved from /home/shamim/airflow_git/Airflow_project/air_venv/lib/python3.12/site-packages/airflow/example_dags/example_complex.py
[2025-02-10T13:30:57.283+0600] {logging_mixin.py:190} INFO - [2025-02-10T13:30:57.282+0600] {dag.py:3239} INFO - Sync 1 DAGs
[2025-02-10T13:30:57.299+0600] {logging_mixin.py:190} INFO - [2025-02-10T13:30:57.298+0600] {dag.py:4180} INFO - Setting next_dagrun for example_complex to None, run_after=None
[2025-02-10T13:30:57.333+0600] {processor.py:208} INFO - Processing /home/shamim/airflow_git/Airflow_project/air_venv/lib/python3.12/site-packages/airflow/example_dags/example_complex.py took 0.115 seconds
[2025-02-10T13:32:10.407+0600] {processor.py:186} INFO - Started process (PID=18967) to work on /home/shamim/airflow_git/Airflow_project/air_venv/lib/python3.12/site-packages/airflow/example_dags/example_complex.py
[2025-02-10T13:32:10.414+0600] {processor.py:914} INFO - Processing file /home/shamim/airflow_git/Airflow_project/air_venv/lib/python3.12/site-packages/airflow/example_dags/example_complex.py for tasks to queue
[2025-02-10T13:32:10.418+0600] {logging_mixin.py:190} INFO - [2025-02-10T13:32:10.417+0600] {dagbag.py:588} INFO - Filling up the DagBag from /home/shamim/airflow_git/Airflow_project/air_venv/lib/python3.12/site-packages/airflow/example_dags/example_complex.py
[2025-02-10T13:32:10.445+0600] {processor.py:925} INFO - DAG(s) 'example_complex' retrieved from /home/shamim/airflow_git/Airflow_project/air_venv/lib/python3.12/site-packages/airflow/example_dags/example_complex.py
[2025-02-10T13:32:10.477+0600] {logging_mixin.py:190} INFO - [2025-02-10T13:32:10.477+0600] {dag.py:3239} INFO - Sync 1 DAGs
[2025-02-10T13:32:10.493+0600] {logging_mixin.py:190} INFO - [2025-02-10T13:32:10.493+0600] {dag.py:4180} INFO - Setting next_dagrun for example_complex to None, run_after=None
[2025-02-10T13:32:10.527+0600] {processor.py:208} INFO - Processing /home/shamim/airflow_git/Airflow_project/air_venv/lib/python3.12/site-packages/airflow/example_dags/example_complex.py took 0.131 seconds
[2025-02-10T13:33:31.065+0600] {processor.py:186} INFO - Started process (PID=19126) to work on /home/shamim/airflow_git/Airflow_project/air_venv/lib/python3.12/site-packages/airflow/example_dags/example_complex.py
[2025-02-10T13:33:31.079+0600] {processor.py:914} INFO - Processing file /home/shamim/airflow_git/Airflow_project/air_venv/lib/python3.12/site-packages/airflow/example_dags/example_complex.py for tasks to queue
[2025-02-10T13:33:31.084+0600] {logging_mixin.py:190} INFO - [2025-02-10T13:33:31.082+0600] {dagbag.py:588} INFO - Filling up the DagBag from /home/shamim/airflow_git/Airflow_project/air_venv/lib/python3.12/site-packages/airflow/example_dags/example_complex.py
[2025-02-10T13:33:31.111+0600] {processor.py:925} INFO - DAG(s) 'example_complex' retrieved from /home/shamim/airflow_git/Airflow_project/air_venv/lib/python3.12/site-packages/airflow/example_dags/example_complex.py
[2025-02-10T13:33:31.144+0600] {logging_mixin.py:190} INFO - [2025-02-10T13:33:31.143+0600] {dag.py:3239} INFO - Sync 1 DAGs
[2025-02-10T13:33:31.159+0600] {logging_mixin.py:190} INFO - [2025-02-10T13:33:31.159+0600] {dag.py:4180} INFO - Setting next_dagrun for example_complex to None, run_after=None
[2025-02-10T13:33:31.181+0600] {processor.py:208} INFO - Processing /home/shamim/airflow_git/Airflow_project/air_venv/lib/python3.12/site-packages/airflow/example_dags/example_complex.py took 0.128 seconds
[2025-02-10T13:34:48.063+0600] {processor.py:186} INFO - Started process (PID=19382) to work on /home/shamim/airflow_git/Airflow_project/air_venv/lib/python3.12/site-packages/airflow/example_dags/example_complex.py
[2025-02-10T13:34:48.069+0600] {processor.py:914} INFO - Processing file /home/shamim/airflow_git/Airflow_project/air_venv/lib/python3.12/site-packages/airflow/example_dags/example_complex.py for tasks to queue
[2025-02-10T13:34:48.071+0600] {logging_mixin.py:190} INFO - [2025-02-10T13:34:48.070+0600] {dagbag.py:588} INFO - Filling up the DagBag from /home/shamim/airflow_git/Airflow_project/air_venv/lib/python3.12/site-packages/airflow/example_dags/example_complex.py
[2025-02-10T13:34:48.088+0600] {processor.py:925} INFO - DAG(s) 'example_complex' retrieved from /home/shamim/airflow_git/Airflow_project/air_venv/lib/python3.12/site-packages/airflow/example_dags/example_complex.py
[2025-02-10T13:34:48.283+0600] {logging_mixin.py:190} INFO - [2025-02-10T13:34:48.283+0600] {dag.py:3239} INFO - Sync 1 DAGs
[2025-02-10T13:34:48.296+0600] {logging_mixin.py:190} INFO - [2025-02-10T13:34:48.296+0600] {dag.py:4180} INFO - Setting next_dagrun for example_complex to None, run_after=None
[2025-02-10T13:34:48.321+0600] {processor.py:208} INFO - Processing /home/shamim/airflow_git/Airflow_project/air_venv/lib/python3.12/site-packages/airflow/example_dags/example_complex.py took 0.269 seconds
[2025-02-10T13:36:06.013+0600] {processor.py:186} INFO - Started process (PID=19473) to work on /home/shamim/airflow_git/Airflow_project/air_venv/lib/python3.12/site-packages/airflow/example_dags/example_complex.py
[2025-02-10T13:36:06.019+0600] {processor.py:914} INFO - Processing file /home/shamim/airflow_git/Airflow_project/air_venv/lib/python3.12/site-packages/airflow/example_dags/example_complex.py for tasks to queue
[2025-02-10T13:36:06.021+0600] {logging_mixin.py:190} INFO - [2025-02-10T13:36:06.020+0600] {dagbag.py:588} INFO - Filling up the DagBag from /home/shamim/airflow_git/Airflow_project/air_venv/lib/python3.12/site-packages/airflow/example_dags/example_complex.py
[2025-02-10T13:36:06.037+0600] {processor.py:925} INFO - DAG(s) 'example_complex' retrieved from /home/shamim/airflow_git/Airflow_project/air_venv/lib/python3.12/site-packages/airflow/example_dags/example_complex.py
[2025-02-10T13:36:06.233+0600] {logging_mixin.py:190} INFO - [2025-02-10T13:36:06.232+0600] {dag.py:3239} INFO - Sync 1 DAGs
[2025-02-10T13:36:06.245+0600] {logging_mixin.py:190} INFO - [2025-02-10T13:36:06.245+0600] {dag.py:4180} INFO - Setting next_dagrun for example_complex to None, run_after=None
[2025-02-10T13:36:06.265+0600] {processor.py:208} INFO - Processing /home/shamim/airflow_git/Airflow_project/air_venv/lib/python3.12/site-packages/airflow/example_dags/example_complex.py took 0.263 seconds
[2025-02-10T13:37:31.053+0600] {processor.py:186} INFO - Started process (PID=19601) to work on /home/shamim/airflow_git/Airflow_project/air_venv/lib/python3.12/site-packages/airflow/example_dags/example_complex.py
[2025-02-10T13:37:31.059+0600] {processor.py:914} INFO - Processing file /home/shamim/airflow_git/Airflow_project/air_venv/lib/python3.12/site-packages/airflow/example_dags/example_complex.py for tasks to queue
[2025-02-10T13:37:31.061+0600] {logging_mixin.py:190} INFO - [2025-02-10T13:37:31.061+0600] {dagbag.py:588} INFO - Filling up the DagBag from /home/shamim/airflow_git/Airflow_project/air_venv/lib/python3.12/site-packages/airflow/example_dags/example_complex.py
[2025-02-10T13:37:31.078+0600] {processor.py:925} INFO - DAG(s) 'example_complex' retrieved from /home/shamim/airflow_git/Airflow_project/air_venv/lib/python3.12/site-packages/airflow/example_dags/example_complex.py
[2025-02-10T13:37:31.111+0600] {logging_mixin.py:190} INFO - [2025-02-10T13:37:31.111+0600] {dag.py:3239} INFO - Sync 1 DAGs
[2025-02-10T13:37:31.126+0600] {logging_mixin.py:190} INFO - [2025-02-10T13:37:31.126+0600] {dag.py:4180} INFO - Setting next_dagrun for example_complex to None, run_after=None
[2025-02-10T13:37:31.161+0600] {processor.py:208} INFO - Processing /home/shamim/airflow_git/Airflow_project/air_venv/lib/python3.12/site-packages/airflow/example_dags/example_complex.py took 0.118 seconds
[2025-02-10T13:38:47.873+0600] {processor.py:186} INFO - Started process (PID=19745) to work on /home/shamim/airflow_git/Airflow_project/air_venv/lib/python3.12/site-packages/airflow/example_dags/example_complex.py
[2025-02-10T13:38:47.879+0600] {processor.py:914} INFO - Processing file /home/shamim/airflow_git/Airflow_project/air_venv/lib/python3.12/site-packages/airflow/example_dags/example_complex.py for tasks to queue
[2025-02-10T13:38:47.881+0600] {logging_mixin.py:190} INFO - [2025-02-10T13:38:47.880+0600] {dagbag.py:588} INFO - Filling up the DagBag from /home/shamim/airflow_git/Airflow_project/air_venv/lib/python3.12/site-packages/airflow/example_dags/example_complex.py
[2025-02-10T13:38:47.896+0600] {processor.py:925} INFO - DAG(s) 'example_complex' retrieved from /home/shamim/airflow_git/Airflow_project/air_venv/lib/python3.12/site-packages/airflow/example_dags/example_complex.py
[2025-02-10T13:38:47.929+0600] {logging_mixin.py:190} INFO - [2025-02-10T13:38:47.928+0600] {dag.py:3239} INFO - Sync 1 DAGs
[2025-02-10T13:38:47.944+0600] {logging_mixin.py:190} INFO - [2025-02-10T13:38:47.944+0600] {dag.py:4180} INFO - Setting next_dagrun for example_complex to None, run_after=None
[2025-02-10T13:38:47.966+0600] {processor.py:208} INFO - Processing /home/shamim/airflow_git/Airflow_project/air_venv/lib/python3.12/site-packages/airflow/example_dags/example_complex.py took 0.101 seconds
[2025-02-10T13:40:07.707+0600] {processor.py:186} INFO - Started process (PID=19893) to work on /home/shamim/airflow_git/Airflow_project/air_venv/lib/python3.12/site-packages/airflow/example_dags/example_complex.py
[2025-02-10T13:40:07.785+0600] {processor.py:914} INFO - Processing file /home/shamim/airflow_git/Airflow_project/air_venv/lib/python3.12/site-packages/airflow/example_dags/example_complex.py for tasks to queue
[2025-02-10T13:40:07.789+0600] {logging_mixin.py:190} INFO - [2025-02-10T13:40:07.788+0600] {dagbag.py:588} INFO - Filling up the DagBag from /home/shamim/airflow_git/Airflow_project/air_venv/lib/python3.12/site-packages/airflow/example_dags/example_complex.py
[2025-02-10T13:40:07.823+0600] {processor.py:925} INFO - DAG(s) 'example_complex' retrieved from /home/shamim/airflow_git/Airflow_project/air_venv/lib/python3.12/site-packages/airflow/example_dags/example_complex.py
[2025-02-10T13:40:07.856+0600] {logging_mixin.py:190} INFO - [2025-02-10T13:40:07.855+0600] {dag.py:3239} INFO - Sync 1 DAGs
[2025-02-10T13:40:07.872+0600] {logging_mixin.py:190} INFO - [2025-02-10T13:40:07.872+0600] {dag.py:4180} INFO - Setting next_dagrun for example_complex to None, run_after=None
[2025-02-10T13:40:08.049+0600] {processor.py:208} INFO - Processing /home/shamim/airflow_git/Airflow_project/air_venv/lib/python3.12/site-packages/airflow/example_dags/example_complex.py took 0.351 seconds
[2025-02-10T13:41:34.912+0600] {processor.py:186} INFO - Started process (PID=20030) to work on /home/shamim/airflow_git/Airflow_project/air_venv/lib/python3.12/site-packages/airflow/example_dags/example_complex.py
[2025-02-10T13:41:34.918+0600] {processor.py:914} INFO - Processing file /home/shamim/airflow_git/Airflow_project/air_venv/lib/python3.12/site-packages/airflow/example_dags/example_complex.py for tasks to queue
[2025-02-10T13:41:34.920+0600] {logging_mixin.py:190} INFO - [2025-02-10T13:41:34.919+0600] {dagbag.py:588} INFO - Filling up the DagBag from /home/shamim/airflow_git/Airflow_project/air_venv/lib/python3.12/site-packages/airflow/example_dags/example_complex.py
[2025-02-10T13:41:34.934+0600] {processor.py:925} INFO - DAG(s) 'example_complex' retrieved from /home/shamim/airflow_git/Airflow_project/air_venv/lib/python3.12/site-packages/airflow/example_dags/example_complex.py
[2025-02-10T13:41:34.966+0600] {logging_mixin.py:190} INFO - [2025-02-10T13:41:34.966+0600] {dag.py:3239} INFO - Sync 1 DAGs
[2025-02-10T13:41:34.982+0600] {logging_mixin.py:190} INFO - [2025-02-10T13:41:34.981+0600] {dag.py:4180} INFO - Setting next_dagrun for example_complex to None, run_after=None
[2025-02-10T13:41:35.015+0600] {processor.py:208} INFO - Processing /home/shamim/airflow_git/Airflow_project/air_venv/lib/python3.12/site-packages/airflow/example_dags/example_complex.py took 0.112 seconds
[2025-02-10T13:42:53.381+0600] {processor.py:186} INFO - Started process (PID=20186) to work on /home/shamim/airflow_git/Airflow_project/air_venv/lib/python3.12/site-packages/airflow/example_dags/example_complex.py
[2025-02-10T13:42:53.388+0600] {processor.py:914} INFO - Processing file /home/shamim/airflow_git/Airflow_project/air_venv/lib/python3.12/site-packages/airflow/example_dags/example_complex.py for tasks to queue
[2025-02-10T13:42:53.390+0600] {logging_mixin.py:190} INFO - [2025-02-10T13:42:53.389+0600] {dagbag.py:588} INFO - Filling up the DagBag from /home/shamim/airflow_git/Airflow_project/air_venv/lib/python3.12/site-packages/airflow/example_dags/example_complex.py
[2025-02-10T13:42:53.416+0600] {processor.py:925} INFO - DAG(s) 'example_complex' retrieved from /home/shamim/airflow_git/Airflow_project/air_venv/lib/python3.12/site-packages/airflow/example_dags/example_complex.py
[2025-02-10T13:42:53.448+0600] {logging_mixin.py:190} INFO - [2025-02-10T13:42:53.447+0600] {dag.py:3239} INFO - Sync 1 DAGs
[2025-02-10T13:42:53.465+0600] {logging_mixin.py:190} INFO - [2025-02-10T13:42:53.465+0600] {dag.py:4180} INFO - Setting next_dagrun for example_complex to None, run_after=None
[2025-02-10T13:42:53.500+0600] {processor.py:208} INFO - Processing /home/shamim/airflow_git/Airflow_project/air_venv/lib/python3.12/site-packages/airflow/example_dags/example_complex.py took 0.128 seconds
[2025-02-10T13:44:04.986+0600] {processor.py:186} INFO - Started process (PID=20318) to work on /home/shamim/airflow_git/Airflow_project/air_venv/lib/python3.12/site-packages/airflow/example_dags/example_complex.py
[2025-02-10T13:44:04.992+0600] {processor.py:914} INFO - Processing file /home/shamim/airflow_git/Airflow_project/air_venv/lib/python3.12/site-packages/airflow/example_dags/example_complex.py for tasks to queue
[2025-02-10T13:44:04.994+0600] {logging_mixin.py:190} INFO - [2025-02-10T13:44:04.993+0600] {dagbag.py:588} INFO - Filling up the DagBag from /home/shamim/airflow_git/Airflow_project/air_venv/lib/python3.12/site-packages/airflow/example_dags/example_complex.py
[2025-02-10T13:44:05.009+0600] {processor.py:925} INFO - DAG(s) 'example_complex' retrieved from /home/shamim/airflow_git/Airflow_project/air_venv/lib/python3.12/site-packages/airflow/example_dags/example_complex.py
[2025-02-10T13:44:05.040+0600] {logging_mixin.py:190} INFO - [2025-02-10T13:44:05.040+0600] {dag.py:3239} INFO - Sync 1 DAGs
[2025-02-10T13:44:05.057+0600] {logging_mixin.py:190} INFO - [2025-02-10T13:44:05.056+0600] {dag.py:4180} INFO - Setting next_dagrun for example_complex to None, run_after=None
[2025-02-10T13:44:05.091+0600] {processor.py:208} INFO - Processing /home/shamim/airflow_git/Airflow_project/air_venv/lib/python3.12/site-packages/airflow/example_dags/example_complex.py took 0.114 seconds
[2025-02-10T13:45:20.808+0600] {processor.py:186} INFO - Started process (PID=20433) to work on /home/shamim/airflow_git/Airflow_project/air_venv/lib/python3.12/site-packages/airflow/example_dags/example_complex.py
[2025-02-10T13:45:20.823+0600] {processor.py:914} INFO - Processing file /home/shamim/airflow_git/Airflow_project/air_venv/lib/python3.12/site-packages/airflow/example_dags/example_complex.py for tasks to queue
[2025-02-10T13:45:20.825+0600] {logging_mixin.py:190} INFO - [2025-02-10T13:45:20.825+0600] {dagbag.py:588} INFO - Filling up the DagBag from /home/shamim/airflow_git/Airflow_project/air_venv/lib/python3.12/site-packages/airflow/example_dags/example_complex.py
[2025-02-10T13:45:20.840+0600] {processor.py:925} INFO - DAG(s) 'example_complex' retrieved from /home/shamim/airflow_git/Airflow_project/air_venv/lib/python3.12/site-packages/airflow/example_dags/example_complex.py
[2025-02-10T13:45:20.873+0600] {logging_mixin.py:190} INFO - [2025-02-10T13:45:20.873+0600] {dag.py:3239} INFO - Sync 1 DAGs
[2025-02-10T13:45:20.888+0600] {logging_mixin.py:190} INFO - [2025-02-10T13:45:20.888+0600] {dag.py:4180} INFO - Setting next_dagrun for example_complex to None, run_after=None
[2025-02-10T13:45:20.910+0600] {processor.py:208} INFO - Processing /home/shamim/airflow_git/Airflow_project/air_venv/lib/python3.12/site-packages/airflow/example_dags/example_complex.py took 0.111 seconds
[2025-02-10T13:46:31.986+0600] {processor.py:186} INFO - Started process (PID=20567) to work on /home/shamim/airflow_git/Airflow_project/air_venv/lib/python3.12/site-packages/airflow/example_dags/example_complex.py
[2025-02-10T13:46:32.002+0600] {processor.py:914} INFO - Processing file /home/shamim/airflow_git/Airflow_project/air_venv/lib/python3.12/site-packages/airflow/example_dags/example_complex.py for tasks to queue
[2025-02-10T13:46:32.004+0600] {logging_mixin.py:190} INFO - [2025-02-10T13:46:32.003+0600] {dagbag.py:588} INFO - Filling up the DagBag from /home/shamim/airflow_git/Airflow_project/air_venv/lib/python3.12/site-packages/airflow/example_dags/example_complex.py
[2025-02-10T13:46:32.018+0600] {processor.py:925} INFO - DAG(s) 'example_complex' retrieved from /home/shamim/airflow_git/Airflow_project/air_venv/lib/python3.12/site-packages/airflow/example_dags/example_complex.py
[2025-02-10T13:46:32.050+0600] {logging_mixin.py:190} INFO - [2025-02-10T13:46:32.050+0600] {dag.py:3239} INFO - Sync 1 DAGs
[2025-02-10T13:46:32.065+0600] {logging_mixin.py:190} INFO - [2025-02-10T13:46:32.065+0600] {dag.py:4180} INFO - Setting next_dagrun for example_complex to None, run_after=None
[2025-02-10T13:46:32.087+0600] {processor.py:208} INFO - Processing /home/shamim/airflow_git/Airflow_project/air_venv/lib/python3.12/site-packages/airflow/example_dags/example_complex.py took 0.110 seconds
[2025-02-10T13:47:48.848+0600] {processor.py:186} INFO - Started process (PID=20968) to work on /home/shamim/airflow_git/Airflow_project/air_venv/lib/python3.12/site-packages/airflow/example_dags/example_complex.py
[2025-02-10T13:47:48.851+0600] {processor.py:914} INFO - Processing file /home/shamim/airflow_git/Airflow_project/air_venv/lib/python3.12/site-packages/airflow/example_dags/example_complex.py for tasks to queue
[2025-02-10T13:47:48.853+0600] {logging_mixin.py:190} INFO - [2025-02-10T13:47:48.852+0600] {dagbag.py:588} INFO - Filling up the DagBag from /home/shamim/airflow_git/Airflow_project/air_venv/lib/python3.12/site-packages/airflow/example_dags/example_complex.py
[2025-02-10T13:47:48.874+0600] {processor.py:925} INFO - DAG(s) 'example_complex' retrieved from /home/shamim/airflow_git/Airflow_project/air_venv/lib/python3.12/site-packages/airflow/example_dags/example_complex.py
[2025-02-10T13:47:48.920+0600] {logging_mixin.py:190} INFO - [2025-02-10T13:47:48.919+0600] {dag.py:3239} INFO - Sync 1 DAGs
[2025-02-10T13:47:48.940+0600] {logging_mixin.py:190} INFO - [2025-02-10T13:47:48.940+0600] {dag.py:4180} INFO - Setting next_dagrun for example_complex to None, run_after=None
[2025-02-10T13:47:48.973+0600] {processor.py:208} INFO - Processing /home/shamim/airflow_git/Airflow_project/air_venv/lib/python3.12/site-packages/airflow/example_dags/example_complex.py took 0.137 seconds
[2025-02-10T13:49:03.512+0600] {processor.py:186} INFO - Started process (PID=21124) to work on /home/shamim/airflow_git/Airflow_project/air_venv/lib/python3.12/site-packages/airflow/example_dags/example_complex.py
[2025-02-10T13:49:03.519+0600] {processor.py:914} INFO - Processing file /home/shamim/airflow_git/Airflow_project/air_venv/lib/python3.12/site-packages/airflow/example_dags/example_complex.py for tasks to queue
[2025-02-10T13:49:03.521+0600] {logging_mixin.py:190} INFO - [2025-02-10T13:49:03.520+0600] {dagbag.py:588} INFO - Filling up the DagBag from /home/shamim/airflow_git/Airflow_project/air_venv/lib/python3.12/site-packages/airflow/example_dags/example_complex.py
[2025-02-10T13:49:03.548+0600] {processor.py:925} INFO - DAG(s) 'example_complex' retrieved from /home/shamim/airflow_git/Airflow_project/air_venv/lib/python3.12/site-packages/airflow/example_dags/example_complex.py
[2025-02-10T13:49:03.593+0600] {logging_mixin.py:190} INFO - [2025-02-10T13:49:03.592+0600] {dag.py:3239} INFO - Sync 1 DAGs
[2025-02-10T13:49:03.613+0600] {logging_mixin.py:190} INFO - [2025-02-10T13:49:03.613+0600] {dag.py:4180} INFO - Setting next_dagrun for example_complex to None, run_after=None
[2025-02-10T13:49:03.646+0600] {processor.py:208} INFO - Processing /home/shamim/airflow_git/Airflow_project/air_venv/lib/python3.12/site-packages/airflow/example_dags/example_complex.py took 0.149 seconds
[2025-02-10T13:50:15.175+0600] {processor.py:186} INFO - Started process (PID=21244) to work on /home/shamim/airflow_git/Airflow_project/air_venv/lib/python3.12/site-packages/airflow/example_dags/example_complex.py
[2025-02-10T13:50:15.181+0600] {processor.py:914} INFO - Processing file /home/shamim/airflow_git/Airflow_project/air_venv/lib/python3.12/site-packages/airflow/example_dags/example_complex.py for tasks to queue
[2025-02-10T13:50:15.183+0600] {logging_mixin.py:190} INFO - [2025-02-10T13:50:15.182+0600] {dagbag.py:588} INFO - Filling up the DagBag from /home/shamim/airflow_git/Airflow_project/air_venv/lib/python3.12/site-packages/airflow/example_dags/example_complex.py
[2025-02-10T13:50:15.200+0600] {processor.py:925} INFO - DAG(s) 'example_complex' retrieved from /home/shamim/airflow_git/Airflow_project/air_venv/lib/python3.12/site-packages/airflow/example_dags/example_complex.py
[2025-02-10T13:50:15.231+0600] {logging_mixin.py:190} INFO - [2025-02-10T13:50:15.231+0600] {dag.py:3239} INFO - Sync 1 DAGs
[2025-02-10T13:50:15.247+0600] {logging_mixin.py:190} INFO - [2025-02-10T13:50:15.246+0600] {dag.py:4180} INFO - Setting next_dagrun for example_complex to None, run_after=None
[2025-02-10T13:50:15.271+0600] {processor.py:208} INFO - Processing /home/shamim/airflow_git/Airflow_project/air_venv/lib/python3.12/site-packages/airflow/example_dags/example_complex.py took 0.106 seconds
[2025-02-10T13:51:25.779+0600] {processor.py:186} INFO - Started process (PID=21334) to work on /home/shamim/airflow_git/Airflow_project/air_venv/lib/python3.12/site-packages/airflow/example_dags/example_complex.py
[2025-02-10T13:51:25.793+0600] {processor.py:914} INFO - Processing file /home/shamim/airflow_git/Airflow_project/air_venv/lib/python3.12/site-packages/airflow/example_dags/example_complex.py for tasks to queue
[2025-02-10T13:51:25.795+0600] {logging_mixin.py:190} INFO - [2025-02-10T13:51:25.794+0600] {dagbag.py:588} INFO - Filling up the DagBag from /home/shamim/airflow_git/Airflow_project/air_venv/lib/python3.12/site-packages/airflow/example_dags/example_complex.py
[2025-02-10T13:51:25.812+0600] {processor.py:925} INFO - DAG(s) 'example_complex' retrieved from /home/shamim/airflow_git/Airflow_project/air_venv/lib/python3.12/site-packages/airflow/example_dags/example_complex.py
[2025-02-10T13:51:25.845+0600] {logging_mixin.py:190} INFO - [2025-02-10T13:51:25.844+0600] {dag.py:3239} INFO - Sync 1 DAGs
[2025-02-10T13:51:25.860+0600] {logging_mixin.py:190} INFO - [2025-02-10T13:51:25.860+0600] {dag.py:4180} INFO - Setting next_dagrun for example_complex to None, run_after=None
[2025-02-10T13:51:25.882+0600] {processor.py:208} INFO - Processing /home/shamim/airflow_git/Airflow_project/air_venv/lib/python3.12/site-packages/airflow/example_dags/example_complex.py took 0.113 seconds
[2025-02-10T13:52:48.812+0600] {processor.py:186} INFO - Started process (PID=21541) to work on /home/shamim/airflow_git/Airflow_project/air_venv/lib/python3.12/site-packages/airflow/example_dags/example_complex.py
[2025-02-10T13:52:48.818+0600] {processor.py:914} INFO - Processing file /home/shamim/airflow_git/Airflow_project/air_venv/lib/python3.12/site-packages/airflow/example_dags/example_complex.py for tasks to queue
[2025-02-10T13:52:48.820+0600] {logging_mixin.py:190} INFO - [2025-02-10T13:52:48.819+0600] {dagbag.py:588} INFO - Filling up the DagBag from /home/shamim/airflow_git/Airflow_project/air_venv/lib/python3.12/site-packages/airflow/example_dags/example_complex.py
[2025-02-10T13:52:48.852+0600] {processor.py:925} INFO - DAG(s) 'example_complex' retrieved from /home/shamim/airflow_git/Airflow_project/air_venv/lib/python3.12/site-packages/airflow/example_dags/example_complex.py
[2025-02-10T13:52:48.898+0600] {logging_mixin.py:190} INFO - [2025-02-10T13:52:48.897+0600] {dag.py:3239} INFO - Sync 1 DAGs
[2025-02-10T13:52:48.927+0600] {logging_mixin.py:190} INFO - [2025-02-10T13:52:48.927+0600] {dag.py:4180} INFO - Setting next_dagrun for example_complex to None, run_after=None
[2025-02-10T13:52:48.962+0600] {processor.py:208} INFO - Processing /home/shamim/airflow_git/Airflow_project/air_venv/lib/python3.12/site-packages/airflow/example_dags/example_complex.py took 0.160 seconds
[2025-02-10T13:54:09.044+0600] {processor.py:186} INFO - Started process (PID=21710) to work on /home/shamim/airflow_git/Airflow_project/air_venv/lib/python3.12/site-packages/airflow/example_dags/example_complex.py
[2025-02-10T13:54:09.045+0600] {processor.py:914} INFO - Processing file /home/shamim/airflow_git/Airflow_project/air_venv/lib/python3.12/site-packages/airflow/example_dags/example_complex.py for tasks to queue
[2025-02-10T13:54:09.046+0600] {logging_mixin.py:190} INFO - [2025-02-10T13:54:09.046+0600] {dagbag.py:588} INFO - Filling up the DagBag from /home/shamim/airflow_git/Airflow_project/air_venv/lib/python3.12/site-packages/airflow/example_dags/example_complex.py
[2025-02-10T13:54:09.062+0600] {processor.py:925} INFO - DAG(s) 'example_complex' retrieved from /home/shamim/airflow_git/Airflow_project/air_venv/lib/python3.12/site-packages/airflow/example_dags/example_complex.py
[2025-02-10T13:54:09.097+0600] {logging_mixin.py:190} INFO - [2025-02-10T13:54:09.097+0600] {dag.py:3239} INFO - Sync 1 DAGs
[2025-02-10T13:54:09.113+0600] {logging_mixin.py:190} INFO - [2025-02-10T13:54:09.112+0600] {dag.py:4180} INFO - Setting next_dagrun for example_complex to None, run_after=None
[2025-02-10T13:54:09.148+0600] {processor.py:208} INFO - Processing /home/shamim/airflow_git/Airflow_project/air_venv/lib/python3.12/site-packages/airflow/example_dags/example_complex.py took 0.113 seconds
[2025-02-10T13:55:20.420+0600] {processor.py:186} INFO - Started process (PID=21814) to work on /home/shamim/airflow_git/Airflow_project/air_venv/lib/python3.12/site-packages/airflow/example_dags/example_complex.py
[2025-02-10T13:55:20.427+0600] {processor.py:914} INFO - Processing file /home/shamim/airflow_git/Airflow_project/air_venv/lib/python3.12/site-packages/airflow/example_dags/example_complex.py for tasks to queue
[2025-02-10T13:55:20.430+0600] {logging_mixin.py:190} INFO - [2025-02-10T13:55:20.429+0600] {dagbag.py:588} INFO - Filling up the DagBag from /home/shamim/airflow_git/Airflow_project/air_venv/lib/python3.12/site-packages/airflow/example_dags/example_complex.py
[2025-02-10T13:55:20.453+0600] {processor.py:925} INFO - DAG(s) 'example_complex' retrieved from /home/shamim/airflow_git/Airflow_project/air_venv/lib/python3.12/site-packages/airflow/example_dags/example_complex.py
[2025-02-10T13:55:20.524+0600] {logging_mixin.py:190} INFO - [2025-02-10T13:55:20.524+0600] {dag.py:3239} INFO - Sync 1 DAGs
[2025-02-10T13:55:20.556+0600] {logging_mixin.py:190} INFO - [2025-02-10T13:55:20.555+0600] {dag.py:4180} INFO - Setting next_dagrun for example_complex to None, run_after=None
[2025-02-10T13:55:20.619+0600] {processor.py:208} INFO - Processing /home/shamim/airflow_git/Airflow_project/air_venv/lib/python3.12/site-packages/airflow/example_dags/example_complex.py took 0.213 seconds
[2025-02-10T13:56:39.022+0600] {processor.py:186} INFO - Started process (PID=21949) to work on /home/shamim/airflow_git/Airflow_project/air_venv/lib/python3.12/site-packages/airflow/example_dags/example_complex.py
[2025-02-10T13:56:39.028+0600] {processor.py:914} INFO - Processing file /home/shamim/airflow_git/Airflow_project/air_venv/lib/python3.12/site-packages/airflow/example_dags/example_complex.py for tasks to queue
[2025-02-10T13:56:39.030+0600] {logging_mixin.py:190} INFO - [2025-02-10T13:56:39.030+0600] {dagbag.py:588} INFO - Filling up the DagBag from /home/shamim/airflow_git/Airflow_project/air_venv/lib/python3.12/site-packages/airflow/example_dags/example_complex.py
[2025-02-10T13:56:39.055+0600] {processor.py:925} INFO - DAG(s) 'example_complex' retrieved from /home/shamim/airflow_git/Airflow_project/air_venv/lib/python3.12/site-packages/airflow/example_dags/example_complex.py
[2025-02-10T13:56:39.093+0600] {logging_mixin.py:190} INFO - [2025-02-10T13:56:39.093+0600] {dag.py:3239} INFO - Sync 1 DAGs
[2025-02-10T13:56:39.110+0600] {logging_mixin.py:190} INFO - [2025-02-10T13:56:39.110+0600] {dag.py:4180} INFO - Setting next_dagrun for example_complex to None, run_after=None
[2025-02-10T13:56:39.146+0600] {processor.py:208} INFO - Processing /home/shamim/airflow_git/Airflow_project/air_venv/lib/python3.12/site-packages/airflow/example_dags/example_complex.py took 0.141 seconds
[2025-02-10T13:58:09.211+0600] {processor.py:186} INFO - Started process (PID=22176) to work on /home/shamim/airflow_git/Airflow_project/air_venv/lib/python3.12/site-packages/airflow/example_dags/example_complex.py
[2025-02-10T13:58:09.218+0600] {processor.py:914} INFO - Processing file /home/shamim/airflow_git/Airflow_project/air_venv/lib/python3.12/site-packages/airflow/example_dags/example_complex.py for tasks to queue
[2025-02-10T13:58:09.220+0600] {logging_mixin.py:190} INFO - [2025-02-10T13:58:09.219+0600] {dagbag.py:588} INFO - Filling up the DagBag from /home/shamim/airflow_git/Airflow_project/air_venv/lib/python3.12/site-packages/airflow/example_dags/example_complex.py
[2025-02-10T13:58:09.251+0600] {processor.py:925} INFO - DAG(s) 'example_complex' retrieved from /home/shamim/airflow_git/Airflow_project/air_venv/lib/python3.12/site-packages/airflow/example_dags/example_complex.py
[2025-02-10T13:58:09.313+0600] {logging_mixin.py:190} INFO - [2025-02-10T13:58:09.312+0600] {dag.py:3239} INFO - Sync 1 DAGs
[2025-02-10T13:58:09.335+0600] {logging_mixin.py:190} INFO - [2025-02-10T13:58:09.334+0600] {dag.py:4180} INFO - Setting next_dagrun for example_complex to None, run_after=None
[2025-02-10T13:58:09.379+0600] {processor.py:208} INFO - Processing /home/shamim/airflow_git/Airflow_project/air_venv/lib/python3.12/site-packages/airflow/example_dags/example_complex.py took 0.184 seconds
[2025-02-10T13:59:22.309+0600] {processor.py:186} INFO - Started process (PID=22318) to work on /home/shamim/airflow_git/Airflow_project/air_venv/lib/python3.12/site-packages/airflow/example_dags/example_complex.py
[2025-02-10T13:59:22.310+0600] {processor.py:914} INFO - Processing file /home/shamim/airflow_git/Airflow_project/air_venv/lib/python3.12/site-packages/airflow/example_dags/example_complex.py for tasks to queue
[2025-02-10T13:59:22.312+0600] {logging_mixin.py:190} INFO - [2025-02-10T13:59:22.312+0600] {dagbag.py:588} INFO - Filling up the DagBag from /home/shamim/airflow_git/Airflow_project/air_venv/lib/python3.12/site-packages/airflow/example_dags/example_complex.py
[2025-02-10T13:59:22.331+0600] {processor.py:925} INFO - DAG(s) 'example_complex' retrieved from /home/shamim/airflow_git/Airflow_project/air_venv/lib/python3.12/site-packages/airflow/example_dags/example_complex.py
[2025-02-10T13:59:22.364+0600] {logging_mixin.py:190} INFO - [2025-02-10T13:59:22.363+0600] {dag.py:3239} INFO - Sync 1 DAGs
[2025-02-10T13:59:22.380+0600] {logging_mixin.py:190} INFO - [2025-02-10T13:59:22.380+0600] {dag.py:4180} INFO - Setting next_dagrun for example_complex to None, run_after=None
[2025-02-10T13:59:22.405+0600] {processor.py:208} INFO - Processing /home/shamim/airflow_git/Airflow_project/air_venv/lib/python3.12/site-packages/airflow/example_dags/example_complex.py took 0.108 seconds
[2025-02-10T14:00:31.329+0600] {processor.py:186} INFO - Started process (PID=22563) to work on /home/shamim/airflow_git/Airflow_project/air_venv/lib/python3.12/site-packages/airflow/example_dags/example_complex.py
[2025-02-10T14:00:31.335+0600] {processor.py:914} INFO - Processing file /home/shamim/airflow_git/Airflow_project/air_venv/lib/python3.12/site-packages/airflow/example_dags/example_complex.py for tasks to queue
[2025-02-10T14:00:31.337+0600] {logging_mixin.py:190} INFO - [2025-02-10T14:00:31.336+0600] {dagbag.py:588} INFO - Filling up the DagBag from /home/shamim/airflow_git/Airflow_project/air_venv/lib/python3.12/site-packages/airflow/example_dags/example_complex.py
[2025-02-10T14:00:31.353+0600] {processor.py:925} INFO - DAG(s) 'example_complex' retrieved from /home/shamim/airflow_git/Airflow_project/air_venv/lib/python3.12/site-packages/airflow/example_dags/example_complex.py
[2025-02-10T14:00:31.386+0600] {logging_mixin.py:190} INFO - [2025-02-10T14:00:31.385+0600] {dag.py:3239} INFO - Sync 1 DAGs
[2025-02-10T14:00:31.402+0600] {logging_mixin.py:190} INFO - [2025-02-10T14:00:31.401+0600] {dag.py:4180} INFO - Setting next_dagrun for example_complex to None, run_after=None
[2025-02-10T14:00:31.425+0600] {processor.py:208} INFO - Processing /home/shamim/airflow_git/Airflow_project/air_venv/lib/python3.12/site-packages/airflow/example_dags/example_complex.py took 0.107 seconds
[2025-02-10T14:02:36.740+0600] {processor.py:186} INFO - Started process (PID=23244) to work on /home/shamim/airflow_git/Airflow_project/air_venv/lib/python3.12/site-packages/airflow/example_dags/example_complex.py
[2025-02-10T14:02:36.747+0600] {processor.py:914} INFO - Processing file /home/shamim/airflow_git/Airflow_project/air_venv/lib/python3.12/site-packages/airflow/example_dags/example_complex.py for tasks to queue
[2025-02-10T14:02:36.753+0600] {logging_mixin.py:190} INFO - [2025-02-10T14:02:36.751+0600] {dagbag.py:588} INFO - Filling up the DagBag from /home/shamim/airflow_git/Airflow_project/air_venv/lib/python3.12/site-packages/airflow/example_dags/example_complex.py
[2025-02-10T14:02:36.774+0600] {processor.py:925} INFO - DAG(s) 'example_complex' retrieved from /home/shamim/airflow_git/Airflow_project/air_venv/lib/python3.12/site-packages/airflow/example_dags/example_complex.py
[2025-02-10T14:02:36.813+0600] {logging_mixin.py:190} INFO - [2025-02-10T14:02:36.813+0600] {dag.py:3239} INFO - Sync 1 DAGs
[2025-02-10T14:02:36.830+0600] {logging_mixin.py:190} INFO - [2025-02-10T14:02:36.830+0600] {dag.py:4180} INFO - Setting next_dagrun for example_complex to None, run_after=None
[2025-02-10T14:02:36.854+0600] {processor.py:208} INFO - Processing /home/shamim/airflow_git/Airflow_project/air_venv/lib/python3.12/site-packages/airflow/example_dags/example_complex.py took 0.128 seconds
[2025-02-10T14:04:04.477+0600] {processor.py:186} INFO - Started process (PID=23706) to work on /home/shamim/airflow_git/Airflow_project/air_venv/lib/python3.12/site-packages/airflow/example_dags/example_complex.py
[2025-02-10T14:04:04.483+0600] {processor.py:914} INFO - Processing file /home/shamim/airflow_git/Airflow_project/air_venv/lib/python3.12/site-packages/airflow/example_dags/example_complex.py for tasks to queue
[2025-02-10T14:04:04.486+0600] {logging_mixin.py:190} INFO - [2025-02-10T14:04:04.486+0600] {dagbag.py:588} INFO - Filling up the DagBag from /home/shamim/airflow_git/Airflow_project/air_venv/lib/python3.12/site-packages/airflow/example_dags/example_complex.py
[2025-02-10T14:04:04.502+0600] {processor.py:925} INFO - DAG(s) 'example_complex' retrieved from /home/shamim/airflow_git/Airflow_project/air_venv/lib/python3.12/site-packages/airflow/example_dags/example_complex.py
[2025-02-10T14:04:04.534+0600] {logging_mixin.py:190} INFO - [2025-02-10T14:04:04.533+0600] {dag.py:3239} INFO - Sync 1 DAGs
[2025-02-10T14:04:04.548+0600] {logging_mixin.py:190} INFO - [2025-02-10T14:04:04.548+0600] {dag.py:4180} INFO - Setting next_dagrun for example_complex to None, run_after=None
[2025-02-10T14:04:04.573+0600] {processor.py:208} INFO - Processing /home/shamim/airflow_git/Airflow_project/air_venv/lib/python3.12/site-packages/airflow/example_dags/example_complex.py took 0.104 seconds
[2025-02-10T14:05:30.474+0600] {processor.py:186} INFO - Started process (PID=24303) to work on /home/shamim/airflow_git/Airflow_project/air_venv/lib/python3.12/site-packages/airflow/example_dags/example_complex.py
[2025-02-10T14:05:30.476+0600] {processor.py:914} INFO - Processing file /home/shamim/airflow_git/Airflow_project/air_venv/lib/python3.12/site-packages/airflow/example_dags/example_complex.py for tasks to queue
[2025-02-10T14:05:30.479+0600] {logging_mixin.py:190} INFO - [2025-02-10T14:05:30.478+0600] {dagbag.py:588} INFO - Filling up the DagBag from /home/shamim/airflow_git/Airflow_project/air_venv/lib/python3.12/site-packages/airflow/example_dags/example_complex.py
[2025-02-10T14:05:30.496+0600] {processor.py:925} INFO - DAG(s) 'example_complex' retrieved from /home/shamim/airflow_git/Airflow_project/air_venv/lib/python3.12/site-packages/airflow/example_dags/example_complex.py
[2025-02-10T14:05:30.540+0600] {logging_mixin.py:190} INFO - [2025-02-10T14:05:30.540+0600] {dag.py:3239} INFO - Sync 1 DAGs
[2025-02-10T14:05:30.560+0600] {logging_mixin.py:190} INFO - [2025-02-10T14:05:30.560+0600] {dag.py:4180} INFO - Setting next_dagrun for example_complex to None, run_after=None
[2025-02-10T14:05:30.588+0600] {processor.py:208} INFO - Processing /home/shamim/airflow_git/Airflow_project/air_venv/lib/python3.12/site-packages/airflow/example_dags/example_complex.py took 0.123 seconds
