[2025-02-10T12:59:58.191+0600] {processor.py:186} INFO - Started process (PID=13161) to work on /home/shamim/airflow_git/Airflow_project/air_venv/lib/python3.12/site-packages/airflow/example_dags/example_dataset_alias_with_no_taskflow.py
[2025-02-10T12:59:58.192+0600] {processor.py:914} INFO - Processing file /home/shamim/airflow_git/Airflow_project/air_venv/lib/python3.12/site-packages/airflow/example_dags/example_dataset_alias_with_no_taskflow.py for tasks to queue
[2025-02-10T12:59:58.195+0600] {logging_mixin.py:190} INFO - [2025-02-10T12:59:58.194+0600] {dagbag.py:588} INFO - Filling up the DagBag from /home/shamim/airflow_git/Airflow_project/air_venv/lib/python3.12/site-packages/airflow/example_dags/example_dataset_alias_with_no_taskflow.py
[2025-02-10T12:59:58.734+0600] {processor.py:925} INFO - DAG(s) 'dataset_alias_example_alias_producer_with_no_taskflow', 'dataset_s3_bucket_producer_with_no_taskflow', 'dataset_s3_bucket_consumer_with_no_taskflow', 'dataset_alias_example_alias_consumer_with_no_taskflow' retrieved from /home/shamim/airflow_git/Airflow_project/air_venv/lib/python3.12/site-packages/airflow/example_dags/example_dataset_alias_with_no_taskflow.py
[2025-02-10T12:59:58.860+0600] {logging_mixin.py:190} INFO - [2025-02-10T12:59:58.859+0600] {override.py:1930} INFO - Created Permission View: can delete on DAG:dataset_alias_example_alias_producer_with_no_taskflow
[2025-02-10T12:59:58.872+0600] {logging_mixin.py:190} INFO - [2025-02-10T12:59:58.871+0600] {override.py:1930} INFO - Created Permission View: can edit on DAG:dataset_alias_example_alias_producer_with_no_taskflow
[2025-02-10T12:59:58.880+0600] {logging_mixin.py:190} INFO - [2025-02-10T12:59:58.879+0600] {override.py:1930} INFO - Created Permission View: can read on DAG:dataset_alias_example_alias_producer_with_no_taskflow
[2025-02-10T12:59:58.892+0600] {logging_mixin.py:190} INFO - [2025-02-10T12:59:58.891+0600] {override.py:1930} INFO - Created Permission View: can delete on DAG Run:dataset_alias_example_alias_producer_with_no_taskflow
[2025-02-10T12:59:58.900+0600] {logging_mixin.py:190} INFO - [2025-02-10T12:59:58.900+0600] {override.py:1930} INFO - Created Permission View: can read on DAG Run:dataset_alias_example_alias_producer_with_no_taskflow
[2025-02-10T12:59:58.911+0600] {logging_mixin.py:190} INFO - [2025-02-10T12:59:58.910+0600] {override.py:1930} INFO - Created Permission View: can create on DAG Run:dataset_alias_example_alias_producer_with_no_taskflow
[2025-02-10T12:59:58.920+0600] {logging_mixin.py:190} INFO - [2025-02-10T12:59:58.920+0600] {override.py:1930} INFO - Created Permission View: menu access on DAG Run:dataset_alias_example_alias_producer_with_no_taskflow
[2025-02-10T12:59:58.938+0600] {logging_mixin.py:190} INFO - [2025-02-10T12:59:58.937+0600] {override.py:1930} INFO - Created Permission View: can delete on DAG:dataset_s3_bucket_producer_with_no_taskflow
[2025-02-10T12:59:58.948+0600] {logging_mixin.py:190} INFO - [2025-02-10T12:59:58.948+0600] {override.py:1930} INFO - Created Permission View: can edit on DAG:dataset_s3_bucket_producer_with_no_taskflow
[2025-02-10T12:59:58.960+0600] {logging_mixin.py:190} INFO - [2025-02-10T12:59:58.960+0600] {override.py:1930} INFO - Created Permission View: can read on DAG:dataset_s3_bucket_producer_with_no_taskflow
[2025-02-10T12:59:58.975+0600] {logging_mixin.py:190} INFO - [2025-02-10T12:59:58.975+0600] {override.py:1930} INFO - Created Permission View: can delete on DAG Run:dataset_s3_bucket_producer_with_no_taskflow
[2025-02-10T12:59:58.983+0600] {logging_mixin.py:190} INFO - [2025-02-10T12:59:58.983+0600] {override.py:1930} INFO - Created Permission View: can read on DAG Run:dataset_s3_bucket_producer_with_no_taskflow
[2025-02-10T12:59:58.994+0600] {logging_mixin.py:190} INFO - [2025-02-10T12:59:58.994+0600] {override.py:1930} INFO - Created Permission View: can create on DAG Run:dataset_s3_bucket_producer_with_no_taskflow
[2025-02-10T12:59:59.002+0600] {logging_mixin.py:190} INFO - [2025-02-10T12:59:59.001+0600] {override.py:1930} INFO - Created Permission View: menu access on DAG Run:dataset_s3_bucket_producer_with_no_taskflow
[2025-02-10T12:59:59.021+0600] {logging_mixin.py:190} INFO - [2025-02-10T12:59:59.020+0600] {override.py:1930} INFO - Created Permission View: can delete on DAG:dataset_s3_bucket_consumer_with_no_taskflow
[2025-02-10T12:59:59.031+0600] {logging_mixin.py:190} INFO - [2025-02-10T12:59:59.030+0600] {override.py:1930} INFO - Created Permission View: can edit on DAG:dataset_s3_bucket_consumer_with_no_taskflow
[2025-02-10T12:59:59.041+0600] {logging_mixin.py:190} INFO - [2025-02-10T12:59:59.040+0600] {override.py:1930} INFO - Created Permission View: can read on DAG:dataset_s3_bucket_consumer_with_no_taskflow
[2025-02-10T12:59:59.057+0600] {logging_mixin.py:190} INFO - [2025-02-10T12:59:59.055+0600] {override.py:1930} INFO - Created Permission View: can delete on DAG Run:dataset_s3_bucket_consumer_with_no_taskflow
[2025-02-10T12:59:59.067+0600] {logging_mixin.py:190} INFO - [2025-02-10T12:59:59.066+0600] {override.py:1930} INFO - Created Permission View: can read on DAG Run:dataset_s3_bucket_consumer_with_no_taskflow
[2025-02-10T12:59:59.079+0600] {logging_mixin.py:190} INFO - [2025-02-10T12:59:59.078+0600] {override.py:1930} INFO - Created Permission View: can create on DAG Run:dataset_s3_bucket_consumer_with_no_taskflow
[2025-02-10T12:59:59.087+0600] {logging_mixin.py:190} INFO - [2025-02-10T12:59:59.086+0600] {override.py:1930} INFO - Created Permission View: menu access on DAG Run:dataset_s3_bucket_consumer_with_no_taskflow
[2025-02-10T12:59:59.108+0600] {logging_mixin.py:190} INFO - [2025-02-10T12:59:59.108+0600] {override.py:1930} INFO - Created Permission View: can delete on DAG:dataset_alias_example_alias_consumer_with_no_taskflow
[2025-02-10T12:59:59.116+0600] {logging_mixin.py:190} INFO - [2025-02-10T12:59:59.116+0600] {override.py:1930} INFO - Created Permission View: can edit on DAG:dataset_alias_example_alias_consumer_with_no_taskflow
[2025-02-10T12:59:59.126+0600] {logging_mixin.py:190} INFO - [2025-02-10T12:59:59.126+0600] {override.py:1930} INFO - Created Permission View: can read on DAG:dataset_alias_example_alias_consumer_with_no_taskflow
[2025-02-10T12:59:59.139+0600] {logging_mixin.py:190} INFO - [2025-02-10T12:59:59.138+0600] {override.py:1930} INFO - Created Permission View: can delete on DAG Run:dataset_alias_example_alias_consumer_with_no_taskflow
[2025-02-10T12:59:59.148+0600] {logging_mixin.py:190} INFO - [2025-02-10T12:59:59.147+0600] {override.py:1930} INFO - Created Permission View: can read on DAG Run:dataset_alias_example_alias_consumer_with_no_taskflow
[2025-02-10T12:59:59.159+0600] {logging_mixin.py:190} INFO - [2025-02-10T12:59:59.159+0600] {override.py:1930} INFO - Created Permission View: can create on DAG Run:dataset_alias_example_alias_consumer_with_no_taskflow
[2025-02-10T12:59:59.168+0600] {logging_mixin.py:190} INFO - [2025-02-10T12:59:59.167+0600] {override.py:1930} INFO - Created Permission View: menu access on DAG Run:dataset_alias_example_alias_consumer_with_no_taskflow
[2025-02-10T12:59:59.169+0600] {logging_mixin.py:190} INFO - [2025-02-10T12:59:59.168+0600] {dag.py:3239} INFO - Sync 4 DAGs
[2025-02-10T12:59:59.187+0600] {logging_mixin.py:190} INFO - [2025-02-10T12:59:59.186+0600] {dag.py:3262} INFO - Creating ORM DAG for dataset_alias_example_alias_consumer_with_no_taskflow
[2025-02-10T12:59:59.189+0600] {logging_mixin.py:190} INFO - [2025-02-10T12:59:59.188+0600] {dag.py:3262} INFO - Creating ORM DAG for dataset_alias_example_alias_producer_with_no_taskflow
[2025-02-10T12:59:59.189+0600] {logging_mixin.py:190} INFO - [2025-02-10T12:59:59.189+0600] {dag.py:3262} INFO - Creating ORM DAG for dataset_s3_bucket_consumer_with_no_taskflow
[2025-02-10T12:59:59.190+0600] {logging_mixin.py:190} INFO - [2025-02-10T12:59:59.190+0600] {dag.py:3262} INFO - Creating ORM DAG for dataset_s3_bucket_producer_with_no_taskflow
[2025-02-10T12:59:59.199+0600] {logging_mixin.py:190} INFO - [2025-02-10T12:59:59.199+0600] {dag.py:4180} INFO - Setting next_dagrun for dataset_alias_example_alias_consumer_with_no_taskflow to None, run_after=None
[2025-02-10T12:59:59.200+0600] {logging_mixin.py:190} INFO - [2025-02-10T12:59:59.200+0600] {dag.py:4180} INFO - Setting next_dagrun for dataset_alias_example_alias_producer_with_no_taskflow to None, run_after=None
[2025-02-10T12:59:59.201+0600] {logging_mixin.py:190} INFO - [2025-02-10T12:59:59.201+0600] {dag.py:4180} INFO - Setting next_dagrun for dataset_s3_bucket_consumer_with_no_taskflow to None, run_after=None
[2025-02-10T12:59:59.202+0600] {logging_mixin.py:190} INFO - [2025-02-10T12:59:59.202+0600] {dag.py:4180} INFO - Setting next_dagrun for dataset_s3_bucket_producer_with_no_taskflow to None, run_after=None
[2025-02-10T12:59:59.242+0600] {processor.py:208} INFO - Processing /home/shamim/airflow_git/Airflow_project/air_venv/lib/python3.12/site-packages/airflow/example_dags/example_dataset_alias_with_no_taskflow.py took 1.058 seconds
[2025-02-10T13:01:27.001+0600] {processor.py:186} INFO - Started process (PID=13594) to work on /home/shamim/airflow_git/Airflow_project/air_venv/lib/python3.12/site-packages/airflow/example_dags/example_dataset_alias_with_no_taskflow.py
[2025-02-10T13:01:27.007+0600] {processor.py:914} INFO - Processing file /home/shamim/airflow_git/Airflow_project/air_venv/lib/python3.12/site-packages/airflow/example_dags/example_dataset_alias_with_no_taskflow.py for tasks to queue
[2025-02-10T13:01:27.010+0600] {logging_mixin.py:190} INFO - [2025-02-10T13:01:27.010+0600] {dagbag.py:588} INFO - Filling up the DagBag from /home/shamim/airflow_git/Airflow_project/air_venv/lib/python3.12/site-packages/airflow/example_dags/example_dataset_alias_with_no_taskflow.py
[2025-02-10T13:01:27.645+0600] {processor.py:925} INFO - DAG(s) 'dataset_s3_bucket_producer_with_no_taskflow', 'dataset_alias_example_alias_producer_with_no_taskflow', 'dataset_alias_example_alias_consumer_with_no_taskflow', 'dataset_s3_bucket_consumer_with_no_taskflow' retrieved from /home/shamim/airflow_git/Airflow_project/air_venv/lib/python3.12/site-packages/airflow/example_dags/example_dataset_alias_with_no_taskflow.py
[2025-02-10T13:01:27.664+0600] {logging_mixin.py:190} INFO - [2025-02-10T13:01:27.664+0600] {dag.py:3239} INFO - Sync 4 DAGs
[2025-02-10T13:01:27.685+0600] {logging_mixin.py:190} INFO - [2025-02-10T13:01:27.684+0600] {dag.py:4180} INFO - Setting next_dagrun for dataset_alias_example_alias_consumer_with_no_taskflow to None, run_after=None
[2025-02-10T13:01:27.687+0600] {logging_mixin.py:190} INFO - [2025-02-10T13:01:27.687+0600] {dag.py:4180} INFO - Setting next_dagrun for dataset_alias_example_alias_producer_with_no_taskflow to None, run_after=None
[2025-02-10T13:01:27.690+0600] {logging_mixin.py:190} INFO - [2025-02-10T13:01:27.690+0600] {dag.py:4180} INFO - Setting next_dagrun for dataset_s3_bucket_consumer_with_no_taskflow to None, run_after=None
[2025-02-10T13:01:27.691+0600] {logging_mixin.py:190} INFO - [2025-02-10T13:01:27.691+0600] {dag.py:4180} INFO - Setting next_dagrun for dataset_s3_bucket_producer_with_no_taskflow to None, run_after=None
[2025-02-10T13:01:27.713+0600] {processor.py:208} INFO - Processing /home/shamim/airflow_git/Airflow_project/air_venv/lib/python3.12/site-packages/airflow/example_dags/example_dataset_alias_with_no_taskflow.py took 0.720 seconds
