[2025-02-10T13:00:14.927+0600] {processor.py:186} INFO - Started process (PID=13354) to work on /home/shamim/airflow_git/Airflow_project/air_venv/lib/python3.12/site-packages/airflow/example_dags/example_branch_labels.py
[2025-02-10T13:00:14.928+0600] {processor.py:914} INFO - Processing file /home/shamim/airflow_git/Airflow_project/air_venv/lib/python3.12/site-packages/airflow/example_dags/example_branch_labels.py for tasks to queue
[2025-02-10T13:00:14.933+0600] {logging_mixin.py:190} INFO - [2025-02-10T13:00:14.932+0600] {dagbag.py:588} INFO - Filling up the DagBag from /home/shamim/airflow_git/Airflow_project/air_venv/lib/python3.12/site-packages/airflow/example_dags/example_branch_labels.py
[2025-02-10T13:00:14.956+0600] {processor.py:925} INFO - DAG(s) 'example_branch_labels' retrieved from /home/shamim/airflow_git/Airflow_project/air_venv/lib/python3.12/site-packages/airflow/example_dags/example_branch_labels.py
[2025-02-10T13:00:15.254+0600] {logging_mixin.py:190} INFO - [2025-02-10T13:00:15.250+0600] {override.py:1930} INFO - Created Permission View: can delete on DAG:example_branch_labels
[2025-02-10T13:00:15.282+0600] {logging_mixin.py:190} INFO - [2025-02-10T13:00:15.282+0600] {override.py:1930} INFO - Created Permission View: can edit on DAG:example_branch_labels
[2025-02-10T13:00:15.303+0600] {logging_mixin.py:190} INFO - [2025-02-10T13:00:15.302+0600] {override.py:1930} INFO - Created Permission View: can read on DAG:example_branch_labels
[2025-02-10T13:00:15.337+0600] {logging_mixin.py:190} INFO - [2025-02-10T13:00:15.336+0600] {override.py:1930} INFO - Created Permission View: can delete on DAG Run:example_branch_labels
[2025-02-10T13:00:15.355+0600] {logging_mixin.py:190} INFO - [2025-02-10T13:00:15.354+0600] {override.py:1930} INFO - Created Permission View: can read on DAG Run:example_branch_labels
[2025-02-10T13:00:15.370+0600] {logging_mixin.py:190} INFO - [2025-02-10T13:00:15.369+0600] {override.py:1930} INFO - Created Permission View: can create on DAG Run:example_branch_labels
[2025-02-10T13:00:15.385+0600] {logging_mixin.py:190} INFO - [2025-02-10T13:00:15.384+0600] {override.py:1930} INFO - Created Permission View: menu access on DAG Run:example_branch_labels
[2025-02-10T13:00:15.386+0600] {logging_mixin.py:190} INFO - [2025-02-10T13:00:15.386+0600] {dag.py:3239} INFO - Sync 1 DAGs
[2025-02-10T13:00:15.410+0600] {logging_mixin.py:190} INFO - [2025-02-10T13:00:15.410+0600] {dag.py:3262} INFO - Creating ORM DAG for example_branch_labels
[2025-02-10T13:00:15.428+0600] {logging_mixin.py:190} INFO - [2025-02-10T13:00:15.428+0600] {dag.py:4180} INFO - Setting next_dagrun for example_branch_labels to 2025-02-09 00:00:00+00:00, run_after=2025-02-10 00:00:00+00:00
[2025-02-10T13:00:15.450+0600] {processor.py:208} INFO - Processing /home/shamim/airflow_git/Airflow_project/air_venv/lib/python3.12/site-packages/airflow/example_dags/example_branch_labels.py took 0.537 seconds
[2025-02-10T13:01:35.543+0600] {processor.py:186} INFO - Started process (PID=13603) to work on /home/shamim/airflow_git/Airflow_project/air_venv/lib/python3.12/site-packages/airflow/example_dags/example_branch_labels.py
[2025-02-10T13:01:35.549+0600] {processor.py:914} INFO - Processing file /home/shamim/airflow_git/Airflow_project/air_venv/lib/python3.12/site-packages/airflow/example_dags/example_branch_labels.py for tasks to queue
[2025-02-10T13:01:35.556+0600] {logging_mixin.py:190} INFO - [2025-02-10T13:01:35.554+0600] {dagbag.py:588} INFO - Filling up the DagBag from /home/shamim/airflow_git/Airflow_project/air_venv/lib/python3.12/site-packages/airflow/example_dags/example_branch_labels.py
[2025-02-10T13:01:35.585+0600] {processor.py:925} INFO - DAG(s) 'example_branch_labels' retrieved from /home/shamim/airflow_git/Airflow_project/air_venv/lib/python3.12/site-packages/airflow/example_dags/example_branch_labels.py
[2025-02-10T13:01:35.608+0600] {logging_mixin.py:190} INFO - [2025-02-10T13:01:35.608+0600] {dag.py:3239} INFO - Sync 1 DAGs
[2025-02-10T13:01:35.633+0600] {logging_mixin.py:190} INFO - [2025-02-10T13:01:35.632+0600] {dag.py:4180} INFO - Setting next_dagrun for example_branch_labels to 2025-02-09 00:00:00+00:00, run_after=2025-02-10 00:00:00+00:00
[2025-02-10T13:01:35.665+0600] {processor.py:208} INFO - Processing /home/shamim/airflow_git/Airflow_project/air_venv/lib/python3.12/site-packages/airflow/example_dags/example_branch_labels.py took 0.141 seconds
[2025-02-10T13:02:47.542+0600] {processor.py:186} INFO - Started process (PID=13745) to work on /home/shamim/airflow_git/Airflow_project/air_venv/lib/python3.12/site-packages/airflow/example_dags/example_branch_labels.py
[2025-02-10T13:02:47.548+0600] {processor.py:914} INFO - Processing file /home/shamim/airflow_git/Airflow_project/air_venv/lib/python3.12/site-packages/airflow/example_dags/example_branch_labels.py for tasks to queue
[2025-02-10T13:02:47.552+0600] {logging_mixin.py:190} INFO - [2025-02-10T13:02:47.551+0600] {dagbag.py:588} INFO - Filling up the DagBag from /home/shamim/airflow_git/Airflow_project/air_venv/lib/python3.12/site-packages/airflow/example_dags/example_branch_labels.py
[2025-02-10T13:02:47.567+0600] {processor.py:925} INFO - DAG(s) 'example_branch_labels' retrieved from /home/shamim/airflow_git/Airflow_project/air_venv/lib/python3.12/site-packages/airflow/example_dags/example_branch_labels.py
[2025-02-10T13:02:47.586+0600] {logging_mixin.py:190} INFO - [2025-02-10T13:02:47.586+0600] {dag.py:3239} INFO - Sync 1 DAGs
[2025-02-10T13:02:47.611+0600] {logging_mixin.py:190} INFO - [2025-02-10T13:02:47.611+0600] {dag.py:4180} INFO - Setting next_dagrun for example_branch_labels to 2025-02-09 00:00:00+00:00, run_after=2025-02-10 00:00:00+00:00
[2025-02-10T13:02:47.635+0600] {processor.py:208} INFO - Processing /home/shamim/airflow_git/Airflow_project/air_venv/lib/python3.12/site-packages/airflow/example_dags/example_branch_labels.py took 0.102 seconds
[2025-02-10T13:03:53.158+0600] {processor.py:186} INFO - Started process (PID=13900) to work on /home/shamim/airflow_git/Airflow_project/air_venv/lib/python3.12/site-packages/airflow/example_dags/example_branch_labels.py
[2025-02-10T13:03:53.162+0600] {processor.py:914} INFO - Processing file /home/shamim/airflow_git/Airflow_project/air_venv/lib/python3.12/site-packages/airflow/example_dags/example_branch_labels.py for tasks to queue
[2025-02-10T13:03:53.165+0600] {logging_mixin.py:190} INFO - [2025-02-10T13:03:53.165+0600] {dagbag.py:588} INFO - Filling up the DagBag from /home/shamim/airflow_git/Airflow_project/air_venv/lib/python3.12/site-packages/airflow/example_dags/example_branch_labels.py
[2025-02-10T13:03:53.179+0600] {processor.py:925} INFO - DAG(s) 'example_branch_labels' retrieved from /home/shamim/airflow_git/Airflow_project/air_venv/lib/python3.12/site-packages/airflow/example_dags/example_branch_labels.py
[2025-02-10T13:03:53.197+0600] {logging_mixin.py:190} INFO - [2025-02-10T13:03:53.197+0600] {dag.py:3239} INFO - Sync 1 DAGs
[2025-02-10T13:03:53.221+0600] {logging_mixin.py:190} INFO - [2025-02-10T13:03:53.221+0600] {dag.py:4180} INFO - Setting next_dagrun for example_branch_labels to 2025-02-09 00:00:00+00:00, run_after=2025-02-10 00:00:00+00:00
[2025-02-10T13:03:53.242+0600] {processor.py:208} INFO - Processing /home/shamim/airflow_git/Airflow_project/air_venv/lib/python3.12/site-packages/airflow/example_dags/example_branch_labels.py took 0.091 seconds
[2025-02-10T13:04:59.816+0600] {processor.py:186} INFO - Started process (PID=14048) to work on /home/shamim/airflow_git/Airflow_project/air_venv/lib/python3.12/site-packages/airflow/example_dags/example_branch_labels.py
[2025-02-10T13:04:59.823+0600] {processor.py:914} INFO - Processing file /home/shamim/airflow_git/Airflow_project/air_venv/lib/python3.12/site-packages/airflow/example_dags/example_branch_labels.py for tasks to queue
[2025-02-10T13:04:59.827+0600] {logging_mixin.py:190} INFO - [2025-02-10T13:04:59.826+0600] {dagbag.py:588} INFO - Filling up the DagBag from /home/shamim/airflow_git/Airflow_project/air_venv/lib/python3.12/site-packages/airflow/example_dags/example_branch_labels.py
[2025-02-10T13:04:59.843+0600] {processor.py:925} INFO - DAG(s) 'example_branch_labels' retrieved from /home/shamim/airflow_git/Airflow_project/air_venv/lib/python3.12/site-packages/airflow/example_dags/example_branch_labels.py
[2025-02-10T13:04:59.861+0600] {logging_mixin.py:190} INFO - [2025-02-10T13:04:59.860+0600] {dag.py:3239} INFO - Sync 1 DAGs
[2025-02-10T13:04:59.885+0600] {logging_mixin.py:190} INFO - [2025-02-10T13:04:59.885+0600] {dag.py:4180} INFO - Setting next_dagrun for example_branch_labels to 2025-02-09 00:00:00+00:00, run_after=2025-02-10 00:00:00+00:00
[2025-02-10T13:04:59.908+0600] {processor.py:208} INFO - Processing /home/shamim/airflow_git/Airflow_project/air_venv/lib/python3.12/site-packages/airflow/example_dags/example_branch_labels.py took 0.101 seconds
[2025-02-10T13:06:08.407+0600] {processor.py:186} INFO - Started process (PID=14174) to work on /home/shamim/airflow_git/Airflow_project/air_venv/lib/python3.12/site-packages/airflow/example_dags/example_branch_labels.py
[2025-02-10T13:06:08.414+0600] {processor.py:914} INFO - Processing file /home/shamim/airflow_git/Airflow_project/air_venv/lib/python3.12/site-packages/airflow/example_dags/example_branch_labels.py for tasks to queue
[2025-02-10T13:06:08.421+0600] {logging_mixin.py:190} INFO - [2025-02-10T13:06:08.420+0600] {dagbag.py:588} INFO - Filling up the DagBag from /home/shamim/airflow_git/Airflow_project/air_venv/lib/python3.12/site-packages/airflow/example_dags/example_branch_labels.py
[2025-02-10T13:06:08.445+0600] {processor.py:925} INFO - DAG(s) 'example_branch_labels' retrieved from /home/shamim/airflow_git/Airflow_project/air_venv/lib/python3.12/site-packages/airflow/example_dags/example_branch_labels.py
[2025-02-10T13:06:08.464+0600] {logging_mixin.py:190} INFO - [2025-02-10T13:06:08.463+0600] {dag.py:3239} INFO - Sync 1 DAGs
[2025-02-10T13:06:08.488+0600] {logging_mixin.py:190} INFO - [2025-02-10T13:06:08.487+0600] {dag.py:4180} INFO - Setting next_dagrun for example_branch_labels to 2025-02-09 00:00:00+00:00, run_after=2025-02-10 00:00:00+00:00
[2025-02-10T13:06:08.511+0600] {processor.py:208} INFO - Processing /home/shamim/airflow_git/Airflow_project/air_venv/lib/python3.12/site-packages/airflow/example_dags/example_branch_labels.py took 0.112 seconds
[2025-02-10T13:07:16.841+0600] {processor.py:186} INFO - Started process (PID=14328) to work on /home/shamim/airflow_git/Airflow_project/air_venv/lib/python3.12/site-packages/airflow/example_dags/example_branch_labels.py
[2025-02-10T13:07:16.843+0600] {processor.py:914} INFO - Processing file /home/shamim/airflow_git/Airflow_project/air_venv/lib/python3.12/site-packages/airflow/example_dags/example_branch_labels.py for tasks to queue
[2025-02-10T13:07:16.845+0600] {logging_mixin.py:190} INFO - [2025-02-10T13:07:16.845+0600] {dagbag.py:588} INFO - Filling up the DagBag from /home/shamim/airflow_git/Airflow_project/air_venv/lib/python3.12/site-packages/airflow/example_dags/example_branch_labels.py
[2025-02-10T13:07:16.859+0600] {processor.py:925} INFO - DAG(s) 'example_branch_labels' retrieved from /home/shamim/airflow_git/Airflow_project/air_venv/lib/python3.12/site-packages/airflow/example_dags/example_branch_labels.py
[2025-02-10T13:07:16.883+0600] {logging_mixin.py:190} INFO - [2025-02-10T13:07:16.882+0600] {dag.py:3239} INFO - Sync 1 DAGs
[2025-02-10T13:07:16.910+0600] {logging_mixin.py:190} INFO - [2025-02-10T13:07:16.910+0600] {dag.py:4180} INFO - Setting next_dagrun for example_branch_labels to 2025-02-09 00:00:00+00:00, run_after=2025-02-10 00:00:00+00:00
[2025-02-10T13:07:16.937+0600] {processor.py:208} INFO - Processing /home/shamim/airflow_git/Airflow_project/air_venv/lib/python3.12/site-packages/airflow/example_dags/example_branch_labels.py took 0.106 seconds
[2025-02-10T13:08:32.488+0600] {processor.py:186} INFO - Started process (PID=14505) to work on /home/shamim/airflow_git/Airflow_project/air_venv/lib/python3.12/site-packages/airflow/example_dags/example_branch_labels.py
[2025-02-10T13:08:32.490+0600] {processor.py:914} INFO - Processing file /home/shamim/airflow_git/Airflow_project/air_venv/lib/python3.12/site-packages/airflow/example_dags/example_branch_labels.py for tasks to queue
[2025-02-10T13:08:32.492+0600] {logging_mixin.py:190} INFO - [2025-02-10T13:08:32.492+0600] {dagbag.py:588} INFO - Filling up the DagBag from /home/shamim/airflow_git/Airflow_project/air_venv/lib/python3.12/site-packages/airflow/example_dags/example_branch_labels.py
[2025-02-10T13:08:32.508+0600] {processor.py:925} INFO - DAG(s) 'example_branch_labels' retrieved from /home/shamim/airflow_git/Airflow_project/air_venv/lib/python3.12/site-packages/airflow/example_dags/example_branch_labels.py
[2025-02-10T13:08:32.531+0600] {logging_mixin.py:190} INFO - [2025-02-10T13:08:32.531+0600] {dag.py:3239} INFO - Sync 1 DAGs
[2025-02-10T13:08:32.562+0600] {logging_mixin.py:190} INFO - [2025-02-10T13:08:32.562+0600] {dag.py:4180} INFO - Setting next_dagrun for example_branch_labels to 2025-02-09 00:00:00+00:00, run_after=2025-02-10 00:00:00+00:00
[2025-02-10T13:08:32.597+0600] {processor.py:208} INFO - Processing /home/shamim/airflow_git/Airflow_project/air_venv/lib/python3.12/site-packages/airflow/example_dags/example_branch_labels.py took 0.119 seconds
[2025-02-10T13:09:39.711+0600] {processor.py:186} INFO - Started process (PID=14766) to work on /home/shamim/airflow_git/Airflow_project/air_venv/lib/python3.12/site-packages/airflow/example_dags/example_branch_labels.py
[2025-02-10T13:09:39.719+0600] {processor.py:914} INFO - Processing file /home/shamim/airflow_git/Airflow_project/air_venv/lib/python3.12/site-packages/airflow/example_dags/example_branch_labels.py for tasks to queue
[2025-02-10T13:09:39.724+0600] {logging_mixin.py:190} INFO - [2025-02-10T13:09:39.723+0600] {dagbag.py:588} INFO - Filling up the DagBag from /home/shamim/airflow_git/Airflow_project/air_venv/lib/python3.12/site-packages/airflow/example_dags/example_branch_labels.py
[2025-02-10T13:09:39.742+0600] {processor.py:925} INFO - DAG(s) 'example_branch_labels' retrieved from /home/shamim/airflow_git/Airflow_project/air_venv/lib/python3.12/site-packages/airflow/example_dags/example_branch_labels.py
[2025-02-10T13:09:39.764+0600] {logging_mixin.py:190} INFO - [2025-02-10T13:09:39.763+0600] {dag.py:3239} INFO - Sync 1 DAGs
[2025-02-10T13:09:39.793+0600] {logging_mixin.py:190} INFO - [2025-02-10T13:09:39.793+0600] {dag.py:4180} INFO - Setting next_dagrun for example_branch_labels to 2025-02-09 00:00:00+00:00, run_after=2025-02-10 00:00:00+00:00
[2025-02-10T13:09:39.820+0600] {processor.py:208} INFO - Processing /home/shamim/airflow_git/Airflow_project/air_venv/lib/python3.12/site-packages/airflow/example_dags/example_branch_labels.py took 0.140 seconds
[2025-02-10T13:10:50.533+0600] {processor.py:186} INFO - Started process (PID=14873) to work on /home/shamim/airflow_git/Airflow_project/air_venv/lib/python3.12/site-packages/airflow/example_dags/example_branch_labels.py
[2025-02-10T13:10:50.540+0600] {processor.py:914} INFO - Processing file /home/shamim/airflow_git/Airflow_project/air_venv/lib/python3.12/site-packages/airflow/example_dags/example_branch_labels.py for tasks to queue
[2025-02-10T13:10:50.544+0600] {logging_mixin.py:190} INFO - [2025-02-10T13:10:50.543+0600] {dagbag.py:588} INFO - Filling up the DagBag from /home/shamim/airflow_git/Airflow_project/air_venv/lib/python3.12/site-packages/airflow/example_dags/example_branch_labels.py
[2025-02-10T13:10:50.563+0600] {processor.py:925} INFO - DAG(s) 'example_branch_labels' retrieved from /home/shamim/airflow_git/Airflow_project/air_venv/lib/python3.12/site-packages/airflow/example_dags/example_branch_labels.py
[2025-02-10T13:10:50.596+0600] {logging_mixin.py:190} INFO - [2025-02-10T13:10:50.595+0600] {dag.py:3239} INFO - Sync 1 DAGs
[2025-02-10T13:10:50.639+0600] {logging_mixin.py:190} INFO - [2025-02-10T13:10:50.639+0600] {dag.py:4180} INFO - Setting next_dagrun for example_branch_labels to 2025-02-09 00:00:00+00:00, run_after=2025-02-10 00:00:00+00:00
[2025-02-10T13:10:50.670+0600] {processor.py:208} INFO - Processing /home/shamim/airflow_git/Airflow_project/air_venv/lib/python3.12/site-packages/airflow/example_dags/example_branch_labels.py took 0.152 seconds
[2025-02-10T13:12:07.740+0600] {processor.py:186} INFO - Started process (PID=14970) to work on /home/shamim/airflow_git/Airflow_project/air_venv/lib/python3.12/site-packages/airflow/example_dags/example_branch_labels.py
[2025-02-10T13:12:07.750+0600] {processor.py:914} INFO - Processing file /home/shamim/airflow_git/Airflow_project/air_venv/lib/python3.12/site-packages/airflow/example_dags/example_branch_labels.py for tasks to queue
[2025-02-10T13:12:07.755+0600] {logging_mixin.py:190} INFO - [2025-02-10T13:12:07.754+0600] {dagbag.py:588} INFO - Filling up the DagBag from /home/shamim/airflow_git/Airflow_project/air_venv/lib/python3.12/site-packages/airflow/example_dags/example_branch_labels.py
[2025-02-10T13:12:07.774+0600] {processor.py:925} INFO - DAG(s) 'example_branch_labels' retrieved from /home/shamim/airflow_git/Airflow_project/air_venv/lib/python3.12/site-packages/airflow/example_dags/example_branch_labels.py
[2025-02-10T13:12:07.799+0600] {logging_mixin.py:190} INFO - [2025-02-10T13:12:07.799+0600] {dag.py:3239} INFO - Sync 1 DAGs
[2025-02-10T13:12:07.832+0600] {logging_mixin.py:190} INFO - [2025-02-10T13:12:07.832+0600] {dag.py:4180} INFO - Setting next_dagrun for example_branch_labels to 2025-02-09 00:00:00+00:00, run_after=2025-02-10 00:00:00+00:00
[2025-02-10T13:12:07.863+0600] {processor.py:208} INFO - Processing /home/shamim/airflow_git/Airflow_project/air_venv/lib/python3.12/site-packages/airflow/example_dags/example_branch_labels.py took 0.149 seconds
[2025-02-10T13:13:23.430+0600] {processor.py:186} INFO - Started process (PID=15092) to work on /home/shamim/airflow_git/Airflow_project/air_venv/lib/python3.12/site-packages/airflow/example_dags/example_branch_labels.py
[2025-02-10T13:13:23.438+0600] {processor.py:914} INFO - Processing file /home/shamim/airflow_git/Airflow_project/air_venv/lib/python3.12/site-packages/airflow/example_dags/example_branch_labels.py for tasks to queue
[2025-02-10T13:13:23.445+0600] {logging_mixin.py:190} INFO - [2025-02-10T13:13:23.444+0600] {dagbag.py:588} INFO - Filling up the DagBag from /home/shamim/airflow_git/Airflow_project/air_venv/lib/python3.12/site-packages/airflow/example_dags/example_branch_labels.py
[2025-02-10T13:13:23.467+0600] {processor.py:925} INFO - DAG(s) 'example_branch_labels' retrieved from /home/shamim/airflow_git/Airflow_project/air_venv/lib/python3.12/site-packages/airflow/example_dags/example_branch_labels.py
[2025-02-10T13:13:23.491+0600] {logging_mixin.py:190} INFO - [2025-02-10T13:13:23.491+0600] {dag.py:3239} INFO - Sync 1 DAGs
[2025-02-10T13:13:23.520+0600] {logging_mixin.py:190} INFO - [2025-02-10T13:13:23.520+0600] {dag.py:4180} INFO - Setting next_dagrun for example_branch_labels to 2025-02-09 00:00:00+00:00, run_after=2025-02-10 00:00:00+00:00
[2025-02-10T13:13:23.556+0600] {processor.py:208} INFO - Processing /home/shamim/airflow_git/Airflow_project/air_venv/lib/python3.12/site-packages/airflow/example_dags/example_branch_labels.py took 0.149 seconds
[2025-02-10T13:14:34.625+0600] {processor.py:186} INFO - Started process (PID=15212) to work on /home/shamim/airflow_git/Airflow_project/air_venv/lib/python3.12/site-packages/airflow/example_dags/example_branch_labels.py
[2025-02-10T13:14:34.631+0600] {processor.py:914} INFO - Processing file /home/shamim/airflow_git/Airflow_project/air_venv/lib/python3.12/site-packages/airflow/example_dags/example_branch_labels.py for tasks to queue
[2025-02-10T13:14:34.635+0600] {logging_mixin.py:190} INFO - [2025-02-10T13:14:34.634+0600] {dagbag.py:588} INFO - Filling up the DagBag from /home/shamim/airflow_git/Airflow_project/air_venv/lib/python3.12/site-packages/airflow/example_dags/example_branch_labels.py
[2025-02-10T13:14:34.649+0600] {processor.py:925} INFO - DAG(s) 'example_branch_labels' retrieved from /home/shamim/airflow_git/Airflow_project/air_venv/lib/python3.12/site-packages/airflow/example_dags/example_branch_labels.py
[2025-02-10T13:14:34.667+0600] {logging_mixin.py:190} INFO - [2025-02-10T13:14:34.667+0600] {dag.py:3239} INFO - Sync 1 DAGs
[2025-02-10T13:14:34.693+0600] {logging_mixin.py:190} INFO - [2025-02-10T13:14:34.693+0600] {dag.py:4180} INFO - Setting next_dagrun for example_branch_labels to 2025-02-09 00:00:00+00:00, run_after=2025-02-10 00:00:00+00:00
[2025-02-10T13:14:34.720+0600] {processor.py:208} INFO - Processing /home/shamim/airflow_git/Airflow_project/air_venv/lib/python3.12/site-packages/airflow/example_dags/example_branch_labels.py took 0.107 seconds
[2025-02-10T13:15:42.962+0600] {processor.py:186} INFO - Started process (PID=15309) to work on /home/shamim/airflow_git/Airflow_project/air_venv/lib/python3.12/site-packages/airflow/example_dags/example_branch_labels.py
[2025-02-10T13:15:42.969+0600] {processor.py:914} INFO - Processing file /home/shamim/airflow_git/Airflow_project/air_venv/lib/python3.12/site-packages/airflow/example_dags/example_branch_labels.py for tasks to queue
[2025-02-10T13:15:42.974+0600] {logging_mixin.py:190} INFO - [2025-02-10T13:15:42.974+0600] {dagbag.py:588} INFO - Filling up the DagBag from /home/shamim/airflow_git/Airflow_project/air_venv/lib/python3.12/site-packages/airflow/example_dags/example_branch_labels.py
[2025-02-10T13:15:42.989+0600] {processor.py:925} INFO - DAG(s) 'example_branch_labels' retrieved from /home/shamim/airflow_git/Airflow_project/air_venv/lib/python3.12/site-packages/airflow/example_dags/example_branch_labels.py
[2025-02-10T13:15:43.008+0600] {logging_mixin.py:190} INFO - [2025-02-10T13:15:43.007+0600] {dag.py:3239} INFO - Sync 1 DAGs
[2025-02-10T13:15:43.034+0600] {logging_mixin.py:190} INFO - [2025-02-10T13:15:43.033+0600] {dag.py:4180} INFO - Setting next_dagrun for example_branch_labels to 2025-02-09 00:00:00+00:00, run_after=2025-02-10 00:00:00+00:00
[2025-02-10T13:15:43.060+0600] {processor.py:208} INFO - Processing /home/shamim/airflow_git/Airflow_project/air_venv/lib/python3.12/site-packages/airflow/example_dags/example_branch_labels.py took 0.116 seconds
[2025-02-10T13:16:51.463+0600] {processor.py:186} INFO - Started process (PID=15399) to work on /home/shamim/airflow_git/Airflow_project/air_venv/lib/python3.12/site-packages/airflow/example_dags/example_branch_labels.py
[2025-02-10T13:16:51.467+0600] {processor.py:914} INFO - Processing file /home/shamim/airflow_git/Airflow_project/air_venv/lib/python3.12/site-packages/airflow/example_dags/example_branch_labels.py for tasks to queue
[2025-02-10T13:16:51.471+0600] {logging_mixin.py:190} INFO - [2025-02-10T13:16:51.470+0600] {dagbag.py:588} INFO - Filling up the DagBag from /home/shamim/airflow_git/Airflow_project/air_venv/lib/python3.12/site-packages/airflow/example_dags/example_branch_labels.py
[2025-02-10T13:16:51.483+0600] {processor.py:925} INFO - DAG(s) 'example_branch_labels' retrieved from /home/shamim/airflow_git/Airflow_project/air_venv/lib/python3.12/site-packages/airflow/example_dags/example_branch_labels.py
[2025-02-10T13:16:51.502+0600] {logging_mixin.py:190} INFO - [2025-02-10T13:16:51.502+0600] {dag.py:3239} INFO - Sync 1 DAGs
[2025-02-10T13:16:51.529+0600] {logging_mixin.py:190} INFO - [2025-02-10T13:16:51.529+0600] {dag.py:4180} INFO - Setting next_dagrun for example_branch_labels to 2025-02-09 00:00:00+00:00, run_after=2025-02-10 00:00:00+00:00
[2025-02-10T13:16:51.559+0600] {processor.py:208} INFO - Processing /home/shamim/airflow_git/Airflow_project/air_venv/lib/python3.12/site-packages/airflow/example_dags/example_branch_labels.py took 0.106 seconds
[2025-02-10T13:18:02.401+0600] {processor.py:186} INFO - Started process (PID=15634) to work on /home/shamim/airflow_git/Airflow_project/air_venv/lib/python3.12/site-packages/airflow/example_dags/example_branch_labels.py
[2025-02-10T13:18:02.407+0600] {processor.py:914} INFO - Processing file /home/shamim/airflow_git/Airflow_project/air_venv/lib/python3.12/site-packages/airflow/example_dags/example_branch_labels.py for tasks to queue
[2025-02-10T13:18:02.410+0600] {logging_mixin.py:190} INFO - [2025-02-10T13:18:02.410+0600] {dagbag.py:588} INFO - Filling up the DagBag from /home/shamim/airflow_git/Airflow_project/air_venv/lib/python3.12/site-packages/airflow/example_dags/example_branch_labels.py
[2025-02-10T13:18:02.423+0600] {processor.py:925} INFO - DAG(s) 'example_branch_labels' retrieved from /home/shamim/airflow_git/Airflow_project/air_venv/lib/python3.12/site-packages/airflow/example_dags/example_branch_labels.py
[2025-02-10T13:18:02.443+0600] {logging_mixin.py:190} INFO - [2025-02-10T13:18:02.443+0600] {dag.py:3239} INFO - Sync 1 DAGs
[2025-02-10T13:18:02.470+0600] {logging_mixin.py:190} INFO - [2025-02-10T13:18:02.469+0600] {dag.py:4180} INFO - Setting next_dagrun for example_branch_labels to 2025-02-09 00:00:00+00:00, run_after=2025-02-10 00:00:00+00:00
[2025-02-10T13:18:02.501+0600] {processor.py:208} INFO - Processing /home/shamim/airflow_git/Airflow_project/air_venv/lib/python3.12/site-packages/airflow/example_dags/example_branch_labels.py took 0.110 seconds
[2025-02-10T13:19:21.599+0600] {processor.py:186} INFO - Started process (PID=16033) to work on /home/shamim/airflow_git/Airflow_project/air_venv/lib/python3.12/site-packages/airflow/example_dags/example_branch_labels.py
[2025-02-10T13:19:21.605+0600] {processor.py:914} INFO - Processing file /home/shamim/airflow_git/Airflow_project/air_venv/lib/python3.12/site-packages/airflow/example_dags/example_branch_labels.py for tasks to queue
[2025-02-10T13:19:21.607+0600] {logging_mixin.py:190} INFO - [2025-02-10T13:19:21.607+0600] {dagbag.py:588} INFO - Filling up the DagBag from /home/shamim/airflow_git/Airflow_project/air_venv/lib/python3.12/site-packages/airflow/example_dags/example_branch_labels.py
[2025-02-10T13:19:21.624+0600] {processor.py:925} INFO - DAG(s) 'example_branch_labels' retrieved from /home/shamim/airflow_git/Airflow_project/air_venv/lib/python3.12/site-packages/airflow/example_dags/example_branch_labels.py
[2025-02-10T13:19:21.643+0600] {logging_mixin.py:190} INFO - [2025-02-10T13:19:21.643+0600] {dag.py:3239} INFO - Sync 1 DAGs
[2025-02-10T13:19:21.671+0600] {logging_mixin.py:190} INFO - [2025-02-10T13:19:21.671+0600] {dag.py:4180} INFO - Setting next_dagrun for example_branch_labels to 2025-02-09 00:00:00+00:00, run_after=2025-02-10 00:00:00+00:00
[2025-02-10T13:19:21.697+0600] {processor.py:208} INFO - Processing /home/shamim/airflow_git/Airflow_project/air_venv/lib/python3.12/site-packages/airflow/example_dags/example_branch_labels.py took 0.112 seconds
[2025-02-10T13:20:35.113+0600] {processor.py:186} INFO - Started process (PID=16597) to work on /home/shamim/airflow_git/Airflow_project/air_venv/lib/python3.12/site-packages/airflow/example_dags/example_branch_labels.py
[2025-02-10T13:20:35.119+0600] {processor.py:914} INFO - Processing file /home/shamim/airflow_git/Airflow_project/air_venv/lib/python3.12/site-packages/airflow/example_dags/example_branch_labels.py for tasks to queue
[2025-02-10T13:20:35.122+0600] {logging_mixin.py:190} INFO - [2025-02-10T13:20:35.121+0600] {dagbag.py:588} INFO - Filling up the DagBag from /home/shamim/airflow_git/Airflow_project/air_venv/lib/python3.12/site-packages/airflow/example_dags/example_branch_labels.py
[2025-02-10T13:20:35.138+0600] {processor.py:925} INFO - DAG(s) 'example_branch_labels' retrieved from /home/shamim/airflow_git/Airflow_project/air_venv/lib/python3.12/site-packages/airflow/example_dags/example_branch_labels.py
[2025-02-10T13:20:35.158+0600] {logging_mixin.py:190} INFO - [2025-02-10T13:20:35.157+0600] {dag.py:3239} INFO - Sync 1 DAGs
[2025-02-10T13:20:35.184+0600] {logging_mixin.py:190} INFO - [2025-02-10T13:20:35.184+0600] {dag.py:4180} INFO - Setting next_dagrun for example_branch_labels to 2025-02-09 00:00:00+00:00, run_after=2025-02-10 00:00:00+00:00
[2025-02-10T13:20:35.211+0600] {processor.py:208} INFO - Processing /home/shamim/airflow_git/Airflow_project/air_venv/lib/python3.12/site-packages/airflow/example_dags/example_branch_labels.py took 0.112 seconds
[2025-02-10T13:21:50.179+0600] {processor.py:186} INFO - Started process (PID=17183) to work on /home/shamim/airflow_git/Airflow_project/air_venv/lib/python3.12/site-packages/airflow/example_dags/example_branch_labels.py
[2025-02-10T13:21:50.182+0600] {processor.py:914} INFO - Processing file /home/shamim/airflow_git/Airflow_project/air_venv/lib/python3.12/site-packages/airflow/example_dags/example_branch_labels.py for tasks to queue
[2025-02-10T13:21:50.184+0600] {logging_mixin.py:190} INFO - [2025-02-10T13:21:50.184+0600] {dagbag.py:588} INFO - Filling up the DagBag from /home/shamim/airflow_git/Airflow_project/air_venv/lib/python3.12/site-packages/airflow/example_dags/example_branch_labels.py
[2025-02-10T13:21:50.199+0600] {processor.py:925} INFO - DAG(s) 'example_branch_labels' retrieved from /home/shamim/airflow_git/Airflow_project/air_venv/lib/python3.12/site-packages/airflow/example_dags/example_branch_labels.py
[2025-02-10T13:21:50.220+0600] {logging_mixin.py:190} INFO - [2025-02-10T13:21:50.219+0600] {dag.py:3239} INFO - Sync 1 DAGs
[2025-02-10T13:21:50.247+0600] {logging_mixin.py:190} INFO - [2025-02-10T13:21:50.247+0600] {dag.py:4180} INFO - Setting next_dagrun for example_branch_labels to 2025-02-09 00:00:00+00:00, run_after=2025-02-10 00:00:00+00:00
[2025-02-10T13:21:50.269+0600] {processor.py:208} INFO - Processing /home/shamim/airflow_git/Airflow_project/air_venv/lib/python3.12/site-packages/airflow/example_dags/example_branch_labels.py took 0.101 seconds
[2025-02-10T13:23:07.502+0600] {processor.py:186} INFO - Started process (PID=17430) to work on /home/shamim/airflow_git/Airflow_project/air_venv/lib/python3.12/site-packages/airflow/example_dags/example_branch_labels.py
[2025-02-10T13:23:07.508+0600] {processor.py:914} INFO - Processing file /home/shamim/airflow_git/Airflow_project/air_venv/lib/python3.12/site-packages/airflow/example_dags/example_branch_labels.py for tasks to queue
[2025-02-10T13:23:07.510+0600] {logging_mixin.py:190} INFO - [2025-02-10T13:23:07.509+0600] {dagbag.py:588} INFO - Filling up the DagBag from /home/shamim/airflow_git/Airflow_project/air_venv/lib/python3.12/site-packages/airflow/example_dags/example_branch_labels.py
[2025-02-10T13:23:07.523+0600] {processor.py:925} INFO - DAG(s) 'example_branch_labels' retrieved from /home/shamim/airflow_git/Airflow_project/air_venv/lib/python3.12/site-packages/airflow/example_dags/example_branch_labels.py
[2025-02-10T13:23:07.543+0600] {logging_mixin.py:190} INFO - [2025-02-10T13:23:07.543+0600] {dag.py:3239} INFO - Sync 1 DAGs
[2025-02-10T13:23:07.569+0600] {logging_mixin.py:190} INFO - [2025-02-10T13:23:07.569+0600] {dag.py:4180} INFO - Setting next_dagrun for example_branch_labels to 2025-02-09 00:00:00+00:00, run_after=2025-02-10 00:00:00+00:00
[2025-02-10T13:23:07.596+0600] {processor.py:208} INFO - Processing /home/shamim/airflow_git/Airflow_project/air_venv/lib/python3.12/site-packages/airflow/example_dags/example_branch_labels.py took 0.106 seconds
[2025-02-10T13:24:21.874+0600] {processor.py:186} INFO - Started process (PID=17552) to work on /home/shamim/airflow_git/Airflow_project/air_venv/lib/python3.12/site-packages/airflow/example_dags/example_branch_labels.py
[2025-02-10T13:24:21.881+0600] {processor.py:914} INFO - Processing file /home/shamim/airflow_git/Airflow_project/air_venv/lib/python3.12/site-packages/airflow/example_dags/example_branch_labels.py for tasks to queue
[2025-02-10T13:24:21.882+0600] {logging_mixin.py:190} INFO - [2025-02-10T13:24:21.882+0600] {dagbag.py:588} INFO - Filling up the DagBag from /home/shamim/airflow_git/Airflow_project/air_venv/lib/python3.12/site-packages/airflow/example_dags/example_branch_labels.py
[2025-02-10T13:24:21.896+0600] {processor.py:925} INFO - DAG(s) 'example_branch_labels' retrieved from /home/shamim/airflow_git/Airflow_project/air_venv/lib/python3.12/site-packages/airflow/example_dags/example_branch_labels.py
[2025-02-10T13:24:21.916+0600] {logging_mixin.py:190} INFO - [2025-02-10T13:24:21.915+0600] {dag.py:3239} INFO - Sync 1 DAGs
[2025-02-10T13:24:21.942+0600] {logging_mixin.py:190} INFO - [2025-02-10T13:24:21.941+0600] {dag.py:4180} INFO - Setting next_dagrun for example_branch_labels to 2025-02-09 00:00:00+00:00, run_after=2025-02-10 00:00:00+00:00
[2025-02-10T13:24:21.969+0600] {processor.py:208} INFO - Processing /home/shamim/airflow_git/Airflow_project/air_venv/lib/python3.12/site-packages/airflow/example_dags/example_branch_labels.py took 0.106 seconds
[2025-02-10T13:25:35.059+0600] {processor.py:186} INFO - Started process (PID=17756) to work on /home/shamim/airflow_git/Airflow_project/air_venv/lib/python3.12/site-packages/airflow/example_dags/example_branch_labels.py
[2025-02-10T13:25:35.066+0600] {processor.py:914} INFO - Processing file /home/shamim/airflow_git/Airflow_project/air_venv/lib/python3.12/site-packages/airflow/example_dags/example_branch_labels.py for tasks to queue
[2025-02-10T13:25:35.070+0600] {logging_mixin.py:190} INFO - [2025-02-10T13:25:35.069+0600] {dagbag.py:588} INFO - Filling up the DagBag from /home/shamim/airflow_git/Airflow_project/air_venv/lib/python3.12/site-packages/airflow/example_dags/example_branch_labels.py
[2025-02-10T13:25:35.093+0600] {processor.py:925} INFO - DAG(s) 'example_branch_labels' retrieved from /home/shamim/airflow_git/Airflow_project/air_venv/lib/python3.12/site-packages/airflow/example_dags/example_branch_labels.py
[2025-02-10T13:25:35.113+0600] {logging_mixin.py:190} INFO - [2025-02-10T13:25:35.113+0600] {dag.py:3239} INFO - Sync 1 DAGs
[2025-02-10T13:25:35.139+0600] {logging_mixin.py:190} INFO - [2025-02-10T13:25:35.139+0600] {dag.py:4180} INFO - Setting next_dagrun for example_branch_labels to 2025-02-09 00:00:00+00:00, run_after=2025-02-10 00:00:00+00:00
[2025-02-10T13:25:35.180+0600] {processor.py:208} INFO - Processing /home/shamim/airflow_git/Airflow_project/air_venv/lib/python3.12/site-packages/airflow/example_dags/example_branch_labels.py took 0.133 seconds
[2025-02-10T13:26:54.065+0600] {processor.py:186} INFO - Started process (PID=17865) to work on /home/shamim/airflow_git/Airflow_project/air_venv/lib/python3.12/site-packages/airflow/example_dags/example_branch_labels.py
[2025-02-10T13:26:54.071+0600] {processor.py:914} INFO - Processing file /home/shamim/airflow_git/Airflow_project/air_venv/lib/python3.12/site-packages/airflow/example_dags/example_branch_labels.py for tasks to queue
[2025-02-10T13:26:54.073+0600] {logging_mixin.py:190} INFO - [2025-02-10T13:26:54.072+0600] {dagbag.py:588} INFO - Filling up the DagBag from /home/shamim/airflow_git/Airflow_project/air_venv/lib/python3.12/site-packages/airflow/example_dags/example_branch_labels.py
[2025-02-10T13:26:54.087+0600] {processor.py:925} INFO - DAG(s) 'example_branch_labels' retrieved from /home/shamim/airflow_git/Airflow_project/air_venv/lib/python3.12/site-packages/airflow/example_dags/example_branch_labels.py
[2025-02-10T13:26:54.106+0600] {logging_mixin.py:190} INFO - [2025-02-10T13:26:54.106+0600] {dag.py:3239} INFO - Sync 1 DAGs
[2025-02-10T13:26:54.132+0600] {logging_mixin.py:190} INFO - [2025-02-10T13:26:54.132+0600] {dag.py:4180} INFO - Setting next_dagrun for example_branch_labels to 2025-02-09 00:00:00+00:00, run_after=2025-02-10 00:00:00+00:00
[2025-02-10T13:26:54.167+0600] {processor.py:208} INFO - Processing /home/shamim/airflow_git/Airflow_project/air_venv/lib/python3.12/site-packages/airflow/example_dags/example_branch_labels.py took 0.114 seconds
[2025-02-10T13:28:18.031+0600] {processor.py:186} INFO - Started process (PID=18324) to work on /home/shamim/airflow_git/Airflow_project/air_venv/lib/python3.12/site-packages/airflow/example_dags/example_branch_labels.py
[2025-02-10T13:28:18.037+0600] {processor.py:914} INFO - Processing file /home/shamim/airflow_git/Airflow_project/air_venv/lib/python3.12/site-packages/airflow/example_dags/example_branch_labels.py for tasks to queue
[2025-02-10T13:28:18.039+0600] {logging_mixin.py:190} INFO - [2025-02-10T13:28:18.038+0600] {dagbag.py:588} INFO - Filling up the DagBag from /home/shamim/airflow_git/Airflow_project/air_venv/lib/python3.12/site-packages/airflow/example_dags/example_branch_labels.py
[2025-02-10T13:28:18.051+0600] {processor.py:925} INFO - DAG(s) 'example_branch_labels' retrieved from /home/shamim/airflow_git/Airflow_project/air_venv/lib/python3.12/site-packages/airflow/example_dags/example_branch_labels.py
[2025-02-10T13:28:18.072+0600] {logging_mixin.py:190} INFO - [2025-02-10T13:28:18.072+0600] {dag.py:3239} INFO - Sync 1 DAGs
[2025-02-10T13:28:18.098+0600] {logging_mixin.py:190} INFO - [2025-02-10T13:28:18.098+0600] {dag.py:4180} INFO - Setting next_dagrun for example_branch_labels to 2025-02-09 00:00:00+00:00, run_after=2025-02-10 00:00:00+00:00
[2025-02-10T13:28:18.133+0600] {processor.py:208} INFO - Processing /home/shamim/airflow_git/Airflow_project/air_venv/lib/python3.12/site-packages/airflow/example_dags/example_branch_labels.py took 0.112 seconds
[2025-02-10T13:29:39.057+0600] {processor.py:186} INFO - Started process (PID=18743) to work on /home/shamim/airflow_git/Airflow_project/air_venv/lib/python3.12/site-packages/airflow/example_dags/example_branch_labels.py
[2025-02-10T13:29:39.063+0600] {processor.py:914} INFO - Processing file /home/shamim/airflow_git/Airflow_project/air_venv/lib/python3.12/site-packages/airflow/example_dags/example_branch_labels.py for tasks to queue
[2025-02-10T13:29:39.065+0600] {logging_mixin.py:190} INFO - [2025-02-10T13:29:39.064+0600] {dagbag.py:588} INFO - Filling up the DagBag from /home/shamim/airflow_git/Airflow_project/air_venv/lib/python3.12/site-packages/airflow/example_dags/example_branch_labels.py
[2025-02-10T13:29:39.078+0600] {processor.py:925} INFO - DAG(s) 'example_branch_labels' retrieved from /home/shamim/airflow_git/Airflow_project/air_venv/lib/python3.12/site-packages/airflow/example_dags/example_branch_labels.py
[2025-02-10T13:29:39.098+0600] {logging_mixin.py:190} INFO - [2025-02-10T13:29:39.097+0600] {dag.py:3239} INFO - Sync 1 DAGs
[2025-02-10T13:29:39.124+0600] {logging_mixin.py:190} INFO - [2025-02-10T13:29:39.124+0600] {dag.py:4180} INFO - Setting next_dagrun for example_branch_labels to 2025-02-09 00:00:00+00:00, run_after=2025-02-10 00:00:00+00:00
[2025-02-10T13:29:39.158+0600] {processor.py:208} INFO - Processing /home/shamim/airflow_git/Airflow_project/air_venv/lib/python3.12/site-packages/airflow/example_dags/example_branch_labels.py took 0.111 seconds
[2025-02-10T13:31:02.533+0600] {processor.py:186} INFO - Started process (PID=18868) to work on /home/shamim/airflow_git/Airflow_project/air_venv/lib/python3.12/site-packages/airflow/example_dags/example_branch_labels.py
[2025-02-10T13:31:02.540+0600] {processor.py:914} INFO - Processing file /home/shamim/airflow_git/Airflow_project/air_venv/lib/python3.12/site-packages/airflow/example_dags/example_branch_labels.py for tasks to queue
[2025-02-10T13:31:02.543+0600] {logging_mixin.py:190} INFO - [2025-02-10T13:31:02.542+0600] {dagbag.py:588} INFO - Filling up the DagBag from /home/shamim/airflow_git/Airflow_project/air_venv/lib/python3.12/site-packages/airflow/example_dags/example_branch_labels.py
[2025-02-10T13:31:02.558+0600] {processor.py:925} INFO - DAG(s) 'example_branch_labels' retrieved from /home/shamim/airflow_git/Airflow_project/air_venv/lib/python3.12/site-packages/airflow/example_dags/example_branch_labels.py
[2025-02-10T13:31:02.578+0600] {logging_mixin.py:190} INFO - [2025-02-10T13:31:02.578+0600] {dag.py:3239} INFO - Sync 1 DAGs
[2025-02-10T13:31:02.605+0600] {logging_mixin.py:190} INFO - [2025-02-10T13:31:02.604+0600] {dag.py:4180} INFO - Setting next_dagrun for example_branch_labels to 2025-02-09 00:00:00+00:00, run_after=2025-02-10 00:00:00+00:00
[2025-02-10T13:31:02.640+0600] {processor.py:208} INFO - Processing /home/shamim/airflow_git/Airflow_project/air_venv/lib/python3.12/site-packages/airflow/example_dags/example_branch_labels.py took 0.120 seconds
[2025-02-10T13:32:16.215+0600] {processor.py:186} INFO - Started process (PID=18973) to work on /home/shamim/airflow_git/Airflow_project/air_venv/lib/python3.12/site-packages/airflow/example_dags/example_branch_labels.py
[2025-02-10T13:32:16.222+0600] {processor.py:914} INFO - Processing file /home/shamim/airflow_git/Airflow_project/air_venv/lib/python3.12/site-packages/airflow/example_dags/example_branch_labels.py for tasks to queue
[2025-02-10T13:32:16.224+0600] {logging_mixin.py:190} INFO - [2025-02-10T13:32:16.223+0600] {dagbag.py:588} INFO - Filling up the DagBag from /home/shamim/airflow_git/Airflow_project/air_venv/lib/python3.12/site-packages/airflow/example_dags/example_branch_labels.py
[2025-02-10T13:32:16.241+0600] {processor.py:925} INFO - DAG(s) 'example_branch_labels' retrieved from /home/shamim/airflow_git/Airflow_project/air_venv/lib/python3.12/site-packages/airflow/example_dags/example_branch_labels.py
[2025-02-10T13:32:16.260+0600] {logging_mixin.py:190} INFO - [2025-02-10T13:32:16.259+0600] {dag.py:3239} INFO - Sync 1 DAGs
[2025-02-10T13:32:16.285+0600] {logging_mixin.py:190} INFO - [2025-02-10T13:32:16.285+0600] {dag.py:4180} INFO - Setting next_dagrun for example_branch_labels to 2025-02-09 00:00:00+00:00, run_after=2025-02-10 00:00:00+00:00
[2025-02-10T13:32:16.319+0600] {processor.py:208} INFO - Processing /home/shamim/airflow_git/Airflow_project/air_venv/lib/python3.12/site-packages/airflow/example_dags/example_branch_labels.py took 0.118 seconds
[2025-02-10T13:33:37.032+0600] {processor.py:186} INFO - Started process (PID=19132) to work on /home/shamim/airflow_git/Airflow_project/air_venv/lib/python3.12/site-packages/airflow/example_dags/example_branch_labels.py
[2025-02-10T13:33:37.038+0600] {processor.py:914} INFO - Processing file /home/shamim/airflow_git/Airflow_project/air_venv/lib/python3.12/site-packages/airflow/example_dags/example_branch_labels.py for tasks to queue
[2025-02-10T13:33:37.040+0600] {logging_mixin.py:190} INFO - [2025-02-10T13:33:37.039+0600] {dagbag.py:588} INFO - Filling up the DagBag from /home/shamim/airflow_git/Airflow_project/air_venv/lib/python3.12/site-packages/airflow/example_dags/example_branch_labels.py
[2025-02-10T13:33:37.052+0600] {processor.py:925} INFO - DAG(s) 'example_branch_labels' retrieved from /home/shamim/airflow_git/Airflow_project/air_venv/lib/python3.12/site-packages/airflow/example_dags/example_branch_labels.py
[2025-02-10T13:33:37.071+0600] {logging_mixin.py:190} INFO - [2025-02-10T13:33:37.071+0600] {dag.py:3239} INFO - Sync 1 DAGs
[2025-02-10T13:33:37.097+0600] {logging_mixin.py:190} INFO - [2025-02-10T13:33:37.097+0600] {dag.py:4180} INFO - Setting next_dagrun for example_branch_labels to 2025-02-09 00:00:00+00:00, run_after=2025-02-10 00:00:00+00:00
[2025-02-10T13:33:37.131+0600] {processor.py:208} INFO - Processing /home/shamim/airflow_git/Airflow_project/air_venv/lib/python3.12/site-packages/airflow/example_dags/example_branch_labels.py took 0.111 seconds
[2025-02-10T13:34:54.604+0600] {processor.py:186} INFO - Started process (PID=19389) to work on /home/shamim/airflow_git/Airflow_project/air_venv/lib/python3.12/site-packages/airflow/example_dags/example_branch_labels.py
[2025-02-10T13:34:54.620+0600] {processor.py:914} INFO - Processing file /home/shamim/airflow_git/Airflow_project/air_venv/lib/python3.12/site-packages/airflow/example_dags/example_branch_labels.py for tasks to queue
[2025-02-10T13:34:54.622+0600] {logging_mixin.py:190} INFO - [2025-02-10T13:34:54.621+0600] {dagbag.py:588} INFO - Filling up the DagBag from /home/shamim/airflow_git/Airflow_project/air_venv/lib/python3.12/site-packages/airflow/example_dags/example_branch_labels.py
[2025-02-10T13:34:54.636+0600] {processor.py:925} INFO - DAG(s) 'example_branch_labels' retrieved from /home/shamim/airflow_git/Airflow_project/air_venv/lib/python3.12/site-packages/airflow/example_dags/example_branch_labels.py
[2025-02-10T13:34:54.656+0600] {logging_mixin.py:190} INFO - [2025-02-10T13:34:54.656+0600] {dag.py:3239} INFO - Sync 1 DAGs
[2025-02-10T13:34:54.682+0600] {logging_mixin.py:190} INFO - [2025-02-10T13:34:54.682+0600] {dag.py:4180} INFO - Setting next_dagrun for example_branch_labels to 2025-02-09 00:00:00+00:00, run_after=2025-02-10 00:00:00+00:00
[2025-02-10T13:34:54.703+0600] {processor.py:208} INFO - Processing /home/shamim/airflow_git/Airflow_project/air_venv/lib/python3.12/site-packages/airflow/example_dags/example_branch_labels.py took 0.110 seconds
[2025-02-10T13:36:12.082+0600] {processor.py:186} INFO - Started process (PID=19478) to work on /home/shamim/airflow_git/Airflow_project/air_venv/lib/python3.12/site-packages/airflow/example_dags/example_branch_labels.py
[2025-02-10T13:36:12.089+0600] {processor.py:914} INFO - Processing file /home/shamim/airflow_git/Airflow_project/air_venv/lib/python3.12/site-packages/airflow/example_dags/example_branch_labels.py for tasks to queue
[2025-02-10T13:36:12.091+0600] {logging_mixin.py:190} INFO - [2025-02-10T13:36:12.090+0600] {dagbag.py:588} INFO - Filling up the DagBag from /home/shamim/airflow_git/Airflow_project/air_venv/lib/python3.12/site-packages/airflow/example_dags/example_branch_labels.py
[2025-02-10T13:36:12.107+0600] {processor.py:925} INFO - DAG(s) 'example_branch_labels' retrieved from /home/shamim/airflow_git/Airflow_project/air_venv/lib/python3.12/site-packages/airflow/example_dags/example_branch_labels.py
[2025-02-10T13:36:12.286+0600] {logging_mixin.py:190} INFO - [2025-02-10T13:36:12.285+0600] {dag.py:3239} INFO - Sync 1 DAGs
[2025-02-10T13:36:12.309+0600] {logging_mixin.py:190} INFO - [2025-02-10T13:36:12.309+0600] {dag.py:4180} INFO - Setting next_dagrun for example_branch_labels to 2025-02-09 00:00:00+00:00, run_after=2025-02-10 00:00:00+00:00
[2025-02-10T13:36:12.334+0600] {processor.py:208} INFO - Processing /home/shamim/airflow_git/Airflow_project/air_venv/lib/python3.12/site-packages/airflow/example_dags/example_branch_labels.py took 0.267 seconds
[2025-02-10T13:37:37.012+0600] {processor.py:186} INFO - Started process (PID=19608) to work on /home/shamim/airflow_git/Airflow_project/air_venv/lib/python3.12/site-packages/airflow/example_dags/example_branch_labels.py
[2025-02-10T13:37:37.018+0600] {processor.py:914} INFO - Processing file /home/shamim/airflow_git/Airflow_project/air_venv/lib/python3.12/site-packages/airflow/example_dags/example_branch_labels.py for tasks to queue
[2025-02-10T13:37:37.020+0600] {logging_mixin.py:190} INFO - [2025-02-10T13:37:37.019+0600] {dagbag.py:588} INFO - Filling up the DagBag from /home/shamim/airflow_git/Airflow_project/air_venv/lib/python3.12/site-packages/airflow/example_dags/example_branch_labels.py
[2025-02-10T13:37:37.034+0600] {processor.py:925} INFO - DAG(s) 'example_branch_labels' retrieved from /home/shamim/airflow_git/Airflow_project/air_venv/lib/python3.12/site-packages/airflow/example_dags/example_branch_labels.py
[2025-02-10T13:37:37.053+0600] {logging_mixin.py:190} INFO - [2025-02-10T13:37:37.052+0600] {dag.py:3239} INFO - Sync 1 DAGs
[2025-02-10T13:37:37.078+0600] {logging_mixin.py:190} INFO - [2025-02-10T13:37:37.078+0600] {dag.py:4180} INFO - Setting next_dagrun for example_branch_labels to 2025-02-09 00:00:00+00:00, run_after=2025-02-10 00:00:00+00:00
[2025-02-10T13:37:37.112+0600] {processor.py:208} INFO - Processing /home/shamim/airflow_git/Airflow_project/air_venv/lib/python3.12/site-packages/airflow/example_dags/example_branch_labels.py took 0.111 seconds
[2025-02-10T13:38:53.180+0600] {processor.py:186} INFO - Started process (PID=19752) to work on /home/shamim/airflow_git/Airflow_project/air_venv/lib/python3.12/site-packages/airflow/example_dags/example_branch_labels.py
[2025-02-10T13:38:53.182+0600] {processor.py:914} INFO - Processing file /home/shamim/airflow_git/Airflow_project/air_venv/lib/python3.12/site-packages/airflow/example_dags/example_branch_labels.py for tasks to queue
[2025-02-10T13:38:53.184+0600] {logging_mixin.py:190} INFO - [2025-02-10T13:38:53.183+0600] {dagbag.py:588} INFO - Filling up the DagBag from /home/shamim/airflow_git/Airflow_project/air_venv/lib/python3.12/site-packages/airflow/example_dags/example_branch_labels.py
[2025-02-10T13:38:53.197+0600] {processor.py:925} INFO - DAG(s) 'example_branch_labels' retrieved from /home/shamim/airflow_git/Airflow_project/air_venv/lib/python3.12/site-packages/airflow/example_dags/example_branch_labels.py
[2025-02-10T13:38:53.217+0600] {logging_mixin.py:190} INFO - [2025-02-10T13:38:53.217+0600] {dag.py:3239} INFO - Sync 1 DAGs
[2025-02-10T13:38:53.248+0600] {logging_mixin.py:190} INFO - [2025-02-10T13:38:53.247+0600] {dag.py:4180} INFO - Setting next_dagrun for example_branch_labels to 2025-02-09 00:00:00+00:00, run_after=2025-02-10 00:00:00+00:00
[2025-02-10T13:38:53.271+0600] {processor.py:208} INFO - Processing /home/shamim/airflow_git/Airflow_project/air_venv/lib/python3.12/site-packages/airflow/example_dags/example_branch_labels.py took 0.103 seconds
[2025-02-10T13:40:13.532+0600] {processor.py:186} INFO - Started process (PID=19922) to work on /home/shamim/airflow_git/Airflow_project/air_venv/lib/python3.12/site-packages/airflow/example_dags/example_branch_labels.py
[2025-02-10T13:40:13.538+0600] {processor.py:914} INFO - Processing file /home/shamim/airflow_git/Airflow_project/air_venv/lib/python3.12/site-packages/airflow/example_dags/example_branch_labels.py for tasks to queue
[2025-02-10T13:40:13.539+0600] {logging_mixin.py:190} INFO - [2025-02-10T13:40:13.539+0600] {dagbag.py:588} INFO - Filling up the DagBag from /home/shamim/airflow_git/Airflow_project/air_venv/lib/python3.12/site-packages/airflow/example_dags/example_branch_labels.py
[2025-02-10T13:40:13.552+0600] {processor.py:925} INFO - DAG(s) 'example_branch_labels' retrieved from /home/shamim/airflow_git/Airflow_project/air_venv/lib/python3.12/site-packages/airflow/example_dags/example_branch_labels.py
[2025-02-10T13:40:13.571+0600] {logging_mixin.py:190} INFO - [2025-02-10T13:40:13.571+0600] {dag.py:3239} INFO - Sync 1 DAGs
[2025-02-10T13:40:13.607+0600] {logging_mixin.py:190} INFO - [2025-02-10T13:40:13.607+0600] {dag.py:4180} INFO - Setting next_dagrun for example_branch_labels to 2025-02-09 00:00:00+00:00, run_after=2025-02-10 00:00:00+00:00
[2025-02-10T13:40:13.769+0600] {processor.py:208} INFO - Processing /home/shamim/airflow_git/Airflow_project/air_venv/lib/python3.12/site-packages/airflow/example_dags/example_branch_labels.py took 0.247 seconds
[2025-02-10T13:41:40.751+0600] {processor.py:186} INFO - Started process (PID=20037) to work on /home/shamim/airflow_git/Airflow_project/air_venv/lib/python3.12/site-packages/airflow/example_dags/example_branch_labels.py
[2025-02-10T13:41:40.757+0600] {processor.py:914} INFO - Processing file /home/shamim/airflow_git/Airflow_project/air_venv/lib/python3.12/site-packages/airflow/example_dags/example_branch_labels.py for tasks to queue
[2025-02-10T13:41:40.759+0600] {logging_mixin.py:190} INFO - [2025-02-10T13:41:40.758+0600] {dagbag.py:588} INFO - Filling up the DagBag from /home/shamim/airflow_git/Airflow_project/air_venv/lib/python3.12/site-packages/airflow/example_dags/example_branch_labels.py
[2025-02-10T13:41:40.771+0600] {processor.py:925} INFO - DAG(s) 'example_branch_labels' retrieved from /home/shamim/airflow_git/Airflow_project/air_venv/lib/python3.12/site-packages/airflow/example_dags/example_branch_labels.py
[2025-02-10T13:41:40.789+0600] {logging_mixin.py:190} INFO - [2025-02-10T13:41:40.789+0600] {dag.py:3239} INFO - Sync 1 DAGs
[2025-02-10T13:41:40.815+0600] {logging_mixin.py:190} INFO - [2025-02-10T13:41:40.815+0600] {dag.py:4180} INFO - Setting next_dagrun for example_branch_labels to 2025-02-09 00:00:00+00:00, run_after=2025-02-10 00:00:00+00:00
[2025-02-10T13:41:40.848+0600] {processor.py:208} INFO - Processing /home/shamim/airflow_git/Airflow_project/air_venv/lib/python3.12/site-packages/airflow/example_dags/example_branch_labels.py took 0.106 seconds
[2025-02-10T13:42:58.687+0600] {processor.py:186} INFO - Started process (PID=20192) to work on /home/shamim/airflow_git/Airflow_project/air_venv/lib/python3.12/site-packages/airflow/example_dags/example_branch_labels.py
[2025-02-10T13:42:58.694+0600] {processor.py:914} INFO - Processing file /home/shamim/airflow_git/Airflow_project/air_venv/lib/python3.12/site-packages/airflow/example_dags/example_branch_labels.py for tasks to queue
[2025-02-10T13:42:58.695+0600] {logging_mixin.py:190} INFO - [2025-02-10T13:42:58.695+0600] {dagbag.py:588} INFO - Filling up the DagBag from /home/shamim/airflow_git/Airflow_project/air_venv/lib/python3.12/site-packages/airflow/example_dags/example_branch_labels.py
[2025-02-10T13:42:58.707+0600] {processor.py:925} INFO - DAG(s) 'example_branch_labels' retrieved from /home/shamim/airflow_git/Airflow_project/air_venv/lib/python3.12/site-packages/airflow/example_dags/example_branch_labels.py
[2025-02-10T13:42:58.726+0600] {logging_mixin.py:190} INFO - [2025-02-10T13:42:58.726+0600] {dag.py:3239} INFO - Sync 1 DAGs
[2025-02-10T13:42:58.752+0600] {logging_mixin.py:190} INFO - [2025-02-10T13:42:58.752+0600] {dag.py:4180} INFO - Setting next_dagrun for example_branch_labels to 2025-02-09 00:00:00+00:00, run_after=2025-02-10 00:00:00+00:00
[2025-02-10T13:42:58.786+0600] {processor.py:208} INFO - Processing /home/shamim/airflow_git/Airflow_project/air_venv/lib/python3.12/site-packages/airflow/example_dags/example_branch_labels.py took 0.108 seconds
[2025-02-10T13:44:10.341+0600] {processor.py:186} INFO - Started process (PID=20324) to work on /home/shamim/airflow_git/Airflow_project/air_venv/lib/python3.12/site-packages/airflow/example_dags/example_branch_labels.py
[2025-02-10T13:44:10.347+0600] {processor.py:914} INFO - Processing file /home/shamim/airflow_git/Airflow_project/air_venv/lib/python3.12/site-packages/airflow/example_dags/example_branch_labels.py for tasks to queue
[2025-02-10T13:44:10.349+0600] {logging_mixin.py:190} INFO - [2025-02-10T13:44:10.348+0600] {dagbag.py:588} INFO - Filling up the DagBag from /home/shamim/airflow_git/Airflow_project/air_venv/lib/python3.12/site-packages/airflow/example_dags/example_branch_labels.py
[2025-02-10T13:44:10.361+0600] {processor.py:925} INFO - DAG(s) 'example_branch_labels' retrieved from /home/shamim/airflow_git/Airflow_project/air_venv/lib/python3.12/site-packages/airflow/example_dags/example_branch_labels.py
[2025-02-10T13:44:10.381+0600] {logging_mixin.py:190} INFO - [2025-02-10T13:44:10.381+0600] {dag.py:3239} INFO - Sync 1 DAGs
[2025-02-10T13:44:10.408+0600] {logging_mixin.py:190} INFO - [2025-02-10T13:44:10.407+0600] {dag.py:4180} INFO - Setting next_dagrun for example_branch_labels to 2025-02-09 00:00:00+00:00, run_after=2025-02-10 00:00:00+00:00
[2025-02-10T13:44:10.441+0600] {processor.py:208} INFO - Processing /home/shamim/airflow_git/Airflow_project/air_venv/lib/python3.12/site-packages/airflow/example_dags/example_branch_labels.py took 0.110 seconds
[2025-02-10T13:45:26.118+0600] {processor.py:186} INFO - Started process (PID=20456) to work on /home/shamim/airflow_git/Airflow_project/air_venv/lib/python3.12/site-packages/airflow/example_dags/example_branch_labels.py
[2025-02-10T13:45:26.125+0600] {processor.py:914} INFO - Processing file /home/shamim/airflow_git/Airflow_project/air_venv/lib/python3.12/site-packages/airflow/example_dags/example_branch_labels.py for tasks to queue
[2025-02-10T13:45:26.127+0600] {logging_mixin.py:190} INFO - [2025-02-10T13:45:26.127+0600] {dagbag.py:588} INFO - Filling up the DagBag from /home/shamim/airflow_git/Airflow_project/air_venv/lib/python3.12/site-packages/airflow/example_dags/example_branch_labels.py
[2025-02-10T13:45:26.143+0600] {processor.py:925} INFO - DAG(s) 'example_branch_labels' retrieved from /home/shamim/airflow_git/Airflow_project/air_venv/lib/python3.12/site-packages/airflow/example_dags/example_branch_labels.py
[2025-02-10T13:45:26.162+0600] {logging_mixin.py:190} INFO - [2025-02-10T13:45:26.162+0600] {dag.py:3239} INFO - Sync 1 DAGs
[2025-02-10T13:45:26.188+0600] {logging_mixin.py:190} INFO - [2025-02-10T13:45:26.188+0600] {dag.py:4180} INFO - Setting next_dagrun for example_branch_labels to 2025-02-09 00:00:00+00:00, run_after=2025-02-10 00:00:00+00:00
[2025-02-10T13:45:26.222+0600] {processor.py:208} INFO - Processing /home/shamim/airflow_git/Airflow_project/air_venv/lib/python3.12/site-packages/airflow/example_dags/example_branch_labels.py took 0.116 seconds
[2025-02-10T13:46:37.290+0600] {processor.py:186} INFO - Started process (PID=20572) to work on /home/shamim/airflow_git/Airflow_project/air_venv/lib/python3.12/site-packages/airflow/example_dags/example_branch_labels.py
[2025-02-10T13:46:37.297+0600] {processor.py:914} INFO - Processing file /home/shamim/airflow_git/Airflow_project/air_venv/lib/python3.12/site-packages/airflow/example_dags/example_branch_labels.py for tasks to queue
[2025-02-10T13:46:37.298+0600] {logging_mixin.py:190} INFO - [2025-02-10T13:46:37.298+0600] {dagbag.py:588} INFO - Filling up the DagBag from /home/shamim/airflow_git/Airflow_project/air_venv/lib/python3.12/site-packages/airflow/example_dags/example_branch_labels.py
[2025-02-10T13:46:37.312+0600] {processor.py:925} INFO - DAG(s) 'example_branch_labels' retrieved from /home/shamim/airflow_git/Airflow_project/air_venv/lib/python3.12/site-packages/airflow/example_dags/example_branch_labels.py
[2025-02-10T13:46:37.331+0600] {logging_mixin.py:190} INFO - [2025-02-10T13:46:37.330+0600] {dag.py:3239} INFO - Sync 1 DAGs
[2025-02-10T13:46:37.356+0600] {logging_mixin.py:190} INFO - [2025-02-10T13:46:37.356+0600] {dag.py:4180} INFO - Setting next_dagrun for example_branch_labels to 2025-02-09 00:00:00+00:00, run_after=2025-02-10 00:00:00+00:00
[2025-02-10T13:46:37.391+0600] {processor.py:208} INFO - Processing /home/shamim/airflow_git/Airflow_project/air_venv/lib/python3.12/site-packages/airflow/example_dags/example_branch_labels.py took 0.111 seconds
[2025-02-10T13:47:54.956+0600] {processor.py:186} INFO - Started process (PID=20976) to work on /home/shamim/airflow_git/Airflow_project/air_venv/lib/python3.12/site-packages/airflow/example_dags/example_branch_labels.py
[2025-02-10T13:47:54.959+0600] {processor.py:914} INFO - Processing file /home/shamim/airflow_git/Airflow_project/air_venv/lib/python3.12/site-packages/airflow/example_dags/example_branch_labels.py for tasks to queue
[2025-02-10T13:47:54.962+0600] {logging_mixin.py:190} INFO - [2025-02-10T13:47:54.961+0600] {dagbag.py:588} INFO - Filling up the DagBag from /home/shamim/airflow_git/Airflow_project/air_venv/lib/python3.12/site-packages/airflow/example_dags/example_branch_labels.py
[2025-02-10T13:47:54.974+0600] {processor.py:925} INFO - DAG(s) 'example_branch_labels' retrieved from /home/shamim/airflow_git/Airflow_project/air_venv/lib/python3.12/site-packages/airflow/example_dags/example_branch_labels.py
[2025-02-10T13:47:54.995+0600] {logging_mixin.py:190} INFO - [2025-02-10T13:47:54.995+0600] {dag.py:3239} INFO - Sync 1 DAGs
[2025-02-10T13:47:55.022+0600] {logging_mixin.py:190} INFO - [2025-02-10T13:47:55.022+0600] {dag.py:4180} INFO - Setting next_dagrun for example_branch_labels to 2025-02-09 00:00:00+00:00, run_after=2025-02-10 00:00:00+00:00
[2025-02-10T13:47:55.050+0600] {processor.py:208} INFO - Processing /home/shamim/airflow_git/Airflow_project/air_venv/lib/python3.12/site-packages/airflow/example_dags/example_branch_labels.py took 0.103 seconds
[2025-02-10T13:49:09.111+0600] {processor.py:186} INFO - Started process (PID=21130) to work on /home/shamim/airflow_git/Airflow_project/air_venv/lib/python3.12/site-packages/airflow/example_dags/example_branch_labels.py
[2025-02-10T13:49:09.118+0600] {processor.py:914} INFO - Processing file /home/shamim/airflow_git/Airflow_project/air_venv/lib/python3.12/site-packages/airflow/example_dags/example_branch_labels.py for tasks to queue
[2025-02-10T13:49:09.120+0600] {logging_mixin.py:190} INFO - [2025-02-10T13:49:09.119+0600] {dagbag.py:588} INFO - Filling up the DagBag from /home/shamim/airflow_git/Airflow_project/air_venv/lib/python3.12/site-packages/airflow/example_dags/example_branch_labels.py
[2025-02-10T13:49:09.138+0600] {processor.py:925} INFO - DAG(s) 'example_branch_labels' retrieved from /home/shamim/airflow_git/Airflow_project/air_venv/lib/python3.12/site-packages/airflow/example_dags/example_branch_labels.py
[2025-02-10T13:49:09.165+0600] {logging_mixin.py:190} INFO - [2025-02-10T13:49:09.165+0600] {dag.py:3239} INFO - Sync 1 DAGs
[2025-02-10T13:49:09.196+0600] {logging_mixin.py:190} INFO - [2025-02-10T13:49:09.196+0600] {dag.py:4180} INFO - Setting next_dagrun for example_branch_labels to 2025-02-09 00:00:00+00:00, run_after=2025-02-10 00:00:00+00:00
[2025-02-10T13:49:09.227+0600] {processor.py:208} INFO - Processing /home/shamim/airflow_git/Airflow_project/air_venv/lib/python3.12/site-packages/airflow/example_dags/example_branch_labels.py took 0.132 seconds
[2025-02-10T13:50:20.171+0600] {processor.py:186} INFO - Started process (PID=21249) to work on /home/shamim/airflow_git/Airflow_project/air_venv/lib/python3.12/site-packages/airflow/example_dags/example_branch_labels.py
[2025-02-10T13:50:20.173+0600] {processor.py:914} INFO - Processing file /home/shamim/airflow_git/Airflow_project/air_venv/lib/python3.12/site-packages/airflow/example_dags/example_branch_labels.py for tasks to queue
[2025-02-10T13:50:20.175+0600] {logging_mixin.py:190} INFO - [2025-02-10T13:50:20.174+0600] {dagbag.py:588} INFO - Filling up the DagBag from /home/shamim/airflow_git/Airflow_project/air_venv/lib/python3.12/site-packages/airflow/example_dags/example_branch_labels.py
[2025-02-10T13:50:20.190+0600] {processor.py:925} INFO - DAG(s) 'example_branch_labels' retrieved from /home/shamim/airflow_git/Airflow_project/air_venv/lib/python3.12/site-packages/airflow/example_dags/example_branch_labels.py
[2025-02-10T13:50:20.209+0600] {logging_mixin.py:190} INFO - [2025-02-10T13:50:20.209+0600] {dag.py:3239} INFO - Sync 1 DAGs
[2025-02-10T13:50:20.234+0600] {logging_mixin.py:190} INFO - [2025-02-10T13:50:20.234+0600] {dag.py:4180} INFO - Setting next_dagrun for example_branch_labels to 2025-02-09 00:00:00+00:00, run_after=2025-02-10 00:00:00+00:00
[2025-02-10T13:50:20.258+0600] {processor.py:208} INFO - Processing /home/shamim/airflow_git/Airflow_project/air_venv/lib/python3.12/site-packages/airflow/example_dags/example_branch_labels.py took 0.100 seconds
[2025-02-10T13:51:31.875+0600] {processor.py:186} INFO - Started process (PID=21357) to work on /home/shamim/airflow_git/Airflow_project/air_venv/lib/python3.12/site-packages/airflow/example_dags/example_branch_labels.py
[2025-02-10T13:51:31.879+0600] {processor.py:914} INFO - Processing file /home/shamim/airflow_git/Airflow_project/air_venv/lib/python3.12/site-packages/airflow/example_dags/example_branch_labels.py for tasks to queue
[2025-02-10T13:51:31.881+0600] {logging_mixin.py:190} INFO - [2025-02-10T13:51:31.881+0600] {dagbag.py:588} INFO - Filling up the DagBag from /home/shamim/airflow_git/Airflow_project/air_venv/lib/python3.12/site-packages/airflow/example_dags/example_branch_labels.py
[2025-02-10T13:51:31.901+0600] {processor.py:925} INFO - DAG(s) 'example_branch_labels' retrieved from /home/shamim/airflow_git/Airflow_project/air_venv/lib/python3.12/site-packages/airflow/example_dags/example_branch_labels.py
[2025-02-10T13:51:31.933+0600] {logging_mixin.py:190} INFO - [2025-02-10T13:51:31.933+0600] {dag.py:3239} INFO - Sync 1 DAGs
[2025-02-10T13:51:31.977+0600] {logging_mixin.py:190} INFO - [2025-02-10T13:51:31.977+0600] {dag.py:4180} INFO - Setting next_dagrun for example_branch_labels to 2025-02-09 00:00:00+00:00, run_after=2025-02-10 00:00:00+00:00
[2025-02-10T13:51:32.032+0600] {processor.py:208} INFO - Processing /home/shamim/airflow_git/Airflow_project/air_venv/lib/python3.12/site-packages/airflow/example_dags/example_branch_labels.py took 0.176 seconds
[2025-02-10T13:52:54.208+0600] {processor.py:186} INFO - Started process (PID=21558) to work on /home/shamim/airflow_git/Airflow_project/air_venv/lib/python3.12/site-packages/airflow/example_dags/example_branch_labels.py
[2025-02-10T13:52:54.211+0600] {processor.py:914} INFO - Processing file /home/shamim/airflow_git/Airflow_project/air_venv/lib/python3.12/site-packages/airflow/example_dags/example_branch_labels.py for tasks to queue
[2025-02-10T13:52:54.214+0600] {logging_mixin.py:190} INFO - [2025-02-10T13:52:54.213+0600] {dagbag.py:588} INFO - Filling up the DagBag from /home/shamim/airflow_git/Airflow_project/air_venv/lib/python3.12/site-packages/airflow/example_dags/example_branch_labels.py
[2025-02-10T13:52:54.234+0600] {processor.py:925} INFO - DAG(s) 'example_branch_labels' retrieved from /home/shamim/airflow_git/Airflow_project/air_venv/lib/python3.12/site-packages/airflow/example_dags/example_branch_labels.py
[2025-02-10T13:52:54.261+0600] {logging_mixin.py:190} INFO - [2025-02-10T13:52:54.260+0600] {dag.py:3239} INFO - Sync 1 DAGs
[2025-02-10T13:52:54.305+0600] {logging_mixin.py:190} INFO - [2025-02-10T13:52:54.305+0600] {dag.py:4180} INFO - Setting next_dagrun for example_branch_labels to 2025-02-09 00:00:00+00:00, run_after=2025-02-10 00:00:00+00:00
[2025-02-10T13:52:54.343+0600] {processor.py:208} INFO - Processing /home/shamim/airflow_git/Airflow_project/air_venv/lib/python3.12/site-packages/airflow/example_dags/example_branch_labels.py took 0.151 seconds
[2025-02-10T13:54:14.374+0600] {processor.py:186} INFO - Started process (PID=21716) to work on /home/shamim/airflow_git/Airflow_project/air_venv/lib/python3.12/site-packages/airflow/example_dags/example_branch_labels.py
[2025-02-10T13:54:14.380+0600] {processor.py:914} INFO - Processing file /home/shamim/airflow_git/Airflow_project/air_venv/lib/python3.12/site-packages/airflow/example_dags/example_branch_labels.py for tasks to queue
[2025-02-10T13:54:14.382+0600] {logging_mixin.py:190} INFO - [2025-02-10T13:54:14.381+0600] {dagbag.py:588} INFO - Filling up the DagBag from /home/shamim/airflow_git/Airflow_project/air_venv/lib/python3.12/site-packages/airflow/example_dags/example_branch_labels.py
[2025-02-10T13:54:14.399+0600] {processor.py:925} INFO - DAG(s) 'example_branch_labels' retrieved from /home/shamim/airflow_git/Airflow_project/air_venv/lib/python3.12/site-packages/airflow/example_dags/example_branch_labels.py
[2025-02-10T13:54:14.423+0600] {logging_mixin.py:190} INFO - [2025-02-10T13:54:14.422+0600] {dag.py:3239} INFO - Sync 1 DAGs
[2025-02-10T13:54:14.449+0600] {logging_mixin.py:190} INFO - [2025-02-10T13:54:14.448+0600] {dag.py:4180} INFO - Setting next_dagrun for example_branch_labels to 2025-02-09 00:00:00+00:00, run_after=2025-02-10 00:00:00+00:00
[2025-02-10T13:54:14.484+0600] {processor.py:208} INFO - Processing /home/shamim/airflow_git/Airflow_project/air_venv/lib/python3.12/site-packages/airflow/example_dags/example_branch_labels.py took 0.120 seconds
[2025-02-10T13:55:25.730+0600] {processor.py:186} INFO - Started process (PID=21821) to work on /home/shamim/airflow_git/Airflow_project/air_venv/lib/python3.12/site-packages/airflow/example_dags/example_branch_labels.py
[2025-02-10T13:55:25.736+0600] {processor.py:914} INFO - Processing file /home/shamim/airflow_git/Airflow_project/air_venv/lib/python3.12/site-packages/airflow/example_dags/example_branch_labels.py for tasks to queue
[2025-02-10T13:55:25.738+0600] {logging_mixin.py:190} INFO - [2025-02-10T13:55:25.738+0600] {dagbag.py:588} INFO - Filling up the DagBag from /home/shamim/airflow_git/Airflow_project/air_venv/lib/python3.12/site-packages/airflow/example_dags/example_branch_labels.py
[2025-02-10T13:55:25.751+0600] {processor.py:925} INFO - DAG(s) 'example_branch_labels' retrieved from /home/shamim/airflow_git/Airflow_project/air_venv/lib/python3.12/site-packages/airflow/example_dags/example_branch_labels.py
[2025-02-10T13:55:25.772+0600] {logging_mixin.py:190} INFO - [2025-02-10T13:55:25.771+0600] {dag.py:3239} INFO - Sync 1 DAGs
[2025-02-10T13:55:25.799+0600] {logging_mixin.py:190} INFO - [2025-02-10T13:55:25.799+0600] {dag.py:4180} INFO - Setting next_dagrun for example_branch_labels to 2025-02-09 00:00:00+00:00, run_after=2025-02-10 00:00:00+00:00
[2025-02-10T13:55:25.835+0600] {processor.py:208} INFO - Processing /home/shamim/airflow_git/Airflow_project/air_venv/lib/python3.12/site-packages/airflow/example_dags/example_branch_labels.py took 0.115 seconds
[2025-02-10T13:56:45.648+0600] {processor.py:186} INFO - Started process (PID=21958) to work on /home/shamim/airflow_git/Airflow_project/air_venv/lib/python3.12/site-packages/airflow/example_dags/example_branch_labels.py
[2025-02-10T13:56:45.659+0600] {processor.py:914} INFO - Processing file /home/shamim/airflow_git/Airflow_project/air_venv/lib/python3.12/site-packages/airflow/example_dags/example_branch_labels.py for tasks to queue
[2025-02-10T13:56:45.662+0600] {logging_mixin.py:190} INFO - [2025-02-10T13:56:45.661+0600] {dagbag.py:588} INFO - Filling up the DagBag from /home/shamim/airflow_git/Airflow_project/air_venv/lib/python3.12/site-packages/airflow/example_dags/example_branch_labels.py
[2025-02-10T13:56:45.680+0600] {processor.py:925} INFO - DAG(s) 'example_branch_labels' retrieved from /home/shamim/airflow_git/Airflow_project/air_venv/lib/python3.12/site-packages/airflow/example_dags/example_branch_labels.py
[2025-02-10T13:56:45.701+0600] {logging_mixin.py:190} INFO - [2025-02-10T13:56:45.700+0600] {dag.py:3239} INFO - Sync 1 DAGs
[2025-02-10T13:56:45.729+0600] {logging_mixin.py:190} INFO - [2025-02-10T13:56:45.729+0600] {dag.py:4180} INFO - Setting next_dagrun for example_branch_labels to 2025-02-09 00:00:00+00:00, run_after=2025-02-10 00:00:00+00:00
[2025-02-10T13:56:45.764+0600] {processor.py:208} INFO - Processing /home/shamim/airflow_git/Airflow_project/air_venv/lib/python3.12/site-packages/airflow/example_dags/example_branch_labels.py took 0.135 seconds
[2025-02-10T13:58:15.928+0600] {processor.py:186} INFO - Started process (PID=22185) to work on /home/shamim/airflow_git/Airflow_project/air_venv/lib/python3.12/site-packages/airflow/example_dags/example_branch_labels.py
[2025-02-10T13:58:15.930+0600] {processor.py:914} INFO - Processing file /home/shamim/airflow_git/Airflow_project/air_venv/lib/python3.12/site-packages/airflow/example_dags/example_branch_labels.py for tasks to queue
[2025-02-10T13:58:15.932+0600] {logging_mixin.py:190} INFO - [2025-02-10T13:58:15.931+0600] {dagbag.py:588} INFO - Filling up the DagBag from /home/shamim/airflow_git/Airflow_project/air_venv/lib/python3.12/site-packages/airflow/example_dags/example_branch_labels.py
[2025-02-10T13:58:15.950+0600] {processor.py:925} INFO - DAG(s) 'example_branch_labels' retrieved from /home/shamim/airflow_git/Airflow_project/air_venv/lib/python3.12/site-packages/airflow/example_dags/example_branch_labels.py
[2025-02-10T13:58:15.980+0600] {logging_mixin.py:190} INFO - [2025-02-10T13:58:15.980+0600] {dag.py:3239} INFO - Sync 1 DAGs
[2025-02-10T13:58:16.014+0600] {logging_mixin.py:190} INFO - [2025-02-10T13:58:16.014+0600] {dag.py:4180} INFO - Setting next_dagrun for example_branch_labels to 2025-02-09 00:00:00+00:00, run_after=2025-02-10 00:00:00+00:00
[2025-02-10T13:58:16.036+0600] {processor.py:208} INFO - Processing /home/shamim/airflow_git/Airflow_project/air_venv/lib/python3.12/site-packages/airflow/example_dags/example_branch_labels.py took 0.123 seconds
[2025-02-10T13:59:27.592+0600] {processor.py:186} INFO - Started process (PID=22346) to work on /home/shamim/airflow_git/Airflow_project/air_venv/lib/python3.12/site-packages/airflow/example_dags/example_branch_labels.py
[2025-02-10T13:59:27.593+0600] {processor.py:914} INFO - Processing file /home/shamim/airflow_git/Airflow_project/air_venv/lib/python3.12/site-packages/airflow/example_dags/example_branch_labels.py for tasks to queue
[2025-02-10T13:59:27.594+0600] {logging_mixin.py:190} INFO - [2025-02-10T13:59:27.594+0600] {dagbag.py:588} INFO - Filling up the DagBag from /home/shamim/airflow_git/Airflow_project/air_venv/lib/python3.12/site-packages/airflow/example_dags/example_branch_labels.py
[2025-02-10T13:59:27.607+0600] {processor.py:925} INFO - DAG(s) 'example_branch_labels' retrieved from /home/shamim/airflow_git/Airflow_project/air_venv/lib/python3.12/site-packages/airflow/example_dags/example_branch_labels.py
[2025-02-10T13:59:27.627+0600] {logging_mixin.py:190} INFO - [2025-02-10T13:59:27.627+0600] {dag.py:3239} INFO - Sync 1 DAGs
[2025-02-10T13:59:27.654+0600] {logging_mixin.py:190} INFO - [2025-02-10T13:59:27.654+0600] {dag.py:4180} INFO - Setting next_dagrun for example_branch_labels to 2025-02-09 00:00:00+00:00, run_after=2025-02-10 00:00:00+00:00
[2025-02-10T13:59:27.682+0600] {processor.py:208} INFO - Processing /home/shamim/airflow_git/Airflow_project/air_venv/lib/python3.12/site-packages/airflow/example_dags/example_branch_labels.py took 0.101 seconds
[2025-02-10T14:00:36.488+0600] {processor.py:186} INFO - Started process (PID=22604) to work on /home/shamim/airflow_git/Airflow_project/air_venv/lib/python3.12/site-packages/airflow/example_dags/example_branch_labels.py
[2025-02-10T14:00:36.495+0600] {processor.py:914} INFO - Processing file /home/shamim/airflow_git/Airflow_project/air_venv/lib/python3.12/site-packages/airflow/example_dags/example_branch_labels.py for tasks to queue
[2025-02-10T14:00:36.499+0600] {logging_mixin.py:190} INFO - [2025-02-10T14:00:36.498+0600] {dagbag.py:588} INFO - Filling up the DagBag from /home/shamim/airflow_git/Airflow_project/air_venv/lib/python3.12/site-packages/airflow/example_dags/example_branch_labels.py
[2025-02-10T14:00:36.523+0600] {processor.py:925} INFO - DAG(s) 'example_branch_labels' retrieved from /home/shamim/airflow_git/Airflow_project/air_venv/lib/python3.12/site-packages/airflow/example_dags/example_branch_labels.py
[2025-02-10T14:00:36.542+0600] {logging_mixin.py:190} INFO - [2025-02-10T14:00:36.542+0600] {dag.py:3239} INFO - Sync 1 DAGs
[2025-02-10T14:00:36.568+0600] {logging_mixin.py:190} INFO - [2025-02-10T14:00:36.567+0600] {dag.py:4180} INFO - Setting next_dagrun for example_branch_labels to 2025-02-09 00:00:00+00:00, run_after=2025-02-10 00:00:00+00:00
[2025-02-10T14:00:36.591+0600] {processor.py:208} INFO - Processing /home/shamim/airflow_git/Airflow_project/air_venv/lib/python3.12/site-packages/airflow/example_dags/example_branch_labels.py took 0.113 seconds
[2025-02-10T14:02:42.539+0600] {processor.py:186} INFO - Started process (PID=23298) to work on /home/shamim/airflow_git/Airflow_project/air_venv/lib/python3.12/site-packages/airflow/example_dags/example_branch_labels.py
[2025-02-10T14:02:42.543+0600] {processor.py:914} INFO - Processing file /home/shamim/airflow_git/Airflow_project/air_venv/lib/python3.12/site-packages/airflow/example_dags/example_branch_labels.py for tasks to queue
[2025-02-10T14:02:42.547+0600] {logging_mixin.py:190} INFO - [2025-02-10T14:02:42.546+0600] {dagbag.py:588} INFO - Filling up the DagBag from /home/shamim/airflow_git/Airflow_project/air_venv/lib/python3.12/site-packages/airflow/example_dags/example_branch_labels.py
[2025-02-10T14:02:42.569+0600] {processor.py:925} INFO - DAG(s) 'example_branch_labels' retrieved from /home/shamim/airflow_git/Airflow_project/air_venv/lib/python3.12/site-packages/airflow/example_dags/example_branch_labels.py
[2025-02-10T14:02:42.610+0600] {logging_mixin.py:190} INFO - [2025-02-10T14:02:42.610+0600] {dag.py:3239} INFO - Sync 1 DAGs
[2025-02-10T14:02:42.651+0600] {logging_mixin.py:190} INFO - [2025-02-10T14:02:42.650+0600] {dag.py:4180} INFO - Setting next_dagrun for example_branch_labels to 2025-02-09 00:00:00+00:00, run_after=2025-02-10 00:00:00+00:00
[2025-02-10T14:02:42.682+0600] {processor.py:208} INFO - Processing /home/shamim/airflow_git/Airflow_project/air_venv/lib/python3.12/site-packages/airflow/example_dags/example_branch_labels.py took 0.152 seconds
[2025-02-10T14:04:09.764+0600] {processor.py:186} INFO - Started process (PID=23771) to work on /home/shamim/airflow_git/Airflow_project/air_venv/lib/python3.12/site-packages/airflow/example_dags/example_branch_labels.py
[2025-02-10T14:04:09.771+0600] {processor.py:914} INFO - Processing file /home/shamim/airflow_git/Airflow_project/air_venv/lib/python3.12/site-packages/airflow/example_dags/example_branch_labels.py for tasks to queue
[2025-02-10T14:04:09.773+0600] {logging_mixin.py:190} INFO - [2025-02-10T14:04:09.773+0600] {dagbag.py:588} INFO - Filling up the DagBag from /home/shamim/airflow_git/Airflow_project/air_venv/lib/python3.12/site-packages/airflow/example_dags/example_branch_labels.py
[2025-02-10T14:04:09.785+0600] {processor.py:925} INFO - DAG(s) 'example_branch_labels' retrieved from /home/shamim/airflow_git/Airflow_project/air_venv/lib/python3.12/site-packages/airflow/example_dags/example_branch_labels.py
[2025-02-10T14:04:09.804+0600] {logging_mixin.py:190} INFO - [2025-02-10T14:04:09.803+0600] {dag.py:3239} INFO - Sync 1 DAGs
[2025-02-10T14:04:09.828+0600] {logging_mixin.py:190} INFO - [2025-02-10T14:04:09.828+0600] {dag.py:4180} INFO - Setting next_dagrun for example_branch_labels to 2025-02-09 00:00:00+00:00, run_after=2025-02-10 00:00:00+00:00
[2025-02-10T14:04:09.852+0600] {processor.py:208} INFO - Processing /home/shamim/airflow_git/Airflow_project/air_venv/lib/python3.12/site-packages/airflow/example_dags/example_branch_labels.py took 0.094 seconds
[2025-02-10T14:05:35.783+0600] {processor.py:186} INFO - Started process (PID=24341) to work on /home/shamim/airflow_git/Airflow_project/air_venv/lib/python3.12/site-packages/airflow/example_dags/example_branch_labels.py
[2025-02-10T14:05:35.789+0600] {processor.py:914} INFO - Processing file /home/shamim/airflow_git/Airflow_project/air_venv/lib/python3.12/site-packages/airflow/example_dags/example_branch_labels.py for tasks to queue
[2025-02-10T14:05:35.791+0600] {logging_mixin.py:190} INFO - [2025-02-10T14:05:35.791+0600] {dagbag.py:588} INFO - Filling up the DagBag from /home/shamim/airflow_git/Airflow_project/air_venv/lib/python3.12/site-packages/airflow/example_dags/example_branch_labels.py
[2025-02-10T14:05:35.804+0600] {processor.py:925} INFO - DAG(s) 'example_branch_labels' retrieved from /home/shamim/airflow_git/Airflow_project/air_venv/lib/python3.12/site-packages/airflow/example_dags/example_branch_labels.py
[2025-02-10T14:05:35.823+0600] {logging_mixin.py:190} INFO - [2025-02-10T14:05:35.822+0600] {dag.py:3239} INFO - Sync 1 DAGs
[2025-02-10T14:05:35.848+0600] {logging_mixin.py:190} INFO - [2025-02-10T14:05:35.848+0600] {dag.py:4180} INFO - Setting next_dagrun for example_branch_labels to 2025-02-09 00:00:00+00:00, run_after=2025-02-10 00:00:00+00:00
[2025-02-10T14:05:35.882+0600] {processor.py:208} INFO - Processing /home/shamim/airflow_git/Airflow_project/air_venv/lib/python3.12/site-packages/airflow/example_dags/example_branch_labels.py took 0.106 seconds
