[2025-02-10T12:59:27.133+0600] {processor.py:186} INFO - Started process (PID=12882) to work on /home/shamim/airflow_git/Airflow_project/air_venv/lib/python3.12/site-packages/airflow/example_dags/example_short_circuit_decorator.py
[2025-02-10T12:59:27.134+0600] {processor.py:914} INFO - Processing file /home/shamim/airflow_git/Airflow_project/air_venv/lib/python3.12/site-packages/airflow/example_dags/example_short_circuit_decorator.py for tasks to queue
[2025-02-10T12:59:27.139+0600] {logging_mixin.py:190} INFO - [2025-02-10T12:59:27.138+0600] {dagbag.py:588} INFO - Filling up the DagBag from /home/shamim/airflow_git/Airflow_project/air_venv/lib/python3.12/site-packages/airflow/example_dags/example_short_circuit_decorator.py
[2025-02-10T12:59:27.156+0600] {processor.py:925} INFO - DAG(s) 'example_short_circuit_decorator' retrieved from /home/shamim/airflow_git/Airflow_project/air_venv/lib/python3.12/site-packages/airflow/example_dags/example_short_circuit_decorator.py
[2025-02-10T12:59:27.471+0600] {logging_mixin.py:190} INFO - [2025-02-10T12:59:27.468+0600] {override.py:1930} INFO - Created Permission View: can delete on DAG:example_short_circuit_decorator
[2025-02-10T12:59:27.495+0600] {logging_mixin.py:190} INFO - [2025-02-10T12:59:27.495+0600] {override.py:1930} INFO - Created Permission View: can edit on DAG:example_short_circuit_decorator
[2025-02-10T12:59:27.503+0600] {logging_mixin.py:190} INFO - [2025-02-10T12:59:27.503+0600] {override.py:1930} INFO - Created Permission View: can read on DAG:example_short_circuit_decorator
[2025-02-10T12:59:27.516+0600] {logging_mixin.py:190} INFO - [2025-02-10T12:59:27.516+0600] {override.py:1930} INFO - Created Permission View: can delete on DAG Run:example_short_circuit_decorator
[2025-02-10T12:59:27.527+0600] {logging_mixin.py:190} INFO - [2025-02-10T12:59:27.526+0600] {override.py:1930} INFO - Created Permission View: can read on DAG Run:example_short_circuit_decorator
[2025-02-10T12:59:27.537+0600] {logging_mixin.py:190} INFO - [2025-02-10T12:59:27.536+0600] {override.py:1930} INFO - Created Permission View: can create on DAG Run:example_short_circuit_decorator
[2025-02-10T12:59:27.560+0600] {logging_mixin.py:190} INFO - [2025-02-10T12:59:27.559+0600] {override.py:1930} INFO - Created Permission View: menu access on DAG Run:example_short_circuit_decorator
[2025-02-10T12:59:27.561+0600] {logging_mixin.py:190} INFO - [2025-02-10T12:59:27.561+0600] {dag.py:3239} INFO - Sync 1 DAGs
[2025-02-10T12:59:27.581+0600] {logging_mixin.py:190} INFO - [2025-02-10T12:59:27.581+0600] {dag.py:3262} INFO - Creating ORM DAG for example_short_circuit_decorator
[2025-02-10T12:59:27.582+0600] {logging_mixin.py:190} INFO - [2025-02-10T12:59:27.581+0600] {dag.py:4180} INFO - Setting next_dagrun for example_short_circuit_decorator to None, run_after=None
[2025-02-10T12:59:27.606+0600] {processor.py:208} INFO - Processing /home/shamim/airflow_git/Airflow_project/air_venv/lib/python3.12/site-packages/airflow/example_dags/example_short_circuit_decorator.py took 0.483 seconds
[2025-02-10T13:00:46.164+0600] {processor.py:186} INFO - Started process (PID=13514) to work on /home/shamim/airflow_git/Airflow_project/air_venv/lib/python3.12/site-packages/airflow/example_dags/example_short_circuit_decorator.py
[2025-02-10T13:00:46.170+0600] {processor.py:914} INFO - Processing file /home/shamim/airflow_git/Airflow_project/air_venv/lib/python3.12/site-packages/airflow/example_dags/example_short_circuit_decorator.py for tasks to queue
[2025-02-10T13:00:46.173+0600] {logging_mixin.py:190} INFO - [2025-02-10T13:00:46.173+0600] {dagbag.py:588} INFO - Filling up the DagBag from /home/shamim/airflow_git/Airflow_project/air_venv/lib/python3.12/site-packages/airflow/example_dags/example_short_circuit_decorator.py
[2025-02-10T13:00:46.185+0600] {processor.py:925} INFO - DAG(s) 'example_short_circuit_decorator' retrieved from /home/shamim/airflow_git/Airflow_project/air_venv/lib/python3.12/site-packages/airflow/example_dags/example_short_circuit_decorator.py
[2025-02-10T13:00:46.207+0600] {logging_mixin.py:190} INFO - [2025-02-10T13:00:46.207+0600] {dag.py:3239} INFO - Sync 1 DAGs
[2025-02-10T13:00:46.222+0600] {logging_mixin.py:190} INFO - [2025-02-10T13:00:46.222+0600] {dag.py:4180} INFO - Setting next_dagrun for example_short_circuit_decorator to None, run_after=None
[2025-02-10T13:00:46.248+0600] {processor.py:208} INFO - Processing /home/shamim/airflow_git/Airflow_project/air_venv/lib/python3.12/site-packages/airflow/example_dags/example_short_circuit_decorator.py took 0.090 seconds
[2025-02-10T13:01:57.317+0600] {processor.py:186} INFO - Started process (PID=13636) to work on /home/shamim/airflow_git/Airflow_project/air_venv/lib/python3.12/site-packages/airflow/example_dags/example_short_circuit_decorator.py
[2025-02-10T13:01:57.321+0600] {processor.py:914} INFO - Processing file /home/shamim/airflow_git/Airflow_project/air_venv/lib/python3.12/site-packages/airflow/example_dags/example_short_circuit_decorator.py for tasks to queue
[2025-02-10T13:01:57.324+0600] {logging_mixin.py:190} INFO - [2025-02-10T13:01:57.324+0600] {dagbag.py:588} INFO - Filling up the DagBag from /home/shamim/airflow_git/Airflow_project/air_venv/lib/python3.12/site-packages/airflow/example_dags/example_short_circuit_decorator.py
[2025-02-10T13:01:57.338+0600] {processor.py:925} INFO - DAG(s) 'example_short_circuit_decorator' retrieved from /home/shamim/airflow_git/Airflow_project/air_venv/lib/python3.12/site-packages/airflow/example_dags/example_short_circuit_decorator.py
[2025-02-10T13:01:57.361+0600] {logging_mixin.py:190} INFO - [2025-02-10T13:01:57.361+0600] {dag.py:3239} INFO - Sync 1 DAGs
[2025-02-10T13:01:57.378+0600] {logging_mixin.py:190} INFO - [2025-02-10T13:01:57.378+0600] {dag.py:4180} INFO - Setting next_dagrun for example_short_circuit_decorator to None, run_after=None
[2025-02-10T13:01:57.405+0600] {processor.py:208} INFO - Processing /home/shamim/airflow_git/Airflow_project/air_venv/lib/python3.12/site-packages/airflow/example_dags/example_short_circuit_decorator.py took 0.097 seconds
