[2025-02-10T12:59:14.658+0600] {processor.py:186} INFO - Started process (PID=12726) to work on /home/shamim/airflow_git/Airflow_project/air_venv/lib/python3.12/site-packages/airflow/example_dags/example_trigger_controller_dag.py
[2025-02-10T12:59:14.659+0600] {processor.py:914} INFO - Processing file /home/shamim/airflow_git/Airflow_project/air_venv/lib/python3.12/site-packages/airflow/example_dags/example_trigger_controller_dag.py for tasks to queue
[2025-02-10T12:59:14.663+0600] {logging_mixin.py:190} INFO - [2025-02-10T12:59:14.662+0600] {dagbag.py:588} INFO - Filling up the DagBag from /home/shamim/airflow_git/Airflow_project/air_venv/lib/python3.12/site-packages/airflow/example_dags/example_trigger_controller_dag.py
[2025-02-10T12:59:14.677+0600] {processor.py:925} INFO - DAG(s) 'example_trigger_controller_dag' retrieved from /home/shamim/airflow_git/Airflow_project/air_venv/lib/python3.12/site-packages/airflow/example_dags/example_trigger_controller_dag.py
[2025-02-10T12:59:14.917+0600] {logging_mixin.py:190} INFO - [2025-02-10T12:59:14.916+0600] {override.py:1930} INFO - Created Permission View: can delete on DAG:example_trigger_controller_dag
[2025-02-10T12:59:14.935+0600] {logging_mixin.py:190} INFO - [2025-02-10T12:59:14.935+0600] {override.py:1930} INFO - Created Permission View: can edit on DAG:example_trigger_controller_dag
[2025-02-10T12:59:14.949+0600] {logging_mixin.py:190} INFO - [2025-02-10T12:59:14.948+0600] {override.py:1930} INFO - Created Permission View: can read on DAG:example_trigger_controller_dag
[2025-02-10T12:59:14.974+0600] {logging_mixin.py:190} INFO - [2025-02-10T12:59:14.973+0600] {override.py:1930} INFO - Created Permission View: can delete on DAG Run:example_trigger_controller_dag
[2025-02-10T12:59:14.991+0600] {logging_mixin.py:190} INFO - [2025-02-10T12:59:14.991+0600] {override.py:1930} INFO - Created Permission View: can read on DAG Run:example_trigger_controller_dag
[2025-02-10T12:59:15.009+0600] {logging_mixin.py:190} INFO - [2025-02-10T12:59:15.008+0600] {override.py:1930} INFO - Created Permission View: can create on DAG Run:example_trigger_controller_dag
[2025-02-10T12:59:15.033+0600] {logging_mixin.py:190} INFO - [2025-02-10T12:59:15.033+0600] {override.py:1930} INFO - Created Permission View: menu access on DAG Run:example_trigger_controller_dag
[2025-02-10T12:59:15.034+0600] {logging_mixin.py:190} INFO - [2025-02-10T12:59:15.034+0600] {dag.py:3239} INFO - Sync 1 DAGs
[2025-02-10T12:59:15.057+0600] {logging_mixin.py:190} INFO - [2025-02-10T12:59:15.056+0600] {dag.py:3262} INFO - Creating ORM DAG for example_trigger_controller_dag
[2025-02-10T12:59:15.067+0600] {logging_mixin.py:190} INFO - [2025-02-10T12:59:15.066+0600] {dag.py:4180} INFO - Setting next_dagrun for example_trigger_controller_dag to 2021-01-01 00:00:00+00:00, run_after=2021-01-01 00:00:00+00:00
[2025-02-10T12:59:15.090+0600] {processor.py:208} INFO - Processing /home/shamim/airflow_git/Airflow_project/air_venv/lib/python3.12/site-packages/airflow/example_dags/example_trigger_controller_dag.py took 0.442 seconds
[2025-02-10T13:00:35.705+0600] {processor.py:186} INFO - Started process (PID=13500) to work on /home/shamim/airflow_git/Airflow_project/air_venv/lib/python3.12/site-packages/airflow/example_dags/example_trigger_controller_dag.py
[2025-02-10T13:00:35.711+0600] {processor.py:914} INFO - Processing file /home/shamim/airflow_git/Airflow_project/air_venv/lib/python3.12/site-packages/airflow/example_dags/example_trigger_controller_dag.py for tasks to queue
[2025-02-10T13:00:35.715+0600] {logging_mixin.py:190} INFO - [2025-02-10T13:00:35.714+0600] {dagbag.py:588} INFO - Filling up the DagBag from /home/shamim/airflow_git/Airflow_project/air_venv/lib/python3.12/site-packages/airflow/example_dags/example_trigger_controller_dag.py
[2025-02-10T13:00:35.727+0600] {processor.py:925} INFO - DAG(s) 'example_trigger_controller_dag' retrieved from /home/shamim/airflow_git/Airflow_project/air_venv/lib/python3.12/site-packages/airflow/example_dags/example_trigger_controller_dag.py
[2025-02-10T13:00:35.751+0600] {logging_mixin.py:190} INFO - [2025-02-10T13:00:35.751+0600] {dag.py:3239} INFO - Sync 1 DAGs
[2025-02-10T13:00:35.787+0600] {logging_mixin.py:190} INFO - [2025-02-10T13:00:35.787+0600] {dag.py:4180} INFO - Setting next_dagrun for example_trigger_controller_dag to 2021-01-01 00:00:00+00:00, run_after=2021-01-01 00:00:00+00:00
[2025-02-10T13:00:35.819+0600] {processor.py:208} INFO - Processing /home/shamim/airflow_git/Airflow_project/air_venv/lib/python3.12/site-packages/airflow/example_dags/example_trigger_controller_dag.py took 0.124 seconds
[2025-02-10T13:01:45.814+0600] {processor.py:186} INFO - Started process (PID=13618) to work on /home/shamim/airflow_git/Airflow_project/air_venv/lib/python3.12/site-packages/airflow/example_dags/example_trigger_controller_dag.py
[2025-02-10T13:01:45.821+0600] {processor.py:914} INFO - Processing file /home/shamim/airflow_git/Airflow_project/air_venv/lib/python3.12/site-packages/airflow/example_dags/example_trigger_controller_dag.py for tasks to queue
[2025-02-10T13:01:45.823+0600] {logging_mixin.py:190} INFO - [2025-02-10T13:01:45.823+0600] {dagbag.py:588} INFO - Filling up the DagBag from /home/shamim/airflow_git/Airflow_project/air_venv/lib/python3.12/site-packages/airflow/example_dags/example_trigger_controller_dag.py
[2025-02-10T13:01:45.832+0600] {processor.py:925} INFO - DAG(s) 'example_trigger_controller_dag' retrieved from /home/shamim/airflow_git/Airflow_project/air_venv/lib/python3.12/site-packages/airflow/example_dags/example_trigger_controller_dag.py
[2025-02-10T13:01:45.849+0600] {logging_mixin.py:190} INFO - [2025-02-10T13:01:45.849+0600] {dag.py:3239} INFO - Sync 1 DAGs
[2025-02-10T13:01:45.873+0600] {logging_mixin.py:190} INFO - [2025-02-10T13:01:45.873+0600] {dag.py:4180} INFO - Setting next_dagrun for example_trigger_controller_dag to 2021-01-01 00:00:00+00:00, run_after=2021-01-01 00:00:00+00:00
[2025-02-10T13:01:45.906+0600] {processor.py:208} INFO - Processing /home/shamim/airflow_git/Airflow_project/air_venv/lib/python3.12/site-packages/airflow/example_dags/example_trigger_controller_dag.py took 0.098 seconds
[2025-02-10T13:02:32.010+0600] {processor.py:186} INFO - Started process (PID=13723) to work on /home/shamim/airflow_git/Airflow_project/air_venv/lib/python3.12/site-packages/airflow/example_dags/example_trigger_controller_dag.py
[2025-02-10T13:02:32.016+0600] {processor.py:914} INFO - Processing file /home/shamim/airflow_git/Airflow_project/air_venv/lib/python3.12/site-packages/airflow/example_dags/example_trigger_controller_dag.py for tasks to queue
[2025-02-10T13:02:32.020+0600] {logging_mixin.py:190} INFO - [2025-02-10T13:02:32.019+0600] {dagbag.py:588} INFO - Filling up the DagBag from /home/shamim/airflow_git/Airflow_project/air_venv/lib/python3.12/site-packages/airflow/example_dags/example_trigger_controller_dag.py
[2025-02-10T13:02:32.028+0600] {processor.py:925} INFO - DAG(s) 'example_trigger_controller_dag' retrieved from /home/shamim/airflow_git/Airflow_project/air_venv/lib/python3.12/site-packages/airflow/example_dags/example_trigger_controller_dag.py
[2025-02-10T13:02:32.044+0600] {logging_mixin.py:190} INFO - [2025-02-10T13:02:32.044+0600] {dag.py:3239} INFO - Sync 1 DAGs
[2025-02-10T13:02:32.067+0600] {logging_mixin.py:190} INFO - [2025-02-10T13:02:32.066+0600] {dag.py:4180} INFO - Setting next_dagrun for example_trigger_controller_dag to 2021-01-01 00:00:00+00:00, run_after=2021-01-01 00:00:00+00:00
[2025-02-10T13:02:32.093+0600] {processor.py:208} INFO - Processing /home/shamim/airflow_git/Airflow_project/air_venv/lib/python3.12/site-packages/airflow/example_dags/example_trigger_controller_dag.py took 0.089 seconds
[2025-02-10T13:03:37.621+0600] {processor.py:186} INFO - Started process (PID=13881) to work on /home/shamim/airflow_git/Airflow_project/air_venv/lib/python3.12/site-packages/airflow/example_dags/example_trigger_controller_dag.py
[2025-02-10T13:03:37.627+0600] {processor.py:914} INFO - Processing file /home/shamim/airflow_git/Airflow_project/air_venv/lib/python3.12/site-packages/airflow/example_dags/example_trigger_controller_dag.py for tasks to queue
[2025-02-10T13:03:37.631+0600] {logging_mixin.py:190} INFO - [2025-02-10T13:03:37.630+0600] {dagbag.py:588} INFO - Filling up the DagBag from /home/shamim/airflow_git/Airflow_project/air_venv/lib/python3.12/site-packages/airflow/example_dags/example_trigger_controller_dag.py
[2025-02-10T13:03:37.640+0600] {processor.py:925} INFO - DAG(s) 'example_trigger_controller_dag' retrieved from /home/shamim/airflow_git/Airflow_project/air_venv/lib/python3.12/site-packages/airflow/example_dags/example_trigger_controller_dag.py
[2025-02-10T13:03:37.656+0600] {logging_mixin.py:190} INFO - [2025-02-10T13:03:37.656+0600] {dag.py:3239} INFO - Sync 1 DAGs
[2025-02-10T13:03:37.679+0600] {logging_mixin.py:190} INFO - [2025-02-10T13:03:37.679+0600] {dag.py:4180} INFO - Setting next_dagrun for example_trigger_controller_dag to 2021-01-01 00:00:00+00:00, run_after=2021-01-01 00:00:00+00:00
[2025-02-10T13:03:37.702+0600] {processor.py:208} INFO - Processing /home/shamim/airflow_git/Airflow_project/air_venv/lib/python3.12/site-packages/airflow/example_dags/example_trigger_controller_dag.py took 0.089 seconds
[2025-02-10T13:04:45.924+0600] {processor.py:186} INFO - Started process (PID=14030) to work on /home/shamim/airflow_git/Airflow_project/air_venv/lib/python3.12/site-packages/airflow/example_dags/example_trigger_controller_dag.py
[2025-02-10T13:04:45.928+0600] {processor.py:914} INFO - Processing file /home/shamim/airflow_git/Airflow_project/air_venv/lib/python3.12/site-packages/airflow/example_dags/example_trigger_controller_dag.py for tasks to queue
[2025-02-10T13:04:45.933+0600] {logging_mixin.py:190} INFO - [2025-02-10T13:04:45.932+0600] {dagbag.py:588} INFO - Filling up the DagBag from /home/shamim/airflow_git/Airflow_project/air_venv/lib/python3.12/site-packages/airflow/example_dags/example_trigger_controller_dag.py
[2025-02-10T13:04:45.942+0600] {processor.py:925} INFO - DAG(s) 'example_trigger_controller_dag' retrieved from /home/shamim/airflow_git/Airflow_project/air_venv/lib/python3.12/site-packages/airflow/example_dags/example_trigger_controller_dag.py
[2025-02-10T13:04:45.960+0600] {logging_mixin.py:190} INFO - [2025-02-10T13:04:45.960+0600] {dag.py:3239} INFO - Sync 1 DAGs
[2025-02-10T13:04:45.983+0600] {logging_mixin.py:190} INFO - [2025-02-10T13:04:45.983+0600] {dag.py:4180} INFO - Setting next_dagrun for example_trigger_controller_dag to 2021-01-01 00:00:00+00:00, run_after=2021-01-01 00:00:00+00:00
[2025-02-10T13:04:46.005+0600] {processor.py:208} INFO - Processing /home/shamim/airflow_git/Airflow_project/air_venv/lib/python3.12/site-packages/airflow/example_dags/example_trigger_controller_dag.py took 0.090 seconds
[2025-02-10T13:05:53.334+0600] {processor.py:186} INFO - Started process (PID=14126) to work on /home/shamim/airflow_git/Airflow_project/air_venv/lib/python3.12/site-packages/airflow/example_dags/example_trigger_controller_dag.py
[2025-02-10T13:05:53.341+0600] {processor.py:914} INFO - Processing file /home/shamim/airflow_git/Airflow_project/air_venv/lib/python3.12/site-packages/airflow/example_dags/example_trigger_controller_dag.py for tasks to queue
[2025-02-10T13:05:53.345+0600] {logging_mixin.py:190} INFO - [2025-02-10T13:05:53.345+0600] {dagbag.py:588} INFO - Filling up the DagBag from /home/shamim/airflow_git/Airflow_project/air_venv/lib/python3.12/site-packages/airflow/example_dags/example_trigger_controller_dag.py
[2025-02-10T13:05:53.356+0600] {processor.py:925} INFO - DAG(s) 'example_trigger_controller_dag' retrieved from /home/shamim/airflow_git/Airflow_project/air_venv/lib/python3.12/site-packages/airflow/example_dags/example_trigger_controller_dag.py
[2025-02-10T13:05:53.373+0600] {logging_mixin.py:190} INFO - [2025-02-10T13:05:53.372+0600] {dag.py:3239} INFO - Sync 1 DAGs
[2025-02-10T13:05:53.396+0600] {logging_mixin.py:190} INFO - [2025-02-10T13:05:53.396+0600] {dag.py:4180} INFO - Setting next_dagrun for example_trigger_controller_dag to 2021-01-01 00:00:00+00:00, run_after=2021-01-01 00:00:00+00:00
[2025-02-10T13:05:53.419+0600] {processor.py:208} INFO - Processing /home/shamim/airflow_git/Airflow_project/air_venv/lib/python3.12/site-packages/airflow/example_dags/example_trigger_controller_dag.py took 0.095 seconds
[2025-02-10T13:07:00.701+0600] {processor.py:186} INFO - Started process (PID=14277) to work on /home/shamim/airflow_git/Airflow_project/air_venv/lib/python3.12/site-packages/airflow/example_dags/example_trigger_controller_dag.py
[2025-02-10T13:07:00.708+0600] {processor.py:914} INFO - Processing file /home/shamim/airflow_git/Airflow_project/air_venv/lib/python3.12/site-packages/airflow/example_dags/example_trigger_controller_dag.py for tasks to queue
[2025-02-10T13:07:00.712+0600] {logging_mixin.py:190} INFO - [2025-02-10T13:07:00.711+0600] {dagbag.py:588} INFO - Filling up the DagBag from /home/shamim/airflow_git/Airflow_project/air_venv/lib/python3.12/site-packages/airflow/example_dags/example_trigger_controller_dag.py
[2025-02-10T13:07:00.720+0600] {processor.py:925} INFO - DAG(s) 'example_trigger_controller_dag' retrieved from /home/shamim/airflow_git/Airflow_project/air_venv/lib/python3.12/site-packages/airflow/example_dags/example_trigger_controller_dag.py
[2025-02-10T13:07:00.740+0600] {logging_mixin.py:190} INFO - [2025-02-10T13:07:00.740+0600] {dag.py:3239} INFO - Sync 1 DAGs
[2025-02-10T13:07:00.768+0600] {logging_mixin.py:190} INFO - [2025-02-10T13:07:00.768+0600] {dag.py:4180} INFO - Setting next_dagrun for example_trigger_controller_dag to 2021-01-01 00:00:00+00:00, run_after=2021-01-01 00:00:00+00:00
[2025-02-10T13:07:00.799+0600] {processor.py:208} INFO - Processing /home/shamim/airflow_git/Airflow_project/air_venv/lib/python3.12/site-packages/airflow/example_dags/example_trigger_controller_dag.py took 0.110 seconds
[2025-02-10T13:08:14.426+0600] {processor.py:186} INFO - Started process (PID=14485) to work on /home/shamim/airflow_git/Airflow_project/air_venv/lib/python3.12/site-packages/airflow/example_dags/example_trigger_controller_dag.py
[2025-02-10T13:08:14.428+0600] {processor.py:914} INFO - Processing file /home/shamim/airflow_git/Airflow_project/air_venv/lib/python3.12/site-packages/airflow/example_dags/example_trigger_controller_dag.py for tasks to queue
[2025-02-10T13:08:14.431+0600] {logging_mixin.py:190} INFO - [2025-02-10T13:08:14.430+0600] {dagbag.py:588} INFO - Filling up the DagBag from /home/shamim/airflow_git/Airflow_project/air_venv/lib/python3.12/site-packages/airflow/example_dags/example_trigger_controller_dag.py
[2025-02-10T13:08:14.439+0600] {processor.py:925} INFO - DAG(s) 'example_trigger_controller_dag' retrieved from /home/shamim/airflow_git/Airflow_project/air_venv/lib/python3.12/site-packages/airflow/example_dags/example_trigger_controller_dag.py
[2025-02-10T13:08:14.456+0600] {logging_mixin.py:190} INFO - [2025-02-10T13:08:14.455+0600] {dag.py:3239} INFO - Sync 1 DAGs
[2025-02-10T13:08:14.479+0600] {logging_mixin.py:190} INFO - [2025-02-10T13:08:14.479+0600] {dag.py:4180} INFO - Setting next_dagrun for example_trigger_controller_dag to 2021-01-01 00:00:00+00:00, run_after=2021-01-01 00:00:00+00:00
[2025-02-10T13:08:14.517+0600] {processor.py:208} INFO - Processing /home/shamim/airflow_git/Airflow_project/air_venv/lib/python3.12/site-packages/airflow/example_dags/example_trigger_controller_dag.py took 0.098 seconds
[2025-02-10T13:09:23.714+0600] {processor.py:186} INFO - Started process (PID=14747) to work on /home/shamim/airflow_git/Airflow_project/air_venv/lib/python3.12/site-packages/airflow/example_dags/example_trigger_controller_dag.py
[2025-02-10T13:09:23.719+0600] {processor.py:914} INFO - Processing file /home/shamim/airflow_git/Airflow_project/air_venv/lib/python3.12/site-packages/airflow/example_dags/example_trigger_controller_dag.py for tasks to queue
[2025-02-10T13:09:23.729+0600] {logging_mixin.py:190} INFO - [2025-02-10T13:09:23.726+0600] {dagbag.py:588} INFO - Filling up the DagBag from /home/shamim/airflow_git/Airflow_project/air_venv/lib/python3.12/site-packages/airflow/example_dags/example_trigger_controller_dag.py
[2025-02-10T13:09:23.753+0600] {processor.py:925} INFO - DAG(s) 'example_trigger_controller_dag' retrieved from /home/shamim/airflow_git/Airflow_project/air_venv/lib/python3.12/site-packages/airflow/example_dags/example_trigger_controller_dag.py
[2025-02-10T13:09:23.775+0600] {logging_mixin.py:190} INFO - [2025-02-10T13:09:23.775+0600] {dag.py:3239} INFO - Sync 1 DAGs
[2025-02-10T13:09:23.799+0600] {logging_mixin.py:190} INFO - [2025-02-10T13:09:23.799+0600] {dag.py:4180} INFO - Setting next_dagrun for example_trigger_controller_dag to 2021-01-01 00:00:00+00:00, run_after=2021-01-01 00:00:00+00:00
[2025-02-10T13:09:23.822+0600] {processor.py:208} INFO - Processing /home/shamim/airflow_git/Airflow_project/air_venv/lib/python3.12/site-packages/airflow/example_dags/example_trigger_controller_dag.py took 0.134 seconds
[2025-02-10T13:10:34.986+0600] {processor.py:186} INFO - Started process (PID=14856) to work on /home/shamim/airflow_git/Airflow_project/air_venv/lib/python3.12/site-packages/airflow/example_dags/example_trigger_controller_dag.py
[2025-02-10T13:10:34.993+0600] {processor.py:914} INFO - Processing file /home/shamim/airflow_git/Airflow_project/air_venv/lib/python3.12/site-packages/airflow/example_dags/example_trigger_controller_dag.py for tasks to queue
[2025-02-10T13:10:34.996+0600] {logging_mixin.py:190} INFO - [2025-02-10T13:10:34.995+0600] {dagbag.py:588} INFO - Filling up the DagBag from /home/shamim/airflow_git/Airflow_project/air_venv/lib/python3.12/site-packages/airflow/example_dags/example_trigger_controller_dag.py
[2025-02-10T13:10:35.005+0600] {processor.py:925} INFO - DAG(s) 'example_trigger_controller_dag' retrieved from /home/shamim/airflow_git/Airflow_project/air_venv/lib/python3.12/site-packages/airflow/example_dags/example_trigger_controller_dag.py
[2025-02-10T13:10:35.022+0600] {logging_mixin.py:190} INFO - [2025-02-10T13:10:35.022+0600] {dag.py:3239} INFO - Sync 1 DAGs
[2025-02-10T13:10:35.046+0600] {logging_mixin.py:190} INFO - [2025-02-10T13:10:35.045+0600] {dag.py:4180} INFO - Setting next_dagrun for example_trigger_controller_dag to 2021-01-01 00:00:00+00:00, run_after=2021-01-01 00:00:00+00:00
[2025-02-10T13:10:35.070+0600] {processor.py:208} INFO - Processing /home/shamim/airflow_git/Airflow_project/air_venv/lib/python3.12/site-packages/airflow/example_dags/example_trigger_controller_dag.py took 0.094 seconds
[2025-02-10T13:11:49.597+0600] {processor.py:186} INFO - Started process (PID=14952) to work on /home/shamim/airflow_git/Airflow_project/air_venv/lib/python3.12/site-packages/airflow/example_dags/example_trigger_controller_dag.py
[2025-02-10T13:11:49.600+0600] {processor.py:914} INFO - Processing file /home/shamim/airflow_git/Airflow_project/air_venv/lib/python3.12/site-packages/airflow/example_dags/example_trigger_controller_dag.py for tasks to queue
[2025-02-10T13:11:49.603+0600] {logging_mixin.py:190} INFO - [2025-02-10T13:11:49.603+0600] {dagbag.py:588} INFO - Filling up the DagBag from /home/shamim/airflow_git/Airflow_project/air_venv/lib/python3.12/site-packages/airflow/example_dags/example_trigger_controller_dag.py
[2025-02-10T13:11:49.613+0600] {processor.py:925} INFO - DAG(s) 'example_trigger_controller_dag' retrieved from /home/shamim/airflow_git/Airflow_project/air_venv/lib/python3.12/site-packages/airflow/example_dags/example_trigger_controller_dag.py
[2025-02-10T13:11:49.629+0600] {logging_mixin.py:190} INFO - [2025-02-10T13:11:49.628+0600] {dag.py:3239} INFO - Sync 1 DAGs
[2025-02-10T13:11:49.652+0600] {logging_mixin.py:190} INFO - [2025-02-10T13:11:49.652+0600] {dag.py:4180} INFO - Setting next_dagrun for example_trigger_controller_dag to 2021-01-01 00:00:00+00:00, run_after=2021-01-01 00:00:00+00:00
[2025-02-10T13:11:49.673+0600] {processor.py:208} INFO - Processing /home/shamim/airflow_git/Airflow_project/air_venv/lib/python3.12/site-packages/airflow/example_dags/example_trigger_controller_dag.py took 0.086 seconds
[2025-02-10T13:13:03.818+0600] {processor.py:186} INFO - Started process (PID=15055) to work on /home/shamim/airflow_git/Airflow_project/air_venv/lib/python3.12/site-packages/airflow/example_dags/example_trigger_controller_dag.py
[2025-02-10T13:13:03.822+0600] {processor.py:914} INFO - Processing file /home/shamim/airflow_git/Airflow_project/air_venv/lib/python3.12/site-packages/airflow/example_dags/example_trigger_controller_dag.py for tasks to queue
[2025-02-10T13:13:03.832+0600] {logging_mixin.py:190} INFO - [2025-02-10T13:13:03.830+0600] {dagbag.py:588} INFO - Filling up the DagBag from /home/shamim/airflow_git/Airflow_project/air_venv/lib/python3.12/site-packages/airflow/example_dags/example_trigger_controller_dag.py
[2025-02-10T13:13:03.845+0600] {processor.py:925} INFO - DAG(s) 'example_trigger_controller_dag' retrieved from /home/shamim/airflow_git/Airflow_project/air_venv/lib/python3.12/site-packages/airflow/example_dags/example_trigger_controller_dag.py
[2025-02-10T13:13:03.882+0600] {logging_mixin.py:190} INFO - [2025-02-10T13:13:03.881+0600] {dag.py:3239} INFO - Sync 1 DAGs
[2025-02-10T13:13:03.929+0600] {logging_mixin.py:190} INFO - [2025-02-10T13:13:03.929+0600] {dag.py:4180} INFO - Setting next_dagrun for example_trigger_controller_dag to 2021-01-01 00:00:00+00:00, run_after=2021-01-01 00:00:00+00:00
[2025-02-10T13:13:03.974+0600] {processor.py:208} INFO - Processing /home/shamim/airflow_git/Airflow_project/air_venv/lib/python3.12/site-packages/airflow/example_dags/example_trigger_controller_dag.py took 0.172 seconds
[2025-02-10T13:14:18.143+0600] {processor.py:186} INFO - Started process (PID=15193) to work on /home/shamim/airflow_git/Airflow_project/air_venv/lib/python3.12/site-packages/airflow/example_dags/example_trigger_controller_dag.py
[2025-02-10T13:14:18.149+0600] {processor.py:914} INFO - Processing file /home/shamim/airflow_git/Airflow_project/air_venv/lib/python3.12/site-packages/airflow/example_dags/example_trigger_controller_dag.py for tasks to queue
[2025-02-10T13:14:18.153+0600] {logging_mixin.py:190} INFO - [2025-02-10T13:14:18.152+0600] {dagbag.py:588} INFO - Filling up the DagBag from /home/shamim/airflow_git/Airflow_project/air_venv/lib/python3.12/site-packages/airflow/example_dags/example_trigger_controller_dag.py
[2025-02-10T13:14:18.163+0600] {processor.py:925} INFO - DAG(s) 'example_trigger_controller_dag' retrieved from /home/shamim/airflow_git/Airflow_project/air_venv/lib/python3.12/site-packages/airflow/example_dags/example_trigger_controller_dag.py
[2025-02-10T13:14:18.180+0600] {logging_mixin.py:190} INFO - [2025-02-10T13:14:18.180+0600] {dag.py:3239} INFO - Sync 1 DAGs
[2025-02-10T13:14:18.204+0600] {logging_mixin.py:190} INFO - [2025-02-10T13:14:18.203+0600] {dag.py:4180} INFO - Setting next_dagrun for example_trigger_controller_dag to 2021-01-01 00:00:00+00:00, run_after=2021-01-01 00:00:00+00:00
[2025-02-10T13:14:18.230+0600] {processor.py:208} INFO - Processing /home/shamim/airflow_git/Airflow_project/air_venv/lib/python3.12/site-packages/airflow/example_dags/example_trigger_controller_dag.py took 0.099 seconds
[2025-02-10T13:15:25.966+0600] {processor.py:186} INFO - Started process (PID=15285) to work on /home/shamim/airflow_git/Airflow_project/air_venv/lib/python3.12/site-packages/airflow/example_dags/example_trigger_controller_dag.py
[2025-02-10T13:15:25.970+0600] {processor.py:914} INFO - Processing file /home/shamim/airflow_git/Airflow_project/air_venv/lib/python3.12/site-packages/airflow/example_dags/example_trigger_controller_dag.py for tasks to queue
[2025-02-10T13:15:25.974+0600] {logging_mixin.py:190} INFO - [2025-02-10T13:15:25.973+0600] {dagbag.py:588} INFO - Filling up the DagBag from /home/shamim/airflow_git/Airflow_project/air_venv/lib/python3.12/site-packages/airflow/example_dags/example_trigger_controller_dag.py
[2025-02-10T13:15:25.983+0600] {processor.py:925} INFO - DAG(s) 'example_trigger_controller_dag' retrieved from /home/shamim/airflow_git/Airflow_project/air_venv/lib/python3.12/site-packages/airflow/example_dags/example_trigger_controller_dag.py
[2025-02-10T13:15:26.000+0600] {logging_mixin.py:190} INFO - [2025-02-10T13:15:26.000+0600] {dag.py:3239} INFO - Sync 1 DAGs
[2025-02-10T13:15:26.024+0600] {logging_mixin.py:190} INFO - [2025-02-10T13:15:26.024+0600] {dag.py:4180} INFO - Setting next_dagrun for example_trigger_controller_dag to 2021-01-01 00:00:00+00:00, run_after=2021-01-01 00:00:00+00:00
[2025-02-10T13:15:26.047+0600] {processor.py:208} INFO - Processing /home/shamim/airflow_git/Airflow_project/air_venv/lib/python3.12/site-packages/airflow/example_dags/example_trigger_controller_dag.py took 0.091 seconds
[2025-02-10T13:16:34.971+0600] {processor.py:186} INFO - Started process (PID=15377) to work on /home/shamim/airflow_git/Airflow_project/air_venv/lib/python3.12/site-packages/airflow/example_dags/example_trigger_controller_dag.py
[2025-02-10T13:16:34.974+0600] {processor.py:914} INFO - Processing file /home/shamim/airflow_git/Airflow_project/air_venv/lib/python3.12/site-packages/airflow/example_dags/example_trigger_controller_dag.py for tasks to queue
[2025-02-10T13:16:34.978+0600] {logging_mixin.py:190} INFO - [2025-02-10T13:16:34.978+0600] {dagbag.py:588} INFO - Filling up the DagBag from /home/shamim/airflow_git/Airflow_project/air_venv/lib/python3.12/site-packages/airflow/example_dags/example_trigger_controller_dag.py
[2025-02-10T13:16:34.990+0600] {processor.py:925} INFO - DAG(s) 'example_trigger_controller_dag' retrieved from /home/shamim/airflow_git/Airflow_project/air_venv/lib/python3.12/site-packages/airflow/example_dags/example_trigger_controller_dag.py
[2025-02-10T13:16:35.010+0600] {logging_mixin.py:190} INFO - [2025-02-10T13:16:35.009+0600] {dag.py:3239} INFO - Sync 1 DAGs
[2025-02-10T13:16:35.036+0600] {logging_mixin.py:190} INFO - [2025-02-10T13:16:35.036+0600] {dag.py:4180} INFO - Setting next_dagrun for example_trigger_controller_dag to 2021-01-01 00:00:00+00:00, run_after=2021-01-01 00:00:00+00:00
[2025-02-10T13:16:35.062+0600] {processor.py:208} INFO - Processing /home/shamim/airflow_git/Airflow_project/air_venv/lib/python3.12/site-packages/airflow/example_dags/example_trigger_controller_dag.py took 0.107 seconds
[2025-02-10T13:17:44.552+0600] {processor.py:186} INFO - Started process (PID=15499) to work on /home/shamim/airflow_git/Airflow_project/air_venv/lib/python3.12/site-packages/airflow/example_dags/example_trigger_controller_dag.py
[2025-02-10T13:17:44.555+0600] {processor.py:914} INFO - Processing file /home/shamim/airflow_git/Airflow_project/air_venv/lib/python3.12/site-packages/airflow/example_dags/example_trigger_controller_dag.py for tasks to queue
[2025-02-10T13:17:44.566+0600] {logging_mixin.py:190} INFO - [2025-02-10T13:17:44.562+0600] {dagbag.py:588} INFO - Filling up the DagBag from /home/shamim/airflow_git/Airflow_project/air_venv/lib/python3.12/site-packages/airflow/example_dags/example_trigger_controller_dag.py
[2025-02-10T13:17:44.584+0600] {processor.py:925} INFO - DAG(s) 'example_trigger_controller_dag' retrieved from /home/shamim/airflow_git/Airflow_project/air_venv/lib/python3.12/site-packages/airflow/example_dags/example_trigger_controller_dag.py
[2025-02-10T13:17:44.608+0600] {logging_mixin.py:190} INFO - [2025-02-10T13:17:44.608+0600] {dag.py:3239} INFO - Sync 1 DAGs
[2025-02-10T13:17:44.663+0600] {logging_mixin.py:190} INFO - [2025-02-10T13:17:44.663+0600] {dag.py:4180} INFO - Setting next_dagrun for example_trigger_controller_dag to 2021-01-01 00:00:00+00:00, run_after=2021-01-01 00:00:00+00:00
[2025-02-10T13:17:44.700+0600] {processor.py:208} INFO - Processing /home/shamim/airflow_git/Airflow_project/air_venv/lib/python3.12/site-packages/airflow/example_dags/example_trigger_controller_dag.py took 0.182 seconds
[2025-02-10T13:19:03.238+0600] {processor.py:186} INFO - Started process (PID=15900) to work on /home/shamim/airflow_git/Airflow_project/air_venv/lib/python3.12/site-packages/airflow/example_dags/example_trigger_controller_dag.py
[2025-02-10T13:19:03.245+0600] {processor.py:914} INFO - Processing file /home/shamim/airflow_git/Airflow_project/air_venv/lib/python3.12/site-packages/airflow/example_dags/example_trigger_controller_dag.py for tasks to queue
[2025-02-10T13:19:03.251+0600] {logging_mixin.py:190} INFO - [2025-02-10T13:19:03.249+0600] {dagbag.py:588} INFO - Filling up the DagBag from /home/shamim/airflow_git/Airflow_project/air_venv/lib/python3.12/site-packages/airflow/example_dags/example_trigger_controller_dag.py
[2025-02-10T13:19:03.267+0600] {processor.py:925} INFO - DAG(s) 'example_trigger_controller_dag' retrieved from /home/shamim/airflow_git/Airflow_project/air_venv/lib/python3.12/site-packages/airflow/example_dags/example_trigger_controller_dag.py
[2025-02-10T13:19:03.285+0600] {logging_mixin.py:190} INFO - [2025-02-10T13:19:03.285+0600] {dag.py:3239} INFO - Sync 1 DAGs
[2025-02-10T13:19:03.311+0600] {logging_mixin.py:190} INFO - [2025-02-10T13:19:03.311+0600] {dag.py:4180} INFO - Setting next_dagrun for example_trigger_controller_dag to 2021-01-01 00:00:00+00:00, run_after=2021-01-01 00:00:00+00:00
[2025-02-10T13:19:03.333+0600] {processor.py:208} INFO - Processing /home/shamim/airflow_git/Airflow_project/air_venv/lib/python3.12/site-packages/airflow/example_dags/example_trigger_controller_dag.py took 0.111 seconds
[2025-02-10T13:20:18.261+0600] {processor.py:186} INFO - Started process (PID=16475) to work on /home/shamim/airflow_git/Airflow_project/air_venv/lib/python3.12/site-packages/airflow/example_dags/example_trigger_controller_dag.py
[2025-02-10T13:20:18.267+0600] {processor.py:914} INFO - Processing file /home/shamim/airflow_git/Airflow_project/air_venv/lib/python3.12/site-packages/airflow/example_dags/example_trigger_controller_dag.py for tasks to queue
[2025-02-10T13:20:18.269+0600] {logging_mixin.py:190} INFO - [2025-02-10T13:20:18.268+0600] {dagbag.py:588} INFO - Filling up the DagBag from /home/shamim/airflow_git/Airflow_project/air_venv/lib/python3.12/site-packages/airflow/example_dags/example_trigger_controller_dag.py
[2025-02-10T13:20:18.277+0600] {processor.py:925} INFO - DAG(s) 'example_trigger_controller_dag' retrieved from /home/shamim/airflow_git/Airflow_project/air_venv/lib/python3.12/site-packages/airflow/example_dags/example_trigger_controller_dag.py
[2025-02-10T13:20:18.295+0600] {logging_mixin.py:190} INFO - [2025-02-10T13:20:18.295+0600] {dag.py:3239} INFO - Sync 1 DAGs
[2025-02-10T13:20:18.319+0600] {logging_mixin.py:190} INFO - [2025-02-10T13:20:18.318+0600] {dag.py:4180} INFO - Setting next_dagrun for example_trigger_controller_dag to 2021-01-01 00:00:00+00:00, run_after=2021-01-01 00:00:00+00:00
[2025-02-10T13:20:18.346+0600] {processor.py:208} INFO - Processing /home/shamim/airflow_git/Airflow_project/air_venv/lib/python3.12/site-packages/airflow/example_dags/example_trigger_controller_dag.py took 0.097 seconds
[2025-02-10T13:21:32.023+0600] {processor.py:186} INFO - Started process (PID=17044) to work on /home/shamim/airflow_git/Airflow_project/air_venv/lib/python3.12/site-packages/airflow/example_dags/example_trigger_controller_dag.py
[2025-02-10T13:21:32.032+0600] {processor.py:914} INFO - Processing file /home/shamim/airflow_git/Airflow_project/air_venv/lib/python3.12/site-packages/airflow/example_dags/example_trigger_controller_dag.py for tasks to queue
[2025-02-10T13:21:32.036+0600] {logging_mixin.py:190} INFO - [2025-02-10T13:21:32.035+0600] {dagbag.py:588} INFO - Filling up the DagBag from /home/shamim/airflow_git/Airflow_project/air_venv/lib/python3.12/site-packages/airflow/example_dags/example_trigger_controller_dag.py
[2025-02-10T13:21:32.063+0600] {processor.py:925} INFO - DAG(s) 'example_trigger_controller_dag' retrieved from /home/shamim/airflow_git/Airflow_project/air_venv/lib/python3.12/site-packages/airflow/example_dags/example_trigger_controller_dag.py
[2025-02-10T13:21:32.086+0600] {logging_mixin.py:190} INFO - [2025-02-10T13:21:32.086+0600] {dag.py:3239} INFO - Sync 1 DAGs
[2025-02-10T13:21:32.115+0600] {logging_mixin.py:190} INFO - [2025-02-10T13:21:32.115+0600] {dag.py:4180} INFO - Setting next_dagrun for example_trigger_controller_dag to 2021-01-01 00:00:00+00:00, run_after=2021-01-01 00:00:00+00:00
[2025-02-10T13:21:32.143+0600] {processor.py:208} INFO - Processing /home/shamim/airflow_git/Airflow_project/air_venv/lib/python3.12/site-packages/airflow/example_dags/example_trigger_controller_dag.py took 0.153 seconds
[2025-02-10T13:22:48.388+0600] {processor.py:186} INFO - Started process (PID=17391) to work on /home/shamim/airflow_git/Airflow_project/air_venv/lib/python3.12/site-packages/airflow/example_dags/example_trigger_controller_dag.py
[2025-02-10T13:22:48.394+0600] {processor.py:914} INFO - Processing file /home/shamim/airflow_git/Airflow_project/air_venv/lib/python3.12/site-packages/airflow/example_dags/example_trigger_controller_dag.py for tasks to queue
[2025-02-10T13:22:48.396+0600] {logging_mixin.py:190} INFO - [2025-02-10T13:22:48.396+0600] {dagbag.py:588} INFO - Filling up the DagBag from /home/shamim/airflow_git/Airflow_project/air_venv/lib/python3.12/site-packages/airflow/example_dags/example_trigger_controller_dag.py
[2025-02-10T13:22:48.405+0600] {processor.py:925} INFO - DAG(s) 'example_trigger_controller_dag' retrieved from /home/shamim/airflow_git/Airflow_project/air_venv/lib/python3.12/site-packages/airflow/example_dags/example_trigger_controller_dag.py
[2025-02-10T13:22:48.426+0600] {logging_mixin.py:190} INFO - [2025-02-10T13:22:48.425+0600] {dag.py:3239} INFO - Sync 1 DAGs
[2025-02-10T13:22:48.455+0600] {logging_mixin.py:190} INFO - [2025-02-10T13:22:48.454+0600] {dag.py:4180} INFO - Setting next_dagrun for example_trigger_controller_dag to 2021-01-01 00:00:00+00:00, run_after=2021-01-01 00:00:00+00:00
[2025-02-10T13:22:48.492+0600] {processor.py:208} INFO - Processing /home/shamim/airflow_git/Airflow_project/air_venv/lib/python3.12/site-packages/airflow/example_dags/example_trigger_controller_dag.py took 0.121 seconds
[2025-02-10T13:24:04.656+0600] {processor.py:186} INFO - Started process (PID=17530) to work on /home/shamim/airflow_git/Airflow_project/air_venv/lib/python3.12/site-packages/airflow/example_dags/example_trigger_controller_dag.py
[2025-02-10T13:24:04.663+0600] {processor.py:914} INFO - Processing file /home/shamim/airflow_git/Airflow_project/air_venv/lib/python3.12/site-packages/airflow/example_dags/example_trigger_controller_dag.py for tasks to queue
[2025-02-10T13:24:04.664+0600] {logging_mixin.py:190} INFO - [2025-02-10T13:24:04.664+0600] {dagbag.py:588} INFO - Filling up the DagBag from /home/shamim/airflow_git/Airflow_project/air_venv/lib/python3.12/site-packages/airflow/example_dags/example_trigger_controller_dag.py
[2025-02-10T13:24:04.673+0600] {processor.py:925} INFO - DAG(s) 'example_trigger_controller_dag' retrieved from /home/shamim/airflow_git/Airflow_project/air_venv/lib/python3.12/site-packages/airflow/example_dags/example_trigger_controller_dag.py
[2025-02-10T13:24:04.691+0600] {logging_mixin.py:190} INFO - [2025-02-10T13:24:04.691+0600] {dag.py:3239} INFO - Sync 1 DAGs
[2025-02-10T13:24:04.716+0600] {logging_mixin.py:190} INFO - [2025-02-10T13:24:04.716+0600] {dag.py:4180} INFO - Setting next_dagrun for example_trigger_controller_dag to 2021-01-01 00:00:00+00:00, run_after=2021-01-01 00:00:00+00:00
[2025-02-10T13:24:04.753+0600] {processor.py:208} INFO - Processing /home/shamim/airflow_git/Airflow_project/air_venv/lib/python3.12/site-packages/airflow/example_dags/example_trigger_controller_dag.py took 0.106 seconds
[2025-02-10T13:25:15.597+0600] {processor.py:186} INFO - Started process (PID=17732) to work on /home/shamim/airflow_git/Airflow_project/air_venv/lib/python3.12/site-packages/airflow/example_dags/example_trigger_controller_dag.py
[2025-02-10T13:25:15.611+0600] {processor.py:914} INFO - Processing file /home/shamim/airflow_git/Airflow_project/air_venv/lib/python3.12/site-packages/airflow/example_dags/example_trigger_controller_dag.py for tasks to queue
[2025-02-10T13:25:15.613+0600] {logging_mixin.py:190} INFO - [2025-02-10T13:25:15.612+0600] {dagbag.py:588} INFO - Filling up the DagBag from /home/shamim/airflow_git/Airflow_project/air_venv/lib/python3.12/site-packages/airflow/example_dags/example_trigger_controller_dag.py
[2025-02-10T13:25:15.626+0600] {processor.py:925} INFO - DAG(s) 'example_trigger_controller_dag' retrieved from /home/shamim/airflow_git/Airflow_project/air_venv/lib/python3.12/site-packages/airflow/example_dags/example_trigger_controller_dag.py
[2025-02-10T13:25:15.645+0600] {logging_mixin.py:190} INFO - [2025-02-10T13:25:15.645+0600] {dag.py:3239} INFO - Sync 1 DAGs
[2025-02-10T13:25:15.672+0600] {logging_mixin.py:190} INFO - [2025-02-10T13:25:15.672+0600] {dag.py:4180} INFO - Setting next_dagrun for example_trigger_controller_dag to 2021-01-01 00:00:00+00:00, run_after=2021-01-01 00:00:00+00:00
[2025-02-10T13:25:15.694+0600] {processor.py:208} INFO - Processing /home/shamim/airflow_git/Airflow_project/air_venv/lib/python3.12/site-packages/airflow/example_dags/example_trigger_controller_dag.py took 0.111 seconds
[2025-02-10T13:26:36.043+0600] {processor.py:186} INFO - Started process (PID=17845) to work on /home/shamim/airflow_git/Airflow_project/air_venv/lib/python3.12/site-packages/airflow/example_dags/example_trigger_controller_dag.py
[2025-02-10T13:26:36.049+0600] {processor.py:914} INFO - Processing file /home/shamim/airflow_git/Airflow_project/air_venv/lib/python3.12/site-packages/airflow/example_dags/example_trigger_controller_dag.py for tasks to queue
[2025-02-10T13:26:36.051+0600] {logging_mixin.py:190} INFO - [2025-02-10T13:26:36.050+0600] {dagbag.py:588} INFO - Filling up the DagBag from /home/shamim/airflow_git/Airflow_project/air_venv/lib/python3.12/site-packages/airflow/example_dags/example_trigger_controller_dag.py
[2025-02-10T13:26:36.060+0600] {processor.py:925} INFO - DAG(s) 'example_trigger_controller_dag' retrieved from /home/shamim/airflow_git/Airflow_project/air_venv/lib/python3.12/site-packages/airflow/example_dags/example_trigger_controller_dag.py
[2025-02-10T13:26:36.077+0600] {logging_mixin.py:190} INFO - [2025-02-10T13:26:36.077+0600] {dag.py:3239} INFO - Sync 1 DAGs
[2025-02-10T13:26:36.102+0600] {logging_mixin.py:190} INFO - [2025-02-10T13:26:36.102+0600] {dag.py:4180} INFO - Setting next_dagrun for example_trigger_controller_dag to 2021-01-01 00:00:00+00:00, run_after=2021-01-01 00:00:00+00:00
[2025-02-10T13:26:36.137+0600] {processor.py:208} INFO - Processing /home/shamim/airflow_git/Airflow_project/air_venv/lib/python3.12/site-packages/airflow/example_dags/example_trigger_controller_dag.py took 0.104 seconds
[2025-02-10T13:27:53.002+0600] {processor.py:186} INFO - Started process (PID=18083) to work on /home/shamim/airflow_git/Airflow_project/air_venv/lib/python3.12/site-packages/airflow/example_dags/example_trigger_controller_dag.py
[2025-02-10T13:27:53.005+0600] {processor.py:914} INFO - Processing file /home/shamim/airflow_git/Airflow_project/air_venv/lib/python3.12/site-packages/airflow/example_dags/example_trigger_controller_dag.py for tasks to queue
[2025-02-10T13:27:53.007+0600] {logging_mixin.py:190} INFO - [2025-02-10T13:27:53.006+0600] {dagbag.py:588} INFO - Filling up the DagBag from /home/shamim/airflow_git/Airflow_project/air_venv/lib/python3.12/site-packages/airflow/example_dags/example_trigger_controller_dag.py
[2025-02-10T13:27:53.016+0600] {processor.py:925} INFO - DAG(s) 'example_trigger_controller_dag' retrieved from /home/shamim/airflow_git/Airflow_project/air_venv/lib/python3.12/site-packages/airflow/example_dags/example_trigger_controller_dag.py
[2025-02-10T13:27:53.033+0600] {logging_mixin.py:190} INFO - [2025-02-10T13:27:53.032+0600] {dag.py:3239} INFO - Sync 1 DAGs
[2025-02-10T13:27:53.057+0600] {logging_mixin.py:190} INFO - [2025-02-10T13:27:53.057+0600] {dag.py:4180} INFO - Setting next_dagrun for example_trigger_controller_dag to 2021-01-01 00:00:00+00:00, run_after=2021-01-01 00:00:00+00:00
[2025-02-10T13:27:53.101+0600] {processor.py:208} INFO - Processing /home/shamim/airflow_git/Airflow_project/air_venv/lib/python3.12/site-packages/airflow/example_dags/example_trigger_controller_dag.py took 0.110 seconds
[2025-02-10T13:29:19.415+0600] {processor.py:186} INFO - Started process (PID=18717) to work on /home/shamim/airflow_git/Airflow_project/air_venv/lib/python3.12/site-packages/airflow/example_dags/example_trigger_controller_dag.py
[2025-02-10T13:29:19.416+0600] {processor.py:914} INFO - Processing file /home/shamim/airflow_git/Airflow_project/air_venv/lib/python3.12/site-packages/airflow/example_dags/example_trigger_controller_dag.py for tasks to queue
[2025-02-10T13:29:19.417+0600] {logging_mixin.py:190} INFO - [2025-02-10T13:29:19.417+0600] {dagbag.py:588} INFO - Filling up the DagBag from /home/shamim/airflow_git/Airflow_project/air_venv/lib/python3.12/site-packages/airflow/example_dags/example_trigger_controller_dag.py
[2025-02-10T13:29:19.426+0600] {processor.py:925} INFO - DAG(s) 'example_trigger_controller_dag' retrieved from /home/shamim/airflow_git/Airflow_project/air_venv/lib/python3.12/site-packages/airflow/example_dags/example_trigger_controller_dag.py
[2025-02-10T13:29:19.443+0600] {logging_mixin.py:190} INFO - [2025-02-10T13:29:19.443+0600] {dag.py:3239} INFO - Sync 1 DAGs
[2025-02-10T13:29:19.468+0600] {logging_mixin.py:190} INFO - [2025-02-10T13:29:19.468+0600] {dag.py:4180} INFO - Setting next_dagrun for example_trigger_controller_dag to 2021-01-01 00:00:00+00:00, run_after=2021-01-01 00:00:00+00:00
[2025-02-10T13:29:19.490+0600] {processor.py:208} INFO - Processing /home/shamim/airflow_git/Airflow_project/air_venv/lib/python3.12/site-packages/airflow/example_dags/example_trigger_controller_dag.py took 0.088 seconds
[2025-02-10T13:30:44.530+0600] {processor.py:186} INFO - Started process (PID=18844) to work on /home/shamim/airflow_git/Airflow_project/air_venv/lib/python3.12/site-packages/airflow/example_dags/example_trigger_controller_dag.py
[2025-02-10T13:30:44.536+0600] {processor.py:914} INFO - Processing file /home/shamim/airflow_git/Airflow_project/air_venv/lib/python3.12/site-packages/airflow/example_dags/example_trigger_controller_dag.py for tasks to queue
[2025-02-10T13:30:44.538+0600] {logging_mixin.py:190} INFO - [2025-02-10T13:30:44.537+0600] {dagbag.py:588} INFO - Filling up the DagBag from /home/shamim/airflow_git/Airflow_project/air_venv/lib/python3.12/site-packages/airflow/example_dags/example_trigger_controller_dag.py
[2025-02-10T13:30:44.547+0600] {processor.py:925} INFO - DAG(s) 'example_trigger_controller_dag' retrieved from /home/shamim/airflow_git/Airflow_project/air_venv/lib/python3.12/site-packages/airflow/example_dags/example_trigger_controller_dag.py
[2025-02-10T13:30:44.564+0600] {logging_mixin.py:190} INFO - [2025-02-10T13:30:44.564+0600] {dag.py:3239} INFO - Sync 1 DAGs
[2025-02-10T13:30:44.588+0600] {logging_mixin.py:190} INFO - [2025-02-10T13:30:44.588+0600] {dag.py:4180} INFO - Setting next_dagrun for example_trigger_controller_dag to 2021-01-01 00:00:00+00:00, run_after=2021-01-01 00:00:00+00:00
[2025-02-10T13:30:44.623+0600] {processor.py:208} INFO - Processing /home/shamim/airflow_git/Airflow_project/air_venv/lib/python3.12/site-packages/airflow/example_dags/example_trigger_controller_dag.py took 0.103 seconds
[2025-02-10T13:31:59.354+0600] {processor.py:186} INFO - Started process (PID=18955) to work on /home/shamim/airflow_git/Airflow_project/air_venv/lib/python3.12/site-packages/airflow/example_dags/example_trigger_controller_dag.py
[2025-02-10T13:31:59.360+0600] {processor.py:914} INFO - Processing file /home/shamim/airflow_git/Airflow_project/air_venv/lib/python3.12/site-packages/airflow/example_dags/example_trigger_controller_dag.py for tasks to queue
[2025-02-10T13:31:59.362+0600] {logging_mixin.py:190} INFO - [2025-02-10T13:31:59.362+0600] {dagbag.py:588} INFO - Filling up the DagBag from /home/shamim/airflow_git/Airflow_project/air_venv/lib/python3.12/site-packages/airflow/example_dags/example_trigger_controller_dag.py
[2025-02-10T13:31:59.371+0600] {processor.py:925} INFO - DAG(s) 'example_trigger_controller_dag' retrieved from /home/shamim/airflow_git/Airflow_project/air_venv/lib/python3.12/site-packages/airflow/example_dags/example_trigger_controller_dag.py
[2025-02-10T13:31:59.389+0600] {logging_mixin.py:190} INFO - [2025-02-10T13:31:59.388+0600] {dag.py:3239} INFO - Sync 1 DAGs
[2025-02-10T13:31:59.413+0600] {logging_mixin.py:190} INFO - [2025-02-10T13:31:59.413+0600] {dag.py:4180} INFO - Setting next_dagrun for example_trigger_controller_dag to 2021-01-01 00:00:00+00:00, run_after=2021-01-01 00:00:00+00:00
[2025-02-10T13:31:59.447+0600] {processor.py:208} INFO - Processing /home/shamim/airflow_git/Airflow_project/air_venv/lib/python3.12/site-packages/airflow/example_dags/example_trigger_controller_dag.py took 0.103 seconds
[2025-02-10T13:33:17.107+0600] {processor.py:186} INFO - Started process (PID=19104) to work on /home/shamim/airflow_git/Airflow_project/air_venv/lib/python3.12/site-packages/airflow/example_dags/example_trigger_controller_dag.py
[2025-02-10T13:33:17.113+0600] {processor.py:914} INFO - Processing file /home/shamim/airflow_git/Airflow_project/air_venv/lib/python3.12/site-packages/airflow/example_dags/example_trigger_controller_dag.py for tasks to queue
[2025-02-10T13:33:17.115+0600] {logging_mixin.py:190} INFO - [2025-02-10T13:33:17.114+0600] {dagbag.py:588} INFO - Filling up the DagBag from /home/shamim/airflow_git/Airflow_project/air_venv/lib/python3.12/site-packages/airflow/example_dags/example_trigger_controller_dag.py
[2025-02-10T13:33:17.125+0600] {processor.py:925} INFO - DAG(s) 'example_trigger_controller_dag' retrieved from /home/shamim/airflow_git/Airflow_project/air_venv/lib/python3.12/site-packages/airflow/example_dags/example_trigger_controller_dag.py
[2025-02-10T13:33:17.143+0600] {logging_mixin.py:190} INFO - [2025-02-10T13:33:17.143+0600] {dag.py:3239} INFO - Sync 1 DAGs
[2025-02-10T13:33:17.328+0600] {logging_mixin.py:190} INFO - [2025-02-10T13:33:17.328+0600] {dag.py:4180} INFO - Setting next_dagrun for example_trigger_controller_dag to 2021-01-01 00:00:00+00:00, run_after=2021-01-01 00:00:00+00:00
[2025-02-10T13:33:17.354+0600] {processor.py:208} INFO - Processing /home/shamim/airflow_git/Airflow_project/air_venv/lib/python3.12/site-packages/airflow/example_dags/example_trigger_controller_dag.py took 0.258 seconds
[2025-02-10T13:34:36.449+0600] {processor.py:186} INFO - Started process (PID=19363) to work on /home/shamim/airflow_git/Airflow_project/air_venv/lib/python3.12/site-packages/airflow/example_dags/example_trigger_controller_dag.py
[2025-02-10T13:34:36.456+0600] {processor.py:914} INFO - Processing file /home/shamim/airflow_git/Airflow_project/air_venv/lib/python3.12/site-packages/airflow/example_dags/example_trigger_controller_dag.py for tasks to queue
[2025-02-10T13:34:36.458+0600] {logging_mixin.py:190} INFO - [2025-02-10T13:34:36.457+0600] {dagbag.py:588} INFO - Filling up the DagBag from /home/shamim/airflow_git/Airflow_project/air_venv/lib/python3.12/site-packages/airflow/example_dags/example_trigger_controller_dag.py
[2025-02-10T13:34:36.470+0600] {processor.py:925} INFO - DAG(s) 'example_trigger_controller_dag' retrieved from /home/shamim/airflow_git/Airflow_project/air_venv/lib/python3.12/site-packages/airflow/example_dags/example_trigger_controller_dag.py
[2025-02-10T13:34:36.489+0600] {logging_mixin.py:190} INFO - [2025-02-10T13:34:36.488+0600] {dag.py:3239} INFO - Sync 1 DAGs
[2025-02-10T13:34:36.669+0600] {logging_mixin.py:190} INFO - [2025-02-10T13:34:36.669+0600] {dag.py:4180} INFO - Setting next_dagrun for example_trigger_controller_dag to 2021-01-01 00:00:00+00:00, run_after=2021-01-01 00:00:00+00:00
[2025-02-10T13:34:36.695+0600] {processor.py:208} INFO - Processing /home/shamim/airflow_git/Airflow_project/air_venv/lib/python3.12/site-packages/airflow/example_dags/example_trigger_controller_dag.py took 0.260 seconds
[2025-02-10T13:35:51.464+0600] {processor.py:186} INFO - Started process (PID=19460) to work on /home/shamim/airflow_git/Airflow_project/air_venv/lib/python3.12/site-packages/airflow/example_dags/example_trigger_controller_dag.py
[2025-02-10T13:35:51.472+0600] {processor.py:914} INFO - Processing file /home/shamim/airflow_git/Airflow_project/air_venv/lib/python3.12/site-packages/airflow/example_dags/example_trigger_controller_dag.py for tasks to queue
[2025-02-10T13:35:51.476+0600] {logging_mixin.py:190} INFO - [2025-02-10T13:35:51.475+0600] {dagbag.py:588} INFO - Filling up the DagBag from /home/shamim/airflow_git/Airflow_project/air_venv/lib/python3.12/site-packages/airflow/example_dags/example_trigger_controller_dag.py
[2025-02-10T13:35:51.494+0600] {processor.py:925} INFO - DAG(s) 'example_trigger_controller_dag' retrieved from /home/shamim/airflow_git/Airflow_project/air_venv/lib/python3.12/site-packages/airflow/example_dags/example_trigger_controller_dag.py
[2025-02-10T13:35:51.512+0600] {logging_mixin.py:190} INFO - [2025-02-10T13:35:51.512+0600] {dag.py:3239} INFO - Sync 1 DAGs
[2025-02-10T13:35:51.694+0600] {logging_mixin.py:190} INFO - [2025-02-10T13:35:51.694+0600] {dag.py:4180} INFO - Setting next_dagrun for example_trigger_controller_dag to 2021-01-01 00:00:00+00:00, run_after=2021-01-01 00:00:00+00:00
[2025-02-10T13:35:51.720+0600] {processor.py:208} INFO - Processing /home/shamim/airflow_git/Airflow_project/air_venv/lib/python3.12/site-packages/airflow/example_dags/example_trigger_controller_dag.py took 0.284 seconds
[2025-02-10T13:37:18.782+0600] {processor.py:186} INFO - Started process (PID=19582) to work on /home/shamim/airflow_git/Airflow_project/air_venv/lib/python3.12/site-packages/airflow/example_dags/example_trigger_controller_dag.py
[2025-02-10T13:37:18.788+0600] {processor.py:914} INFO - Processing file /home/shamim/airflow_git/Airflow_project/air_venv/lib/python3.12/site-packages/airflow/example_dags/example_trigger_controller_dag.py for tasks to queue
[2025-02-10T13:37:18.790+0600] {logging_mixin.py:190} INFO - [2025-02-10T13:37:18.789+0600] {dagbag.py:588} INFO - Filling up the DagBag from /home/shamim/airflow_git/Airflow_project/air_venv/lib/python3.12/site-packages/airflow/example_dags/example_trigger_controller_dag.py
[2025-02-10T13:37:18.798+0600] {processor.py:925} INFO - DAG(s) 'example_trigger_controller_dag' retrieved from /home/shamim/airflow_git/Airflow_project/air_venv/lib/python3.12/site-packages/airflow/example_dags/example_trigger_controller_dag.py
[2025-02-10T13:37:18.815+0600] {logging_mixin.py:190} INFO - [2025-02-10T13:37:18.814+0600] {dag.py:3239} INFO - Sync 1 DAGs
[2025-02-10T13:37:18.839+0600] {logging_mixin.py:190} INFO - [2025-02-10T13:37:18.838+0600] {dag.py:4180} INFO - Setting next_dagrun for example_trigger_controller_dag to 2021-01-01 00:00:00+00:00, run_after=2021-01-01 00:00:00+00:00
[2025-02-10T13:37:18.864+0600] {processor.py:208} INFO - Processing /home/shamim/airflow_git/Airflow_project/air_venv/lib/python3.12/site-packages/airflow/example_dags/example_trigger_controller_dag.py took 0.092 seconds
[2025-02-10T13:38:34.738+0600] {processor.py:186} INFO - Started process (PID=19727) to work on /home/shamim/airflow_git/Airflow_project/air_venv/lib/python3.12/site-packages/airflow/example_dags/example_trigger_controller_dag.py
[2025-02-10T13:38:34.744+0600] {processor.py:914} INFO - Processing file /home/shamim/airflow_git/Airflow_project/air_venv/lib/python3.12/site-packages/airflow/example_dags/example_trigger_controller_dag.py for tasks to queue
[2025-02-10T13:38:34.746+0600] {logging_mixin.py:190} INFO - [2025-02-10T13:38:34.746+0600] {dagbag.py:588} INFO - Filling up the DagBag from /home/shamim/airflow_git/Airflow_project/air_venv/lib/python3.12/site-packages/airflow/example_dags/example_trigger_controller_dag.py
[2025-02-10T13:38:34.757+0600] {processor.py:925} INFO - DAG(s) 'example_trigger_controller_dag' retrieved from /home/shamim/airflow_git/Airflow_project/air_venv/lib/python3.12/site-packages/airflow/example_dags/example_trigger_controller_dag.py
[2025-02-10T13:38:34.774+0600] {logging_mixin.py:190} INFO - [2025-02-10T13:38:34.774+0600] {dag.py:3239} INFO - Sync 1 DAGs
[2025-02-10T13:38:34.798+0600] {logging_mixin.py:190} INFO - [2025-02-10T13:38:34.798+0600] {dag.py:4180} INFO - Setting next_dagrun for example_trigger_controller_dag to 2021-01-01 00:00:00+00:00, run_after=2021-01-01 00:00:00+00:00
[2025-02-10T13:38:34.832+0600] {processor.py:208} INFO - Processing /home/shamim/airflow_git/Airflow_project/air_venv/lib/python3.12/site-packages/airflow/example_dags/example_trigger_controller_dag.py took 0.108 seconds
[2025-02-10T13:39:54.467+0600] {processor.py:186} INFO - Started process (PID=19875) to work on /home/shamim/airflow_git/Airflow_project/air_venv/lib/python3.12/site-packages/airflow/example_dags/example_trigger_controller_dag.py
[2025-02-10T13:39:54.473+0600] {processor.py:914} INFO - Processing file /home/shamim/airflow_git/Airflow_project/air_venv/lib/python3.12/site-packages/airflow/example_dags/example_trigger_controller_dag.py for tasks to queue
[2025-02-10T13:39:54.475+0600] {logging_mixin.py:190} INFO - [2025-02-10T13:39:54.474+0600] {dagbag.py:588} INFO - Filling up the DagBag from /home/shamim/airflow_git/Airflow_project/air_venv/lib/python3.12/site-packages/airflow/example_dags/example_trigger_controller_dag.py
[2025-02-10T13:39:54.483+0600] {processor.py:925} INFO - DAG(s) 'example_trigger_controller_dag' retrieved from /home/shamim/airflow_git/Airflow_project/air_venv/lib/python3.12/site-packages/airflow/example_dags/example_trigger_controller_dag.py
[2025-02-10T13:39:54.500+0600] {logging_mixin.py:190} INFO - [2025-02-10T13:39:54.500+0600] {dag.py:3239} INFO - Sync 1 DAGs
[2025-02-10T13:39:54.524+0600] {logging_mixin.py:190} INFO - [2025-02-10T13:39:54.524+0600] {dag.py:4180} INFO - Setting next_dagrun for example_trigger_controller_dag to 2021-01-01 00:00:00+00:00, run_after=2021-01-01 00:00:00+00:00
[2025-02-10T13:39:54.558+0600] {processor.py:208} INFO - Processing /home/shamim/airflow_git/Airflow_project/air_venv/lib/python3.12/site-packages/airflow/example_dags/example_trigger_controller_dag.py took 0.101 seconds
[2025-02-10T13:41:19.629+0600] {processor.py:186} INFO - Started process (PID=19998) to work on /home/shamim/airflow_git/Airflow_project/air_venv/lib/python3.12/site-packages/airflow/example_dags/example_trigger_controller_dag.py
[2025-02-10T13:41:19.635+0600] {processor.py:914} INFO - Processing file /home/shamim/airflow_git/Airflow_project/air_venv/lib/python3.12/site-packages/airflow/example_dags/example_trigger_controller_dag.py for tasks to queue
[2025-02-10T13:41:19.637+0600] {logging_mixin.py:190} INFO - [2025-02-10T13:41:19.637+0600] {dagbag.py:588} INFO - Filling up the DagBag from /home/shamim/airflow_git/Airflow_project/air_venv/lib/python3.12/site-packages/airflow/example_dags/example_trigger_controller_dag.py
[2025-02-10T13:41:19.647+0600] {processor.py:925} INFO - DAG(s) 'example_trigger_controller_dag' retrieved from /home/shamim/airflow_git/Airflow_project/air_venv/lib/python3.12/site-packages/airflow/example_dags/example_trigger_controller_dag.py
[2025-02-10T13:41:19.664+0600] {logging_mixin.py:190} INFO - [2025-02-10T13:41:19.664+0600] {dag.py:3239} INFO - Sync 1 DAGs
[2025-02-10T13:41:19.689+0600] {logging_mixin.py:190} INFO - [2025-02-10T13:41:19.688+0600] {dag.py:4180} INFO - Setting next_dagrun for example_trigger_controller_dag to 2021-01-01 00:00:00+00:00, run_after=2021-01-01 00:00:00+00:00
[2025-02-10T13:41:19.723+0600] {processor.py:208} INFO - Processing /home/shamim/airflow_git/Airflow_project/air_venv/lib/python3.12/site-packages/airflow/example_dags/example_trigger_controller_dag.py took 0.105 seconds
[2025-02-10T13:42:39.090+0600] {processor.py:186} INFO - Started process (PID=20141) to work on /home/shamim/airflow_git/Airflow_project/air_venv/lib/python3.12/site-packages/airflow/example_dags/example_trigger_controller_dag.py
[2025-02-10T13:42:39.096+0600] {processor.py:914} INFO - Processing file /home/shamim/airflow_git/Airflow_project/air_venv/lib/python3.12/site-packages/airflow/example_dags/example_trigger_controller_dag.py for tasks to queue
[2025-02-10T13:42:39.098+0600] {logging_mixin.py:190} INFO - [2025-02-10T13:42:39.097+0600] {dagbag.py:588} INFO - Filling up the DagBag from /home/shamim/airflow_git/Airflow_project/air_venv/lib/python3.12/site-packages/airflow/example_dags/example_trigger_controller_dag.py
[2025-02-10T13:42:39.106+0600] {processor.py:925} INFO - DAG(s) 'example_trigger_controller_dag' retrieved from /home/shamim/airflow_git/Airflow_project/air_venv/lib/python3.12/site-packages/airflow/example_dags/example_trigger_controller_dag.py
[2025-02-10T13:42:39.123+0600] {logging_mixin.py:190} INFO - [2025-02-10T13:42:39.123+0600] {dag.py:3239} INFO - Sync 1 DAGs
[2025-02-10T13:42:39.147+0600] {logging_mixin.py:190} INFO - [2025-02-10T13:42:39.146+0600] {dag.py:4180} INFO - Setting next_dagrun for example_trigger_controller_dag to 2021-01-01 00:00:00+00:00, run_after=2021-01-01 00:00:00+00:00
[2025-02-10T13:42:39.182+0600] {processor.py:208} INFO - Processing /home/shamim/airflow_git/Airflow_project/air_venv/lib/python3.12/site-packages/airflow/example_dags/example_trigger_controller_dag.py took 0.105 seconds
[2025-02-10T13:43:51.483+0600] {processor.py:186} INFO - Started process (PID=20276) to work on /home/shamim/airflow_git/Airflow_project/air_venv/lib/python3.12/site-packages/airflow/example_dags/example_trigger_controller_dag.py
[2025-02-10T13:43:51.490+0600] {processor.py:914} INFO - Processing file /home/shamim/airflow_git/Airflow_project/air_venv/lib/python3.12/site-packages/airflow/example_dags/example_trigger_controller_dag.py for tasks to queue
[2025-02-10T13:43:51.494+0600] {logging_mixin.py:190} INFO - [2025-02-10T13:43:51.493+0600] {dagbag.py:588} INFO - Filling up the DagBag from /home/shamim/airflow_git/Airflow_project/air_venv/lib/python3.12/site-packages/airflow/example_dags/example_trigger_controller_dag.py
[2025-02-10T13:43:51.513+0600] {processor.py:925} INFO - DAG(s) 'example_trigger_controller_dag' retrieved from /home/shamim/airflow_git/Airflow_project/air_venv/lib/python3.12/site-packages/airflow/example_dags/example_trigger_controller_dag.py
[2025-02-10T13:43:51.531+0600] {logging_mixin.py:190} INFO - [2025-02-10T13:43:51.530+0600] {dag.py:3239} INFO - Sync 1 DAGs
[2025-02-10T13:43:51.555+0600] {logging_mixin.py:190} INFO - [2025-02-10T13:43:51.555+0600] {dag.py:4180} INFO - Setting next_dagrun for example_trigger_controller_dag to 2021-01-01 00:00:00+00:00, run_after=2021-01-01 00:00:00+00:00
[2025-02-10T13:43:51.578+0600] {processor.py:208} INFO - Processing /home/shamim/airflow_git/Airflow_project/air_venv/lib/python3.12/site-packages/airflow/example_dags/example_trigger_controller_dag.py took 0.105 seconds
[2025-02-10T13:45:06.018+0600] {processor.py:186} INFO - Started process (PID=20415) to work on /home/shamim/airflow_git/Airflow_project/air_venv/lib/python3.12/site-packages/airflow/example_dags/example_trigger_controller_dag.py
[2025-02-10T13:45:06.031+0600] {processor.py:914} INFO - Processing file /home/shamim/airflow_git/Airflow_project/air_venv/lib/python3.12/site-packages/airflow/example_dags/example_trigger_controller_dag.py for tasks to queue
[2025-02-10T13:45:06.033+0600] {logging_mixin.py:190} INFO - [2025-02-10T13:45:06.033+0600] {dagbag.py:588} INFO - Filling up the DagBag from /home/shamim/airflow_git/Airflow_project/air_venv/lib/python3.12/site-packages/airflow/example_dags/example_trigger_controller_dag.py
[2025-02-10T13:45:06.045+0600] {processor.py:925} INFO - DAG(s) 'example_trigger_controller_dag' retrieved from /home/shamim/airflow_git/Airflow_project/air_venv/lib/python3.12/site-packages/airflow/example_dags/example_trigger_controller_dag.py
[2025-02-10T13:45:06.064+0600] {logging_mixin.py:190} INFO - [2025-02-10T13:45:06.064+0600] {dag.py:3239} INFO - Sync 1 DAGs
[2025-02-10T13:45:06.088+0600] {logging_mixin.py:190} INFO - [2025-02-10T13:45:06.087+0600] {dag.py:4180} INFO - Setting next_dagrun for example_trigger_controller_dag to 2021-01-01 00:00:00+00:00, run_after=2021-01-01 00:00:00+00:00
[2025-02-10T13:45:06.123+0600] {processor.py:208} INFO - Processing /home/shamim/airflow_git/Airflow_project/air_venv/lib/python3.12/site-packages/airflow/example_dags/example_trigger_controller_dag.py took 0.118 seconds
[2025-02-10T13:46:17.437+0600] {processor.py:186} INFO - Started process (PID=20534) to work on /home/shamim/airflow_git/Airflow_project/air_venv/lib/python3.12/site-packages/airflow/example_dags/example_trigger_controller_dag.py
[2025-02-10T13:46:17.444+0600] {processor.py:914} INFO - Processing file /home/shamim/airflow_git/Airflow_project/air_venv/lib/python3.12/site-packages/airflow/example_dags/example_trigger_controller_dag.py for tasks to queue
[2025-02-10T13:46:17.446+0600] {logging_mixin.py:190} INFO - [2025-02-10T13:46:17.445+0600] {dagbag.py:588} INFO - Filling up the DagBag from /home/shamim/airflow_git/Airflow_project/air_venv/lib/python3.12/site-packages/airflow/example_dags/example_trigger_controller_dag.py
[2025-02-10T13:46:17.457+0600] {processor.py:925} INFO - DAG(s) 'example_trigger_controller_dag' retrieved from /home/shamim/airflow_git/Airflow_project/air_venv/lib/python3.12/site-packages/airflow/example_dags/example_trigger_controller_dag.py
[2025-02-10T13:46:17.475+0600] {logging_mixin.py:190} INFO - [2025-02-10T13:46:17.475+0600] {dag.py:3239} INFO - Sync 1 DAGs
[2025-02-10T13:46:17.498+0600] {logging_mixin.py:190} INFO - [2025-02-10T13:46:17.498+0600] {dag.py:4180} INFO - Setting next_dagrun for example_trigger_controller_dag to 2021-01-01 00:00:00+00:00, run_after=2021-01-01 00:00:00+00:00
[2025-02-10T13:46:17.533+0600] {processor.py:208} INFO - Processing /home/shamim/airflow_git/Airflow_project/air_venv/lib/python3.12/site-packages/airflow/example_dags/example_trigger_controller_dag.py took 0.107 seconds
[2025-02-10T13:47:33.179+0600] {processor.py:186} INFO - Started process (PID=20905) to work on /home/shamim/airflow_git/Airflow_project/air_venv/lib/python3.12/site-packages/airflow/example_dags/example_trigger_controller_dag.py
[2025-02-10T13:47:33.184+0600] {processor.py:914} INFO - Processing file /home/shamim/airflow_git/Airflow_project/air_venv/lib/python3.12/site-packages/airflow/example_dags/example_trigger_controller_dag.py for tasks to queue
[2025-02-10T13:47:33.185+0600] {logging_mixin.py:190} INFO - [2025-02-10T13:47:33.185+0600] {dagbag.py:588} INFO - Filling up the DagBag from /home/shamim/airflow_git/Airflow_project/air_venv/lib/python3.12/site-packages/airflow/example_dags/example_trigger_controller_dag.py
[2025-02-10T13:47:33.195+0600] {processor.py:925} INFO - DAG(s) 'example_trigger_controller_dag' retrieved from /home/shamim/airflow_git/Airflow_project/air_venv/lib/python3.12/site-packages/airflow/example_dags/example_trigger_controller_dag.py
[2025-02-10T13:47:33.214+0600] {logging_mixin.py:190} INFO - [2025-02-10T13:47:33.214+0600] {dag.py:3239} INFO - Sync 1 DAGs
[2025-02-10T13:47:33.244+0600] {logging_mixin.py:190} INFO - [2025-02-10T13:47:33.244+0600] {dag.py:4180} INFO - Setting next_dagrun for example_trigger_controller_dag to 2021-01-01 00:00:00+00:00, run_after=2021-01-01 00:00:00+00:00
[2025-02-10T13:47:33.270+0600] {processor.py:208} INFO - Processing /home/shamim/airflow_git/Airflow_project/air_venv/lib/python3.12/site-packages/airflow/example_dags/example_trigger_controller_dag.py took 0.102 seconds
[2025-02-10T13:48:48.889+0600] {processor.py:186} INFO - Started process (PID=21079) to work on /home/shamim/airflow_git/Airflow_project/air_venv/lib/python3.12/site-packages/airflow/example_dags/example_trigger_controller_dag.py
[2025-02-10T13:48:48.896+0600] {processor.py:914} INFO - Processing file /home/shamim/airflow_git/Airflow_project/air_venv/lib/python3.12/site-packages/airflow/example_dags/example_trigger_controller_dag.py for tasks to queue
[2025-02-10T13:48:48.898+0600] {logging_mixin.py:190} INFO - [2025-02-10T13:48:48.897+0600] {dagbag.py:588} INFO - Filling up the DagBag from /home/shamim/airflow_git/Airflow_project/air_venv/lib/python3.12/site-packages/airflow/example_dags/example_trigger_controller_dag.py
[2025-02-10T13:48:48.911+0600] {processor.py:925} INFO - DAG(s) 'example_trigger_controller_dag' retrieved from /home/shamim/airflow_git/Airflow_project/air_venv/lib/python3.12/site-packages/airflow/example_dags/example_trigger_controller_dag.py
[2025-02-10T13:48:48.932+0600] {logging_mixin.py:190} INFO - [2025-02-10T13:48:48.932+0600] {dag.py:3239} INFO - Sync 1 DAGs
[2025-02-10T13:48:48.956+0600] {logging_mixin.py:190} INFO - [2025-02-10T13:48:48.956+0600] {dag.py:4180} INFO - Setting next_dagrun for example_trigger_controller_dag to 2021-01-01 00:00:00+00:00, run_after=2021-01-01 00:00:00+00:00
[2025-02-10T13:48:48.982+0600] {processor.py:208} INFO - Processing /home/shamim/airflow_git/Airflow_project/air_venv/lib/python3.12/site-packages/airflow/example_dags/example_trigger_controller_dag.py took 0.107 seconds
[2025-02-10T13:50:00.598+0600] {processor.py:186} INFO - Started process (PID=21224) to work on /home/shamim/airflow_git/Airflow_project/air_venv/lib/python3.12/site-packages/airflow/example_dags/example_trigger_controller_dag.py
[2025-02-10T13:50:00.605+0600] {processor.py:914} INFO - Processing file /home/shamim/airflow_git/Airflow_project/air_venv/lib/python3.12/site-packages/airflow/example_dags/example_trigger_controller_dag.py for tasks to queue
[2025-02-10T13:50:00.607+0600] {logging_mixin.py:190} INFO - [2025-02-10T13:50:00.606+0600] {dagbag.py:588} INFO - Filling up the DagBag from /home/shamim/airflow_git/Airflow_project/air_venv/lib/python3.12/site-packages/airflow/example_dags/example_trigger_controller_dag.py
[2025-02-10T13:50:00.618+0600] {processor.py:925} INFO - DAG(s) 'example_trigger_controller_dag' retrieved from /home/shamim/airflow_git/Airflow_project/air_venv/lib/python3.12/site-packages/airflow/example_dags/example_trigger_controller_dag.py
[2025-02-10T13:50:00.636+0600] {logging_mixin.py:190} INFO - [2025-02-10T13:50:00.635+0600] {dag.py:3239} INFO - Sync 1 DAGs
[2025-02-10T13:50:00.659+0600] {logging_mixin.py:190} INFO - [2025-02-10T13:50:00.659+0600] {dag.py:4180} INFO - Setting next_dagrun for example_trigger_controller_dag to 2021-01-01 00:00:00+00:00, run_after=2021-01-01 00:00:00+00:00
[2025-02-10T13:50:00.683+0600] {processor.py:208} INFO - Processing /home/shamim/airflow_git/Airflow_project/air_venv/lib/python3.12/site-packages/airflow/example_dags/example_trigger_controller_dag.py took 0.098 seconds
[2025-02-10T13:51:11.129+0600] {processor.py:186} INFO - Started process (PID=21313) to work on /home/shamim/airflow_git/Airflow_project/air_venv/lib/python3.12/site-packages/airflow/example_dags/example_trigger_controller_dag.py
[2025-02-10T13:51:11.135+0600] {processor.py:914} INFO - Processing file /home/shamim/airflow_git/Airflow_project/air_venv/lib/python3.12/site-packages/airflow/example_dags/example_trigger_controller_dag.py for tasks to queue
[2025-02-10T13:51:11.137+0600] {logging_mixin.py:190} INFO - [2025-02-10T13:51:11.136+0600] {dagbag.py:588} INFO - Filling up the DagBag from /home/shamim/airflow_git/Airflow_project/air_venv/lib/python3.12/site-packages/airflow/example_dags/example_trigger_controller_dag.py
[2025-02-10T13:51:11.146+0600] {processor.py:925} INFO - DAG(s) 'example_trigger_controller_dag' retrieved from /home/shamim/airflow_git/Airflow_project/air_venv/lib/python3.12/site-packages/airflow/example_dags/example_trigger_controller_dag.py
[2025-02-10T13:51:11.163+0600] {logging_mixin.py:190} INFO - [2025-02-10T13:51:11.162+0600] {dag.py:3239} INFO - Sync 1 DAGs
[2025-02-10T13:51:11.187+0600] {logging_mixin.py:190} INFO - [2025-02-10T13:51:11.186+0600] {dag.py:4180} INFO - Setting next_dagrun for example_trigger_controller_dag to 2021-01-01 00:00:00+00:00, run_after=2021-01-01 00:00:00+00:00
[2025-02-10T13:51:11.210+0600] {processor.py:208} INFO - Processing /home/shamim/airflow_git/Airflow_project/air_venv/lib/python3.12/site-packages/airflow/example_dags/example_trigger_controller_dag.py took 0.091 seconds
[2025-02-10T13:52:32.976+0600] {processor.py:186} INFO - Started process (PID=21438) to work on /home/shamim/airflow_git/Airflow_project/air_venv/lib/python3.12/site-packages/airflow/example_dags/example_trigger_controller_dag.py
[2025-02-10T13:52:32.982+0600] {processor.py:914} INFO - Processing file /home/shamim/airflow_git/Airflow_project/air_venv/lib/python3.12/site-packages/airflow/example_dags/example_trigger_controller_dag.py for tasks to queue
[2025-02-10T13:52:32.984+0600] {logging_mixin.py:190} INFO - [2025-02-10T13:52:32.984+0600] {dagbag.py:588} INFO - Filling up the DagBag from /home/shamim/airflow_git/Airflow_project/air_venv/lib/python3.12/site-packages/airflow/example_dags/example_trigger_controller_dag.py
[2025-02-10T13:52:32.998+0600] {processor.py:925} INFO - DAG(s) 'example_trigger_controller_dag' retrieved from /home/shamim/airflow_git/Airflow_project/air_venv/lib/python3.12/site-packages/airflow/example_dags/example_trigger_controller_dag.py
[2025-02-10T13:52:33.020+0600] {logging_mixin.py:190} INFO - [2025-02-10T13:52:33.020+0600] {dag.py:3239} INFO - Sync 1 DAGs
[2025-02-10T13:52:33.047+0600] {logging_mixin.py:190} INFO - [2025-02-10T13:52:33.047+0600] {dag.py:4180} INFO - Setting next_dagrun for example_trigger_controller_dag to 2021-01-01 00:00:00+00:00, run_after=2021-01-01 00:00:00+00:00
[2025-02-10T13:52:33.087+0600] {processor.py:208} INFO - Processing /home/shamim/airflow_git/Airflow_project/air_venv/lib/python3.12/site-packages/airflow/example_dags/example_trigger_controller_dag.py took 0.139 seconds
[2025-02-10T13:53:55.231+0600] {processor.py:186} INFO - Started process (PID=21669) to work on /home/shamim/airflow_git/Airflow_project/air_venv/lib/python3.12/site-packages/airflow/example_dags/example_trigger_controller_dag.py
[2025-02-10T13:53:55.232+0600] {processor.py:914} INFO - Processing file /home/shamim/airflow_git/Airflow_project/air_venv/lib/python3.12/site-packages/airflow/example_dags/example_trigger_controller_dag.py for tasks to queue
[2025-02-10T13:53:55.234+0600] {logging_mixin.py:190} INFO - [2025-02-10T13:53:55.233+0600] {dagbag.py:588} INFO - Filling up the DagBag from /home/shamim/airflow_git/Airflow_project/air_venv/lib/python3.12/site-packages/airflow/example_dags/example_trigger_controller_dag.py
[2025-02-10T13:53:55.244+0600] {processor.py:925} INFO - DAG(s) 'example_trigger_controller_dag' retrieved from /home/shamim/airflow_git/Airflow_project/air_venv/lib/python3.12/site-packages/airflow/example_dags/example_trigger_controller_dag.py
[2025-02-10T13:53:55.265+0600] {logging_mixin.py:190} INFO - [2025-02-10T13:53:55.264+0600] {dag.py:3239} INFO - Sync 1 DAGs
[2025-02-10T13:53:55.290+0600] {logging_mixin.py:190} INFO - [2025-02-10T13:53:55.290+0600] {dag.py:4180} INFO - Setting next_dagrun for example_trigger_controller_dag to 2021-01-01 00:00:00+00:00, run_after=2021-01-01 00:00:00+00:00
[2025-02-10T13:53:55.313+0600] {processor.py:208} INFO - Processing /home/shamim/airflow_git/Airflow_project/air_venv/lib/python3.12/site-packages/airflow/example_dags/example_trigger_controller_dag.py took 0.092 seconds
[2025-02-10T13:55:07.359+0600] {processor.py:186} INFO - Started process (PID=21797) to work on /home/shamim/airflow_git/Airflow_project/air_venv/lib/python3.12/site-packages/airflow/example_dags/example_trigger_controller_dag.py
[2025-02-10T13:55:07.361+0600] {processor.py:914} INFO - Processing file /home/shamim/airflow_git/Airflow_project/air_venv/lib/python3.12/site-packages/airflow/example_dags/example_trigger_controller_dag.py for tasks to queue
[2025-02-10T13:55:07.364+0600] {logging_mixin.py:190} INFO - [2025-02-10T13:55:07.362+0600] {dagbag.py:588} INFO - Filling up the DagBag from /home/shamim/airflow_git/Airflow_project/air_venv/lib/python3.12/site-packages/airflow/example_dags/example_trigger_controller_dag.py
[2025-02-10T13:55:07.380+0600] {processor.py:925} INFO - DAG(s) 'example_trigger_controller_dag' retrieved from /home/shamim/airflow_git/Airflow_project/air_venv/lib/python3.12/site-packages/airflow/example_dags/example_trigger_controller_dag.py
[2025-02-10T13:55:07.418+0600] {logging_mixin.py:190} INFO - [2025-02-10T13:55:07.418+0600] {dag.py:3239} INFO - Sync 1 DAGs
[2025-02-10T13:55:07.476+0600] {logging_mixin.py:190} INFO - [2025-02-10T13:55:07.475+0600] {dag.py:4180} INFO - Setting next_dagrun for example_trigger_controller_dag to 2021-01-01 00:00:00+00:00, run_after=2021-01-01 00:00:00+00:00
[2025-02-10T13:55:07.523+0600] {processor.py:208} INFO - Processing /home/shamim/airflow_git/Airflow_project/air_venv/lib/python3.12/site-packages/airflow/example_dags/example_trigger_controller_dag.py took 0.182 seconds
[2025-02-10T13:56:22.754+0600] {processor.py:186} INFO - Started process (PID=21932) to work on /home/shamim/airflow_git/Airflow_project/air_venv/lib/python3.12/site-packages/airflow/example_dags/example_trigger_controller_dag.py
[2025-02-10T13:56:22.767+0600] {processor.py:914} INFO - Processing file /home/shamim/airflow_git/Airflow_project/air_venv/lib/python3.12/site-packages/airflow/example_dags/example_trigger_controller_dag.py for tasks to queue
[2025-02-10T13:56:22.768+0600] {logging_mixin.py:190} INFO - [2025-02-10T13:56:22.768+0600] {dagbag.py:588} INFO - Filling up the DagBag from /home/shamim/airflow_git/Airflow_project/air_venv/lib/python3.12/site-packages/airflow/example_dags/example_trigger_controller_dag.py
[2025-02-10T13:56:22.779+0600] {processor.py:925} INFO - DAG(s) 'example_trigger_controller_dag' retrieved from /home/shamim/airflow_git/Airflow_project/air_venv/lib/python3.12/site-packages/airflow/example_dags/example_trigger_controller_dag.py
[2025-02-10T13:56:22.799+0600] {logging_mixin.py:190} INFO - [2025-02-10T13:56:22.799+0600] {dag.py:3239} INFO - Sync 1 DAGs
[2025-02-10T13:56:22.828+0600] {logging_mixin.py:190} INFO - [2025-02-10T13:56:22.828+0600] {dag.py:4180} INFO - Setting next_dagrun for example_trigger_controller_dag to 2021-01-01 00:00:00+00:00, run_after=2021-01-01 00:00:00+00:00
[2025-02-10T13:56:22.864+0600] {processor.py:208} INFO - Processing /home/shamim/airflow_git/Airflow_project/air_venv/lib/python3.12/site-packages/airflow/example_dags/example_trigger_controller_dag.py took 0.123 seconds
[2025-02-10T13:57:53.558+0600] {processor.py:186} INFO - Started process (PID=22158) to work on /home/shamim/airflow_git/Airflow_project/air_venv/lib/python3.12/site-packages/airflow/example_dags/example_trigger_controller_dag.py
[2025-02-10T13:57:53.585+0600] {processor.py:914} INFO - Processing file /home/shamim/airflow_git/Airflow_project/air_venv/lib/python3.12/site-packages/airflow/example_dags/example_trigger_controller_dag.py for tasks to queue
[2025-02-10T13:57:53.591+0600] {logging_mixin.py:190} INFO - [2025-02-10T13:57:53.590+0600] {dagbag.py:588} INFO - Filling up the DagBag from /home/shamim/airflow_git/Airflow_project/air_venv/lib/python3.12/site-packages/airflow/example_dags/example_trigger_controller_dag.py
[2025-02-10T13:57:53.623+0600] {processor.py:925} INFO - DAG(s) 'example_trigger_controller_dag' retrieved from /home/shamim/airflow_git/Airflow_project/air_venv/lib/python3.12/site-packages/airflow/example_dags/example_trigger_controller_dag.py
[2025-02-10T13:57:53.659+0600] {logging_mixin.py:190} INFO - [2025-02-10T13:57:53.659+0600] {dag.py:3239} INFO - Sync 1 DAGs
[2025-02-10T13:57:53.687+0600] {logging_mixin.py:190} INFO - [2025-02-10T13:57:53.686+0600] {dag.py:4180} INFO - Setting next_dagrun for example_trigger_controller_dag to 2021-01-01 00:00:00+00:00, run_after=2021-01-01 00:00:00+00:00
[2025-02-10T13:57:53.713+0600] {processor.py:208} INFO - Processing /home/shamim/airflow_git/Airflow_project/air_venv/lib/python3.12/site-packages/airflow/example_dags/example_trigger_controller_dag.py took 0.167 seconds
[2025-02-10T13:59:08.065+0600] {processor.py:186} INFO - Started process (PID=22301) to work on /home/shamim/airflow_git/Airflow_project/air_venv/lib/python3.12/site-packages/airflow/example_dags/example_trigger_controller_dag.py
[2025-02-10T13:59:08.067+0600] {processor.py:914} INFO - Processing file /home/shamim/airflow_git/Airflow_project/air_venv/lib/python3.12/site-packages/airflow/example_dags/example_trigger_controller_dag.py for tasks to queue
[2025-02-10T13:59:08.068+0600] {logging_mixin.py:190} INFO - [2025-02-10T13:59:08.068+0600] {dagbag.py:588} INFO - Filling up the DagBag from /home/shamim/airflow_git/Airflow_project/air_venv/lib/python3.12/site-packages/airflow/example_dags/example_trigger_controller_dag.py
[2025-02-10T13:59:08.079+0600] {processor.py:925} INFO - DAG(s) 'example_trigger_controller_dag' retrieved from /home/shamim/airflow_git/Airflow_project/air_venv/lib/python3.12/site-packages/airflow/example_dags/example_trigger_controller_dag.py
[2025-02-10T13:59:08.099+0600] {logging_mixin.py:190} INFO - [2025-02-10T13:59:08.099+0600] {dag.py:3239} INFO - Sync 1 DAGs
[2025-02-10T13:59:08.130+0600] {logging_mixin.py:190} INFO - [2025-02-10T13:59:08.130+0600] {dag.py:4180} INFO - Setting next_dagrun for example_trigger_controller_dag to 2021-01-01 00:00:00+00:00, run_after=2021-01-01 00:00:00+00:00
[2025-02-10T13:59:08.156+0600] {processor.py:208} INFO - Processing /home/shamim/airflow_git/Airflow_project/air_venv/lib/python3.12/site-packages/airflow/example_dags/example_trigger_controller_dag.py took 0.101 seconds
[2025-02-10T14:00:18.236+0600] {processor.py:186} INFO - Started process (PID=22482) to work on /home/shamim/airflow_git/Airflow_project/air_venv/lib/python3.12/site-packages/airflow/example_dags/example_trigger_controller_dag.py
[2025-02-10T14:00:18.242+0600] {processor.py:914} INFO - Processing file /home/shamim/airflow_git/Airflow_project/air_venv/lib/python3.12/site-packages/airflow/example_dags/example_trigger_controller_dag.py for tasks to queue
[2025-02-10T14:00:18.244+0600] {logging_mixin.py:190} INFO - [2025-02-10T14:00:18.244+0600] {dagbag.py:588} INFO - Filling up the DagBag from /home/shamim/airflow_git/Airflow_project/air_venv/lib/python3.12/site-packages/airflow/example_dags/example_trigger_controller_dag.py
[2025-02-10T14:00:18.256+0600] {processor.py:925} INFO - DAG(s) 'example_trigger_controller_dag' retrieved from /home/shamim/airflow_git/Airflow_project/air_venv/lib/python3.12/site-packages/airflow/example_dags/example_trigger_controller_dag.py
[2025-02-10T14:00:18.273+0600] {logging_mixin.py:190} INFO - [2025-02-10T14:00:18.272+0600] {dag.py:3239} INFO - Sync 1 DAGs
[2025-02-10T14:00:18.296+0600] {logging_mixin.py:190} INFO - [2025-02-10T14:00:18.296+0600] {dag.py:4180} INFO - Setting next_dagrun for example_trigger_controller_dag to 2021-01-01 00:00:00+00:00, run_after=2021-01-01 00:00:00+00:00
[2025-02-10T14:00:18.320+0600] {processor.py:208} INFO - Processing /home/shamim/airflow_git/Airflow_project/air_venv/lib/python3.12/site-packages/airflow/example_dags/example_trigger_controller_dag.py took 0.098 seconds
[2025-02-10T14:01:54.659+0600] {processor.py:186} INFO - Started process (PID=23041) to work on /home/shamim/airflow_git/Airflow_project/air_venv/lib/python3.12/site-packages/airflow/example_dags/example_trigger_controller_dag.py
[2025-02-10T14:01:54.667+0600] {processor.py:914} INFO - Processing file /home/shamim/airflow_git/Airflow_project/air_venv/lib/python3.12/site-packages/airflow/example_dags/example_trigger_controller_dag.py for tasks to queue
[2025-02-10T14:01:54.672+0600] {logging_mixin.py:190} INFO - [2025-02-10T14:01:54.671+0600] {dagbag.py:588} INFO - Filling up the DagBag from /home/shamim/airflow_git/Airflow_project/air_venv/lib/python3.12/site-packages/airflow/example_dags/example_trigger_controller_dag.py
[2025-02-10T14:01:54.690+0600] {processor.py:925} INFO - DAG(s) 'example_trigger_controller_dag' retrieved from /home/shamim/airflow_git/Airflow_project/air_venv/lib/python3.12/site-packages/airflow/example_dags/example_trigger_controller_dag.py
[2025-02-10T14:01:54.720+0600] {logging_mixin.py:190} INFO - [2025-02-10T14:01:54.719+0600] {dag.py:3239} INFO - Sync 1 DAGs
[2025-02-10T14:01:54.748+0600] {logging_mixin.py:190} INFO - [2025-02-10T14:01:54.748+0600] {dag.py:4180} INFO - Setting next_dagrun for example_trigger_controller_dag to 2021-01-01 00:00:00+00:00, run_after=2021-01-01 00:00:00+00:00
[2025-02-10T14:01:54.772+0600] {processor.py:208} INFO - Processing /home/shamim/airflow_git/Airflow_project/air_venv/lib/python3.12/site-packages/airflow/example_dags/example_trigger_controller_dag.py took 0.127 seconds
[2025-02-10T14:03:04.458+0600] {processor.py:186} INFO - Started process (PID=23385) to work on /home/shamim/airflow_git/Airflow_project/air_venv/lib/python3.12/site-packages/airflow/example_dags/example_trigger_controller_dag.py
[2025-02-10T14:03:04.464+0600] {processor.py:914} INFO - Processing file /home/shamim/airflow_git/Airflow_project/air_venv/lib/python3.12/site-packages/airflow/example_dags/example_trigger_controller_dag.py for tasks to queue
[2025-02-10T14:03:04.467+0600] {logging_mixin.py:190} INFO - [2025-02-10T14:03:04.467+0600] {dagbag.py:588} INFO - Filling up the DagBag from /home/shamim/airflow_git/Airflow_project/air_venv/lib/python3.12/site-packages/airflow/example_dags/example_trigger_controller_dag.py
[2025-02-10T14:03:04.477+0600] {processor.py:925} INFO - DAG(s) 'example_trigger_controller_dag' retrieved from /home/shamim/airflow_git/Airflow_project/air_venv/lib/python3.12/site-packages/airflow/example_dags/example_trigger_controller_dag.py
[2025-02-10T14:03:04.497+0600] {logging_mixin.py:190} INFO - [2025-02-10T14:03:04.497+0600] {dag.py:3239} INFO - Sync 1 DAGs
[2025-02-10T14:03:04.521+0600] {logging_mixin.py:190} INFO - [2025-02-10T14:03:04.521+0600] {dag.py:4180} INFO - Setting next_dagrun for example_trigger_controller_dag to 2021-01-01 00:00:00+00:00, run_after=2021-01-01 00:00:00+00:00
[2025-02-10T14:03:04.545+0600] {processor.py:208} INFO - Processing /home/shamim/airflow_git/Airflow_project/air_venv/lib/python3.12/site-packages/airflow/example_dags/example_trigger_controller_dag.py took 0.096 seconds
[2025-02-10T14:04:30.435+0600] {processor.py:186} INFO - Started process (PID=23952) to work on /home/shamim/airflow_git/Airflow_project/air_venv/lib/python3.12/site-packages/airflow/example_dags/example_trigger_controller_dag.py
[2025-02-10T14:04:30.439+0600] {processor.py:914} INFO - Processing file /home/shamim/airflow_git/Airflow_project/air_venv/lib/python3.12/site-packages/airflow/example_dags/example_trigger_controller_dag.py for tasks to queue
[2025-02-10T14:04:30.446+0600] {logging_mixin.py:190} INFO - [2025-02-10T14:04:30.446+0600] {dagbag.py:588} INFO - Filling up the DagBag from /home/shamim/airflow_git/Airflow_project/air_venv/lib/python3.12/site-packages/airflow/example_dags/example_trigger_controller_dag.py
[2025-02-10T14:04:30.458+0600] {processor.py:925} INFO - DAG(s) 'example_trigger_controller_dag' retrieved from /home/shamim/airflow_git/Airflow_project/air_venv/lib/python3.12/site-packages/airflow/example_dags/example_trigger_controller_dag.py
[2025-02-10T14:04:30.481+0600] {logging_mixin.py:190} INFO - [2025-02-10T14:04:30.480+0600] {dag.py:3239} INFO - Sync 1 DAGs
[2025-02-10T14:04:30.516+0600] {logging_mixin.py:190} INFO - [2025-02-10T14:04:30.515+0600] {dag.py:4180} INFO - Setting next_dagrun for example_trigger_controller_dag to 2021-01-01 00:00:00+00:00, run_after=2021-01-01 00:00:00+00:00
[2025-02-10T14:04:30.548+0600] {processor.py:208} INFO - Processing /home/shamim/airflow_git/Airflow_project/air_venv/lib/python3.12/site-packages/airflow/example_dags/example_trigger_controller_dag.py took 0.120 seconds
