[2025-02-10T12:59:54.485+0600] {processor.py:186} INFO - Started process (PID=13120) to work on /home/shamim/airflow_git/Airflow_project/air_venv/lib/python3.12/site-packages/airflow/example_dags/example_datasets.py
[2025-02-10T12:59:54.486+0600] {processor.py:914} INFO - Processing file /home/shamim/airflow_git/Airflow_project/air_venv/lib/python3.12/site-packages/airflow/example_dags/example_datasets.py for tasks to queue
[2025-02-10T12:59:54.489+0600] {logging_mixin.py:190} INFO - [2025-02-10T12:59:54.489+0600] {dagbag.py:588} INFO - Filling up the DagBag from /home/shamim/airflow_git/Airflow_project/air_venv/lib/python3.12/site-packages/airflow/example_dags/example_datasets.py
[2025-02-10T12:59:55.334+0600] {processor.py:925} INFO - DAG(s) 'consume_1_or_2_with_dataset_expressions', 'consume_1_and_2_with_dataset_expressions', 'consume_1_or_both_2_and_3_with_dataset_expressions', 'dataset_produces_2', 'dataset_consumes_1_and_2', 'dataset_consumes_unknown_never_scheduled', 'dataset_consumes_1_never_scheduled', 'dataset_consumes_1', 'conditional_dataset_and_time_based_timetable', 'dataset_produces_1' retrieved from /home/shamim/airflow_git/Airflow_project/air_venv/lib/python3.12/site-packages/airflow/example_dags/example_datasets.py
[2025-02-10T12:59:55.491+0600] {logging_mixin.py:190} INFO - [2025-02-10T12:59:55.490+0600] {override.py:1930} INFO - Created Permission View: can delete on DAG:consume_1_or_2_with_dataset_expressions
[2025-02-10T12:59:55.507+0600] {logging_mixin.py:190} INFO - [2025-02-10T12:59:55.507+0600] {override.py:1930} INFO - Created Permission View: can edit on DAG:consume_1_or_2_with_dataset_expressions
[2025-02-10T12:59:55.519+0600] {logging_mixin.py:190} INFO - [2025-02-10T12:59:55.519+0600] {override.py:1930} INFO - Created Permission View: can read on DAG:consume_1_or_2_with_dataset_expressions
[2025-02-10T12:59:55.533+0600] {logging_mixin.py:190} INFO - [2025-02-10T12:59:55.532+0600] {override.py:1930} INFO - Created Permission View: can delete on DAG Run:consume_1_or_2_with_dataset_expressions
[2025-02-10T12:59:55.545+0600] {logging_mixin.py:190} INFO - [2025-02-10T12:59:55.545+0600] {override.py:1930} INFO - Created Permission View: can read on DAG Run:consume_1_or_2_with_dataset_expressions
[2025-02-10T12:59:55.556+0600] {logging_mixin.py:190} INFO - [2025-02-10T12:59:55.555+0600] {override.py:1930} INFO - Created Permission View: can create on DAG Run:consume_1_or_2_with_dataset_expressions
[2025-02-10T12:59:55.566+0600] {logging_mixin.py:190} INFO - [2025-02-10T12:59:55.566+0600] {override.py:1930} INFO - Created Permission View: menu access on DAG Run:consume_1_or_2_with_dataset_expressions
[2025-02-10T12:59:55.597+0600] {logging_mixin.py:190} INFO - [2025-02-10T12:59:55.596+0600] {override.py:1930} INFO - Created Permission View: can delete on DAG:consume_1_and_2_with_dataset_expressions
[2025-02-10T12:59:55.609+0600] {logging_mixin.py:190} INFO - [2025-02-10T12:59:55.608+0600] {override.py:1930} INFO - Created Permission View: can edit on DAG:consume_1_and_2_with_dataset_expressions
[2025-02-10T12:59:55.622+0600] {logging_mixin.py:190} INFO - [2025-02-10T12:59:55.621+0600] {override.py:1930} INFO - Created Permission View: can read on DAG:consume_1_and_2_with_dataset_expressions
[2025-02-10T12:59:55.634+0600] {logging_mixin.py:190} INFO - [2025-02-10T12:59:55.633+0600] {override.py:1930} INFO - Created Permission View: can delete on DAG Run:consume_1_and_2_with_dataset_expressions
[2025-02-10T12:59:55.645+0600] {logging_mixin.py:190} INFO - [2025-02-10T12:59:55.645+0600] {override.py:1930} INFO - Created Permission View: can read on DAG Run:consume_1_and_2_with_dataset_expressions
[2025-02-10T12:59:55.656+0600] {logging_mixin.py:190} INFO - [2025-02-10T12:59:55.656+0600] {override.py:1930} INFO - Created Permission View: can create on DAG Run:consume_1_and_2_with_dataset_expressions
[2025-02-10T12:59:55.666+0600] {logging_mixin.py:190} INFO - [2025-02-10T12:59:55.665+0600] {override.py:1930} INFO - Created Permission View: menu access on DAG Run:consume_1_and_2_with_dataset_expressions
[2025-02-10T12:59:55.701+0600] {logging_mixin.py:190} INFO - [2025-02-10T12:59:55.700+0600] {override.py:1930} INFO - Created Permission View: can delete on DAG:consume_1_or_both_2_and_3_with_dataset_expressions
[2025-02-10T12:59:55.715+0600] {logging_mixin.py:190} INFO - [2025-02-10T12:59:55.715+0600] {override.py:1930} INFO - Created Permission View: can edit on DAG:consume_1_or_both_2_and_3_with_dataset_expressions
[2025-02-10T12:59:55.728+0600] {logging_mixin.py:190} INFO - [2025-02-10T12:59:55.727+0600] {override.py:1930} INFO - Created Permission View: can read on DAG:consume_1_or_both_2_and_3_with_dataset_expressions
[2025-02-10T12:59:55.748+0600] {logging_mixin.py:190} INFO - [2025-02-10T12:59:55.747+0600] {override.py:1930} INFO - Created Permission View: can delete on DAG Run:consume_1_or_both_2_and_3_with_dataset_expressions
[2025-02-10T12:59:55.768+0600] {logging_mixin.py:190} INFO - [2025-02-10T12:59:55.767+0600] {override.py:1930} INFO - Created Permission View: can read on DAG Run:consume_1_or_both_2_and_3_with_dataset_expressions
[2025-02-10T12:59:55.780+0600] {logging_mixin.py:190} INFO - [2025-02-10T12:59:55.780+0600] {override.py:1930} INFO - Created Permission View: can create on DAG Run:consume_1_or_both_2_and_3_with_dataset_expressions
[2025-02-10T12:59:55.793+0600] {logging_mixin.py:190} INFO - [2025-02-10T12:59:55.793+0600] {override.py:1930} INFO - Created Permission View: menu access on DAG Run:consume_1_or_both_2_and_3_with_dataset_expressions
[2025-02-10T12:59:55.822+0600] {logging_mixin.py:190} INFO - [2025-02-10T12:59:55.820+0600] {override.py:1930} INFO - Created Permission View: can delete on DAG:dataset_produces_2
[2025-02-10T12:59:55.835+0600] {logging_mixin.py:190} INFO - [2025-02-10T12:59:55.834+0600] {override.py:1930} INFO - Created Permission View: can edit on DAG:dataset_produces_2
[2025-02-10T12:59:55.850+0600] {logging_mixin.py:190} INFO - [2025-02-10T12:59:55.849+0600] {override.py:1930} INFO - Created Permission View: can read on DAG:dataset_produces_2
[2025-02-10T12:59:55.866+0600] {logging_mixin.py:190} INFO - [2025-02-10T12:59:55.865+0600] {override.py:1930} INFO - Created Permission View: can delete on DAG Run:dataset_produces_2
[2025-02-10T12:59:55.883+0600] {logging_mixin.py:190} INFO - [2025-02-10T12:59:55.882+0600] {override.py:1930} INFO - Created Permission View: can read on DAG Run:dataset_produces_2
[2025-02-10T12:59:55.899+0600] {logging_mixin.py:190} INFO - [2025-02-10T12:59:55.899+0600] {override.py:1930} INFO - Created Permission View: can create on DAG Run:dataset_produces_2
[2025-02-10T12:59:55.915+0600] {logging_mixin.py:190} INFO - [2025-02-10T12:59:55.914+0600] {override.py:1930} INFO - Created Permission View: menu access on DAG Run:dataset_produces_2
[2025-02-10T12:59:55.939+0600] {logging_mixin.py:190} INFO - [2025-02-10T12:59:55.938+0600] {override.py:1930} INFO - Created Permission View: can delete on DAG:dataset_consumes_1_and_2
[2025-02-10T12:59:55.948+0600] {logging_mixin.py:190} INFO - [2025-02-10T12:59:55.948+0600] {override.py:1930} INFO - Created Permission View: can edit on DAG:dataset_consumes_1_and_2
[2025-02-10T12:59:55.967+0600] {logging_mixin.py:190} INFO - [2025-02-10T12:59:55.966+0600] {override.py:1930} INFO - Created Permission View: can read on DAG:dataset_consumes_1_and_2
[2025-02-10T12:59:55.992+0600] {logging_mixin.py:190} INFO - [2025-02-10T12:59:55.991+0600] {override.py:1930} INFO - Created Permission View: can delete on DAG Run:dataset_consumes_1_and_2
[2025-02-10T12:59:56.003+0600] {logging_mixin.py:190} INFO - [2025-02-10T12:59:56.002+0600] {override.py:1930} INFO - Created Permission View: can read on DAG Run:dataset_consumes_1_and_2
[2025-02-10T12:59:56.024+0600] {logging_mixin.py:190} INFO - [2025-02-10T12:59:56.023+0600] {override.py:1930} INFO - Created Permission View: can create on DAG Run:dataset_consumes_1_and_2
[2025-02-10T12:59:56.044+0600] {logging_mixin.py:190} INFO - [2025-02-10T12:59:56.043+0600] {override.py:1930} INFO - Created Permission View: menu access on DAG Run:dataset_consumes_1_and_2
[2025-02-10T12:59:56.082+0600] {logging_mixin.py:190} INFO - [2025-02-10T12:59:56.081+0600] {override.py:1930} INFO - Created Permission View: can delete on DAG:dataset_consumes_unknown_never_scheduled
[2025-02-10T12:59:56.097+0600] {logging_mixin.py:190} INFO - [2025-02-10T12:59:56.097+0600] {override.py:1930} INFO - Created Permission View: can edit on DAG:dataset_consumes_unknown_never_scheduled
[2025-02-10T12:59:56.114+0600] {logging_mixin.py:190} INFO - [2025-02-10T12:59:56.114+0600] {override.py:1930} INFO - Created Permission View: can read on DAG:dataset_consumes_unknown_never_scheduled
[2025-02-10T12:59:56.157+0600] {logging_mixin.py:190} INFO - [2025-02-10T12:59:56.153+0600] {override.py:1930} INFO - Created Permission View: can delete on DAG Run:dataset_consumes_unknown_never_scheduled
[2025-02-10T12:59:56.201+0600] {logging_mixin.py:190} INFO - [2025-02-10T12:59:56.200+0600] {override.py:1930} INFO - Created Permission View: can read on DAG Run:dataset_consumes_unknown_never_scheduled
[2025-02-10T12:59:56.266+0600] {logging_mixin.py:190} INFO - [2025-02-10T12:59:56.261+0600] {override.py:1930} INFO - Created Permission View: can create on DAG Run:dataset_consumes_unknown_never_scheduled
[2025-02-10T12:59:56.285+0600] {logging_mixin.py:190} INFO - [2025-02-10T12:59:56.284+0600] {override.py:1930} INFO - Created Permission View: menu access on DAG Run:dataset_consumes_unknown_never_scheduled
[2025-02-10T12:59:56.345+0600] {logging_mixin.py:190} INFO - [2025-02-10T12:59:56.345+0600] {override.py:1930} INFO - Created Permission View: can delete on DAG:dataset_consumes_1_never_scheduled
[2025-02-10T12:59:56.359+0600] {logging_mixin.py:190} INFO - [2025-02-10T12:59:56.358+0600] {override.py:1930} INFO - Created Permission View: can edit on DAG:dataset_consumes_1_never_scheduled
[2025-02-10T12:59:56.374+0600] {logging_mixin.py:190} INFO - [2025-02-10T12:59:56.373+0600] {override.py:1930} INFO - Created Permission View: can read on DAG:dataset_consumes_1_never_scheduled
[2025-02-10T12:59:56.393+0600] {logging_mixin.py:190} INFO - [2025-02-10T12:59:56.392+0600] {override.py:1930} INFO - Created Permission View: can delete on DAG Run:dataset_consumes_1_never_scheduled
[2025-02-10T12:59:56.406+0600] {logging_mixin.py:190} INFO - [2025-02-10T12:59:56.405+0600] {override.py:1930} INFO - Created Permission View: can read on DAG Run:dataset_consumes_1_never_scheduled
[2025-02-10T12:59:56.417+0600] {logging_mixin.py:190} INFO - [2025-02-10T12:59:56.417+0600] {override.py:1930} INFO - Created Permission View: can create on DAG Run:dataset_consumes_1_never_scheduled
[2025-02-10T12:59:56.431+0600] {logging_mixin.py:190} INFO - [2025-02-10T12:59:56.430+0600] {override.py:1930} INFO - Created Permission View: menu access on DAG Run:dataset_consumes_1_never_scheduled
[2025-02-10T12:59:56.455+0600] {logging_mixin.py:190} INFO - [2025-02-10T12:59:56.455+0600] {override.py:1930} INFO - Created Permission View: can delete on DAG:dataset_consumes_1
[2025-02-10T12:59:56.466+0600] {logging_mixin.py:190} INFO - [2025-02-10T12:59:56.465+0600] {override.py:1930} INFO - Created Permission View: can edit on DAG:dataset_consumes_1
[2025-02-10T12:59:56.507+0600] {logging_mixin.py:190} INFO - [2025-02-10T12:59:56.506+0600] {override.py:1930} INFO - Created Permission View: can read on DAG:dataset_consumes_1
[2025-02-10T12:59:56.531+0600] {logging_mixin.py:190} INFO - [2025-02-10T12:59:56.530+0600] {override.py:1930} INFO - Created Permission View: can delete on DAG Run:dataset_consumes_1
[2025-02-10T12:59:56.545+0600] {logging_mixin.py:190} INFO - [2025-02-10T12:59:56.545+0600] {override.py:1930} INFO - Created Permission View: can read on DAG Run:dataset_consumes_1
[2025-02-10T12:59:56.564+0600] {logging_mixin.py:190} INFO - [2025-02-10T12:59:56.563+0600] {override.py:1930} INFO - Created Permission View: can create on DAG Run:dataset_consumes_1
[2025-02-10T12:59:56.581+0600] {logging_mixin.py:190} INFO - [2025-02-10T12:59:56.581+0600] {override.py:1930} INFO - Created Permission View: menu access on DAG Run:dataset_consumes_1
[2025-02-10T12:59:56.637+0600] {logging_mixin.py:190} INFO - [2025-02-10T12:59:56.636+0600] {override.py:1930} INFO - Created Permission View: can delete on DAG:conditional_dataset_and_time_based_timetable
[2025-02-10T12:59:56.659+0600] {logging_mixin.py:190} INFO - [2025-02-10T12:59:56.658+0600] {override.py:1930} INFO - Created Permission View: can edit on DAG:conditional_dataset_and_time_based_timetable
[2025-02-10T12:59:56.687+0600] {logging_mixin.py:190} INFO - [2025-02-10T12:59:56.686+0600] {override.py:1930} INFO - Created Permission View: can read on DAG:conditional_dataset_and_time_based_timetable
[2025-02-10T12:59:56.728+0600] {logging_mixin.py:190} INFO - [2025-02-10T12:59:56.727+0600] {override.py:1930} INFO - Created Permission View: can delete on DAG Run:conditional_dataset_and_time_based_timetable
[2025-02-10T12:59:56.759+0600] {logging_mixin.py:190} INFO - [2025-02-10T12:59:56.759+0600] {override.py:1930} INFO - Created Permission View: can read on DAG Run:conditional_dataset_and_time_based_timetable
[2025-02-10T12:59:56.789+0600] {logging_mixin.py:190} INFO - [2025-02-10T12:59:56.789+0600] {override.py:1930} INFO - Created Permission View: can create on DAG Run:conditional_dataset_and_time_based_timetable
[2025-02-10T12:59:56.810+0600] {logging_mixin.py:190} INFO - [2025-02-10T12:59:56.809+0600] {override.py:1930} INFO - Created Permission View: menu access on DAG Run:conditional_dataset_and_time_based_timetable
[2025-02-10T12:59:56.843+0600] {logging_mixin.py:190} INFO - [2025-02-10T12:59:56.842+0600] {override.py:1930} INFO - Created Permission View: can delete on DAG:dataset_produces_1
[2025-02-10T12:59:56.855+0600] {logging_mixin.py:190} INFO - [2025-02-10T12:59:56.852+0600] {override.py:1930} INFO - Created Permission View: can edit on DAG:dataset_produces_1
[2025-02-10T12:59:56.865+0600] {logging_mixin.py:190} INFO - [2025-02-10T12:59:56.865+0600] {override.py:1930} INFO - Created Permission View: can read on DAG:dataset_produces_1
[2025-02-10T12:59:56.883+0600] {logging_mixin.py:190} INFO - [2025-02-10T12:59:56.883+0600] {override.py:1930} INFO - Created Permission View: can delete on DAG Run:dataset_produces_1
[2025-02-10T12:59:56.894+0600] {logging_mixin.py:190} INFO - [2025-02-10T12:59:56.894+0600] {override.py:1930} INFO - Created Permission View: can read on DAG Run:dataset_produces_1
[2025-02-10T12:59:56.905+0600] {logging_mixin.py:190} INFO - [2025-02-10T12:59:56.905+0600] {override.py:1930} INFO - Created Permission View: can create on DAG Run:dataset_produces_1
[2025-02-10T12:59:56.917+0600] {logging_mixin.py:190} INFO - [2025-02-10T12:59:56.916+0600] {override.py:1930} INFO - Created Permission View: menu access on DAG Run:dataset_produces_1
[2025-02-10T12:59:56.918+0600] {logging_mixin.py:190} INFO - [2025-02-10T12:59:56.917+0600] {dag.py:3239} INFO - Sync 10 DAGs
[2025-02-10T12:59:56.941+0600] {logging_mixin.py:190} INFO - [2025-02-10T12:59:56.940+0600] {dag.py:3262} INFO - Creating ORM DAG for consume_1_or_2_with_dataset_expressions
[2025-02-10T12:59:56.942+0600] {logging_mixin.py:190} INFO - [2025-02-10T12:59:56.942+0600] {dag.py:3262} INFO - Creating ORM DAG for consume_1_and_2_with_dataset_expressions
[2025-02-10T12:59:56.944+0600] {logging_mixin.py:190} INFO - [2025-02-10T12:59:56.943+0600] {dag.py:3262} INFO - Creating ORM DAG for dataset_consumes_1_never_scheduled
[2025-02-10T12:59:56.945+0600] {logging_mixin.py:190} INFO - [2025-02-10T12:59:56.944+0600] {dag.py:3262} INFO - Creating ORM DAG for dataset_produces_1
[2025-02-10T12:59:56.946+0600] {logging_mixin.py:190} INFO - [2025-02-10T12:59:56.946+0600] {dag.py:3262} INFO - Creating ORM DAG for dataset_consumes_1
[2025-02-10T12:59:56.947+0600] {logging_mixin.py:190} INFO - [2025-02-10T12:59:56.947+0600] {dag.py:3262} INFO - Creating ORM DAG for consume_1_or_both_2_and_3_with_dataset_expressions
[2025-02-10T12:59:56.949+0600] {logging_mixin.py:190} INFO - [2025-02-10T12:59:56.948+0600] {dag.py:3262} INFO - Creating ORM DAG for conditional_dataset_and_time_based_timetable
[2025-02-10T12:59:56.950+0600] {logging_mixin.py:190} INFO - [2025-02-10T12:59:56.949+0600] {dag.py:3262} INFO - Creating ORM DAG for dataset_consumes_1_and_2
[2025-02-10T12:59:56.951+0600] {logging_mixin.py:190} INFO - [2025-02-10T12:59:56.951+0600] {dag.py:3262} INFO - Creating ORM DAG for dataset_consumes_unknown_never_scheduled
[2025-02-10T12:59:56.952+0600] {logging_mixin.py:190} INFO - [2025-02-10T12:59:56.952+0600] {dag.py:3262} INFO - Creating ORM DAG for dataset_produces_2
[2025-02-10T12:59:56.969+0600] {logging_mixin.py:190} INFO - [2025-02-10T12:59:56.969+0600] {dag.py:4180} INFO - Setting next_dagrun for conditional_dataset_and_time_based_timetable to 2025-02-05 01:00:00+00:00, run_after=2025-02-05 01:00:00+00:00
[2025-02-10T12:59:56.970+0600] {logging_mixin.py:190} INFO - [2025-02-10T12:59:56.970+0600] {dag.py:4180} INFO - Setting next_dagrun for consume_1_and_2_with_dataset_expressions to None, run_after=None
[2025-02-10T12:59:56.971+0600] {logging_mixin.py:190} INFO - [2025-02-10T12:59:56.971+0600] {dag.py:4180} INFO - Setting next_dagrun for consume_1_or_2_with_dataset_expressions to None, run_after=None
[2025-02-10T12:59:56.972+0600] {logging_mixin.py:190} INFO - [2025-02-10T12:59:56.971+0600] {dag.py:4180} INFO - Setting next_dagrun for consume_1_or_both_2_and_3_with_dataset_expressions to None, run_after=None
[2025-02-10T12:59:56.972+0600] {logging_mixin.py:190} INFO - [2025-02-10T12:59:56.972+0600] {dag.py:4180} INFO - Setting next_dagrun for dataset_consumes_1 to None, run_after=None
[2025-02-10T12:59:56.973+0600] {logging_mixin.py:190} INFO - [2025-02-10T12:59:56.973+0600] {dag.py:4180} INFO - Setting next_dagrun for dataset_consumes_1_and_2 to None, run_after=None
[2025-02-10T12:59:56.974+0600] {logging_mixin.py:190} INFO - [2025-02-10T12:59:56.974+0600] {dag.py:4180} INFO - Setting next_dagrun for dataset_consumes_1_never_scheduled to None, run_after=None
[2025-02-10T12:59:56.975+0600] {logging_mixin.py:190} INFO - [2025-02-10T12:59:56.975+0600] {dag.py:4180} INFO - Setting next_dagrun for dataset_consumes_unknown_never_scheduled to None, run_after=None
[2025-02-10T12:59:56.979+0600] {logging_mixin.py:190} INFO - [2025-02-10T12:59:56.978+0600] {dag.py:4180} INFO - Setting next_dagrun for dataset_produces_1 to 2025-02-09 00:00:00+00:00, run_after=2025-02-10 00:00:00+00:00
[2025-02-10T12:59:56.980+0600] {logging_mixin.py:190} INFO - [2025-02-10T12:59:56.980+0600] {dag.py:4180} INFO - Setting next_dagrun for dataset_produces_2 to None, run_after=None
[2025-02-10T12:59:57.045+0600] {processor.py:208} INFO - Processing /home/shamim/airflow_git/Airflow_project/air_venv/lib/python3.12/site-packages/airflow/example_dags/example_datasets.py took 2.567 seconds
[2025-02-10T13:01:25.038+0600] {processor.py:186} INFO - Started process (PID=13593) to work on /home/shamim/airflow_git/Airflow_project/air_venv/lib/python3.12/site-packages/airflow/example_dags/example_datasets.py
[2025-02-10T13:01:25.040+0600] {processor.py:914} INFO - Processing file /home/shamim/airflow_git/Airflow_project/air_venv/lib/python3.12/site-packages/airflow/example_dags/example_datasets.py for tasks to queue
[2025-02-10T13:01:25.046+0600] {logging_mixin.py:190} INFO - [2025-02-10T13:01:25.046+0600] {dagbag.py:588} INFO - Filling up the DagBag from /home/shamim/airflow_git/Airflow_project/air_venv/lib/python3.12/site-packages/airflow/example_dags/example_datasets.py
[2025-02-10T13:01:25.771+0600] {processor.py:925} INFO - DAG(s) 'consume_1_and_2_with_dataset_expressions', 'dataset_produces_2', 'dataset_consumes_1_never_scheduled', 'dataset_consumes_1', 'dataset_produces_1', 'dataset_consumes_unknown_never_scheduled', 'conditional_dataset_and_time_based_timetable', 'consume_1_or_both_2_and_3_with_dataset_expressions', 'consume_1_or_2_with_dataset_expressions', 'dataset_consumes_1_and_2' retrieved from /home/shamim/airflow_git/Airflow_project/air_venv/lib/python3.12/site-packages/airflow/example_dags/example_datasets.py
[2025-02-10T13:01:25.805+0600] {logging_mixin.py:190} INFO - [2025-02-10T13:01:25.805+0600] {dag.py:3239} INFO - Sync 10 DAGs
[2025-02-10T13:01:25.829+0600] {logging_mixin.py:190} INFO - [2025-02-10T13:01:25.829+0600] {dag.py:4180} INFO - Setting next_dagrun for conditional_dataset_and_time_based_timetable to 2025-02-05 01:00:00+00:00, run_after=2025-02-05 01:00:00+00:00
[2025-02-10T13:01:25.835+0600] {logging_mixin.py:190} INFO - [2025-02-10T13:01:25.835+0600] {dag.py:4180} INFO - Setting next_dagrun for consume_1_and_2_with_dataset_expressions to None, run_after=None
[2025-02-10T13:01:25.836+0600] {logging_mixin.py:190} INFO - [2025-02-10T13:01:25.836+0600] {dag.py:4180} INFO - Setting next_dagrun for consume_1_or_2_with_dataset_expressions to None, run_after=None
[2025-02-10T13:01:25.837+0600] {logging_mixin.py:190} INFO - [2025-02-10T13:01:25.837+0600] {dag.py:4180} INFO - Setting next_dagrun for consume_1_or_both_2_and_3_with_dataset_expressions to None, run_after=None
[2025-02-10T13:01:25.838+0600] {logging_mixin.py:190} INFO - [2025-02-10T13:01:25.838+0600] {dag.py:4180} INFO - Setting next_dagrun for dataset_consumes_1 to None, run_after=None
[2025-02-10T13:01:25.839+0600] {logging_mixin.py:190} INFO - [2025-02-10T13:01:25.839+0600] {dag.py:4180} INFO - Setting next_dagrun for dataset_consumes_1_and_2 to None, run_after=None
[2025-02-10T13:01:25.840+0600] {logging_mixin.py:190} INFO - [2025-02-10T13:01:25.840+0600] {dag.py:4180} INFO - Setting next_dagrun for dataset_consumes_1_never_scheduled to None, run_after=None
[2025-02-10T13:01:25.841+0600] {logging_mixin.py:190} INFO - [2025-02-10T13:01:25.841+0600] {dag.py:4180} INFO - Setting next_dagrun for dataset_consumes_unknown_never_scheduled to None, run_after=None
[2025-02-10T13:01:25.844+0600] {logging_mixin.py:190} INFO - [2025-02-10T13:01:25.843+0600] {dag.py:4180} INFO - Setting next_dagrun for dataset_produces_1 to 2025-02-09 00:00:00+00:00, run_after=2025-02-10 00:00:00+00:00
[2025-02-10T13:01:25.845+0600] {logging_mixin.py:190} INFO - [2025-02-10T13:01:25.845+0600] {dag.py:4180} INFO - Setting next_dagrun for dataset_produces_2 to None, run_after=None
[2025-02-10T13:01:25.891+0600] {processor.py:208} INFO - Processing /home/shamim/airflow_git/Airflow_project/air_venv/lib/python3.12/site-packages/airflow/example_dags/example_datasets.py took 0.863 seconds
