[2025-02-10T12:59:40.112+0600] {processor.py:186} INFO - Started process (PID=12971) to work on /home/shamim/airflow_git/Airflow_project/air_venv/lib/python3.12/site-packages/airflow/example_dags/example_params_ui_tutorial.py
[2025-02-10T12:59:40.113+0600] {processor.py:914} INFO - Processing file /home/shamim/airflow_git/Airflow_project/air_venv/lib/python3.12/site-packages/airflow/example_dags/example_params_ui_tutorial.py for tasks to queue
[2025-02-10T12:59:40.115+0600] {logging_mixin.py:190} INFO - [2025-02-10T12:59:40.115+0600] {dagbag.py:588} INFO - Filling up the DagBag from /home/shamim/airflow_git/Airflow_project/air_venv/lib/python3.12/site-packages/airflow/example_dags/example_params_ui_tutorial.py
[2025-02-10T12:59:40.127+0600] {processor.py:925} INFO - DAG(s) 'example_params_ui_tutorial' retrieved from /home/shamim/airflow_git/Airflow_project/air_venv/lib/python3.12/site-packages/airflow/example_dags/example_params_ui_tutorial.py
[2025-02-10T12:59:40.346+0600] {logging_mixin.py:190} INFO - [2025-02-10T12:59:40.345+0600] {override.py:1930} INFO - Created Permission View: can delete on DAG:example_params_ui_tutorial
[2025-02-10T12:59:40.361+0600] {logging_mixin.py:190} INFO - [2025-02-10T12:59:40.361+0600] {override.py:1930} INFO - Created Permission View: can edit on DAG:example_params_ui_tutorial
[2025-02-10T12:59:40.372+0600] {logging_mixin.py:190} INFO - [2025-02-10T12:59:40.372+0600] {override.py:1930} INFO - Created Permission View: can read on DAG:example_params_ui_tutorial
[2025-02-10T12:59:40.387+0600] {logging_mixin.py:190} INFO - [2025-02-10T12:59:40.387+0600] {override.py:1930} INFO - Created Permission View: can delete on DAG Run:example_params_ui_tutorial
[2025-02-10T12:59:40.396+0600] {logging_mixin.py:190} INFO - [2025-02-10T12:59:40.396+0600] {override.py:1930} INFO - Created Permission View: can read on DAG Run:example_params_ui_tutorial
[2025-02-10T12:59:40.405+0600] {logging_mixin.py:190} INFO - [2025-02-10T12:59:40.404+0600] {override.py:1930} INFO - Created Permission View: can create on DAG Run:example_params_ui_tutorial
[2025-02-10T12:59:40.416+0600] {logging_mixin.py:190} INFO - [2025-02-10T12:59:40.415+0600] {override.py:1930} INFO - Created Permission View: menu access on DAG Run:example_params_ui_tutorial
[2025-02-10T12:59:40.416+0600] {logging_mixin.py:190} INFO - [2025-02-10T12:59:40.416+0600] {dag.py:3239} INFO - Sync 1 DAGs
[2025-02-10T12:59:40.432+0600] {logging_mixin.py:190} INFO - [2025-02-10T12:59:40.432+0600] {dag.py:3262} INFO - Creating ORM DAG for example_params_ui_tutorial
[2025-02-10T12:59:40.433+0600] {logging_mixin.py:190} INFO - [2025-02-10T12:59:40.433+0600] {dag.py:4180} INFO - Setting next_dagrun for example_params_ui_tutorial to None, run_after=None
[2025-02-10T12:59:40.456+0600] {processor.py:208} INFO - Processing /home/shamim/airflow_git/Airflow_project/air_venv/lib/python3.12/site-packages/airflow/example_dags/example_params_ui_tutorial.py took 0.351 seconds
[2025-02-10T13:00:56.135+0600] {processor.py:186} INFO - Started process (PID=13525) to work on /home/shamim/airflow_git/Airflow_project/air_venv/lib/python3.12/site-packages/airflow/example_dags/example_params_ui_tutorial.py
[2025-02-10T13:00:56.141+0600] {processor.py:914} INFO - Processing file /home/shamim/airflow_git/Airflow_project/air_venv/lib/python3.12/site-packages/airflow/example_dags/example_params_ui_tutorial.py for tasks to queue
[2025-02-10T13:00:56.143+0600] {logging_mixin.py:190} INFO - [2025-02-10T13:00:56.143+0600] {dagbag.py:588} INFO - Filling up the DagBag from /home/shamim/airflow_git/Airflow_project/air_venv/lib/python3.12/site-packages/airflow/example_dags/example_params_ui_tutorial.py
[2025-02-10T13:00:56.154+0600] {processor.py:925} INFO - DAG(s) 'example_params_ui_tutorial' retrieved from /home/shamim/airflow_git/Airflow_project/air_venv/lib/python3.12/site-packages/airflow/example_dags/example_params_ui_tutorial.py
[2025-02-10T13:00:56.200+0600] {logging_mixin.py:190} INFO - [2025-02-10T13:00:56.200+0600] {dag.py:3239} INFO - Sync 1 DAGs
[2025-02-10T13:00:56.214+0600] {logging_mixin.py:190} INFO - [2025-02-10T13:00:56.214+0600] {dag.py:4180} INFO - Setting next_dagrun for example_params_ui_tutorial to None, run_after=None
[2025-02-10T13:00:56.240+0600] {processor.py:208} INFO - Processing /home/shamim/airflow_git/Airflow_project/air_venv/lib/python3.12/site-packages/airflow/example_dags/example_params_ui_tutorial.py took 0.112 seconds
[2025-02-10T13:02:07.419+0600] {processor.py:186} INFO - Started process (PID=13649) to work on /home/shamim/airflow_git/Airflow_project/air_venv/lib/python3.12/site-packages/airflow/example_dags/example_params_ui_tutorial.py
[2025-02-10T13:02:07.423+0600] {processor.py:914} INFO - Processing file /home/shamim/airflow_git/Airflow_project/air_venv/lib/python3.12/site-packages/airflow/example_dags/example_params_ui_tutorial.py for tasks to queue
[2025-02-10T13:02:07.426+0600] {logging_mixin.py:190} INFO - [2025-02-10T13:02:07.426+0600] {dagbag.py:588} INFO - Filling up the DagBag from /home/shamim/airflow_git/Airflow_project/air_venv/lib/python3.12/site-packages/airflow/example_dags/example_params_ui_tutorial.py
[2025-02-10T13:02:07.447+0600] {processor.py:925} INFO - DAG(s) 'example_params_ui_tutorial' retrieved from /home/shamim/airflow_git/Airflow_project/air_venv/lib/python3.12/site-packages/airflow/example_dags/example_params_ui_tutorial.py
[2025-02-10T13:02:07.537+0600] {logging_mixin.py:190} INFO - [2025-02-10T13:02:07.536+0600] {dag.py:3239} INFO - Sync 1 DAGs
[2025-02-10T13:02:07.569+0600] {logging_mixin.py:190} INFO - [2025-02-10T13:02:07.568+0600] {dag.py:4180} INFO - Setting next_dagrun for example_params_ui_tutorial to None, run_after=None
[2025-02-10T13:02:07.628+0600] {processor.py:208} INFO - Processing /home/shamim/airflow_git/Airflow_project/air_venv/lib/python3.12/site-packages/airflow/example_dags/example_params_ui_tutorial.py took 0.215 seconds
