[2025-02-10T12:59:12.987+0600] {processor.py:186} INFO - Started process (PID=12698) to work on /home/shamim/airflow_git/Airflow_project/air_venv/lib/python3.12/site-packages/airflow/example_dags/example_workday_timetable.py
[2025-02-10T12:59:12.988+0600] {processor.py:914} INFO - Processing file /home/shamim/airflow_git/Airflow_project/air_venv/lib/python3.12/site-packages/airflow/example_dags/example_workday_timetable.py for tasks to queue
[2025-02-10T12:59:12.991+0600] {logging_mixin.py:190} INFO - [2025-02-10T12:59:12.990+0600] {dagbag.py:588} INFO - Filling up the DagBag from /home/shamim/airflow_git/Airflow_project/air_venv/lib/python3.12/site-packages/airflow/example_dags/example_workday_timetable.py
[2025-02-10T12:59:12.998+0600] {processor.py:925} INFO - DAG(s) 'example_workday_timetable' retrieved from /home/shamim/airflow_git/Airflow_project/air_venv/lib/python3.12/site-packages/airflow/example_dags/example_workday_timetable.py
[2025-02-10T12:59:13.149+0600] {logging_mixin.py:190} INFO - [2025-02-10T12:59:13.148+0600] {override.py:1930} INFO - Created Permission View: can delete on DAG:example_workday_timetable
[2025-02-10T12:59:13.165+0600] {logging_mixin.py:190} INFO - [2025-02-10T12:59:13.165+0600] {override.py:1930} INFO - Created Permission View: can edit on DAG:example_workday_timetable
[2025-02-10T12:59:13.173+0600] {logging_mixin.py:190} INFO - [2025-02-10T12:59:13.173+0600] {override.py:1930} INFO - Created Permission View: can read on DAG:example_workday_timetable
[2025-02-10T12:59:13.189+0600] {logging_mixin.py:190} INFO - [2025-02-10T12:59:13.189+0600] {override.py:1930} INFO - Created Permission View: can delete on DAG Run:example_workday_timetable
[2025-02-10T12:59:13.199+0600] {logging_mixin.py:190} INFO - [2025-02-10T12:59:13.199+0600] {override.py:1930} INFO - Created Permission View: can read on DAG Run:example_workday_timetable
[2025-02-10T12:59:13.211+0600] {logging_mixin.py:190} INFO - [2025-02-10T12:59:13.210+0600] {override.py:1930} INFO - Created Permission View: can create on DAG Run:example_workday_timetable
[2025-02-10T12:59:13.220+0600] {logging_mixin.py:190} INFO - [2025-02-10T12:59:13.220+0600] {override.py:1930} INFO - Created Permission View: menu access on DAG Run:example_workday_timetable
[2025-02-10T12:59:13.221+0600] {logging_mixin.py:190} INFO - [2025-02-10T12:59:13.220+0600] {dag.py:3239} INFO - Sync 1 DAGs
[2025-02-10T12:59:13.243+0600] {logging_mixin.py:190} INFO - [2025-02-10T12:59:13.242+0600] {dag.py:3262} INFO - Creating ORM DAG for example_workday_timetable
[2025-02-10T12:59:13.367+0600] {logging_mixin.py:190} INFO - [2025-02-10T12:59:13.367+0600] {dag.py:4180} INFO - Setting next_dagrun for example_workday_timetable to 2021-01-04 00:00:00+00:00, run_after=2021-01-05 00:00:00+00:00
[2025-02-10T12:59:13.406+0600] {processor.py:208} INFO - Processing /home/shamim/airflow_git/Airflow_project/air_venv/lib/python3.12/site-packages/airflow/example_dags/example_workday_timetable.py took 0.426 seconds
[2025-02-10T13:00:34.409+0600] {processor.py:186} INFO - Started process (PID=13498) to work on /home/shamim/airflow_git/Airflow_project/air_venv/lib/python3.12/site-packages/airflow/example_dags/example_workday_timetable.py
[2025-02-10T13:00:34.415+0600] {processor.py:914} INFO - Processing file /home/shamim/airflow_git/Airflow_project/air_venv/lib/python3.12/site-packages/airflow/example_dags/example_workday_timetable.py for tasks to queue
[2025-02-10T13:00:34.418+0600] {logging_mixin.py:190} INFO - [2025-02-10T13:00:34.417+0600] {dagbag.py:588} INFO - Filling up the DagBag from /home/shamim/airflow_git/Airflow_project/air_venv/lib/python3.12/site-packages/airflow/example_dags/example_workday_timetable.py
[2025-02-10T13:00:34.425+0600] {processor.py:925} INFO - DAG(s) 'example_workday_timetable' retrieved from /home/shamim/airflow_git/Airflow_project/air_venv/lib/python3.12/site-packages/airflow/example_dags/example_workday_timetable.py
[2025-02-10T13:00:34.441+0600] {logging_mixin.py:190} INFO - [2025-02-10T13:00:34.441+0600] {dag.py:3239} INFO - Sync 1 DAGs
[2025-02-10T13:00:34.515+0600] {logging_mixin.py:190} INFO - [2025-02-10T13:00:34.514+0600] {dag.py:4180} INFO - Setting next_dagrun for example_workday_timetable to 2021-01-04 00:00:00+00:00, run_after=2021-01-05 00:00:00+00:00
[2025-02-10T13:00:34.541+0600] {processor.py:208} INFO - Processing /home/shamim/airflow_git/Airflow_project/air_venv/lib/python3.12/site-packages/airflow/example_dags/example_workday_timetable.py took 0.139 seconds
[2025-02-10T13:01:20.889+0600] {processor.py:186} INFO - Started process (PID=13587) to work on /home/shamim/airflow_git/Airflow_project/air_venv/lib/python3.12/site-packages/airflow/example_dags/example_workday_timetable.py
[2025-02-10T13:01:20.895+0600] {processor.py:914} INFO - Processing file /home/shamim/airflow_git/Airflow_project/air_venv/lib/python3.12/site-packages/airflow/example_dags/example_workday_timetable.py for tasks to queue
[2025-02-10T13:01:20.899+0600] {logging_mixin.py:190} INFO - [2025-02-10T13:01:20.898+0600] {dagbag.py:588} INFO - Filling up the DagBag from /home/shamim/airflow_git/Airflow_project/air_venv/lib/python3.12/site-packages/airflow/example_dags/example_workday_timetable.py
[2025-02-10T13:01:20.906+0600] {processor.py:925} INFO - DAG(s) 'example_workday_timetable' retrieved from /home/shamim/airflow_git/Airflow_project/air_venv/lib/python3.12/site-packages/airflow/example_dags/example_workday_timetable.py
[2025-02-10T13:01:20.922+0600] {logging_mixin.py:190} INFO - [2025-02-10T13:01:20.922+0600] {dag.py:3239} INFO - Sync 1 DAGs
[2025-02-10T13:01:20.999+0600] {logging_mixin.py:190} INFO - [2025-02-10T13:01:20.999+0600] {dag.py:4180} INFO - Setting next_dagrun for example_workday_timetable to 2021-01-04 00:00:00+00:00, run_after=2021-01-05 00:00:00+00:00
[2025-02-10T13:01:21.030+0600] {processor.py:208} INFO - Processing /home/shamim/airflow_git/Airflow_project/air_venv/lib/python3.12/site-packages/airflow/example_dags/example_workday_timetable.py took 0.148 seconds
[2025-02-10T13:02:31.052+0600] {processor.py:186} INFO - Started process (PID=13722) to work on /home/shamim/airflow_git/Airflow_project/air_venv/lib/python3.12/site-packages/airflow/example_dags/example_workday_timetable.py
[2025-02-10T13:02:31.059+0600] {processor.py:914} INFO - Processing file /home/shamim/airflow_git/Airflow_project/air_venv/lib/python3.12/site-packages/airflow/example_dags/example_workday_timetable.py for tasks to queue
[2025-02-10T13:02:31.063+0600] {logging_mixin.py:190} INFO - [2025-02-10T13:02:31.062+0600] {dagbag.py:588} INFO - Filling up the DagBag from /home/shamim/airflow_git/Airflow_project/air_venv/lib/python3.12/site-packages/airflow/example_dags/example_workday_timetable.py
[2025-02-10T13:02:31.071+0600] {processor.py:925} INFO - DAG(s) 'example_workday_timetable' retrieved from /home/shamim/airflow_git/Airflow_project/air_venv/lib/python3.12/site-packages/airflow/example_dags/example_workday_timetable.py
[2025-02-10T13:02:31.089+0600] {logging_mixin.py:190} INFO - [2025-02-10T13:02:31.088+0600] {dag.py:3239} INFO - Sync 1 DAGs
[2025-02-10T13:02:31.163+0600] {logging_mixin.py:190} INFO - [2025-02-10T13:02:31.163+0600] {dag.py:4180} INFO - Setting next_dagrun for example_workday_timetable to 2021-01-04 00:00:00+00:00, run_after=2021-01-05 00:00:00+00:00
[2025-02-10T13:02:31.188+0600] {processor.py:208} INFO - Processing /home/shamim/airflow_git/Airflow_project/air_venv/lib/python3.12/site-packages/airflow/example_dags/example_workday_timetable.py took 0.143 seconds
[2025-02-10T13:03:36.348+0600] {processor.py:186} INFO - Started process (PID=13880) to work on /home/shamim/airflow_git/Airflow_project/air_venv/lib/python3.12/site-packages/airflow/example_dags/example_workday_timetable.py
[2025-02-10T13:03:36.354+0600] {processor.py:914} INFO - Processing file /home/shamim/airflow_git/Airflow_project/air_venv/lib/python3.12/site-packages/airflow/example_dags/example_workday_timetable.py for tasks to queue
[2025-02-10T13:03:36.358+0600] {logging_mixin.py:190} INFO - [2025-02-10T13:03:36.357+0600] {dagbag.py:588} INFO - Filling up the DagBag from /home/shamim/airflow_git/Airflow_project/air_venv/lib/python3.12/site-packages/airflow/example_dags/example_workday_timetable.py
[2025-02-10T13:03:36.367+0600] {processor.py:925} INFO - DAG(s) 'example_workday_timetable' retrieved from /home/shamim/airflow_git/Airflow_project/air_venv/lib/python3.12/site-packages/airflow/example_dags/example_workday_timetable.py
[2025-02-10T13:03:36.387+0600] {logging_mixin.py:190} INFO - [2025-02-10T13:03:36.387+0600] {dag.py:3239} INFO - Sync 1 DAGs
[2025-02-10T13:03:36.492+0600] {logging_mixin.py:190} INFO - [2025-02-10T13:03:36.491+0600] {dag.py:4180} INFO - Setting next_dagrun for example_workday_timetable to 2021-01-04 00:00:00+00:00, run_after=2021-01-05 00:00:00+00:00
[2025-02-10T13:03:36.526+0600] {processor.py:208} INFO - Processing /home/shamim/airflow_git/Airflow_project/air_venv/lib/python3.12/site-packages/airflow/example_dags/example_workday_timetable.py took 0.186 seconds
[2025-02-10T13:04:44.650+0600] {processor.py:186} INFO - Started process (PID=14028) to work on /home/shamim/airflow_git/Airflow_project/air_venv/lib/python3.12/site-packages/airflow/example_dags/example_workday_timetable.py
[2025-02-10T13:04:44.657+0600] {processor.py:914} INFO - Processing file /home/shamim/airflow_git/Airflow_project/air_venv/lib/python3.12/site-packages/airflow/example_dags/example_workday_timetable.py for tasks to queue
[2025-02-10T13:04:44.663+0600] {logging_mixin.py:190} INFO - [2025-02-10T13:04:44.662+0600] {dagbag.py:588} INFO - Filling up the DagBag from /home/shamim/airflow_git/Airflow_project/air_venv/lib/python3.12/site-packages/airflow/example_dags/example_workday_timetable.py
[2025-02-10T13:04:44.675+0600] {processor.py:925} INFO - DAG(s) 'example_workday_timetable' retrieved from /home/shamim/airflow_git/Airflow_project/air_venv/lib/python3.12/site-packages/airflow/example_dags/example_workday_timetable.py
[2025-02-10T13:04:44.698+0600] {logging_mixin.py:190} INFO - [2025-02-10T13:04:44.697+0600] {dag.py:3239} INFO - Sync 1 DAGs
[2025-02-10T13:04:44.779+0600] {logging_mixin.py:190} INFO - [2025-02-10T13:04:44.779+0600] {dag.py:4180} INFO - Setting next_dagrun for example_workday_timetable to 2021-01-04 00:00:00+00:00, run_after=2021-01-05 00:00:00+00:00
[2025-02-10T13:04:44.814+0600] {processor.py:208} INFO - Processing /home/shamim/airflow_git/Airflow_project/air_venv/lib/python3.12/site-packages/airflow/example_dags/example_workday_timetable.py took 0.176 seconds
[2025-02-10T13:05:52.051+0600] {processor.py:186} INFO - Started process (PID=14125) to work on /home/shamim/airflow_git/Airflow_project/air_venv/lib/python3.12/site-packages/airflow/example_dags/example_workday_timetable.py
[2025-02-10T13:05:52.058+0600] {processor.py:914} INFO - Processing file /home/shamim/airflow_git/Airflow_project/air_venv/lib/python3.12/site-packages/airflow/example_dags/example_workday_timetable.py for tasks to queue
[2025-02-10T13:05:52.062+0600] {logging_mixin.py:190} INFO - [2025-02-10T13:05:52.062+0600] {dagbag.py:588} INFO - Filling up the DagBag from /home/shamim/airflow_git/Airflow_project/air_venv/lib/python3.12/site-packages/airflow/example_dags/example_workday_timetable.py
[2025-02-10T13:05:52.072+0600] {processor.py:925} INFO - DAG(s) 'example_workday_timetable' retrieved from /home/shamim/airflow_git/Airflow_project/air_venv/lib/python3.12/site-packages/airflow/example_dags/example_workday_timetable.py
[2025-02-10T13:05:52.090+0600] {logging_mixin.py:190} INFO - [2025-02-10T13:05:52.090+0600] {dag.py:3239} INFO - Sync 1 DAGs
[2025-02-10T13:05:52.162+0600] {logging_mixin.py:190} INFO - [2025-02-10T13:05:52.161+0600] {dag.py:4180} INFO - Setting next_dagrun for example_workday_timetable to 2021-01-04 00:00:00+00:00, run_after=2021-01-05 00:00:00+00:00
[2025-02-10T13:05:52.188+0600] {processor.py:208} INFO - Processing /home/shamim/airflow_git/Airflow_project/air_venv/lib/python3.12/site-packages/airflow/example_dags/example_workday_timetable.py took 0.146 seconds
[2025-02-10T13:06:59.217+0600] {processor.py:186} INFO - Started process (PID=14272) to work on /home/shamim/airflow_git/Airflow_project/air_venv/lib/python3.12/site-packages/airflow/example_dags/example_workday_timetable.py
[2025-02-10T13:06:59.226+0600] {processor.py:914} INFO - Processing file /home/shamim/airflow_git/Airflow_project/air_venv/lib/python3.12/site-packages/airflow/example_dags/example_workday_timetable.py for tasks to queue
[2025-02-10T13:06:59.232+0600] {logging_mixin.py:190} INFO - [2025-02-10T13:06:59.231+0600] {dagbag.py:588} INFO - Filling up the DagBag from /home/shamim/airflow_git/Airflow_project/air_venv/lib/python3.12/site-packages/airflow/example_dags/example_workday_timetable.py
[2025-02-10T13:06:59.250+0600] {processor.py:925} INFO - DAG(s) 'example_workday_timetable' retrieved from /home/shamim/airflow_git/Airflow_project/air_venv/lib/python3.12/site-packages/airflow/example_dags/example_workday_timetable.py
[2025-02-10T13:06:59.298+0600] {logging_mixin.py:190} INFO - [2025-02-10T13:06:59.298+0600] {dag.py:3239} INFO - Sync 1 DAGs
[2025-02-10T13:06:59.520+0600] {logging_mixin.py:190} INFO - [2025-02-10T13:06:59.518+0600] {dag.py:4180} INFO - Setting next_dagrun for example_workday_timetable to 2021-01-04 00:00:00+00:00, run_after=2021-01-05 00:00:00+00:00
[2025-02-10T13:06:59.577+0600] {processor.py:208} INFO - Processing /home/shamim/airflow_git/Airflow_project/air_venv/lib/python3.12/site-packages/airflow/example_dags/example_workday_timetable.py took 0.381 seconds
[2025-02-10T13:08:13.951+0600] {processor.py:186} INFO - Started process (PID=14484) to work on /home/shamim/airflow_git/Airflow_project/air_venv/lib/python3.12/site-packages/airflow/example_dags/example_workday_timetable.py
[2025-02-10T13:08:13.955+0600] {processor.py:914} INFO - Processing file /home/shamim/airflow_git/Airflow_project/air_venv/lib/python3.12/site-packages/airflow/example_dags/example_workday_timetable.py for tasks to queue
[2025-02-10T13:08:13.966+0600] {logging_mixin.py:190} INFO - [2025-02-10T13:08:13.965+0600] {dagbag.py:588} INFO - Filling up the DagBag from /home/shamim/airflow_git/Airflow_project/air_venv/lib/python3.12/site-packages/airflow/example_dags/example_workday_timetable.py
[2025-02-10T13:08:13.988+0600] {processor.py:925} INFO - DAG(s) 'example_workday_timetable' retrieved from /home/shamim/airflow_git/Airflow_project/air_venv/lib/python3.12/site-packages/airflow/example_dags/example_workday_timetable.py
[2025-02-10T13:08:14.012+0600] {logging_mixin.py:190} INFO - [2025-02-10T13:08:14.011+0600] {dag.py:3239} INFO - Sync 1 DAGs
[2025-02-10T13:08:14.096+0600] {logging_mixin.py:190} INFO - [2025-02-10T13:08:14.095+0600] {dag.py:4180} INFO - Setting next_dagrun for example_workday_timetable to 2021-01-04 00:00:00+00:00, run_after=2021-01-05 00:00:00+00:00
[2025-02-10T13:08:14.126+0600] {processor.py:208} INFO - Processing /home/shamim/airflow_git/Airflow_project/air_venv/lib/python3.12/site-packages/airflow/example_dags/example_workday_timetable.py took 0.194 seconds
[2025-02-10T13:09:23.197+0600] {processor.py:186} INFO - Started process (PID=14746) to work on /home/shamim/airflow_git/Airflow_project/air_venv/lib/python3.12/site-packages/airflow/example_dags/example_workday_timetable.py
[2025-02-10T13:09:23.202+0600] {processor.py:914} INFO - Processing file /home/shamim/airflow_git/Airflow_project/air_venv/lib/python3.12/site-packages/airflow/example_dags/example_workday_timetable.py for tasks to queue
[2025-02-10T13:09:23.206+0600] {logging_mixin.py:190} INFO - [2025-02-10T13:09:23.205+0600] {dagbag.py:588} INFO - Filling up the DagBag from /home/shamim/airflow_git/Airflow_project/air_venv/lib/python3.12/site-packages/airflow/example_dags/example_workday_timetable.py
[2025-02-10T13:09:23.215+0600] {processor.py:925} INFO - DAG(s) 'example_workday_timetable' retrieved from /home/shamim/airflow_git/Airflow_project/air_venv/lib/python3.12/site-packages/airflow/example_dags/example_workday_timetable.py
[2025-02-10T13:09:23.242+0600] {logging_mixin.py:190} INFO - [2025-02-10T13:09:23.242+0600] {dag.py:3239} INFO - Sync 1 DAGs
[2025-02-10T13:09:23.357+0600] {logging_mixin.py:190} INFO - [2025-02-10T13:09:23.357+0600] {dag.py:4180} INFO - Setting next_dagrun for example_workday_timetable to 2021-01-04 00:00:00+00:00, run_after=2021-01-05 00:00:00+00:00
[2025-02-10T13:09:23.394+0600] {processor.py:208} INFO - Processing /home/shamim/airflow_git/Airflow_project/air_venv/lib/python3.12/site-packages/airflow/example_dags/example_workday_timetable.py took 0.208 seconds
[2025-02-10T13:10:33.703+0600] {processor.py:186} INFO - Started process (PID=14855) to work on /home/shamim/airflow_git/Airflow_project/air_venv/lib/python3.12/site-packages/airflow/example_dags/example_workday_timetable.py
[2025-02-10T13:10:33.709+0600] {processor.py:914} INFO - Processing file /home/shamim/airflow_git/Airflow_project/air_venv/lib/python3.12/site-packages/airflow/example_dags/example_workday_timetable.py for tasks to queue
[2025-02-10T13:10:33.712+0600] {logging_mixin.py:190} INFO - [2025-02-10T13:10:33.711+0600] {dagbag.py:588} INFO - Filling up the DagBag from /home/shamim/airflow_git/Airflow_project/air_venv/lib/python3.12/site-packages/airflow/example_dags/example_workday_timetable.py
[2025-02-10T13:10:33.720+0600] {processor.py:925} INFO - DAG(s) 'example_workday_timetable' retrieved from /home/shamim/airflow_git/Airflow_project/air_venv/lib/python3.12/site-packages/airflow/example_dags/example_workday_timetable.py
[2025-02-10T13:10:33.737+0600] {logging_mixin.py:190} INFO - [2025-02-10T13:10:33.737+0600] {dag.py:3239} INFO - Sync 1 DAGs
[2025-02-10T13:10:33.811+0600] {logging_mixin.py:190} INFO - [2025-02-10T13:10:33.810+0600] {dag.py:4180} INFO - Setting next_dagrun for example_workday_timetable to 2021-01-04 00:00:00+00:00, run_after=2021-01-05 00:00:00+00:00
[2025-02-10T13:10:33.834+0600] {processor.py:208} INFO - Processing /home/shamim/airflow_git/Airflow_project/air_venv/lib/python3.12/site-packages/airflow/example_dags/example_workday_timetable.py took 0.142 seconds
[2025-02-10T13:11:48.347+0600] {processor.py:186} INFO - Started process (PID=14951) to work on /home/shamim/airflow_git/Airflow_project/air_venv/lib/python3.12/site-packages/airflow/example_dags/example_workday_timetable.py
[2025-02-10T13:11:48.352+0600] {processor.py:914} INFO - Processing file /home/shamim/airflow_git/Airflow_project/air_venv/lib/python3.12/site-packages/airflow/example_dags/example_workday_timetable.py for tasks to queue
[2025-02-10T13:11:48.356+0600] {logging_mixin.py:190} INFO - [2025-02-10T13:11:48.356+0600] {dagbag.py:588} INFO - Filling up the DagBag from /home/shamim/airflow_git/Airflow_project/air_venv/lib/python3.12/site-packages/airflow/example_dags/example_workday_timetable.py
[2025-02-10T13:11:48.365+0600] {processor.py:925} INFO - DAG(s) 'example_workday_timetable' retrieved from /home/shamim/airflow_git/Airflow_project/air_venv/lib/python3.12/site-packages/airflow/example_dags/example_workday_timetable.py
[2025-02-10T13:11:48.382+0600] {logging_mixin.py:190} INFO - [2025-02-10T13:11:48.381+0600] {dag.py:3239} INFO - Sync 1 DAGs
[2025-02-10T13:11:48.456+0600] {logging_mixin.py:190} INFO - [2025-02-10T13:11:48.456+0600] {dag.py:4180} INFO - Setting next_dagrun for example_workday_timetable to 2021-01-04 00:00:00+00:00, run_after=2021-01-05 00:00:00+00:00
[2025-02-10T13:11:48.479+0600] {processor.py:208} INFO - Processing /home/shamim/airflow_git/Airflow_project/air_venv/lib/python3.12/site-packages/airflow/example_dags/example_workday_timetable.py took 0.153 seconds
[2025-02-10T13:13:02.320+0600] {processor.py:186} INFO - Started process (PID=15054) to work on /home/shamim/airflow_git/Airflow_project/air_venv/lib/python3.12/site-packages/airflow/example_dags/example_workday_timetable.py
[2025-02-10T13:13:02.325+0600] {processor.py:914} INFO - Processing file /home/shamim/airflow_git/Airflow_project/air_venv/lib/python3.12/site-packages/airflow/example_dags/example_workday_timetable.py for tasks to queue
[2025-02-10T13:13:02.332+0600] {logging_mixin.py:190} INFO - [2025-02-10T13:13:02.330+0600] {dagbag.py:588} INFO - Filling up the DagBag from /home/shamim/airflow_git/Airflow_project/air_venv/lib/python3.12/site-packages/airflow/example_dags/example_workday_timetable.py
[2025-02-10T13:13:02.355+0600] {processor.py:925} INFO - DAG(s) 'example_workday_timetable' retrieved from /home/shamim/airflow_git/Airflow_project/air_venv/lib/python3.12/site-packages/airflow/example_dags/example_workday_timetable.py
[2025-02-10T13:13:02.383+0600] {logging_mixin.py:190} INFO - [2025-02-10T13:13:02.383+0600] {dag.py:3239} INFO - Sync 1 DAGs
[2025-02-10T13:13:02.565+0600] {logging_mixin.py:190} INFO - [2025-02-10T13:13:02.565+0600] {dag.py:4180} INFO - Setting next_dagrun for example_workday_timetable to 2021-01-04 00:00:00+00:00, run_after=2021-01-05 00:00:00+00:00
[2025-02-10T13:13:02.618+0600] {processor.py:208} INFO - Processing /home/shamim/airflow_git/Airflow_project/air_venv/lib/python3.12/site-packages/airflow/example_dags/example_workday_timetable.py took 0.318 seconds
[2025-02-10T13:14:16.879+0600] {processor.py:186} INFO - Started process (PID=15192) to work on /home/shamim/airflow_git/Airflow_project/air_venv/lib/python3.12/site-packages/airflow/example_dags/example_workday_timetable.py
[2025-02-10T13:14:16.886+0600] {processor.py:914} INFO - Processing file /home/shamim/airflow_git/Airflow_project/air_venv/lib/python3.12/site-packages/airflow/example_dags/example_workday_timetable.py for tasks to queue
[2025-02-10T13:14:16.890+0600] {logging_mixin.py:190} INFO - [2025-02-10T13:14:16.890+0600] {dagbag.py:588} INFO - Filling up the DagBag from /home/shamim/airflow_git/Airflow_project/air_venv/lib/python3.12/site-packages/airflow/example_dags/example_workday_timetable.py
[2025-02-10T13:14:16.901+0600] {processor.py:925} INFO - DAG(s) 'example_workday_timetable' retrieved from /home/shamim/airflow_git/Airflow_project/air_venv/lib/python3.12/site-packages/airflow/example_dags/example_workday_timetable.py
[2025-02-10T13:14:16.919+0600] {logging_mixin.py:190} INFO - [2025-02-10T13:14:16.918+0600] {dag.py:3239} INFO - Sync 1 DAGs
[2025-02-10T13:14:16.999+0600] {logging_mixin.py:190} INFO - [2025-02-10T13:14:16.999+0600] {dag.py:4180} INFO - Setting next_dagrun for example_workday_timetable to 2021-01-04 00:00:00+00:00, run_after=2021-01-05 00:00:00+00:00
[2025-02-10T13:14:17.027+0600] {processor.py:208} INFO - Processing /home/shamim/airflow_git/Airflow_project/air_venv/lib/python3.12/site-packages/airflow/example_dags/example_workday_timetable.py took 0.162 seconds
[2025-02-10T13:15:25.655+0600] {processor.py:186} INFO - Started process (PID=15284) to work on /home/shamim/airflow_git/Airflow_project/air_venv/lib/python3.12/site-packages/airflow/example_dags/example_workday_timetable.py
[2025-02-10T13:15:25.661+0600] {processor.py:914} INFO - Processing file /home/shamim/airflow_git/Airflow_project/air_venv/lib/python3.12/site-packages/airflow/example_dags/example_workday_timetable.py for tasks to queue
[2025-02-10T13:15:25.665+0600] {logging_mixin.py:190} INFO - [2025-02-10T13:15:25.665+0600] {dagbag.py:588} INFO - Filling up the DagBag from /home/shamim/airflow_git/Airflow_project/air_venv/lib/python3.12/site-packages/airflow/example_dags/example_workday_timetable.py
[2025-02-10T13:15:25.675+0600] {processor.py:925} INFO - DAG(s) 'example_workday_timetable' retrieved from /home/shamim/airflow_git/Airflow_project/air_venv/lib/python3.12/site-packages/airflow/example_dags/example_workday_timetable.py
[2025-02-10T13:15:25.693+0600] {logging_mixin.py:190} INFO - [2025-02-10T13:15:25.692+0600] {dag.py:3239} INFO - Sync 1 DAGs
[2025-02-10T13:15:25.769+0600] {logging_mixin.py:190} INFO - [2025-02-10T13:15:25.768+0600] {dag.py:4180} INFO - Setting next_dagrun for example_workday_timetable to 2021-01-04 00:00:00+00:00, run_after=2021-01-05 00:00:00+00:00
[2025-02-10T13:15:25.796+0600] {processor.py:208} INFO - Processing /home/shamim/airflow_git/Airflow_project/air_venv/lib/python3.12/site-packages/airflow/example_dags/example_workday_timetable.py took 0.155 seconds
[2025-02-10T13:16:33.698+0600] {processor.py:186} INFO - Started process (PID=15376) to work on /home/shamim/airflow_git/Airflow_project/air_venv/lib/python3.12/site-packages/airflow/example_dags/example_workday_timetable.py
[2025-02-10T13:16:33.702+0600] {processor.py:914} INFO - Processing file /home/shamim/airflow_git/Airflow_project/air_venv/lib/python3.12/site-packages/airflow/example_dags/example_workday_timetable.py for tasks to queue
[2025-02-10T13:16:33.705+0600] {logging_mixin.py:190} INFO - [2025-02-10T13:16:33.705+0600] {dagbag.py:588} INFO - Filling up the DagBag from /home/shamim/airflow_git/Airflow_project/air_venv/lib/python3.12/site-packages/airflow/example_dags/example_workday_timetable.py
[2025-02-10T13:16:33.713+0600] {processor.py:925} INFO - DAG(s) 'example_workday_timetable' retrieved from /home/shamim/airflow_git/Airflow_project/air_venv/lib/python3.12/site-packages/airflow/example_dags/example_workday_timetable.py
[2025-02-10T13:16:33.730+0600] {logging_mixin.py:190} INFO - [2025-02-10T13:16:33.730+0600] {dag.py:3239} INFO - Sync 1 DAGs
[2025-02-10T13:16:33.804+0600] {logging_mixin.py:190} INFO - [2025-02-10T13:16:33.804+0600] {dag.py:4180} INFO - Setting next_dagrun for example_workday_timetable to 2021-01-04 00:00:00+00:00, run_after=2021-01-05 00:00:00+00:00
[2025-02-10T13:16:33.830+0600] {processor.py:208} INFO - Processing /home/shamim/airflow_git/Airflow_project/air_venv/lib/python3.12/site-packages/airflow/example_dags/example_workday_timetable.py took 0.142 seconds
[2025-02-10T13:17:43.252+0600] {processor.py:186} INFO - Started process (PID=15483) to work on /home/shamim/airflow_git/Airflow_project/air_venv/lib/python3.12/site-packages/airflow/example_dags/example_workday_timetable.py
[2025-02-10T13:17:43.254+0600] {processor.py:914} INFO - Processing file /home/shamim/airflow_git/Airflow_project/air_venv/lib/python3.12/site-packages/airflow/example_dags/example_workday_timetable.py for tasks to queue
[2025-02-10T13:17:43.258+0600] {logging_mixin.py:190} INFO - [2025-02-10T13:17:43.257+0600] {dagbag.py:588} INFO - Filling up the DagBag from /home/shamim/airflow_git/Airflow_project/air_venv/lib/python3.12/site-packages/airflow/example_dags/example_workday_timetable.py
[2025-02-10T13:17:43.267+0600] {processor.py:925} INFO - DAG(s) 'example_workday_timetable' retrieved from /home/shamim/airflow_git/Airflow_project/air_venv/lib/python3.12/site-packages/airflow/example_dags/example_workday_timetable.py
[2025-02-10T13:17:43.288+0600] {logging_mixin.py:190} INFO - [2025-02-10T13:17:43.287+0600] {dag.py:3239} INFO - Sync 1 DAGs
[2025-02-10T13:17:43.389+0600] {logging_mixin.py:190} INFO - [2025-02-10T13:17:43.389+0600] {dag.py:4180} INFO - Setting next_dagrun for example_workday_timetable to 2021-01-04 00:00:00+00:00, run_after=2021-01-05 00:00:00+00:00
[2025-02-10T13:17:43.414+0600] {processor.py:208} INFO - Processing /home/shamim/airflow_git/Airflow_project/air_venv/lib/python3.12/site-packages/airflow/example_dags/example_workday_timetable.py took 0.182 seconds
[2025-02-10T13:19:01.962+0600] {processor.py:186} INFO - Started process (PID=15899) to work on /home/shamim/airflow_git/Airflow_project/air_venv/lib/python3.12/site-packages/airflow/example_dags/example_workday_timetable.py
[2025-02-10T13:19:01.969+0600] {processor.py:914} INFO - Processing file /home/shamim/airflow_git/Airflow_project/air_venv/lib/python3.12/site-packages/airflow/example_dags/example_workday_timetable.py for tasks to queue
[2025-02-10T13:19:01.970+0600] {logging_mixin.py:190} INFO - [2025-02-10T13:19:01.970+0600] {dagbag.py:588} INFO - Filling up the DagBag from /home/shamim/airflow_git/Airflow_project/air_venv/lib/python3.12/site-packages/airflow/example_dags/example_workday_timetable.py
[2025-02-10T13:19:01.980+0600] {processor.py:925} INFO - DAG(s) 'example_workday_timetable' retrieved from /home/shamim/airflow_git/Airflow_project/air_venv/lib/python3.12/site-packages/airflow/example_dags/example_workday_timetable.py
[2025-02-10T13:19:02.003+0600] {logging_mixin.py:190} INFO - [2025-02-10T13:19:02.003+0600] {dag.py:3239} INFO - Sync 1 DAGs
[2025-02-10T13:19:02.091+0600] {logging_mixin.py:190} INFO - [2025-02-10T13:19:02.091+0600] {dag.py:4180} INFO - Setting next_dagrun for example_workday_timetable to 2021-01-04 00:00:00+00:00, run_after=2021-01-05 00:00:00+00:00
[2025-02-10T13:19:02.122+0600] {processor.py:208} INFO - Processing /home/shamim/airflow_git/Airflow_project/air_venv/lib/python3.12/site-packages/airflow/example_dags/example_workday_timetable.py took 0.172 seconds
[2025-02-10T13:20:17.056+0600] {processor.py:186} INFO - Started process (PID=16458) to work on /home/shamim/airflow_git/Airflow_project/air_venv/lib/python3.12/site-packages/airflow/example_dags/example_workday_timetable.py
[2025-02-10T13:20:17.062+0600] {processor.py:914} INFO - Processing file /home/shamim/airflow_git/Airflow_project/air_venv/lib/python3.12/site-packages/airflow/example_dags/example_workday_timetable.py for tasks to queue
[2025-02-10T13:20:17.064+0600] {logging_mixin.py:190} INFO - [2025-02-10T13:20:17.064+0600] {dagbag.py:588} INFO - Filling up the DagBag from /home/shamim/airflow_git/Airflow_project/air_venv/lib/python3.12/site-packages/airflow/example_dags/example_workday_timetable.py
[2025-02-10T13:20:17.072+0600] {processor.py:925} INFO - DAG(s) 'example_workday_timetable' retrieved from /home/shamim/airflow_git/Airflow_project/air_venv/lib/python3.12/site-packages/airflow/example_dags/example_workday_timetable.py
[2025-02-10T13:20:17.090+0600] {logging_mixin.py:190} INFO - [2025-02-10T13:20:17.089+0600] {dag.py:3239} INFO - Sync 1 DAGs
[2025-02-10T13:20:17.164+0600] {logging_mixin.py:190} INFO - [2025-02-10T13:20:17.164+0600] {dag.py:4180} INFO - Setting next_dagrun for example_workday_timetable to 2021-01-04 00:00:00+00:00, run_after=2021-01-05 00:00:00+00:00
[2025-02-10T13:20:17.190+0600] {processor.py:208} INFO - Processing /home/shamim/airflow_git/Airflow_project/air_venv/lib/python3.12/site-packages/airflow/example_dags/example_workday_timetable.py took 0.144 seconds
[2025-02-10T13:21:30.586+0600] {processor.py:186} INFO - Started process (PID=17026) to work on /home/shamim/airflow_git/Airflow_project/air_venv/lib/python3.12/site-packages/airflow/example_dags/example_workday_timetable.py
[2025-02-10T13:21:30.593+0600] {processor.py:914} INFO - Processing file /home/shamim/airflow_git/Airflow_project/air_venv/lib/python3.12/site-packages/airflow/example_dags/example_workday_timetable.py for tasks to queue
[2025-02-10T13:21:30.596+0600] {logging_mixin.py:190} INFO - [2025-02-10T13:21:30.595+0600] {dagbag.py:588} INFO - Filling up the DagBag from /home/shamim/airflow_git/Airflow_project/air_venv/lib/python3.12/site-packages/airflow/example_dags/example_workday_timetable.py
[2025-02-10T13:21:30.618+0600] {processor.py:925} INFO - DAG(s) 'example_workday_timetable' retrieved from /home/shamim/airflow_git/Airflow_project/air_venv/lib/python3.12/site-packages/airflow/example_dags/example_workday_timetable.py
[2025-02-10T13:21:30.657+0600] {logging_mixin.py:190} INFO - [2025-02-10T13:21:30.657+0600] {dag.py:3239} INFO - Sync 1 DAGs
[2025-02-10T13:21:30.753+0600] {logging_mixin.py:190} INFO - [2025-02-10T13:21:30.753+0600] {dag.py:4180} INFO - Setting next_dagrun for example_workday_timetable to 2021-01-04 00:00:00+00:00, run_after=2021-01-05 00:00:00+00:00
[2025-02-10T13:21:30.783+0600] {processor.py:208} INFO - Processing /home/shamim/airflow_git/Airflow_project/air_venv/lib/python3.12/site-packages/airflow/example_dags/example_workday_timetable.py took 0.213 seconds
[2025-02-10T13:22:47.099+0600] {processor.py:186} INFO - Started process (PID=17389) to work on /home/shamim/airflow_git/Airflow_project/air_venv/lib/python3.12/site-packages/airflow/example_dags/example_workday_timetable.py
[2025-02-10T13:22:47.106+0600] {processor.py:914} INFO - Processing file /home/shamim/airflow_git/Airflow_project/air_venv/lib/python3.12/site-packages/airflow/example_dags/example_workday_timetable.py for tasks to queue
[2025-02-10T13:22:47.107+0600] {logging_mixin.py:190} INFO - [2025-02-10T13:22:47.107+0600] {dagbag.py:588} INFO - Filling up the DagBag from /home/shamim/airflow_git/Airflow_project/air_venv/lib/python3.12/site-packages/airflow/example_dags/example_workday_timetable.py
[2025-02-10T13:22:47.116+0600] {processor.py:925} INFO - DAG(s) 'example_workday_timetable' retrieved from /home/shamim/airflow_git/Airflow_project/air_venv/lib/python3.12/site-packages/airflow/example_dags/example_workday_timetable.py
[2025-02-10T13:22:47.134+0600] {logging_mixin.py:190} INFO - [2025-02-10T13:22:47.134+0600] {dag.py:3239} INFO - Sync 1 DAGs
[2025-02-10T13:22:47.219+0600] {logging_mixin.py:190} INFO - [2025-02-10T13:22:47.219+0600] {dag.py:4180} INFO - Setting next_dagrun for example_workday_timetable to 2021-01-04 00:00:00+00:00, run_after=2021-01-05 00:00:00+00:00
[2025-02-10T13:22:47.247+0600] {processor.py:208} INFO - Processing /home/shamim/airflow_git/Airflow_project/air_venv/lib/python3.12/site-packages/airflow/example_dags/example_workday_timetable.py took 0.159 seconds
[2025-02-10T13:24:03.380+0600] {processor.py:186} INFO - Started process (PID=17528) to work on /home/shamim/airflow_git/Airflow_project/air_venv/lib/python3.12/site-packages/airflow/example_dags/example_workday_timetable.py
[2025-02-10T13:24:03.386+0600] {processor.py:914} INFO - Processing file /home/shamim/airflow_git/Airflow_project/air_venv/lib/python3.12/site-packages/airflow/example_dags/example_workday_timetable.py for tasks to queue
[2025-02-10T13:24:03.388+0600] {logging_mixin.py:190} INFO - [2025-02-10T13:24:03.387+0600] {dagbag.py:588} INFO - Filling up the DagBag from /home/shamim/airflow_git/Airflow_project/air_venv/lib/python3.12/site-packages/airflow/example_dags/example_workday_timetable.py
[2025-02-10T13:24:03.397+0600] {processor.py:925} INFO - DAG(s) 'example_workday_timetable' retrieved from /home/shamim/airflow_git/Airflow_project/air_venv/lib/python3.12/site-packages/airflow/example_dags/example_workday_timetable.py
[2025-02-10T13:24:03.415+0600] {logging_mixin.py:190} INFO - [2025-02-10T13:24:03.415+0600] {dag.py:3239} INFO - Sync 1 DAGs
[2025-02-10T13:24:03.491+0600] {logging_mixin.py:190} INFO - [2025-02-10T13:24:03.491+0600] {dag.py:4180} INFO - Setting next_dagrun for example_workday_timetable to 2021-01-04 00:00:00+00:00, run_after=2021-01-05 00:00:00+00:00
[2025-02-10T13:24:03.519+0600] {processor.py:208} INFO - Processing /home/shamim/airflow_git/Airflow_project/air_venv/lib/python3.12/site-packages/airflow/example_dags/example_workday_timetable.py took 0.151 seconds
[2025-02-10T13:25:14.342+0600] {processor.py:186} INFO - Started process (PID=17731) to work on /home/shamim/airflow_git/Airflow_project/air_venv/lib/python3.12/site-packages/airflow/example_dags/example_workday_timetable.py
[2025-02-10T13:25:14.349+0600] {processor.py:914} INFO - Processing file /home/shamim/airflow_git/Airflow_project/air_venv/lib/python3.12/site-packages/airflow/example_dags/example_workday_timetable.py for tasks to queue
[2025-02-10T13:25:14.351+0600] {logging_mixin.py:190} INFO - [2025-02-10T13:25:14.350+0600] {dagbag.py:588} INFO - Filling up the DagBag from /home/shamim/airflow_git/Airflow_project/air_venv/lib/python3.12/site-packages/airflow/example_dags/example_workday_timetable.py
[2025-02-10T13:25:14.358+0600] {processor.py:925} INFO - DAG(s) 'example_workday_timetable' retrieved from /home/shamim/airflow_git/Airflow_project/air_venv/lib/python3.12/site-packages/airflow/example_dags/example_workday_timetable.py
[2025-02-10T13:25:14.378+0600] {logging_mixin.py:190} INFO - [2025-02-10T13:25:14.378+0600] {dag.py:3239} INFO - Sync 1 DAGs
[2025-02-10T13:25:14.460+0600] {logging_mixin.py:190} INFO - [2025-02-10T13:25:14.460+0600] {dag.py:4180} INFO - Setting next_dagrun for example_workday_timetable to 2021-01-04 00:00:00+00:00, run_after=2021-01-05 00:00:00+00:00
[2025-02-10T13:25:14.501+0600] {processor.py:208} INFO - Processing /home/shamim/airflow_git/Airflow_project/air_venv/lib/python3.12/site-packages/airflow/example_dags/example_workday_timetable.py took 0.169 seconds
[2025-02-10T13:26:34.792+0600] {processor.py:186} INFO - Started process (PID=17844) to work on /home/shamim/airflow_git/Airflow_project/air_venv/lib/python3.12/site-packages/airflow/example_dags/example_workday_timetable.py
[2025-02-10T13:26:34.799+0600] {processor.py:914} INFO - Processing file /home/shamim/airflow_git/Airflow_project/air_venv/lib/python3.12/site-packages/airflow/example_dags/example_workday_timetable.py for tasks to queue
[2025-02-10T13:26:34.801+0600] {logging_mixin.py:190} INFO - [2025-02-10T13:26:34.801+0600] {dagbag.py:588} INFO - Filling up the DagBag from /home/shamim/airflow_git/Airflow_project/air_venv/lib/python3.12/site-packages/airflow/example_dags/example_workday_timetable.py
[2025-02-10T13:26:34.812+0600] {processor.py:925} INFO - DAG(s) 'example_workday_timetable' retrieved from /home/shamim/airflow_git/Airflow_project/air_venv/lib/python3.12/site-packages/airflow/example_dags/example_workday_timetable.py
[2025-02-10T13:26:34.831+0600] {logging_mixin.py:190} INFO - [2025-02-10T13:26:34.830+0600] {dag.py:3239} INFO - Sync 1 DAGs
[2025-02-10T13:26:34.906+0600] {logging_mixin.py:190} INFO - [2025-02-10T13:26:34.905+0600] {dag.py:4180} INFO - Setting next_dagrun for example_workday_timetable to 2021-01-04 00:00:00+00:00, run_after=2021-01-05 00:00:00+00:00
[2025-02-10T13:26:34.942+0600] {processor.py:208} INFO - Processing /home/shamim/airflow_git/Airflow_project/air_venv/lib/python3.12/site-packages/airflow/example_dags/example_workday_timetable.py took 0.163 seconds
[2025-02-10T13:27:51.761+0600] {processor.py:186} INFO - Started process (PID=18067) to work on /home/shamim/airflow_git/Airflow_project/air_venv/lib/python3.12/site-packages/airflow/example_dags/example_workday_timetable.py
[2025-02-10T13:27:51.766+0600] {processor.py:914} INFO - Processing file /home/shamim/airflow_git/Airflow_project/air_venv/lib/python3.12/site-packages/airflow/example_dags/example_workday_timetable.py for tasks to queue
[2025-02-10T13:27:51.769+0600] {logging_mixin.py:190} INFO - [2025-02-10T13:27:51.768+0600] {dagbag.py:588} INFO - Filling up the DagBag from /home/shamim/airflow_git/Airflow_project/air_venv/lib/python3.12/site-packages/airflow/example_dags/example_workday_timetable.py
[2025-02-10T13:27:51.779+0600] {processor.py:925} INFO - DAG(s) 'example_workday_timetable' retrieved from /home/shamim/airflow_git/Airflow_project/air_venv/lib/python3.12/site-packages/airflow/example_dags/example_workday_timetable.py
[2025-02-10T13:27:51.797+0600] {logging_mixin.py:190} INFO - [2025-02-10T13:27:51.797+0600] {dag.py:3239} INFO - Sync 1 DAGs
[2025-02-10T13:27:51.871+0600] {logging_mixin.py:190} INFO - [2025-02-10T13:27:51.871+0600] {dag.py:4180} INFO - Setting next_dagrun for example_workday_timetable to 2021-01-04 00:00:00+00:00, run_after=2021-01-05 00:00:00+00:00
[2025-02-10T13:27:51.908+0600] {processor.py:208} INFO - Processing /home/shamim/airflow_git/Airflow_project/air_venv/lib/python3.12/site-packages/airflow/example_dags/example_workday_timetable.py took 0.160 seconds
[2025-02-10T13:28:37.211+0600] {processor.py:186} INFO - Started process (PID=18435) to work on /home/shamim/airflow_git/Airflow_project/air_venv/lib/python3.12/site-packages/airflow/example_dags/example_workday_timetable.py
[2025-02-10T13:28:37.218+0600] {processor.py:914} INFO - Processing file /home/shamim/airflow_git/Airflow_project/air_venv/lib/python3.12/site-packages/airflow/example_dags/example_workday_timetable.py for tasks to queue
[2025-02-10T13:28:37.220+0600] {logging_mixin.py:190} INFO - [2025-02-10T13:28:37.219+0600] {dagbag.py:588} INFO - Filling up the DagBag from /home/shamim/airflow_git/Airflow_project/air_venv/lib/python3.12/site-packages/airflow/example_dags/example_workday_timetable.py
[2025-02-10T13:28:37.231+0600] {processor.py:925} INFO - DAG(s) 'example_workday_timetable' retrieved from /home/shamim/airflow_git/Airflow_project/air_venv/lib/python3.12/site-packages/airflow/example_dags/example_workday_timetable.py
[2025-02-10T13:28:37.250+0600] {logging_mixin.py:190} INFO - [2025-02-10T13:28:37.249+0600] {dag.py:3239} INFO - Sync 1 DAGs
[2025-02-10T13:28:37.325+0600] {logging_mixin.py:190} INFO - [2025-02-10T13:28:37.325+0600] {dag.py:4180} INFO - Setting next_dagrun for example_workday_timetable to 2021-01-04 00:00:00+00:00, run_after=2021-01-05 00:00:00+00:00
[2025-02-10T13:28:37.363+0600] {processor.py:208} INFO - Processing /home/shamim/airflow_git/Airflow_project/air_venv/lib/python3.12/site-packages/airflow/example_dags/example_workday_timetable.py took 0.166 seconds
[2025-02-10T13:29:55.601+0600] {processor.py:186} INFO - Started process (PID=18763) to work on /home/shamim/airflow_git/Airflow_project/air_venv/lib/python3.12/site-packages/airflow/example_dags/example_workday_timetable.py
[2025-02-10T13:29:55.617+0600] {processor.py:914} INFO - Processing file /home/shamim/airflow_git/Airflow_project/air_venv/lib/python3.12/site-packages/airflow/example_dags/example_workday_timetable.py for tasks to queue
[2025-02-10T13:29:55.619+0600] {logging_mixin.py:190} INFO - [2025-02-10T13:29:55.618+0600] {dagbag.py:588} INFO - Filling up the DagBag from /home/shamim/airflow_git/Airflow_project/air_venv/lib/python3.12/site-packages/airflow/example_dags/example_workday_timetable.py
[2025-02-10T13:29:55.628+0600] {processor.py:925} INFO - DAG(s) 'example_workday_timetable' retrieved from /home/shamim/airflow_git/Airflow_project/air_venv/lib/python3.12/site-packages/airflow/example_dags/example_workday_timetable.py
[2025-02-10T13:29:55.648+0600] {logging_mixin.py:190} INFO - [2025-02-10T13:29:55.648+0600] {dag.py:3239} INFO - Sync 1 DAGs
[2025-02-10T13:29:55.725+0600] {logging_mixin.py:190} INFO - [2025-02-10T13:29:55.725+0600] {dag.py:4180} INFO - Setting next_dagrun for example_workday_timetable to 2021-01-04 00:00:00+00:00, run_after=2021-01-05 00:00:00+00:00
[2025-02-10T13:29:55.906+0600] {processor.py:208} INFO - Processing /home/shamim/airflow_git/Airflow_project/air_venv/lib/python3.12/site-packages/airflow/example_dags/example_workday_timetable.py took 0.316 seconds
[2025-02-10T13:30:43.247+0600] {processor.py:186} INFO - Started process (PID=18841) to work on /home/shamim/airflow_git/Airflow_project/air_venv/lib/python3.12/site-packages/airflow/example_dags/example_workday_timetable.py
[2025-02-10T13:30:43.253+0600] {processor.py:914} INFO - Processing file /home/shamim/airflow_git/Airflow_project/air_venv/lib/python3.12/site-packages/airflow/example_dags/example_workday_timetable.py for tasks to queue
[2025-02-10T13:30:43.255+0600] {logging_mixin.py:190} INFO - [2025-02-10T13:30:43.255+0600] {dagbag.py:588} INFO - Filling up the DagBag from /home/shamim/airflow_git/Airflow_project/air_venv/lib/python3.12/site-packages/airflow/example_dags/example_workday_timetable.py
[2025-02-10T13:30:43.264+0600] {processor.py:925} INFO - DAG(s) 'example_workday_timetable' retrieved from /home/shamim/airflow_git/Airflow_project/air_venv/lib/python3.12/site-packages/airflow/example_dags/example_workday_timetable.py
[2025-02-10T13:30:43.282+0600] {logging_mixin.py:190} INFO - [2025-02-10T13:30:43.281+0600] {dag.py:3239} INFO - Sync 1 DAGs
[2025-02-10T13:30:43.356+0600] {logging_mixin.py:190} INFO - [2025-02-10T13:30:43.356+0600] {dag.py:4180} INFO - Setting next_dagrun for example_workday_timetable to 2021-01-04 00:00:00+00:00, run_after=2021-01-05 00:00:00+00:00
[2025-02-10T13:30:43.390+0600] {processor.py:208} INFO - Processing /home/shamim/airflow_git/Airflow_project/air_venv/lib/python3.12/site-packages/airflow/example_dags/example_workday_timetable.py took 0.155 seconds
[2025-02-10T13:31:57.979+0600] {processor.py:186} INFO - Started process (PID=18953) to work on /home/shamim/airflow_git/Airflow_project/air_venv/lib/python3.12/site-packages/airflow/example_dags/example_workday_timetable.py
[2025-02-10T13:31:57.996+0600] {processor.py:914} INFO - Processing file /home/shamim/airflow_git/Airflow_project/air_venv/lib/python3.12/site-packages/airflow/example_dags/example_workday_timetable.py for tasks to queue
[2025-02-10T13:31:57.998+0600] {logging_mixin.py:190} INFO - [2025-02-10T13:31:57.997+0600] {dagbag.py:588} INFO - Filling up the DagBag from /home/shamim/airflow_git/Airflow_project/air_venv/lib/python3.12/site-packages/airflow/example_dags/example_workday_timetable.py
[2025-02-10T13:31:58.008+0600] {processor.py:925} INFO - DAG(s) 'example_workday_timetable' retrieved from /home/shamim/airflow_git/Airflow_project/air_venv/lib/python3.12/site-packages/airflow/example_dags/example_workday_timetable.py
[2025-02-10T13:31:58.030+0600] {logging_mixin.py:190} INFO - [2025-02-10T13:31:58.030+0600] {dag.py:3239} INFO - Sync 1 DAGs
[2025-02-10T13:31:58.117+0600] {logging_mixin.py:190} INFO - [2025-02-10T13:31:58.117+0600] {dag.py:4180} INFO - Setting next_dagrun for example_workday_timetable to 2021-01-04 00:00:00+00:00, run_after=2021-01-05 00:00:00+00:00
[2025-02-10T13:31:58.165+0600] {processor.py:208} INFO - Processing /home/shamim/airflow_git/Airflow_project/air_venv/lib/python3.12/site-packages/airflow/example_dags/example_workday_timetable.py took 0.200 seconds
[2025-02-10T13:33:15.587+0600] {processor.py:186} INFO - Started process (PID=19103) to work on /home/shamim/airflow_git/Airflow_project/air_venv/lib/python3.12/site-packages/airflow/example_dags/example_workday_timetable.py
[2025-02-10T13:33:15.593+0600] {processor.py:914} INFO - Processing file /home/shamim/airflow_git/Airflow_project/air_venv/lib/python3.12/site-packages/airflow/example_dags/example_workday_timetable.py for tasks to queue
[2025-02-10T13:33:15.595+0600] {logging_mixin.py:190} INFO - [2025-02-10T13:33:15.595+0600] {dagbag.py:588} INFO - Filling up the DagBag from /home/shamim/airflow_git/Airflow_project/air_venv/lib/python3.12/site-packages/airflow/example_dags/example_workday_timetable.py
[2025-02-10T13:33:15.603+0600] {processor.py:925} INFO - DAG(s) 'example_workday_timetable' retrieved from /home/shamim/airflow_git/Airflow_project/air_venv/lib/python3.12/site-packages/airflow/example_dags/example_workday_timetable.py
[2025-02-10T13:33:15.622+0600] {logging_mixin.py:190} INFO - [2025-02-10T13:33:15.621+0600] {dag.py:3239} INFO - Sync 1 DAGs
[2025-02-10T13:33:15.849+0600] {logging_mixin.py:190} INFO - [2025-02-10T13:33:15.849+0600] {dag.py:4180} INFO - Setting next_dagrun for example_workday_timetable to 2021-01-04 00:00:00+00:00, run_after=2021-01-05 00:00:00+00:00
[2025-02-10T13:33:15.875+0600] {processor.py:208} INFO - Processing /home/shamim/airflow_git/Airflow_project/air_venv/lib/python3.12/site-packages/airflow/example_dags/example_workday_timetable.py took 0.299 seconds
[2025-02-10T13:34:34.954+0600] {processor.py:186} INFO - Started process (PID=19335) to work on /home/shamim/airflow_git/Airflow_project/air_venv/lib/python3.12/site-packages/airflow/example_dags/example_workday_timetable.py
[2025-02-10T13:34:34.961+0600] {processor.py:914} INFO - Processing file /home/shamim/airflow_git/Airflow_project/air_venv/lib/python3.12/site-packages/airflow/example_dags/example_workday_timetable.py for tasks to queue
[2025-02-10T13:34:34.965+0600] {logging_mixin.py:190} INFO - [2025-02-10T13:34:34.964+0600] {dagbag.py:588} INFO - Filling up the DagBag from /home/shamim/airflow_git/Airflow_project/air_venv/lib/python3.12/site-packages/airflow/example_dags/example_workday_timetable.py
[2025-02-10T13:34:34.981+0600] {processor.py:925} INFO - DAG(s) 'example_workday_timetable' retrieved from /home/shamim/airflow_git/Airflow_project/air_venv/lib/python3.12/site-packages/airflow/example_dags/example_workday_timetable.py
[2025-02-10T13:34:35.000+0600] {logging_mixin.py:190} INFO - [2025-02-10T13:34:35.000+0600] {dag.py:3239} INFO - Sync 1 DAGs
[2025-02-10T13:34:35.234+0600] {logging_mixin.py:190} INFO - [2025-02-10T13:34:35.233+0600] {dag.py:4180} INFO - Setting next_dagrun for example_workday_timetable to 2021-01-04 00:00:00+00:00, run_after=2021-01-05 00:00:00+00:00
[2025-02-10T13:34:35.257+0600] {processor.py:208} INFO - Processing /home/shamim/airflow_git/Airflow_project/air_venv/lib/python3.12/site-packages/airflow/example_dags/example_workday_timetable.py took 0.318 seconds
[2025-02-10T13:35:49.950+0600] {processor.py:186} INFO - Started process (PID=19459) to work on /home/shamim/airflow_git/Airflow_project/air_venv/lib/python3.12/site-packages/airflow/example_dags/example_workday_timetable.py
[2025-02-10T13:35:49.965+0600] {processor.py:914} INFO - Processing file /home/shamim/airflow_git/Airflow_project/air_venv/lib/python3.12/site-packages/airflow/example_dags/example_workday_timetable.py for tasks to queue
[2025-02-10T13:35:49.967+0600] {logging_mixin.py:190} INFO - [2025-02-10T13:35:49.966+0600] {dagbag.py:588} INFO - Filling up the DagBag from /home/shamim/airflow_git/Airflow_project/air_venv/lib/python3.12/site-packages/airflow/example_dags/example_workday_timetable.py
[2025-02-10T13:35:49.974+0600] {processor.py:925} INFO - DAG(s) 'example_workday_timetable' retrieved from /home/shamim/airflow_git/Airflow_project/air_venv/lib/python3.12/site-packages/airflow/example_dags/example_workday_timetable.py
[2025-02-10T13:35:49.992+0600] {logging_mixin.py:190} INFO - [2025-02-10T13:35:49.991+0600] {dag.py:3239} INFO - Sync 1 DAGs
[2025-02-10T13:35:50.223+0600] {logging_mixin.py:190} INFO - [2025-02-10T13:35:50.223+0600] {dag.py:4180} INFO - Setting next_dagrun for example_workday_timetable to 2021-01-04 00:00:00+00:00, run_after=2021-01-05 00:00:00+00:00
[2025-02-10T13:35:50.248+0600] {processor.py:208} INFO - Processing /home/shamim/airflow_git/Airflow_project/air_venv/lib/python3.12/site-packages/airflow/example_dags/example_workday_timetable.py took 0.309 seconds
[2025-02-10T13:37:18.322+0600] {processor.py:186} INFO - Started process (PID=19580) to work on /home/shamim/airflow_git/Airflow_project/air_venv/lib/python3.12/site-packages/airflow/example_dags/example_workday_timetable.py
[2025-02-10T13:37:18.328+0600] {processor.py:914} INFO - Processing file /home/shamim/airflow_git/Airflow_project/air_venv/lib/python3.12/site-packages/airflow/example_dags/example_workday_timetable.py for tasks to queue
[2025-02-10T13:37:18.330+0600] {logging_mixin.py:190} INFO - [2025-02-10T13:37:18.329+0600] {dagbag.py:588} INFO - Filling up the DagBag from /home/shamim/airflow_git/Airflow_project/air_venv/lib/python3.12/site-packages/airflow/example_dags/example_workday_timetable.py
[2025-02-10T13:37:18.337+0600] {processor.py:925} INFO - DAG(s) 'example_workday_timetable' retrieved from /home/shamim/airflow_git/Airflow_project/air_venv/lib/python3.12/site-packages/airflow/example_dags/example_workday_timetable.py
[2025-02-10T13:37:18.354+0600] {logging_mixin.py:190} INFO - [2025-02-10T13:37:18.354+0600] {dag.py:3239} INFO - Sync 1 DAGs
[2025-02-10T13:37:18.429+0600] {logging_mixin.py:190} INFO - [2025-02-10T13:37:18.429+0600] {dag.py:4180} INFO - Setting next_dagrun for example_workday_timetable to 2021-01-04 00:00:00+00:00, run_after=2021-01-05 00:00:00+00:00
[2025-02-10T13:37:18.463+0600] {processor.py:208} INFO - Processing /home/shamim/airflow_git/Airflow_project/air_venv/lib/python3.12/site-packages/airflow/example_dags/example_workday_timetable.py took 0.150 seconds
[2025-02-10T13:38:33.466+0600] {processor.py:186} INFO - Started process (PID=19726) to work on /home/shamim/airflow_git/Airflow_project/air_venv/lib/python3.12/site-packages/airflow/example_dags/example_workday_timetable.py
[2025-02-10T13:38:33.473+0600] {processor.py:914} INFO - Processing file /home/shamim/airflow_git/Airflow_project/air_venv/lib/python3.12/site-packages/airflow/example_dags/example_workday_timetable.py for tasks to queue
[2025-02-10T13:38:33.475+0600] {logging_mixin.py:190} INFO - [2025-02-10T13:38:33.474+0600] {dagbag.py:588} INFO - Filling up the DagBag from /home/shamim/airflow_git/Airflow_project/air_venv/lib/python3.12/site-packages/airflow/example_dags/example_workday_timetable.py
[2025-02-10T13:38:33.483+0600] {processor.py:925} INFO - DAG(s) 'example_workday_timetable' retrieved from /home/shamim/airflow_git/Airflow_project/air_venv/lib/python3.12/site-packages/airflow/example_dags/example_workday_timetable.py
[2025-02-10T13:38:33.501+0600] {logging_mixin.py:190} INFO - [2025-02-10T13:38:33.500+0600] {dag.py:3239} INFO - Sync 1 DAGs
[2025-02-10T13:38:33.575+0600] {logging_mixin.py:190} INFO - [2025-02-10T13:38:33.575+0600] {dag.py:4180} INFO - Setting next_dagrun for example_workday_timetable to 2021-01-04 00:00:00+00:00, run_after=2021-01-05 00:00:00+00:00
[2025-02-10T13:38:33.610+0600] {processor.py:208} INFO - Processing /home/shamim/airflow_git/Airflow_project/air_venv/lib/python3.12/site-packages/airflow/example_dags/example_workday_timetable.py took 0.154 seconds
[2025-02-10T13:39:53.200+0600] {processor.py:186} INFO - Started process (PID=19874) to work on /home/shamim/airflow_git/Airflow_project/air_venv/lib/python3.12/site-packages/airflow/example_dags/example_workday_timetable.py
[2025-02-10T13:39:53.224+0600] {processor.py:914} INFO - Processing file /home/shamim/airflow_git/Airflow_project/air_venv/lib/python3.12/site-packages/airflow/example_dags/example_workday_timetable.py for tasks to queue
[2025-02-10T13:39:53.226+0600] {logging_mixin.py:190} INFO - [2025-02-10T13:39:53.225+0600] {dagbag.py:588} INFO - Filling up the DagBag from /home/shamim/airflow_git/Airflow_project/air_venv/lib/python3.12/site-packages/airflow/example_dags/example_workday_timetable.py
[2025-02-10T13:39:53.233+0600] {processor.py:925} INFO - DAG(s) 'example_workday_timetable' retrieved from /home/shamim/airflow_git/Airflow_project/air_venv/lib/python3.12/site-packages/airflow/example_dags/example_workday_timetable.py
[2025-02-10T13:39:53.250+0600] {logging_mixin.py:190} INFO - [2025-02-10T13:39:53.249+0600] {dag.py:3239} INFO - Sync 1 DAGs
[2025-02-10T13:39:53.324+0600] {logging_mixin.py:190} INFO - [2025-02-10T13:39:53.324+0600] {dag.py:4180} INFO - Setting next_dagrun for example_workday_timetable to 2021-01-04 00:00:00+00:00, run_after=2021-01-05 00:00:00+00:00
[2025-02-10T13:39:53.359+0600] {processor.py:208} INFO - Processing /home/shamim/airflow_git/Airflow_project/air_venv/lib/python3.12/site-packages/airflow/example_dags/example_workday_timetable.py took 0.173 seconds
[2025-02-10T13:41:18.573+0600] {processor.py:186} INFO - Started process (PID=19997) to work on /home/shamim/airflow_git/Airflow_project/air_venv/lib/python3.12/site-packages/airflow/example_dags/example_workday_timetable.py
[2025-02-10T13:41:18.575+0600] {processor.py:914} INFO - Processing file /home/shamim/airflow_git/Airflow_project/air_venv/lib/python3.12/site-packages/airflow/example_dags/example_workday_timetable.py for tasks to queue
[2025-02-10T13:41:18.576+0600] {logging_mixin.py:190} INFO - [2025-02-10T13:41:18.576+0600] {dagbag.py:588} INFO - Filling up the DagBag from /home/shamim/airflow_git/Airflow_project/air_venv/lib/python3.12/site-packages/airflow/example_dags/example_workday_timetable.py
[2025-02-10T13:41:18.585+0600] {processor.py:925} INFO - DAG(s) 'example_workday_timetable' retrieved from /home/shamim/airflow_git/Airflow_project/air_venv/lib/python3.12/site-packages/airflow/example_dags/example_workday_timetable.py
[2025-02-10T13:41:18.602+0600] {logging_mixin.py:190} INFO - [2025-02-10T13:41:18.602+0600] {dag.py:3239} INFO - Sync 1 DAGs
[2025-02-10T13:41:18.677+0600] {logging_mixin.py:190} INFO - [2025-02-10T13:41:18.677+0600] {dag.py:4180} INFO - Setting next_dagrun for example_workday_timetable to 2021-01-04 00:00:00+00:00, run_after=2021-01-05 00:00:00+00:00
[2025-02-10T13:41:18.699+0600] {processor.py:208} INFO - Processing /home/shamim/airflow_git/Airflow_project/air_venv/lib/python3.12/site-packages/airflow/example_dags/example_workday_timetable.py took 0.136 seconds
[2025-02-10T13:42:37.830+0600] {processor.py:186} INFO - Started process (PID=20140) to work on /home/shamim/airflow_git/Airflow_project/air_venv/lib/python3.12/site-packages/airflow/example_dags/example_workday_timetable.py
[2025-02-10T13:42:37.836+0600] {processor.py:914} INFO - Processing file /home/shamim/airflow_git/Airflow_project/air_venv/lib/python3.12/site-packages/airflow/example_dags/example_workday_timetable.py for tasks to queue
[2025-02-10T13:42:37.838+0600] {logging_mixin.py:190} INFO - [2025-02-10T13:42:37.838+0600] {dagbag.py:588} INFO - Filling up the DagBag from /home/shamim/airflow_git/Airflow_project/air_venv/lib/python3.12/site-packages/airflow/example_dags/example_workday_timetable.py
[2025-02-10T13:42:37.846+0600] {processor.py:925} INFO - DAG(s) 'example_workday_timetable' retrieved from /home/shamim/airflow_git/Airflow_project/air_venv/lib/python3.12/site-packages/airflow/example_dags/example_workday_timetable.py
[2025-02-10T13:42:37.865+0600] {logging_mixin.py:190} INFO - [2025-02-10T13:42:37.864+0600] {dag.py:3239} INFO - Sync 1 DAGs
[2025-02-10T13:42:37.939+0600] {logging_mixin.py:190} INFO - [2025-02-10T13:42:37.938+0600] {dag.py:4180} INFO - Setting next_dagrun for example_workday_timetable to 2021-01-04 00:00:00+00:00, run_after=2021-01-05 00:00:00+00:00
[2025-02-10T13:42:37.974+0600] {processor.py:208} INFO - Processing /home/shamim/airflow_git/Airflow_project/air_venv/lib/python3.12/site-packages/airflow/example_dags/example_workday_timetable.py took 0.157 seconds
[2025-02-10T13:43:51.032+0600] {processor.py:186} INFO - Started process (PID=20275) to work on /home/shamim/airflow_git/Airflow_project/air_venv/lib/python3.12/site-packages/airflow/example_dags/example_workday_timetable.py
[2025-02-10T13:43:51.046+0600] {processor.py:914} INFO - Processing file /home/shamim/airflow_git/Airflow_project/air_venv/lib/python3.12/site-packages/airflow/example_dags/example_workday_timetable.py for tasks to queue
[2025-02-10T13:43:51.047+0600] {logging_mixin.py:190} INFO - [2025-02-10T13:43:51.047+0600] {dagbag.py:588} INFO - Filling up the DagBag from /home/shamim/airflow_git/Airflow_project/air_venv/lib/python3.12/site-packages/airflow/example_dags/example_workday_timetable.py
[2025-02-10T13:43:51.055+0600] {processor.py:925} INFO - DAG(s) 'example_workday_timetable' retrieved from /home/shamim/airflow_git/Airflow_project/air_venv/lib/python3.12/site-packages/airflow/example_dags/example_workday_timetable.py
[2025-02-10T13:43:51.074+0600] {logging_mixin.py:190} INFO - [2025-02-10T13:43:51.074+0600] {dag.py:3239} INFO - Sync 1 DAGs
[2025-02-10T13:43:51.148+0600] {logging_mixin.py:190} INFO - [2025-02-10T13:43:51.148+0600] {dag.py:4180} INFO - Setting next_dagrun for example_workday_timetable to 2021-01-04 00:00:00+00:00, run_after=2021-01-05 00:00:00+00:00
[2025-02-10T13:43:51.172+0600] {processor.py:208} INFO - Processing /home/shamim/airflow_git/Airflow_project/air_venv/lib/python3.12/site-packages/airflow/example_dags/example_workday_timetable.py took 0.151 seconds
[2025-02-10T13:45:05.694+0600] {processor.py:186} INFO - Started process (PID=20414) to work on /home/shamim/airflow_git/Airflow_project/air_venv/lib/python3.12/site-packages/airflow/example_dags/example_workday_timetable.py
[2025-02-10T13:45:05.700+0600] {processor.py:914} INFO - Processing file /home/shamim/airflow_git/Airflow_project/air_venv/lib/python3.12/site-packages/airflow/example_dags/example_workday_timetable.py for tasks to queue
[2025-02-10T13:45:05.702+0600] {logging_mixin.py:190} INFO - [2025-02-10T13:45:05.701+0600] {dagbag.py:588} INFO - Filling up the DagBag from /home/shamim/airflow_git/Airflow_project/air_venv/lib/python3.12/site-packages/airflow/example_dags/example_workday_timetable.py
[2025-02-10T13:45:05.709+0600] {processor.py:925} INFO - DAG(s) 'example_workday_timetable' retrieved from /home/shamim/airflow_git/Airflow_project/air_venv/lib/python3.12/site-packages/airflow/example_dags/example_workday_timetable.py
[2025-02-10T13:45:05.726+0600] {logging_mixin.py:190} INFO - [2025-02-10T13:45:05.726+0600] {dag.py:3239} INFO - Sync 1 DAGs
[2025-02-10T13:45:05.800+0600] {logging_mixin.py:190} INFO - [2025-02-10T13:45:05.799+0600] {dag.py:4180} INFO - Setting next_dagrun for example_workday_timetable to 2021-01-04 00:00:00+00:00, run_after=2021-01-05 00:00:00+00:00
[2025-02-10T13:45:05.834+0600] {processor.py:208} INFO - Processing /home/shamim/airflow_git/Airflow_project/air_venv/lib/python3.12/site-packages/airflow/example_dags/example_workday_timetable.py took 0.149 seconds
[2025-02-10T13:46:16.169+0600] {processor.py:186} INFO - Started process (PID=20533) to work on /home/shamim/airflow_git/Airflow_project/air_venv/lib/python3.12/site-packages/airflow/example_dags/example_workday_timetable.py
[2025-02-10T13:46:16.172+0600] {processor.py:914} INFO - Processing file /home/shamim/airflow_git/Airflow_project/air_venv/lib/python3.12/site-packages/airflow/example_dags/example_workday_timetable.py for tasks to queue
[2025-02-10T13:46:16.173+0600] {logging_mixin.py:190} INFO - [2025-02-10T13:46:16.173+0600] {dagbag.py:588} INFO - Filling up the DagBag from /home/shamim/airflow_git/Airflow_project/air_venv/lib/python3.12/site-packages/airflow/example_dags/example_workday_timetable.py
[2025-02-10T13:46:16.181+0600] {processor.py:925} INFO - DAG(s) 'example_workday_timetable' retrieved from /home/shamim/airflow_git/Airflow_project/air_venv/lib/python3.12/site-packages/airflow/example_dags/example_workday_timetable.py
[2025-02-10T13:46:16.198+0600] {logging_mixin.py:190} INFO - [2025-02-10T13:46:16.198+0600] {dag.py:3239} INFO - Sync 1 DAGs
[2025-02-10T13:46:16.272+0600] {logging_mixin.py:190} INFO - [2025-02-10T13:46:16.272+0600] {dag.py:4180} INFO - Setting next_dagrun for example_workday_timetable to 2021-01-04 00:00:00+00:00, run_after=2021-01-05 00:00:00+00:00
[2025-02-10T13:46:16.297+0600] {processor.py:208} INFO - Processing /home/shamim/airflow_git/Airflow_project/air_venv/lib/python3.12/site-packages/airflow/example_dags/example_workday_timetable.py took 0.137 seconds
[2025-02-10T13:47:31.708+0600] {processor.py:186} INFO - Started process (PID=20903) to work on /home/shamim/airflow_git/Airflow_project/air_venv/lib/python3.12/site-packages/airflow/example_dags/example_workday_timetable.py
[2025-02-10T13:47:31.716+0600] {processor.py:914} INFO - Processing file /home/shamim/airflow_git/Airflow_project/air_venv/lib/python3.12/site-packages/airflow/example_dags/example_workday_timetable.py for tasks to queue
[2025-02-10T13:47:31.718+0600] {logging_mixin.py:190} INFO - [2025-02-10T13:47:31.717+0600] {dagbag.py:588} INFO - Filling up the DagBag from /home/shamim/airflow_git/Airflow_project/air_venv/lib/python3.12/site-packages/airflow/example_dags/example_workday_timetable.py
[2025-02-10T13:47:31.737+0600] {processor.py:925} INFO - DAG(s) 'example_workday_timetable' retrieved from /home/shamim/airflow_git/Airflow_project/air_venv/lib/python3.12/site-packages/airflow/example_dags/example_workday_timetable.py
[2025-02-10T13:47:31.766+0600] {logging_mixin.py:190} INFO - [2025-02-10T13:47:31.766+0600] {dag.py:3239} INFO - Sync 1 DAGs
[2025-02-10T13:47:31.941+0600] {logging_mixin.py:190} INFO - [2025-02-10T13:47:31.940+0600] {dag.py:4180} INFO - Setting next_dagrun for example_workday_timetable to 2021-01-04 00:00:00+00:00, run_after=2021-01-05 00:00:00+00:00
[2025-02-10T13:47:31.994+0600] {processor.py:208} INFO - Processing /home/shamim/airflow_git/Airflow_project/air_venv/lib/python3.12/site-packages/airflow/example_dags/example_workday_timetable.py took 0.301 seconds
[2025-02-10T13:48:47.594+0600] {processor.py:186} INFO - Started process (PID=21077) to work on /home/shamim/airflow_git/Airflow_project/air_venv/lib/python3.12/site-packages/airflow/example_dags/example_workday_timetable.py
[2025-02-10T13:48:47.595+0600] {processor.py:914} INFO - Processing file /home/shamim/airflow_git/Airflow_project/air_venv/lib/python3.12/site-packages/airflow/example_dags/example_workday_timetable.py for tasks to queue
[2025-02-10T13:48:47.597+0600] {logging_mixin.py:190} INFO - [2025-02-10T13:48:47.596+0600] {dagbag.py:588} INFO - Filling up the DagBag from /home/shamim/airflow_git/Airflow_project/air_venv/lib/python3.12/site-packages/airflow/example_dags/example_workday_timetable.py
[2025-02-10T13:48:47.604+0600] {processor.py:925} INFO - DAG(s) 'example_workday_timetable' retrieved from /home/shamim/airflow_git/Airflow_project/air_venv/lib/python3.12/site-packages/airflow/example_dags/example_workday_timetable.py
[2025-02-10T13:48:47.622+0600] {logging_mixin.py:190} INFO - [2025-02-10T13:48:47.622+0600] {dag.py:3239} INFO - Sync 1 DAGs
[2025-02-10T13:48:47.709+0600] {logging_mixin.py:190} INFO - [2025-02-10T13:48:47.708+0600] {dag.py:4180} INFO - Setting next_dagrun for example_workday_timetable to 2021-01-04 00:00:00+00:00, run_after=2021-01-05 00:00:00+00:00
[2025-02-10T13:48:47.733+0600] {processor.py:208} INFO - Processing /home/shamim/airflow_git/Airflow_project/air_venv/lib/python3.12/site-packages/airflow/example_dags/example_workday_timetable.py took 0.148 seconds
[2025-02-10T13:49:59.298+0600] {processor.py:186} INFO - Started process (PID=21223) to work on /home/shamim/airflow_git/Airflow_project/air_venv/lib/python3.12/site-packages/airflow/example_dags/example_workday_timetable.py
[2025-02-10T13:49:59.302+0600] {processor.py:914} INFO - Processing file /home/shamim/airflow_git/Airflow_project/air_venv/lib/python3.12/site-packages/airflow/example_dags/example_workday_timetable.py for tasks to queue
[2025-02-10T13:49:59.303+0600] {logging_mixin.py:190} INFO - [2025-02-10T13:49:59.303+0600] {dagbag.py:588} INFO - Filling up the DagBag from /home/shamim/airflow_git/Airflow_project/air_venv/lib/python3.12/site-packages/airflow/example_dags/example_workday_timetable.py
[2025-02-10T13:49:59.311+0600] {processor.py:925} INFO - DAG(s) 'example_workday_timetable' retrieved from /home/shamim/airflow_git/Airflow_project/air_venv/lib/python3.12/site-packages/airflow/example_dags/example_workday_timetable.py
[2025-02-10T13:49:59.328+0600] {logging_mixin.py:190} INFO - [2025-02-10T13:49:59.327+0600] {dag.py:3239} INFO - Sync 1 DAGs
[2025-02-10T13:49:59.401+0600] {logging_mixin.py:190} INFO - [2025-02-10T13:49:59.401+0600] {dag.py:4180} INFO - Setting next_dagrun for example_workday_timetable to 2021-01-04 00:00:00+00:00, run_after=2021-01-05 00:00:00+00:00
[2025-02-10T13:49:59.423+0600] {processor.py:208} INFO - Processing /home/shamim/airflow_git/Airflow_project/air_venv/lib/python3.12/site-packages/airflow/example_dags/example_workday_timetable.py took 0.134 seconds
[2025-02-10T13:51:10.033+0600] {processor.py:186} INFO - Started process (PID=21312) to work on /home/shamim/airflow_git/Airflow_project/air_venv/lib/python3.12/site-packages/airflow/example_dags/example_workday_timetable.py
[2025-02-10T13:51:10.040+0600] {processor.py:914} INFO - Processing file /home/shamim/airflow_git/Airflow_project/air_venv/lib/python3.12/site-packages/airflow/example_dags/example_workday_timetable.py for tasks to queue
[2025-02-10T13:51:10.041+0600] {logging_mixin.py:190} INFO - [2025-02-10T13:51:10.041+0600] {dagbag.py:588} INFO - Filling up the DagBag from /home/shamim/airflow_git/Airflow_project/air_venv/lib/python3.12/site-packages/airflow/example_dags/example_workday_timetable.py
[2025-02-10T13:51:10.049+0600] {processor.py:925} INFO - DAG(s) 'example_workday_timetable' retrieved from /home/shamim/airflow_git/Airflow_project/air_venv/lib/python3.12/site-packages/airflow/example_dags/example_workday_timetable.py
[2025-02-10T13:51:10.066+0600] {logging_mixin.py:190} INFO - [2025-02-10T13:51:10.066+0600] {dag.py:3239} INFO - Sync 1 DAGs
[2025-02-10T13:51:10.141+0600] {logging_mixin.py:190} INFO - [2025-02-10T13:51:10.140+0600] {dag.py:4180} INFO - Setting next_dagrun for example_workday_timetable to 2021-01-04 00:00:00+00:00, run_after=2021-01-05 00:00:00+00:00
[2025-02-10T13:51:10.163+0600] {processor.py:208} INFO - Processing /home/shamim/airflow_git/Airflow_project/air_venv/lib/python3.12/site-packages/airflow/example_dags/example_workday_timetable.py took 0.140 seconds
[2025-02-10T13:52:31.658+0600] {processor.py:186} INFO - Started process (PID=21437) to work on /home/shamim/airflow_git/Airflow_project/air_venv/lib/python3.12/site-packages/airflow/example_dags/example_workday_timetable.py
[2025-02-10T13:52:31.671+0600] {processor.py:914} INFO - Processing file /home/shamim/airflow_git/Airflow_project/air_venv/lib/python3.12/site-packages/airflow/example_dags/example_workday_timetable.py for tasks to queue
[2025-02-10T13:52:31.673+0600] {logging_mixin.py:190} INFO - [2025-02-10T13:52:31.673+0600] {dagbag.py:588} INFO - Filling up the DagBag from /home/shamim/airflow_git/Airflow_project/air_venv/lib/python3.12/site-packages/airflow/example_dags/example_workday_timetable.py
[2025-02-10T13:52:31.684+0600] {processor.py:925} INFO - DAG(s) 'example_workday_timetable' retrieved from /home/shamim/airflow_git/Airflow_project/air_venv/lib/python3.12/site-packages/airflow/example_dags/example_workday_timetable.py
[2025-02-10T13:52:31.705+0600] {logging_mixin.py:190} INFO - [2025-02-10T13:52:31.705+0600] {dag.py:3239} INFO - Sync 1 DAGs
[2025-02-10T13:52:31.810+0600] {logging_mixin.py:190} INFO - [2025-02-10T13:52:31.810+0600] {dag.py:4180} INFO - Setting next_dagrun for example_workday_timetable to 2021-01-04 00:00:00+00:00, run_after=2021-01-05 00:00:00+00:00
[2025-02-10T13:52:31.871+0600] {processor.py:208} INFO - Processing /home/shamim/airflow_git/Airflow_project/air_venv/lib/python3.12/site-packages/airflow/example_dags/example_workday_timetable.py took 0.228 seconds
[2025-02-10T13:53:53.839+0600] {processor.py:186} INFO - Started process (PID=21667) to work on /home/shamim/airflow_git/Airflow_project/air_venv/lib/python3.12/site-packages/airflow/example_dags/example_workday_timetable.py
[2025-02-10T13:53:53.841+0600] {processor.py:914} INFO - Processing file /home/shamim/airflow_git/Airflow_project/air_venv/lib/python3.12/site-packages/airflow/example_dags/example_workday_timetable.py for tasks to queue
[2025-02-10T13:53:53.843+0600] {logging_mixin.py:190} INFO - [2025-02-10T13:53:53.842+0600] {dagbag.py:588} INFO - Filling up the DagBag from /home/shamim/airflow_git/Airflow_project/air_venv/lib/python3.12/site-packages/airflow/example_dags/example_workday_timetable.py
[2025-02-10T13:53:53.852+0600] {processor.py:925} INFO - DAG(s) 'example_workday_timetable' retrieved from /home/shamim/airflow_git/Airflow_project/air_venv/lib/python3.12/site-packages/airflow/example_dags/example_workday_timetable.py
[2025-02-10T13:53:53.869+0600] {logging_mixin.py:190} INFO - [2025-02-10T13:53:53.869+0600] {dag.py:3239} INFO - Sync 1 DAGs
[2025-02-10T13:53:54.003+0600] {logging_mixin.py:190} INFO - [2025-02-10T13:53:54.003+0600] {dag.py:4180} INFO - Setting next_dagrun for example_workday_timetable to 2021-01-04 00:00:00+00:00, run_after=2021-01-05 00:00:00+00:00
[2025-02-10T13:53:54.024+0600] {processor.py:208} INFO - Processing /home/shamim/airflow_git/Airflow_project/air_venv/lib/python3.12/site-packages/airflow/example_dags/example_workday_timetable.py took 0.203 seconds
[2025-02-10T13:55:05.917+0600] {processor.py:186} INFO - Started process (PID=21784) to work on /home/shamim/airflow_git/Airflow_project/air_venv/lib/python3.12/site-packages/airflow/example_dags/example_workday_timetable.py
[2025-02-10T13:55:05.937+0600] {processor.py:914} INFO - Processing file /home/shamim/airflow_git/Airflow_project/air_venv/lib/python3.12/site-packages/airflow/example_dags/example_workday_timetable.py for tasks to queue
[2025-02-10T13:55:05.939+0600] {logging_mixin.py:190} INFO - [2025-02-10T13:55:05.939+0600] {dagbag.py:588} INFO - Filling up the DagBag from /home/shamim/airflow_git/Airflow_project/air_venv/lib/python3.12/site-packages/airflow/example_dags/example_workday_timetable.py
[2025-02-10T13:55:05.959+0600] {processor.py:925} INFO - DAG(s) 'example_workday_timetable' retrieved from /home/shamim/airflow_git/Airflow_project/air_venv/lib/python3.12/site-packages/airflow/example_dags/example_workday_timetable.py
[2025-02-10T13:55:05.988+0600] {logging_mixin.py:190} INFO - [2025-02-10T13:55:05.988+0600] {dag.py:3239} INFO - Sync 1 DAGs
[2025-02-10T13:55:06.165+0600] {logging_mixin.py:190} INFO - [2025-02-10T13:55:06.164+0600] {dag.py:4180} INFO - Setting next_dagrun for example_workday_timetable to 2021-01-04 00:00:00+00:00, run_after=2021-01-05 00:00:00+00:00
[2025-02-10T13:55:06.209+0600] {processor.py:208} INFO - Processing /home/shamim/airflow_git/Airflow_project/air_venv/lib/python3.12/site-packages/airflow/example_dags/example_workday_timetable.py took 0.325 seconds
[2025-02-10T13:56:22.407+0600] {processor.py:186} INFO - Started process (PID=21930) to work on /home/shamim/airflow_git/Airflow_project/air_venv/lib/python3.12/site-packages/airflow/example_dags/example_workday_timetable.py
[2025-02-10T13:56:22.413+0600] {processor.py:914} INFO - Processing file /home/shamim/airflow_git/Airflow_project/air_venv/lib/python3.12/site-packages/airflow/example_dags/example_workday_timetable.py for tasks to queue
[2025-02-10T13:56:22.415+0600] {logging_mixin.py:190} INFO - [2025-02-10T13:56:22.415+0600] {dagbag.py:588} INFO - Filling up the DagBag from /home/shamim/airflow_git/Airflow_project/air_venv/lib/python3.12/site-packages/airflow/example_dags/example_workday_timetable.py
[2025-02-10T13:56:22.426+0600] {processor.py:925} INFO - DAG(s) 'example_workday_timetable' retrieved from /home/shamim/airflow_git/Airflow_project/air_venv/lib/python3.12/site-packages/airflow/example_dags/example_workday_timetable.py
[2025-02-10T13:56:22.446+0600] {logging_mixin.py:190} INFO - [2025-02-10T13:56:22.445+0600] {dag.py:3239} INFO - Sync 1 DAGs
[2025-02-10T13:56:22.533+0600] {logging_mixin.py:190} INFO - [2025-02-10T13:56:22.533+0600] {dag.py:4180} INFO - Setting next_dagrun for example_workday_timetable to 2021-01-04 00:00:00+00:00, run_after=2021-01-05 00:00:00+00:00
[2025-02-10T13:56:22.571+0600] {processor.py:208} INFO - Processing /home/shamim/airflow_git/Airflow_project/air_venv/lib/python3.12/site-packages/airflow/example_dags/example_workday_timetable.py took 0.188 seconds
[2025-02-10T13:57:53.266+0600] {processor.py:186} INFO - Started process (PID=22157) to work on /home/shamim/airflow_git/Airflow_project/air_venv/lib/python3.12/site-packages/airflow/example_dags/example_workday_timetable.py
[2025-02-10T13:57:53.267+0600] {processor.py:914} INFO - Processing file /home/shamim/airflow_git/Airflow_project/air_venv/lib/python3.12/site-packages/airflow/example_dags/example_workday_timetable.py for tasks to queue
[2025-02-10T13:57:53.269+0600] {logging_mixin.py:190} INFO - [2025-02-10T13:57:53.269+0600] {dagbag.py:588} INFO - Filling up the DagBag from /home/shamim/airflow_git/Airflow_project/air_venv/lib/python3.12/site-packages/airflow/example_dags/example_workday_timetable.py
[2025-02-10T13:57:53.278+0600] {processor.py:925} INFO - DAG(s) 'example_workday_timetable' retrieved from /home/shamim/airflow_git/Airflow_project/air_venv/lib/python3.12/site-packages/airflow/example_dags/example_workday_timetable.py
[2025-02-10T13:57:53.297+0600] {logging_mixin.py:190} INFO - [2025-02-10T13:57:53.297+0600] {dag.py:3239} INFO - Sync 1 DAGs
[2025-02-10T13:57:53.386+0600] {logging_mixin.py:190} INFO - [2025-02-10T13:57:53.386+0600] {dag.py:4180} INFO - Setting next_dagrun for example_workday_timetable to 2021-01-04 00:00:00+00:00, run_after=2021-01-05 00:00:00+00:00
[2025-02-10T13:57:53.413+0600] {processor.py:208} INFO - Processing /home/shamim/airflow_git/Airflow_project/air_venv/lib/python3.12/site-packages/airflow/example_dags/example_workday_timetable.py took 0.156 seconds
[2025-02-10T13:59:06.805+0600] {processor.py:186} INFO - Started process (PID=22300) to work on /home/shamim/airflow_git/Airflow_project/air_venv/lib/python3.12/site-packages/airflow/example_dags/example_workday_timetable.py
[2025-02-10T13:59:06.809+0600] {processor.py:914} INFO - Processing file /home/shamim/airflow_git/Airflow_project/air_venv/lib/python3.12/site-packages/airflow/example_dags/example_workday_timetable.py for tasks to queue
[2025-02-10T13:59:06.811+0600] {logging_mixin.py:190} INFO - [2025-02-10T13:59:06.810+0600] {dagbag.py:588} INFO - Filling up the DagBag from /home/shamim/airflow_git/Airflow_project/air_venv/lib/python3.12/site-packages/airflow/example_dags/example_workday_timetable.py
[2025-02-10T13:59:06.820+0600] {processor.py:925} INFO - DAG(s) 'example_workday_timetable' retrieved from /home/shamim/airflow_git/Airflow_project/air_venv/lib/python3.12/site-packages/airflow/example_dags/example_workday_timetable.py
[2025-02-10T13:59:06.843+0600] {logging_mixin.py:190} INFO - [2025-02-10T13:59:06.843+0600] {dag.py:3239} INFO - Sync 1 DAGs
[2025-02-10T13:59:06.950+0600] {logging_mixin.py:190} INFO - [2025-02-10T13:59:06.950+0600] {dag.py:4180} INFO - Setting next_dagrun for example_workday_timetable to 2021-01-04 00:00:00+00:00, run_after=2021-01-05 00:00:00+00:00
[2025-02-10T13:59:06.974+0600] {processor.py:208} INFO - Processing /home/shamim/airflow_git/Airflow_project/air_venv/lib/python3.12/site-packages/airflow/example_dags/example_workday_timetable.py took 0.178 seconds
[2025-02-10T14:00:16.965+0600] {processor.py:186} INFO - Started process (PID=22481) to work on /home/shamim/airflow_git/Airflow_project/air_venv/lib/python3.12/site-packages/airflow/example_dags/example_workday_timetable.py
[2025-02-10T14:00:16.971+0600] {processor.py:914} INFO - Processing file /home/shamim/airflow_git/Airflow_project/air_venv/lib/python3.12/site-packages/airflow/example_dags/example_workday_timetable.py for tasks to queue
[2025-02-10T14:00:16.972+0600] {logging_mixin.py:190} INFO - [2025-02-10T14:00:16.972+0600] {dagbag.py:588} INFO - Filling up the DagBag from /home/shamim/airflow_git/Airflow_project/air_venv/lib/python3.12/site-packages/airflow/example_dags/example_workday_timetable.py
[2025-02-10T14:00:16.979+0600] {processor.py:925} INFO - DAG(s) 'example_workday_timetable' retrieved from /home/shamim/airflow_git/Airflow_project/air_venv/lib/python3.12/site-packages/airflow/example_dags/example_workday_timetable.py
[2025-02-10T14:00:16.998+0600] {logging_mixin.py:190} INFO - [2025-02-10T14:00:16.998+0600] {dag.py:3239} INFO - Sync 1 DAGs
[2025-02-10T14:00:17.074+0600] {logging_mixin.py:190} INFO - [2025-02-10T14:00:17.074+0600] {dag.py:4180} INFO - Setting next_dagrun for example_workday_timetable to 2021-01-04 00:00:00+00:00, run_after=2021-01-05 00:00:00+00:00
[2025-02-10T14:00:17.097+0600] {processor.py:208} INFO - Processing /home/shamim/airflow_git/Airflow_project/air_venv/lib/python3.12/site-packages/airflow/example_dags/example_workday_timetable.py took 0.142 seconds
[2025-02-10T14:01:53.237+0600] {processor.py:186} INFO - Started process (PID=23031) to work on /home/shamim/airflow_git/Airflow_project/air_venv/lib/python3.12/site-packages/airflow/example_dags/example_workday_timetable.py
[2025-02-10T14:01:53.239+0600] {processor.py:914} INFO - Processing file /home/shamim/airflow_git/Airflow_project/air_venv/lib/python3.12/site-packages/airflow/example_dags/example_workday_timetable.py for tasks to queue
[2025-02-10T14:01:53.244+0600] {logging_mixin.py:190} INFO - [2025-02-10T14:01:53.242+0600] {dagbag.py:588} INFO - Filling up the DagBag from /home/shamim/airflow_git/Airflow_project/air_venv/lib/python3.12/site-packages/airflow/example_dags/example_workday_timetable.py
[2025-02-10T14:01:53.263+0600] {processor.py:925} INFO - DAG(s) 'example_workday_timetable' retrieved from /home/shamim/airflow_git/Airflow_project/air_venv/lib/python3.12/site-packages/airflow/example_dags/example_workday_timetable.py
[2025-02-10T14:01:53.298+0600] {logging_mixin.py:190} INFO - [2025-02-10T14:01:53.297+0600] {dag.py:3239} INFO - Sync 1 DAGs
[2025-02-10T14:01:53.397+0600] {logging_mixin.py:190} INFO - [2025-02-10T14:01:53.397+0600] {dag.py:4180} INFO - Setting next_dagrun for example_workday_timetable to 2021-01-04 00:00:00+00:00, run_after=2021-01-05 00:00:00+00:00
[2025-02-10T14:01:53.423+0600] {processor.py:208} INFO - Processing /home/shamim/airflow_git/Airflow_project/air_venv/lib/python3.12/site-packages/airflow/example_dags/example_workday_timetable.py took 0.197 seconds
[2025-02-10T14:03:03.183+0600] {processor.py:186} INFO - Started process (PID=23384) to work on /home/shamim/airflow_git/Airflow_project/air_venv/lib/python3.12/site-packages/airflow/example_dags/example_workday_timetable.py
[2025-02-10T14:03:03.190+0600] {processor.py:914} INFO - Processing file /home/shamim/airflow_git/Airflow_project/air_venv/lib/python3.12/site-packages/airflow/example_dags/example_workday_timetable.py for tasks to queue
[2025-02-10T14:03:03.193+0600] {logging_mixin.py:190} INFO - [2025-02-10T14:03:03.193+0600] {dagbag.py:588} INFO - Filling up the DagBag from /home/shamim/airflow_git/Airflow_project/air_venv/lib/python3.12/site-packages/airflow/example_dags/example_workday_timetable.py
[2025-02-10T14:03:03.201+0600] {processor.py:925} INFO - DAG(s) 'example_workday_timetable' retrieved from /home/shamim/airflow_git/Airflow_project/air_venv/lib/python3.12/site-packages/airflow/example_dags/example_workday_timetable.py
[2025-02-10T14:03:03.218+0600] {logging_mixin.py:190} INFO - [2025-02-10T14:03:03.218+0600] {dag.py:3239} INFO - Sync 1 DAGs
[2025-02-10T14:03:03.291+0600] {logging_mixin.py:190} INFO - [2025-02-10T14:03:03.291+0600] {dag.py:4180} INFO - Setting next_dagrun for example_workday_timetable to 2021-01-04 00:00:00+00:00, run_after=2021-01-05 00:00:00+00:00
[2025-02-10T14:03:03.315+0600] {processor.py:208} INFO - Processing /home/shamim/airflow_git/Airflow_project/air_venv/lib/python3.12/site-packages/airflow/example_dags/example_workday_timetable.py took 0.145 seconds
[2025-02-10T14:04:29.640+0600] {processor.py:186} INFO - Started process (PID=23945) to work on /home/shamim/airflow_git/Airflow_project/air_venv/lib/python3.12/site-packages/airflow/example_dags/example_workday_timetable.py
[2025-02-10T14:04:29.641+0600] {processor.py:914} INFO - Processing file /home/shamim/airflow_git/Airflow_project/air_venv/lib/python3.12/site-packages/airflow/example_dags/example_workday_timetable.py for tasks to queue
[2025-02-10T14:04:29.646+0600] {logging_mixin.py:190} INFO - [2025-02-10T14:04:29.645+0600] {dagbag.py:588} INFO - Filling up the DagBag from /home/shamim/airflow_git/Airflow_project/air_venv/lib/python3.12/site-packages/airflow/example_dags/example_workday_timetable.py
[2025-02-10T14:04:29.656+0600] {processor.py:925} INFO - DAG(s) 'example_workday_timetable' retrieved from /home/shamim/airflow_git/Airflow_project/air_venv/lib/python3.12/site-packages/airflow/example_dags/example_workday_timetable.py
[2025-02-10T14:04:29.681+0600] {logging_mixin.py:190} INFO - [2025-02-10T14:04:29.681+0600] {dag.py:3239} INFO - Sync 1 DAGs
[2025-02-10T14:04:29.815+0600] {logging_mixin.py:190} INFO - [2025-02-10T14:04:29.814+0600] {dag.py:4180} INFO - Setting next_dagrun for example_workday_timetable to 2021-01-04 00:00:00+00:00, run_after=2021-01-05 00:00:00+00:00
[2025-02-10T14:04:29.847+0600] {processor.py:208} INFO - Processing /home/shamim/airflow_git/Airflow_project/air_venv/lib/python3.12/site-packages/airflow/example_dags/example_workday_timetable.py took 0.217 seconds
