[2025-02-10T13:00:18.303+0600] {processor.py:186} INFO - Started process (PID=13420) to work on /home/shamim/airflow_git/Airflow_project/air_venv/lib/python3.12/site-packages/airflow/example_dags/example_bash_decorator.py
[2025-02-10T13:00:18.307+0600] {processor.py:914} INFO - Processing file /home/shamim/airflow_git/Airflow_project/air_venv/lib/python3.12/site-packages/airflow/example_dags/example_bash_decorator.py for tasks to queue
[2025-02-10T13:00:18.315+0600] {logging_mixin.py:190} INFO - [2025-02-10T13:00:18.314+0600] {dagbag.py:588} INFO - Filling up the DagBag from /home/shamim/airflow_git/Airflow_project/air_venv/lib/python3.12/site-packages/airflow/example_dags/example_bash_decorator.py
[2025-02-10T13:00:18.345+0600] {processor.py:925} INFO - DAG(s) 'example_bash_decorator' retrieved from /home/shamim/airflow_git/Airflow_project/air_venv/lib/python3.12/site-packages/airflow/example_dags/example_bash_decorator.py
[2025-02-10T13:00:18.517+0600] {logging_mixin.py:190} INFO - [2025-02-10T13:00:18.516+0600] {override.py:1930} INFO - Created Permission View: can delete on DAG:example_bash_decorator
[2025-02-10T13:00:18.533+0600] {logging_mixin.py:190} INFO - [2025-02-10T13:00:18.532+0600] {override.py:1930} INFO - Created Permission View: can edit on DAG:example_bash_decorator
[2025-02-10T13:00:18.545+0600] {logging_mixin.py:190} INFO - [2025-02-10T13:00:18.544+0600] {override.py:1930} INFO - Created Permission View: can read on DAG:example_bash_decorator
[2025-02-10T13:00:18.560+0600] {logging_mixin.py:190} INFO - [2025-02-10T13:00:18.559+0600] {override.py:1930} INFO - Created Permission View: can delete on DAG Run:example_bash_decorator
[2025-02-10T13:00:18.572+0600] {logging_mixin.py:190} INFO - [2025-02-10T13:00:18.572+0600] {override.py:1930} INFO - Created Permission View: can read on DAG Run:example_bash_decorator
[2025-02-10T13:00:18.583+0600] {logging_mixin.py:190} INFO - [2025-02-10T13:00:18.582+0600] {override.py:1930} INFO - Created Permission View: can create on DAG Run:example_bash_decorator
[2025-02-10T13:00:18.594+0600] {logging_mixin.py:190} INFO - [2025-02-10T13:00:18.594+0600] {override.py:1930} INFO - Created Permission View: menu access on DAG Run:example_bash_decorator
[2025-02-10T13:00:18.595+0600] {logging_mixin.py:190} INFO - [2025-02-10T13:00:18.595+0600] {dag.py:3239} INFO - Sync 1 DAGs
[2025-02-10T13:00:18.618+0600] {logging_mixin.py:190} INFO - [2025-02-10T13:00:18.617+0600] {dag.py:3262} INFO - Creating ORM DAG for example_bash_decorator
[2025-02-10T13:00:18.619+0600] {logging_mixin.py:190} INFO - [2025-02-10T13:00:18.618+0600] {dag.py:4180} INFO - Setting next_dagrun for example_bash_decorator to None, run_after=None
[2025-02-10T13:00:18.643+0600] {processor.py:208} INFO - Processing /home/shamim/airflow_git/Airflow_project/air_venv/lib/python3.12/site-packages/airflow/example_dags/example_bash_decorator.py took 0.362 seconds
[2025-02-10T13:01:38.103+0600] {processor.py:186} INFO - Started process (PID=13605) to work on /home/shamim/airflow_git/Airflow_project/air_venv/lib/python3.12/site-packages/airflow/example_dags/example_bash_decorator.py
[2025-02-10T13:01:38.110+0600] {processor.py:914} INFO - Processing file /home/shamim/airflow_git/Airflow_project/air_venv/lib/python3.12/site-packages/airflow/example_dags/example_bash_decorator.py for tasks to queue
[2025-02-10T13:01:38.114+0600] {logging_mixin.py:190} INFO - [2025-02-10T13:01:38.113+0600] {dagbag.py:588} INFO - Filling up the DagBag from /home/shamim/airflow_git/Airflow_project/air_venv/lib/python3.12/site-packages/airflow/example_dags/example_bash_decorator.py
[2025-02-10T13:01:38.133+0600] {processor.py:925} INFO - DAG(s) 'example_bash_decorator' retrieved from /home/shamim/airflow_git/Airflow_project/air_venv/lib/python3.12/site-packages/airflow/example_dags/example_bash_decorator.py
[2025-02-10T13:01:38.155+0600] {logging_mixin.py:190} INFO - [2025-02-10T13:01:38.155+0600] {dag.py:3239} INFO - Sync 1 DAGs
[2025-02-10T13:01:38.169+0600] {logging_mixin.py:190} INFO - [2025-02-10T13:01:38.169+0600] {dag.py:4180} INFO - Setting next_dagrun for example_bash_decorator to None, run_after=None
[2025-02-10T13:01:38.196+0600] {processor.py:208} INFO - Processing /home/shamim/airflow_git/Airflow_project/air_venv/lib/python3.12/site-packages/airflow/example_dags/example_bash_decorator.py took 0.111 seconds
[2025-02-10T13:02:49.198+0600] {processor.py:186} INFO - Started process (PID=13748) to work on /home/shamim/airflow_git/Airflow_project/air_venv/lib/python3.12/site-packages/airflow/example_dags/example_bash_decorator.py
[2025-02-10T13:02:49.204+0600] {processor.py:914} INFO - Processing file /home/shamim/airflow_git/Airflow_project/air_venv/lib/python3.12/site-packages/airflow/example_dags/example_bash_decorator.py for tasks to queue
[2025-02-10T13:02:49.207+0600] {logging_mixin.py:190} INFO - [2025-02-10T13:02:49.207+0600] {dagbag.py:588} INFO - Filling up the DagBag from /home/shamim/airflow_git/Airflow_project/air_venv/lib/python3.12/site-packages/airflow/example_dags/example_bash_decorator.py
[2025-02-10T13:02:49.225+0600] {processor.py:925} INFO - DAG(s) 'example_bash_decorator' retrieved from /home/shamim/airflow_git/Airflow_project/air_venv/lib/python3.12/site-packages/airflow/example_dags/example_bash_decorator.py
[2025-02-10T13:02:49.246+0600] {logging_mixin.py:190} INFO - [2025-02-10T13:02:49.246+0600] {dag.py:3239} INFO - Sync 1 DAGs
[2025-02-10T13:02:49.261+0600] {logging_mixin.py:190} INFO - [2025-02-10T13:02:49.260+0600] {dag.py:4180} INFO - Setting next_dagrun for example_bash_decorator to None, run_after=None
[2025-02-10T13:02:49.284+0600] {processor.py:208} INFO - Processing /home/shamim/airflow_git/Airflow_project/air_venv/lib/python3.12/site-packages/airflow/example_dags/example_bash_decorator.py took 0.092 seconds
[2025-02-10T13:03:55.654+0600] {processor.py:186} INFO - Started process (PID=13911) to work on /home/shamim/airflow_git/Airflow_project/air_venv/lib/python3.12/site-packages/airflow/example_dags/example_bash_decorator.py
[2025-02-10T13:03:55.655+0600] {processor.py:914} INFO - Processing file /home/shamim/airflow_git/Airflow_project/air_venv/lib/python3.12/site-packages/airflow/example_dags/example_bash_decorator.py for tasks to queue
[2025-02-10T13:03:55.657+0600] {logging_mixin.py:190} INFO - [2025-02-10T13:03:55.657+0600] {dagbag.py:588} INFO - Filling up the DagBag from /home/shamim/airflow_git/Airflow_project/air_venv/lib/python3.12/site-packages/airflow/example_dags/example_bash_decorator.py
[2025-02-10T13:03:55.676+0600] {processor.py:925} INFO - DAG(s) 'example_bash_decorator' retrieved from /home/shamim/airflow_git/Airflow_project/air_venv/lib/python3.12/site-packages/airflow/example_dags/example_bash_decorator.py
[2025-02-10T13:03:55.698+0600] {logging_mixin.py:190} INFO - [2025-02-10T13:03:55.697+0600] {dag.py:3239} INFO - Sync 1 DAGs
[2025-02-10T13:03:55.712+0600] {logging_mixin.py:190} INFO - [2025-02-10T13:03:55.712+0600] {dag.py:4180} INFO - Setting next_dagrun for example_bash_decorator to None, run_after=None
[2025-02-10T13:03:55.740+0600] {processor.py:208} INFO - Processing /home/shamim/airflow_git/Airflow_project/air_venv/lib/python3.12/site-packages/airflow/example_dags/example_bash_decorator.py took 0.093 seconds
[2025-02-10T13:05:01.918+0600] {processor.py:186} INFO - Started process (PID=14054) to work on /home/shamim/airflow_git/Airflow_project/air_venv/lib/python3.12/site-packages/airflow/example_dags/example_bash_decorator.py
[2025-02-10T13:05:01.923+0600] {processor.py:914} INFO - Processing file /home/shamim/airflow_git/Airflow_project/air_venv/lib/python3.12/site-packages/airflow/example_dags/example_bash_decorator.py for tasks to queue
[2025-02-10T13:05:01.926+0600] {logging_mixin.py:190} INFO - [2025-02-10T13:05:01.925+0600] {dagbag.py:588} INFO - Filling up the DagBag from /home/shamim/airflow_git/Airflow_project/air_venv/lib/python3.12/site-packages/airflow/example_dags/example_bash_decorator.py
[2025-02-10T13:05:01.946+0600] {processor.py:925} INFO - DAG(s) 'example_bash_decorator' retrieved from /home/shamim/airflow_git/Airflow_project/air_venv/lib/python3.12/site-packages/airflow/example_dags/example_bash_decorator.py
[2025-02-10T13:05:01.967+0600] {logging_mixin.py:190} INFO - [2025-02-10T13:05:01.967+0600] {dag.py:3239} INFO - Sync 1 DAGs
[2025-02-10T13:05:01.982+0600] {logging_mixin.py:190} INFO - [2025-02-10T13:05:01.981+0600] {dag.py:4180} INFO - Setting next_dagrun for example_bash_decorator to None, run_after=None
[2025-02-10T13:05:02.003+0600] {processor.py:208} INFO - Processing /home/shamim/airflow_git/Airflow_project/air_venv/lib/python3.12/site-packages/airflow/example_dags/example_bash_decorator.py took 0.092 seconds
[2025-02-10T13:06:11.000+0600] {processor.py:186} INFO - Started process (PID=14177) to work on /home/shamim/airflow_git/Airflow_project/air_venv/lib/python3.12/site-packages/airflow/example_dags/example_bash_decorator.py
[2025-02-10T13:06:11.006+0600] {processor.py:914} INFO - Processing file /home/shamim/airflow_git/Airflow_project/air_venv/lib/python3.12/site-packages/airflow/example_dags/example_bash_decorator.py for tasks to queue
[2025-02-10T13:06:11.009+0600] {logging_mixin.py:190} INFO - [2025-02-10T13:06:11.008+0600] {dagbag.py:588} INFO - Filling up the DagBag from /home/shamim/airflow_git/Airflow_project/air_venv/lib/python3.12/site-packages/airflow/example_dags/example_bash_decorator.py
[2025-02-10T13:06:11.027+0600] {processor.py:925} INFO - DAG(s) 'example_bash_decorator' retrieved from /home/shamim/airflow_git/Airflow_project/air_venv/lib/python3.12/site-packages/airflow/example_dags/example_bash_decorator.py
[2025-02-10T13:06:11.048+0600] {logging_mixin.py:190} INFO - [2025-02-10T13:06:11.048+0600] {dag.py:3239} INFO - Sync 1 DAGs
[2025-02-10T13:06:11.063+0600] {logging_mixin.py:190} INFO - [2025-02-10T13:06:11.063+0600] {dag.py:4180} INFO - Setting next_dagrun for example_bash_decorator to None, run_after=None
[2025-02-10T13:06:11.090+0600] {processor.py:208} INFO - Processing /home/shamim/airflow_git/Airflow_project/air_venv/lib/python3.12/site-packages/airflow/example_dags/example_bash_decorator.py took 0.096 seconds
[2025-02-10T13:07:18.480+0600] {processor.py:186} INFO - Started process (PID=14332) to work on /home/shamim/airflow_git/Airflow_project/air_venv/lib/python3.12/site-packages/airflow/example_dags/example_bash_decorator.py
[2025-02-10T13:07:18.481+0600] {processor.py:914} INFO - Processing file /home/shamim/airflow_git/Airflow_project/air_venv/lib/python3.12/site-packages/airflow/example_dags/example_bash_decorator.py for tasks to queue
[2025-02-10T13:07:18.489+0600] {logging_mixin.py:190} INFO - [2025-02-10T13:07:18.487+0600] {dagbag.py:588} INFO - Filling up the DagBag from /home/shamim/airflow_git/Airflow_project/air_venv/lib/python3.12/site-packages/airflow/example_dags/example_bash_decorator.py
[2025-02-10T13:07:18.536+0600] {processor.py:925} INFO - DAG(s) 'example_bash_decorator' retrieved from /home/shamim/airflow_git/Airflow_project/air_venv/lib/python3.12/site-packages/airflow/example_dags/example_bash_decorator.py
[2025-02-10T13:07:18.585+0600] {logging_mixin.py:190} INFO - [2025-02-10T13:07:18.584+0600] {dag.py:3239} INFO - Sync 1 DAGs
[2025-02-10T13:07:18.614+0600] {logging_mixin.py:190} INFO - [2025-02-10T13:07:18.614+0600] {dag.py:4180} INFO - Setting next_dagrun for example_bash_decorator to None, run_after=None
[2025-02-10T13:07:18.665+0600] {processor.py:208} INFO - Processing /home/shamim/airflow_git/Airflow_project/air_venv/lib/python3.12/site-packages/airflow/example_dags/example_bash_decorator.py took 0.198 seconds
[2025-02-10T13:08:35.079+0600] {processor.py:186} INFO - Started process (PID=14510) to work on /home/shamim/airflow_git/Airflow_project/air_venv/lib/python3.12/site-packages/airflow/example_dags/example_bash_decorator.py
[2025-02-10T13:08:35.082+0600] {processor.py:914} INFO - Processing file /home/shamim/airflow_git/Airflow_project/air_venv/lib/python3.12/site-packages/airflow/example_dags/example_bash_decorator.py for tasks to queue
[2025-02-10T13:08:35.091+0600] {logging_mixin.py:190} INFO - [2025-02-10T13:08:35.089+0600] {dagbag.py:588} INFO - Filling up the DagBag from /home/shamim/airflow_git/Airflow_project/air_venv/lib/python3.12/site-packages/airflow/example_dags/example_bash_decorator.py
[2025-02-10T13:08:35.135+0600] {processor.py:925} INFO - DAG(s) 'example_bash_decorator' retrieved from /home/shamim/airflow_git/Airflow_project/air_venv/lib/python3.12/site-packages/airflow/example_dags/example_bash_decorator.py
[2025-02-10T13:08:35.159+0600] {logging_mixin.py:190} INFO - [2025-02-10T13:08:35.159+0600] {dag.py:3239} INFO - Sync 1 DAGs
[2025-02-10T13:08:35.173+0600] {logging_mixin.py:190} INFO - [2025-02-10T13:08:35.173+0600] {dag.py:4180} INFO - Setting next_dagrun for example_bash_decorator to None, run_after=None
[2025-02-10T13:08:35.195+0600] {processor.py:208} INFO - Processing /home/shamim/airflow_git/Airflow_project/air_venv/lib/python3.12/site-packages/airflow/example_dags/example_bash_decorator.py took 0.141 seconds
[2025-02-10T13:09:42.219+0600] {processor.py:186} INFO - Started process (PID=14770) to work on /home/shamim/airflow_git/Airflow_project/air_venv/lib/python3.12/site-packages/airflow/example_dags/example_bash_decorator.py
[2025-02-10T13:09:42.226+0600] {processor.py:914} INFO - Processing file /home/shamim/airflow_git/Airflow_project/air_venv/lib/python3.12/site-packages/airflow/example_dags/example_bash_decorator.py for tasks to queue
[2025-02-10T13:09:42.228+0600] {logging_mixin.py:190} INFO - [2025-02-10T13:09:42.228+0600] {dagbag.py:588} INFO - Filling up the DagBag from /home/shamim/airflow_git/Airflow_project/air_venv/lib/python3.12/site-packages/airflow/example_dags/example_bash_decorator.py
[2025-02-10T13:09:42.255+0600] {processor.py:925} INFO - DAG(s) 'example_bash_decorator' retrieved from /home/shamim/airflow_git/Airflow_project/air_venv/lib/python3.12/site-packages/airflow/example_dags/example_bash_decorator.py
[2025-02-10T13:09:42.282+0600] {logging_mixin.py:190} INFO - [2025-02-10T13:09:42.281+0600] {dag.py:3239} INFO - Sync 1 DAGs
[2025-02-10T13:09:42.299+0600] {logging_mixin.py:190} INFO - [2025-02-10T13:09:42.298+0600] {dag.py:4180} INFO - Setting next_dagrun for example_bash_decorator to None, run_after=None
[2025-02-10T13:09:42.329+0600] {processor.py:208} INFO - Processing /home/shamim/airflow_git/Airflow_project/air_venv/lib/python3.12/site-packages/airflow/example_dags/example_bash_decorator.py took 0.120 seconds
[2025-02-10T13:10:53.104+0600] {processor.py:186} INFO - Started process (PID=14876) to work on /home/shamim/airflow_git/Airflow_project/air_venv/lib/python3.12/site-packages/airflow/example_dags/example_bash_decorator.py
[2025-02-10T13:10:53.106+0600] {processor.py:914} INFO - Processing file /home/shamim/airflow_git/Airflow_project/air_venv/lib/python3.12/site-packages/airflow/example_dags/example_bash_decorator.py for tasks to queue
[2025-02-10T13:10:53.111+0600] {logging_mixin.py:190} INFO - [2025-02-10T13:10:53.110+0600] {dagbag.py:588} INFO - Filling up the DagBag from /home/shamim/airflow_git/Airflow_project/air_venv/lib/python3.12/site-packages/airflow/example_dags/example_bash_decorator.py
[2025-02-10T13:10:53.137+0600] {processor.py:925} INFO - DAG(s) 'example_bash_decorator' retrieved from /home/shamim/airflow_git/Airflow_project/air_venv/lib/python3.12/site-packages/airflow/example_dags/example_bash_decorator.py
[2025-02-10T13:10:53.163+0600] {logging_mixin.py:190} INFO - [2025-02-10T13:10:53.163+0600] {dag.py:3239} INFO - Sync 1 DAGs
[2025-02-10T13:10:53.188+0600] {logging_mixin.py:190} INFO - [2025-02-10T13:10:53.187+0600] {dag.py:4180} INFO - Setting next_dagrun for example_bash_decorator to None, run_after=None
[2025-02-10T13:10:53.218+0600] {processor.py:208} INFO - Processing /home/shamim/airflow_git/Airflow_project/air_venv/lib/python3.12/site-packages/airflow/example_dags/example_bash_decorator.py took 0.139 seconds
[2025-02-10T13:12:09.377+0600] {processor.py:186} INFO - Started process (PID=14973) to work on /home/shamim/airflow_git/Airflow_project/air_venv/lib/python3.12/site-packages/airflow/example_dags/example_bash_decorator.py
[2025-02-10T13:12:09.384+0600] {processor.py:914} INFO - Processing file /home/shamim/airflow_git/Airflow_project/air_venv/lib/python3.12/site-packages/airflow/example_dags/example_bash_decorator.py for tasks to queue
[2025-02-10T13:12:09.387+0600] {logging_mixin.py:190} INFO - [2025-02-10T13:12:09.386+0600] {dagbag.py:588} INFO - Filling up the DagBag from /home/shamim/airflow_git/Airflow_project/air_venv/lib/python3.12/site-packages/airflow/example_dags/example_bash_decorator.py
[2025-02-10T13:12:09.406+0600] {processor.py:925} INFO - DAG(s) 'example_bash_decorator' retrieved from /home/shamim/airflow_git/Airflow_project/air_venv/lib/python3.12/site-packages/airflow/example_dags/example_bash_decorator.py
[2025-02-10T13:12:09.428+0600] {logging_mixin.py:190} INFO - [2025-02-10T13:12:09.428+0600] {dag.py:3239} INFO - Sync 1 DAGs
[2025-02-10T13:12:09.443+0600] {logging_mixin.py:190} INFO - [2025-02-10T13:12:09.442+0600] {dag.py:4180} INFO - Setting next_dagrun for example_bash_decorator to None, run_after=None
[2025-02-10T13:12:09.466+0600] {processor.py:208} INFO - Processing /home/shamim/airflow_git/Airflow_project/air_venv/lib/python3.12/site-packages/airflow/example_dags/example_bash_decorator.py took 0.099 seconds
[2025-02-10T13:13:26.069+0600] {processor.py:186} INFO - Started process (PID=15095) to work on /home/shamim/airflow_git/Airflow_project/air_venv/lib/python3.12/site-packages/airflow/example_dags/example_bash_decorator.py
[2025-02-10T13:13:26.072+0600] {processor.py:914} INFO - Processing file /home/shamim/airflow_git/Airflow_project/air_venv/lib/python3.12/site-packages/airflow/example_dags/example_bash_decorator.py for tasks to queue
[2025-02-10T13:13:26.076+0600] {logging_mixin.py:190} INFO - [2025-02-10T13:13:26.076+0600] {dagbag.py:588} INFO - Filling up the DagBag from /home/shamim/airflow_git/Airflow_project/air_venv/lib/python3.12/site-packages/airflow/example_dags/example_bash_decorator.py
[2025-02-10T13:13:26.104+0600] {processor.py:925} INFO - DAG(s) 'example_bash_decorator' retrieved from /home/shamim/airflow_git/Airflow_project/air_venv/lib/python3.12/site-packages/airflow/example_dags/example_bash_decorator.py
[2025-02-10T13:13:26.139+0600] {logging_mixin.py:190} INFO - [2025-02-10T13:13:26.139+0600] {dag.py:3239} INFO - Sync 1 DAGs
[2025-02-10T13:13:26.166+0600] {logging_mixin.py:190} INFO - [2025-02-10T13:13:26.165+0600] {dag.py:4180} INFO - Setting next_dagrun for example_bash_decorator to None, run_after=None
[2025-02-10T13:13:26.193+0600] {processor.py:208} INFO - Processing /home/shamim/airflow_git/Airflow_project/air_venv/lib/python3.12/site-packages/airflow/example_dags/example_bash_decorator.py took 0.139 seconds
[2025-02-10T13:14:37.193+0600] {processor.py:186} INFO - Started process (PID=15215) to work on /home/shamim/airflow_git/Airflow_project/air_venv/lib/python3.12/site-packages/airflow/example_dags/example_bash_decorator.py
[2025-02-10T13:14:37.199+0600] {processor.py:914} INFO - Processing file /home/shamim/airflow_git/Airflow_project/air_venv/lib/python3.12/site-packages/airflow/example_dags/example_bash_decorator.py for tasks to queue
[2025-02-10T13:14:37.203+0600] {logging_mixin.py:190} INFO - [2025-02-10T13:14:37.203+0600] {dagbag.py:588} INFO - Filling up the DagBag from /home/shamim/airflow_git/Airflow_project/air_venv/lib/python3.12/site-packages/airflow/example_dags/example_bash_decorator.py
[2025-02-10T13:14:37.223+0600] {processor.py:925} INFO - DAG(s) 'example_bash_decorator' retrieved from /home/shamim/airflow_git/Airflow_project/air_venv/lib/python3.12/site-packages/airflow/example_dags/example_bash_decorator.py
[2025-02-10T13:14:37.246+0600] {logging_mixin.py:190} INFO - [2025-02-10T13:14:37.245+0600] {dag.py:3239} INFO - Sync 1 DAGs
[2025-02-10T13:14:37.261+0600] {logging_mixin.py:190} INFO - [2025-02-10T13:14:37.261+0600] {dag.py:4180} INFO - Setting next_dagrun for example_bash_decorator to None, run_after=None
[2025-02-10T13:14:37.294+0600] {processor.py:208} INFO - Processing /home/shamim/airflow_git/Airflow_project/air_venv/lib/python3.12/site-packages/airflow/example_dags/example_bash_decorator.py took 0.111 seconds
[2025-02-10T13:15:45.548+0600] {processor.py:186} INFO - Started process (PID=15312) to work on /home/shamim/airflow_git/Airflow_project/air_venv/lib/python3.12/site-packages/airflow/example_dags/example_bash_decorator.py
[2025-02-10T13:15:45.549+0600] {processor.py:914} INFO - Processing file /home/shamim/airflow_git/Airflow_project/air_venv/lib/python3.12/site-packages/airflow/example_dags/example_bash_decorator.py for tasks to queue
[2025-02-10T13:15:45.553+0600] {logging_mixin.py:190} INFO - [2025-02-10T13:15:45.552+0600] {dagbag.py:588} INFO - Filling up the DagBag from /home/shamim/airflow_git/Airflow_project/air_venv/lib/python3.12/site-packages/airflow/example_dags/example_bash_decorator.py
[2025-02-10T13:15:45.579+0600] {processor.py:925} INFO - DAG(s) 'example_bash_decorator' retrieved from /home/shamim/airflow_git/Airflow_project/air_venv/lib/python3.12/site-packages/airflow/example_dags/example_bash_decorator.py
[2025-02-10T13:15:45.604+0600] {logging_mixin.py:190} INFO - [2025-02-10T13:15:45.604+0600] {dag.py:3239} INFO - Sync 1 DAGs
[2025-02-10T13:15:45.623+0600] {logging_mixin.py:190} INFO - [2025-02-10T13:15:45.623+0600] {dag.py:4180} INFO - Setting next_dagrun for example_bash_decorator to None, run_after=None
[2025-02-10T13:15:45.654+0600] {processor.py:208} INFO - Processing /home/shamim/airflow_git/Airflow_project/air_venv/lib/python3.12/site-packages/airflow/example_dags/example_bash_decorator.py took 0.122 seconds
[2025-02-10T13:16:53.911+0600] {processor.py:186} INFO - Started process (PID=15403) to work on /home/shamim/airflow_git/Airflow_project/air_venv/lib/python3.12/site-packages/airflow/example_dags/example_bash_decorator.py
[2025-02-10T13:16:53.913+0600] {processor.py:914} INFO - Processing file /home/shamim/airflow_git/Airflow_project/air_venv/lib/python3.12/site-packages/airflow/example_dags/example_bash_decorator.py for tasks to queue
[2025-02-10T13:16:53.917+0600] {logging_mixin.py:190} INFO - [2025-02-10T13:16:53.916+0600] {dagbag.py:588} INFO - Filling up the DagBag from /home/shamim/airflow_git/Airflow_project/air_venv/lib/python3.12/site-packages/airflow/example_dags/example_bash_decorator.py
[2025-02-10T13:16:53.936+0600] {processor.py:925} INFO - DAG(s) 'example_bash_decorator' retrieved from /home/shamim/airflow_git/Airflow_project/air_venv/lib/python3.12/site-packages/airflow/example_dags/example_bash_decorator.py
[2025-02-10T13:16:53.961+0600] {logging_mixin.py:190} INFO - [2025-02-10T13:16:53.961+0600] {dag.py:3239} INFO - Sync 1 DAGs
[2025-02-10T13:16:53.977+0600] {logging_mixin.py:190} INFO - [2025-02-10T13:16:53.977+0600] {dag.py:4180} INFO - Setting next_dagrun for example_bash_decorator to None, run_after=None
[2025-02-10T13:16:54.002+0600] {processor.py:208} INFO - Processing /home/shamim/airflow_git/Airflow_project/air_venv/lib/python3.12/site-packages/airflow/example_dags/example_bash_decorator.py took 0.100 seconds
[2025-02-10T13:18:04.977+0600] {processor.py:186} INFO - Started process (PID=15637) to work on /home/shamim/airflow_git/Airflow_project/air_venv/lib/python3.12/site-packages/airflow/example_dags/example_bash_decorator.py
[2025-02-10T13:18:04.983+0600] {processor.py:914} INFO - Processing file /home/shamim/airflow_git/Airflow_project/air_venv/lib/python3.12/site-packages/airflow/example_dags/example_bash_decorator.py for tasks to queue
[2025-02-10T13:18:04.986+0600] {logging_mixin.py:190} INFO - [2025-02-10T13:18:04.986+0600] {dagbag.py:588} INFO - Filling up the DagBag from /home/shamim/airflow_git/Airflow_project/air_venv/lib/python3.12/site-packages/airflow/example_dags/example_bash_decorator.py
[2025-02-10T13:18:05.006+0600] {processor.py:925} INFO - DAG(s) 'example_bash_decorator' retrieved from /home/shamim/airflow_git/Airflow_project/air_venv/lib/python3.12/site-packages/airflow/example_dags/example_bash_decorator.py
[2025-02-10T13:18:05.028+0600] {logging_mixin.py:190} INFO - [2025-02-10T13:18:05.028+0600] {dag.py:3239} INFO - Sync 1 DAGs
[2025-02-10T13:18:05.044+0600] {logging_mixin.py:190} INFO - [2025-02-10T13:18:05.044+0600] {dag.py:4180} INFO - Setting next_dagrun for example_bash_decorator to None, run_after=None
[2025-02-10T13:18:05.074+0600] {processor.py:208} INFO - Processing /home/shamim/airflow_git/Airflow_project/air_venv/lib/python3.12/site-packages/airflow/example_dags/example_bash_decorator.py took 0.107 seconds
[2025-02-10T13:19:24.191+0600] {processor.py:186} INFO - Started process (PID=16057) to work on /home/shamim/airflow_git/Airflow_project/air_venv/lib/python3.12/site-packages/airflow/example_dags/example_bash_decorator.py
[2025-02-10T13:19:24.198+0600] {processor.py:914} INFO - Processing file /home/shamim/airflow_git/Airflow_project/air_venv/lib/python3.12/site-packages/airflow/example_dags/example_bash_decorator.py for tasks to queue
[2025-02-10T13:19:24.200+0600] {logging_mixin.py:190} INFO - [2025-02-10T13:19:24.199+0600] {dagbag.py:588} INFO - Filling up the DagBag from /home/shamim/airflow_git/Airflow_project/air_venv/lib/python3.12/site-packages/airflow/example_dags/example_bash_decorator.py
[2025-02-10T13:19:24.221+0600] {processor.py:925} INFO - DAG(s) 'example_bash_decorator' retrieved from /home/shamim/airflow_git/Airflow_project/air_venv/lib/python3.12/site-packages/airflow/example_dags/example_bash_decorator.py
[2025-02-10T13:19:24.248+0600] {logging_mixin.py:190} INFO - [2025-02-10T13:19:24.248+0600] {dag.py:3239} INFO - Sync 1 DAGs
[2025-02-10T13:19:24.264+0600] {logging_mixin.py:190} INFO - [2025-02-10T13:19:24.264+0600] {dag.py:4180} INFO - Setting next_dagrun for example_bash_decorator to None, run_after=None
[2025-02-10T13:19:24.291+0600] {processor.py:208} INFO - Processing /home/shamim/airflow_git/Airflow_project/air_venv/lib/python3.12/site-packages/airflow/example_dags/example_bash_decorator.py took 0.111 seconds
[2025-02-10T13:20:37.787+0600] {processor.py:186} INFO - Started process (PID=16617) to work on /home/shamim/airflow_git/Airflow_project/air_venv/lib/python3.12/site-packages/airflow/example_dags/example_bash_decorator.py
[2025-02-10T13:20:37.795+0600] {processor.py:914} INFO - Processing file /home/shamim/airflow_git/Airflow_project/air_venv/lib/python3.12/site-packages/airflow/example_dags/example_bash_decorator.py for tasks to queue
[2025-02-10T13:20:37.801+0600] {logging_mixin.py:190} INFO - [2025-02-10T13:20:37.799+0600] {dagbag.py:588} INFO - Filling up the DagBag from /home/shamim/airflow_git/Airflow_project/air_venv/lib/python3.12/site-packages/airflow/example_dags/example_bash_decorator.py
[2025-02-10T13:20:37.832+0600] {processor.py:925} INFO - DAG(s) 'example_bash_decorator' retrieved from /home/shamim/airflow_git/Airflow_project/air_venv/lib/python3.12/site-packages/airflow/example_dags/example_bash_decorator.py
[2025-02-10T13:20:37.857+0600] {logging_mixin.py:190} INFO - [2025-02-10T13:20:37.857+0600] {dag.py:3239} INFO - Sync 1 DAGs
[2025-02-10T13:20:37.875+0600] {logging_mixin.py:190} INFO - [2025-02-10T13:20:37.875+0600] {dag.py:4180} INFO - Setting next_dagrun for example_bash_decorator to None, run_after=None
[2025-02-10T13:20:37.904+0600] {processor.py:208} INFO - Processing /home/shamim/airflow_git/Airflow_project/air_venv/lib/python3.12/site-packages/airflow/example_dags/example_bash_decorator.py took 0.158 seconds
[2025-02-10T13:21:52.226+0600] {processor.py:186} INFO - Started process (PID=17201) to work on /home/shamim/airflow_git/Airflow_project/air_venv/lib/python3.12/site-packages/airflow/example_dags/example_bash_decorator.py
[2025-02-10T13:21:52.235+0600] {processor.py:914} INFO - Processing file /home/shamim/airflow_git/Airflow_project/air_venv/lib/python3.12/site-packages/airflow/example_dags/example_bash_decorator.py for tasks to queue
[2025-02-10T13:21:52.241+0600] {logging_mixin.py:190} INFO - [2025-02-10T13:21:52.239+0600] {dagbag.py:588} INFO - Filling up the DagBag from /home/shamim/airflow_git/Airflow_project/air_venv/lib/python3.12/site-packages/airflow/example_dags/example_bash_decorator.py
[2025-02-10T13:21:52.297+0600] {processor.py:925} INFO - DAG(s) 'example_bash_decorator' retrieved from /home/shamim/airflow_git/Airflow_project/air_venv/lib/python3.12/site-packages/airflow/example_dags/example_bash_decorator.py
[2025-02-10T13:21:52.326+0600] {logging_mixin.py:190} INFO - [2025-02-10T13:21:52.325+0600] {dag.py:3239} INFO - Sync 1 DAGs
[2025-02-10T13:21:52.348+0600] {logging_mixin.py:190} INFO - [2025-02-10T13:21:52.348+0600] {dag.py:4180} INFO - Setting next_dagrun for example_bash_decorator to None, run_after=None
[2025-02-10T13:21:52.382+0600] {processor.py:208} INFO - Processing /home/shamim/airflow_git/Airflow_project/air_venv/lib/python3.12/site-packages/airflow/example_dags/example_bash_decorator.py took 0.195 seconds
[2025-02-10T13:23:09.464+0600] {processor.py:186} INFO - Started process (PID=17432) to work on /home/shamim/airflow_git/Airflow_project/air_venv/lib/python3.12/site-packages/airflow/example_dags/example_bash_decorator.py
[2025-02-10T13:23:09.467+0600] {processor.py:914} INFO - Processing file /home/shamim/airflow_git/Airflow_project/air_venv/lib/python3.12/site-packages/airflow/example_dags/example_bash_decorator.py for tasks to queue
[2025-02-10T13:23:09.472+0600] {logging_mixin.py:190} INFO - [2025-02-10T13:23:09.470+0600] {dagbag.py:588} INFO - Filling up the DagBag from /home/shamim/airflow_git/Airflow_project/air_venv/lib/python3.12/site-packages/airflow/example_dags/example_bash_decorator.py
[2025-02-10T13:23:09.513+0600] {processor.py:925} INFO - DAG(s) 'example_bash_decorator' retrieved from /home/shamim/airflow_git/Airflow_project/air_venv/lib/python3.12/site-packages/airflow/example_dags/example_bash_decorator.py
[2025-02-10T13:23:09.537+0600] {logging_mixin.py:190} INFO - [2025-02-10T13:23:09.537+0600] {dag.py:3239} INFO - Sync 1 DAGs
[2025-02-10T13:23:09.554+0600] {logging_mixin.py:190} INFO - [2025-02-10T13:23:09.554+0600] {dag.py:4180} INFO - Setting next_dagrun for example_bash_decorator to None, run_after=None
[2025-02-10T13:23:09.575+0600] {processor.py:208} INFO - Processing /home/shamim/airflow_git/Airflow_project/air_venv/lib/python3.12/site-packages/airflow/example_dags/example_bash_decorator.py took 0.140 seconds
[2025-02-10T13:24:23.791+0600] {processor.py:186} INFO - Started process (PID=17556) to work on /home/shamim/airflow_git/Airflow_project/air_venv/lib/python3.12/site-packages/airflow/example_dags/example_bash_decorator.py
[2025-02-10T13:24:23.798+0600] {processor.py:914} INFO - Processing file /home/shamim/airflow_git/Airflow_project/air_venv/lib/python3.12/site-packages/airflow/example_dags/example_bash_decorator.py for tasks to queue
[2025-02-10T13:24:23.800+0600] {logging_mixin.py:190} INFO - [2025-02-10T13:24:23.799+0600] {dagbag.py:588} INFO - Filling up the DagBag from /home/shamim/airflow_git/Airflow_project/air_venv/lib/python3.12/site-packages/airflow/example_dags/example_bash_decorator.py
[2025-02-10T13:24:23.822+0600] {processor.py:925} INFO - DAG(s) 'example_bash_decorator' retrieved from /home/shamim/airflow_git/Airflow_project/air_venv/lib/python3.12/site-packages/airflow/example_dags/example_bash_decorator.py
[2025-02-10T13:24:23.844+0600] {logging_mixin.py:190} INFO - [2025-02-10T13:24:23.844+0600] {dag.py:3239} INFO - Sync 1 DAGs
[2025-02-10T13:24:23.860+0600] {logging_mixin.py:190} INFO - [2025-02-10T13:24:23.859+0600] {dag.py:4180} INFO - Setting next_dagrun for example_bash_decorator to None, run_after=None
[2025-02-10T13:24:23.893+0600] {processor.py:208} INFO - Processing /home/shamim/airflow_git/Airflow_project/air_venv/lib/python3.12/site-packages/airflow/example_dags/example_bash_decorator.py took 0.114 seconds
[2025-02-10T13:25:37.641+0600] {processor.py:186} INFO - Started process (PID=17759) to work on /home/shamim/airflow_git/Airflow_project/air_venv/lib/python3.12/site-packages/airflow/example_dags/example_bash_decorator.py
[2025-02-10T13:25:37.648+0600] {processor.py:914} INFO - Processing file /home/shamim/airflow_git/Airflow_project/air_venv/lib/python3.12/site-packages/airflow/example_dags/example_bash_decorator.py for tasks to queue
[2025-02-10T13:25:37.650+0600] {logging_mixin.py:190} INFO - [2025-02-10T13:25:37.649+0600] {dagbag.py:588} INFO - Filling up the DagBag from /home/shamim/airflow_git/Airflow_project/air_venv/lib/python3.12/site-packages/airflow/example_dags/example_bash_decorator.py
[2025-02-10T13:25:37.673+0600] {processor.py:925} INFO - DAG(s) 'example_bash_decorator' retrieved from /home/shamim/airflow_git/Airflow_project/air_venv/lib/python3.12/site-packages/airflow/example_dags/example_bash_decorator.py
[2025-02-10T13:25:37.696+0600] {logging_mixin.py:190} INFO - [2025-02-10T13:25:37.696+0600] {dag.py:3239} INFO - Sync 1 DAGs
[2025-02-10T13:25:37.712+0600] {logging_mixin.py:190} INFO - [2025-02-10T13:25:37.712+0600] {dag.py:4180} INFO - Setting next_dagrun for example_bash_decorator to None, run_after=None
[2025-02-10T13:25:37.747+0600] {processor.py:208} INFO - Processing /home/shamim/airflow_git/Airflow_project/air_venv/lib/python3.12/site-packages/airflow/example_dags/example_bash_decorator.py took 0.120 seconds
[2025-02-10T13:26:55.381+0600] {processor.py:186} INFO - Started process (PID=17867) to work on /home/shamim/airflow_git/Airflow_project/air_venv/lib/python3.12/site-packages/airflow/example_dags/example_bash_decorator.py
[2025-02-10T13:26:55.387+0600] {processor.py:914} INFO - Processing file /home/shamim/airflow_git/Airflow_project/air_venv/lib/python3.12/site-packages/airflow/example_dags/example_bash_decorator.py for tasks to queue
[2025-02-10T13:26:55.389+0600] {logging_mixin.py:190} INFO - [2025-02-10T13:26:55.388+0600] {dagbag.py:588} INFO - Filling up the DagBag from /home/shamim/airflow_git/Airflow_project/air_venv/lib/python3.12/site-packages/airflow/example_dags/example_bash_decorator.py
[2025-02-10T13:26:55.408+0600] {processor.py:925} INFO - DAG(s) 'example_bash_decorator' retrieved from /home/shamim/airflow_git/Airflow_project/air_venv/lib/python3.12/site-packages/airflow/example_dags/example_bash_decorator.py
[2025-02-10T13:26:55.430+0600] {logging_mixin.py:190} INFO - [2025-02-10T13:26:55.430+0600] {dag.py:3239} INFO - Sync 1 DAGs
[2025-02-10T13:26:55.446+0600] {logging_mixin.py:190} INFO - [2025-02-10T13:26:55.446+0600] {dag.py:4180} INFO - Setting next_dagrun for example_bash_decorator to None, run_after=None
[2025-02-10T13:26:55.481+0600] {processor.py:208} INFO - Processing /home/shamim/airflow_git/Airflow_project/air_venv/lib/python3.12/site-packages/airflow/example_dags/example_bash_decorator.py took 0.110 seconds
[2025-02-10T13:28:20.119+0600] {processor.py:186} INFO - Started process (PID=18336) to work on /home/shamim/airflow_git/Airflow_project/air_venv/lib/python3.12/site-packages/airflow/example_dags/example_bash_decorator.py
[2025-02-10T13:28:20.125+0600] {processor.py:914} INFO - Processing file /home/shamim/airflow_git/Airflow_project/air_venv/lib/python3.12/site-packages/airflow/example_dags/example_bash_decorator.py for tasks to queue
[2025-02-10T13:28:20.127+0600] {logging_mixin.py:190} INFO - [2025-02-10T13:28:20.126+0600] {dagbag.py:588} INFO - Filling up the DagBag from /home/shamim/airflow_git/Airflow_project/air_venv/lib/python3.12/site-packages/airflow/example_dags/example_bash_decorator.py
[2025-02-10T13:28:20.146+0600] {processor.py:925} INFO - DAG(s) 'example_bash_decorator' retrieved from /home/shamim/airflow_git/Airflow_project/air_venv/lib/python3.12/site-packages/airflow/example_dags/example_bash_decorator.py
[2025-02-10T13:28:20.168+0600] {logging_mixin.py:190} INFO - [2025-02-10T13:28:20.168+0600] {dag.py:3239} INFO - Sync 1 DAGs
[2025-02-10T13:28:20.184+0600] {logging_mixin.py:190} INFO - [2025-02-10T13:28:20.184+0600] {dag.py:4180} INFO - Setting next_dagrun for example_bash_decorator to None, run_after=None
[2025-02-10T13:28:20.218+0600] {processor.py:208} INFO - Processing /home/shamim/airflow_git/Airflow_project/air_venv/lib/python3.12/site-packages/airflow/example_dags/example_bash_decorator.py took 0.109 seconds
[2025-02-10T13:29:41.646+0600] {processor.py:186} INFO - Started process (PID=18747) to work on /home/shamim/airflow_git/Airflow_project/air_venv/lib/python3.12/site-packages/airflow/example_dags/example_bash_decorator.py
[2025-02-10T13:29:41.648+0600] {processor.py:914} INFO - Processing file /home/shamim/airflow_git/Airflow_project/air_venv/lib/python3.12/site-packages/airflow/example_dags/example_bash_decorator.py for tasks to queue
[2025-02-10T13:29:41.649+0600] {logging_mixin.py:190} INFO - [2025-02-10T13:29:41.649+0600] {dagbag.py:588} INFO - Filling up the DagBag from /home/shamim/airflow_git/Airflow_project/air_venv/lib/python3.12/site-packages/airflow/example_dags/example_bash_decorator.py
[2025-02-10T13:29:41.670+0600] {processor.py:925} INFO - DAG(s) 'example_bash_decorator' retrieved from /home/shamim/airflow_git/Airflow_project/air_venv/lib/python3.12/site-packages/airflow/example_dags/example_bash_decorator.py
[2025-02-10T13:29:41.692+0600] {logging_mixin.py:190} INFO - [2025-02-10T13:29:41.692+0600] {dag.py:3239} INFO - Sync 1 DAGs
[2025-02-10T13:29:41.707+0600] {logging_mixin.py:190} INFO - [2025-02-10T13:29:41.707+0600] {dag.py:4180} INFO - Setting next_dagrun for example_bash_decorator to None, run_after=None
[2025-02-10T13:29:41.742+0600] {processor.py:208} INFO - Processing /home/shamim/airflow_git/Airflow_project/air_venv/lib/python3.12/site-packages/airflow/example_dags/example_bash_decorator.py took 0.107 seconds
[2025-02-10T13:31:04.676+0600] {processor.py:186} INFO - Started process (PID=18871) to work on /home/shamim/airflow_git/Airflow_project/air_venv/lib/python3.12/site-packages/airflow/example_dags/example_bash_decorator.py
[2025-02-10T13:31:04.683+0600] {processor.py:914} INFO - Processing file /home/shamim/airflow_git/Airflow_project/air_venv/lib/python3.12/site-packages/airflow/example_dags/example_bash_decorator.py for tasks to queue
[2025-02-10T13:31:04.685+0600] {logging_mixin.py:190} INFO - [2025-02-10T13:31:04.685+0600] {dagbag.py:588} INFO - Filling up the DagBag from /home/shamim/airflow_git/Airflow_project/air_venv/lib/python3.12/site-packages/airflow/example_dags/example_bash_decorator.py
[2025-02-10T13:31:04.707+0600] {processor.py:925} INFO - DAG(s) 'example_bash_decorator' retrieved from /home/shamim/airflow_git/Airflow_project/air_venv/lib/python3.12/site-packages/airflow/example_dags/example_bash_decorator.py
[2025-02-10T13:31:04.729+0600] {logging_mixin.py:190} INFO - [2025-02-10T13:31:04.729+0600] {dag.py:3239} INFO - Sync 1 DAGs
[2025-02-10T13:31:04.745+0600] {logging_mixin.py:190} INFO - [2025-02-10T13:31:04.745+0600] {dag.py:4180} INFO - Setting next_dagrun for example_bash_decorator to None, run_after=None
[2025-02-10T13:31:04.779+0600] {processor.py:208} INFO - Processing /home/shamim/airflow_git/Airflow_project/air_venv/lib/python3.12/site-packages/airflow/example_dags/example_bash_decorator.py took 0.116 seconds
[2025-02-10T13:32:18.833+0600] {processor.py:186} INFO - Started process (PID=18976) to work on /home/shamim/airflow_git/Airflow_project/air_venv/lib/python3.12/site-packages/airflow/example_dags/example_bash_decorator.py
[2025-02-10T13:32:18.839+0600] {processor.py:914} INFO - Processing file /home/shamim/airflow_git/Airflow_project/air_venv/lib/python3.12/site-packages/airflow/example_dags/example_bash_decorator.py for tasks to queue
[2025-02-10T13:32:18.841+0600] {logging_mixin.py:190} INFO - [2025-02-10T13:32:18.841+0600] {dagbag.py:588} INFO - Filling up the DagBag from /home/shamim/airflow_git/Airflow_project/air_venv/lib/python3.12/site-packages/airflow/example_dags/example_bash_decorator.py
[2025-02-10T13:32:18.862+0600] {processor.py:925} INFO - DAG(s) 'example_bash_decorator' retrieved from /home/shamim/airflow_git/Airflow_project/air_venv/lib/python3.12/site-packages/airflow/example_dags/example_bash_decorator.py
[2025-02-10T13:32:18.884+0600] {logging_mixin.py:190} INFO - [2025-02-10T13:32:18.884+0600] {dag.py:3239} INFO - Sync 1 DAGs
[2025-02-10T13:32:18.899+0600] {logging_mixin.py:190} INFO - [2025-02-10T13:32:18.899+0600] {dag.py:4180} INFO - Setting next_dagrun for example_bash_decorator to None, run_after=None
[2025-02-10T13:32:18.934+0600] {processor.py:208} INFO - Processing /home/shamim/airflow_git/Airflow_project/air_venv/lib/python3.12/site-packages/airflow/example_dags/example_bash_decorator.py took 0.112 seconds
[2025-02-10T13:33:38.734+0600] {processor.py:186} INFO - Started process (PID=19135) to work on /home/shamim/airflow_git/Airflow_project/air_venv/lib/python3.12/site-packages/airflow/example_dags/example_bash_decorator.py
[2025-02-10T13:33:38.741+0600] {processor.py:914} INFO - Processing file /home/shamim/airflow_git/Airflow_project/air_venv/lib/python3.12/site-packages/airflow/example_dags/example_bash_decorator.py for tasks to queue
[2025-02-10T13:33:38.743+0600] {logging_mixin.py:190} INFO - [2025-02-10T13:33:38.742+0600] {dagbag.py:588} INFO - Filling up the DagBag from /home/shamim/airflow_git/Airflow_project/air_venv/lib/python3.12/site-packages/airflow/example_dags/example_bash_decorator.py
[2025-02-10T13:33:38.766+0600] {processor.py:925} INFO - DAG(s) 'example_bash_decorator' retrieved from /home/shamim/airflow_git/Airflow_project/air_venv/lib/python3.12/site-packages/airflow/example_dags/example_bash_decorator.py
[2025-02-10T13:33:38.788+0600] {logging_mixin.py:190} INFO - [2025-02-10T13:33:38.788+0600] {dag.py:3239} INFO - Sync 1 DAGs
[2025-02-10T13:33:38.803+0600] {logging_mixin.py:190} INFO - [2025-02-10T13:33:38.803+0600] {dag.py:4180} INFO - Setting next_dagrun for example_bash_decorator to None, run_after=None
[2025-02-10T13:33:38.839+0600] {processor.py:208} INFO - Processing /home/shamim/airflow_git/Airflow_project/air_venv/lib/python3.12/site-packages/airflow/example_dags/example_bash_decorator.py took 0.119 seconds
[2025-02-10T13:34:56.926+0600] {processor.py:186} INFO - Started process (PID=19391) to work on /home/shamim/airflow_git/Airflow_project/air_venv/lib/python3.12/site-packages/airflow/example_dags/example_bash_decorator.py
[2025-02-10T13:34:56.933+0600] {processor.py:914} INFO - Processing file /home/shamim/airflow_git/Airflow_project/air_venv/lib/python3.12/site-packages/airflow/example_dags/example_bash_decorator.py for tasks to queue
[2025-02-10T13:34:56.935+0600] {logging_mixin.py:190} INFO - [2025-02-10T13:34:56.935+0600] {dagbag.py:588} INFO - Filling up the DagBag from /home/shamim/airflow_git/Airflow_project/air_venv/lib/python3.12/site-packages/airflow/example_dags/example_bash_decorator.py
[2025-02-10T13:34:56.960+0600] {processor.py:925} INFO - DAG(s) 'example_bash_decorator' retrieved from /home/shamim/airflow_git/Airflow_project/air_venv/lib/python3.12/site-packages/airflow/example_dags/example_bash_decorator.py
[2025-02-10T13:34:56.982+0600] {logging_mixin.py:190} INFO - [2025-02-10T13:34:56.982+0600] {dag.py:3239} INFO - Sync 1 DAGs
[2025-02-10T13:34:56.998+0600] {logging_mixin.py:190} INFO - [2025-02-10T13:34:56.998+0600] {dag.py:4180} INFO - Setting next_dagrun for example_bash_decorator to None, run_after=None
[2025-02-10T13:34:57.032+0600] {processor.py:208} INFO - Processing /home/shamim/airflow_git/Airflow_project/air_venv/lib/python3.12/site-packages/airflow/example_dags/example_bash_decorator.py took 0.119 seconds
[2025-02-10T13:36:14.701+0600] {processor.py:186} INFO - Started process (PID=19480) to work on /home/shamim/airflow_git/Airflow_project/air_venv/lib/python3.12/site-packages/airflow/example_dags/example_bash_decorator.py
[2025-02-10T13:36:14.707+0600] {processor.py:914} INFO - Processing file /home/shamim/airflow_git/Airflow_project/air_venv/lib/python3.12/site-packages/airflow/example_dags/example_bash_decorator.py for tasks to queue
[2025-02-10T13:36:14.710+0600] {logging_mixin.py:190} INFO - [2025-02-10T13:36:14.709+0600] {dagbag.py:588} INFO - Filling up the DagBag from /home/shamim/airflow_git/Airflow_project/air_venv/lib/python3.12/site-packages/airflow/example_dags/example_bash_decorator.py
[2025-02-10T13:36:14.897+0600] {processor.py:925} INFO - DAG(s) 'example_bash_decorator' retrieved from /home/shamim/airflow_git/Airflow_project/air_venv/lib/python3.12/site-packages/airflow/example_dags/example_bash_decorator.py
[2025-02-10T13:36:14.918+0600] {logging_mixin.py:190} INFO - [2025-02-10T13:36:14.917+0600] {dag.py:3239} INFO - Sync 1 DAGs
[2025-02-10T13:36:14.930+0600] {logging_mixin.py:190} INFO - [2025-02-10T13:36:14.930+0600] {dag.py:4180} INFO - Setting next_dagrun for example_bash_decorator to None, run_after=None
[2025-02-10T13:36:14.955+0600] {processor.py:208} INFO - Processing /home/shamim/airflow_git/Airflow_project/air_venv/lib/python3.12/site-packages/airflow/example_dags/example_bash_decorator.py took 0.268 seconds
[2025-02-10T13:37:39.509+0600] {processor.py:186} INFO - Started process (PID=19611) to work on /home/shamim/airflow_git/Airflow_project/air_venv/lib/python3.12/site-packages/airflow/example_dags/example_bash_decorator.py
[2025-02-10T13:37:39.515+0600] {processor.py:914} INFO - Processing file /home/shamim/airflow_git/Airflow_project/air_venv/lib/python3.12/site-packages/airflow/example_dags/example_bash_decorator.py for tasks to queue
[2025-02-10T13:37:39.517+0600] {logging_mixin.py:190} INFO - [2025-02-10T13:37:39.517+0600] {dagbag.py:588} INFO - Filling up the DagBag from /home/shamim/airflow_git/Airflow_project/air_venv/lib/python3.12/site-packages/airflow/example_dags/example_bash_decorator.py
[2025-02-10T13:37:39.538+0600] {processor.py:925} INFO - DAG(s) 'example_bash_decorator' retrieved from /home/shamim/airflow_git/Airflow_project/air_venv/lib/python3.12/site-packages/airflow/example_dags/example_bash_decorator.py
[2025-02-10T13:37:39.560+0600] {logging_mixin.py:190} INFO - [2025-02-10T13:37:39.559+0600] {dag.py:3239} INFO - Sync 1 DAGs
[2025-02-10T13:37:39.575+0600] {logging_mixin.py:190} INFO - [2025-02-10T13:37:39.574+0600] {dag.py:4180} INFO - Setting next_dagrun for example_bash_decorator to None, run_after=None
[2025-02-10T13:37:39.609+0600] {processor.py:208} INFO - Processing /home/shamim/airflow_git/Airflow_project/air_venv/lib/python3.12/site-packages/airflow/example_dags/example_bash_decorator.py took 0.110 seconds
[2025-02-10T13:38:55.773+0600] {processor.py:186} INFO - Started process (PID=19754) to work on /home/shamim/airflow_git/Airflow_project/air_venv/lib/python3.12/site-packages/airflow/example_dags/example_bash_decorator.py
[2025-02-10T13:38:55.789+0600] {processor.py:914} INFO - Processing file /home/shamim/airflow_git/Airflow_project/air_venv/lib/python3.12/site-packages/airflow/example_dags/example_bash_decorator.py for tasks to queue
[2025-02-10T13:38:55.791+0600] {logging_mixin.py:190} INFO - [2025-02-10T13:38:55.790+0600] {dagbag.py:588} INFO - Filling up the DagBag from /home/shamim/airflow_git/Airflow_project/air_venv/lib/python3.12/site-packages/airflow/example_dags/example_bash_decorator.py
[2025-02-10T13:38:55.812+0600] {processor.py:925} INFO - DAG(s) 'example_bash_decorator' retrieved from /home/shamim/airflow_git/Airflow_project/air_venv/lib/python3.12/site-packages/airflow/example_dags/example_bash_decorator.py
[2025-02-10T13:38:55.834+0600] {logging_mixin.py:190} INFO - [2025-02-10T13:38:55.834+0600] {dag.py:3239} INFO - Sync 1 DAGs
[2025-02-10T13:38:55.849+0600] {logging_mixin.py:190} INFO - [2025-02-10T13:38:55.849+0600] {dag.py:4180} INFO - Setting next_dagrun for example_bash_decorator to None, run_after=None
[2025-02-10T13:38:55.871+0600] {processor.py:208} INFO - Processing /home/shamim/airflow_git/Airflow_project/air_venv/lib/python3.12/site-packages/airflow/example_dags/example_bash_decorator.py took 0.108 seconds
[2025-02-10T13:40:15.629+0600] {processor.py:186} INFO - Started process (PID=19925) to work on /home/shamim/airflow_git/Airflow_project/air_venv/lib/python3.12/site-packages/airflow/example_dags/example_bash_decorator.py
[2025-02-10T13:40:15.635+0600] {processor.py:914} INFO - Processing file /home/shamim/airflow_git/Airflow_project/air_venv/lib/python3.12/site-packages/airflow/example_dags/example_bash_decorator.py for tasks to queue
[2025-02-10T13:40:15.638+0600] {logging_mixin.py:190} INFO - [2025-02-10T13:40:15.637+0600] {dagbag.py:588} INFO - Filling up the DagBag from /home/shamim/airflow_git/Airflow_project/air_venv/lib/python3.12/site-packages/airflow/example_dags/example_bash_decorator.py
[2025-02-10T13:40:15.660+0600] {processor.py:925} INFO - DAG(s) 'example_bash_decorator' retrieved from /home/shamim/airflow_git/Airflow_project/air_venv/lib/python3.12/site-packages/airflow/example_dags/example_bash_decorator.py
[2025-02-10T13:40:15.682+0600] {logging_mixin.py:190} INFO - [2025-02-10T13:40:15.682+0600] {dag.py:3239} INFO - Sync 1 DAGs
[2025-02-10T13:40:15.697+0600] {logging_mixin.py:190} INFO - [2025-02-10T13:40:15.697+0600] {dag.py:4180} INFO - Setting next_dagrun for example_bash_decorator to None, run_after=None
[2025-02-10T13:40:15.858+0600] {processor.py:208} INFO - Processing /home/shamim/airflow_git/Airflow_project/air_venv/lib/python3.12/site-packages/airflow/example_dags/example_bash_decorator.py took 0.241 seconds
[2025-02-10T13:41:43.334+0600] {processor.py:186} INFO - Started process (PID=20040) to work on /home/shamim/airflow_git/Airflow_project/air_venv/lib/python3.12/site-packages/airflow/example_dags/example_bash_decorator.py
[2025-02-10T13:41:43.341+0600] {processor.py:914} INFO - Processing file /home/shamim/airflow_git/Airflow_project/air_venv/lib/python3.12/site-packages/airflow/example_dags/example_bash_decorator.py for tasks to queue
[2025-02-10T13:41:43.343+0600] {logging_mixin.py:190} INFO - [2025-02-10T13:41:43.342+0600] {dagbag.py:588} INFO - Filling up the DagBag from /home/shamim/airflow_git/Airflow_project/air_venv/lib/python3.12/site-packages/airflow/example_dags/example_bash_decorator.py
[2025-02-10T13:41:43.363+0600] {processor.py:925} INFO - DAG(s) 'example_bash_decorator' retrieved from /home/shamim/airflow_git/Airflow_project/air_venv/lib/python3.12/site-packages/airflow/example_dags/example_bash_decorator.py
[2025-02-10T13:41:43.385+0600] {logging_mixin.py:190} INFO - [2025-02-10T13:41:43.385+0600] {dag.py:3239} INFO - Sync 1 DAGs
[2025-02-10T13:41:43.400+0600] {logging_mixin.py:190} INFO - [2025-02-10T13:41:43.400+0600] {dag.py:4180} INFO - Setting next_dagrun for example_bash_decorator to None, run_after=None
[2025-02-10T13:41:43.444+0600] {processor.py:208} INFO - Processing /home/shamim/airflow_git/Airflow_project/air_venv/lib/python3.12/site-packages/airflow/example_dags/example_bash_decorator.py took 0.120 seconds
[2025-02-10T13:43:00.371+0600] {processor.py:186} INFO - Started process (PID=20194) to work on /home/shamim/airflow_git/Airflow_project/air_venv/lib/python3.12/site-packages/airflow/example_dags/example_bash_decorator.py
[2025-02-10T13:43:00.377+0600] {processor.py:914} INFO - Processing file /home/shamim/airflow_git/Airflow_project/air_venv/lib/python3.12/site-packages/airflow/example_dags/example_bash_decorator.py for tasks to queue
[2025-02-10T13:43:00.378+0600] {logging_mixin.py:190} INFO - [2025-02-10T13:43:00.378+0600] {dagbag.py:588} INFO - Filling up the DagBag from /home/shamim/airflow_git/Airflow_project/air_venv/lib/python3.12/site-packages/airflow/example_dags/example_bash_decorator.py
[2025-02-10T13:43:00.397+0600] {processor.py:925} INFO - DAG(s) 'example_bash_decorator' retrieved from /home/shamim/airflow_git/Airflow_project/air_venv/lib/python3.12/site-packages/airflow/example_dags/example_bash_decorator.py
[2025-02-10T13:43:00.419+0600] {logging_mixin.py:190} INFO - [2025-02-10T13:43:00.419+0600] {dag.py:3239} INFO - Sync 1 DAGs
[2025-02-10T13:43:00.434+0600] {logging_mixin.py:190} INFO - [2025-02-10T13:43:00.434+0600] {dag.py:4180} INFO - Setting next_dagrun for example_bash_decorator to None, run_after=None
[2025-02-10T13:43:00.469+0600] {processor.py:208} INFO - Processing /home/shamim/airflow_git/Airflow_project/air_venv/lib/python3.12/site-packages/airflow/example_dags/example_bash_decorator.py took 0.108 seconds
[2025-02-10T13:44:12.757+0600] {processor.py:186} INFO - Started process (PID=20338) to work on /home/shamim/airflow_git/Airflow_project/air_venv/lib/python3.12/site-packages/airflow/example_dags/example_bash_decorator.py
[2025-02-10T13:44:12.763+0600] {processor.py:914} INFO - Processing file /home/shamim/airflow_git/Airflow_project/air_venv/lib/python3.12/site-packages/airflow/example_dags/example_bash_decorator.py for tasks to queue
[2025-02-10T13:44:12.764+0600] {logging_mixin.py:190} INFO - [2025-02-10T13:44:12.764+0600] {dagbag.py:588} INFO - Filling up the DagBag from /home/shamim/airflow_git/Airflow_project/air_venv/lib/python3.12/site-packages/airflow/example_dags/example_bash_decorator.py
[2025-02-10T13:44:12.783+0600] {processor.py:925} INFO - DAG(s) 'example_bash_decorator' retrieved from /home/shamim/airflow_git/Airflow_project/air_venv/lib/python3.12/site-packages/airflow/example_dags/example_bash_decorator.py
[2025-02-10T13:44:12.805+0600] {logging_mixin.py:190} INFO - [2025-02-10T13:44:12.804+0600] {dag.py:3239} INFO - Sync 1 DAGs
[2025-02-10T13:44:12.821+0600] {logging_mixin.py:190} INFO - [2025-02-10T13:44:12.821+0600] {dag.py:4180} INFO - Setting next_dagrun for example_bash_decorator to None, run_after=None
[2025-02-10T13:44:12.867+0600] {processor.py:208} INFO - Processing /home/shamim/airflow_git/Airflow_project/air_venv/lib/python3.12/site-packages/airflow/example_dags/example_bash_decorator.py took 0.120 seconds
[2025-02-10T13:45:28.625+0600] {processor.py:186} INFO - Started process (PID=20459) to work on /home/shamim/airflow_git/Airflow_project/air_venv/lib/python3.12/site-packages/airflow/example_dags/example_bash_decorator.py
[2025-02-10T13:45:28.631+0600] {processor.py:914} INFO - Processing file /home/shamim/airflow_git/Airflow_project/air_venv/lib/python3.12/site-packages/airflow/example_dags/example_bash_decorator.py for tasks to queue
[2025-02-10T13:45:28.633+0600] {logging_mixin.py:190} INFO - [2025-02-10T13:45:28.633+0600] {dagbag.py:588} INFO - Filling up the DagBag from /home/shamim/airflow_git/Airflow_project/air_venv/lib/python3.12/site-packages/airflow/example_dags/example_bash_decorator.py
[2025-02-10T13:45:28.654+0600] {processor.py:925} INFO - DAG(s) 'example_bash_decorator' retrieved from /home/shamim/airflow_git/Airflow_project/air_venv/lib/python3.12/site-packages/airflow/example_dags/example_bash_decorator.py
[2025-02-10T13:45:28.675+0600] {logging_mixin.py:190} INFO - [2025-02-10T13:45:28.675+0600] {dag.py:3239} INFO - Sync 1 DAGs
[2025-02-10T13:45:28.691+0600] {logging_mixin.py:190} INFO - [2025-02-10T13:45:28.691+0600] {dag.py:4180} INFO - Setting next_dagrun for example_bash_decorator to None, run_after=None
[2025-02-10T13:45:28.725+0600] {processor.py:208} INFO - Processing /home/shamim/airflow_git/Airflow_project/air_venv/lib/python3.12/site-packages/airflow/example_dags/example_bash_decorator.py took 0.110 seconds
[2025-02-10T13:46:39.761+0600] {processor.py:186} INFO - Started process (PID=20574) to work on /home/shamim/airflow_git/Airflow_project/air_venv/lib/python3.12/site-packages/airflow/example_dags/example_bash_decorator.py
[2025-02-10T13:46:39.768+0600] {processor.py:914} INFO - Processing file /home/shamim/airflow_git/Airflow_project/air_venv/lib/python3.12/site-packages/airflow/example_dags/example_bash_decorator.py for tasks to queue
[2025-02-10T13:46:39.769+0600] {logging_mixin.py:190} INFO - [2025-02-10T13:46:39.769+0600] {dagbag.py:588} INFO - Filling up the DagBag from /home/shamim/airflow_git/Airflow_project/air_venv/lib/python3.12/site-packages/airflow/example_dags/example_bash_decorator.py
[2025-02-10T13:46:39.790+0600] {processor.py:925} INFO - DAG(s) 'example_bash_decorator' retrieved from /home/shamim/airflow_git/Airflow_project/air_venv/lib/python3.12/site-packages/airflow/example_dags/example_bash_decorator.py
[2025-02-10T13:46:39.812+0600] {logging_mixin.py:190} INFO - [2025-02-10T13:46:39.812+0600] {dag.py:3239} INFO - Sync 1 DAGs
[2025-02-10T13:46:39.827+0600] {logging_mixin.py:190} INFO - [2025-02-10T13:46:39.827+0600] {dag.py:4180} INFO - Setting next_dagrun for example_bash_decorator to None, run_after=None
[2025-02-10T13:46:39.862+0600] {processor.py:208} INFO - Processing /home/shamim/airflow_git/Airflow_project/air_venv/lib/python3.12/site-packages/airflow/example_dags/example_bash_decorator.py took 0.111 seconds
[2025-02-10T13:47:56.338+0600] {processor.py:186} INFO - Started process (PID=20979) to work on /home/shamim/airflow_git/Airflow_project/air_venv/lib/python3.12/site-packages/airflow/example_dags/example_bash_decorator.py
[2025-02-10T13:47:56.342+0600] {processor.py:914} INFO - Processing file /home/shamim/airflow_git/Airflow_project/air_venv/lib/python3.12/site-packages/airflow/example_dags/example_bash_decorator.py for tasks to queue
[2025-02-10T13:47:56.344+0600] {logging_mixin.py:190} INFO - [2025-02-10T13:47:56.344+0600] {dagbag.py:588} INFO - Filling up the DagBag from /home/shamim/airflow_git/Airflow_project/air_venv/lib/python3.12/site-packages/airflow/example_dags/example_bash_decorator.py
[2025-02-10T13:47:56.365+0600] {processor.py:925} INFO - DAG(s) 'example_bash_decorator' retrieved from /home/shamim/airflow_git/Airflow_project/air_venv/lib/python3.12/site-packages/airflow/example_dags/example_bash_decorator.py
[2025-02-10T13:47:56.389+0600] {logging_mixin.py:190} INFO - [2025-02-10T13:47:56.389+0600] {dag.py:3239} INFO - Sync 1 DAGs
[2025-02-10T13:47:56.406+0600] {logging_mixin.py:190} INFO - [2025-02-10T13:47:56.406+0600] {dag.py:4180} INFO - Setting next_dagrun for example_bash_decorator to None, run_after=None
[2025-02-10T13:47:56.438+0600] {processor.py:208} INFO - Processing /home/shamim/airflow_git/Airflow_project/air_venv/lib/python3.12/site-packages/airflow/example_dags/example_bash_decorator.py took 0.112 seconds
[2025-02-10T13:49:10.199+0600] {processor.py:186} INFO - Started process (PID=21133) to work on /home/shamim/airflow_git/Airflow_project/air_venv/lib/python3.12/site-packages/airflow/example_dags/example_bash_decorator.py
[2025-02-10T13:49:10.201+0600] {processor.py:914} INFO - Processing file /home/shamim/airflow_git/Airflow_project/air_venv/lib/python3.12/site-packages/airflow/example_dags/example_bash_decorator.py for tasks to queue
[2025-02-10T13:49:10.204+0600] {logging_mixin.py:190} INFO - [2025-02-10T13:49:10.203+0600] {dagbag.py:588} INFO - Filling up the DagBag from /home/shamim/airflow_git/Airflow_project/air_venv/lib/python3.12/site-packages/airflow/example_dags/example_bash_decorator.py
[2025-02-10T13:49:10.235+0600] {processor.py:925} INFO - DAG(s) 'example_bash_decorator' retrieved from /home/shamim/airflow_git/Airflow_project/air_venv/lib/python3.12/site-packages/airflow/example_dags/example_bash_decorator.py
[2025-02-10T13:49:10.263+0600] {logging_mixin.py:190} INFO - [2025-02-10T13:49:10.263+0600] {dag.py:3239} INFO - Sync 1 DAGs
[2025-02-10T13:49:10.283+0600] {logging_mixin.py:190} INFO - [2025-02-10T13:49:10.282+0600] {dag.py:4180} INFO - Setting next_dagrun for example_bash_decorator to None, run_after=None
[2025-02-10T13:49:10.315+0600] {processor.py:208} INFO - Processing /home/shamim/airflow_git/Airflow_project/air_venv/lib/python3.12/site-packages/airflow/example_dags/example_bash_decorator.py took 0.143 seconds
[2025-02-10T13:50:22.754+0600] {processor.py:186} INFO - Started process (PID=21252) to work on /home/shamim/airflow_git/Airflow_project/air_venv/lib/python3.12/site-packages/airflow/example_dags/example_bash_decorator.py
[2025-02-10T13:50:22.760+0600] {processor.py:914} INFO - Processing file /home/shamim/airflow_git/Airflow_project/air_venv/lib/python3.12/site-packages/airflow/example_dags/example_bash_decorator.py for tasks to queue
[2025-02-10T13:50:22.762+0600] {logging_mixin.py:190} INFO - [2025-02-10T13:50:22.761+0600] {dagbag.py:588} INFO - Filling up the DagBag from /home/shamim/airflow_git/Airflow_project/air_venv/lib/python3.12/site-packages/airflow/example_dags/example_bash_decorator.py
[2025-02-10T13:50:22.782+0600] {processor.py:925} INFO - DAG(s) 'example_bash_decorator' retrieved from /home/shamim/airflow_git/Airflow_project/air_venv/lib/python3.12/site-packages/airflow/example_dags/example_bash_decorator.py
[2025-02-10T13:50:22.804+0600] {logging_mixin.py:190} INFO - [2025-02-10T13:50:22.804+0600] {dag.py:3239} INFO - Sync 1 DAGs
[2025-02-10T13:50:22.820+0600] {logging_mixin.py:190} INFO - [2025-02-10T13:50:22.819+0600] {dag.py:4180} INFO - Setting next_dagrun for example_bash_decorator to None, run_after=None
[2025-02-10T13:50:22.841+0600] {processor.py:208} INFO - Processing /home/shamim/airflow_git/Airflow_project/air_venv/lib/python3.12/site-packages/airflow/example_dags/example_bash_decorator.py took 0.098 seconds
[2025-02-10T13:51:34.408+0600] {processor.py:186} INFO - Started process (PID=21361) to work on /home/shamim/airflow_git/Airflow_project/air_venv/lib/python3.12/site-packages/airflow/example_dags/example_bash_decorator.py
[2025-02-10T13:51:34.415+0600] {processor.py:914} INFO - Processing file /home/shamim/airflow_git/Airflow_project/air_venv/lib/python3.12/site-packages/airflow/example_dags/example_bash_decorator.py for tasks to queue
[2025-02-10T13:51:34.416+0600] {logging_mixin.py:190} INFO - [2025-02-10T13:51:34.416+0600] {dagbag.py:588} INFO - Filling up the DagBag from /home/shamim/airflow_git/Airflow_project/air_venv/lib/python3.12/site-packages/airflow/example_dags/example_bash_decorator.py
[2025-02-10T13:51:34.442+0600] {processor.py:925} INFO - DAG(s) 'example_bash_decorator' retrieved from /home/shamim/airflow_git/Airflow_project/air_venv/lib/python3.12/site-packages/airflow/example_dags/example_bash_decorator.py
[2025-02-10T13:51:34.468+0600] {logging_mixin.py:190} INFO - [2025-02-10T13:51:34.467+0600] {dag.py:3239} INFO - Sync 1 DAGs
[2025-02-10T13:51:34.486+0600] {logging_mixin.py:190} INFO - [2025-02-10T13:51:34.486+0600] {dag.py:4180} INFO - Setting next_dagrun for example_bash_decorator to None, run_after=None
[2025-02-10T13:51:34.525+0600] {processor.py:208} INFO - Processing /home/shamim/airflow_git/Airflow_project/air_venv/lib/python3.12/site-packages/airflow/example_dags/example_bash_decorator.py took 0.128 seconds
[2025-02-10T13:52:55.775+0600] {processor.py:186} INFO - Started process (PID=21561) to work on /home/shamim/airflow_git/Airflow_project/air_venv/lib/python3.12/site-packages/airflow/example_dags/example_bash_decorator.py
[2025-02-10T13:52:55.802+0600] {processor.py:914} INFO - Processing file /home/shamim/airflow_git/Airflow_project/air_venv/lib/python3.12/site-packages/airflow/example_dags/example_bash_decorator.py for tasks to queue
[2025-02-10T13:52:55.804+0600] {logging_mixin.py:190} INFO - [2025-02-10T13:52:55.803+0600] {dagbag.py:588} INFO - Filling up the DagBag from /home/shamim/airflow_git/Airflow_project/air_venv/lib/python3.12/site-packages/airflow/example_dags/example_bash_decorator.py
[2025-02-10T13:52:55.826+0600] {processor.py:925} INFO - DAG(s) 'example_bash_decorator' retrieved from /home/shamim/airflow_git/Airflow_project/air_venv/lib/python3.12/site-packages/airflow/example_dags/example_bash_decorator.py
[2025-02-10T13:52:55.849+0600] {logging_mixin.py:190} INFO - [2025-02-10T13:52:55.848+0600] {dag.py:3239} INFO - Sync 1 DAGs
[2025-02-10T13:52:55.864+0600] {logging_mixin.py:190} INFO - [2025-02-10T13:52:55.864+0600] {dag.py:4180} INFO - Setting next_dagrun for example_bash_decorator to None, run_after=None
[2025-02-10T13:52:55.886+0600] {processor.py:208} INFO - Processing /home/shamim/airflow_git/Airflow_project/air_venv/lib/python3.12/site-packages/airflow/example_dags/example_bash_decorator.py took 0.121 seconds
[2025-02-10T13:54:16.764+0600] {processor.py:186} INFO - Started process (PID=21720) to work on /home/shamim/airflow_git/Airflow_project/air_venv/lib/python3.12/site-packages/airflow/example_dags/example_bash_decorator.py
[2025-02-10T13:54:16.771+0600] {processor.py:914} INFO - Processing file /home/shamim/airflow_git/Airflow_project/air_venv/lib/python3.12/site-packages/airflow/example_dags/example_bash_decorator.py for tasks to queue
[2025-02-10T13:54:16.772+0600] {logging_mixin.py:190} INFO - [2025-02-10T13:54:16.772+0600] {dagbag.py:588} INFO - Filling up the DagBag from /home/shamim/airflow_git/Airflow_project/air_venv/lib/python3.12/site-packages/airflow/example_dags/example_bash_decorator.py
[2025-02-10T13:54:16.794+0600] {processor.py:925} INFO - DAG(s) 'example_bash_decorator' retrieved from /home/shamim/airflow_git/Airflow_project/air_venv/lib/python3.12/site-packages/airflow/example_dags/example_bash_decorator.py
[2025-02-10T13:54:16.816+0600] {logging_mixin.py:190} INFO - [2025-02-10T13:54:16.815+0600] {dag.py:3239} INFO - Sync 1 DAGs
[2025-02-10T13:54:16.831+0600] {logging_mixin.py:190} INFO - [2025-02-10T13:54:16.831+0600] {dag.py:4180} INFO - Setting next_dagrun for example_bash_decorator to None, run_after=None
[2025-02-10T13:54:16.865+0600] {processor.py:208} INFO - Processing /home/shamim/airflow_git/Airflow_project/air_venv/lib/python3.12/site-packages/airflow/example_dags/example_bash_decorator.py took 0.112 seconds
[2025-02-10T13:55:28.304+0600] {processor.py:186} INFO - Started process (PID=21823) to work on /home/shamim/airflow_git/Airflow_project/air_venv/lib/python3.12/site-packages/airflow/example_dags/example_bash_decorator.py
[2025-02-10T13:55:28.311+0600] {processor.py:914} INFO - Processing file /home/shamim/airflow_git/Airflow_project/air_venv/lib/python3.12/site-packages/airflow/example_dags/example_bash_decorator.py for tasks to queue
[2025-02-10T13:55:28.312+0600] {logging_mixin.py:190} INFO - [2025-02-10T13:55:28.312+0600] {dagbag.py:588} INFO - Filling up the DagBag from /home/shamim/airflow_git/Airflow_project/air_venv/lib/python3.12/site-packages/airflow/example_dags/example_bash_decorator.py
[2025-02-10T13:55:28.333+0600] {processor.py:925} INFO - DAG(s) 'example_bash_decorator' retrieved from /home/shamim/airflow_git/Airflow_project/air_venv/lib/python3.12/site-packages/airflow/example_dags/example_bash_decorator.py
[2025-02-10T13:55:28.356+0600] {logging_mixin.py:190} INFO - [2025-02-10T13:55:28.356+0600] {dag.py:3239} INFO - Sync 1 DAGs
[2025-02-10T13:55:28.372+0600] {logging_mixin.py:190} INFO - [2025-02-10T13:55:28.371+0600] {dag.py:4180} INFO - Setting next_dagrun for example_bash_decorator to None, run_after=None
[2025-02-10T13:55:28.407+0600] {processor.py:208} INFO - Processing /home/shamim/airflow_git/Airflow_project/air_venv/lib/python3.12/site-packages/airflow/example_dags/example_bash_decorator.py took 0.114 seconds
[2025-02-10T13:56:48.308+0600] {processor.py:186} INFO - Started process (PID=21961) to work on /home/shamim/airflow_git/Airflow_project/air_venv/lib/python3.12/site-packages/airflow/example_dags/example_bash_decorator.py
[2025-02-10T13:56:48.310+0600] {processor.py:914} INFO - Processing file /home/shamim/airflow_git/Airflow_project/air_venv/lib/python3.12/site-packages/airflow/example_dags/example_bash_decorator.py for tasks to queue
[2025-02-10T13:56:48.313+0600] {logging_mixin.py:190} INFO - [2025-02-10T13:56:48.312+0600] {dagbag.py:588} INFO - Filling up the DagBag from /home/shamim/airflow_git/Airflow_project/air_venv/lib/python3.12/site-packages/airflow/example_dags/example_bash_decorator.py
[2025-02-10T13:56:48.338+0600] {processor.py:925} INFO - DAG(s) 'example_bash_decorator' retrieved from /home/shamim/airflow_git/Airflow_project/air_venv/lib/python3.12/site-packages/airflow/example_dags/example_bash_decorator.py
[2025-02-10T13:56:48.371+0600] {logging_mixin.py:190} INFO - [2025-02-10T13:56:48.370+0600] {dag.py:3239} INFO - Sync 1 DAGs
[2025-02-10T13:56:48.390+0600] {logging_mixin.py:190} INFO - [2025-02-10T13:56:48.390+0600] {dag.py:4180} INFO - Setting next_dagrun for example_bash_decorator to None, run_after=None
[2025-02-10T13:56:48.417+0600] {processor.py:208} INFO - Processing /home/shamim/airflow_git/Airflow_project/air_venv/lib/python3.12/site-packages/airflow/example_dags/example_bash_decorator.py took 0.124 seconds
[2025-02-10T13:58:18.446+0600] {processor.py:186} INFO - Started process (PID=22187) to work on /home/shamim/airflow_git/Airflow_project/air_venv/lib/python3.12/site-packages/airflow/example_dags/example_bash_decorator.py
[2025-02-10T13:58:18.447+0600] {processor.py:914} INFO - Processing file /home/shamim/airflow_git/Airflow_project/air_venv/lib/python3.12/site-packages/airflow/example_dags/example_bash_decorator.py for tasks to queue
[2025-02-10T13:58:18.448+0600] {logging_mixin.py:190} INFO - [2025-02-10T13:58:18.448+0600] {dagbag.py:588} INFO - Filling up the DagBag from /home/shamim/airflow_git/Airflow_project/air_venv/lib/python3.12/site-packages/airflow/example_dags/example_bash_decorator.py
[2025-02-10T13:58:18.474+0600] {processor.py:925} INFO - DAG(s) 'example_bash_decorator' retrieved from /home/shamim/airflow_git/Airflow_project/air_venv/lib/python3.12/site-packages/airflow/example_dags/example_bash_decorator.py
[2025-02-10T13:58:18.515+0600] {logging_mixin.py:190} INFO - [2025-02-10T13:58:18.514+0600] {dag.py:3239} INFO - Sync 1 DAGs
[2025-02-10T13:58:18.533+0600] {logging_mixin.py:190} INFO - [2025-02-10T13:58:18.533+0600] {dag.py:4180} INFO - Setting next_dagrun for example_bash_decorator to None, run_after=None
[2025-02-10T13:58:18.567+0600] {processor.py:208} INFO - Processing /home/shamim/airflow_git/Airflow_project/air_venv/lib/python3.12/site-packages/airflow/example_dags/example_bash_decorator.py took 0.131 seconds
[2025-02-10T13:59:30.112+0600] {processor.py:186} INFO - Started process (PID=22349) to work on /home/shamim/airflow_git/Airflow_project/air_venv/lib/python3.12/site-packages/airflow/example_dags/example_bash_decorator.py
[2025-02-10T13:59:30.118+0600] {processor.py:914} INFO - Processing file /home/shamim/airflow_git/Airflow_project/air_venv/lib/python3.12/site-packages/airflow/example_dags/example_bash_decorator.py for tasks to queue
[2025-02-10T13:59:30.120+0600] {logging_mixin.py:190} INFO - [2025-02-10T13:59:30.119+0600] {dagbag.py:588} INFO - Filling up the DagBag from /home/shamim/airflow_git/Airflow_project/air_venv/lib/python3.12/site-packages/airflow/example_dags/example_bash_decorator.py
[2025-02-10T13:59:30.140+0600] {processor.py:925} INFO - DAG(s) 'example_bash_decorator' retrieved from /home/shamim/airflow_git/Airflow_project/air_venv/lib/python3.12/site-packages/airflow/example_dags/example_bash_decorator.py
[2025-02-10T13:59:30.163+0600] {logging_mixin.py:190} INFO - [2025-02-10T13:59:30.162+0600] {dag.py:3239} INFO - Sync 1 DAGs
[2025-02-10T13:59:30.178+0600] {logging_mixin.py:190} INFO - [2025-02-10T13:59:30.177+0600] {dag.py:4180} INFO - Setting next_dagrun for example_bash_decorator to None, run_after=None
[2025-02-10T13:59:30.203+0600] {processor.py:208} INFO - Processing /home/shamim/airflow_git/Airflow_project/air_venv/lib/python3.12/site-packages/airflow/example_dags/example_bash_decorator.py took 0.101 seconds
[2025-02-10T14:00:39.082+0600] {processor.py:186} INFO - Started process (PID=22619) to work on /home/shamim/airflow_git/Airflow_project/air_venv/lib/python3.12/site-packages/airflow/example_dags/example_bash_decorator.py
[2025-02-10T14:00:39.089+0600] {processor.py:914} INFO - Processing file /home/shamim/airflow_git/Airflow_project/air_venv/lib/python3.12/site-packages/airflow/example_dags/example_bash_decorator.py for tasks to queue
[2025-02-10T14:00:39.090+0600] {logging_mixin.py:190} INFO - [2025-02-10T14:00:39.090+0600] {dagbag.py:588} INFO - Filling up the DagBag from /home/shamim/airflow_git/Airflow_project/air_venv/lib/python3.12/site-packages/airflow/example_dags/example_bash_decorator.py
[2025-02-10T14:00:39.110+0600] {processor.py:925} INFO - DAG(s) 'example_bash_decorator' retrieved from /home/shamim/airflow_git/Airflow_project/air_venv/lib/python3.12/site-packages/airflow/example_dags/example_bash_decorator.py
[2025-02-10T14:00:39.135+0600] {logging_mixin.py:190} INFO - [2025-02-10T14:00:39.135+0600] {dag.py:3239} INFO - Sync 1 DAGs
[2025-02-10T14:00:39.151+0600] {logging_mixin.py:190} INFO - [2025-02-10T14:00:39.151+0600] {dag.py:4180} INFO - Setting next_dagrun for example_bash_decorator to None, run_after=None
[2025-02-10T14:00:39.175+0600] {processor.py:208} INFO - Processing /home/shamim/airflow_git/Airflow_project/air_venv/lib/python3.12/site-packages/airflow/example_dags/example_bash_decorator.py took 0.102 seconds
[2025-02-10T14:02:45.139+0600] {processor.py:186} INFO - Started process (PID=23330) to work on /home/shamim/airflow_git/Airflow_project/air_venv/lib/python3.12/site-packages/airflow/example_dags/example_bash_decorator.py
[2025-02-10T14:02:45.143+0600] {processor.py:914} INFO - Processing file /home/shamim/airflow_git/Airflow_project/air_venv/lib/python3.12/site-packages/airflow/example_dags/example_bash_decorator.py for tasks to queue
[2025-02-10T14:02:45.147+0600] {logging_mixin.py:190} INFO - [2025-02-10T14:02:45.146+0600] {dagbag.py:588} INFO - Filling up the DagBag from /home/shamim/airflow_git/Airflow_project/air_venv/lib/python3.12/site-packages/airflow/example_dags/example_bash_decorator.py
[2025-02-10T14:02:45.175+0600] {processor.py:925} INFO - DAG(s) 'example_bash_decorator' retrieved from /home/shamim/airflow_git/Airflow_project/air_venv/lib/python3.12/site-packages/airflow/example_dags/example_bash_decorator.py
[2025-02-10T14:02:45.319+0600] {logging_mixin.py:190} INFO - [2025-02-10T14:02:45.319+0600] {dag.py:3239} INFO - Sync 1 DAGs
[2025-02-10T14:02:45.333+0600] {logging_mixin.py:190} INFO - [2025-02-10T14:02:45.333+0600] {dag.py:4180} INFO - Setting next_dagrun for example_bash_decorator to None, run_after=None
[2025-02-10T14:02:45.360+0600] {processor.py:208} INFO - Processing /home/shamim/airflow_git/Airflow_project/air_venv/lib/python3.12/site-packages/airflow/example_dags/example_bash_decorator.py took 0.231 seconds
[2025-02-10T14:04:12.238+0600] {processor.py:186} INFO - Started process (PID=23774) to work on /home/shamim/airflow_git/Airflow_project/air_venv/lib/python3.12/site-packages/airflow/example_dags/example_bash_decorator.py
[2025-02-10T14:04:12.245+0600] {processor.py:914} INFO - Processing file /home/shamim/airflow_git/Airflow_project/air_venv/lib/python3.12/site-packages/airflow/example_dags/example_bash_decorator.py for tasks to queue
[2025-02-10T14:04:12.247+0600] {logging_mixin.py:190} INFO - [2025-02-10T14:04:12.247+0600] {dagbag.py:588} INFO - Filling up the DagBag from /home/shamim/airflow_git/Airflow_project/air_venv/lib/python3.12/site-packages/airflow/example_dags/example_bash_decorator.py
[2025-02-10T14:04:12.267+0600] {processor.py:925} INFO - DAG(s) 'example_bash_decorator' retrieved from /home/shamim/airflow_git/Airflow_project/air_venv/lib/python3.12/site-packages/airflow/example_dags/example_bash_decorator.py
[2025-02-10T14:04:12.290+0600] {logging_mixin.py:190} INFO - [2025-02-10T14:04:12.290+0600] {dag.py:3239} INFO - Sync 1 DAGs
[2025-02-10T14:04:12.306+0600] {logging_mixin.py:190} INFO - [2025-02-10T14:04:12.306+0600] {dag.py:4180} INFO - Setting next_dagrun for example_bash_decorator to None, run_after=None
[2025-02-10T14:04:12.332+0600] {processor.py:208} INFO - Processing /home/shamim/airflow_git/Airflow_project/air_venv/lib/python3.12/site-packages/airflow/example_dags/example_bash_decorator.py took 0.101 seconds
[2025-02-10T14:05:37.310+0600] {processor.py:186} INFO - Started process (PID=24381) to work on /home/shamim/airflow_git/Airflow_project/air_venv/lib/python3.12/site-packages/airflow/example_dags/example_bash_decorator.py
[2025-02-10T14:05:37.339+0600] {processor.py:914} INFO - Processing file /home/shamim/airflow_git/Airflow_project/air_venv/lib/python3.12/site-packages/airflow/example_dags/example_bash_decorator.py for tasks to queue
[2025-02-10T14:05:37.346+0600] {logging_mixin.py:190} INFO - [2025-02-10T14:05:37.345+0600] {dagbag.py:588} INFO - Filling up the DagBag from /home/shamim/airflow_git/Airflow_project/air_venv/lib/python3.12/site-packages/airflow/example_dags/example_bash_decorator.py
[2025-02-10T14:05:37.382+0600] {processor.py:925} INFO - DAG(s) 'example_bash_decorator' retrieved from /home/shamim/airflow_git/Airflow_project/air_venv/lib/python3.12/site-packages/airflow/example_dags/example_bash_decorator.py
[2025-02-10T14:05:37.411+0600] {logging_mixin.py:190} INFO - [2025-02-10T14:05:37.411+0600] {dag.py:3239} INFO - Sync 1 DAGs
[2025-02-10T14:05:37.426+0600] {logging_mixin.py:190} INFO - [2025-02-10T14:05:37.426+0600] {dag.py:4180} INFO - Setting next_dagrun for example_bash_decorator to None, run_after=None
[2025-02-10T14:05:37.448+0600] {processor.py:208} INFO - Processing /home/shamim/airflow_git/Airflow_project/air_venv/lib/python3.12/site-packages/airflow/example_dags/example_bash_decorator.py took 0.157 seconds
