[2025-02-10T13:00:00.451+0600] {processor.py:186} INFO - Started process (PID=13171) to work on /home/shamim/airflow_git/Airflow_project/air_venv/lib/python3.12/site-packages/airflow/example_dags/example_dataset_alias.py
[2025-02-10T13:00:00.454+0600] {processor.py:914} INFO - Processing file /home/shamim/airflow_git/Airflow_project/air_venv/lib/python3.12/site-packages/airflow/example_dags/example_dataset_alias.py for tasks to queue
[2025-02-10T13:00:00.460+0600] {logging_mixin.py:190} INFO - [2025-02-10T13:00:00.459+0600] {dagbag.py:588} INFO - Filling up the DagBag from /home/shamim/airflow_git/Airflow_project/air_venv/lib/python3.12/site-packages/airflow/example_dags/example_dataset_alias.py
[2025-02-10T13:00:01.116+0600] {processor.py:925} INFO - DAG(s) 'dataset_alias_example_alias_producer', 'dataset_s3_bucket_consumer', 'dataset_s3_bucket_producer', 'dataset_alias_example_alias_consumer' retrieved from /home/shamim/airflow_git/Airflow_project/air_venv/lib/python3.12/site-packages/airflow/example_dags/example_dataset_alias.py
[2025-02-10T13:00:01.244+0600] {logging_mixin.py:190} INFO - [2025-02-10T13:00:01.243+0600] {override.py:1930} INFO - Created Permission View: can delete on DAG:dataset_alias_example_alias_producer
[2025-02-10T13:00:01.256+0600] {logging_mixin.py:190} INFO - [2025-02-10T13:00:01.255+0600] {override.py:1930} INFO - Created Permission View: can edit on DAG:dataset_alias_example_alias_producer
[2025-02-10T13:00:01.263+0600] {logging_mixin.py:190} INFO - [2025-02-10T13:00:01.263+0600] {override.py:1930} INFO - Created Permission View: can read on DAG:dataset_alias_example_alias_producer
[2025-02-10T13:00:01.274+0600] {logging_mixin.py:190} INFO - [2025-02-10T13:00:01.274+0600] {override.py:1930} INFO - Created Permission View: can delete on DAG Run:dataset_alias_example_alias_producer
[2025-02-10T13:00:01.282+0600] {logging_mixin.py:190} INFO - [2025-02-10T13:00:01.281+0600] {override.py:1930} INFO - Created Permission View: can read on DAG Run:dataset_alias_example_alias_producer
[2025-02-10T13:00:01.290+0600] {logging_mixin.py:190} INFO - [2025-02-10T13:00:01.290+0600] {override.py:1930} INFO - Created Permission View: can create on DAG Run:dataset_alias_example_alias_producer
[2025-02-10T13:00:01.299+0600] {logging_mixin.py:190} INFO - [2025-02-10T13:00:01.298+0600] {override.py:1930} INFO - Created Permission View: menu access on DAG Run:dataset_alias_example_alias_producer
[2025-02-10T13:00:01.316+0600] {logging_mixin.py:190} INFO - [2025-02-10T13:00:01.316+0600] {override.py:1930} INFO - Created Permission View: can delete on DAG:dataset_s3_bucket_consumer
[2025-02-10T13:00:01.326+0600] {logging_mixin.py:190} INFO - [2025-02-10T13:00:01.325+0600] {override.py:1930} INFO - Created Permission View: can edit on DAG:dataset_s3_bucket_consumer
[2025-02-10T13:00:01.335+0600] {logging_mixin.py:190} INFO - [2025-02-10T13:00:01.335+0600] {override.py:1930} INFO - Created Permission View: can read on DAG:dataset_s3_bucket_consumer
[2025-02-10T13:00:01.349+0600] {logging_mixin.py:190} INFO - [2025-02-10T13:00:01.349+0600] {override.py:1930} INFO - Created Permission View: can delete on DAG Run:dataset_s3_bucket_consumer
[2025-02-10T13:00:01.358+0600] {logging_mixin.py:190} INFO - [2025-02-10T13:00:01.358+0600] {override.py:1930} INFO - Created Permission View: can read on DAG Run:dataset_s3_bucket_consumer
[2025-02-10T13:00:01.366+0600] {logging_mixin.py:190} INFO - [2025-02-10T13:00:01.366+0600] {override.py:1930} INFO - Created Permission View: can create on DAG Run:dataset_s3_bucket_consumer
[2025-02-10T13:00:01.374+0600] {logging_mixin.py:190} INFO - [2025-02-10T13:00:01.373+0600] {override.py:1930} INFO - Created Permission View: menu access on DAG Run:dataset_s3_bucket_consumer
[2025-02-10T13:00:01.389+0600] {logging_mixin.py:190} INFO - [2025-02-10T13:00:01.389+0600] {override.py:1930} INFO - Created Permission View: can delete on DAG:dataset_s3_bucket_producer
[2025-02-10T13:00:01.397+0600] {logging_mixin.py:190} INFO - [2025-02-10T13:00:01.396+0600] {override.py:1930} INFO - Created Permission View: can edit on DAG:dataset_s3_bucket_producer
[2025-02-10T13:00:01.405+0600] {logging_mixin.py:190} INFO - [2025-02-10T13:00:01.405+0600] {override.py:1930} INFO - Created Permission View: can read on DAG:dataset_s3_bucket_producer
[2025-02-10T13:00:01.416+0600] {logging_mixin.py:190} INFO - [2025-02-10T13:00:01.416+0600] {override.py:1930} INFO - Created Permission View: can delete on DAG Run:dataset_s3_bucket_producer
[2025-02-10T13:00:01.423+0600] {logging_mixin.py:190} INFO - [2025-02-10T13:00:01.423+0600] {override.py:1930} INFO - Created Permission View: can read on DAG Run:dataset_s3_bucket_producer
[2025-02-10T13:00:01.431+0600] {logging_mixin.py:190} INFO - [2025-02-10T13:00:01.430+0600] {override.py:1930} INFO - Created Permission View: can create on DAG Run:dataset_s3_bucket_producer
[2025-02-10T13:00:01.439+0600] {logging_mixin.py:190} INFO - [2025-02-10T13:00:01.439+0600] {override.py:1930} INFO - Created Permission View: menu access on DAG Run:dataset_s3_bucket_producer
[2025-02-10T13:00:01.458+0600] {logging_mixin.py:190} INFO - [2025-02-10T13:00:01.458+0600] {override.py:1930} INFO - Created Permission View: can delete on DAG:dataset_alias_example_alias_consumer
[2025-02-10T13:00:01.466+0600] {logging_mixin.py:190} INFO - [2025-02-10T13:00:01.466+0600] {override.py:1930} INFO - Created Permission View: can edit on DAG:dataset_alias_example_alias_consumer
[2025-02-10T13:00:01.474+0600] {logging_mixin.py:190} INFO - [2025-02-10T13:00:01.474+0600] {override.py:1930} INFO - Created Permission View: can read on DAG:dataset_alias_example_alias_consumer
[2025-02-10T13:00:01.485+0600] {logging_mixin.py:190} INFO - [2025-02-10T13:00:01.485+0600] {override.py:1930} INFO - Created Permission View: can delete on DAG Run:dataset_alias_example_alias_consumer
[2025-02-10T13:00:01.493+0600] {logging_mixin.py:190} INFO - [2025-02-10T13:00:01.492+0600] {override.py:1930} INFO - Created Permission View: can read on DAG Run:dataset_alias_example_alias_consumer
[2025-02-10T13:00:01.500+0600] {logging_mixin.py:190} INFO - [2025-02-10T13:00:01.500+0600] {override.py:1930} INFO - Created Permission View: can create on DAG Run:dataset_alias_example_alias_consumer
[2025-02-10T13:00:01.508+0600] {logging_mixin.py:190} INFO - [2025-02-10T13:00:01.508+0600] {override.py:1930} INFO - Created Permission View: menu access on DAG Run:dataset_alias_example_alias_consumer
[2025-02-10T13:00:01.509+0600] {logging_mixin.py:190} INFO - [2025-02-10T13:00:01.509+0600] {dag.py:3239} INFO - Sync 4 DAGs
[2025-02-10T13:00:01.526+0600] {logging_mixin.py:190} INFO - [2025-02-10T13:00:01.526+0600] {dag.py:3262} INFO - Creating ORM DAG for dataset_alias_example_alias_consumer
[2025-02-10T13:00:01.527+0600] {logging_mixin.py:190} INFO - [2025-02-10T13:00:01.527+0600] {dag.py:3262} INFO - Creating ORM DAG for dataset_s3_bucket_consumer
[2025-02-10T13:00:01.527+0600] {logging_mixin.py:190} INFO - [2025-02-10T13:00:01.527+0600] {dag.py:3262} INFO - Creating ORM DAG for dataset_alias_example_alias_producer
[2025-02-10T13:00:01.528+0600] {logging_mixin.py:190} INFO - [2025-02-10T13:00:01.528+0600] {dag.py:3262} INFO - Creating ORM DAG for dataset_s3_bucket_producer
[2025-02-10T13:00:01.539+0600] {logging_mixin.py:190} INFO - [2025-02-10T13:00:01.539+0600] {dag.py:4180} INFO - Setting next_dagrun for dataset_alias_example_alias_consumer to None, run_after=None
[2025-02-10T13:00:01.540+0600] {logging_mixin.py:190} INFO - [2025-02-10T13:00:01.539+0600] {dag.py:4180} INFO - Setting next_dagrun for dataset_alias_example_alias_producer to None, run_after=None
[2025-02-10T13:00:01.540+0600] {logging_mixin.py:190} INFO - [2025-02-10T13:00:01.540+0600] {dag.py:4180} INFO - Setting next_dagrun for dataset_s3_bucket_consumer to None, run_after=None
[2025-02-10T13:00:01.541+0600] {logging_mixin.py:190} INFO - [2025-02-10T13:00:01.541+0600] {dag.py:4180} INFO - Setting next_dagrun for dataset_s3_bucket_producer to None, run_after=None
[2025-02-10T13:00:01.578+0600] {processor.py:208} INFO - Processing /home/shamim/airflow_git/Airflow_project/air_venv/lib/python3.12/site-packages/airflow/example_dags/example_dataset_alias.py took 1.143 seconds
[2025-02-10T13:01:27.939+0600] {processor.py:186} INFO - Started process (PID=13595) to work on /home/shamim/airflow_git/Airflow_project/air_venv/lib/python3.12/site-packages/airflow/example_dags/example_dataset_alias.py
[2025-02-10T13:01:27.942+0600] {processor.py:914} INFO - Processing file /home/shamim/airflow_git/Airflow_project/air_venv/lib/python3.12/site-packages/airflow/example_dags/example_dataset_alias.py for tasks to queue
[2025-02-10T13:01:27.946+0600] {logging_mixin.py:190} INFO - [2025-02-10T13:01:27.945+0600] {dagbag.py:588} INFO - Filling up the DagBag from /home/shamim/airflow_git/Airflow_project/air_venv/lib/python3.12/site-packages/airflow/example_dags/example_dataset_alias.py
[2025-02-10T13:01:28.532+0600] {processor.py:925} INFO - DAG(s) 'dataset_s3_bucket_consumer', 'dataset_alias_example_alias_producer', 'dataset_s3_bucket_producer', 'dataset_alias_example_alias_consumer' retrieved from /home/shamim/airflow_git/Airflow_project/air_venv/lib/python3.12/site-packages/airflow/example_dags/example_dataset_alias.py
[2025-02-10T13:01:28.552+0600] {logging_mixin.py:190} INFO - [2025-02-10T13:01:28.552+0600] {dag.py:3239} INFO - Sync 4 DAGs
[2025-02-10T13:01:28.575+0600] {logging_mixin.py:190} INFO - [2025-02-10T13:01:28.575+0600] {dag.py:4180} INFO - Setting next_dagrun for dataset_alias_example_alias_consumer to None, run_after=None
[2025-02-10T13:01:28.577+0600] {logging_mixin.py:190} INFO - [2025-02-10T13:01:28.577+0600] {dag.py:4180} INFO - Setting next_dagrun for dataset_alias_example_alias_producer to None, run_after=None
[2025-02-10T13:01:28.581+0600] {logging_mixin.py:190} INFO - [2025-02-10T13:01:28.580+0600] {dag.py:4180} INFO - Setting next_dagrun for dataset_s3_bucket_consumer to None, run_after=None
[2025-02-10T13:01:28.582+0600] {logging_mixin.py:190} INFO - [2025-02-10T13:01:28.581+0600] {dag.py:4180} INFO - Setting next_dagrun for dataset_s3_bucket_producer to None, run_after=None
[2025-02-10T13:01:28.611+0600] {processor.py:208} INFO - Processing /home/shamim/airflow_git/Airflow_project/air_venv/lib/python3.12/site-packages/airflow/example_dags/example_dataset_alias.py took 0.681 seconds
