[2025-02-10T12:59:24.827+0600] {processor.py:186} INFO - Started process (PID=12853) to work on /home/shamim/airflow_git/Airflow_project/air_venv/lib/python3.12/site-packages/airflow/example_dags/example_short_circuit_operator.py
[2025-02-10T12:59:24.828+0600] {processor.py:914} INFO - Processing file /home/shamim/airflow_git/Airflow_project/air_venv/lib/python3.12/site-packages/airflow/example_dags/example_short_circuit_operator.py for tasks to queue
[2025-02-10T12:59:24.831+0600] {logging_mixin.py:190} INFO - [2025-02-10T12:59:24.830+0600] {dagbag.py:588} INFO - Filling up the DagBag from /home/shamim/airflow_git/Airflow_project/air_venv/lib/python3.12/site-packages/airflow/example_dags/example_short_circuit_operator.py
[2025-02-10T12:59:24.842+0600] {processor.py:925} INFO - DAG(s) 'example_short_circuit_operator' retrieved from /home/shamim/airflow_git/Airflow_project/air_venv/lib/python3.12/site-packages/airflow/example_dags/example_short_circuit_operator.py
[2025-02-10T12:59:24.991+0600] {logging_mixin.py:190} INFO - [2025-02-10T12:59:24.990+0600] {override.py:1930} INFO - Created Permission View: can delete on DAG:example_short_circuit_operator
[2025-02-10T12:59:25.002+0600] {logging_mixin.py:190} INFO - [2025-02-10T12:59:25.002+0600] {override.py:1930} INFO - Created Permission View: can edit on DAG:example_short_circuit_operator
[2025-02-10T12:59:25.009+0600] {logging_mixin.py:190} INFO - [2025-02-10T12:59:25.009+0600] {override.py:1930} INFO - Created Permission View: can read on DAG:example_short_circuit_operator
[2025-02-10T12:59:25.020+0600] {logging_mixin.py:190} INFO - [2025-02-10T12:59:25.020+0600] {override.py:1930} INFO - Created Permission View: can delete on DAG Run:example_short_circuit_operator
[2025-02-10T12:59:25.027+0600] {logging_mixin.py:190} INFO - [2025-02-10T12:59:25.027+0600] {override.py:1930} INFO - Created Permission View: can read on DAG Run:example_short_circuit_operator
[2025-02-10T12:59:25.035+0600] {logging_mixin.py:190} INFO - [2025-02-10T12:59:25.035+0600] {override.py:1930} INFO - Created Permission View: can create on DAG Run:example_short_circuit_operator
[2025-02-10T12:59:25.043+0600] {logging_mixin.py:190} INFO - [2025-02-10T12:59:25.042+0600] {override.py:1930} INFO - Created Permission View: menu access on DAG Run:example_short_circuit_operator
[2025-02-10T12:59:25.043+0600] {logging_mixin.py:190} INFO - [2025-02-10T12:59:25.043+0600] {dag.py:3239} INFO - Sync 1 DAGs
[2025-02-10T12:59:25.057+0600] {logging_mixin.py:190} INFO - [2025-02-10T12:59:25.056+0600] {dag.py:3262} INFO - Creating ORM DAG for example_short_circuit_operator
[2025-02-10T12:59:25.057+0600] {logging_mixin.py:190} INFO - [2025-02-10T12:59:25.057+0600] {dag.py:4180} INFO - Setting next_dagrun for example_short_circuit_operator to None, run_after=None
[2025-02-10T12:59:25.077+0600] {processor.py:208} INFO - Processing /home/shamim/airflow_git/Airflow_project/air_venv/lib/python3.12/site-packages/airflow/example_dags/example_short_circuit_operator.py took 0.259 seconds
[2025-02-10T13:00:42.560+0600] {processor.py:186} INFO - Started process (PID=13510) to work on /home/shamim/airflow_git/Airflow_project/air_venv/lib/python3.12/site-packages/airflow/example_dags/example_short_circuit_operator.py
[2025-02-10T13:00:42.567+0600] {processor.py:914} INFO - Processing file /home/shamim/airflow_git/Airflow_project/air_venv/lib/python3.12/site-packages/airflow/example_dags/example_short_circuit_operator.py for tasks to queue
[2025-02-10T13:00:42.570+0600] {logging_mixin.py:190} INFO - [2025-02-10T13:00:42.570+0600] {dagbag.py:588} INFO - Filling up the DagBag from /home/shamim/airflow_git/Airflow_project/air_venv/lib/python3.12/site-packages/airflow/example_dags/example_short_circuit_operator.py
[2025-02-10T13:00:42.584+0600] {processor.py:925} INFO - DAG(s) 'example_short_circuit_operator' retrieved from /home/shamim/airflow_git/Airflow_project/air_venv/lib/python3.12/site-packages/airflow/example_dags/example_short_circuit_operator.py
[2025-02-10T13:00:42.605+0600] {logging_mixin.py:190} INFO - [2025-02-10T13:00:42.605+0600] {dag.py:3239} INFO - Sync 1 DAGs
[2025-02-10T13:00:42.620+0600] {logging_mixin.py:190} INFO - [2025-02-10T13:00:42.620+0600] {dag.py:4180} INFO - Setting next_dagrun for example_short_circuit_operator to None, run_after=None
[2025-02-10T13:00:42.646+0600] {processor.py:208} INFO - Processing /home/shamim/airflow_git/Airflow_project/air_venv/lib/python3.12/site-packages/airflow/example_dags/example_short_circuit_operator.py took 0.095 seconds
[2025-02-10T13:01:53.670+0600] {processor.py:186} INFO - Started process (PID=13629) to work on /home/shamim/airflow_git/Airflow_project/air_venv/lib/python3.12/site-packages/airflow/example_dags/example_short_circuit_operator.py
[2025-02-10T13:01:53.671+0600] {processor.py:914} INFO - Processing file /home/shamim/airflow_git/Airflow_project/air_venv/lib/python3.12/site-packages/airflow/example_dags/example_short_circuit_operator.py for tasks to queue
[2025-02-10T13:01:53.675+0600] {logging_mixin.py:190} INFO - [2025-02-10T13:01:53.675+0600] {dagbag.py:588} INFO - Filling up the DagBag from /home/shamim/airflow_git/Airflow_project/air_venv/lib/python3.12/site-packages/airflow/example_dags/example_short_circuit_operator.py
[2025-02-10T13:01:53.691+0600] {processor.py:925} INFO - DAG(s) 'example_short_circuit_operator' retrieved from /home/shamim/airflow_git/Airflow_project/air_venv/lib/python3.12/site-packages/airflow/example_dags/example_short_circuit_operator.py
[2025-02-10T13:01:53.714+0600] {logging_mixin.py:190} INFO - [2025-02-10T13:01:53.714+0600] {dag.py:3239} INFO - Sync 1 DAGs
[2025-02-10T13:01:53.731+0600] {logging_mixin.py:190} INFO - [2025-02-10T13:01:53.731+0600] {dag.py:4180} INFO - Setting next_dagrun for example_short_circuit_operator to None, run_after=None
[2025-02-10T13:01:53.799+0600] {processor.py:208} INFO - Processing /home/shamim/airflow_git/Airflow_project/air_venv/lib/python3.12/site-packages/airflow/example_dags/example_short_circuit_operator.py took 0.139 seconds
