[2025-02-10T12:59:44.416+0600] {processor.py:186} INFO - Started process (PID=13013) to work on /home/shamim/airflow_git/Airflow_project/air_venv/lib/python3.12/site-packages/airflow/example_dags/example_nested_branch_dag.py
[2025-02-10T12:59:44.417+0600] {processor.py:914} INFO - Processing file /home/shamim/airflow_git/Airflow_project/air_venv/lib/python3.12/site-packages/airflow/example_dags/example_nested_branch_dag.py for tasks to queue
[2025-02-10T12:59:44.420+0600] {logging_mixin.py:190} INFO - [2025-02-10T12:59:44.420+0600] {dagbag.py:588} INFO - Filling up the DagBag from /home/shamim/airflow_git/Airflow_project/air_venv/lib/python3.12/site-packages/airflow/example_dags/example_nested_branch_dag.py
[2025-02-10T12:59:44.435+0600] {processor.py:925} INFO - DAG(s) 'example_nested_branch_dag' retrieved from /home/shamim/airflow_git/Airflow_project/air_venv/lib/python3.12/site-packages/airflow/example_dags/example_nested_branch_dag.py
[2025-02-10T12:59:44.565+0600] {logging_mixin.py:190} INFO - [2025-02-10T12:59:44.564+0600] {override.py:1930} INFO - Created Permission View: can delete on DAG:example_nested_branch_dag
[2025-02-10T12:59:44.575+0600] {logging_mixin.py:190} INFO - [2025-02-10T12:59:44.575+0600] {override.py:1930} INFO - Created Permission View: can edit on DAG:example_nested_branch_dag
[2025-02-10T12:59:44.583+0600] {logging_mixin.py:190} INFO - [2025-02-10T12:59:44.582+0600] {override.py:1930} INFO - Created Permission View: can read on DAG:example_nested_branch_dag
[2025-02-10T12:59:44.594+0600] {logging_mixin.py:190} INFO - [2025-02-10T12:59:44.593+0600] {override.py:1930} INFO - Created Permission View: can delete on DAG Run:example_nested_branch_dag
[2025-02-10T12:59:44.601+0600] {logging_mixin.py:190} INFO - [2025-02-10T12:59:44.600+0600] {override.py:1930} INFO - Created Permission View: can read on DAG Run:example_nested_branch_dag
[2025-02-10T12:59:44.608+0600] {logging_mixin.py:190} INFO - [2025-02-10T12:59:44.608+0600] {override.py:1930} INFO - Created Permission View: can create on DAG Run:example_nested_branch_dag
[2025-02-10T12:59:44.616+0600] {logging_mixin.py:190} INFO - [2025-02-10T12:59:44.615+0600] {override.py:1930} INFO - Created Permission View: menu access on DAG Run:example_nested_branch_dag
[2025-02-10T12:59:44.616+0600] {logging_mixin.py:190} INFO - [2025-02-10T12:59:44.616+0600] {dag.py:3239} INFO - Sync 1 DAGs
[2025-02-10T12:59:44.630+0600] {logging_mixin.py:190} INFO - [2025-02-10T12:59:44.630+0600] {dag.py:3262} INFO - Creating ORM DAG for example_nested_branch_dag
[2025-02-10T12:59:44.641+0600] {logging_mixin.py:190} INFO - [2025-02-10T12:59:44.641+0600] {dag.py:4180} INFO - Setting next_dagrun for example_nested_branch_dag to 2025-02-09 00:00:00+00:00, run_after=2025-02-10 00:00:00+00:00
[2025-02-10T12:59:44.664+0600] {processor.py:208} INFO - Processing /home/shamim/airflow_git/Airflow_project/air_venv/lib/python3.12/site-packages/airflow/example_dags/example_nested_branch_dag.py took 0.254 seconds
[2025-02-10T13:00:58.923+0600] {processor.py:186} INFO - Started process (PID=13530) to work on /home/shamim/airflow_git/Airflow_project/air_venv/lib/python3.12/site-packages/airflow/example_dags/example_nested_branch_dag.py
[2025-02-10T13:00:58.930+0600] {processor.py:914} INFO - Processing file /home/shamim/airflow_git/Airflow_project/air_venv/lib/python3.12/site-packages/airflow/example_dags/example_nested_branch_dag.py for tasks to queue
[2025-02-10T13:00:58.932+0600] {logging_mixin.py:190} INFO - [2025-02-10T13:00:58.932+0600] {dagbag.py:588} INFO - Filling up the DagBag from /home/shamim/airflow_git/Airflow_project/air_venv/lib/python3.12/site-packages/airflow/example_dags/example_nested_branch_dag.py
[2025-02-10T13:00:58.946+0600] {processor.py:925} INFO - DAG(s) 'example_nested_branch_dag' retrieved from /home/shamim/airflow_git/Airflow_project/air_venv/lib/python3.12/site-packages/airflow/example_dags/example_nested_branch_dag.py
[2025-02-10T13:00:58.966+0600] {logging_mixin.py:190} INFO - [2025-02-10T13:00:58.966+0600] {dag.py:3239} INFO - Sync 1 DAGs
[2025-02-10T13:00:58.990+0600] {logging_mixin.py:190} INFO - [2025-02-10T13:00:58.990+0600] {dag.py:4180} INFO - Setting next_dagrun for example_nested_branch_dag to 2025-02-09 00:00:00+00:00, run_after=2025-02-10 00:00:00+00:00
[2025-02-10T13:00:59.021+0600] {processor.py:208} INFO - Processing /home/shamim/airflow_git/Airflow_project/air_venv/lib/python3.12/site-packages/airflow/example_dags/example_nested_branch_dag.py took 0.104 seconds
[2025-02-10T13:02:11.248+0600] {processor.py:186} INFO - Started process (PID=13653) to work on /home/shamim/airflow_git/Airflow_project/air_venv/lib/python3.12/site-packages/airflow/example_dags/example_nested_branch_dag.py
[2025-02-10T13:02:11.249+0600] {processor.py:914} INFO - Processing file /home/shamim/airflow_git/Airflow_project/air_venv/lib/python3.12/site-packages/airflow/example_dags/example_nested_branch_dag.py for tasks to queue
[2025-02-10T13:02:11.252+0600] {logging_mixin.py:190} INFO - [2025-02-10T13:02:11.251+0600] {dagbag.py:588} INFO - Filling up the DagBag from /home/shamim/airflow_git/Airflow_project/air_venv/lib/python3.12/site-packages/airflow/example_dags/example_nested_branch_dag.py
[2025-02-10T13:02:11.267+0600] {processor.py:925} INFO - DAG(s) 'example_nested_branch_dag' retrieved from /home/shamim/airflow_git/Airflow_project/air_venv/lib/python3.12/site-packages/airflow/example_dags/example_nested_branch_dag.py
[2025-02-10T13:02:11.286+0600] {logging_mixin.py:190} INFO - [2025-02-10T13:02:11.286+0600] {dag.py:3239} INFO - Sync 1 DAGs
[2025-02-10T13:02:11.311+0600] {logging_mixin.py:190} INFO - [2025-02-10T13:02:11.311+0600] {dag.py:4180} INFO - Setting next_dagrun for example_nested_branch_dag to 2025-02-09 00:00:00+00:00, run_after=2025-02-10 00:00:00+00:00
[2025-02-10T13:02:11.337+0600] {processor.py:208} INFO - Processing /home/shamim/airflow_git/Airflow_project/air_venv/lib/python3.12/site-packages/airflow/example_dags/example_nested_branch_dag.py took 0.097 seconds
[2025-02-10T13:03:19.120+0600] {processor.py:186} INFO - Started process (PID=13859) to work on /home/shamim/airflow_git/Airflow_project/air_venv/lib/python3.12/site-packages/airflow/example_dags/example_nested_branch_dag.py
[2025-02-10T13:03:19.124+0600] {processor.py:914} INFO - Processing file /home/shamim/airflow_git/Airflow_project/air_venv/lib/python3.12/site-packages/airflow/example_dags/example_nested_branch_dag.py for tasks to queue
[2025-02-10T13:03:19.126+0600] {logging_mixin.py:190} INFO - [2025-02-10T13:03:19.126+0600] {dagbag.py:588} INFO - Filling up the DagBag from /home/shamim/airflow_git/Airflow_project/air_venv/lib/python3.12/site-packages/airflow/example_dags/example_nested_branch_dag.py
[2025-02-10T13:03:19.141+0600] {processor.py:925} INFO - DAG(s) 'example_nested_branch_dag' retrieved from /home/shamim/airflow_git/Airflow_project/air_venv/lib/python3.12/site-packages/airflow/example_dags/example_nested_branch_dag.py
[2025-02-10T13:03:19.161+0600] {logging_mixin.py:190} INFO - [2025-02-10T13:03:19.160+0600] {dag.py:3239} INFO - Sync 1 DAGs
[2025-02-10T13:03:19.186+0600] {logging_mixin.py:190} INFO - [2025-02-10T13:03:19.185+0600] {dag.py:4180} INFO - Setting next_dagrun for example_nested_branch_dag to 2025-02-09 00:00:00+00:00, run_after=2025-02-10 00:00:00+00:00
[2025-02-10T13:03:19.208+0600] {processor.py:208} INFO - Processing /home/shamim/airflow_git/Airflow_project/air_venv/lib/python3.12/site-packages/airflow/example_dags/example_nested_branch_dag.py took 0.096 seconds
[2025-02-10T13:04:24.497+0600] {processor.py:186} INFO - Started process (PID=14002) to work on /home/shamim/airflow_git/Airflow_project/air_venv/lib/python3.12/site-packages/airflow/example_dags/example_nested_branch_dag.py
[2025-02-10T13:04:24.503+0600] {processor.py:914} INFO - Processing file /home/shamim/airflow_git/Airflow_project/air_venv/lib/python3.12/site-packages/airflow/example_dags/example_nested_branch_dag.py for tasks to queue
[2025-02-10T13:04:24.506+0600] {logging_mixin.py:190} INFO - [2025-02-10T13:04:24.505+0600] {dagbag.py:588} INFO - Filling up the DagBag from /home/shamim/airflow_git/Airflow_project/air_venv/lib/python3.12/site-packages/airflow/example_dags/example_nested_branch_dag.py
[2025-02-10T13:04:24.520+0600] {processor.py:925} INFO - DAG(s) 'example_nested_branch_dag' retrieved from /home/shamim/airflow_git/Airflow_project/air_venv/lib/python3.12/site-packages/airflow/example_dags/example_nested_branch_dag.py
[2025-02-10T13:04:24.540+0600] {logging_mixin.py:190} INFO - [2025-02-10T13:04:24.539+0600] {dag.py:3239} INFO - Sync 1 DAGs
[2025-02-10T13:04:24.565+0600] {logging_mixin.py:190} INFO - [2025-02-10T13:04:24.565+0600] {dag.py:4180} INFO - Setting next_dagrun for example_nested_branch_dag to 2025-02-09 00:00:00+00:00, run_after=2025-02-10 00:00:00+00:00
[2025-02-10T13:04:24.589+0600] {processor.py:208} INFO - Processing /home/shamim/airflow_git/Airflow_project/air_venv/lib/python3.12/site-packages/airflow/example_dags/example_nested_branch_dag.py took 0.099 seconds
[2025-02-10T13:05:32.118+0600] {processor.py:186} INFO - Started process (PID=14099) to work on /home/shamim/airflow_git/Airflow_project/air_venv/lib/python3.12/site-packages/airflow/example_dags/example_nested_branch_dag.py
[2025-02-10T13:05:32.124+0600] {processor.py:914} INFO - Processing file /home/shamim/airflow_git/Airflow_project/air_venv/lib/python3.12/site-packages/airflow/example_dags/example_nested_branch_dag.py for tasks to queue
[2025-02-10T13:05:32.128+0600] {logging_mixin.py:190} INFO - [2025-02-10T13:05:32.127+0600] {dagbag.py:588} INFO - Filling up the DagBag from /home/shamim/airflow_git/Airflow_project/air_venv/lib/python3.12/site-packages/airflow/example_dags/example_nested_branch_dag.py
[2025-02-10T13:05:32.146+0600] {processor.py:925} INFO - DAG(s) 'example_nested_branch_dag' retrieved from /home/shamim/airflow_git/Airflow_project/air_venv/lib/python3.12/site-packages/airflow/example_dags/example_nested_branch_dag.py
[2025-02-10T13:05:32.166+0600] {logging_mixin.py:190} INFO - [2025-02-10T13:05:32.165+0600] {dag.py:3239} INFO - Sync 1 DAGs
[2025-02-10T13:05:32.190+0600] {logging_mixin.py:190} INFO - [2025-02-10T13:05:32.190+0600] {dag.py:4180} INFO - Setting next_dagrun for example_nested_branch_dag to 2025-02-09 00:00:00+00:00, run_after=2025-02-10 00:00:00+00:00
[2025-02-10T13:05:32.214+0600] {processor.py:208} INFO - Processing /home/shamim/airflow_git/Airflow_project/air_venv/lib/python3.12/site-packages/airflow/example_dags/example_nested_branch_dag.py took 0.105 seconds
[2025-02-10T13:06:39.525+0600] {processor.py:186} INFO - Started process (PID=14229) to work on /home/shamim/airflow_git/Airflow_project/air_venv/lib/python3.12/site-packages/airflow/example_dags/example_nested_branch_dag.py
[2025-02-10T13:06:39.531+0600] {processor.py:914} INFO - Processing file /home/shamim/airflow_git/Airflow_project/air_venv/lib/python3.12/site-packages/airflow/example_dags/example_nested_branch_dag.py for tasks to queue
[2025-02-10T13:06:39.534+0600] {logging_mixin.py:190} INFO - [2025-02-10T13:06:39.534+0600] {dagbag.py:588} INFO - Filling up the DagBag from /home/shamim/airflow_git/Airflow_project/air_venv/lib/python3.12/site-packages/airflow/example_dags/example_nested_branch_dag.py
[2025-02-10T13:06:39.550+0600] {processor.py:925} INFO - DAG(s) 'example_nested_branch_dag' retrieved from /home/shamim/airflow_git/Airflow_project/air_venv/lib/python3.12/site-packages/airflow/example_dags/example_nested_branch_dag.py
[2025-02-10T13:06:39.569+0600] {logging_mixin.py:190} INFO - [2025-02-10T13:06:39.569+0600] {dag.py:3239} INFO - Sync 1 DAGs
[2025-02-10T13:06:39.594+0600] {logging_mixin.py:190} INFO - [2025-02-10T13:06:39.593+0600] {dag.py:4180} INFO - Setting next_dagrun for example_nested_branch_dag to 2025-02-09 00:00:00+00:00, run_after=2025-02-10 00:00:00+00:00
[2025-02-10T13:06:39.623+0600] {processor.py:208} INFO - Processing /home/shamim/airflow_git/Airflow_project/air_venv/lib/python3.12/site-packages/airflow/example_dags/example_nested_branch_dag.py took 0.106 seconds
[2025-02-10T13:07:53.611+0600] {processor.py:186} INFO - Started process (PID=14459) to work on /home/shamim/airflow_git/Airflow_project/air_venv/lib/python3.12/site-packages/airflow/example_dags/example_nested_branch_dag.py
[2025-02-10T13:07:53.612+0600] {processor.py:914} INFO - Processing file /home/shamim/airflow_git/Airflow_project/air_venv/lib/python3.12/site-packages/airflow/example_dags/example_nested_branch_dag.py for tasks to queue
[2025-02-10T13:07:53.615+0600] {logging_mixin.py:190} INFO - [2025-02-10T13:07:53.614+0600] {dagbag.py:588} INFO - Filling up the DagBag from /home/shamim/airflow_git/Airflow_project/air_venv/lib/python3.12/site-packages/airflow/example_dags/example_nested_branch_dag.py
[2025-02-10T13:07:53.631+0600] {processor.py:925} INFO - DAG(s) 'example_nested_branch_dag' retrieved from /home/shamim/airflow_git/Airflow_project/air_venv/lib/python3.12/site-packages/airflow/example_dags/example_nested_branch_dag.py
[2025-02-10T13:07:53.653+0600] {logging_mixin.py:190} INFO - [2025-02-10T13:07:53.652+0600] {dag.py:3239} INFO - Sync 1 DAGs
[2025-02-10T13:07:53.681+0600] {logging_mixin.py:190} INFO - [2025-02-10T13:07:53.681+0600] {dag.py:4180} INFO - Setting next_dagrun for example_nested_branch_dag to 2025-02-09 00:00:00+00:00, run_after=2025-02-10 00:00:00+00:00
[2025-02-10T13:07:53.706+0600] {processor.py:208} INFO - Processing /home/shamim/airflow_git/Airflow_project/air_venv/lib/python3.12/site-packages/airflow/example_dags/example_nested_branch_dag.py took 0.103 seconds
[2025-02-10T13:09:05.971+0600] {processor.py:186} INFO - Started process (PID=14680) to work on /home/shamim/airflow_git/Airflow_project/air_venv/lib/python3.12/site-packages/airflow/example_dags/example_nested_branch_dag.py
[2025-02-10T13:09:05.975+0600] {processor.py:914} INFO - Processing file /home/shamim/airflow_git/Airflow_project/air_venv/lib/python3.12/site-packages/airflow/example_dags/example_nested_branch_dag.py for tasks to queue
[2025-02-10T13:09:05.978+0600] {logging_mixin.py:190} INFO - [2025-02-10T13:09:05.977+0600] {dagbag.py:588} INFO - Filling up the DagBag from /home/shamim/airflow_git/Airflow_project/air_venv/lib/python3.12/site-packages/airflow/example_dags/example_nested_branch_dag.py
[2025-02-10T13:09:05.992+0600] {processor.py:925} INFO - DAG(s) 'example_nested_branch_dag' retrieved from /home/shamim/airflow_git/Airflow_project/air_venv/lib/python3.12/site-packages/airflow/example_dags/example_nested_branch_dag.py
[2025-02-10T13:09:06.011+0600] {logging_mixin.py:190} INFO - [2025-02-10T13:09:06.011+0600] {dag.py:3239} INFO - Sync 1 DAGs
[2025-02-10T13:09:06.042+0600] {logging_mixin.py:190} INFO - [2025-02-10T13:09:06.042+0600] {dag.py:4180} INFO - Setting next_dagrun for example_nested_branch_dag to 2025-02-09 00:00:00+00:00, run_after=2025-02-10 00:00:00+00:00
[2025-02-10T13:09:06.071+0600] {processor.py:208} INFO - Processing /home/shamim/airflow_git/Airflow_project/air_venv/lib/python3.12/site-packages/airflow/example_dags/example_nested_branch_dag.py took 0.106 seconds
[2025-02-10T13:10:12.433+0600] {processor.py:186} INFO - Started process (PID=14828) to work on /home/shamim/airflow_git/Airflow_project/air_venv/lib/python3.12/site-packages/airflow/example_dags/example_nested_branch_dag.py
[2025-02-10T13:10:12.440+0600] {processor.py:914} INFO - Processing file /home/shamim/airflow_git/Airflow_project/air_venv/lib/python3.12/site-packages/airflow/example_dags/example_nested_branch_dag.py for tasks to queue
[2025-02-10T13:10:12.449+0600] {logging_mixin.py:190} INFO - [2025-02-10T13:10:12.449+0600] {dagbag.py:588} INFO - Filling up the DagBag from /home/shamim/airflow_git/Airflow_project/air_venv/lib/python3.12/site-packages/airflow/example_dags/example_nested_branch_dag.py
[2025-02-10T13:10:12.488+0600] {processor.py:925} INFO - DAG(s) 'example_nested_branch_dag' retrieved from /home/shamim/airflow_git/Airflow_project/air_venv/lib/python3.12/site-packages/airflow/example_dags/example_nested_branch_dag.py
[2025-02-10T13:10:12.543+0600] {logging_mixin.py:190} INFO - [2025-02-10T13:10:12.542+0600] {dag.py:3239} INFO - Sync 1 DAGs
[2025-02-10T13:10:12.587+0600] {logging_mixin.py:190} INFO - [2025-02-10T13:10:12.587+0600] {dag.py:4180} INFO - Setting next_dagrun for example_nested_branch_dag to 2025-02-09 00:00:00+00:00, run_after=2025-02-10 00:00:00+00:00
[2025-02-10T13:10:12.635+0600] {processor.py:208} INFO - Processing /home/shamim/airflow_git/Airflow_project/air_venv/lib/python3.12/site-packages/airflow/example_dags/example_nested_branch_dag.py took 0.222 seconds
[2025-02-10T13:11:26.625+0600] {processor.py:186} INFO - Started process (PID=14922) to work on /home/shamim/airflow_git/Airflow_project/air_venv/lib/python3.12/site-packages/airflow/example_dags/example_nested_branch_dag.py
[2025-02-10T13:11:26.633+0600] {processor.py:914} INFO - Processing file /home/shamim/airflow_git/Airflow_project/air_venv/lib/python3.12/site-packages/airflow/example_dags/example_nested_branch_dag.py for tasks to queue
[2025-02-10T13:11:26.639+0600] {logging_mixin.py:190} INFO - [2025-02-10T13:11:26.638+0600] {dagbag.py:588} INFO - Filling up the DagBag from /home/shamim/airflow_git/Airflow_project/air_venv/lib/python3.12/site-packages/airflow/example_dags/example_nested_branch_dag.py
[2025-02-10T13:11:26.664+0600] {processor.py:925} INFO - DAG(s) 'example_nested_branch_dag' retrieved from /home/shamim/airflow_git/Airflow_project/air_venv/lib/python3.12/site-packages/airflow/example_dags/example_nested_branch_dag.py
[2025-02-10T13:11:26.686+0600] {logging_mixin.py:190} INFO - [2025-02-10T13:11:26.686+0600] {dag.py:3239} INFO - Sync 1 DAGs
[2025-02-10T13:11:26.710+0600] {logging_mixin.py:190} INFO - [2025-02-10T13:11:26.710+0600] {dag.py:4180} INFO - Setting next_dagrun for example_nested_branch_dag to 2025-02-09 00:00:00+00:00, run_after=2025-02-10 00:00:00+00:00
[2025-02-10T13:11:26.731+0600] {processor.py:208} INFO - Processing /home/shamim/airflow_git/Airflow_project/air_venv/lib/python3.12/site-packages/airflow/example_dags/example_nested_branch_dag.py took 0.128 seconds
[2025-02-10T13:12:42.363+0600] {processor.py:186} INFO - Started process (PID=15017) to work on /home/shamim/airflow_git/Airflow_project/air_venv/lib/python3.12/site-packages/airflow/example_dags/example_nested_branch_dag.py
[2025-02-10T13:12:42.370+0600] {processor.py:914} INFO - Processing file /home/shamim/airflow_git/Airflow_project/air_venv/lib/python3.12/site-packages/airflow/example_dags/example_nested_branch_dag.py for tasks to queue
[2025-02-10T13:12:42.373+0600] {logging_mixin.py:190} INFO - [2025-02-10T13:12:42.372+0600] {dagbag.py:588} INFO - Filling up the DagBag from /home/shamim/airflow_git/Airflow_project/air_venv/lib/python3.12/site-packages/airflow/example_dags/example_nested_branch_dag.py
[2025-02-10T13:12:42.389+0600] {processor.py:925} INFO - DAG(s) 'example_nested_branch_dag' retrieved from /home/shamim/airflow_git/Airflow_project/air_venv/lib/python3.12/site-packages/airflow/example_dags/example_nested_branch_dag.py
[2025-02-10T13:12:42.408+0600] {logging_mixin.py:190} INFO - [2025-02-10T13:12:42.408+0600] {dag.py:3239} INFO - Sync 1 DAGs
[2025-02-10T13:12:42.433+0600] {logging_mixin.py:190} INFO - [2025-02-10T13:12:42.432+0600] {dag.py:4180} INFO - Setting next_dagrun for example_nested_branch_dag to 2025-02-09 00:00:00+00:00, run_after=2025-02-10 00:00:00+00:00
[2025-02-10T13:12:42.457+0600] {processor.py:208} INFO - Processing /home/shamim/airflow_git/Airflow_project/air_venv/lib/python3.12/site-packages/airflow/example_dags/example_nested_branch_dag.py took 0.104 seconds
[2025-02-10T13:13:59.962+0600] {processor.py:186} INFO - Started process (PID=15169) to work on /home/shamim/airflow_git/Airflow_project/air_venv/lib/python3.12/site-packages/airflow/example_dags/example_nested_branch_dag.py
[2025-02-10T13:13:59.968+0600] {processor.py:914} INFO - Processing file /home/shamim/airflow_git/Airflow_project/air_venv/lib/python3.12/site-packages/airflow/example_dags/example_nested_branch_dag.py for tasks to queue
[2025-02-10T13:13:59.971+0600] {logging_mixin.py:190} INFO - [2025-02-10T13:13:59.971+0600] {dagbag.py:588} INFO - Filling up the DagBag from /home/shamim/airflow_git/Airflow_project/air_venv/lib/python3.12/site-packages/airflow/example_dags/example_nested_branch_dag.py
[2025-02-10T13:13:59.986+0600] {processor.py:925} INFO - DAG(s) 'example_nested_branch_dag' retrieved from /home/shamim/airflow_git/Airflow_project/air_venv/lib/python3.12/site-packages/airflow/example_dags/example_nested_branch_dag.py
[2025-02-10T13:14:00.009+0600] {logging_mixin.py:190} INFO - [2025-02-10T13:14:00.008+0600] {dag.py:3239} INFO - Sync 1 DAGs
[2025-02-10T13:14:00.034+0600] {logging_mixin.py:190} INFO - [2025-02-10T13:14:00.034+0600] {dag.py:4180} INFO - Setting next_dagrun for example_nested_branch_dag to 2025-02-09 00:00:00+00:00, run_after=2025-02-10 00:00:00+00:00
[2025-02-10T13:14:00.062+0600] {processor.py:208} INFO - Processing /home/shamim/airflow_git/Airflow_project/air_venv/lib/python3.12/site-packages/airflow/example_dags/example_nested_branch_dag.py took 0.113 seconds
[2025-02-10T13:15:07.400+0600] {processor.py:186} INFO - Started process (PID=15259) to work on /home/shamim/airflow_git/Airflow_project/air_venv/lib/python3.12/site-packages/airflow/example_dags/example_nested_branch_dag.py
[2025-02-10T13:15:07.406+0600] {processor.py:914} INFO - Processing file /home/shamim/airflow_git/Airflow_project/air_venv/lib/python3.12/site-packages/airflow/example_dags/example_nested_branch_dag.py for tasks to queue
[2025-02-10T13:15:07.411+0600] {logging_mixin.py:190} INFO - [2025-02-10T13:15:07.411+0600] {dagbag.py:588} INFO - Filling up the DagBag from /home/shamim/airflow_git/Airflow_project/air_venv/lib/python3.12/site-packages/airflow/example_dags/example_nested_branch_dag.py
[2025-02-10T13:15:07.429+0600] {processor.py:925} INFO - DAG(s) 'example_nested_branch_dag' retrieved from /home/shamim/airflow_git/Airflow_project/air_venv/lib/python3.12/site-packages/airflow/example_dags/example_nested_branch_dag.py
[2025-02-10T13:15:07.451+0600] {logging_mixin.py:190} INFO - [2025-02-10T13:15:07.450+0600] {dag.py:3239} INFO - Sync 1 DAGs
[2025-02-10T13:15:07.478+0600] {logging_mixin.py:190} INFO - [2025-02-10T13:15:07.478+0600] {dag.py:4180} INFO - Setting next_dagrun for example_nested_branch_dag to 2025-02-09 00:00:00+00:00, run_after=2025-02-10 00:00:00+00:00
[2025-02-10T13:15:07.504+0600] {processor.py:208} INFO - Processing /home/shamim/airflow_git/Airflow_project/air_venv/lib/python3.12/site-packages/airflow/example_dags/example_nested_branch_dag.py took 0.117 seconds
[2025-02-10T13:16:16.766+0600] {processor.py:186} INFO - Started process (PID=15353) to work on /home/shamim/airflow_git/Airflow_project/air_venv/lib/python3.12/site-packages/airflow/example_dags/example_nested_branch_dag.py
[2025-02-10T13:16:16.769+0600] {processor.py:914} INFO - Processing file /home/shamim/airflow_git/Airflow_project/air_venv/lib/python3.12/site-packages/airflow/example_dags/example_nested_branch_dag.py for tasks to queue
[2025-02-10T13:16:16.772+0600] {logging_mixin.py:190} INFO - [2025-02-10T13:16:16.771+0600] {dagbag.py:588} INFO - Filling up the DagBag from /home/shamim/airflow_git/Airflow_project/air_venv/lib/python3.12/site-packages/airflow/example_dags/example_nested_branch_dag.py
[2025-02-10T13:16:16.787+0600] {processor.py:925} INFO - DAG(s) 'example_nested_branch_dag' retrieved from /home/shamim/airflow_git/Airflow_project/air_venv/lib/python3.12/site-packages/airflow/example_dags/example_nested_branch_dag.py
[2025-02-10T13:16:16.808+0600] {logging_mixin.py:190} INFO - [2025-02-10T13:16:16.807+0600] {dag.py:3239} INFO - Sync 1 DAGs
[2025-02-10T13:16:16.833+0600] {logging_mixin.py:190} INFO - [2025-02-10T13:16:16.833+0600] {dag.py:4180} INFO - Setting next_dagrun for example_nested_branch_dag to 2025-02-09 00:00:00+00:00, run_after=2025-02-10 00:00:00+00:00
[2025-02-10T13:16:16.865+0600] {processor.py:208} INFO - Processing /home/shamim/airflow_git/Airflow_project/air_venv/lib/python3.12/site-packages/airflow/example_dags/example_nested_branch_dag.py took 0.110 seconds
[2025-02-10T13:17:25.366+0600] {processor.py:186} INFO - Started process (PID=15445) to work on /home/shamim/airflow_git/Airflow_project/air_venv/lib/python3.12/site-packages/airflow/example_dags/example_nested_branch_dag.py
[2025-02-10T13:17:25.373+0600] {processor.py:914} INFO - Processing file /home/shamim/airflow_git/Airflow_project/air_venv/lib/python3.12/site-packages/airflow/example_dags/example_nested_branch_dag.py for tasks to queue
[2025-02-10T13:17:25.377+0600] {logging_mixin.py:190} INFO - [2025-02-10T13:17:25.377+0600] {dagbag.py:588} INFO - Filling up the DagBag from /home/shamim/airflow_git/Airflow_project/air_venv/lib/python3.12/site-packages/airflow/example_dags/example_nested_branch_dag.py
[2025-02-10T13:17:25.395+0600] {processor.py:925} INFO - DAG(s) 'example_nested_branch_dag' retrieved from /home/shamim/airflow_git/Airflow_project/air_venv/lib/python3.12/site-packages/airflow/example_dags/example_nested_branch_dag.py
[2025-02-10T13:17:25.417+0600] {logging_mixin.py:190} INFO - [2025-02-10T13:17:25.416+0600] {dag.py:3239} INFO - Sync 1 DAGs
[2025-02-10T13:17:25.449+0600] {logging_mixin.py:190} INFO - [2025-02-10T13:17:25.449+0600] {dag.py:4180} INFO - Setting next_dagrun for example_nested_branch_dag to 2025-02-09 00:00:00+00:00, run_after=2025-02-10 00:00:00+00:00
[2025-02-10T13:17:25.481+0600] {processor.py:208} INFO - Processing /home/shamim/airflow_git/Airflow_project/air_venv/lib/python3.12/site-packages/airflow/example_dags/example_nested_branch_dag.py took 0.143 seconds
[2025-02-10T13:18:40.528+0600] {processor.py:186} INFO - Started process (PID=15703) to work on /home/shamim/airflow_git/Airflow_project/air_venv/lib/python3.12/site-packages/airflow/example_dags/example_nested_branch_dag.py
[2025-02-10T13:18:40.531+0600] {processor.py:914} INFO - Processing file /home/shamim/airflow_git/Airflow_project/air_venv/lib/python3.12/site-packages/airflow/example_dags/example_nested_branch_dag.py for tasks to queue
[2025-02-10T13:18:40.536+0600] {logging_mixin.py:190} INFO - [2025-02-10T13:18:40.535+0600] {dagbag.py:588} INFO - Filling up the DagBag from /home/shamim/airflow_git/Airflow_project/air_venv/lib/python3.12/site-packages/airflow/example_dags/example_nested_branch_dag.py
[2025-02-10T13:18:40.556+0600] {processor.py:925} INFO - DAG(s) 'example_nested_branch_dag' retrieved from /home/shamim/airflow_git/Airflow_project/air_venv/lib/python3.12/site-packages/airflow/example_dags/example_nested_branch_dag.py
[2025-02-10T13:18:40.584+0600] {logging_mixin.py:190} INFO - [2025-02-10T13:18:40.583+0600] {dag.py:3239} INFO - Sync 1 DAGs
[2025-02-10T13:18:40.621+0600] {logging_mixin.py:190} INFO - [2025-02-10T13:18:40.621+0600] {dag.py:4180} INFO - Setting next_dagrun for example_nested_branch_dag to 2025-02-09 00:00:00+00:00, run_after=2025-02-10 00:00:00+00:00
[2025-02-10T13:18:40.651+0600] {processor.py:208} INFO - Processing /home/shamim/airflow_git/Airflow_project/air_venv/lib/python3.12/site-packages/airflow/example_dags/example_nested_branch_dag.py took 0.138 seconds
[2025-02-10T13:19:57.145+0600] {processor.py:186} INFO - Started process (PID=16318) to work on /home/shamim/airflow_git/Airflow_project/air_venv/lib/python3.12/site-packages/airflow/example_dags/example_nested_branch_dag.py
[2025-02-10T13:19:57.151+0600] {processor.py:914} INFO - Processing file /home/shamim/airflow_git/Airflow_project/air_venv/lib/python3.12/site-packages/airflow/example_dags/example_nested_branch_dag.py for tasks to queue
[2025-02-10T13:19:57.153+0600] {logging_mixin.py:190} INFO - [2025-02-10T13:19:57.152+0600] {dagbag.py:588} INFO - Filling up the DagBag from /home/shamim/airflow_git/Airflow_project/air_venv/lib/python3.12/site-packages/airflow/example_dags/example_nested_branch_dag.py
[2025-02-10T13:19:57.171+0600] {processor.py:925} INFO - DAG(s) 'example_nested_branch_dag' retrieved from /home/shamim/airflow_git/Airflow_project/air_venv/lib/python3.12/site-packages/airflow/example_dags/example_nested_branch_dag.py
[2025-02-10T13:19:57.191+0600] {logging_mixin.py:190} INFO - [2025-02-10T13:19:57.191+0600] {dag.py:3239} INFO - Sync 1 DAGs
[2025-02-10T13:19:57.217+0600] {logging_mixin.py:190} INFO - [2025-02-10T13:19:57.217+0600] {dag.py:4180} INFO - Setting next_dagrun for example_nested_branch_dag to 2025-02-09 00:00:00+00:00, run_after=2025-02-10 00:00:00+00:00
[2025-02-10T13:19:57.243+0600] {processor.py:208} INFO - Processing /home/shamim/airflow_git/Airflow_project/air_venv/lib/python3.12/site-packages/airflow/example_dags/example_nested_branch_dag.py took 0.113 seconds
[2025-02-10T13:21:09.597+0600] {processor.py:186} INFO - Started process (PID=16875) to work on /home/shamim/airflow_git/Airflow_project/air_venv/lib/python3.12/site-packages/airflow/example_dags/example_nested_branch_dag.py
[2025-02-10T13:21:09.603+0600] {processor.py:914} INFO - Processing file /home/shamim/airflow_git/Airflow_project/air_venv/lib/python3.12/site-packages/airflow/example_dags/example_nested_branch_dag.py for tasks to queue
[2025-02-10T13:21:09.606+0600] {logging_mixin.py:190} INFO - [2025-02-10T13:21:09.605+0600] {dagbag.py:588} INFO - Filling up the DagBag from /home/shamim/airflow_git/Airflow_project/air_venv/lib/python3.12/site-packages/airflow/example_dags/example_nested_branch_dag.py
[2025-02-10T13:21:09.624+0600] {processor.py:925} INFO - DAG(s) 'example_nested_branch_dag' retrieved from /home/shamim/airflow_git/Airflow_project/air_venv/lib/python3.12/site-packages/airflow/example_dags/example_nested_branch_dag.py
[2025-02-10T13:21:09.644+0600] {logging_mixin.py:190} INFO - [2025-02-10T13:21:09.644+0600] {dag.py:3239} INFO - Sync 1 DAGs
[2025-02-10T13:21:09.678+0600] {logging_mixin.py:190} INFO - [2025-02-10T13:21:09.678+0600] {dag.py:4180} INFO - Setting next_dagrun for example_nested_branch_dag to 2025-02-09 00:00:00+00:00, run_after=2025-02-10 00:00:00+00:00
[2025-02-10T13:21:09.704+0600] {processor.py:208} INFO - Processing /home/shamim/airflow_git/Airflow_project/air_venv/lib/python3.12/site-packages/airflow/example_dags/example_nested_branch_dag.py took 0.121 seconds
[2025-02-10T13:22:26.616+0600] {processor.py:186} INFO - Started process (PID=17328) to work on /home/shamim/airflow_git/Airflow_project/air_venv/lib/python3.12/site-packages/airflow/example_dags/example_nested_branch_dag.py
[2025-02-10T13:22:26.623+0600] {processor.py:914} INFO - Processing file /home/shamim/airflow_git/Airflow_project/air_venv/lib/python3.12/site-packages/airflow/example_dags/example_nested_branch_dag.py for tasks to queue
[2025-02-10T13:22:26.625+0600] {logging_mixin.py:190} INFO - [2025-02-10T13:22:26.624+0600] {dagbag.py:588} INFO - Filling up the DagBag from /home/shamim/airflow_git/Airflow_project/air_venv/lib/python3.12/site-packages/airflow/example_dags/example_nested_branch_dag.py
[2025-02-10T13:22:26.641+0600] {processor.py:925} INFO - DAG(s) 'example_nested_branch_dag' retrieved from /home/shamim/airflow_git/Airflow_project/air_venv/lib/python3.12/site-packages/airflow/example_dags/example_nested_branch_dag.py
[2025-02-10T13:22:26.661+0600] {logging_mixin.py:190} INFO - [2025-02-10T13:22:26.661+0600] {dag.py:3239} INFO - Sync 1 DAGs
[2025-02-10T13:22:26.688+0600] {logging_mixin.py:190} INFO - [2025-02-10T13:22:26.687+0600] {dag.py:4180} INFO - Setting next_dagrun for example_nested_branch_dag to 2025-02-09 00:00:00+00:00, run_after=2025-02-10 00:00:00+00:00
[2025-02-10T13:22:26.711+0600] {processor.py:208} INFO - Processing /home/shamim/airflow_git/Airflow_project/air_venv/lib/python3.12/site-packages/airflow/example_dags/example_nested_branch_dag.py took 0.106 seconds
[2025-02-10T13:23:44.155+0600] {processor.py:186} INFO - Started process (PID=17479) to work on /home/shamim/airflow_git/Airflow_project/air_venv/lib/python3.12/site-packages/airflow/example_dags/example_nested_branch_dag.py
[2025-02-10T13:23:44.161+0600] {processor.py:914} INFO - Processing file /home/shamim/airflow_git/Airflow_project/air_venv/lib/python3.12/site-packages/airflow/example_dags/example_nested_branch_dag.py for tasks to queue
[2025-02-10T13:23:44.163+0600] {logging_mixin.py:190} INFO - [2025-02-10T13:23:44.162+0600] {dagbag.py:588} INFO - Filling up the DagBag from /home/shamim/airflow_git/Airflow_project/air_venv/lib/python3.12/site-packages/airflow/example_dags/example_nested_branch_dag.py
[2025-02-10T13:23:44.183+0600] {processor.py:925} INFO - DAG(s) 'example_nested_branch_dag' retrieved from /home/shamim/airflow_git/Airflow_project/air_venv/lib/python3.12/site-packages/airflow/example_dags/example_nested_branch_dag.py
[2025-02-10T13:23:44.225+0600] {logging_mixin.py:190} INFO - [2025-02-10T13:23:44.225+0600] {dag.py:3239} INFO - Sync 1 DAGs
[2025-02-10T13:23:44.260+0600] {logging_mixin.py:190} INFO - [2025-02-10T13:23:44.259+0600] {dag.py:4180} INFO - Setting next_dagrun for example_nested_branch_dag to 2025-02-09 00:00:00+00:00, run_after=2025-02-10 00:00:00+00:00
[2025-02-10T13:23:44.294+0600] {processor.py:208} INFO - Processing /home/shamim/airflow_git/Airflow_project/air_venv/lib/python3.12/site-packages/airflow/example_dags/example_nested_branch_dag.py took 0.153 seconds
[2025-02-10T13:24:54.243+0600] {processor.py:186} INFO - Started process (PID=17700) to work on /home/shamim/airflow_git/Airflow_project/air_venv/lib/python3.12/site-packages/airflow/example_dags/example_nested_branch_dag.py
[2025-02-10T13:24:54.250+0600] {processor.py:914} INFO - Processing file /home/shamim/airflow_git/Airflow_project/air_venv/lib/python3.12/site-packages/airflow/example_dags/example_nested_branch_dag.py for tasks to queue
[2025-02-10T13:24:54.251+0600] {logging_mixin.py:190} INFO - [2025-02-10T13:24:54.251+0600] {dagbag.py:588} INFO - Filling up the DagBag from /home/shamim/airflow_git/Airflow_project/air_venv/lib/python3.12/site-packages/airflow/example_dags/example_nested_branch_dag.py
[2025-02-10T13:24:54.268+0600] {processor.py:925} INFO - DAG(s) 'example_nested_branch_dag' retrieved from /home/shamim/airflow_git/Airflow_project/air_venv/lib/python3.12/site-packages/airflow/example_dags/example_nested_branch_dag.py
[2025-02-10T13:24:54.293+0600] {logging_mixin.py:190} INFO - [2025-02-10T13:24:54.293+0600] {dag.py:3239} INFO - Sync 1 DAGs
[2025-02-10T13:24:54.327+0600] {logging_mixin.py:190} INFO - [2025-02-10T13:24:54.327+0600] {dag.py:4180} INFO - Setting next_dagrun for example_nested_branch_dag to 2025-02-09 00:00:00+00:00, run_after=2025-02-10 00:00:00+00:00
[2025-02-10T13:24:54.368+0600] {processor.py:208} INFO - Processing /home/shamim/airflow_git/Airflow_project/air_venv/lib/python3.12/site-packages/airflow/example_dags/example_nested_branch_dag.py took 0.137 seconds
[2025-02-10T13:26:14.329+0600] {processor.py:186} INFO - Started process (PID=17814) to work on /home/shamim/airflow_git/Airflow_project/air_venv/lib/python3.12/site-packages/airflow/example_dags/example_nested_branch_dag.py
[2025-02-10T13:26:14.342+0600] {processor.py:914} INFO - Processing file /home/shamim/airflow_git/Airflow_project/air_venv/lib/python3.12/site-packages/airflow/example_dags/example_nested_branch_dag.py for tasks to queue
[2025-02-10T13:26:14.344+0600] {logging_mixin.py:190} INFO - [2025-02-10T13:26:14.344+0600] {dagbag.py:588} INFO - Filling up the DagBag from /home/shamim/airflow_git/Airflow_project/air_venv/lib/python3.12/site-packages/airflow/example_dags/example_nested_branch_dag.py
[2025-02-10T13:26:14.362+0600] {processor.py:925} INFO - DAG(s) 'example_nested_branch_dag' retrieved from /home/shamim/airflow_git/Airflow_project/air_venv/lib/python3.12/site-packages/airflow/example_dags/example_nested_branch_dag.py
[2025-02-10T13:26:14.383+0600] {logging_mixin.py:190} INFO - [2025-02-10T13:26:14.383+0600] {dag.py:3239} INFO - Sync 1 DAGs
[2025-02-10T13:26:14.409+0600] {logging_mixin.py:190} INFO - [2025-02-10T13:26:14.409+0600] {dag.py:4180} INFO - Setting next_dagrun for example_nested_branch_dag to 2025-02-09 00:00:00+00:00, run_after=2025-02-10 00:00:00+00:00
[2025-02-10T13:26:14.431+0600] {processor.py:208} INFO - Processing /home/shamim/airflow_git/Airflow_project/air_venv/lib/python3.12/site-packages/airflow/example_dags/example_nested_branch_dag.py took 0.114 seconds
[2025-02-10T13:27:30.590+0600] {processor.py:186} INFO - Started process (PID=17925) to work on /home/shamim/airflow_git/Airflow_project/air_venv/lib/python3.12/site-packages/airflow/example_dags/example_nested_branch_dag.py
[2025-02-10T13:27:30.596+0600] {processor.py:914} INFO - Processing file /home/shamim/airflow_git/Airflow_project/air_venv/lib/python3.12/site-packages/airflow/example_dags/example_nested_branch_dag.py for tasks to queue
[2025-02-10T13:27:30.598+0600] {logging_mixin.py:190} INFO - [2025-02-10T13:27:30.597+0600] {dagbag.py:588} INFO - Filling up the DagBag from /home/shamim/airflow_git/Airflow_project/air_venv/lib/python3.12/site-packages/airflow/example_dags/example_nested_branch_dag.py
[2025-02-10T13:27:30.615+0600] {processor.py:925} INFO - DAG(s) 'example_nested_branch_dag' retrieved from /home/shamim/airflow_git/Airflow_project/air_venv/lib/python3.12/site-packages/airflow/example_dags/example_nested_branch_dag.py
[2025-02-10T13:27:30.635+0600] {logging_mixin.py:190} INFO - [2025-02-10T13:27:30.634+0600] {dag.py:3239} INFO - Sync 1 DAGs
[2025-02-10T13:27:30.662+0600] {logging_mixin.py:190} INFO - [2025-02-10T13:27:30.661+0600] {dag.py:4180} INFO - Setting next_dagrun for example_nested_branch_dag to 2025-02-09 00:00:00+00:00, run_after=2025-02-10 00:00:00+00:00
[2025-02-10T13:27:30.696+0600] {processor.py:208} INFO - Processing /home/shamim/airflow_git/Airflow_project/air_venv/lib/python3.12/site-packages/airflow/example_dags/example_nested_branch_dag.py took 0.117 seconds
[2025-02-10T13:29:00.853+0600] {processor.py:186} INFO - Started process (PID=18612) to work on /home/shamim/airflow_git/Airflow_project/air_venv/lib/python3.12/site-packages/airflow/example_dags/example_nested_branch_dag.py
[2025-02-10T13:29:00.869+0600] {processor.py:914} INFO - Processing file /home/shamim/airflow_git/Airflow_project/air_venv/lib/python3.12/site-packages/airflow/example_dags/example_nested_branch_dag.py for tasks to queue
[2025-02-10T13:29:00.871+0600] {logging_mixin.py:190} INFO - [2025-02-10T13:29:00.871+0600] {dagbag.py:588} INFO - Filling up the DagBag from /home/shamim/airflow_git/Airflow_project/air_venv/lib/python3.12/site-packages/airflow/example_dags/example_nested_branch_dag.py
[2025-02-10T13:29:00.892+0600] {processor.py:925} INFO - DAG(s) 'example_nested_branch_dag' retrieved from /home/shamim/airflow_git/Airflow_project/air_venv/lib/python3.12/site-packages/airflow/example_dags/example_nested_branch_dag.py
[2025-02-10T13:29:00.913+0600] {logging_mixin.py:190} INFO - [2025-02-10T13:29:00.912+0600] {dag.py:3239} INFO - Sync 1 DAGs
[2025-02-10T13:29:00.939+0600] {logging_mixin.py:190} INFO - [2025-02-10T13:29:00.938+0600] {dag.py:4180} INFO - Setting next_dagrun for example_nested_branch_dag to 2025-02-09 00:00:00+00:00, run_after=2025-02-10 00:00:00+00:00
[2025-02-10T13:29:00.961+0600] {processor.py:208} INFO - Processing /home/shamim/airflow_git/Airflow_project/air_venv/lib/python3.12/site-packages/airflow/example_dags/example_nested_branch_dag.py took 0.121 seconds
[2025-02-10T13:30:20.727+0600] {processor.py:186} INFO - Started process (PID=18812) to work on /home/shamim/airflow_git/Airflow_project/air_venv/lib/python3.12/site-packages/airflow/example_dags/example_nested_branch_dag.py
[2025-02-10T13:30:20.743+0600] {processor.py:914} INFO - Processing file /home/shamim/airflow_git/Airflow_project/air_venv/lib/python3.12/site-packages/airflow/example_dags/example_nested_branch_dag.py for tasks to queue
[2025-02-10T13:30:20.745+0600] {logging_mixin.py:190} INFO - [2025-02-10T13:30:20.745+0600] {dagbag.py:588} INFO - Filling up the DagBag from /home/shamim/airflow_git/Airflow_project/air_venv/lib/python3.12/site-packages/airflow/example_dags/example_nested_branch_dag.py
[2025-02-10T13:30:20.765+0600] {processor.py:925} INFO - DAG(s) 'example_nested_branch_dag' retrieved from /home/shamim/airflow_git/Airflow_project/air_venv/lib/python3.12/site-packages/airflow/example_dags/example_nested_branch_dag.py
[2025-02-10T13:30:20.785+0600] {logging_mixin.py:190} INFO - [2025-02-10T13:30:20.785+0600] {dag.py:3239} INFO - Sync 1 DAGs
[2025-02-10T13:30:20.812+0600] {logging_mixin.py:190} INFO - [2025-02-10T13:30:20.811+0600] {dag.py:4180} INFO - Setting next_dagrun for example_nested_branch_dag to 2025-02-09 00:00:00+00:00, run_after=2025-02-10 00:00:00+00:00
[2025-02-10T13:30:20.835+0600] {processor.py:208} INFO - Processing /home/shamim/airflow_git/Airflow_project/air_venv/lib/python3.12/site-packages/airflow/example_dags/example_nested_branch_dag.py took 0.122 seconds
[2025-02-10T13:31:37.007+0600] {processor.py:186} INFO - Started process (PID=18926) to work on /home/shamim/airflow_git/Airflow_project/air_venv/lib/python3.12/site-packages/airflow/example_dags/example_nested_branch_dag.py
[2025-02-10T13:31:37.013+0600] {processor.py:914} INFO - Processing file /home/shamim/airflow_git/Airflow_project/air_venv/lib/python3.12/site-packages/airflow/example_dags/example_nested_branch_dag.py for tasks to queue
[2025-02-10T13:31:37.015+0600] {logging_mixin.py:190} INFO - [2025-02-10T13:31:37.015+0600] {dagbag.py:588} INFO - Filling up the DagBag from /home/shamim/airflow_git/Airflow_project/air_venv/lib/python3.12/site-packages/airflow/example_dags/example_nested_branch_dag.py
[2025-02-10T13:31:37.034+0600] {processor.py:925} INFO - DAG(s) 'example_nested_branch_dag' retrieved from /home/shamim/airflow_git/Airflow_project/air_venv/lib/python3.12/site-packages/airflow/example_dags/example_nested_branch_dag.py
[2025-02-10T13:31:37.055+0600] {logging_mixin.py:190} INFO - [2025-02-10T13:31:37.054+0600] {dag.py:3239} INFO - Sync 1 DAGs
[2025-02-10T13:31:37.236+0600] {logging_mixin.py:190} INFO - [2025-02-10T13:31:37.236+0600] {dag.py:4180} INFO - Setting next_dagrun for example_nested_branch_dag to 2025-02-09 00:00:00+00:00, run_after=2025-02-10 00:00:00+00:00
[2025-02-10T13:31:37.262+0600] {processor.py:208} INFO - Processing /home/shamim/airflow_git/Airflow_project/air_venv/lib/python3.12/site-packages/airflow/example_dags/example_nested_branch_dag.py took 0.266 seconds
[2025-02-10T13:32:52.414+0600] {processor.py:186} INFO - Started process (PID=19065) to work on /home/shamim/airflow_git/Airflow_project/air_venv/lib/python3.12/site-packages/airflow/example_dags/example_nested_branch_dag.py
[2025-02-10T13:32:52.420+0600] {processor.py:914} INFO - Processing file /home/shamim/airflow_git/Airflow_project/air_venv/lib/python3.12/site-packages/airflow/example_dags/example_nested_branch_dag.py for tasks to queue
[2025-02-10T13:32:52.421+0600] {logging_mixin.py:190} INFO - [2025-02-10T13:32:52.421+0600] {dagbag.py:588} INFO - Filling up the DagBag from /home/shamim/airflow_git/Airflow_project/air_venv/lib/python3.12/site-packages/airflow/example_dags/example_nested_branch_dag.py
[2025-02-10T13:32:52.436+0600] {processor.py:925} INFO - DAG(s) 'example_nested_branch_dag' retrieved from /home/shamim/airflow_git/Airflow_project/air_venv/lib/python3.12/site-packages/airflow/example_dags/example_nested_branch_dag.py
[2025-02-10T13:32:52.457+0600] {logging_mixin.py:190} INFO - [2025-02-10T13:32:52.456+0600] {dag.py:3239} INFO - Sync 1 DAGs
[2025-02-10T13:32:52.640+0600] {logging_mixin.py:190} INFO - [2025-02-10T13:32:52.640+0600] {dag.py:4180} INFO - Setting next_dagrun for example_nested_branch_dag to 2025-02-09 00:00:00+00:00, run_after=2025-02-10 00:00:00+00:00
[2025-02-10T13:32:52.668+0600] {processor.py:208} INFO - Processing /home/shamim/airflow_git/Airflow_project/air_venv/lib/python3.12/site-packages/airflow/example_dags/example_nested_branch_dag.py took 0.265 seconds
[2025-02-10T13:34:14.409+0600] {processor.py:186} INFO - Started process (PID=19206) to work on /home/shamim/airflow_git/Airflow_project/air_venv/lib/python3.12/site-packages/airflow/example_dags/example_nested_branch_dag.py
[2025-02-10T13:34:14.415+0600] {processor.py:914} INFO - Processing file /home/shamim/airflow_git/Airflow_project/air_venv/lib/python3.12/site-packages/airflow/example_dags/example_nested_branch_dag.py for tasks to queue
[2025-02-10T13:34:14.417+0600] {logging_mixin.py:190} INFO - [2025-02-10T13:34:14.416+0600] {dagbag.py:588} INFO - Filling up the DagBag from /home/shamim/airflow_git/Airflow_project/air_venv/lib/python3.12/site-packages/airflow/example_dags/example_nested_branch_dag.py
[2025-02-10T13:34:14.432+0600] {processor.py:925} INFO - DAG(s) 'example_nested_branch_dag' retrieved from /home/shamim/airflow_git/Airflow_project/air_venv/lib/python3.12/site-packages/airflow/example_dags/example_nested_branch_dag.py
[2025-02-10T13:34:14.452+0600] {logging_mixin.py:190} INFO - [2025-02-10T13:34:14.451+0600] {dag.py:3239} INFO - Sync 1 DAGs
[2025-02-10T13:34:14.633+0600] {logging_mixin.py:190} INFO - [2025-02-10T13:34:14.633+0600] {dag.py:4180} INFO - Setting next_dagrun for example_nested_branch_dag to 2025-02-09 00:00:00+00:00, run_after=2025-02-10 00:00:00+00:00
[2025-02-10T13:34:14.661+0600] {processor.py:208} INFO - Processing /home/shamim/airflow_git/Airflow_project/air_venv/lib/python3.12/site-packages/airflow/example_dags/example_nested_branch_dag.py took 0.262 seconds
[2025-02-10T13:35:30.052+0600] {processor.py:186} INFO - Started process (PID=19439) to work on /home/shamim/airflow_git/Airflow_project/air_venv/lib/python3.12/site-packages/airflow/example_dags/example_nested_branch_dag.py
[2025-02-10T13:35:30.059+0600] {processor.py:914} INFO - Processing file /home/shamim/airflow_git/Airflow_project/air_venv/lib/python3.12/site-packages/airflow/example_dags/example_nested_branch_dag.py for tasks to queue
[2025-02-10T13:35:30.060+0600] {logging_mixin.py:190} INFO - [2025-02-10T13:35:30.060+0600] {dagbag.py:588} INFO - Filling up the DagBag from /home/shamim/airflow_git/Airflow_project/air_venv/lib/python3.12/site-packages/airflow/example_dags/example_nested_branch_dag.py
[2025-02-10T13:35:30.075+0600] {processor.py:925} INFO - DAG(s) 'example_nested_branch_dag' retrieved from /home/shamim/airflow_git/Airflow_project/air_venv/lib/python3.12/site-packages/airflow/example_dags/example_nested_branch_dag.py
[2025-02-10T13:35:30.095+0600] {logging_mixin.py:190} INFO - [2025-02-10T13:35:30.095+0600] {dag.py:3239} INFO - Sync 1 DAGs
[2025-02-10T13:35:30.122+0600] {logging_mixin.py:190} INFO - [2025-02-10T13:35:30.122+0600] {dag.py:4180} INFO - Setting next_dagrun for example_nested_branch_dag to 2025-02-09 00:00:00+00:00, run_after=2025-02-10 00:00:00+00:00
[2025-02-10T13:35:30.305+0600] {processor.py:208} INFO - Processing /home/shamim/airflow_git/Airflow_project/air_venv/lib/python3.12/site-packages/airflow/example_dags/example_nested_branch_dag.py took 0.262 seconds
[2025-02-10T13:36:57.297+0600] {processor.py:186} INFO - Started process (PID=19544) to work on /home/shamim/airflow_git/Airflow_project/air_venv/lib/python3.12/site-packages/airflow/example_dags/example_nested_branch_dag.py
[2025-02-10T13:36:57.304+0600] {processor.py:914} INFO - Processing file /home/shamim/airflow_git/Airflow_project/air_venv/lib/python3.12/site-packages/airflow/example_dags/example_nested_branch_dag.py for tasks to queue
[2025-02-10T13:36:57.305+0600] {logging_mixin.py:190} INFO - [2025-02-10T13:36:57.305+0600] {dagbag.py:588} INFO - Filling up the DagBag from /home/shamim/airflow_git/Airflow_project/air_venv/lib/python3.12/site-packages/airflow/example_dags/example_nested_branch_dag.py
[2025-02-10T13:36:57.320+0600] {processor.py:925} INFO - DAG(s) 'example_nested_branch_dag' retrieved from /home/shamim/airflow_git/Airflow_project/air_venv/lib/python3.12/site-packages/airflow/example_dags/example_nested_branch_dag.py
[2025-02-10T13:36:57.340+0600] {logging_mixin.py:190} INFO - [2025-02-10T13:36:57.339+0600] {dag.py:3239} INFO - Sync 1 DAGs
[2025-02-10T13:36:57.364+0600] {logging_mixin.py:190} INFO - [2025-02-10T13:36:57.364+0600] {dag.py:4180} INFO - Setting next_dagrun for example_nested_branch_dag to 2025-02-09 00:00:00+00:00, run_after=2025-02-10 00:00:00+00:00
[2025-02-10T13:36:57.387+0600] {processor.py:208} INFO - Processing /home/shamim/airflow_git/Airflow_project/air_venv/lib/python3.12/site-packages/airflow/example_dags/example_nested_branch_dag.py took 0.099 seconds
[2025-02-10T13:38:13.409+0600] {processor.py:186} INFO - Started process (PID=19688) to work on /home/shamim/airflow_git/Airflow_project/air_venv/lib/python3.12/site-packages/airflow/example_dags/example_nested_branch_dag.py
[2025-02-10T13:38:13.416+0600] {processor.py:914} INFO - Processing file /home/shamim/airflow_git/Airflow_project/air_venv/lib/python3.12/site-packages/airflow/example_dags/example_nested_branch_dag.py for tasks to queue
[2025-02-10T13:38:13.420+0600] {logging_mixin.py:190} INFO - [2025-02-10T13:38:13.419+0600] {dagbag.py:588} INFO - Filling up the DagBag from /home/shamim/airflow_git/Airflow_project/air_venv/lib/python3.12/site-packages/airflow/example_dags/example_nested_branch_dag.py
[2025-02-10T13:38:13.444+0600] {processor.py:925} INFO - DAG(s) 'example_nested_branch_dag' retrieved from /home/shamim/airflow_git/Airflow_project/air_venv/lib/python3.12/site-packages/airflow/example_dags/example_nested_branch_dag.py
[2025-02-10T13:38:13.463+0600] {logging_mixin.py:190} INFO - [2025-02-10T13:38:13.463+0600] {dag.py:3239} INFO - Sync 1 DAGs
[2025-02-10T13:38:13.488+0600] {logging_mixin.py:190} INFO - [2025-02-10T13:38:13.488+0600] {dag.py:4180} INFO - Setting next_dagrun for example_nested_branch_dag to 2025-02-09 00:00:00+00:00, run_after=2025-02-10 00:00:00+00:00
[2025-02-10T13:38:13.523+0600] {processor.py:208} INFO - Processing /home/shamim/airflow_git/Airflow_project/air_venv/lib/python3.12/site-packages/airflow/example_dags/example_nested_branch_dag.py took 0.127 seconds
[2025-02-10T13:39:29.911+0600] {processor.py:186} INFO - Started process (PID=19841) to work on /home/shamim/airflow_git/Airflow_project/air_venv/lib/python3.12/site-packages/airflow/example_dags/example_nested_branch_dag.py
[2025-02-10T13:39:29.917+0600] {processor.py:914} INFO - Processing file /home/shamim/airflow_git/Airflow_project/air_venv/lib/python3.12/site-packages/airflow/example_dags/example_nested_branch_dag.py for tasks to queue
[2025-02-10T13:39:29.919+0600] {logging_mixin.py:190} INFO - [2025-02-10T13:39:29.919+0600] {dagbag.py:588} INFO - Filling up the DagBag from /home/shamim/airflow_git/Airflow_project/air_venv/lib/python3.12/site-packages/airflow/example_dags/example_nested_branch_dag.py
[2025-02-10T13:39:29.935+0600] {processor.py:925} INFO - DAG(s) 'example_nested_branch_dag' retrieved from /home/shamim/airflow_git/Airflow_project/air_venv/lib/python3.12/site-packages/airflow/example_dags/example_nested_branch_dag.py
[2025-02-10T13:39:29.955+0600] {logging_mixin.py:190} INFO - [2025-02-10T13:39:29.955+0600] {dag.py:3239} INFO - Sync 1 DAGs
[2025-02-10T13:39:29.980+0600] {logging_mixin.py:190} INFO - [2025-02-10T13:39:29.980+0600] {dag.py:4180} INFO - Setting next_dagrun for example_nested_branch_dag to 2025-02-09 00:00:00+00:00, run_after=2025-02-10 00:00:00+00:00
[2025-02-10T13:39:30.017+0600] {processor.py:208} INFO - Processing /home/shamim/airflow_git/Airflow_project/air_venv/lib/python3.12/site-packages/airflow/example_dags/example_nested_branch_dag.py took 0.116 seconds
[2025-02-10T13:40:56.458+0600] {processor.py:186} INFO - Started process (PID=19974) to work on /home/shamim/airflow_git/Airflow_project/air_venv/lib/python3.12/site-packages/airflow/example_dags/example_nested_branch_dag.py
[2025-02-10T13:40:56.464+0600] {processor.py:914} INFO - Processing file /home/shamim/airflow_git/Airflow_project/air_venv/lib/python3.12/site-packages/airflow/example_dags/example_nested_branch_dag.py for tasks to queue
[2025-02-10T13:40:56.466+0600] {logging_mixin.py:190} INFO - [2025-02-10T13:40:56.466+0600] {dagbag.py:588} INFO - Filling up the DagBag from /home/shamim/airflow_git/Airflow_project/air_venv/lib/python3.12/site-packages/airflow/example_dags/example_nested_branch_dag.py
[2025-02-10T13:40:56.482+0600] {processor.py:925} INFO - DAG(s) 'example_nested_branch_dag' retrieved from /home/shamim/airflow_git/Airflow_project/air_venv/lib/python3.12/site-packages/airflow/example_dags/example_nested_branch_dag.py
[2025-02-10T13:40:56.502+0600] {logging_mixin.py:190} INFO - [2025-02-10T13:40:56.502+0600] {dag.py:3239} INFO - Sync 1 DAGs
[2025-02-10T13:40:56.527+0600] {logging_mixin.py:190} INFO - [2025-02-10T13:40:56.527+0600] {dag.py:4180} INFO - Setting next_dagrun for example_nested_branch_dag to 2025-02-09 00:00:00+00:00, run_after=2025-02-10 00:00:00+00:00
[2025-02-10T13:40:56.707+0600] {processor.py:208} INFO - Processing /home/shamim/airflow_git/Airflow_project/air_venv/lib/python3.12/site-packages/airflow/example_dags/example_nested_branch_dag.py took 0.260 seconds
[2025-02-10T13:42:19.824+0600] {processor.py:186} INFO - Started process (PID=20113) to work on /home/shamim/airflow_git/Airflow_project/air_venv/lib/python3.12/site-packages/airflow/example_dags/example_nested_branch_dag.py
[2025-02-10T13:42:19.830+0600] {processor.py:914} INFO - Processing file /home/shamim/airflow_git/Airflow_project/air_venv/lib/python3.12/site-packages/airflow/example_dags/example_nested_branch_dag.py for tasks to queue
[2025-02-10T13:42:19.832+0600] {logging_mixin.py:190} INFO - [2025-02-10T13:42:19.832+0600] {dagbag.py:588} INFO - Filling up the DagBag from /home/shamim/airflow_git/Airflow_project/air_venv/lib/python3.12/site-packages/airflow/example_dags/example_nested_branch_dag.py
[2025-02-10T13:42:19.848+0600] {processor.py:925} INFO - DAG(s) 'example_nested_branch_dag' retrieved from /home/shamim/airflow_git/Airflow_project/air_venv/lib/python3.12/site-packages/airflow/example_dags/example_nested_branch_dag.py
[2025-02-10T13:42:19.868+0600] {logging_mixin.py:190} INFO - [2025-02-10T13:42:19.868+0600] {dag.py:3239} INFO - Sync 1 DAGs
[2025-02-10T13:42:19.893+0600] {logging_mixin.py:190} INFO - [2025-02-10T13:42:19.893+0600] {dag.py:4180} INFO - Setting next_dagrun for example_nested_branch_dag to 2025-02-09 00:00:00+00:00, run_after=2025-02-10 00:00:00+00:00
[2025-02-10T13:42:19.928+0600] {processor.py:208} INFO - Processing /home/shamim/airflow_git/Airflow_project/air_venv/lib/python3.12/site-packages/airflow/example_dags/example_nested_branch_dag.py took 0.114 seconds
[2025-02-10T13:43:34.234+0600] {processor.py:186} INFO - Started process (PID=20251) to work on /home/shamim/airflow_git/Airflow_project/air_venv/lib/python3.12/site-packages/airflow/example_dags/example_nested_branch_dag.py
[2025-02-10T13:43:34.240+0600] {processor.py:914} INFO - Processing file /home/shamim/airflow_git/Airflow_project/air_venv/lib/python3.12/site-packages/airflow/example_dags/example_nested_branch_dag.py for tasks to queue
[2025-02-10T13:43:34.242+0600] {logging_mixin.py:190} INFO - [2025-02-10T13:43:34.241+0600] {dagbag.py:588} INFO - Filling up the DagBag from /home/shamim/airflow_git/Airflow_project/air_venv/lib/python3.12/site-packages/airflow/example_dags/example_nested_branch_dag.py
[2025-02-10T13:43:34.256+0600] {processor.py:925} INFO - DAG(s) 'example_nested_branch_dag' retrieved from /home/shamim/airflow_git/Airflow_project/air_venv/lib/python3.12/site-packages/airflow/example_dags/example_nested_branch_dag.py
[2025-02-10T13:43:34.276+0600] {logging_mixin.py:190} INFO - [2025-02-10T13:43:34.276+0600] {dag.py:3239} INFO - Sync 1 DAGs
[2025-02-10T13:43:34.301+0600] {logging_mixin.py:190} INFO - [2025-02-10T13:43:34.301+0600] {dag.py:4180} INFO - Setting next_dagrun for example_nested_branch_dag to 2025-02-09 00:00:00+00:00, run_after=2025-02-10 00:00:00+00:00
[2025-02-10T13:43:34.335+0600] {processor.py:208} INFO - Processing /home/shamim/airflow_git/Airflow_project/air_venv/lib/python3.12/site-packages/airflow/example_dags/example_nested_branch_dag.py took 0.110 seconds
[2025-02-10T13:44:46.332+0600] {processor.py:186} INFO - Started process (PID=20392) to work on /home/shamim/airflow_git/Airflow_project/air_venv/lib/python3.12/site-packages/airflow/example_dags/example_nested_branch_dag.py
[2025-02-10T13:44:46.339+0600] {processor.py:914} INFO - Processing file /home/shamim/airflow_git/Airflow_project/air_venv/lib/python3.12/site-packages/airflow/example_dags/example_nested_branch_dag.py for tasks to queue
[2025-02-10T13:44:46.341+0600] {logging_mixin.py:190} INFO - [2025-02-10T13:44:46.340+0600] {dagbag.py:588} INFO - Filling up the DagBag from /home/shamim/airflow_git/Airflow_project/air_venv/lib/python3.12/site-packages/airflow/example_dags/example_nested_branch_dag.py
[2025-02-10T13:44:46.360+0600] {processor.py:925} INFO - DAG(s) 'example_nested_branch_dag' retrieved from /home/shamim/airflow_git/Airflow_project/air_venv/lib/python3.12/site-packages/airflow/example_dags/example_nested_branch_dag.py
[2025-02-10T13:44:46.380+0600] {logging_mixin.py:190} INFO - [2025-02-10T13:44:46.379+0600] {dag.py:3239} INFO - Sync 1 DAGs
[2025-02-10T13:44:46.405+0600] {logging_mixin.py:190} INFO - [2025-02-10T13:44:46.405+0600] {dag.py:4180} INFO - Setting next_dagrun for example_nested_branch_dag to 2025-02-09 00:00:00+00:00, run_after=2025-02-10 00:00:00+00:00
[2025-02-10T13:44:46.445+0600] {processor.py:208} INFO - Processing /home/shamim/airflow_git/Airflow_project/air_venv/lib/python3.12/site-packages/airflow/example_dags/example_nested_branch_dag.py took 0.125 seconds
[2025-02-10T13:46:01.246+0600] {processor.py:186} INFO - Started process (PID=20502) to work on /home/shamim/airflow_git/Airflow_project/air_venv/lib/python3.12/site-packages/airflow/example_dags/example_nested_branch_dag.py
[2025-02-10T13:46:01.262+0600] {processor.py:914} INFO - Processing file /home/shamim/airflow_git/Airflow_project/air_venv/lib/python3.12/site-packages/airflow/example_dags/example_nested_branch_dag.py for tasks to queue
[2025-02-10T13:46:01.264+0600] {logging_mixin.py:190} INFO - [2025-02-10T13:46:01.263+0600] {dagbag.py:588} INFO - Filling up the DagBag from /home/shamim/airflow_git/Airflow_project/air_venv/lib/python3.12/site-packages/airflow/example_dags/example_nested_branch_dag.py
[2025-02-10T13:46:01.280+0600] {processor.py:925} INFO - DAG(s) 'example_nested_branch_dag' retrieved from /home/shamim/airflow_git/Airflow_project/air_venv/lib/python3.12/site-packages/airflow/example_dags/example_nested_branch_dag.py
[2025-02-10T13:46:01.300+0600] {logging_mixin.py:190} INFO - [2025-02-10T13:46:01.300+0600] {dag.py:3239} INFO - Sync 1 DAGs
[2025-02-10T13:46:01.326+0600] {logging_mixin.py:190} INFO - [2025-02-10T13:46:01.325+0600] {dag.py:4180} INFO - Setting next_dagrun for example_nested_branch_dag to 2025-02-09 00:00:00+00:00, run_after=2025-02-10 00:00:00+00:00
[2025-02-10T13:46:01.347+0600] {processor.py:208} INFO - Processing /home/shamim/airflow_git/Airflow_project/air_venv/lib/python3.12/site-packages/airflow/example_dags/example_nested_branch_dag.py took 0.112 seconds
[2025-02-10T13:47:15.101+0600] {processor.py:186} INFO - Started process (PID=20815) to work on /home/shamim/airflow_git/Airflow_project/air_venv/lib/python3.12/site-packages/airflow/example_dags/example_nested_branch_dag.py
[2025-02-10T13:47:15.106+0600] {processor.py:914} INFO - Processing file /home/shamim/airflow_git/Airflow_project/air_venv/lib/python3.12/site-packages/airflow/example_dags/example_nested_branch_dag.py for tasks to queue
[2025-02-10T13:47:15.108+0600] {logging_mixin.py:190} INFO - [2025-02-10T13:47:15.107+0600] {dagbag.py:588} INFO - Filling up the DagBag from /home/shamim/airflow_git/Airflow_project/air_venv/lib/python3.12/site-packages/airflow/example_dags/example_nested_branch_dag.py
[2025-02-10T13:47:15.122+0600] {processor.py:925} INFO - DAG(s) 'example_nested_branch_dag' retrieved from /home/shamim/airflow_git/Airflow_project/air_venv/lib/python3.12/site-packages/airflow/example_dags/example_nested_branch_dag.py
[2025-02-10T13:47:15.143+0600] {logging_mixin.py:190} INFO - [2025-02-10T13:47:15.142+0600] {dag.py:3239} INFO - Sync 1 DAGs
[2025-02-10T13:47:15.168+0600] {logging_mixin.py:190} INFO - [2025-02-10T13:47:15.168+0600] {dag.py:4180} INFO - Setting next_dagrun for example_nested_branch_dag to 2025-02-09 00:00:00+00:00, run_after=2025-02-10 00:00:00+00:00
[2025-02-10T13:47:15.193+0600] {processor.py:208} INFO - Processing /home/shamim/airflow_git/Airflow_project/air_venv/lib/python3.12/site-packages/airflow/example_dags/example_nested_branch_dag.py took 0.101 seconds
[2025-02-10T13:48:31.691+0600] {processor.py:186} INFO - Started process (PID=21045) to work on /home/shamim/airflow_git/Airflow_project/air_venv/lib/python3.12/site-packages/airflow/example_dags/example_nested_branch_dag.py
[2025-02-10T13:48:31.697+0600] {processor.py:914} INFO - Processing file /home/shamim/airflow_git/Airflow_project/air_venv/lib/python3.12/site-packages/airflow/example_dags/example_nested_branch_dag.py for tasks to queue
[2025-02-10T13:48:31.699+0600] {logging_mixin.py:190} INFO - [2025-02-10T13:48:31.698+0600] {dagbag.py:588} INFO - Filling up the DagBag from /home/shamim/airflow_git/Airflow_project/air_venv/lib/python3.12/site-packages/airflow/example_dags/example_nested_branch_dag.py
[2025-02-10T13:48:31.716+0600] {processor.py:925} INFO - DAG(s) 'example_nested_branch_dag' retrieved from /home/shamim/airflow_git/Airflow_project/air_venv/lib/python3.12/site-packages/airflow/example_dags/example_nested_branch_dag.py
[2025-02-10T13:48:31.736+0600] {logging_mixin.py:190} INFO - [2025-02-10T13:48:31.736+0600] {dag.py:3239} INFO - Sync 1 DAGs
[2025-02-10T13:48:31.761+0600] {logging_mixin.py:190} INFO - [2025-02-10T13:48:31.761+0600] {dag.py:4180} INFO - Setting next_dagrun for example_nested_branch_dag to 2025-02-09 00:00:00+00:00, run_after=2025-02-10 00:00:00+00:00
[2025-02-10T13:48:31.785+0600] {processor.py:208} INFO - Processing /home/shamim/airflow_git/Airflow_project/air_venv/lib/python3.12/site-packages/airflow/example_dags/example_nested_branch_dag.py took 0.104 seconds
[2025-02-10T13:49:43.303+0600] {processor.py:186} INFO - Started process (PID=21196) to work on /home/shamim/airflow_git/Airflow_project/air_venv/lib/python3.12/site-packages/airflow/example_dags/example_nested_branch_dag.py
[2025-02-10T13:49:43.310+0600] {processor.py:914} INFO - Processing file /home/shamim/airflow_git/Airflow_project/air_venv/lib/python3.12/site-packages/airflow/example_dags/example_nested_branch_dag.py for tasks to queue
[2025-02-10T13:49:43.312+0600] {logging_mixin.py:190} INFO - [2025-02-10T13:49:43.311+0600] {dagbag.py:588} INFO - Filling up the DagBag from /home/shamim/airflow_git/Airflow_project/air_venv/lib/python3.12/site-packages/airflow/example_dags/example_nested_branch_dag.py
[2025-02-10T13:49:43.328+0600] {processor.py:925} INFO - DAG(s) 'example_nested_branch_dag' retrieved from /home/shamim/airflow_git/Airflow_project/air_venv/lib/python3.12/site-packages/airflow/example_dags/example_nested_branch_dag.py
[2025-02-10T13:49:43.348+0600] {logging_mixin.py:190} INFO - [2025-02-10T13:49:43.348+0600] {dag.py:3239} INFO - Sync 1 DAGs
[2025-02-10T13:49:43.374+0600] {logging_mixin.py:190} INFO - [2025-02-10T13:49:43.373+0600] {dag.py:4180} INFO - Setting next_dagrun for example_nested_branch_dag to 2025-02-09 00:00:00+00:00, run_after=2025-02-10 00:00:00+00:00
[2025-02-10T13:49:43.397+0600] {processor.py:208} INFO - Processing /home/shamim/airflow_git/Airflow_project/air_venv/lib/python3.12/site-packages/airflow/example_dags/example_nested_branch_dag.py took 0.104 seconds
[2025-02-10T13:50:53.279+0600] {processor.py:186} INFO - Started process (PID=21295) to work on /home/shamim/airflow_git/Airflow_project/air_venv/lib/python3.12/site-packages/airflow/example_dags/example_nested_branch_dag.py
[2025-02-10T13:50:53.286+0600] {processor.py:914} INFO - Processing file /home/shamim/airflow_git/Airflow_project/air_venv/lib/python3.12/site-packages/airflow/example_dags/example_nested_branch_dag.py for tasks to queue
[2025-02-10T13:50:53.287+0600] {logging_mixin.py:190} INFO - [2025-02-10T13:50:53.287+0600] {dagbag.py:588} INFO - Filling up the DagBag from /home/shamim/airflow_git/Airflow_project/air_venv/lib/python3.12/site-packages/airflow/example_dags/example_nested_branch_dag.py
[2025-02-10T13:50:53.302+0600] {processor.py:925} INFO - DAG(s) 'example_nested_branch_dag' retrieved from /home/shamim/airflow_git/Airflow_project/air_venv/lib/python3.12/site-packages/airflow/example_dags/example_nested_branch_dag.py
[2025-02-10T13:50:53.321+0600] {logging_mixin.py:190} INFO - [2025-02-10T13:50:53.321+0600] {dag.py:3239} INFO - Sync 1 DAGs
[2025-02-10T13:50:53.347+0600] {logging_mixin.py:190} INFO - [2025-02-10T13:50:53.347+0600] {dag.py:4180} INFO - Setting next_dagrun for example_nested_branch_dag to 2025-02-09 00:00:00+00:00, run_after=2025-02-10 00:00:00+00:00
[2025-02-10T13:50:53.371+0600] {processor.py:208} INFO - Processing /home/shamim/airflow_git/Airflow_project/air_venv/lib/python3.12/site-packages/airflow/example_dags/example_nested_branch_dag.py took 0.104 seconds
[2025-02-10T13:52:10.588+0600] {processor.py:186} INFO - Started process (PID=21406) to work on /home/shamim/airflow_git/Airflow_project/air_venv/lib/python3.12/site-packages/airflow/example_dags/example_nested_branch_dag.py
[2025-02-10T13:52:10.595+0600] {processor.py:914} INFO - Processing file /home/shamim/airflow_git/Airflow_project/air_venv/lib/python3.12/site-packages/airflow/example_dags/example_nested_branch_dag.py for tasks to queue
[2025-02-10T13:52:10.597+0600] {logging_mixin.py:190} INFO - [2025-02-10T13:52:10.597+0600] {dagbag.py:588} INFO - Filling up the DagBag from /home/shamim/airflow_git/Airflow_project/air_venv/lib/python3.12/site-packages/airflow/example_dags/example_nested_branch_dag.py
[2025-02-10T13:52:10.623+0600] {processor.py:925} INFO - DAG(s) 'example_nested_branch_dag' retrieved from /home/shamim/airflow_git/Airflow_project/air_venv/lib/python3.12/site-packages/airflow/example_dags/example_nested_branch_dag.py
[2025-02-10T13:52:10.657+0600] {logging_mixin.py:190} INFO - [2025-02-10T13:52:10.656+0600] {dag.py:3239} INFO - Sync 1 DAGs
[2025-02-10T13:52:10.693+0600] {logging_mixin.py:190} INFO - [2025-02-10T13:52:10.692+0600] {dag.py:4180} INFO - Setting next_dagrun for example_nested_branch_dag to 2025-02-09 00:00:00+00:00, run_after=2025-02-10 00:00:00+00:00
[2025-02-10T13:52:10.732+0600] {processor.py:208} INFO - Processing /home/shamim/airflow_git/Airflow_project/air_venv/lib/python3.12/site-packages/airflow/example_dags/example_nested_branch_dag.py took 0.164 seconds
[2025-02-10T13:53:34.775+0600] {processor.py:186} INFO - Started process (PID=21643) to work on /home/shamim/airflow_git/Airflow_project/air_venv/lib/python3.12/site-packages/airflow/example_dags/example_nested_branch_dag.py
[2025-02-10T13:53:34.776+0600] {processor.py:914} INFO - Processing file /home/shamim/airflow_git/Airflow_project/air_venv/lib/python3.12/site-packages/airflow/example_dags/example_nested_branch_dag.py for tasks to queue
[2025-02-10T13:53:34.779+0600] {logging_mixin.py:190} INFO - [2025-02-10T13:53:34.778+0600] {dagbag.py:588} INFO - Filling up the DagBag from /home/shamim/airflow_git/Airflow_project/air_venv/lib/python3.12/site-packages/airflow/example_dags/example_nested_branch_dag.py
[2025-02-10T13:53:34.796+0600] {processor.py:925} INFO - DAG(s) 'example_nested_branch_dag' retrieved from /home/shamim/airflow_git/Airflow_project/air_venv/lib/python3.12/site-packages/airflow/example_dags/example_nested_branch_dag.py
[2025-02-10T13:53:34.823+0600] {logging_mixin.py:190} INFO - [2025-02-10T13:53:34.823+0600] {dag.py:3239} INFO - Sync 1 DAGs
[2025-02-10T13:53:34.852+0600] {logging_mixin.py:190} INFO - [2025-02-10T13:53:34.851+0600] {dag.py:4180} INFO - Setting next_dagrun for example_nested_branch_dag to 2025-02-09 00:00:00+00:00, run_after=2025-02-10 00:00:00+00:00
[2025-02-10T13:53:34.887+0600] {processor.py:208} INFO - Processing /home/shamim/airflow_git/Airflow_project/air_venv/lib/python3.12/site-packages/airflow/example_dags/example_nested_branch_dag.py took 0.126 seconds
[2025-02-10T13:54:49.050+0600] {processor.py:186} INFO - Started process (PID=21762) to work on /home/shamim/airflow_git/Airflow_project/air_venv/lib/python3.12/site-packages/airflow/example_dags/example_nested_branch_dag.py
[2025-02-10T13:54:49.064+0600] {processor.py:914} INFO - Processing file /home/shamim/airflow_git/Airflow_project/air_venv/lib/python3.12/site-packages/airflow/example_dags/example_nested_branch_dag.py for tasks to queue
[2025-02-10T13:54:49.065+0600] {logging_mixin.py:190} INFO - [2025-02-10T13:54:49.065+0600] {dagbag.py:588} INFO - Filling up the DagBag from /home/shamim/airflow_git/Airflow_project/air_venv/lib/python3.12/site-packages/airflow/example_dags/example_nested_branch_dag.py
[2025-02-10T13:54:49.080+0600] {processor.py:925} INFO - DAG(s) 'example_nested_branch_dag' retrieved from /home/shamim/airflow_git/Airflow_project/air_venv/lib/python3.12/site-packages/airflow/example_dags/example_nested_branch_dag.py
[2025-02-10T13:54:49.099+0600] {logging_mixin.py:190} INFO - [2025-02-10T13:54:49.099+0600] {dag.py:3239} INFO - Sync 1 DAGs
[2025-02-10T13:54:49.126+0600] {logging_mixin.py:190} INFO - [2025-02-10T13:54:49.125+0600] {dag.py:4180} INFO - Setting next_dagrun for example_nested_branch_dag to 2025-02-09 00:00:00+00:00, run_after=2025-02-10 00:00:00+00:00
[2025-02-10T13:54:49.147+0600] {processor.py:208} INFO - Processing /home/shamim/airflow_git/Airflow_project/air_venv/lib/python3.12/site-packages/airflow/example_dags/example_nested_branch_dag.py took 0.106 seconds
[2025-02-10T13:56:00.883+0600] {processor.py:186} INFO - Started process (PID=21880) to work on /home/shamim/airflow_git/Airflow_project/air_venv/lib/python3.12/site-packages/airflow/example_dags/example_nested_branch_dag.py
[2025-02-10T13:56:00.897+0600] {processor.py:914} INFO - Processing file /home/shamim/airflow_git/Airflow_project/air_venv/lib/python3.12/site-packages/airflow/example_dags/example_nested_branch_dag.py for tasks to queue
[2025-02-10T13:56:00.899+0600] {logging_mixin.py:190} INFO - [2025-02-10T13:56:00.898+0600] {dagbag.py:588} INFO - Filling up the DagBag from /home/shamim/airflow_git/Airflow_project/air_venv/lib/python3.12/site-packages/airflow/example_dags/example_nested_branch_dag.py
[2025-02-10T13:56:00.922+0600] {processor.py:925} INFO - DAG(s) 'example_nested_branch_dag' retrieved from /home/shamim/airflow_git/Airflow_project/air_venv/lib/python3.12/site-packages/airflow/example_dags/example_nested_branch_dag.py
[2025-02-10T13:56:00.965+0600] {logging_mixin.py:190} INFO - [2025-02-10T13:56:00.964+0600] {dag.py:3239} INFO - Sync 1 DAGs
[2025-02-10T13:56:01.047+0600] {logging_mixin.py:190} INFO - [2025-02-10T13:56:01.046+0600] {dag.py:4180} INFO - Setting next_dagrun for example_nested_branch_dag to 2025-02-09 00:00:00+00:00, run_after=2025-02-10 00:00:00+00:00
[2025-02-10T13:56:01.120+0600] {processor.py:208} INFO - Processing /home/shamim/airflow_git/Airflow_project/air_venv/lib/python3.12/site-packages/airflow/example_dags/example_nested_branch_dag.py took 0.247 seconds
[2025-02-10T13:57:29.365+0600] {processor.py:186} INFO - Started process (PID=22094) to work on /home/shamim/airflow_git/Airflow_project/air_venv/lib/python3.12/site-packages/airflow/example_dags/example_nested_branch_dag.py
[2025-02-10T13:57:29.366+0600] {processor.py:914} INFO - Processing file /home/shamim/airflow_git/Airflow_project/air_venv/lib/python3.12/site-packages/airflow/example_dags/example_nested_branch_dag.py for tasks to queue
[2025-02-10T13:57:29.368+0600] {logging_mixin.py:190} INFO - [2025-02-10T13:57:29.367+0600] {dagbag.py:588} INFO - Filling up the DagBag from /home/shamim/airflow_git/Airflow_project/air_venv/lib/python3.12/site-packages/airflow/example_dags/example_nested_branch_dag.py
[2025-02-10T13:57:29.392+0600] {processor.py:925} INFO - DAG(s) 'example_nested_branch_dag' retrieved from /home/shamim/airflow_git/Airflow_project/air_venv/lib/python3.12/site-packages/airflow/example_dags/example_nested_branch_dag.py
[2025-02-10T13:57:29.427+0600] {logging_mixin.py:190} INFO - [2025-02-10T13:57:29.427+0600] {dag.py:3239} INFO - Sync 1 DAGs
[2025-02-10T13:57:29.462+0600] {logging_mixin.py:190} INFO - [2025-02-10T13:57:29.462+0600] {dag.py:4180} INFO - Setting next_dagrun for example_nested_branch_dag to 2025-02-09 00:00:00+00:00, run_after=2025-02-10 00:00:00+00:00
[2025-02-10T13:57:29.492+0600] {processor.py:208} INFO - Processing /home/shamim/airflow_git/Airflow_project/air_venv/lib/python3.12/site-packages/airflow/example_dags/example_nested_branch_dag.py took 0.136 seconds
[2025-02-10T13:58:52.444+0600] {processor.py:186} INFO - Started process (PID=22238) to work on /home/shamim/airflow_git/Airflow_project/air_venv/lib/python3.12/site-packages/airflow/example_dags/example_nested_branch_dag.py
[2025-02-10T13:58:52.451+0600] {processor.py:914} INFO - Processing file /home/shamim/airflow_git/Airflow_project/air_venv/lib/python3.12/site-packages/airflow/example_dags/example_nested_branch_dag.py for tasks to queue
[2025-02-10T13:58:52.455+0600] {logging_mixin.py:190} INFO - [2025-02-10T13:58:52.453+0600] {dagbag.py:588} INFO - Filling up the DagBag from /home/shamim/airflow_git/Airflow_project/air_venv/lib/python3.12/site-packages/airflow/example_dags/example_nested_branch_dag.py
[2025-02-10T13:58:52.481+0600] {processor.py:925} INFO - DAG(s) 'example_nested_branch_dag' retrieved from /home/shamim/airflow_git/Airflow_project/air_venv/lib/python3.12/site-packages/airflow/example_dags/example_nested_branch_dag.py
[2025-02-10T13:58:52.500+0600] {logging_mixin.py:190} INFO - [2025-02-10T13:58:52.500+0600] {dag.py:3239} INFO - Sync 1 DAGs
[2025-02-10T13:58:52.525+0600] {logging_mixin.py:190} INFO - [2025-02-10T13:58:52.525+0600] {dag.py:4180} INFO - Setting next_dagrun for example_nested_branch_dag to 2025-02-09 00:00:00+00:00, run_after=2025-02-10 00:00:00+00:00
[2025-02-10T13:58:52.549+0600] {processor.py:208} INFO - Processing /home/shamim/airflow_git/Airflow_project/air_venv/lib/python3.12/site-packages/airflow/example_dags/example_nested_branch_dag.py took 0.114 seconds
[2025-02-10T14:00:02.455+0600] {processor.py:186} INFO - Started process (PID=22446) to work on /home/shamim/airflow_git/Airflow_project/air_venv/lib/python3.12/site-packages/airflow/example_dags/example_nested_branch_dag.py
[2025-02-10T14:00:02.462+0600] {processor.py:914} INFO - Processing file /home/shamim/airflow_git/Airflow_project/air_venv/lib/python3.12/site-packages/airflow/example_dags/example_nested_branch_dag.py for tasks to queue
[2025-02-10T14:00:02.464+0600] {logging_mixin.py:190} INFO - [2025-02-10T14:00:02.463+0600] {dagbag.py:588} INFO - Filling up the DagBag from /home/shamim/airflow_git/Airflow_project/air_venv/lib/python3.12/site-packages/airflow/example_dags/example_nested_branch_dag.py
[2025-02-10T14:00:02.482+0600] {processor.py:925} INFO - DAG(s) 'example_nested_branch_dag' retrieved from /home/shamim/airflow_git/Airflow_project/air_venv/lib/python3.12/site-packages/airflow/example_dags/example_nested_branch_dag.py
[2025-02-10T14:00:02.502+0600] {logging_mixin.py:190} INFO - [2025-02-10T14:00:02.502+0600] {dag.py:3239} INFO - Sync 1 DAGs
[2025-02-10T14:00:02.528+0600] {logging_mixin.py:190} INFO - [2025-02-10T14:00:02.528+0600] {dag.py:4180} INFO - Setting next_dagrun for example_nested_branch_dag to 2025-02-09 00:00:00+00:00, run_after=2025-02-10 00:00:00+00:00
[2025-02-10T14:00:02.552+0600] {processor.py:208} INFO - Processing /home/shamim/airflow_git/Airflow_project/air_venv/lib/python3.12/site-packages/airflow/example_dags/example_nested_branch_dag.py took 0.109 seconds
[2025-02-10T14:02:19.687+0600] {processor.py:186} INFO - Started process (PID=23143) to work on /home/shamim/airflow_git/Airflow_project/air_venv/lib/python3.12/site-packages/airflow/example_dags/example_nested_branch_dag.py
[2025-02-10T14:02:19.692+0600] {processor.py:914} INFO - Processing file /home/shamim/airflow_git/Airflow_project/air_venv/lib/python3.12/site-packages/airflow/example_dags/example_nested_branch_dag.py for tasks to queue
[2025-02-10T14:02:19.698+0600] {logging_mixin.py:190} INFO - [2025-02-10T14:02:19.696+0600] {dagbag.py:588} INFO - Filling up the DagBag from /home/shamim/airflow_git/Airflow_project/air_venv/lib/python3.12/site-packages/airflow/example_dags/example_nested_branch_dag.py
[2025-02-10T14:02:19.726+0600] {processor.py:925} INFO - DAG(s) 'example_nested_branch_dag' retrieved from /home/shamim/airflow_git/Airflow_project/air_venv/lib/python3.12/site-packages/airflow/example_dags/example_nested_branch_dag.py
[2025-02-10T14:02:19.761+0600] {logging_mixin.py:190} INFO - [2025-02-10T14:02:19.760+0600] {dag.py:3239} INFO - Sync 1 DAGs
[2025-02-10T14:02:19.800+0600] {logging_mixin.py:190} INFO - [2025-02-10T14:02:19.800+0600] {dag.py:4180} INFO - Setting next_dagrun for example_nested_branch_dag to 2025-02-09 00:00:00+00:00, run_after=2025-02-10 00:00:00+00:00
[2025-02-10T14:02:19.843+0600] {processor.py:208} INFO - Processing /home/shamim/airflow_git/Airflow_project/air_venv/lib/python3.12/site-packages/airflow/example_dags/example_nested_branch_dag.py took 0.170 seconds
[2025-02-10T14:03:42.435+0600] {processor.py:186} INFO - Started process (PID=23481) to work on /home/shamim/airflow_git/Airflow_project/air_venv/lib/python3.12/site-packages/airflow/example_dags/example_nested_branch_dag.py
[2025-02-10T14:03:42.442+0600] {processor.py:914} INFO - Processing file /home/shamim/airflow_git/Airflow_project/air_venv/lib/python3.12/site-packages/airflow/example_dags/example_nested_branch_dag.py for tasks to queue
[2025-02-10T14:03:42.447+0600] {logging_mixin.py:190} INFO - [2025-02-10T14:03:42.446+0600] {dagbag.py:588} INFO - Filling up the DagBag from /home/shamim/airflow_git/Airflow_project/air_venv/lib/python3.12/site-packages/airflow/example_dags/example_nested_branch_dag.py
[2025-02-10T14:03:42.464+0600] {processor.py:925} INFO - DAG(s) 'example_nested_branch_dag' retrieved from /home/shamim/airflow_git/Airflow_project/air_venv/lib/python3.12/site-packages/airflow/example_dags/example_nested_branch_dag.py
[2025-02-10T14:03:42.486+0600] {logging_mixin.py:190} INFO - [2025-02-10T14:03:42.486+0600] {dag.py:3239} INFO - Sync 1 DAGs
[2025-02-10T14:03:42.514+0600] {logging_mixin.py:190} INFO - [2025-02-10T14:03:42.514+0600] {dag.py:4180} INFO - Setting next_dagrun for example_nested_branch_dag to 2025-02-09 00:00:00+00:00, run_after=2025-02-10 00:00:00+00:00
[2025-02-10T14:03:42.542+0600] {processor.py:208} INFO - Processing /home/shamim/airflow_git/Airflow_project/air_venv/lib/python3.12/site-packages/airflow/example_dags/example_nested_branch_dag.py took 0.114 seconds
[2025-02-10T14:04:57.186+0600] {processor.py:186} INFO - Started process (PID=24097) to work on /home/shamim/airflow_git/Airflow_project/air_venv/lib/python3.12/site-packages/airflow/example_dags/example_nested_branch_dag.py
[2025-02-10T14:04:57.192+0600] {processor.py:914} INFO - Processing file /home/shamim/airflow_git/Airflow_project/air_venv/lib/python3.12/site-packages/airflow/example_dags/example_nested_branch_dag.py for tasks to queue
[2025-02-10T14:04:57.195+0600] {logging_mixin.py:190} INFO - [2025-02-10T14:04:57.194+0600] {dagbag.py:588} INFO - Filling up the DagBag from /home/shamim/airflow_git/Airflow_project/air_venv/lib/python3.12/site-packages/airflow/example_dags/example_nested_branch_dag.py
[2025-02-10T14:04:57.209+0600] {processor.py:925} INFO - DAG(s) 'example_nested_branch_dag' retrieved from /home/shamim/airflow_git/Airflow_project/air_venv/lib/python3.12/site-packages/airflow/example_dags/example_nested_branch_dag.py
[2025-02-10T14:04:57.229+0600] {logging_mixin.py:190} INFO - [2025-02-10T14:04:57.229+0600] {dag.py:3239} INFO - Sync 1 DAGs
[2025-02-10T14:04:57.254+0600] {logging_mixin.py:190} INFO - [2025-02-10T14:04:57.254+0600] {dag.py:4180} INFO - Setting next_dagrun for example_nested_branch_dag to 2025-02-09 00:00:00+00:00, run_after=2025-02-10 00:00:00+00:00
[2025-02-10T14:04:57.287+0600] {processor.py:208} INFO - Processing /home/shamim/airflow_git/Airflow_project/air_venv/lib/python3.12/site-packages/airflow/example_dags/example_nested_branch_dag.py took 0.108 seconds
