[2025-02-10T12:59:08.470+0600] {processor.py:186} INFO - Started process (PID=12669) to work on /home/shamim/airflow_git/Airflow_project/air_venv/lib/python3.12/site-packages/airflow/example_dags/tutorial.py
[2025-02-10T12:59:08.472+0600] {processor.py:914} INFO - Processing file /home/shamim/airflow_git/Airflow_project/air_venv/lib/python3.12/site-packages/airflow/example_dags/tutorial.py for tasks to queue
[2025-02-10T12:59:08.475+0600] {logging_mixin.py:190} INFO - [2025-02-10T12:59:08.474+0600] {dagbag.py:588} INFO - Filling up the DagBag from /home/shamim/airflow_git/Airflow_project/air_venv/lib/python3.12/site-packages/airflow/example_dags/tutorial.py
[2025-02-10T12:59:08.485+0600] {processor.py:925} INFO - DAG(s) 'tutorial' retrieved from /home/shamim/airflow_git/Airflow_project/air_venv/lib/python3.12/site-packages/airflow/example_dags/tutorial.py
[2025-02-10T12:59:08.627+0600] {logging_mixin.py:190} INFO - [2025-02-10T12:59:08.627+0600] {override.py:1930} INFO - Created Permission View: can delete on DAG:tutorial
[2025-02-10T12:59:08.638+0600] {logging_mixin.py:190} INFO - [2025-02-10T12:59:08.638+0600] {override.py:1930} INFO - Created Permission View: can edit on DAG:tutorial
[2025-02-10T12:59:08.646+0600] {logging_mixin.py:190} INFO - [2025-02-10T12:59:08.646+0600] {override.py:1930} INFO - Created Permission View: can read on DAG:tutorial
[2025-02-10T12:59:08.660+0600] {logging_mixin.py:190} INFO - [2025-02-10T12:59:08.659+0600] {override.py:1930} INFO - Created Permission View: can delete on DAG Run:tutorial
[2025-02-10T12:59:08.670+0600] {logging_mixin.py:190} INFO - [2025-02-10T12:59:08.669+0600] {override.py:1930} INFO - Created Permission View: can read on DAG Run:tutorial
[2025-02-10T12:59:08.680+0600] {logging_mixin.py:190} INFO - [2025-02-10T12:59:08.679+0600] {override.py:1930} INFO - Created Permission View: can create on DAG Run:tutorial
[2025-02-10T12:59:08.690+0600] {logging_mixin.py:190} INFO - [2025-02-10T12:59:08.689+0600] {override.py:1930} INFO - Created Permission View: menu access on DAG Run:tutorial
[2025-02-10T12:59:08.690+0600] {logging_mixin.py:190} INFO - [2025-02-10T12:59:08.690+0600] {dag.py:3239} INFO - Sync 1 DAGs
[2025-02-10T12:59:08.711+0600] {logging_mixin.py:190} INFO - [2025-02-10T12:59:08.710+0600] {dag.py:3262} INFO - Creating ORM DAG for tutorial
[2025-02-10T12:59:08.725+0600] {logging_mixin.py:190} INFO - [2025-02-10T12:59:08.725+0600] {dag.py:4180} INFO - Setting next_dagrun for tutorial to 2025-02-09 00:00:00+00:00, run_after=2025-02-10 00:00:00+00:00
[2025-02-10T12:59:08.757+0600] {processor.py:208} INFO - Processing /home/shamim/airflow_git/Airflow_project/air_venv/lib/python3.12/site-packages/airflow/example_dags/tutorial.py took 0.294 seconds
[2025-02-10T13:00:30.924+0600] {processor.py:186} INFO - Started process (PID=13494) to work on /home/shamim/airflow_git/Airflow_project/air_venv/lib/python3.12/site-packages/airflow/example_dags/tutorial.py
[2025-02-10T13:00:30.925+0600] {processor.py:914} INFO - Processing file /home/shamim/airflow_git/Airflow_project/air_venv/lib/python3.12/site-packages/airflow/example_dags/tutorial.py for tasks to queue
[2025-02-10T13:00:30.928+0600] {logging_mixin.py:190} INFO - [2025-02-10T13:00:30.928+0600] {dagbag.py:588} INFO - Filling up the DagBag from /home/shamim/airflow_git/Airflow_project/air_venv/lib/python3.12/site-packages/airflow/example_dags/tutorial.py
[2025-02-10T13:00:30.938+0600] {processor.py:925} INFO - DAG(s) 'tutorial' retrieved from /home/shamim/airflow_git/Airflow_project/air_venv/lib/python3.12/site-packages/airflow/example_dags/tutorial.py
[2025-02-10T13:00:30.956+0600] {logging_mixin.py:190} INFO - [2025-02-10T13:00:30.956+0600] {dag.py:3239} INFO - Sync 1 DAGs
[2025-02-10T13:00:30.981+0600] {logging_mixin.py:190} INFO - [2025-02-10T13:00:30.981+0600] {dag.py:4180} INFO - Setting next_dagrun for tutorial to 2025-02-09 00:00:00+00:00, run_after=2025-02-10 00:00:00+00:00
[2025-02-10T13:00:31.011+0600] {processor.py:208} INFO - Processing /home/shamim/airflow_git/Airflow_project/air_venv/lib/python3.12/site-packages/airflow/example_dags/tutorial.py took 0.095 seconds
[2025-02-10T13:01:17.137+0600] {processor.py:186} INFO - Started process (PID=13583) to work on /home/shamim/airflow_git/Airflow_project/air_venv/lib/python3.12/site-packages/airflow/example_dags/tutorial.py
[2025-02-10T13:01:17.144+0600] {processor.py:914} INFO - Processing file /home/shamim/airflow_git/Airflow_project/air_venv/lib/python3.12/site-packages/airflow/example_dags/tutorial.py for tasks to queue
[2025-02-10T13:01:17.152+0600] {logging_mixin.py:190} INFO - [2025-02-10T13:01:17.150+0600] {dagbag.py:588} INFO - Filling up the DagBag from /home/shamim/airflow_git/Airflow_project/air_venv/lib/python3.12/site-packages/airflow/example_dags/tutorial.py
[2025-02-10T13:01:17.170+0600] {processor.py:925} INFO - DAG(s) 'tutorial' retrieved from /home/shamim/airflow_git/Airflow_project/air_venv/lib/python3.12/site-packages/airflow/example_dags/tutorial.py
[2025-02-10T13:01:17.187+0600] {logging_mixin.py:190} INFO - [2025-02-10T13:01:17.187+0600] {dag.py:3239} INFO - Sync 1 DAGs
[2025-02-10T13:01:17.211+0600] {logging_mixin.py:190} INFO - [2025-02-10T13:01:17.211+0600] {dag.py:4180} INFO - Setting next_dagrun for tutorial to 2025-02-09 00:00:00+00:00, run_after=2025-02-10 00:00:00+00:00
[2025-02-10T13:01:17.237+0600] {processor.py:208} INFO - Processing /home/shamim/airflow_git/Airflow_project/air_venv/lib/python3.12/site-packages/airflow/example_dags/tutorial.py took 0.106 seconds
[2025-02-10T13:02:28.010+0600] {processor.py:186} INFO - Started process (PID=13717) to work on /home/shamim/airflow_git/Airflow_project/air_venv/lib/python3.12/site-packages/airflow/example_dags/tutorial.py
[2025-02-10T13:02:28.012+0600] {processor.py:914} INFO - Processing file /home/shamim/airflow_git/Airflow_project/air_venv/lib/python3.12/site-packages/airflow/example_dags/tutorial.py for tasks to queue
[2025-02-10T13:02:28.015+0600] {logging_mixin.py:190} INFO - [2025-02-10T13:02:28.014+0600] {dagbag.py:588} INFO - Filling up the DagBag from /home/shamim/airflow_git/Airflow_project/air_venv/lib/python3.12/site-packages/airflow/example_dags/tutorial.py
[2025-02-10T13:02:28.025+0600] {processor.py:925} INFO - DAG(s) 'tutorial' retrieved from /home/shamim/airflow_git/Airflow_project/air_venv/lib/python3.12/site-packages/airflow/example_dags/tutorial.py
[2025-02-10T13:02:28.043+0600] {logging_mixin.py:190} INFO - [2025-02-10T13:02:28.043+0600] {dag.py:3239} INFO - Sync 1 DAGs
[2025-02-10T13:02:28.067+0600] {logging_mixin.py:190} INFO - [2025-02-10T13:02:28.067+0600] {dag.py:4180} INFO - Setting next_dagrun for tutorial to 2025-02-09 00:00:00+00:00, run_after=2025-02-10 00:00:00+00:00
[2025-02-10T13:02:28.091+0600] {processor.py:208} INFO - Processing /home/shamim/airflow_git/Airflow_project/air_venv/lib/python3.12/site-packages/airflow/example_dags/tutorial.py took 0.089 seconds
[2025-02-10T13:03:34.358+0600] {processor.py:186} INFO - Started process (PID=13877) to work on /home/shamim/airflow_git/Airflow_project/air_venv/lib/python3.12/site-packages/airflow/example_dags/tutorial.py
[2025-02-10T13:03:34.364+0600] {processor.py:914} INFO - Processing file /home/shamim/airflow_git/Airflow_project/air_venv/lib/python3.12/site-packages/airflow/example_dags/tutorial.py for tasks to queue
[2025-02-10T13:03:34.367+0600] {logging_mixin.py:190} INFO - [2025-02-10T13:03:34.367+0600] {dagbag.py:588} INFO - Filling up the DagBag from /home/shamim/airflow_git/Airflow_project/air_venv/lib/python3.12/site-packages/airflow/example_dags/tutorial.py
[2025-02-10T13:03:34.378+0600] {processor.py:925} INFO - DAG(s) 'tutorial' retrieved from /home/shamim/airflow_git/Airflow_project/air_venv/lib/python3.12/site-packages/airflow/example_dags/tutorial.py
[2025-02-10T13:03:34.399+0600] {logging_mixin.py:190} INFO - [2025-02-10T13:03:34.399+0600] {dag.py:3239} INFO - Sync 1 DAGs
[2025-02-10T13:03:34.431+0600] {logging_mixin.py:190} INFO - [2025-02-10T13:03:34.431+0600] {dag.py:4180} INFO - Setting next_dagrun for tutorial to 2025-02-09 00:00:00+00:00, run_after=2025-02-10 00:00:00+00:00
[2025-02-10T13:03:34.458+0600] {processor.py:208} INFO - Processing /home/shamim/airflow_git/Airflow_project/air_venv/lib/python3.12/site-packages/airflow/example_dags/tutorial.py took 0.113 seconds
[2025-02-10T13:04:40.723+0600] {processor.py:186} INFO - Started process (PID=14021) to work on /home/shamim/airflow_git/Airflow_project/air_venv/lib/python3.12/site-packages/airflow/example_dags/tutorial.py
[2025-02-10T13:04:40.729+0600] {processor.py:914} INFO - Processing file /home/shamim/airflow_git/Airflow_project/air_venv/lib/python3.12/site-packages/airflow/example_dags/tutorial.py for tasks to queue
[2025-02-10T13:04:40.732+0600] {logging_mixin.py:190} INFO - [2025-02-10T13:04:40.732+0600] {dagbag.py:588} INFO - Filling up the DagBag from /home/shamim/airflow_git/Airflow_project/air_venv/lib/python3.12/site-packages/airflow/example_dags/tutorial.py
[2025-02-10T13:04:40.743+0600] {processor.py:925} INFO - DAG(s) 'tutorial' retrieved from /home/shamim/airflow_git/Airflow_project/air_venv/lib/python3.12/site-packages/airflow/example_dags/tutorial.py
[2025-02-10T13:04:40.764+0600] {logging_mixin.py:190} INFO - [2025-02-10T13:04:40.764+0600] {dag.py:3239} INFO - Sync 1 DAGs
[2025-02-10T13:04:40.789+0600] {logging_mixin.py:190} INFO - [2025-02-10T13:04:40.789+0600] {dag.py:4180} INFO - Setting next_dagrun for tutorial to 2025-02-09 00:00:00+00:00, run_after=2025-02-10 00:00:00+00:00
[2025-02-10T13:04:40.818+0600] {processor.py:208} INFO - Processing /home/shamim/airflow_git/Airflow_project/air_venv/lib/python3.12/site-packages/airflow/example_dags/tutorial.py took 0.102 seconds
[2025-02-10T13:05:49.001+0600] {processor.py:186} INFO - Started process (PID=14121) to work on /home/shamim/airflow_git/Airflow_project/air_venv/lib/python3.12/site-packages/airflow/example_dags/tutorial.py
[2025-02-10T13:05:49.008+0600] {processor.py:914} INFO - Processing file /home/shamim/airflow_git/Airflow_project/air_venv/lib/python3.12/site-packages/airflow/example_dags/tutorial.py for tasks to queue
[2025-02-10T13:05:49.012+0600] {logging_mixin.py:190} INFO - [2025-02-10T13:05:49.011+0600] {dagbag.py:588} INFO - Filling up the DagBag from /home/shamim/airflow_git/Airflow_project/air_venv/lib/python3.12/site-packages/airflow/example_dags/tutorial.py
[2025-02-10T13:05:49.025+0600] {processor.py:925} INFO - DAG(s) 'tutorial' retrieved from /home/shamim/airflow_git/Airflow_project/air_venv/lib/python3.12/site-packages/airflow/example_dags/tutorial.py
[2025-02-10T13:05:49.044+0600] {logging_mixin.py:190} INFO - [2025-02-10T13:05:49.044+0600] {dag.py:3239} INFO - Sync 1 DAGs
[2025-02-10T13:05:49.067+0600] {logging_mixin.py:190} INFO - [2025-02-10T13:05:49.067+0600] {dag.py:4180} INFO - Setting next_dagrun for tutorial to 2025-02-09 00:00:00+00:00, run_after=2025-02-10 00:00:00+00:00
[2025-02-10T13:05:49.091+0600] {processor.py:208} INFO - Processing /home/shamim/airflow_git/Airflow_project/air_venv/lib/python3.12/site-packages/airflow/example_dags/tutorial.py took 0.099 seconds
[2025-02-10T13:06:55.418+0600] {processor.py:186} INFO - Started process (PID=14264) to work on /home/shamim/airflow_git/Airflow_project/air_venv/lib/python3.12/site-packages/airflow/example_dags/tutorial.py
[2025-02-10T13:06:55.421+0600] {processor.py:914} INFO - Processing file /home/shamim/airflow_git/Airflow_project/air_venv/lib/python3.12/site-packages/airflow/example_dags/tutorial.py for tasks to queue
[2025-02-10T13:06:55.425+0600] {logging_mixin.py:190} INFO - [2025-02-10T13:06:55.425+0600] {dagbag.py:588} INFO - Filling up the DagBag from /home/shamim/airflow_git/Airflow_project/air_venv/lib/python3.12/site-packages/airflow/example_dags/tutorial.py
[2025-02-10T13:06:55.436+0600] {processor.py:925} INFO - DAG(s) 'tutorial' retrieved from /home/shamim/airflow_git/Airflow_project/air_venv/lib/python3.12/site-packages/airflow/example_dags/tutorial.py
[2025-02-10T13:06:55.458+0600] {logging_mixin.py:190} INFO - [2025-02-10T13:06:55.457+0600] {dag.py:3239} INFO - Sync 1 DAGs
[2025-02-10T13:06:55.483+0600] {logging_mixin.py:190} INFO - [2025-02-10T13:06:55.483+0600] {dag.py:4180} INFO - Setting next_dagrun for tutorial to 2025-02-09 00:00:00+00:00, run_after=2025-02-10 00:00:00+00:00
[2025-02-10T13:06:55.508+0600] {processor.py:208} INFO - Processing /home/shamim/airflow_git/Airflow_project/air_venv/lib/python3.12/site-packages/airflow/example_dags/tutorial.py took 0.097 seconds
[2025-02-10T13:08:10.427+0600] {processor.py:186} INFO - Started process (PID=14481) to work on /home/shamim/airflow_git/Airflow_project/air_venv/lib/python3.12/site-packages/airflow/example_dags/tutorial.py
[2025-02-10T13:08:10.431+0600] {processor.py:914} INFO - Processing file /home/shamim/airflow_git/Airflow_project/air_venv/lib/python3.12/site-packages/airflow/example_dags/tutorial.py for tasks to queue
[2025-02-10T13:08:10.435+0600] {logging_mixin.py:190} INFO - [2025-02-10T13:08:10.435+0600] {dagbag.py:588} INFO - Filling up the DagBag from /home/shamim/airflow_git/Airflow_project/air_venv/lib/python3.12/site-packages/airflow/example_dags/tutorial.py
[2025-02-10T13:08:10.451+0600] {processor.py:925} INFO - DAG(s) 'tutorial' retrieved from /home/shamim/airflow_git/Airflow_project/air_venv/lib/python3.12/site-packages/airflow/example_dags/tutorial.py
[2025-02-10T13:08:10.475+0600] {logging_mixin.py:190} INFO - [2025-02-10T13:08:10.475+0600] {dag.py:3239} INFO - Sync 1 DAGs
[2025-02-10T13:08:10.501+0600] {logging_mixin.py:190} INFO - [2025-02-10T13:08:10.501+0600] {dag.py:4180} INFO - Setting next_dagrun for tutorial to 2025-02-09 00:00:00+00:00, run_after=2025-02-10 00:00:00+00:00
[2025-02-10T13:08:10.527+0600] {processor.py:208} INFO - Processing /home/shamim/airflow_git/Airflow_project/air_venv/lib/python3.12/site-packages/airflow/example_dags/tutorial.py took 0.113 seconds
[2025-02-10T13:09:20.445+0600] {processor.py:186} INFO - Started process (PID=14741) to work on /home/shamim/airflow_git/Airflow_project/air_venv/lib/python3.12/site-packages/airflow/example_dags/tutorial.py
[2025-02-10T13:09:20.448+0600] {processor.py:914} INFO - Processing file /home/shamim/airflow_git/Airflow_project/air_venv/lib/python3.12/site-packages/airflow/example_dags/tutorial.py for tasks to queue
[2025-02-10T13:09:20.452+0600] {logging_mixin.py:190} INFO - [2025-02-10T13:09:20.451+0600] {dagbag.py:588} INFO - Filling up the DagBag from /home/shamim/airflow_git/Airflow_project/air_venv/lib/python3.12/site-packages/airflow/example_dags/tutorial.py
[2025-02-10T13:09:20.464+0600] {processor.py:925} INFO - DAG(s) 'tutorial' retrieved from /home/shamim/airflow_git/Airflow_project/air_venv/lib/python3.12/site-packages/airflow/example_dags/tutorial.py
[2025-02-10T13:09:20.491+0600] {logging_mixin.py:190} INFO - [2025-02-10T13:09:20.490+0600] {dag.py:3239} INFO - Sync 1 DAGs
[2025-02-10T13:09:20.524+0600] {logging_mixin.py:190} INFO - [2025-02-10T13:09:20.523+0600] {dag.py:4180} INFO - Setting next_dagrun for tutorial to 2025-02-09 00:00:00+00:00, run_after=2025-02-10 00:00:00+00:00
[2025-02-10T13:09:20.555+0600] {processor.py:208} INFO - Processing /home/shamim/airflow_git/Airflow_project/air_venv/lib/python3.12/site-packages/airflow/example_dags/tutorial.py took 0.121 seconds
[2025-02-10T13:10:29.869+0600] {processor.py:186} INFO - Started process (PID=14851) to work on /home/shamim/airflow_git/Airflow_project/air_venv/lib/python3.12/site-packages/airflow/example_dags/tutorial.py
[2025-02-10T13:10:29.875+0600] {processor.py:914} INFO - Processing file /home/shamim/airflow_git/Airflow_project/air_venv/lib/python3.12/site-packages/airflow/example_dags/tutorial.py for tasks to queue
[2025-02-10T13:10:29.878+0600] {logging_mixin.py:190} INFO - [2025-02-10T13:10:29.878+0600] {dagbag.py:588} INFO - Filling up the DagBag from /home/shamim/airflow_git/Airflow_project/air_venv/lib/python3.12/site-packages/airflow/example_dags/tutorial.py
[2025-02-10T13:10:29.889+0600] {processor.py:925} INFO - DAG(s) 'tutorial' retrieved from /home/shamim/airflow_git/Airflow_project/air_venv/lib/python3.12/site-packages/airflow/example_dags/tutorial.py
[2025-02-10T13:10:29.909+0600] {logging_mixin.py:190} INFO - [2025-02-10T13:10:29.909+0600] {dag.py:3239} INFO - Sync 1 DAGs
[2025-02-10T13:10:29.938+0600] {logging_mixin.py:190} INFO - [2025-02-10T13:10:29.938+0600] {dag.py:4180} INFO - Setting next_dagrun for tutorial to 2025-02-09 00:00:00+00:00, run_after=2025-02-10 00:00:00+00:00
[2025-02-10T13:10:29.963+0600] {processor.py:208} INFO - Processing /home/shamim/airflow_git/Airflow_project/air_venv/lib/python3.12/site-packages/airflow/example_dags/tutorial.py took 0.105 seconds
[2025-02-10T13:11:45.003+0600] {processor.py:186} INFO - Started process (PID=14947) to work on /home/shamim/airflow_git/Airflow_project/air_venv/lib/python3.12/site-packages/airflow/example_dags/tutorial.py
[2025-02-10T13:11:45.007+0600] {processor.py:914} INFO - Processing file /home/shamim/airflow_git/Airflow_project/air_venv/lib/python3.12/site-packages/airflow/example_dags/tutorial.py for tasks to queue
[2025-02-10T13:11:45.015+0600] {logging_mixin.py:190} INFO - [2025-02-10T13:11:45.015+0600] {dagbag.py:588} INFO - Filling up the DagBag from /home/shamim/airflow_git/Airflow_project/air_venv/lib/python3.12/site-packages/airflow/example_dags/tutorial.py
[2025-02-10T13:11:45.053+0600] {processor.py:925} INFO - DAG(s) 'tutorial' retrieved from /home/shamim/airflow_git/Airflow_project/air_venv/lib/python3.12/site-packages/airflow/example_dags/tutorial.py
[2025-02-10T13:11:45.090+0600] {logging_mixin.py:190} INFO - [2025-02-10T13:11:45.090+0600] {dag.py:3239} INFO - Sync 1 DAGs
[2025-02-10T13:11:45.142+0600] {logging_mixin.py:190} INFO - [2025-02-10T13:11:45.141+0600] {dag.py:4180} INFO - Setting next_dagrun for tutorial to 2025-02-09 00:00:00+00:00, run_after=2025-02-10 00:00:00+00:00
[2025-02-10T13:11:45.188+0600] {processor.py:208} INFO - Processing /home/shamim/airflow_git/Airflow_project/air_venv/lib/python3.12/site-packages/airflow/example_dags/tutorial.py took 0.231 seconds
[2025-02-10T13:12:59.192+0600] {processor.py:186} INFO - Started process (PID=15048) to work on /home/shamim/airflow_git/Airflow_project/air_venv/lib/python3.12/site-packages/airflow/example_dags/tutorial.py
[2025-02-10T13:12:59.194+0600] {processor.py:914} INFO - Processing file /home/shamim/airflow_git/Airflow_project/air_venv/lib/python3.12/site-packages/airflow/example_dags/tutorial.py for tasks to queue
[2025-02-10T13:12:59.206+0600] {logging_mixin.py:190} INFO - [2025-02-10T13:12:59.199+0600] {dagbag.py:588} INFO - Filling up the DagBag from /home/shamim/airflow_git/Airflow_project/air_venv/lib/python3.12/site-packages/airflow/example_dags/tutorial.py
[2025-02-10T13:12:59.233+0600] {processor.py:925} INFO - DAG(s) 'tutorial' retrieved from /home/shamim/airflow_git/Airflow_project/air_venv/lib/python3.12/site-packages/airflow/example_dags/tutorial.py
[2025-02-10T13:12:59.322+0600] {logging_mixin.py:190} INFO - [2025-02-10T13:12:59.322+0600] {dag.py:3239} INFO - Sync 1 DAGs
[2025-02-10T13:12:59.400+0600] {logging_mixin.py:190} INFO - [2025-02-10T13:12:59.400+0600] {dag.py:4180} INFO - Setting next_dagrun for tutorial to 2025-02-09 00:00:00+00:00, run_after=2025-02-10 00:00:00+00:00
[2025-02-10T13:12:59.459+0600] {processor.py:208} INFO - Processing /home/shamim/airflow_git/Airflow_project/air_venv/lib/python3.12/site-packages/airflow/example_dags/tutorial.py took 0.300 seconds
[2025-02-10T13:14:13.551+0600] {processor.py:186} INFO - Started process (PID=15186) to work on /home/shamim/airflow_git/Airflow_project/air_venv/lib/python3.12/site-packages/airflow/example_dags/tutorial.py
[2025-02-10T13:14:13.555+0600] {processor.py:914} INFO - Processing file /home/shamim/airflow_git/Airflow_project/air_venv/lib/python3.12/site-packages/airflow/example_dags/tutorial.py for tasks to queue
[2025-02-10T13:14:13.559+0600] {logging_mixin.py:190} INFO - [2025-02-10T13:14:13.559+0600] {dagbag.py:588} INFO - Filling up the DagBag from /home/shamim/airflow_git/Airflow_project/air_venv/lib/python3.12/site-packages/airflow/example_dags/tutorial.py
[2025-02-10T13:14:13.574+0600] {processor.py:925} INFO - DAG(s) 'tutorial' retrieved from /home/shamim/airflow_git/Airflow_project/air_venv/lib/python3.12/site-packages/airflow/example_dags/tutorial.py
[2025-02-10T13:14:13.596+0600] {logging_mixin.py:190} INFO - [2025-02-10T13:14:13.596+0600] {dag.py:3239} INFO - Sync 1 DAGs
[2025-02-10T13:14:13.625+0600] {logging_mixin.py:190} INFO - [2025-02-10T13:14:13.625+0600] {dag.py:4180} INFO - Setting next_dagrun for tutorial to 2025-02-09 00:00:00+00:00, run_after=2025-02-10 00:00:00+00:00
[2025-02-10T13:14:13.666+0600] {processor.py:208} INFO - Processing /home/shamim/airflow_git/Airflow_project/air_venv/lib/python3.12/site-packages/airflow/example_dags/tutorial.py took 0.131 seconds
[2025-02-10T13:15:22.686+0600] {processor.py:186} INFO - Started process (PID=15279) to work on /home/shamim/airflow_git/Airflow_project/air_venv/lib/python3.12/site-packages/airflow/example_dags/tutorial.py
[2025-02-10T13:15:22.693+0600] {processor.py:914} INFO - Processing file /home/shamim/airflow_git/Airflow_project/air_venv/lib/python3.12/site-packages/airflow/example_dags/tutorial.py for tasks to queue
[2025-02-10T13:15:22.696+0600] {logging_mixin.py:190} INFO - [2025-02-10T13:15:22.696+0600] {dagbag.py:588} INFO - Filling up the DagBag from /home/shamim/airflow_git/Airflow_project/air_venv/lib/python3.12/site-packages/airflow/example_dags/tutorial.py
[2025-02-10T13:15:22.708+0600] {processor.py:925} INFO - DAG(s) 'tutorial' retrieved from /home/shamim/airflow_git/Airflow_project/air_venv/lib/python3.12/site-packages/airflow/example_dags/tutorial.py
[2025-02-10T13:15:22.725+0600] {logging_mixin.py:190} INFO - [2025-02-10T13:15:22.725+0600] {dag.py:3239} INFO - Sync 1 DAGs
[2025-02-10T13:15:22.750+0600] {logging_mixin.py:190} INFO - [2025-02-10T13:15:22.749+0600] {dag.py:4180} INFO - Setting next_dagrun for tutorial to 2025-02-09 00:00:00+00:00, run_after=2025-02-10 00:00:00+00:00
[2025-02-10T13:15:22.778+0600] {processor.py:208} INFO - Processing /home/shamim/airflow_git/Airflow_project/air_venv/lib/python3.12/site-packages/airflow/example_dags/tutorial.py took 0.103 seconds
[2025-02-10T13:16:29.839+0600] {processor.py:186} INFO - Started process (PID=15371) to work on /home/shamim/airflow_git/Airflow_project/air_venv/lib/python3.12/site-packages/airflow/example_dags/tutorial.py
[2025-02-10T13:16:29.842+0600] {processor.py:914} INFO - Processing file /home/shamim/airflow_git/Airflow_project/air_venv/lib/python3.12/site-packages/airflow/example_dags/tutorial.py for tasks to queue
[2025-02-10T13:16:29.847+0600] {logging_mixin.py:190} INFO - [2025-02-10T13:16:29.846+0600] {dagbag.py:588} INFO - Filling up the DagBag from /home/shamim/airflow_git/Airflow_project/air_venv/lib/python3.12/site-packages/airflow/example_dags/tutorial.py
[2025-02-10T13:16:29.857+0600] {processor.py:925} INFO - DAG(s) 'tutorial' retrieved from /home/shamim/airflow_git/Airflow_project/air_venv/lib/python3.12/site-packages/airflow/example_dags/tutorial.py
[2025-02-10T13:16:29.875+0600] {logging_mixin.py:190} INFO - [2025-02-10T13:16:29.875+0600] {dag.py:3239} INFO - Sync 1 DAGs
[2025-02-10T13:16:29.899+0600] {logging_mixin.py:190} INFO - [2025-02-10T13:16:29.899+0600] {dag.py:4180} INFO - Setting next_dagrun for tutorial to 2025-02-09 00:00:00+00:00, run_after=2025-02-10 00:00:00+00:00
[2025-02-10T13:16:29.923+0600] {processor.py:208} INFO - Processing /home/shamim/airflow_git/Airflow_project/air_venv/lib/python3.12/site-packages/airflow/example_dags/tutorial.py took 0.097 seconds
[2025-02-10T13:17:39.398+0600] {processor.py:186} INFO - Started process (PID=15466) to work on /home/shamim/airflow_git/Airflow_project/air_venv/lib/python3.12/site-packages/airflow/example_dags/tutorial.py
[2025-02-10T13:17:39.405+0600] {processor.py:914} INFO - Processing file /home/shamim/airflow_git/Airflow_project/air_venv/lib/python3.12/site-packages/airflow/example_dags/tutorial.py for tasks to queue
[2025-02-10T13:17:39.411+0600] {logging_mixin.py:190} INFO - [2025-02-10T13:17:39.410+0600] {dagbag.py:588} INFO - Filling up the DagBag from /home/shamim/airflow_git/Airflow_project/air_venv/lib/python3.12/site-packages/airflow/example_dags/tutorial.py
[2025-02-10T13:17:39.424+0600] {processor.py:925} INFO - DAG(s) 'tutorial' retrieved from /home/shamim/airflow_git/Airflow_project/air_venv/lib/python3.12/site-packages/airflow/example_dags/tutorial.py
[2025-02-10T13:17:39.443+0600] {logging_mixin.py:190} INFO - [2025-02-10T13:17:39.443+0600] {dag.py:3239} INFO - Sync 1 DAGs
[2025-02-10T13:17:39.473+0600] {logging_mixin.py:190} INFO - [2025-02-10T13:17:39.473+0600] {dag.py:4180} INFO - Setting next_dagrun for tutorial to 2025-02-09 00:00:00+00:00, run_after=2025-02-10 00:00:00+00:00
[2025-02-10T13:17:39.501+0600] {processor.py:208} INFO - Processing /home/shamim/airflow_git/Airflow_project/air_venv/lib/python3.12/site-packages/airflow/example_dags/tutorial.py took 0.117 seconds
[2025-02-10T13:18:59.321+0600] {processor.py:186} INFO - Started process (PID=15865) to work on /home/shamim/airflow_git/Airflow_project/air_venv/lib/python3.12/site-packages/airflow/example_dags/tutorial.py
[2025-02-10T13:18:59.328+0600] {processor.py:914} INFO - Processing file /home/shamim/airflow_git/Airflow_project/air_venv/lib/python3.12/site-packages/airflow/example_dags/tutorial.py for tasks to queue
[2025-02-10T13:18:59.330+0600] {logging_mixin.py:190} INFO - [2025-02-10T13:18:59.329+0600] {dagbag.py:588} INFO - Filling up the DagBag from /home/shamim/airflow_git/Airflow_project/air_venv/lib/python3.12/site-packages/airflow/example_dags/tutorial.py
[2025-02-10T13:18:59.342+0600] {processor.py:925} INFO - DAG(s) 'tutorial' retrieved from /home/shamim/airflow_git/Airflow_project/air_venv/lib/python3.12/site-packages/airflow/example_dags/tutorial.py
[2025-02-10T13:18:59.360+0600] {logging_mixin.py:190} INFO - [2025-02-10T13:18:59.360+0600] {dag.py:3239} INFO - Sync 1 DAGs
[2025-02-10T13:18:59.386+0600] {logging_mixin.py:190} INFO - [2025-02-10T13:18:59.386+0600] {dag.py:4180} INFO - Setting next_dagrun for tutorial to 2025-02-09 00:00:00+00:00, run_after=2025-02-10 00:00:00+00:00
[2025-02-10T13:18:59.413+0600] {processor.py:208} INFO - Processing /home/shamim/airflow_git/Airflow_project/air_venv/lib/python3.12/site-packages/airflow/example_dags/tutorial.py took 0.103 seconds
[2025-02-10T13:20:13.307+0600] {processor.py:186} INFO - Started process (PID=16439) to work on /home/shamim/airflow_git/Airflow_project/air_venv/lib/python3.12/site-packages/airflow/example_dags/tutorial.py
[2025-02-10T13:20:13.312+0600] {processor.py:914} INFO - Processing file /home/shamim/airflow_git/Airflow_project/air_venv/lib/python3.12/site-packages/airflow/example_dags/tutorial.py for tasks to queue
[2025-02-10T13:20:13.315+0600] {logging_mixin.py:190} INFO - [2025-02-10T13:20:13.314+0600] {dagbag.py:588} INFO - Filling up the DagBag from /home/shamim/airflow_git/Airflow_project/air_venv/lib/python3.12/site-packages/airflow/example_dags/tutorial.py
[2025-02-10T13:20:13.328+0600] {processor.py:925} INFO - DAG(s) 'tutorial' retrieved from /home/shamim/airflow_git/Airflow_project/air_venv/lib/python3.12/site-packages/airflow/example_dags/tutorial.py
[2025-02-10T13:20:13.348+0600] {logging_mixin.py:190} INFO - [2025-02-10T13:20:13.348+0600] {dag.py:3239} INFO - Sync 1 DAGs
[2025-02-10T13:20:13.374+0600] {logging_mixin.py:190} INFO - [2025-02-10T13:20:13.374+0600] {dag.py:4180} INFO - Setting next_dagrun for tutorial to 2025-02-09 00:00:00+00:00, run_after=2025-02-10 00:00:00+00:00
[2025-02-10T13:20:13.405+0600] {processor.py:208} INFO - Processing /home/shamim/airflow_git/Airflow_project/air_venv/lib/python3.12/site-packages/airflow/example_dags/tutorial.py took 0.145 seconds
[2025-02-10T13:21:26.760+0600] {processor.py:186} INFO - Started process (PID=16995) to work on /home/shamim/airflow_git/Airflow_project/air_venv/lib/python3.12/site-packages/airflow/example_dags/tutorial.py
[2025-02-10T13:21:26.762+0600] {processor.py:914} INFO - Processing file /home/shamim/airflow_git/Airflow_project/air_venv/lib/python3.12/site-packages/airflow/example_dags/tutorial.py for tasks to queue
[2025-02-10T13:21:26.766+0600] {logging_mixin.py:190} INFO - [2025-02-10T13:21:26.765+0600] {dagbag.py:588} INFO - Filling up the DagBag from /home/shamim/airflow_git/Airflow_project/air_venv/lib/python3.12/site-packages/airflow/example_dags/tutorial.py
[2025-02-10T13:21:26.780+0600] {processor.py:925} INFO - DAG(s) 'tutorial' retrieved from /home/shamim/airflow_git/Airflow_project/air_venv/lib/python3.12/site-packages/airflow/example_dags/tutorial.py
[2025-02-10T13:21:26.803+0600] {logging_mixin.py:190} INFO - [2025-02-10T13:21:26.802+0600] {dag.py:3239} INFO - Sync 1 DAGs
[2025-02-10T13:21:26.828+0600] {logging_mixin.py:190} INFO - [2025-02-10T13:21:26.827+0600] {dag.py:4180} INFO - Setting next_dagrun for tutorial to 2025-02-09 00:00:00+00:00, run_after=2025-02-10 00:00:00+00:00
[2025-02-10T13:21:26.855+0600] {processor.py:208} INFO - Processing /home/shamim/airflow_git/Airflow_project/air_venv/lib/python3.12/site-packages/airflow/example_dags/tutorial.py took 0.128 seconds
[2025-02-10T13:22:44.154+0600] {processor.py:186} INFO - Started process (PID=17371) to work on /home/shamim/airflow_git/Airflow_project/air_venv/lib/python3.12/site-packages/airflow/example_dags/tutorial.py
[2025-02-10T13:22:44.161+0600] {processor.py:914} INFO - Processing file /home/shamim/airflow_git/Airflow_project/air_venv/lib/python3.12/site-packages/airflow/example_dags/tutorial.py for tasks to queue
[2025-02-10T13:22:44.163+0600] {logging_mixin.py:190} INFO - [2025-02-10T13:22:44.162+0600] {dagbag.py:588} INFO - Filling up the DagBag from /home/shamim/airflow_git/Airflow_project/air_venv/lib/python3.12/site-packages/airflow/example_dags/tutorial.py
[2025-02-10T13:22:44.178+0600] {processor.py:925} INFO - DAG(s) 'tutorial' retrieved from /home/shamim/airflow_git/Airflow_project/air_venv/lib/python3.12/site-packages/airflow/example_dags/tutorial.py
[2025-02-10T13:22:44.202+0600] {logging_mixin.py:190} INFO - [2025-02-10T13:22:44.202+0600] {dag.py:3239} INFO - Sync 1 DAGs
[2025-02-10T13:22:44.234+0600] {logging_mixin.py:190} INFO - [2025-02-10T13:22:44.234+0600] {dag.py:4180} INFO - Setting next_dagrun for tutorial to 2025-02-09 00:00:00+00:00, run_after=2025-02-10 00:00:00+00:00
[2025-02-10T13:22:44.268+0600] {processor.py:208} INFO - Processing /home/shamim/airflow_git/Airflow_project/air_venv/lib/python3.12/site-packages/airflow/example_dags/tutorial.py took 0.126 seconds
[2025-02-10T13:24:00.041+0600] {processor.py:186} INFO - Started process (PID=17524) to work on /home/shamim/airflow_git/Airflow_project/air_venv/lib/python3.12/site-packages/airflow/example_dags/tutorial.py
[2025-02-10T13:24:00.048+0600] {processor.py:914} INFO - Processing file /home/shamim/airflow_git/Airflow_project/air_venv/lib/python3.12/site-packages/airflow/example_dags/tutorial.py for tasks to queue
[2025-02-10T13:24:00.050+0600] {logging_mixin.py:190} INFO - [2025-02-10T13:24:00.049+0600] {dagbag.py:588} INFO - Filling up the DagBag from /home/shamim/airflow_git/Airflow_project/air_venv/lib/python3.12/site-packages/airflow/example_dags/tutorial.py
[2025-02-10T13:24:00.062+0600] {processor.py:925} INFO - DAG(s) 'tutorial' retrieved from /home/shamim/airflow_git/Airflow_project/air_venv/lib/python3.12/site-packages/airflow/example_dags/tutorial.py
[2025-02-10T13:24:00.081+0600] {logging_mixin.py:190} INFO - [2025-02-10T13:24:00.080+0600] {dag.py:3239} INFO - Sync 1 DAGs
[2025-02-10T13:24:00.104+0600] {logging_mixin.py:190} INFO - [2025-02-10T13:24:00.104+0600] {dag.py:4180} INFO - Setting next_dagrun for tutorial to 2025-02-09 00:00:00+00:00, run_after=2025-02-10 00:00:00+00:00
[2025-02-10T13:24:00.131+0600] {processor.py:208} INFO - Processing /home/shamim/airflow_git/Airflow_project/air_venv/lib/python3.12/site-packages/airflow/example_dags/tutorial.py took 0.101 seconds
[2025-02-10T13:25:10.841+0600] {processor.py:186} INFO - Started process (PID=17726) to work on /home/shamim/airflow_git/Airflow_project/air_venv/lib/python3.12/site-packages/airflow/example_dags/tutorial.py
[2025-02-10T13:25:10.849+0600] {processor.py:914} INFO - Processing file /home/shamim/airflow_git/Airflow_project/air_venv/lib/python3.12/site-packages/airflow/example_dags/tutorial.py for tasks to queue
[2025-02-10T13:25:10.854+0600] {logging_mixin.py:190} INFO - [2025-02-10T13:25:10.852+0600] {dagbag.py:588} INFO - Filling up the DagBag from /home/shamim/airflow_git/Airflow_project/air_venv/lib/python3.12/site-packages/airflow/example_dags/tutorial.py
[2025-02-10T13:25:10.875+0600] {processor.py:925} INFO - DAG(s) 'tutorial' retrieved from /home/shamim/airflow_git/Airflow_project/air_venv/lib/python3.12/site-packages/airflow/example_dags/tutorial.py
[2025-02-10T13:25:10.895+0600] {logging_mixin.py:190} INFO - [2025-02-10T13:25:10.895+0600] {dag.py:3239} INFO - Sync 1 DAGs
[2025-02-10T13:25:10.919+0600] {logging_mixin.py:190} INFO - [2025-02-10T13:25:10.919+0600] {dag.py:4180} INFO - Setting next_dagrun for tutorial to 2025-02-09 00:00:00+00:00, run_after=2025-02-10 00:00:00+00:00
[2025-02-10T13:25:10.955+0600] {processor.py:208} INFO - Processing /home/shamim/airflow_git/Airflow_project/air_venv/lib/python3.12/site-packages/airflow/example_dags/tutorial.py took 0.143 seconds
[2025-02-10T13:26:31.206+0600] {processor.py:186} INFO - Started process (PID=17839) to work on /home/shamim/airflow_git/Airflow_project/air_venv/lib/python3.12/site-packages/airflow/example_dags/tutorial.py
[2025-02-10T13:26:31.207+0600] {processor.py:914} INFO - Processing file /home/shamim/airflow_git/Airflow_project/air_venv/lib/python3.12/site-packages/airflow/example_dags/tutorial.py for tasks to queue
[2025-02-10T13:26:31.208+0600] {logging_mixin.py:190} INFO - [2025-02-10T13:26:31.208+0600] {dagbag.py:588} INFO - Filling up the DagBag from /home/shamim/airflow_git/Airflow_project/air_venv/lib/python3.12/site-packages/airflow/example_dags/tutorial.py
[2025-02-10T13:26:31.219+0600] {processor.py:925} INFO - DAG(s) 'tutorial' retrieved from /home/shamim/airflow_git/Airflow_project/air_venv/lib/python3.12/site-packages/airflow/example_dags/tutorial.py
[2025-02-10T13:26:31.237+0600] {logging_mixin.py:190} INFO - [2025-02-10T13:26:31.237+0600] {dag.py:3239} INFO - Sync 1 DAGs
[2025-02-10T13:26:31.261+0600] {logging_mixin.py:190} INFO - [2025-02-10T13:26:31.261+0600] {dag.py:4180} INFO - Setting next_dagrun for tutorial to 2025-02-09 00:00:00+00:00, run_after=2025-02-10 00:00:00+00:00
[2025-02-10T13:26:31.301+0600] {processor.py:208} INFO - Processing /home/shamim/airflow_git/Airflow_project/air_venv/lib/python3.12/site-packages/airflow/example_dags/tutorial.py took 0.105 seconds
[2025-02-10T13:27:48.465+0600] {processor.py:186} INFO - Started process (PID=18031) to work on /home/shamim/airflow_git/Airflow_project/air_venv/lib/python3.12/site-packages/airflow/example_dags/tutorial.py
[2025-02-10T13:27:48.489+0600] {processor.py:914} INFO - Processing file /home/shamim/airflow_git/Airflow_project/air_venv/lib/python3.12/site-packages/airflow/example_dags/tutorial.py for tasks to queue
[2025-02-10T13:27:48.491+0600] {logging_mixin.py:190} INFO - [2025-02-10T13:27:48.490+0600] {dagbag.py:588} INFO - Filling up the DagBag from /home/shamim/airflow_git/Airflow_project/air_venv/lib/python3.12/site-packages/airflow/example_dags/tutorial.py
[2025-02-10T13:27:48.505+0600] {processor.py:925} INFO - DAG(s) 'tutorial' retrieved from /home/shamim/airflow_git/Airflow_project/air_venv/lib/python3.12/site-packages/airflow/example_dags/tutorial.py
[2025-02-10T13:27:48.527+0600] {logging_mixin.py:190} INFO - [2025-02-10T13:27:48.527+0600] {dag.py:3239} INFO - Sync 1 DAGs
[2025-02-10T13:27:48.560+0600] {logging_mixin.py:190} INFO - [2025-02-10T13:27:48.560+0600] {dag.py:4180} INFO - Setting next_dagrun for tutorial to 2025-02-09 00:00:00+00:00, run_after=2025-02-10 00:00:00+00:00
[2025-02-10T13:27:48.592+0600] {processor.py:208} INFO - Processing /home/shamim/airflow_git/Airflow_project/air_venv/lib/python3.12/site-packages/airflow/example_dags/tutorial.py took 0.139 seconds
[2025-02-10T13:28:33.711+0600] {processor.py:186} INFO - Started process (PID=18410) to work on /home/shamim/airflow_git/Airflow_project/air_venv/lib/python3.12/site-packages/airflow/example_dags/tutorial.py
[2025-02-10T13:28:33.718+0600] {processor.py:914} INFO - Processing file /home/shamim/airflow_git/Airflow_project/air_venv/lib/python3.12/site-packages/airflow/example_dags/tutorial.py for tasks to queue
[2025-02-10T13:28:33.720+0600] {logging_mixin.py:190} INFO - [2025-02-10T13:28:33.719+0600] {dagbag.py:588} INFO - Filling up the DagBag from /home/shamim/airflow_git/Airflow_project/air_venv/lib/python3.12/site-packages/airflow/example_dags/tutorial.py
[2025-02-10T13:28:33.732+0600] {processor.py:925} INFO - DAG(s) 'tutorial' retrieved from /home/shamim/airflow_git/Airflow_project/air_venv/lib/python3.12/site-packages/airflow/example_dags/tutorial.py
[2025-02-10T13:28:33.750+0600] {logging_mixin.py:190} INFO - [2025-02-10T13:28:33.749+0600] {dag.py:3239} INFO - Sync 1 DAGs
[2025-02-10T13:28:33.773+0600] {logging_mixin.py:190} INFO - [2025-02-10T13:28:33.773+0600] {dag.py:4180} INFO - Setting next_dagrun for tutorial to 2025-02-09 00:00:00+00:00, run_after=2025-02-10 00:00:00+00:00
[2025-02-10T13:28:33.966+0600] {processor.py:208} INFO - Processing /home/shamim/airflow_git/Airflow_project/air_venv/lib/python3.12/site-packages/airflow/example_dags/tutorial.py took 0.276 seconds
[2025-02-10T13:29:17.819+0600] {processor.py:186} INFO - Started process (PID=18715) to work on /home/shamim/airflow_git/Airflow_project/air_venv/lib/python3.12/site-packages/airflow/example_dags/tutorial.py
[2025-02-10T13:29:17.825+0600] {processor.py:914} INFO - Processing file /home/shamim/airflow_git/Airflow_project/air_venv/lib/python3.12/site-packages/airflow/example_dags/tutorial.py for tasks to queue
[2025-02-10T13:29:17.826+0600] {logging_mixin.py:190} INFO - [2025-02-10T13:29:17.826+0600] {dagbag.py:588} INFO - Filling up the DagBag from /home/shamim/airflow_git/Airflow_project/air_venv/lib/python3.12/site-packages/airflow/example_dags/tutorial.py
[2025-02-10T13:29:17.838+0600] {processor.py:925} INFO - DAG(s) 'tutorial' retrieved from /home/shamim/airflow_git/Airflow_project/air_venv/lib/python3.12/site-packages/airflow/example_dags/tutorial.py
[2025-02-10T13:29:17.857+0600] {logging_mixin.py:190} INFO - [2025-02-10T13:29:17.856+0600] {dag.py:3239} INFO - Sync 1 DAGs
[2025-02-10T13:29:17.882+0600] {logging_mixin.py:190} INFO - [2025-02-10T13:29:17.882+0600] {dag.py:4180} INFO - Setting next_dagrun for tutorial to 2025-02-09 00:00:00+00:00, run_after=2025-02-10 00:00:00+00:00
[2025-02-10T13:29:17.920+0600] {processor.py:208} INFO - Processing /home/shamim/airflow_git/Airflow_project/air_venv/lib/python3.12/site-packages/airflow/example_dags/tutorial.py took 0.112 seconds
[2025-02-10T13:30:39.864+0600] {processor.py:186} INFO - Started process (PID=18837) to work on /home/shamim/airflow_git/Airflow_project/air_venv/lib/python3.12/site-packages/airflow/example_dags/tutorial.py
[2025-02-10T13:30:39.871+0600] {processor.py:914} INFO - Processing file /home/shamim/airflow_git/Airflow_project/air_venv/lib/python3.12/site-packages/airflow/example_dags/tutorial.py for tasks to queue
[2025-02-10T13:30:39.873+0600] {logging_mixin.py:190} INFO - [2025-02-10T13:30:39.872+0600] {dagbag.py:588} INFO - Filling up the DagBag from /home/shamim/airflow_git/Airflow_project/air_venv/lib/python3.12/site-packages/airflow/example_dags/tutorial.py
[2025-02-10T13:30:39.884+0600] {processor.py:925} INFO - DAG(s) 'tutorial' retrieved from /home/shamim/airflow_git/Airflow_project/air_venv/lib/python3.12/site-packages/airflow/example_dags/tutorial.py
[2025-02-10T13:30:39.902+0600] {logging_mixin.py:190} INFO - [2025-02-10T13:30:39.902+0600] {dag.py:3239} INFO - Sync 1 DAGs
[2025-02-10T13:30:39.926+0600] {logging_mixin.py:190} INFO - [2025-02-10T13:30:39.925+0600] {dag.py:4180} INFO - Setting next_dagrun for tutorial to 2025-02-09 00:00:00+00:00, run_after=2025-02-10 00:00:00+00:00
[2025-02-10T13:30:39.960+0600] {processor.py:208} INFO - Processing /home/shamim/airflow_git/Airflow_project/air_venv/lib/python3.12/site-packages/airflow/example_dags/tutorial.py took 0.106 seconds
[2025-02-10T13:31:54.944+0600] {processor.py:186} INFO - Started process (PID=18949) to work on /home/shamim/airflow_git/Airflow_project/air_venv/lib/python3.12/site-packages/airflow/example_dags/tutorial.py
[2025-02-10T13:31:54.946+0600] {processor.py:914} INFO - Processing file /home/shamim/airflow_git/Airflow_project/air_venv/lib/python3.12/site-packages/airflow/example_dags/tutorial.py for tasks to queue
[2025-02-10T13:31:54.947+0600] {logging_mixin.py:190} INFO - [2025-02-10T13:31:54.947+0600] {dagbag.py:588} INFO - Filling up the DagBag from /home/shamim/airflow_git/Airflow_project/air_venv/lib/python3.12/site-packages/airflow/example_dags/tutorial.py
[2025-02-10T13:31:54.958+0600] {processor.py:925} INFO - DAG(s) 'tutorial' retrieved from /home/shamim/airflow_git/Airflow_project/air_venv/lib/python3.12/site-packages/airflow/example_dags/tutorial.py
[2025-02-10T13:31:54.977+0600] {logging_mixin.py:190} INFO - [2025-02-10T13:31:54.976+0600] {dag.py:3239} INFO - Sync 1 DAGs
[2025-02-10T13:31:55.000+0600] {logging_mixin.py:190} INFO - [2025-02-10T13:31:55.000+0600] {dag.py:4180} INFO - Setting next_dagrun for tutorial to 2025-02-09 00:00:00+00:00, run_after=2025-02-10 00:00:00+00:00
[2025-02-10T13:31:55.022+0600] {processor.py:208} INFO - Processing /home/shamim/airflow_git/Airflow_project/air_venv/lib/python3.12/site-packages/airflow/example_dags/tutorial.py took 0.088 seconds
[2025-02-10T13:33:11.590+0600] {processor.py:186} INFO - Started process (PID=19098) to work on /home/shamim/airflow_git/Airflow_project/air_venv/lib/python3.12/site-packages/airflow/example_dags/tutorial.py
[2025-02-10T13:33:11.597+0600] {processor.py:914} INFO - Processing file /home/shamim/airflow_git/Airflow_project/air_venv/lib/python3.12/site-packages/airflow/example_dags/tutorial.py for tasks to queue
[2025-02-10T13:33:11.599+0600] {logging_mixin.py:190} INFO - [2025-02-10T13:33:11.599+0600] {dagbag.py:588} INFO - Filling up the DagBag from /home/shamim/airflow_git/Airflow_project/air_venv/lib/python3.12/site-packages/airflow/example_dags/tutorial.py
[2025-02-10T13:33:11.614+0600] {processor.py:925} INFO - DAG(s) 'tutorial' retrieved from /home/shamim/airflow_git/Airflow_project/air_venv/lib/python3.12/site-packages/airflow/example_dags/tutorial.py
[2025-02-10T13:33:11.633+0600] {logging_mixin.py:190} INFO - [2025-02-10T13:33:11.632+0600] {dag.py:3239} INFO - Sync 1 DAGs
[2025-02-10T13:33:11.816+0600] {logging_mixin.py:190} INFO - [2025-02-10T13:33:11.816+0600] {dag.py:4180} INFO - Setting next_dagrun for tutorial to 2025-02-09 00:00:00+00:00, run_after=2025-02-10 00:00:00+00:00
[2025-02-10T13:33:11.842+0600] {processor.py:208} INFO - Processing /home/shamim/airflow_git/Airflow_project/air_venv/lib/python3.12/site-packages/airflow/example_dags/tutorial.py took 0.266 seconds
[2025-02-10T13:34:31.492+0600] {processor.py:186} INFO - Started process (PID=19328) to work on /home/shamim/airflow_git/Airflow_project/air_venv/lib/python3.12/site-packages/airflow/example_dags/tutorial.py
[2025-02-10T13:34:31.499+0600] {processor.py:914} INFO - Processing file /home/shamim/airflow_git/Airflow_project/air_venv/lib/python3.12/site-packages/airflow/example_dags/tutorial.py for tasks to queue
[2025-02-10T13:34:31.501+0600] {logging_mixin.py:190} INFO - [2025-02-10T13:34:31.500+0600] {dagbag.py:588} INFO - Filling up the DagBag from /home/shamim/airflow_git/Airflow_project/air_venv/lib/python3.12/site-packages/airflow/example_dags/tutorial.py
[2025-02-10T13:34:31.512+0600] {processor.py:925} INFO - DAG(s) 'tutorial' retrieved from /home/shamim/airflow_git/Airflow_project/air_venv/lib/python3.12/site-packages/airflow/example_dags/tutorial.py
[2025-02-10T13:34:31.531+0600] {logging_mixin.py:190} INFO - [2025-02-10T13:34:31.531+0600] {dag.py:3239} INFO - Sync 1 DAGs
[2025-02-10T13:34:31.711+0600] {logging_mixin.py:190} INFO - [2025-02-10T13:34:31.710+0600] {dag.py:4180} INFO - Setting next_dagrun for tutorial to 2025-02-09 00:00:00+00:00, run_after=2025-02-10 00:00:00+00:00
[2025-02-10T13:34:31.736+0600] {processor.py:208} INFO - Processing /home/shamim/airflow_git/Airflow_project/air_venv/lib/python3.12/site-packages/airflow/example_dags/tutorial.py took 0.255 seconds
[2025-02-10T13:35:46.153+0600] {processor.py:186} INFO - Started process (PID=19455) to work on /home/shamim/airflow_git/Airflow_project/air_venv/lib/python3.12/site-packages/airflow/example_dags/tutorial.py
[2025-02-10T13:35:46.160+0600] {processor.py:914} INFO - Processing file /home/shamim/airflow_git/Airflow_project/air_venv/lib/python3.12/site-packages/airflow/example_dags/tutorial.py for tasks to queue
[2025-02-10T13:35:46.161+0600] {logging_mixin.py:190} INFO - [2025-02-10T13:35:46.161+0600] {dagbag.py:588} INFO - Filling up the DagBag from /home/shamim/airflow_git/Airflow_project/air_venv/lib/python3.12/site-packages/airflow/example_dags/tutorial.py
[2025-02-10T13:35:46.172+0600] {processor.py:925} INFO - DAG(s) 'tutorial' retrieved from /home/shamim/airflow_git/Airflow_project/air_venv/lib/python3.12/site-packages/airflow/example_dags/tutorial.py
[2025-02-10T13:35:46.190+0600] {logging_mixin.py:190} INFO - [2025-02-10T13:35:46.190+0600] {dag.py:3239} INFO - Sync 1 DAGs
[2025-02-10T13:35:46.372+0600] {logging_mixin.py:190} INFO - [2025-02-10T13:35:46.371+0600] {dag.py:4180} INFO - Setting next_dagrun for tutorial to 2025-02-09 00:00:00+00:00, run_after=2025-02-10 00:00:00+00:00
[2025-02-10T13:35:46.398+0600] {processor.py:208} INFO - Processing /home/shamim/airflow_git/Airflow_project/air_venv/lib/python3.12/site-packages/airflow/example_dags/tutorial.py took 0.255 seconds
[2025-02-10T13:36:32.917+0600] {processor.py:186} INFO - Started process (PID=19514) to work on /home/shamim/airflow_git/Airflow_project/air_venv/lib/python3.12/site-packages/airflow/example_dags/tutorial.py
[2025-02-10T13:36:32.923+0600] {processor.py:914} INFO - Processing file /home/shamim/airflow_git/Airflow_project/air_venv/lib/python3.12/site-packages/airflow/example_dags/tutorial.py for tasks to queue
[2025-02-10T13:36:32.925+0600] {logging_mixin.py:190} INFO - [2025-02-10T13:36:32.924+0600] {dagbag.py:588} INFO - Filling up the DagBag from /home/shamim/airflow_git/Airflow_project/air_venv/lib/python3.12/site-packages/airflow/example_dags/tutorial.py
[2025-02-10T13:36:32.932+0600] {processor.py:925} INFO - DAG(s) 'tutorial' retrieved from /home/shamim/airflow_git/Airflow_project/air_venv/lib/python3.12/site-packages/airflow/example_dags/tutorial.py
[2025-02-10T13:36:32.946+0600] {logging_mixin.py:190} INFO - [2025-02-10T13:36:32.946+0600] {dag.py:3239} INFO - Sync 1 DAGs
[2025-02-10T13:36:32.966+0600] {logging_mixin.py:190} INFO - [2025-02-10T13:36:32.966+0600] {dag.py:4180} INFO - Setting next_dagrun for tutorial to 2025-02-09 00:00:00+00:00, run_after=2025-02-10 00:00:00+00:00
[2025-02-10T13:36:33.000+0600] {processor.py:208} INFO - Processing /home/shamim/airflow_git/Airflow_project/air_venv/lib/python3.12/site-packages/airflow/example_dags/tutorial.py took 0.266 seconds
[2025-02-10T13:37:50.028+0600] {processor.py:186} INFO - Started process (PID=19657) to work on /home/shamim/airflow_git/Airflow_project/air_venv/lib/python3.12/site-packages/airflow/example_dags/tutorial.py
[2025-02-10T13:37:50.043+0600] {processor.py:914} INFO - Processing file /home/shamim/airflow_git/Airflow_project/air_venv/lib/python3.12/site-packages/airflow/example_dags/tutorial.py for tasks to queue
[2025-02-10T13:37:50.045+0600] {logging_mixin.py:190} INFO - [2025-02-10T13:37:50.045+0600] {dagbag.py:588} INFO - Filling up the DagBag from /home/shamim/airflow_git/Airflow_project/air_venv/lib/python3.12/site-packages/airflow/example_dags/tutorial.py
[2025-02-10T13:37:50.057+0600] {processor.py:925} INFO - DAG(s) 'tutorial' retrieved from /home/shamim/airflow_git/Airflow_project/air_venv/lib/python3.12/site-packages/airflow/example_dags/tutorial.py
[2025-02-10T13:37:50.075+0600] {logging_mixin.py:190} INFO - [2025-02-10T13:37:50.075+0600] {dag.py:3239} INFO - Sync 1 DAGs
[2025-02-10T13:37:50.099+0600] {logging_mixin.py:190} INFO - [2025-02-10T13:37:50.098+0600] {dag.py:4180} INFO - Setting next_dagrun for tutorial to 2025-02-09 00:00:00+00:00, run_after=2025-02-10 00:00:00+00:00
[2025-02-10T13:37:50.120+0600] {processor.py:208} INFO - Processing /home/shamim/airflow_git/Airflow_project/air_venv/lib/python3.12/site-packages/airflow/example_dags/tutorial.py took 0.103 seconds
[2025-02-10T13:39:06.121+0600] {processor.py:186} INFO - Started process (PID=19793) to work on /home/shamim/airflow_git/Airflow_project/air_venv/lib/python3.12/site-packages/airflow/example_dags/tutorial.py
[2025-02-10T13:39:06.128+0600] {processor.py:914} INFO - Processing file /home/shamim/airflow_git/Airflow_project/air_venv/lib/python3.12/site-packages/airflow/example_dags/tutorial.py for tasks to queue
[2025-02-10T13:39:06.129+0600] {logging_mixin.py:190} INFO - [2025-02-10T13:39:06.129+0600] {dagbag.py:588} INFO - Filling up the DagBag from /home/shamim/airflow_git/Airflow_project/air_venv/lib/python3.12/site-packages/airflow/example_dags/tutorial.py
[2025-02-10T13:39:06.140+0600] {processor.py:925} INFO - DAG(s) 'tutorial' retrieved from /home/shamim/airflow_git/Airflow_project/air_venv/lib/python3.12/site-packages/airflow/example_dags/tutorial.py
[2025-02-10T13:39:06.158+0600] {logging_mixin.py:190} INFO - [2025-02-10T13:39:06.157+0600] {dag.py:3239} INFO - Sync 1 DAGs
[2025-02-10T13:39:06.181+0600] {logging_mixin.py:190} INFO - [2025-02-10T13:39:06.181+0600] {dag.py:4180} INFO - Setting next_dagrun for tutorial to 2025-02-09 00:00:00+00:00, run_after=2025-02-10 00:00:00+00:00
[2025-02-10T13:39:06.216+0600] {processor.py:208} INFO - Processing /home/shamim/airflow_git/Airflow_project/air_venv/lib/python3.12/site-packages/airflow/example_dags/tutorial.py took 0.104 seconds
[2025-02-10T13:39:49.312+0600] {processor.py:186} INFO - Started process (PID=19870) to work on /home/shamim/airflow_git/Airflow_project/air_venv/lib/python3.12/site-packages/airflow/example_dags/tutorial.py
[2025-02-10T13:39:49.318+0600] {processor.py:914} INFO - Processing file /home/shamim/airflow_git/Airflow_project/air_venv/lib/python3.12/site-packages/airflow/example_dags/tutorial.py for tasks to queue
[2025-02-10T13:39:49.320+0600] {logging_mixin.py:190} INFO - [2025-02-10T13:39:49.319+0600] {dagbag.py:588} INFO - Filling up the DagBag from /home/shamim/airflow_git/Airflow_project/air_venv/lib/python3.12/site-packages/airflow/example_dags/tutorial.py
[2025-02-10T13:39:49.331+0600] {processor.py:925} INFO - DAG(s) 'tutorial' retrieved from /home/shamim/airflow_git/Airflow_project/air_venv/lib/python3.12/site-packages/airflow/example_dags/tutorial.py
[2025-02-10T13:39:49.348+0600] {logging_mixin.py:190} INFO - [2025-02-10T13:39:49.348+0600] {dag.py:3239} INFO - Sync 1 DAGs
[2025-02-10T13:39:49.372+0600] {logging_mixin.py:190} INFO - [2025-02-10T13:39:49.372+0600] {dag.py:4180} INFO - Setting next_dagrun for tutorial to 2025-02-09 00:00:00+00:00, run_after=2025-02-10 00:00:00+00:00
[2025-02-10T13:39:49.407+0600] {processor.py:208} INFO - Processing /home/shamim/airflow_git/Airflow_project/air_venv/lib/python3.12/site-packages/airflow/example_dags/tutorial.py took 0.104 seconds
[2025-02-10T13:41:15.627+0600] {processor.py:186} INFO - Started process (PID=19993) to work on /home/shamim/airflow_git/Airflow_project/air_venv/lib/python3.12/site-packages/airflow/example_dags/tutorial.py
[2025-02-10T13:41:15.634+0600] {processor.py:914} INFO - Processing file /home/shamim/airflow_git/Airflow_project/air_venv/lib/python3.12/site-packages/airflow/example_dags/tutorial.py for tasks to queue
[2025-02-10T13:41:15.635+0600] {logging_mixin.py:190} INFO - [2025-02-10T13:41:15.635+0600] {dagbag.py:588} INFO - Filling up the DagBag from /home/shamim/airflow_git/Airflow_project/air_venv/lib/python3.12/site-packages/airflow/example_dags/tutorial.py
[2025-02-10T13:41:15.648+0600] {processor.py:925} INFO - DAG(s) 'tutorial' retrieved from /home/shamim/airflow_git/Airflow_project/air_venv/lib/python3.12/site-packages/airflow/example_dags/tutorial.py
[2025-02-10T13:41:15.666+0600] {logging_mixin.py:190} INFO - [2025-02-10T13:41:15.666+0600] {dag.py:3239} INFO - Sync 1 DAGs
[2025-02-10T13:41:15.690+0600] {logging_mixin.py:190} INFO - [2025-02-10T13:41:15.690+0600] {dag.py:4180} INFO - Setting next_dagrun for tutorial to 2025-02-09 00:00:00+00:00, run_after=2025-02-10 00:00:00+00:00
[2025-02-10T13:41:15.725+0600] {processor.py:208} INFO - Processing /home/shamim/airflow_git/Airflow_project/air_venv/lib/python3.12/site-packages/airflow/example_dags/tutorial.py took 0.108 seconds
[2025-02-10T13:41:58.168+0600] {processor.py:186} INFO - Started process (PID=20060) to work on /home/shamim/airflow_git/Airflow_project/air_venv/lib/python3.12/site-packages/airflow/example_dags/tutorial.py
[2025-02-10T13:41:58.175+0600] {processor.py:914} INFO - Processing file /home/shamim/airflow_git/Airflow_project/air_venv/lib/python3.12/site-packages/airflow/example_dags/tutorial.py for tasks to queue
[2025-02-10T13:41:58.176+0600] {logging_mixin.py:190} INFO - [2025-02-10T13:41:58.176+0600] {dagbag.py:588} INFO - Filling up the DagBag from /home/shamim/airflow_git/Airflow_project/air_venv/lib/python3.12/site-packages/airflow/example_dags/tutorial.py
[2025-02-10T13:41:58.189+0600] {processor.py:925} INFO - DAG(s) 'tutorial' retrieved from /home/shamim/airflow_git/Airflow_project/air_venv/lib/python3.12/site-packages/airflow/example_dags/tutorial.py
[2025-02-10T13:41:58.207+0600] {logging_mixin.py:190} INFO - [2025-02-10T13:41:58.207+0600] {dag.py:3239} INFO - Sync 1 DAGs
[2025-02-10T13:41:58.230+0600] {logging_mixin.py:190} INFO - [2025-02-10T13:41:58.230+0600] {dag.py:4180} INFO - Setting next_dagrun for tutorial to 2025-02-09 00:00:00+00:00, run_after=2025-02-10 00:00:00+00:00
[2025-02-10T13:41:58.265+0600] {processor.py:208} INFO - Processing /home/shamim/airflow_git/Airflow_project/air_venv/lib/python3.12/site-packages/airflow/example_dags/tutorial.py took 0.107 seconds
[2025-02-10T13:43:13.297+0600] {processor.py:186} INFO - Started process (PID=20210) to work on /home/shamim/airflow_git/Airflow_project/air_venv/lib/python3.12/site-packages/airflow/example_dags/tutorial.py
[2025-02-10T13:43:13.303+0600] {processor.py:914} INFO - Processing file /home/shamim/airflow_git/Airflow_project/air_venv/lib/python3.12/site-packages/airflow/example_dags/tutorial.py for tasks to queue
[2025-02-10T13:43:13.305+0600] {logging_mixin.py:190} INFO - [2025-02-10T13:43:13.305+0600] {dagbag.py:588} INFO - Filling up the DagBag from /home/shamim/airflow_git/Airflow_project/air_venv/lib/python3.12/site-packages/airflow/example_dags/tutorial.py
[2025-02-10T13:43:13.317+0600] {processor.py:925} INFO - DAG(s) 'tutorial' retrieved from /home/shamim/airflow_git/Airflow_project/air_venv/lib/python3.12/site-packages/airflow/example_dags/tutorial.py
[2025-02-10T13:43:13.336+0600] {logging_mixin.py:190} INFO - [2025-02-10T13:43:13.336+0600] {dag.py:3239} INFO - Sync 1 DAGs
[2025-02-10T13:43:13.359+0600] {logging_mixin.py:190} INFO - [2025-02-10T13:43:13.359+0600] {dag.py:4180} INFO - Setting next_dagrun for tutorial to 2025-02-09 00:00:00+00:00, run_after=2025-02-10 00:00:00+00:00
[2025-02-10T13:43:13.394+0600] {processor.py:208} INFO - Processing /home/shamim/airflow_git/Airflow_project/air_venv/lib/python3.12/site-packages/airflow/example_dags/tutorial.py took 0.107 seconds
[2025-02-10T13:44:25.277+0600] {processor.py:186} INFO - Started process (PID=20368) to work on /home/shamim/airflow_git/Airflow_project/air_venv/lib/python3.12/site-packages/airflow/example_dags/tutorial.py
[2025-02-10T13:44:25.283+0600] {processor.py:914} INFO - Processing file /home/shamim/airflow_git/Airflow_project/air_venv/lib/python3.12/site-packages/airflow/example_dags/tutorial.py for tasks to queue
[2025-02-10T13:44:25.284+0600] {logging_mixin.py:190} INFO - [2025-02-10T13:44:25.284+0600] {dagbag.py:588} INFO - Filling up the DagBag from /home/shamim/airflow_git/Airflow_project/air_venv/lib/python3.12/site-packages/airflow/example_dags/tutorial.py
[2025-02-10T13:44:25.295+0600] {processor.py:925} INFO - DAG(s) 'tutorial' retrieved from /home/shamim/airflow_git/Airflow_project/air_venv/lib/python3.12/site-packages/airflow/example_dags/tutorial.py
[2025-02-10T13:44:25.313+0600] {logging_mixin.py:190} INFO - [2025-02-10T13:44:25.312+0600] {dag.py:3239} INFO - Sync 1 DAGs
[2025-02-10T13:44:25.336+0600] {logging_mixin.py:190} INFO - [2025-02-10T13:44:25.336+0600] {dag.py:4180} INFO - Setting next_dagrun for tutorial to 2025-02-09 00:00:00+00:00, run_after=2025-02-10 00:00:00+00:00
[2025-02-10T13:44:25.370+0600] {processor.py:208} INFO - Processing /home/shamim/airflow_git/Airflow_project/air_venv/lib/python3.12/site-packages/airflow/example_dags/tutorial.py took 0.103 seconds
[2025-02-10T13:45:42.480+0600] {processor.py:186} INFO - Started process (PID=20475) to work on /home/shamim/airflow_git/Airflow_project/air_venv/lib/python3.12/site-packages/airflow/example_dags/tutorial.py
[2025-02-10T13:45:42.500+0600] {processor.py:914} INFO - Processing file /home/shamim/airflow_git/Airflow_project/air_venv/lib/python3.12/site-packages/airflow/example_dags/tutorial.py for tasks to queue
[2025-02-10T13:45:42.502+0600] {logging_mixin.py:190} INFO - [2025-02-10T13:45:42.501+0600] {dagbag.py:588} INFO - Filling up the DagBag from /home/shamim/airflow_git/Airflow_project/air_venv/lib/python3.12/site-packages/airflow/example_dags/tutorial.py
[2025-02-10T13:45:42.516+0600] {processor.py:925} INFO - DAG(s) 'tutorial' retrieved from /home/shamim/airflow_git/Airflow_project/air_venv/lib/python3.12/site-packages/airflow/example_dags/tutorial.py
[2025-02-10T13:45:42.535+0600] {logging_mixin.py:190} INFO - [2025-02-10T13:45:42.535+0600] {dag.py:3239} INFO - Sync 1 DAGs
[2025-02-10T13:45:42.559+0600] {logging_mixin.py:190} INFO - [2025-02-10T13:45:42.559+0600] {dag.py:4180} INFO - Setting next_dagrun for tutorial to 2025-02-09 00:00:00+00:00, run_after=2025-02-10 00:00:00+00:00
[2025-02-10T13:45:42.580+0600] {processor.py:208} INFO - Processing /home/shamim/airflow_git/Airflow_project/air_venv/lib/python3.12/site-packages/airflow/example_dags/tutorial.py took 0.110 seconds
[2025-02-10T13:46:55.031+0600] {processor.py:186} INFO - Started process (PID=20616) to work on /home/shamim/airflow_git/Airflow_project/air_venv/lib/python3.12/site-packages/airflow/example_dags/tutorial.py
[2025-02-10T13:46:55.032+0600] {processor.py:914} INFO - Processing file /home/shamim/airflow_git/Airflow_project/air_venv/lib/python3.12/site-packages/airflow/example_dags/tutorial.py for tasks to queue
[2025-02-10T13:46:55.033+0600] {logging_mixin.py:190} INFO - [2025-02-10T13:46:55.033+0600] {dagbag.py:588} INFO - Filling up the DagBag from /home/shamim/airflow_git/Airflow_project/air_venv/lib/python3.12/site-packages/airflow/example_dags/tutorial.py
[2025-02-10T13:46:55.045+0600] {processor.py:925} INFO - DAG(s) 'tutorial' retrieved from /home/shamim/airflow_git/Airflow_project/air_venv/lib/python3.12/site-packages/airflow/example_dags/tutorial.py
[2025-02-10T13:46:55.065+0600] {logging_mixin.py:190} INFO - [2025-02-10T13:46:55.065+0600] {dag.py:3239} INFO - Sync 1 DAGs
[2025-02-10T13:46:55.092+0600] {logging_mixin.py:190} INFO - [2025-02-10T13:46:55.091+0600] {dag.py:4180} INFO - Setting next_dagrun for tutorial to 2025-02-09 00:00:00+00:00, run_after=2025-02-10 00:00:00+00:00
[2025-02-10T13:46:55.129+0600] {processor.py:208} INFO - Processing /home/shamim/airflow_git/Airflow_project/air_venv/lib/python3.12/site-packages/airflow/example_dags/tutorial.py took 0.107 seconds
[2025-02-10T13:48:11.168+0600] {processor.py:186} INFO - Started process (PID=21013) to work on /home/shamim/airflow_git/Airflow_project/air_venv/lib/python3.12/site-packages/airflow/example_dags/tutorial.py
[2025-02-10T13:48:11.171+0600] {processor.py:914} INFO - Processing file /home/shamim/airflow_git/Airflow_project/air_venv/lib/python3.12/site-packages/airflow/example_dags/tutorial.py for tasks to queue
[2025-02-10T13:48:11.173+0600] {logging_mixin.py:190} INFO - [2025-02-10T13:48:11.172+0600] {dagbag.py:588} INFO - Filling up the DagBag from /home/shamim/airflow_git/Airflow_project/air_venv/lib/python3.12/site-packages/airflow/example_dags/tutorial.py
[2025-02-10T13:48:11.185+0600] {processor.py:925} INFO - DAG(s) 'tutorial' retrieved from /home/shamim/airflow_git/Airflow_project/air_venv/lib/python3.12/site-packages/airflow/example_dags/tutorial.py
[2025-02-10T13:48:11.203+0600] {logging_mixin.py:190} INFO - [2025-02-10T13:48:11.202+0600] {dag.py:3239} INFO - Sync 1 DAGs
[2025-02-10T13:48:11.227+0600] {logging_mixin.py:190} INFO - [2025-02-10T13:48:11.226+0600] {dag.py:4180} INFO - Setting next_dagrun for tutorial to 2025-02-09 00:00:00+00:00, run_after=2025-02-10 00:00:00+00:00
[2025-02-10T13:48:11.251+0600] {processor.py:208} INFO - Processing /home/shamim/airflow_git/Airflow_project/air_venv/lib/python3.12/site-packages/airflow/example_dags/tutorial.py took 0.094 seconds
[2025-02-10T13:49:22.404+0600] {processor.py:186} INFO - Started process (PID=21158) to work on /home/shamim/airflow_git/Airflow_project/air_venv/lib/python3.12/site-packages/airflow/example_dags/tutorial.py
[2025-02-10T13:49:22.410+0600] {processor.py:914} INFO - Processing file /home/shamim/airflow_git/Airflow_project/air_venv/lib/python3.12/site-packages/airflow/example_dags/tutorial.py for tasks to queue
[2025-02-10T13:49:22.412+0600] {logging_mixin.py:190} INFO - [2025-02-10T13:49:22.411+0600] {dagbag.py:588} INFO - Filling up the DagBag from /home/shamim/airflow_git/Airflow_project/air_venv/lib/python3.12/site-packages/airflow/example_dags/tutorial.py
[2025-02-10T13:49:22.424+0600] {processor.py:925} INFO - DAG(s) 'tutorial' retrieved from /home/shamim/airflow_git/Airflow_project/air_venv/lib/python3.12/site-packages/airflow/example_dags/tutorial.py
[2025-02-10T13:49:22.447+0600] {logging_mixin.py:190} INFO - [2025-02-10T13:49:22.447+0600] {dag.py:3239} INFO - Sync 1 DAGs
[2025-02-10T13:49:22.480+0600] {logging_mixin.py:190} INFO - [2025-02-10T13:49:22.479+0600] {dag.py:4180} INFO - Setting next_dagrun for tutorial to 2025-02-09 00:00:00+00:00, run_after=2025-02-10 00:00:00+00:00
[2025-02-10T13:49:22.508+0600] {processor.py:208} INFO - Processing /home/shamim/airflow_git/Airflow_project/air_venv/lib/python3.12/site-packages/airflow/example_dags/tutorial.py took 0.114 seconds
[2025-02-10T13:50:33.729+0600] {processor.py:186} INFO - Started process (PID=21269) to work on /home/shamim/airflow_git/Airflow_project/air_venv/lib/python3.12/site-packages/airflow/example_dags/tutorial.py
[2025-02-10T13:50:33.735+0600] {processor.py:914} INFO - Processing file /home/shamim/airflow_git/Airflow_project/air_venv/lib/python3.12/site-packages/airflow/example_dags/tutorial.py for tasks to queue
[2025-02-10T13:50:33.737+0600] {logging_mixin.py:190} INFO - [2025-02-10T13:50:33.736+0600] {dagbag.py:588} INFO - Filling up the DagBag from /home/shamim/airflow_git/Airflow_project/air_venv/lib/python3.12/site-packages/airflow/example_dags/tutorial.py
[2025-02-10T13:50:33.749+0600] {processor.py:925} INFO - DAG(s) 'tutorial' retrieved from /home/shamim/airflow_git/Airflow_project/air_venv/lib/python3.12/site-packages/airflow/example_dags/tutorial.py
[2025-02-10T13:50:33.767+0600] {logging_mixin.py:190} INFO - [2025-02-10T13:50:33.767+0600] {dag.py:3239} INFO - Sync 1 DAGs
[2025-02-10T13:50:33.791+0600] {logging_mixin.py:190} INFO - [2025-02-10T13:50:33.791+0600] {dag.py:4180} INFO - Setting next_dagrun for tutorial to 2025-02-09 00:00:00+00:00, run_after=2025-02-10 00:00:00+00:00
[2025-02-10T13:50:33.815+0600] {processor.py:208} INFO - Processing /home/shamim/airflow_git/Airflow_project/air_venv/lib/python3.12/site-packages/airflow/example_dags/tutorial.py took 0.097 seconds
[2025-02-10T13:51:48.510+0600] {processor.py:186} INFO - Started process (PID=21378) to work on /home/shamim/airflow_git/Airflow_project/air_venv/lib/python3.12/site-packages/airflow/example_dags/tutorial.py
[2025-02-10T13:51:48.516+0600] {processor.py:914} INFO - Processing file /home/shamim/airflow_git/Airflow_project/air_venv/lib/python3.12/site-packages/airflow/example_dags/tutorial.py for tasks to queue
[2025-02-10T13:51:48.518+0600] {logging_mixin.py:190} INFO - [2025-02-10T13:51:48.517+0600] {dagbag.py:588} INFO - Filling up the DagBag from /home/shamim/airflow_git/Airflow_project/air_venv/lib/python3.12/site-packages/airflow/example_dags/tutorial.py
[2025-02-10T13:51:48.529+0600] {processor.py:925} INFO - DAG(s) 'tutorial' retrieved from /home/shamim/airflow_git/Airflow_project/air_venv/lib/python3.12/site-packages/airflow/example_dags/tutorial.py
[2025-02-10T13:51:48.549+0600] {logging_mixin.py:190} INFO - [2025-02-10T13:51:48.549+0600] {dag.py:3239} INFO - Sync 1 DAGs
[2025-02-10T13:51:48.577+0600] {logging_mixin.py:190} INFO - [2025-02-10T13:51:48.577+0600] {dag.py:4180} INFO - Setting next_dagrun for tutorial to 2025-02-09 00:00:00+00:00, run_after=2025-02-10 00:00:00+00:00
[2025-02-10T13:51:48.614+0600] {processor.py:208} INFO - Processing /home/shamim/airflow_git/Airflow_project/air_venv/lib/python3.12/site-packages/airflow/example_dags/tutorial.py took 0.116 seconds
[2025-02-10T13:53:12.901+0600] {processor.py:186} INFO - Started process (PID=21595) to work on /home/shamim/airflow_git/Airflow_project/air_venv/lib/python3.12/site-packages/airflow/example_dags/tutorial.py
[2025-02-10T13:53:12.907+0600] {processor.py:914} INFO - Processing file /home/shamim/airflow_git/Airflow_project/air_venv/lib/python3.12/site-packages/airflow/example_dags/tutorial.py for tasks to queue
[2025-02-10T13:53:12.909+0600] {logging_mixin.py:190} INFO - [2025-02-10T13:53:12.909+0600] {dagbag.py:588} INFO - Filling up the DagBag from /home/shamim/airflow_git/Airflow_project/air_venv/lib/python3.12/site-packages/airflow/example_dags/tutorial.py
[2025-02-10T13:53:12.928+0600] {processor.py:925} INFO - DAG(s) 'tutorial' retrieved from /home/shamim/airflow_git/Airflow_project/air_venv/lib/python3.12/site-packages/airflow/example_dags/tutorial.py
[2025-02-10T13:53:12.967+0600] {logging_mixin.py:190} INFO - [2025-02-10T13:53:12.967+0600] {dag.py:3239} INFO - Sync 1 DAGs
[2025-02-10T13:53:13.011+0600] {logging_mixin.py:190} INFO - [2025-02-10T13:53:13.010+0600] {dag.py:4180} INFO - Setting next_dagrun for tutorial to 2025-02-09 00:00:00+00:00, run_after=2025-02-10 00:00:00+00:00
[2025-02-10T13:53:13.063+0600] {processor.py:208} INFO - Processing /home/shamim/airflow_git/Airflow_project/air_venv/lib/python3.12/site-packages/airflow/example_dags/tutorial.py took 0.177 seconds
[2025-02-10T13:54:29.474+0600] {processor.py:186} INFO - Started process (PID=21736) to work on /home/shamim/airflow_git/Airflow_project/air_venv/lib/python3.12/site-packages/airflow/example_dags/tutorial.py
[2025-02-10T13:54:29.480+0600] {processor.py:914} INFO - Processing file /home/shamim/airflow_git/Airflow_project/air_venv/lib/python3.12/site-packages/airflow/example_dags/tutorial.py for tasks to queue
[2025-02-10T13:54:29.482+0600] {logging_mixin.py:190} INFO - [2025-02-10T13:54:29.481+0600] {dagbag.py:588} INFO - Filling up the DagBag from /home/shamim/airflow_git/Airflow_project/air_venv/lib/python3.12/site-packages/airflow/example_dags/tutorial.py
[2025-02-10T13:54:29.494+0600] {processor.py:925} INFO - DAG(s) 'tutorial' retrieved from /home/shamim/airflow_git/Airflow_project/air_venv/lib/python3.12/site-packages/airflow/example_dags/tutorial.py
[2025-02-10T13:54:29.514+0600] {logging_mixin.py:190} INFO - [2025-02-10T13:54:29.513+0600] {dag.py:3239} INFO - Sync 1 DAGs
[2025-02-10T13:54:29.540+0600] {logging_mixin.py:190} INFO - [2025-02-10T13:54:29.539+0600] {dag.py:4180} INFO - Setting next_dagrun for tutorial to 2025-02-09 00:00:00+00:00, run_after=2025-02-10 00:00:00+00:00
[2025-02-10T13:54:29.576+0600] {processor.py:208} INFO - Processing /home/shamim/airflow_git/Airflow_project/air_venv/lib/python3.12/site-packages/airflow/example_dags/tutorial.py took 0.112 seconds
[2025-02-10T13:55:39.162+0600] {processor.py:186} INFO - Started process (PID=21841) to work on /home/shamim/airflow_git/Airflow_project/air_venv/lib/python3.12/site-packages/airflow/example_dags/tutorial.py
[2025-02-10T13:55:39.176+0600] {processor.py:914} INFO - Processing file /home/shamim/airflow_git/Airflow_project/air_venv/lib/python3.12/site-packages/airflow/example_dags/tutorial.py for tasks to queue
[2025-02-10T13:55:39.177+0600] {logging_mixin.py:190} INFO - [2025-02-10T13:55:39.177+0600] {dagbag.py:588} INFO - Filling up the DagBag from /home/shamim/airflow_git/Airflow_project/air_venv/lib/python3.12/site-packages/airflow/example_dags/tutorial.py
[2025-02-10T13:55:39.188+0600] {processor.py:925} INFO - DAG(s) 'tutorial' retrieved from /home/shamim/airflow_git/Airflow_project/air_venv/lib/python3.12/site-packages/airflow/example_dags/tutorial.py
[2025-02-10T13:55:39.208+0600] {logging_mixin.py:190} INFO - [2025-02-10T13:55:39.207+0600] {dag.py:3239} INFO - Sync 1 DAGs
[2025-02-10T13:55:39.233+0600] {logging_mixin.py:190} INFO - [2025-02-10T13:55:39.233+0600] {dag.py:4180} INFO - Setting next_dagrun for tutorial to 2025-02-09 00:00:00+00:00, run_after=2025-02-10 00:00:00+00:00
[2025-02-10T13:55:39.255+0600] {processor.py:208} INFO - Processing /home/shamim/airflow_git/Airflow_project/air_venv/lib/python3.12/site-packages/airflow/example_dags/tutorial.py took 0.104 seconds
[2025-02-10T13:57:03.207+0600] {processor.py:186} INFO - Started process (PID=21983) to work on /home/shamim/airflow_git/Airflow_project/air_venv/lib/python3.12/site-packages/airflow/example_dags/tutorial.py
[2025-02-10T13:57:04.082+0600] {processor.py:914} INFO - Processing file /home/shamim/airflow_git/Airflow_project/air_venv/lib/python3.12/site-packages/airflow/example_dags/tutorial.py for tasks to queue
[2025-02-10T13:57:04.088+0600] {logging_mixin.py:190} INFO - [2025-02-10T13:57:04.086+0600] {dagbag.py:588} INFO - Filling up the DagBag from /home/shamim/airflow_git/Airflow_project/air_venv/lib/python3.12/site-packages/airflow/example_dags/tutorial.py
[2025-02-10T13:57:04.136+0600] {processor.py:925} INFO - DAG(s) 'tutorial' retrieved from /home/shamim/airflow_git/Airflow_project/air_venv/lib/python3.12/site-packages/airflow/example_dags/tutorial.py
[2025-02-10T13:57:04.206+0600] {logging_mixin.py:190} INFO - [2025-02-10T13:57:04.205+0600] {dag.py:3239} INFO - Sync 1 DAGs
[2025-02-10T13:57:04.262+0600] {logging_mixin.py:190} INFO - [2025-02-10T13:57:04.261+0600] {dag.py:4180} INFO - Setting next_dagrun for tutorial to 2025-02-09 00:00:00+00:00, run_after=2025-02-10 00:00:00+00:00
[2025-02-10T13:57:04.304+0600] {processor.py:208} INFO - Processing /home/shamim/airflow_git/Airflow_project/air_venv/lib/python3.12/site-packages/airflow/example_dags/tutorial.py took 1.124 seconds
[2025-02-10T13:57:50.852+0600] {processor.py:186} INFO - Started process (PID=22151) to work on /home/shamim/airflow_git/Airflow_project/air_venv/lib/python3.12/site-packages/airflow/example_dags/tutorial.py
[2025-02-10T13:57:50.854+0600] {processor.py:914} INFO - Processing file /home/shamim/airflow_git/Airflow_project/air_venv/lib/python3.12/site-packages/airflow/example_dags/tutorial.py for tasks to queue
[2025-02-10T13:57:50.856+0600] {logging_mixin.py:190} INFO - [2025-02-10T13:57:50.856+0600] {dagbag.py:588} INFO - Filling up the DagBag from /home/shamim/airflow_git/Airflow_project/air_venv/lib/python3.12/site-packages/airflow/example_dags/tutorial.py
[2025-02-10T13:57:50.869+0600] {processor.py:925} INFO - DAG(s) 'tutorial' retrieved from /home/shamim/airflow_git/Airflow_project/air_venv/lib/python3.12/site-packages/airflow/example_dags/tutorial.py
[2025-02-10T13:57:50.890+0600] {logging_mixin.py:190} INFO - [2025-02-10T13:57:50.889+0600] {dag.py:3239} INFO - Sync 1 DAGs
[2025-02-10T13:57:50.919+0600] {logging_mixin.py:190} INFO - [2025-02-10T13:57:50.919+0600] {dag.py:4180} INFO - Setting next_dagrun for tutorial to 2025-02-09 00:00:00+00:00, run_after=2025-02-10 00:00:00+00:00
[2025-02-10T13:57:50.941+0600] {processor.py:208} INFO - Processing /home/shamim/airflow_git/Airflow_project/air_venv/lib/python3.12/site-packages/airflow/example_dags/tutorial.py took 0.100 seconds
[2025-02-10T13:59:04.518+0600] {processor.py:186} INFO - Started process (PID=22296) to work on /home/shamim/airflow_git/Airflow_project/air_venv/lib/python3.12/site-packages/airflow/example_dags/tutorial.py
[2025-02-10T13:59:04.526+0600] {processor.py:914} INFO - Processing file /home/shamim/airflow_git/Airflow_project/air_venv/lib/python3.12/site-packages/airflow/example_dags/tutorial.py for tasks to queue
[2025-02-10T13:59:04.530+0600] {logging_mixin.py:190} INFO - [2025-02-10T13:59:04.529+0600] {dagbag.py:588} INFO - Filling up the DagBag from /home/shamim/airflow_git/Airflow_project/air_venv/lib/python3.12/site-packages/airflow/example_dags/tutorial.py
[2025-02-10T13:59:04.550+0600] {processor.py:925} INFO - DAG(s) 'tutorial' retrieved from /home/shamim/airflow_git/Airflow_project/air_venv/lib/python3.12/site-packages/airflow/example_dags/tutorial.py
[2025-02-10T13:59:04.568+0600] {logging_mixin.py:190} INFO - [2025-02-10T13:59:04.568+0600] {dag.py:3239} INFO - Sync 1 DAGs
[2025-02-10T13:59:04.594+0600] {logging_mixin.py:190} INFO - [2025-02-10T13:59:04.594+0600] {dag.py:4180} INFO - Setting next_dagrun for tutorial to 2025-02-09 00:00:00+00:00, run_after=2025-02-10 00:00:00+00:00
[2025-02-10T13:59:04.629+0600] {processor.py:208} INFO - Processing /home/shamim/airflow_git/Airflow_project/air_venv/lib/python3.12/site-packages/airflow/example_dags/tutorial.py took 0.138 seconds
[2025-02-10T14:00:13.106+0600] {processor.py:186} INFO - Started process (PID=22477) to work on /home/shamim/airflow_git/Airflow_project/air_venv/lib/python3.12/site-packages/airflow/example_dags/tutorial.py
[2025-02-10T14:00:13.113+0600] {processor.py:914} INFO - Processing file /home/shamim/airflow_git/Airflow_project/air_venv/lib/python3.12/site-packages/airflow/example_dags/tutorial.py for tasks to queue
[2025-02-10T14:00:13.115+0600] {logging_mixin.py:190} INFO - [2025-02-10T14:00:13.114+0600] {dagbag.py:588} INFO - Filling up the DagBag from /home/shamim/airflow_git/Airflow_project/air_venv/lib/python3.12/site-packages/airflow/example_dags/tutorial.py
[2025-02-10T14:00:13.138+0600] {processor.py:925} INFO - DAG(s) 'tutorial' retrieved from /home/shamim/airflow_git/Airflow_project/air_venv/lib/python3.12/site-packages/airflow/example_dags/tutorial.py
[2025-02-10T14:00:13.177+0600] {logging_mixin.py:190} INFO - [2025-02-10T14:00:13.176+0600] {dag.py:3239} INFO - Sync 1 DAGs
[2025-02-10T14:00:13.216+0600] {logging_mixin.py:190} INFO - [2025-02-10T14:00:13.216+0600] {dag.py:4180} INFO - Setting next_dagrun for tutorial to 2025-02-09 00:00:00+00:00, run_after=2025-02-10 00:00:00+00:00
[2025-02-10T14:00:13.276+0600] {processor.py:208} INFO - Processing /home/shamim/airflow_git/Airflow_project/air_venv/lib/python3.12/site-packages/airflow/example_dags/tutorial.py took 0.183 seconds
[2025-02-10T14:01:50.483+0600] {processor.py:186} INFO - Started process (PID=23012) to work on /home/shamim/airflow_git/Airflow_project/air_venv/lib/python3.12/site-packages/airflow/example_dags/tutorial.py
[2025-02-10T14:01:50.484+0600] {processor.py:914} INFO - Processing file /home/shamim/airflow_git/Airflow_project/air_venv/lib/python3.12/site-packages/airflow/example_dags/tutorial.py for tasks to queue
[2025-02-10T14:01:50.487+0600] {logging_mixin.py:190} INFO - [2025-02-10T14:01:50.486+0600] {dagbag.py:588} INFO - Filling up the DagBag from /home/shamim/airflow_git/Airflow_project/air_venv/lib/python3.12/site-packages/airflow/example_dags/tutorial.py
[2025-02-10T14:01:50.503+0600] {processor.py:925} INFO - DAG(s) 'tutorial' retrieved from /home/shamim/airflow_git/Airflow_project/air_venv/lib/python3.12/site-packages/airflow/example_dags/tutorial.py
[2025-02-10T14:01:50.529+0600] {logging_mixin.py:190} INFO - [2025-02-10T14:01:50.528+0600] {dag.py:3239} INFO - Sync 1 DAGs
[2025-02-10T14:01:50.556+0600] {logging_mixin.py:190} INFO - [2025-02-10T14:01:50.556+0600] {dag.py:4180} INFO - Setting next_dagrun for tutorial to 2025-02-09 00:00:00+00:00, run_after=2025-02-10 00:00:00+00:00
[2025-02-10T14:01:50.583+0600] {processor.py:208} INFO - Processing /home/shamim/airflow_git/Airflow_project/air_venv/lib/python3.12/site-packages/airflow/example_dags/tutorial.py took 0.107 seconds
[2025-02-10T14:02:59.527+0600] {processor.py:186} INFO - Started process (PID=23380) to work on /home/shamim/airflow_git/Airflow_project/air_venv/lib/python3.12/site-packages/airflow/example_dags/tutorial.py
[2025-02-10T14:02:59.536+0600] {processor.py:914} INFO - Processing file /home/shamim/airflow_git/Airflow_project/air_venv/lib/python3.12/site-packages/airflow/example_dags/tutorial.py for tasks to queue
[2025-02-10T14:02:59.546+0600] {logging_mixin.py:190} INFO - [2025-02-10T14:02:59.544+0600] {dagbag.py:588} INFO - Filling up the DagBag from /home/shamim/airflow_git/Airflow_project/air_venv/lib/python3.12/site-packages/airflow/example_dags/tutorial.py
[2025-02-10T14:02:59.563+0600] {processor.py:925} INFO - DAG(s) 'tutorial' retrieved from /home/shamim/airflow_git/Airflow_project/air_venv/lib/python3.12/site-packages/airflow/example_dags/tutorial.py
[2025-02-10T14:02:59.583+0600] {logging_mixin.py:190} INFO - [2025-02-10T14:02:59.583+0600] {dag.py:3239} INFO - Sync 1 DAGs
[2025-02-10T14:02:59.608+0600] {logging_mixin.py:190} INFO - [2025-02-10T14:02:59.608+0600] {dag.py:4180} INFO - Setting next_dagrun for tutorial to 2025-02-09 00:00:00+00:00, run_after=2025-02-10 00:00:00+00:00
[2025-02-10T14:02:59.634+0600] {processor.py:208} INFO - Processing /home/shamim/airflow_git/Airflow_project/air_venv/lib/python3.12/site-packages/airflow/example_dags/tutorial.py took 0.130 seconds
[2025-02-10T14:04:26.463+0600] {processor.py:186} INFO - Started process (PID=23890) to work on /home/shamim/airflow_git/Airflow_project/air_venv/lib/python3.12/site-packages/airflow/example_dags/tutorial.py
[2025-02-10T14:04:26.471+0600] {processor.py:914} INFO - Processing file /home/shamim/airflow_git/Airflow_project/air_venv/lib/python3.12/site-packages/airflow/example_dags/tutorial.py for tasks to queue
[2025-02-10T14:04:26.479+0600] {logging_mixin.py:190} INFO - [2025-02-10T14:04:26.477+0600] {dagbag.py:588} INFO - Filling up the DagBag from /home/shamim/airflow_git/Airflow_project/air_venv/lib/python3.12/site-packages/airflow/example_dags/tutorial.py
[2025-02-10T14:04:26.503+0600] {processor.py:925} INFO - DAG(s) 'tutorial' retrieved from /home/shamim/airflow_git/Airflow_project/air_venv/lib/python3.12/site-packages/airflow/example_dags/tutorial.py
[2025-02-10T14:04:26.522+0600] {logging_mixin.py:190} INFO - [2025-02-10T14:04:26.522+0600] {dag.py:3239} INFO - Sync 1 DAGs
[2025-02-10T14:04:26.545+0600] {logging_mixin.py:190} INFO - [2025-02-10T14:04:26.545+0600] {dag.py:4180} INFO - Setting next_dagrun for tutorial to 2025-02-09 00:00:00+00:00, run_after=2025-02-10 00:00:00+00:00
[2025-02-10T14:04:26.581+0600] {processor.py:208} INFO - Processing /home/shamim/airflow_git/Airflow_project/air_venv/lib/python3.12/site-packages/airflow/example_dags/tutorial.py took 0.136 seconds
[2025-02-10T14:05:12.215+0600] {processor.py:186} INFO - Started process (PID=24180) to work on /home/shamim/airflow_git/Airflow_project/air_venv/lib/python3.12/site-packages/airflow/example_dags/tutorial.py
[2025-02-10T14:05:12.232+0600] {processor.py:914} INFO - Processing file /home/shamim/airflow_git/Airflow_project/air_venv/lib/python3.12/site-packages/airflow/example_dags/tutorial.py for tasks to queue
[2025-02-10T14:05:12.238+0600] {logging_mixin.py:190} INFO - [2025-02-10T14:05:12.237+0600] {dagbag.py:588} INFO - Filling up the DagBag from /home/shamim/airflow_git/Airflow_project/air_venv/lib/python3.12/site-packages/airflow/example_dags/tutorial.py
[2025-02-10T14:05:12.261+0600] {processor.py:925} INFO - DAG(s) 'tutorial' retrieved from /home/shamim/airflow_git/Airflow_project/air_venv/lib/python3.12/site-packages/airflow/example_dags/tutorial.py
[2025-02-10T14:05:12.288+0600] {logging_mixin.py:190} INFO - [2025-02-10T14:05:12.288+0600] {dag.py:3239} INFO - Sync 1 DAGs
[2025-02-10T14:05:12.316+0600] {logging_mixin.py:190} INFO - [2025-02-10T14:05:12.315+0600] {dag.py:4180} INFO - Setting next_dagrun for tutorial to 2025-02-09 00:00:00+00:00, run_after=2025-02-10 00:00:00+00:00
[2025-02-10T14:05:12.341+0600] {processor.py:208} INFO - Processing /home/shamim/airflow_git/Airflow_project/air_venv/lib/python3.12/site-packages/airflow/example_dags/tutorial.py took 0.140 seconds
