[2025-02-10T12:59:07.119+0600] {processor.py:186} INFO - Started process (PID=12666) to work on /home/shamim/airflow_git/Airflow_project/air_venv/lib/python3.12/site-packages/airflow/example_dags/tutorial_objectstorage.py
[2025-02-10T12:59:07.120+0600] {processor.py:914} INFO - Processing file /home/shamim/airflow_git/Airflow_project/air_venv/lib/python3.12/site-packages/airflow/example_dags/tutorial_objectstorage.py for tasks to queue
[2025-02-10T12:59:07.123+0600] {logging_mixin.py:190} INFO - [2025-02-10T12:59:07.122+0600] {dagbag.py:588} INFO - Filling up the DagBag from /home/shamim/airflow_git/Airflow_project/air_venv/lib/python3.12/site-packages/airflow/example_dags/tutorial_objectstorage.py
[2025-02-10T12:59:07.134+0600] {processor.py:925} INFO - DAG(s) 'tutorial_objectstorage' retrieved from /home/shamim/airflow_git/Airflow_project/air_venv/lib/python3.12/site-packages/airflow/example_dags/tutorial_objectstorage.py
[2025-02-10T12:59:07.292+0600] {logging_mixin.py:190} INFO - [2025-02-10T12:59:07.291+0600] {override.py:1930} INFO - Created Permission View: can delete on DAG:tutorial_objectstorage
[2025-02-10T12:59:07.305+0600] {logging_mixin.py:190} INFO - [2025-02-10T12:59:07.305+0600] {override.py:1930} INFO - Created Permission View: can edit on DAG:tutorial_objectstorage
[2025-02-10T12:59:07.313+0600] {logging_mixin.py:190} INFO - [2025-02-10T12:59:07.313+0600] {override.py:1930} INFO - Created Permission View: can read on DAG:tutorial_objectstorage
[2025-02-10T12:59:07.325+0600] {logging_mixin.py:190} INFO - [2025-02-10T12:59:07.325+0600] {override.py:1930} INFO - Created Permission View: can delete on DAG Run:tutorial_objectstorage
[2025-02-10T12:59:07.333+0600] {logging_mixin.py:190} INFO - [2025-02-10T12:59:07.332+0600] {override.py:1930} INFO - Created Permission View: can read on DAG Run:tutorial_objectstorage
[2025-02-10T12:59:07.343+0600] {logging_mixin.py:190} INFO - [2025-02-10T12:59:07.342+0600] {override.py:1930} INFO - Created Permission View: can create on DAG Run:tutorial_objectstorage
[2025-02-10T12:59:07.353+0600] {logging_mixin.py:190} INFO - [2025-02-10T12:59:07.352+0600] {override.py:1930} INFO - Created Permission View: menu access on DAG Run:tutorial_objectstorage
[2025-02-10T12:59:07.353+0600] {logging_mixin.py:190} INFO - [2025-02-10T12:59:07.353+0600] {dag.py:3239} INFO - Sync 1 DAGs
[2025-02-10T12:59:07.375+0600] {logging_mixin.py:190} INFO - [2025-02-10T12:59:07.374+0600] {dag.py:3262} INFO - Creating ORM DAG for tutorial_objectstorage
[2025-02-10T12:59:07.376+0600] {logging_mixin.py:190} INFO - [2025-02-10T12:59:07.375+0600] {dag.py:4180} INFO - Setting next_dagrun for tutorial_objectstorage to None, run_after=None
[2025-02-10T12:59:07.403+0600] {processor.py:208} INFO - Processing /home/shamim/airflow_git/Airflow_project/air_venv/lib/python3.12/site-packages/airflow/example_dags/tutorial_objectstorage.py took 0.290 seconds
[2025-02-10T13:00:30.728+0600] {processor.py:186} INFO - Started process (PID=13493) to work on /home/shamim/airflow_git/Airflow_project/air_venv/lib/python3.12/site-packages/airflow/example_dags/tutorial_objectstorage.py
[2025-02-10T13:00:30.729+0600] {processor.py:914} INFO - Processing file /home/shamim/airflow_git/Airflow_project/air_venv/lib/python3.12/site-packages/airflow/example_dags/tutorial_objectstorage.py for tasks to queue
[2025-02-10T13:00:30.732+0600] {logging_mixin.py:190} INFO - [2025-02-10T13:00:30.731+0600] {dagbag.py:588} INFO - Filling up the DagBag from /home/shamim/airflow_git/Airflow_project/air_venv/lib/python3.12/site-packages/airflow/example_dags/tutorial_objectstorage.py
[2025-02-10T13:00:30.743+0600] {processor.py:925} INFO - DAG(s) 'tutorial_objectstorage' retrieved from /home/shamim/airflow_git/Airflow_project/air_venv/lib/python3.12/site-packages/airflow/example_dags/tutorial_objectstorage.py
[2025-02-10T13:00:30.759+0600] {logging_mixin.py:190} INFO - [2025-02-10T13:00:30.759+0600] {dag.py:3239} INFO - Sync 1 DAGs
[2025-02-10T13:00:30.775+0600] {logging_mixin.py:190} INFO - [2025-02-10T13:00:30.775+0600] {dag.py:4180} INFO - Setting next_dagrun for tutorial_objectstorage to None, run_after=None
[2025-02-10T13:00:30.798+0600] {processor.py:208} INFO - Processing /home/shamim/airflow_git/Airflow_project/air_venv/lib/python3.12/site-packages/airflow/example_dags/tutorial_objectstorage.py took 0.077 seconds
[2025-02-10T13:01:15.979+0600] {processor.py:186} INFO - Started process (PID=13582) to work on /home/shamim/airflow_git/Airflow_project/air_venv/lib/python3.12/site-packages/airflow/example_dags/tutorial_objectstorage.py
[2025-02-10T13:01:15.980+0600] {processor.py:914} INFO - Processing file /home/shamim/airflow_git/Airflow_project/air_venv/lib/python3.12/site-packages/airflow/example_dags/tutorial_objectstorage.py for tasks to queue
[2025-02-10T13:01:15.984+0600] {logging_mixin.py:190} INFO - [2025-02-10T13:01:15.983+0600] {dagbag.py:588} INFO - Filling up the DagBag from /home/shamim/airflow_git/Airflow_project/air_venv/lib/python3.12/site-packages/airflow/example_dags/tutorial_objectstorage.py
[2025-02-10T13:01:15.995+0600] {processor.py:925} INFO - DAG(s) 'tutorial_objectstorage' retrieved from /home/shamim/airflow_git/Airflow_project/air_venv/lib/python3.12/site-packages/airflow/example_dags/tutorial_objectstorage.py
[2025-02-10T13:01:16.012+0600] {logging_mixin.py:190} INFO - [2025-02-10T13:01:16.012+0600] {dag.py:3239} INFO - Sync 1 DAGs
[2025-02-10T13:01:16.031+0600] {logging_mixin.py:190} INFO - [2025-02-10T13:01:16.031+0600] {dag.py:4180} INFO - Setting next_dagrun for tutorial_objectstorage to None, run_after=None
[2025-02-10T13:01:16.058+0600] {processor.py:208} INFO - Processing /home/shamim/airflow_git/Airflow_project/air_venv/lib/python3.12/site-packages/airflow/example_dags/tutorial_objectstorage.py took 0.086 seconds
[2025-02-10T13:02:26.834+0600] {processor.py:186} INFO - Started process (PID=13715) to work on /home/shamim/airflow_git/Airflow_project/air_venv/lib/python3.12/site-packages/airflow/example_dags/tutorial_objectstorage.py
[2025-02-10T13:02:26.839+0600] {processor.py:914} INFO - Processing file /home/shamim/airflow_git/Airflow_project/air_venv/lib/python3.12/site-packages/airflow/example_dags/tutorial_objectstorage.py for tasks to queue
[2025-02-10T13:02:26.842+0600] {logging_mixin.py:190} INFO - [2025-02-10T13:02:26.842+0600] {dagbag.py:588} INFO - Filling up the DagBag from /home/shamim/airflow_git/Airflow_project/air_venv/lib/python3.12/site-packages/airflow/example_dags/tutorial_objectstorage.py
[2025-02-10T13:02:26.855+0600] {processor.py:925} INFO - DAG(s) 'tutorial_objectstorage' retrieved from /home/shamim/airflow_git/Airflow_project/air_venv/lib/python3.12/site-packages/airflow/example_dags/tutorial_objectstorage.py
[2025-02-10T13:02:26.872+0600] {logging_mixin.py:190} INFO - [2025-02-10T13:02:26.872+0600] {dag.py:3239} INFO - Sync 1 DAGs
[2025-02-10T13:02:26.886+0600] {logging_mixin.py:190} INFO - [2025-02-10T13:02:26.886+0600] {dag.py:4180} INFO - Setting next_dagrun for tutorial_objectstorage to None, run_after=None
[2025-02-10T13:02:26.910+0600] {processor.py:208} INFO - Processing /home/shamim/airflow_git/Airflow_project/air_venv/lib/python3.12/site-packages/airflow/example_dags/tutorial_objectstorage.py took 0.084 seconds
[2025-02-10T13:03:33.060+0600] {processor.py:186} INFO - Started process (PID=13876) to work on /home/shamim/airflow_git/Airflow_project/air_venv/lib/python3.12/site-packages/airflow/example_dags/tutorial_objectstorage.py
[2025-02-10T13:03:33.066+0600] {processor.py:914} INFO - Processing file /home/shamim/airflow_git/Airflow_project/air_venv/lib/python3.12/site-packages/airflow/example_dags/tutorial_objectstorage.py for tasks to queue
[2025-02-10T13:03:33.069+0600] {logging_mixin.py:190} INFO - [2025-02-10T13:03:33.068+0600] {dagbag.py:588} INFO - Filling up the DagBag from /home/shamim/airflow_git/Airflow_project/air_venv/lib/python3.12/site-packages/airflow/example_dags/tutorial_objectstorage.py
[2025-02-10T13:03:33.082+0600] {processor.py:925} INFO - DAG(s) 'tutorial_objectstorage' retrieved from /home/shamim/airflow_git/Airflow_project/air_venv/lib/python3.12/site-packages/airflow/example_dags/tutorial_objectstorage.py
[2025-02-10T13:03:33.100+0600] {logging_mixin.py:190} INFO - [2025-02-10T13:03:33.100+0600] {dag.py:3239} INFO - Sync 1 DAGs
[2025-02-10T13:03:33.124+0600] {logging_mixin.py:190} INFO - [2025-02-10T13:03:33.124+0600] {dag.py:4180} INFO - Setting next_dagrun for tutorial_objectstorage to None, run_after=None
[2025-02-10T13:03:33.155+0600] {processor.py:208} INFO - Processing /home/shamim/airflow_git/Airflow_project/air_venv/lib/python3.12/site-packages/airflow/example_dags/tutorial_objectstorage.py took 0.102 seconds
[2025-02-10T13:04:39.563+0600] {processor.py:186} INFO - Started process (PID=14020) to work on /home/shamim/airflow_git/Airflow_project/air_venv/lib/python3.12/site-packages/airflow/example_dags/tutorial_objectstorage.py
[2025-02-10T13:04:39.565+0600] {processor.py:914} INFO - Processing file /home/shamim/airflow_git/Airflow_project/air_venv/lib/python3.12/site-packages/airflow/example_dags/tutorial_objectstorage.py for tasks to queue
[2025-02-10T13:04:39.568+0600] {logging_mixin.py:190} INFO - [2025-02-10T13:04:39.567+0600] {dagbag.py:588} INFO - Filling up the DagBag from /home/shamim/airflow_git/Airflow_project/air_venv/lib/python3.12/site-packages/airflow/example_dags/tutorial_objectstorage.py
[2025-02-10T13:04:39.582+0600] {processor.py:925} INFO - DAG(s) 'tutorial_objectstorage' retrieved from /home/shamim/airflow_git/Airflow_project/air_venv/lib/python3.12/site-packages/airflow/example_dags/tutorial_objectstorage.py
[2025-02-10T13:04:39.601+0600] {logging_mixin.py:190} INFO - [2025-02-10T13:04:39.601+0600] {dag.py:3239} INFO - Sync 1 DAGs
[2025-02-10T13:04:39.617+0600] {logging_mixin.py:190} INFO - [2025-02-10T13:04:39.616+0600] {dag.py:4180} INFO - Setting next_dagrun for tutorial_objectstorage to None, run_after=None
[2025-02-10T13:04:39.650+0600] {processor.py:208} INFO - Processing /home/shamim/airflow_git/Airflow_project/air_venv/lib/python3.12/site-packages/airflow/example_dags/tutorial_objectstorage.py took 0.094 seconds
[2025-02-10T13:05:47.831+0600] {processor.py:186} INFO - Started process (PID=14119) to work on /home/shamim/airflow_git/Airflow_project/air_venv/lib/python3.12/site-packages/airflow/example_dags/tutorial_objectstorage.py
[2025-02-10T13:05:47.837+0600] {processor.py:914} INFO - Processing file /home/shamim/airflow_git/Airflow_project/air_venv/lib/python3.12/site-packages/airflow/example_dags/tutorial_objectstorage.py for tasks to queue
[2025-02-10T13:05:47.840+0600] {logging_mixin.py:190} INFO - [2025-02-10T13:05:47.840+0600] {dagbag.py:588} INFO - Filling up the DagBag from /home/shamim/airflow_git/Airflow_project/air_venv/lib/python3.12/site-packages/airflow/example_dags/tutorial_objectstorage.py
[2025-02-10T13:05:47.853+0600] {processor.py:925} INFO - DAG(s) 'tutorial_objectstorage' retrieved from /home/shamim/airflow_git/Airflow_project/air_venv/lib/python3.12/site-packages/airflow/example_dags/tutorial_objectstorage.py
[2025-02-10T13:05:47.871+0600] {logging_mixin.py:190} INFO - [2025-02-10T13:05:47.871+0600] {dag.py:3239} INFO - Sync 1 DAGs
[2025-02-10T13:05:47.885+0600] {logging_mixin.py:190} INFO - [2025-02-10T13:05:47.885+0600] {dag.py:4180} INFO - Setting next_dagrun for tutorial_objectstorage to None, run_after=None
[2025-02-10T13:05:47.909+0600] {processor.py:208} INFO - Processing /home/shamim/airflow_git/Airflow_project/air_venv/lib/python3.12/site-packages/airflow/example_dags/tutorial_objectstorage.py took 0.086 seconds
[2025-02-10T13:06:55.182+0600] {processor.py:186} INFO - Started process (PID=14263) to work on /home/shamim/airflow_git/Airflow_project/air_venv/lib/python3.12/site-packages/airflow/example_dags/tutorial_objectstorage.py
[2025-02-10T13:06:55.185+0600] {processor.py:914} INFO - Processing file /home/shamim/airflow_git/Airflow_project/air_venv/lib/python3.12/site-packages/airflow/example_dags/tutorial_objectstorage.py for tasks to queue
[2025-02-10T13:06:55.188+0600] {logging_mixin.py:190} INFO - [2025-02-10T13:06:55.188+0600] {dagbag.py:588} INFO - Filling up the DagBag from /home/shamim/airflow_git/Airflow_project/air_venv/lib/python3.12/site-packages/airflow/example_dags/tutorial_objectstorage.py
[2025-02-10T13:06:55.201+0600] {processor.py:925} INFO - DAG(s) 'tutorial_objectstorage' retrieved from /home/shamim/airflow_git/Airflow_project/air_venv/lib/python3.12/site-packages/airflow/example_dags/tutorial_objectstorage.py
[2025-02-10T13:06:55.219+0600] {logging_mixin.py:190} INFO - [2025-02-10T13:06:55.218+0600] {dag.py:3239} INFO - Sync 1 DAGs
[2025-02-10T13:06:55.235+0600] {logging_mixin.py:190} INFO - [2025-02-10T13:06:55.235+0600] {dag.py:4180} INFO - Setting next_dagrun for tutorial_objectstorage to None, run_after=None
[2025-02-10T13:06:55.260+0600] {processor.py:208} INFO - Processing /home/shamim/airflow_git/Airflow_project/air_venv/lib/python3.12/site-packages/airflow/example_dags/tutorial_objectstorage.py took 0.086 seconds
[2025-02-10T13:08:09.251+0600] {processor.py:186} INFO - Started process (PID=14479) to work on /home/shamim/airflow_git/Airflow_project/air_venv/lib/python3.12/site-packages/airflow/example_dags/tutorial_objectstorage.py
[2025-02-10T13:08:09.255+0600] {processor.py:914} INFO - Processing file /home/shamim/airflow_git/Airflow_project/air_venv/lib/python3.12/site-packages/airflow/example_dags/tutorial_objectstorage.py for tasks to queue
[2025-02-10T13:08:09.258+0600] {logging_mixin.py:190} INFO - [2025-02-10T13:08:09.257+0600] {dagbag.py:588} INFO - Filling up the DagBag from /home/shamim/airflow_git/Airflow_project/air_venv/lib/python3.12/site-packages/airflow/example_dags/tutorial_objectstorage.py
[2025-02-10T13:08:09.269+0600] {processor.py:925} INFO - DAG(s) 'tutorial_objectstorage' retrieved from /home/shamim/airflow_git/Airflow_project/air_venv/lib/python3.12/site-packages/airflow/example_dags/tutorial_objectstorage.py
[2025-02-10T13:08:09.286+0600] {logging_mixin.py:190} INFO - [2025-02-10T13:08:09.286+0600] {dag.py:3239} INFO - Sync 1 DAGs
[2025-02-10T13:08:09.302+0600] {logging_mixin.py:190} INFO - [2025-02-10T13:08:09.301+0600] {dag.py:4180} INFO - Setting next_dagrun for tutorial_objectstorage to None, run_after=None
[2025-02-10T13:08:09.324+0600] {processor.py:208} INFO - Processing /home/shamim/airflow_git/Airflow_project/air_venv/lib/python3.12/site-packages/airflow/example_dags/tutorial_objectstorage.py took 0.080 seconds
[2025-02-10T13:09:19.188+0600] {processor.py:186} INFO - Started process (PID=14738) to work on /home/shamim/airflow_git/Airflow_project/air_venv/lib/python3.12/site-packages/airflow/example_dags/tutorial_objectstorage.py
[2025-02-10T13:09:19.191+0600] {processor.py:914} INFO - Processing file /home/shamim/airflow_git/Airflow_project/air_venv/lib/python3.12/site-packages/airflow/example_dags/tutorial_objectstorage.py for tasks to queue
[2025-02-10T13:09:19.194+0600] {logging_mixin.py:190} INFO - [2025-02-10T13:09:19.193+0600] {dagbag.py:588} INFO - Filling up the DagBag from /home/shamim/airflow_git/Airflow_project/air_venv/lib/python3.12/site-packages/airflow/example_dags/tutorial_objectstorage.py
[2025-02-10T13:09:19.209+0600] {processor.py:925} INFO - DAG(s) 'tutorial_objectstorage' retrieved from /home/shamim/airflow_git/Airflow_project/air_venv/lib/python3.12/site-packages/airflow/example_dags/tutorial_objectstorage.py
[2025-02-10T13:09:19.227+0600] {logging_mixin.py:190} INFO - [2025-02-10T13:09:19.227+0600] {dag.py:3239} INFO - Sync 1 DAGs
[2025-02-10T13:09:19.245+0600] {logging_mixin.py:190} INFO - [2025-02-10T13:09:19.245+0600] {dag.py:4180} INFO - Setting next_dagrun for tutorial_objectstorage to None, run_after=None
[2025-02-10T13:09:19.283+0600] {processor.py:208} INFO - Processing /home/shamim/airflow_git/Airflow_project/air_venv/lib/python3.12/site-packages/airflow/example_dags/tutorial_objectstorage.py took 0.106 seconds
[2025-02-10T13:10:28.615+0600] {processor.py:186} INFO - Started process (PID=14850) to work on /home/shamim/airflow_git/Airflow_project/air_venv/lib/python3.12/site-packages/airflow/example_dags/tutorial_objectstorage.py
[2025-02-10T13:10:28.621+0600] {processor.py:914} INFO - Processing file /home/shamim/airflow_git/Airflow_project/air_venv/lib/python3.12/site-packages/airflow/example_dags/tutorial_objectstorage.py for tasks to queue
[2025-02-10T13:10:28.625+0600] {logging_mixin.py:190} INFO - [2025-02-10T13:10:28.624+0600] {dagbag.py:588} INFO - Filling up the DagBag from /home/shamim/airflow_git/Airflow_project/air_venv/lib/python3.12/site-packages/airflow/example_dags/tutorial_objectstorage.py
[2025-02-10T13:10:28.643+0600] {processor.py:925} INFO - DAG(s) 'tutorial_objectstorage' retrieved from /home/shamim/airflow_git/Airflow_project/air_venv/lib/python3.12/site-packages/airflow/example_dags/tutorial_objectstorage.py
[2025-02-10T13:10:28.666+0600] {logging_mixin.py:190} INFO - [2025-02-10T13:10:28.666+0600] {dag.py:3239} INFO - Sync 1 DAGs
[2025-02-10T13:10:28.684+0600] {logging_mixin.py:190} INFO - [2025-02-10T13:10:28.684+0600] {dag.py:4180} INFO - Setting next_dagrun for tutorial_objectstorage to None, run_after=None
[2025-02-10T13:10:28.709+0600] {processor.py:208} INFO - Processing /home/shamim/airflow_git/Airflow_project/air_venv/lib/python3.12/site-packages/airflow/example_dags/tutorial_objectstorage.py took 0.109 seconds
[2025-02-10T13:11:43.673+0600] {processor.py:186} INFO - Started process (PID=14945) to work on /home/shamim/airflow_git/Airflow_project/air_venv/lib/python3.12/site-packages/airflow/example_dags/tutorial_objectstorage.py
[2025-02-10T13:11:43.680+0600] {processor.py:914} INFO - Processing file /home/shamim/airflow_git/Airflow_project/air_venv/lib/python3.12/site-packages/airflow/example_dags/tutorial_objectstorage.py for tasks to queue
[2025-02-10T13:11:43.683+0600] {logging_mixin.py:190} INFO - [2025-02-10T13:11:43.683+0600] {dagbag.py:588} INFO - Filling up the DagBag from /home/shamim/airflow_git/Airflow_project/air_venv/lib/python3.12/site-packages/airflow/example_dags/tutorial_objectstorage.py
[2025-02-10T13:11:43.697+0600] {processor.py:925} INFO - DAG(s) 'tutorial_objectstorage' retrieved from /home/shamim/airflow_git/Airflow_project/air_venv/lib/python3.12/site-packages/airflow/example_dags/tutorial_objectstorage.py
[2025-02-10T13:11:43.719+0600] {logging_mixin.py:190} INFO - [2025-02-10T13:11:43.718+0600] {dag.py:3239} INFO - Sync 1 DAGs
[2025-02-10T13:11:43.741+0600] {logging_mixin.py:190} INFO - [2025-02-10T13:11:43.741+0600] {dag.py:4180} INFO - Setting next_dagrun for tutorial_objectstorage to None, run_after=None
[2025-02-10T13:11:43.780+0600] {processor.py:208} INFO - Processing /home/shamim/airflow_git/Airflow_project/air_venv/lib/python3.12/site-packages/airflow/example_dags/tutorial_objectstorage.py took 0.121 seconds
[2025-02-10T13:12:57.676+0600] {processor.py:186} INFO - Started process (PID=15047) to work on /home/shamim/airflow_git/Airflow_project/air_venv/lib/python3.12/site-packages/airflow/example_dags/tutorial_objectstorage.py
[2025-02-10T13:12:57.680+0600] {processor.py:914} INFO - Processing file /home/shamim/airflow_git/Airflow_project/air_venv/lib/python3.12/site-packages/airflow/example_dags/tutorial_objectstorage.py for tasks to queue
[2025-02-10T13:12:57.685+0600] {logging_mixin.py:190} INFO - [2025-02-10T13:12:57.684+0600] {dagbag.py:588} INFO - Filling up the DagBag from /home/shamim/airflow_git/Airflow_project/air_venv/lib/python3.12/site-packages/airflow/example_dags/tutorial_objectstorage.py
[2025-02-10T13:12:57.711+0600] {processor.py:925} INFO - DAG(s) 'tutorial_objectstorage' retrieved from /home/shamim/airflow_git/Airflow_project/air_venv/lib/python3.12/site-packages/airflow/example_dags/tutorial_objectstorage.py
[2025-02-10T13:12:57.751+0600] {logging_mixin.py:190} INFO - [2025-02-10T13:12:57.750+0600] {dag.py:3239} INFO - Sync 1 DAGs
[2025-02-10T13:12:57.787+0600] {logging_mixin.py:190} INFO - [2025-02-10T13:12:57.787+0600] {dag.py:4180} INFO - Setting next_dagrun for tutorial_objectstorage to None, run_after=None
[2025-02-10T13:12:57.879+0600] {processor.py:208} INFO - Processing /home/shamim/airflow_git/Airflow_project/air_venv/lib/python3.12/site-packages/airflow/example_dags/tutorial_objectstorage.py took 0.224 seconds
[2025-02-10T13:14:12.811+0600] {processor.py:186} INFO - Started process (PID=15184) to work on /home/shamim/airflow_git/Airflow_project/air_venv/lib/python3.12/site-packages/airflow/example_dags/tutorial_objectstorage.py
[2025-02-10T13:14:12.818+0600] {processor.py:914} INFO - Processing file /home/shamim/airflow_git/Airflow_project/air_venv/lib/python3.12/site-packages/airflow/example_dags/tutorial_objectstorage.py for tasks to queue
[2025-02-10T13:14:12.821+0600] {logging_mixin.py:190} INFO - [2025-02-10T13:14:12.821+0600] {dagbag.py:588} INFO - Filling up the DagBag from /home/shamim/airflow_git/Airflow_project/air_venv/lib/python3.12/site-packages/airflow/example_dags/tutorial_objectstorage.py
[2025-02-10T13:14:12.838+0600] {processor.py:925} INFO - DAG(s) 'tutorial_objectstorage' retrieved from /home/shamim/airflow_git/Airflow_project/air_venv/lib/python3.12/site-packages/airflow/example_dags/tutorial_objectstorage.py
[2025-02-10T13:14:12.860+0600] {logging_mixin.py:190} INFO - [2025-02-10T13:14:12.860+0600] {dag.py:3239} INFO - Sync 1 DAGs
[2025-02-10T13:14:12.885+0600] {logging_mixin.py:190} INFO - [2025-02-10T13:14:12.884+0600] {dag.py:4180} INFO - Setting next_dagrun for tutorial_objectstorage to None, run_after=None
[2025-02-10T13:14:12.920+0600] {processor.py:208} INFO - Processing /home/shamim/airflow_git/Airflow_project/air_venv/lib/python3.12/site-packages/airflow/example_dags/tutorial_objectstorage.py took 0.126 seconds
[2025-02-10T13:15:21.515+0600] {processor.py:186} INFO - Started process (PID=15277) to work on /home/shamim/airflow_git/Airflow_project/air_venv/lib/python3.12/site-packages/airflow/example_dags/tutorial_objectstorage.py
[2025-02-10T13:15:21.521+0600] {processor.py:914} INFO - Processing file /home/shamim/airflow_git/Airflow_project/air_venv/lib/python3.12/site-packages/airflow/example_dags/tutorial_objectstorage.py for tasks to queue
[2025-02-10T13:15:21.524+0600] {logging_mixin.py:190} INFO - [2025-02-10T13:15:21.524+0600] {dagbag.py:588} INFO - Filling up the DagBag from /home/shamim/airflow_git/Airflow_project/air_venv/lib/python3.12/site-packages/airflow/example_dags/tutorial_objectstorage.py
[2025-02-10T13:15:21.536+0600] {processor.py:925} INFO - DAG(s) 'tutorial_objectstorage' retrieved from /home/shamim/airflow_git/Airflow_project/air_venv/lib/python3.12/site-packages/airflow/example_dags/tutorial_objectstorage.py
[2025-02-10T13:15:21.554+0600] {logging_mixin.py:190} INFO - [2025-02-10T13:15:21.554+0600] {dag.py:3239} INFO - Sync 1 DAGs
[2025-02-10T13:15:21.569+0600] {logging_mixin.py:190} INFO - [2025-02-10T13:15:21.569+0600] {dag.py:4180} INFO - Setting next_dagrun for tutorial_objectstorage to None, run_after=None
[2025-02-10T13:15:21.596+0600] {processor.py:208} INFO - Processing /home/shamim/airflow_git/Airflow_project/air_venv/lib/python3.12/site-packages/airflow/example_dags/tutorial_objectstorage.py took 0.091 seconds
[2025-02-10T13:16:28.688+0600] {processor.py:186} INFO - Started process (PID=15370) to work on /home/shamim/airflow_git/Airflow_project/air_venv/lib/python3.12/site-packages/airflow/example_dags/tutorial_objectstorage.py
[2025-02-10T13:16:28.693+0600] {processor.py:914} INFO - Processing file /home/shamim/airflow_git/Airflow_project/air_venv/lib/python3.12/site-packages/airflow/example_dags/tutorial_objectstorage.py for tasks to queue
[2025-02-10T13:16:28.698+0600] {logging_mixin.py:190} INFO - [2025-02-10T13:16:28.697+0600] {dagbag.py:588} INFO - Filling up the DagBag from /home/shamim/airflow_git/Airflow_project/air_venv/lib/python3.12/site-packages/airflow/example_dags/tutorial_objectstorage.py
[2025-02-10T13:16:28.712+0600] {processor.py:925} INFO - DAG(s) 'tutorial_objectstorage' retrieved from /home/shamim/airflow_git/Airflow_project/air_venv/lib/python3.12/site-packages/airflow/example_dags/tutorial_objectstorage.py
[2025-02-10T13:16:28.729+0600] {logging_mixin.py:190} INFO - [2025-02-10T13:16:28.729+0600] {dag.py:3239} INFO - Sync 1 DAGs
[2025-02-10T13:16:28.744+0600] {logging_mixin.py:190} INFO - [2025-02-10T13:16:28.744+0600] {dag.py:4180} INFO - Setting next_dagrun for tutorial_objectstorage to None, run_after=None
[2025-02-10T13:16:28.771+0600] {processor.py:208} INFO - Processing /home/shamim/airflow_git/Airflow_project/air_venv/lib/python3.12/site-packages/airflow/example_dags/tutorial_objectstorage.py took 0.098 seconds
[2025-02-10T13:17:39.039+0600] {processor.py:186} INFO - Started process (PID=15464) to work on /home/shamim/airflow_git/Airflow_project/air_venv/lib/python3.12/site-packages/airflow/example_dags/tutorial_objectstorage.py
[2025-02-10T13:17:39.046+0600] {processor.py:914} INFO - Processing file /home/shamim/airflow_git/Airflow_project/air_venv/lib/python3.12/site-packages/airflow/example_dags/tutorial_objectstorage.py for tasks to queue
[2025-02-10T13:17:39.051+0600] {logging_mixin.py:190} INFO - [2025-02-10T13:17:39.050+0600] {dagbag.py:588} INFO - Filling up the DagBag from /home/shamim/airflow_git/Airflow_project/air_venv/lib/python3.12/site-packages/airflow/example_dags/tutorial_objectstorage.py
[2025-02-10T13:17:39.064+0600] {processor.py:925} INFO - DAG(s) 'tutorial_objectstorage' retrieved from /home/shamim/airflow_git/Airflow_project/air_venv/lib/python3.12/site-packages/airflow/example_dags/tutorial_objectstorage.py
[2025-02-10T13:17:39.086+0600] {logging_mixin.py:190} INFO - [2025-02-10T13:17:39.085+0600] {dag.py:3239} INFO - Sync 1 DAGs
[2025-02-10T13:17:39.104+0600] {logging_mixin.py:190} INFO - [2025-02-10T13:17:39.104+0600] {dag.py:4180} INFO - Setting next_dagrun for tutorial_objectstorage to None, run_after=None
[2025-02-10T13:17:39.144+0600] {processor.py:208} INFO - Processing /home/shamim/airflow_git/Airflow_project/air_venv/lib/python3.12/site-packages/airflow/example_dags/tutorial_objectstorage.py took 0.118 seconds
[2025-02-10T13:18:58.024+0600] {processor.py:186} INFO - Started process (PID=15864) to work on /home/shamim/airflow_git/Airflow_project/air_venv/lib/python3.12/site-packages/airflow/example_dags/tutorial_objectstorage.py
[2025-02-10T13:18:58.031+0600] {processor.py:914} INFO - Processing file /home/shamim/airflow_git/Airflow_project/air_venv/lib/python3.12/site-packages/airflow/example_dags/tutorial_objectstorage.py for tasks to queue
[2025-02-10T13:18:58.033+0600] {logging_mixin.py:190} INFO - [2025-02-10T13:18:58.032+0600] {dagbag.py:588} INFO - Filling up the DagBag from /home/shamim/airflow_git/Airflow_project/air_venv/lib/python3.12/site-packages/airflow/example_dags/tutorial_objectstorage.py
[2025-02-10T13:18:58.049+0600] {processor.py:925} INFO - DAG(s) 'tutorial_objectstorage' retrieved from /home/shamim/airflow_git/Airflow_project/air_venv/lib/python3.12/site-packages/airflow/example_dags/tutorial_objectstorage.py
[2025-02-10T13:18:58.067+0600] {logging_mixin.py:190} INFO - [2025-02-10T13:18:58.066+0600] {dag.py:3239} INFO - Sync 1 DAGs
[2025-02-10T13:18:58.082+0600] {logging_mixin.py:190} INFO - [2025-02-10T13:18:58.082+0600] {dag.py:4180} INFO - Setting next_dagrun for tutorial_objectstorage to None, run_after=None
[2025-02-10T13:18:58.106+0600] {processor.py:208} INFO - Processing /home/shamim/airflow_git/Airflow_project/air_venv/lib/python3.12/site-packages/airflow/example_dags/tutorial_objectstorage.py took 0.095 seconds
[2025-02-10T13:20:11.955+0600] {processor.py:186} INFO - Started process (PID=16420) to work on /home/shamim/airflow_git/Airflow_project/air_venv/lib/python3.12/site-packages/airflow/example_dags/tutorial_objectstorage.py
[2025-02-10T13:20:11.961+0600] {processor.py:914} INFO - Processing file /home/shamim/airflow_git/Airflow_project/air_venv/lib/python3.12/site-packages/airflow/example_dags/tutorial_objectstorage.py for tasks to queue
[2025-02-10T13:20:11.963+0600] {logging_mixin.py:190} INFO - [2025-02-10T13:20:11.963+0600] {dagbag.py:588} INFO - Filling up the DagBag from /home/shamim/airflow_git/Airflow_project/air_venv/lib/python3.12/site-packages/airflow/example_dags/tutorial_objectstorage.py
[2025-02-10T13:20:11.980+0600] {processor.py:925} INFO - DAG(s) 'tutorial_objectstorage' retrieved from /home/shamim/airflow_git/Airflow_project/air_venv/lib/python3.12/site-packages/airflow/example_dags/tutorial_objectstorage.py
[2025-02-10T13:20:11.997+0600] {logging_mixin.py:190} INFO - [2025-02-10T13:20:11.997+0600] {dag.py:3239} INFO - Sync 1 DAGs
[2025-02-10T13:20:12.012+0600] {logging_mixin.py:190} INFO - [2025-02-10T13:20:12.012+0600] {dag.py:4180} INFO - Setting next_dagrun for tutorial_objectstorage to None, run_after=None
[2025-02-10T13:20:12.038+0600] {processor.py:208} INFO - Processing /home/shamim/airflow_git/Airflow_project/air_venv/lib/python3.12/site-packages/airflow/example_dags/tutorial_objectstorage.py took 0.097 seconds
[2025-02-10T13:21:25.376+0600] {processor.py:186} INFO - Started process (PID=16990) to work on /home/shamim/airflow_git/Airflow_project/air_venv/lib/python3.12/site-packages/airflow/example_dags/tutorial_objectstorage.py
[2025-02-10T13:21:25.382+0600] {processor.py:914} INFO - Processing file /home/shamim/airflow_git/Airflow_project/air_venv/lib/python3.12/site-packages/airflow/example_dags/tutorial_objectstorage.py for tasks to queue
[2025-02-10T13:21:25.384+0600] {logging_mixin.py:190} INFO - [2025-02-10T13:21:25.383+0600] {dagbag.py:588} INFO - Filling up the DagBag from /home/shamim/airflow_git/Airflow_project/air_venv/lib/python3.12/site-packages/airflow/example_dags/tutorial_objectstorage.py
[2025-02-10T13:21:25.398+0600] {processor.py:925} INFO - DAG(s) 'tutorial_objectstorage' retrieved from /home/shamim/airflow_git/Airflow_project/air_venv/lib/python3.12/site-packages/airflow/example_dags/tutorial_objectstorage.py
[2025-02-10T13:21:25.417+0600] {logging_mixin.py:190} INFO - [2025-02-10T13:21:25.417+0600] {dag.py:3239} INFO - Sync 1 DAGs
[2025-02-10T13:21:25.434+0600] {logging_mixin.py:190} INFO - [2025-02-10T13:21:25.434+0600] {dag.py:4180} INFO - Setting next_dagrun for tutorial_objectstorage to None, run_after=None
[2025-02-10T13:21:25.465+0600] {processor.py:208} INFO - Processing /home/shamim/airflow_git/Airflow_project/air_venv/lib/python3.12/site-packages/airflow/example_dags/tutorial_objectstorage.py took 0.100 seconds
[2025-02-10T13:22:43.002+0600] {processor.py:186} INFO - Started process (PID=17368) to work on /home/shamim/airflow_git/Airflow_project/air_venv/lib/python3.12/site-packages/airflow/example_dags/tutorial_objectstorage.py
[2025-02-10T13:22:43.005+0600] {processor.py:914} INFO - Processing file /home/shamim/airflow_git/Airflow_project/air_venv/lib/python3.12/site-packages/airflow/example_dags/tutorial_objectstorage.py for tasks to queue
[2025-02-10T13:22:43.006+0600] {logging_mixin.py:190} INFO - [2025-02-10T13:22:43.006+0600] {dagbag.py:588} INFO - Filling up the DagBag from /home/shamim/airflow_git/Airflow_project/air_venv/lib/python3.12/site-packages/airflow/example_dags/tutorial_objectstorage.py
[2025-02-10T13:22:43.019+0600] {processor.py:925} INFO - DAG(s) 'tutorial_objectstorage' retrieved from /home/shamim/airflow_git/Airflow_project/air_venv/lib/python3.12/site-packages/airflow/example_dags/tutorial_objectstorage.py
[2025-02-10T13:22:43.037+0600] {logging_mixin.py:190} INFO - [2025-02-10T13:22:43.036+0600] {dag.py:3239} INFO - Sync 1 DAGs
[2025-02-10T13:22:43.052+0600] {logging_mixin.py:190} INFO - [2025-02-10T13:22:43.052+0600] {dag.py:4180} INFO - Setting next_dagrun for tutorial_objectstorage to None, run_after=None
[2025-02-10T13:22:43.077+0600] {processor.py:208} INFO - Processing /home/shamim/airflow_git/Airflow_project/air_venv/lib/python3.12/site-packages/airflow/example_dags/tutorial_objectstorage.py took 0.085 seconds
[2025-02-10T13:23:59.378+0600] {processor.py:186} INFO - Started process (PID=17523) to work on /home/shamim/airflow_git/Airflow_project/air_venv/lib/python3.12/site-packages/airflow/example_dags/tutorial_objectstorage.py
[2025-02-10T13:23:59.385+0600] {processor.py:914} INFO - Processing file /home/shamim/airflow_git/Airflow_project/air_venv/lib/python3.12/site-packages/airflow/example_dags/tutorial_objectstorage.py for tasks to queue
[2025-02-10T13:23:59.386+0600] {logging_mixin.py:190} INFO - [2025-02-10T13:23:59.386+0600] {dagbag.py:588} INFO - Filling up the DagBag from /home/shamim/airflow_git/Airflow_project/air_venv/lib/python3.12/site-packages/airflow/example_dags/tutorial_objectstorage.py
[2025-02-10T13:23:59.399+0600] {processor.py:925} INFO - DAG(s) 'tutorial_objectstorage' retrieved from /home/shamim/airflow_git/Airflow_project/air_venv/lib/python3.12/site-packages/airflow/example_dags/tutorial_objectstorage.py
[2025-02-10T13:23:59.416+0600] {logging_mixin.py:190} INFO - [2025-02-10T13:23:59.416+0600] {dag.py:3239} INFO - Sync 1 DAGs
[2025-02-10T13:23:59.431+0600] {logging_mixin.py:190} INFO - [2025-02-10T13:23:59.431+0600] {dag.py:4180} INFO - Setting next_dagrun for tutorial_objectstorage to None, run_after=None
[2025-02-10T13:23:59.458+0600] {processor.py:208} INFO - Processing /home/shamim/airflow_git/Airflow_project/air_venv/lib/python3.12/site-packages/airflow/example_dags/tutorial_objectstorage.py took 0.091 seconds
[2025-02-10T13:25:09.565+0600] {processor.py:186} INFO - Started process (PID=17724) to work on /home/shamim/airflow_git/Airflow_project/air_venv/lib/python3.12/site-packages/airflow/example_dags/tutorial_objectstorage.py
[2025-02-10T13:25:09.574+0600] {processor.py:914} INFO - Processing file /home/shamim/airflow_git/Airflow_project/air_venv/lib/python3.12/site-packages/airflow/example_dags/tutorial_objectstorage.py for tasks to queue
[2025-02-10T13:25:09.576+0600] {logging_mixin.py:190} INFO - [2025-02-10T13:25:09.575+0600] {dagbag.py:588} INFO - Filling up the DagBag from /home/shamim/airflow_git/Airflow_project/air_venv/lib/python3.12/site-packages/airflow/example_dags/tutorial_objectstorage.py
[2025-02-10T13:25:09.593+0600] {processor.py:925} INFO - DAG(s) 'tutorial_objectstorage' retrieved from /home/shamim/airflow_git/Airflow_project/air_venv/lib/python3.12/site-packages/airflow/example_dags/tutorial_objectstorage.py
[2025-02-10T13:25:09.617+0600] {logging_mixin.py:190} INFO - [2025-02-10T13:25:09.616+0600] {dag.py:3239} INFO - Sync 1 DAGs
[2025-02-10T13:25:09.644+0600] {logging_mixin.py:190} INFO - [2025-02-10T13:25:09.643+0600] {dag.py:4180} INFO - Setting next_dagrun for tutorial_objectstorage to None, run_after=None
[2025-02-10T13:25:09.686+0600] {processor.py:208} INFO - Processing /home/shamim/airflow_git/Airflow_project/air_venv/lib/python3.12/site-packages/airflow/example_dags/tutorial_objectstorage.py took 0.144 seconds
[2025-02-10T13:25:51.900+0600] {processor.py:186} INFO - Started process (PID=17778) to work on /home/shamim/airflow_git/Airflow_project/air_venv/lib/python3.12/site-packages/airflow/example_dags/tutorial_objectstorage.py
[2025-02-10T13:25:51.906+0600] {processor.py:914} INFO - Processing file /home/shamim/airflow_git/Airflow_project/air_venv/lib/python3.12/site-packages/airflow/example_dags/tutorial_objectstorage.py for tasks to queue
[2025-02-10T13:25:51.908+0600] {logging_mixin.py:190} INFO - [2025-02-10T13:25:51.908+0600] {dagbag.py:588} INFO - Filling up the DagBag from /home/shamim/airflow_git/Airflow_project/air_venv/lib/python3.12/site-packages/airflow/example_dags/tutorial_objectstorage.py
[2025-02-10T13:25:51.923+0600] {processor.py:925} INFO - DAG(s) 'tutorial_objectstorage' retrieved from /home/shamim/airflow_git/Airflow_project/air_venv/lib/python3.12/site-packages/airflow/example_dags/tutorial_objectstorage.py
[2025-02-10T13:25:51.940+0600] {logging_mixin.py:190} INFO - [2025-02-10T13:25:51.940+0600] {dag.py:3239} INFO - Sync 1 DAGs
[2025-02-10T13:25:51.956+0600] {logging_mixin.py:190} INFO - [2025-02-10T13:25:51.956+0600] {dag.py:4180} INFO - Setting next_dagrun for tutorial_objectstorage to None, run_after=None
[2025-02-10T13:25:51.991+0600] {processor.py:208} INFO - Processing /home/shamim/airflow_git/Airflow_project/air_venv/lib/python3.12/site-packages/airflow/example_dags/tutorial_objectstorage.py took 0.102 seconds
[2025-02-10T13:27:07.268+0600] {processor.py:186} INFO - Started process (PID=17881) to work on /home/shamim/airflow_git/Airflow_project/air_venv/lib/python3.12/site-packages/airflow/example_dags/tutorial_objectstorage.py
[2025-02-10T13:27:07.274+0600] {processor.py:914} INFO - Processing file /home/shamim/airflow_git/Airflow_project/air_venv/lib/python3.12/site-packages/airflow/example_dags/tutorial_objectstorage.py for tasks to queue
[2025-02-10T13:27:07.276+0600] {logging_mixin.py:190} INFO - [2025-02-10T13:27:07.275+0600] {dagbag.py:588} INFO - Filling up the DagBag from /home/shamim/airflow_git/Airflow_project/air_venv/lib/python3.12/site-packages/airflow/example_dags/tutorial_objectstorage.py
[2025-02-10T13:27:07.289+0600] {processor.py:925} INFO - DAG(s) 'tutorial_objectstorage' retrieved from /home/shamim/airflow_git/Airflow_project/air_venv/lib/python3.12/site-packages/airflow/example_dags/tutorial_objectstorage.py
[2025-02-10T13:27:07.306+0600] {logging_mixin.py:190} INFO - [2025-02-10T13:27:07.306+0600] {dag.py:3239} INFO - Sync 1 DAGs
[2025-02-10T13:27:07.323+0600] {logging_mixin.py:190} INFO - [2025-02-10T13:27:07.322+0600] {dag.py:4180} INFO - Setting next_dagrun for tutorial_objectstorage to None, run_after=None
[2025-02-10T13:27:07.365+0600] {processor.py:208} INFO - Processing /home/shamim/airflow_git/Airflow_project/air_venv/lib/python3.12/site-packages/airflow/example_dags/tutorial_objectstorage.py took 0.107 seconds
[2025-02-10T13:28:33.080+0600] {processor.py:186} INFO - Started process (PID=18405) to work on /home/shamim/airflow_git/Airflow_project/air_venv/lib/python3.12/site-packages/airflow/example_dags/tutorial_objectstorage.py
[2025-02-10T13:28:33.094+0600] {processor.py:914} INFO - Processing file /home/shamim/airflow_git/Airflow_project/air_venv/lib/python3.12/site-packages/airflow/example_dags/tutorial_objectstorage.py for tasks to queue
[2025-02-10T13:28:33.096+0600] {logging_mixin.py:190} INFO - [2025-02-10T13:28:33.095+0600] {dagbag.py:588} INFO - Filling up the DagBag from /home/shamim/airflow_git/Airflow_project/air_venv/lib/python3.12/site-packages/airflow/example_dags/tutorial_objectstorage.py
[2025-02-10T13:28:33.110+0600] {processor.py:925} INFO - DAG(s) 'tutorial_objectstorage' retrieved from /home/shamim/airflow_git/Airflow_project/air_venv/lib/python3.12/site-packages/airflow/example_dags/tutorial_objectstorage.py
[2025-02-10T13:28:33.127+0600] {logging_mixin.py:190} INFO - [2025-02-10T13:28:33.126+0600] {dag.py:3239} INFO - Sync 1 DAGs
[2025-02-10T13:28:33.142+0600] {logging_mixin.py:190} INFO - [2025-02-10T13:28:33.142+0600] {dag.py:4180} INFO - Setting next_dagrun for tutorial_objectstorage to None, run_after=None
[2025-02-10T13:28:33.166+0600] {processor.py:208} INFO - Processing /home/shamim/airflow_git/Airflow_project/air_venv/lib/python3.12/site-packages/airflow/example_dags/tutorial_objectstorage.py took 0.099 seconds
[2025-02-10T13:29:16.520+0600] {processor.py:186} INFO - Started process (PID=18706) to work on /home/shamim/airflow_git/Airflow_project/air_venv/lib/python3.12/site-packages/airflow/example_dags/tutorial_objectstorage.py
[2025-02-10T13:29:16.522+0600] {processor.py:914} INFO - Processing file /home/shamim/airflow_git/Airflow_project/air_venv/lib/python3.12/site-packages/airflow/example_dags/tutorial_objectstorage.py for tasks to queue
[2025-02-10T13:29:16.523+0600] {logging_mixin.py:190} INFO - [2025-02-10T13:29:16.523+0600] {dagbag.py:588} INFO - Filling up the DagBag from /home/shamim/airflow_git/Airflow_project/air_venv/lib/python3.12/site-packages/airflow/example_dags/tutorial_objectstorage.py
[2025-02-10T13:29:16.542+0600] {processor.py:925} INFO - DAG(s) 'tutorial_objectstorage' retrieved from /home/shamim/airflow_git/Airflow_project/air_venv/lib/python3.12/site-packages/airflow/example_dags/tutorial_objectstorage.py
[2025-02-10T13:29:16.569+0600] {logging_mixin.py:190} INFO - [2025-02-10T13:29:16.568+0600] {dag.py:3239} INFO - Sync 1 DAGs
[2025-02-10T13:29:16.594+0600] {logging_mixin.py:190} INFO - [2025-02-10T13:29:16.593+0600] {dag.py:4180} INFO - Setting next_dagrun for tutorial_objectstorage to None, run_after=None
[2025-02-10T13:29:16.627+0600] {processor.py:208} INFO - Processing /home/shamim/airflow_git/Airflow_project/air_venv/lib/python3.12/site-packages/airflow/example_dags/tutorial_objectstorage.py took 0.118 seconds
[2025-02-10T13:30:38.583+0600] {processor.py:186} INFO - Started process (PID=18836) to work on /home/shamim/airflow_git/Airflow_project/air_venv/lib/python3.12/site-packages/airflow/example_dags/tutorial_objectstorage.py
[2025-02-10T13:30:38.590+0600] {processor.py:914} INFO - Processing file /home/shamim/airflow_git/Airflow_project/air_venv/lib/python3.12/site-packages/airflow/example_dags/tutorial_objectstorage.py for tasks to queue
[2025-02-10T13:30:38.592+0600] {logging_mixin.py:190} INFO - [2025-02-10T13:30:38.591+0600] {dagbag.py:588} INFO - Filling up the DagBag from /home/shamim/airflow_git/Airflow_project/air_venv/lib/python3.12/site-packages/airflow/example_dags/tutorial_objectstorage.py
[2025-02-10T13:30:38.604+0600] {processor.py:925} INFO - DAG(s) 'tutorial_objectstorage' retrieved from /home/shamim/airflow_git/Airflow_project/air_venv/lib/python3.12/site-packages/airflow/example_dags/tutorial_objectstorage.py
[2025-02-10T13:30:38.621+0600] {logging_mixin.py:190} INFO - [2025-02-10T13:30:38.621+0600] {dag.py:3239} INFO - Sync 1 DAGs
[2025-02-10T13:30:38.636+0600] {logging_mixin.py:190} INFO - [2025-02-10T13:30:38.636+0600] {dag.py:4180} INFO - Setting next_dagrun for tutorial_objectstorage to None, run_after=None
[2025-02-10T13:30:38.671+0600] {processor.py:208} INFO - Processing /home/shamim/airflow_git/Airflow_project/air_venv/lib/python3.12/site-packages/airflow/example_dags/tutorial_objectstorage.py took 0.098 seconds
[2025-02-10T13:31:53.665+0600] {processor.py:186} INFO - Started process (PID=18947) to work on /home/shamim/airflow_git/Airflow_project/air_venv/lib/python3.12/site-packages/airflow/example_dags/tutorial_objectstorage.py
[2025-02-10T13:31:53.672+0600] {processor.py:914} INFO - Processing file /home/shamim/airflow_git/Airflow_project/air_venv/lib/python3.12/site-packages/airflow/example_dags/tutorial_objectstorage.py for tasks to queue
[2025-02-10T13:31:53.673+0600] {logging_mixin.py:190} INFO - [2025-02-10T13:31:53.673+0600] {dagbag.py:588} INFO - Filling up the DagBag from /home/shamim/airflow_git/Airflow_project/air_venv/lib/python3.12/site-packages/airflow/example_dags/tutorial_objectstorage.py
[2025-02-10T13:31:53.688+0600] {processor.py:925} INFO - DAG(s) 'tutorial_objectstorage' retrieved from /home/shamim/airflow_git/Airflow_project/air_venv/lib/python3.12/site-packages/airflow/example_dags/tutorial_objectstorage.py
[2025-02-10T13:31:53.706+0600] {logging_mixin.py:190} INFO - [2025-02-10T13:31:53.706+0600] {dag.py:3239} INFO - Sync 1 DAGs
[2025-02-10T13:31:53.721+0600] {logging_mixin.py:190} INFO - [2025-02-10T13:31:53.721+0600] {dag.py:4180} INFO - Setting next_dagrun for tutorial_objectstorage to None, run_after=None
[2025-02-10T13:31:53.755+0600] {processor.py:208} INFO - Processing /home/shamim/airflow_git/Airflow_project/air_venv/lib/python3.12/site-packages/airflow/example_dags/tutorial_objectstorage.py took 0.102 seconds
[2025-02-10T13:33:10.200+0600] {processor.py:186} INFO - Started process (PID=19096) to work on /home/shamim/airflow_git/Airflow_project/air_venv/lib/python3.12/site-packages/airflow/example_dags/tutorial_objectstorage.py
[2025-02-10T13:33:10.216+0600] {processor.py:914} INFO - Processing file /home/shamim/airflow_git/Airflow_project/air_venv/lib/python3.12/site-packages/airflow/example_dags/tutorial_objectstorage.py for tasks to queue
[2025-02-10T13:33:10.218+0600] {logging_mixin.py:190} INFO - [2025-02-10T13:33:10.218+0600] {dagbag.py:588} INFO - Filling up the DagBag from /home/shamim/airflow_git/Airflow_project/air_venv/lib/python3.12/site-packages/airflow/example_dags/tutorial_objectstorage.py
[2025-02-10T13:33:10.233+0600] {processor.py:925} INFO - DAG(s) 'tutorial_objectstorage' retrieved from /home/shamim/airflow_git/Airflow_project/air_venv/lib/python3.12/site-packages/airflow/example_dags/tutorial_objectstorage.py
[2025-02-10T13:33:10.251+0600] {logging_mixin.py:190} INFO - [2025-02-10T13:33:10.250+0600] {dag.py:3239} INFO - Sync 1 DAGs
[2025-02-10T13:33:10.428+0600] {logging_mixin.py:190} INFO - [2025-02-10T13:33:10.427+0600] {dag.py:4180} INFO - Setting next_dagrun for tutorial_objectstorage to None, run_after=None
[2025-02-10T13:33:10.455+0600] {processor.py:208} INFO - Processing /home/shamim/airflow_git/Airflow_project/air_venv/lib/python3.12/site-packages/airflow/example_dags/tutorial_objectstorage.py took 0.267 seconds
[2025-02-10T13:33:52.666+0600] {processor.py:186} INFO - Started process (PID=19152) to work on /home/shamim/airflow_git/Airflow_project/air_venv/lib/python3.12/site-packages/airflow/example_dags/tutorial_objectstorage.py
[2025-02-10T13:33:52.672+0600] {processor.py:914} INFO - Processing file /home/shamim/airflow_git/Airflow_project/air_venv/lib/python3.12/site-packages/airflow/example_dags/tutorial_objectstorage.py for tasks to queue
[2025-02-10T13:33:52.674+0600] {logging_mixin.py:190} INFO - [2025-02-10T13:33:52.673+0600] {dagbag.py:588} INFO - Filling up the DagBag from /home/shamim/airflow_git/Airflow_project/air_venv/lib/python3.12/site-packages/airflow/example_dags/tutorial_objectstorage.py
[2025-02-10T13:33:52.686+0600] {processor.py:925} INFO - DAG(s) 'tutorial_objectstorage' retrieved from /home/shamim/airflow_git/Airflow_project/air_venv/lib/python3.12/site-packages/airflow/example_dags/tutorial_objectstorage.py
[2025-02-10T13:33:52.703+0600] {logging_mixin.py:190} INFO - [2025-02-10T13:33:52.703+0600] {dag.py:3239} INFO - Sync 1 DAGs
[2025-02-10T13:33:52.719+0600] {logging_mixin.py:190} INFO - [2025-02-10T13:33:52.719+0600] {dag.py:4180} INFO - Setting next_dagrun for tutorial_objectstorage to None, run_after=None
[2025-02-10T13:33:52.753+0600] {processor.py:208} INFO - Processing /home/shamim/airflow_git/Airflow_project/air_venv/lib/python3.12/site-packages/airflow/example_dags/tutorial_objectstorage.py took 0.097 seconds
[2025-02-10T13:35:07.687+0600] {processor.py:186} INFO - Started process (PID=19407) to work on /home/shamim/airflow_git/Airflow_project/air_venv/lib/python3.12/site-packages/airflow/example_dags/tutorial_objectstorage.py
[2025-02-10T13:35:07.694+0600] {processor.py:914} INFO - Processing file /home/shamim/airflow_git/Airflow_project/air_venv/lib/python3.12/site-packages/airflow/example_dags/tutorial_objectstorage.py for tasks to queue
[2025-02-10T13:35:07.696+0600] {logging_mixin.py:190} INFO - [2025-02-10T13:35:07.695+0600] {dagbag.py:588} INFO - Filling up the DagBag from /home/shamim/airflow_git/Airflow_project/air_venv/lib/python3.12/site-packages/airflow/example_dags/tutorial_objectstorage.py
[2025-02-10T13:35:07.710+0600] {processor.py:925} INFO - DAG(s) 'tutorial_objectstorage' retrieved from /home/shamim/airflow_git/Airflow_project/air_venv/lib/python3.12/site-packages/airflow/example_dags/tutorial_objectstorage.py
[2025-02-10T13:35:07.728+0600] {logging_mixin.py:190} INFO - [2025-02-10T13:35:07.727+0600] {dag.py:3239} INFO - Sync 1 DAGs
[2025-02-10T13:35:07.743+0600] {logging_mixin.py:190} INFO - [2025-02-10T13:35:07.743+0600] {dag.py:4180} INFO - Setting next_dagrun for tutorial_objectstorage to None, run_after=None
[2025-02-10T13:35:07.778+0600] {processor.py:208} INFO - Processing /home/shamim/airflow_git/Airflow_project/air_venv/lib/python3.12/site-packages/airflow/example_dags/tutorial_objectstorage.py took 0.102 seconds
[2025-02-10T13:36:31.517+0600] {processor.py:186} INFO - Started process (PID=19511) to work on /home/shamim/airflow_git/Airflow_project/air_venv/lib/python3.12/site-packages/airflow/example_dags/tutorial_objectstorage.py
[2025-02-10T13:36:31.520+0600] {processor.py:914} INFO - Processing file /home/shamim/airflow_git/Airflow_project/air_venv/lib/python3.12/site-packages/airflow/example_dags/tutorial_objectstorage.py for tasks to queue
[2025-02-10T13:36:31.521+0600] {logging_mixin.py:190} INFO - [2025-02-10T13:36:31.521+0600] {dagbag.py:588} INFO - Filling up the DagBag from /home/shamim/airflow_git/Airflow_project/air_venv/lib/python3.12/site-packages/airflow/example_dags/tutorial_objectstorage.py
[2025-02-10T13:36:31.532+0600] {processor.py:925} INFO - DAG(s) 'tutorial_objectstorage' retrieved from /home/shamim/airflow_git/Airflow_project/air_venv/lib/python3.12/site-packages/airflow/example_dags/tutorial_objectstorage.py
[2025-02-10T13:36:31.548+0600] {logging_mixin.py:190} INFO - [2025-02-10T13:36:31.547+0600] {dag.py:3239} INFO - Sync 1 DAGs
[2025-02-10T13:36:31.559+0600] {logging_mixin.py:190} INFO - [2025-02-10T13:36:31.559+0600] {dag.py:4180} INFO - Setting next_dagrun for tutorial_objectstorage to None, run_after=None
[2025-02-10T13:36:31.579+0600] {processor.py:208} INFO - Processing /home/shamim/airflow_git/Airflow_project/air_venv/lib/python3.12/site-packages/airflow/example_dags/tutorial_objectstorage.py took 0.240 seconds
[2025-02-10T13:37:14.463+0600] {processor.py:186} INFO - Started process (PID=19565) to work on /home/shamim/airflow_git/Airflow_project/air_venv/lib/python3.12/site-packages/airflow/example_dags/tutorial_objectstorage.py
[2025-02-10T13:37:14.470+0600] {processor.py:914} INFO - Processing file /home/shamim/airflow_git/Airflow_project/air_venv/lib/python3.12/site-packages/airflow/example_dags/tutorial_objectstorage.py for tasks to queue
[2025-02-10T13:37:14.471+0600] {logging_mixin.py:190} INFO - [2025-02-10T13:37:14.471+0600] {dagbag.py:588} INFO - Filling up the DagBag from /home/shamim/airflow_git/Airflow_project/air_venv/lib/python3.12/site-packages/airflow/example_dags/tutorial_objectstorage.py
[2025-02-10T13:37:14.486+0600] {processor.py:925} INFO - DAG(s) 'tutorial_objectstorage' retrieved from /home/shamim/airflow_git/Airflow_project/air_venv/lib/python3.12/site-packages/airflow/example_dags/tutorial_objectstorage.py
[2025-02-10T13:37:14.502+0600] {logging_mixin.py:190} INFO - [2025-02-10T13:37:14.502+0600] {dag.py:3239} INFO - Sync 1 DAGs
[2025-02-10T13:37:14.517+0600] {logging_mixin.py:190} INFO - [2025-02-10T13:37:14.517+0600] {dag.py:4180} INFO - Setting next_dagrun for tutorial_objectstorage to None, run_after=None
[2025-02-10T13:37:14.553+0600] {processor.py:208} INFO - Processing /home/shamim/airflow_git/Airflow_project/air_venv/lib/python3.12/site-packages/airflow/example_dags/tutorial_objectstorage.py took 0.100 seconds
[2025-02-10T13:38:30.604+0600] {processor.py:186} INFO - Started process (PID=19722) to work on /home/shamim/airflow_git/Airflow_project/air_venv/lib/python3.12/site-packages/airflow/example_dags/tutorial_objectstorage.py
[2025-02-10T13:38:30.611+0600] {processor.py:914} INFO - Processing file /home/shamim/airflow_git/Airflow_project/air_venv/lib/python3.12/site-packages/airflow/example_dags/tutorial_objectstorage.py for tasks to queue
[2025-02-10T13:38:30.613+0600] {logging_mixin.py:190} INFO - [2025-02-10T13:38:30.612+0600] {dagbag.py:588} INFO - Filling up the DagBag from /home/shamim/airflow_git/Airflow_project/air_venv/lib/python3.12/site-packages/airflow/example_dags/tutorial_objectstorage.py
[2025-02-10T13:38:30.626+0600] {processor.py:925} INFO - DAG(s) 'tutorial_objectstorage' retrieved from /home/shamim/airflow_git/Airflow_project/air_venv/lib/python3.12/site-packages/airflow/example_dags/tutorial_objectstorage.py
[2025-02-10T13:38:30.643+0600] {logging_mixin.py:190} INFO - [2025-02-10T13:38:30.643+0600] {dag.py:3239} INFO - Sync 1 DAGs
[2025-02-10T13:38:30.658+0600] {logging_mixin.py:190} INFO - [2025-02-10T13:38:30.658+0600] {dag.py:4180} INFO - Setting next_dagrun for tutorial_objectstorage to None, run_after=None
[2025-02-10T13:38:30.692+0600] {processor.py:208} INFO - Processing /home/shamim/airflow_git/Airflow_project/air_venv/lib/python3.12/site-packages/airflow/example_dags/tutorial_objectstorage.py took 0.098 seconds
[2025-02-10T13:39:48.055+0600] {processor.py:186} INFO - Started process (PID=19868) to work on /home/shamim/airflow_git/Airflow_project/air_venv/lib/python3.12/site-packages/airflow/example_dags/tutorial_objectstorage.py
[2025-02-10T13:39:48.061+0600] {processor.py:914} INFO - Processing file /home/shamim/airflow_git/Airflow_project/air_venv/lib/python3.12/site-packages/airflow/example_dags/tutorial_objectstorage.py for tasks to queue
[2025-02-10T13:39:48.063+0600] {logging_mixin.py:190} INFO - [2025-02-10T13:39:48.063+0600] {dagbag.py:588} INFO - Filling up the DagBag from /home/shamim/airflow_git/Airflow_project/air_venv/lib/python3.12/site-packages/airflow/example_dags/tutorial_objectstorage.py
[2025-02-10T13:39:48.080+0600] {processor.py:925} INFO - DAG(s) 'tutorial_objectstorage' retrieved from /home/shamim/airflow_git/Airflow_project/air_venv/lib/python3.12/site-packages/airflow/example_dags/tutorial_objectstorage.py
[2025-02-10T13:39:48.096+0600] {logging_mixin.py:190} INFO - [2025-02-10T13:39:48.096+0600] {dag.py:3239} INFO - Sync 1 DAGs
[2025-02-10T13:39:48.112+0600] {logging_mixin.py:190} INFO - [2025-02-10T13:39:48.112+0600] {dag.py:4180} INFO - Setting next_dagrun for tutorial_objectstorage to None, run_after=None
[2025-02-10T13:39:48.146+0600] {processor.py:208} INFO - Processing /home/shamim/airflow_git/Airflow_project/air_venv/lib/python3.12/site-packages/airflow/example_dags/tutorial_objectstorage.py took 0.104 seconds
[2025-02-10T13:41:14.554+0600] {processor.py:186} INFO - Started process (PID=19992) to work on /home/shamim/airflow_git/Airflow_project/air_venv/lib/python3.12/site-packages/airflow/example_dags/tutorial_objectstorage.py
[2025-02-10T13:41:14.560+0600] {processor.py:914} INFO - Processing file /home/shamim/airflow_git/Airflow_project/air_venv/lib/python3.12/site-packages/airflow/example_dags/tutorial_objectstorage.py for tasks to queue
[2025-02-10T13:41:14.562+0600] {logging_mixin.py:190} INFO - [2025-02-10T13:41:14.561+0600] {dagbag.py:588} INFO - Filling up the DagBag from /home/shamim/airflow_git/Airflow_project/air_venv/lib/python3.12/site-packages/airflow/example_dags/tutorial_objectstorage.py
[2025-02-10T13:41:14.574+0600] {processor.py:925} INFO - DAG(s) 'tutorial_objectstorage' retrieved from /home/shamim/airflow_git/Airflow_project/air_venv/lib/python3.12/site-packages/airflow/example_dags/tutorial_objectstorage.py
[2025-02-10T13:41:14.591+0600] {logging_mixin.py:190} INFO - [2025-02-10T13:41:14.591+0600] {dag.py:3239} INFO - Sync 1 DAGs
[2025-02-10T13:41:14.606+0600] {logging_mixin.py:190} INFO - [2025-02-10T13:41:14.606+0600] {dag.py:4180} INFO - Setting next_dagrun for tutorial_objectstorage to None, run_after=None
[2025-02-10T13:41:14.641+0600] {processor.py:208} INFO - Processing /home/shamim/airflow_git/Airflow_project/air_venv/lib/python3.12/site-packages/airflow/example_dags/tutorial_objectstorage.py took 0.096 seconds
[2025-02-10T13:41:56.881+0600] {processor.py:186} INFO - Started process (PID=20059) to work on /home/shamim/airflow_git/Airflow_project/air_venv/lib/python3.12/site-packages/airflow/example_dags/tutorial_objectstorage.py
[2025-02-10T13:41:56.887+0600] {processor.py:914} INFO - Processing file /home/shamim/airflow_git/Airflow_project/air_venv/lib/python3.12/site-packages/airflow/example_dags/tutorial_objectstorage.py for tasks to queue
[2025-02-10T13:41:56.890+0600] {logging_mixin.py:190} INFO - [2025-02-10T13:41:56.889+0600] {dagbag.py:588} INFO - Filling up the DagBag from /home/shamim/airflow_git/Airflow_project/air_venv/lib/python3.12/site-packages/airflow/example_dags/tutorial_objectstorage.py
[2025-02-10T13:41:56.905+0600] {processor.py:925} INFO - DAG(s) 'tutorial_objectstorage' retrieved from /home/shamim/airflow_git/Airflow_project/air_venv/lib/python3.12/site-packages/airflow/example_dags/tutorial_objectstorage.py
[2025-02-10T13:41:56.922+0600] {logging_mixin.py:190} INFO - [2025-02-10T13:41:56.922+0600] {dag.py:3239} INFO - Sync 1 DAGs
[2025-02-10T13:41:56.937+0600] {logging_mixin.py:190} INFO - [2025-02-10T13:41:56.937+0600] {dag.py:4180} INFO - Setting next_dagrun for tutorial_objectstorage to None, run_after=None
[2025-02-10T13:41:56.971+0600] {processor.py:208} INFO - Processing /home/shamim/airflow_git/Airflow_project/air_venv/lib/python3.12/site-packages/airflow/example_dags/tutorial_objectstorage.py took 0.104 seconds
[2025-02-10T13:43:12.127+0600] {processor.py:186} INFO - Started process (PID=20208) to work on /home/shamim/airflow_git/Airflow_project/air_venv/lib/python3.12/site-packages/airflow/example_dags/tutorial_objectstorage.py
[2025-02-10T13:43:12.128+0600] {processor.py:914} INFO - Processing file /home/shamim/airflow_git/Airflow_project/air_venv/lib/python3.12/site-packages/airflow/example_dags/tutorial_objectstorage.py for tasks to queue
[2025-02-10T13:43:12.129+0600] {logging_mixin.py:190} INFO - [2025-02-10T13:43:12.129+0600] {dagbag.py:588} INFO - Filling up the DagBag from /home/shamim/airflow_git/Airflow_project/air_venv/lib/python3.12/site-packages/airflow/example_dags/tutorial_objectstorage.py
[2025-02-10T13:43:12.142+0600] {processor.py:925} INFO - DAG(s) 'tutorial_objectstorage' retrieved from /home/shamim/airflow_git/Airflow_project/air_venv/lib/python3.12/site-packages/airflow/example_dags/tutorial_objectstorage.py
[2025-02-10T13:43:12.159+0600] {logging_mixin.py:190} INFO - [2025-02-10T13:43:12.159+0600] {dag.py:3239} INFO - Sync 1 DAGs
[2025-02-10T13:43:12.174+0600] {logging_mixin.py:190} INFO - [2025-02-10T13:43:12.173+0600] {dag.py:4180} INFO - Setting next_dagrun for tutorial_objectstorage to None, run_after=None
[2025-02-10T13:43:12.209+0600] {processor.py:208} INFO - Processing /home/shamim/airflow_git/Airflow_project/air_venv/lib/python3.12/site-packages/airflow/example_dags/tutorial_objectstorage.py took 0.092 seconds
[2025-02-10T13:44:23.955+0600] {processor.py:186} INFO - Started process (PID=20367) to work on /home/shamim/airflow_git/Airflow_project/air_venv/lib/python3.12/site-packages/airflow/example_dags/tutorial_objectstorage.py
[2025-02-10T13:44:23.961+0600] {processor.py:914} INFO - Processing file /home/shamim/airflow_git/Airflow_project/air_venv/lib/python3.12/site-packages/airflow/example_dags/tutorial_objectstorage.py for tasks to queue
[2025-02-10T13:44:23.963+0600] {logging_mixin.py:190} INFO - [2025-02-10T13:44:23.962+0600] {dagbag.py:588} INFO - Filling up the DagBag from /home/shamim/airflow_git/Airflow_project/air_venv/lib/python3.12/site-packages/airflow/example_dags/tutorial_objectstorage.py
[2025-02-10T13:44:23.980+0600] {processor.py:925} INFO - DAG(s) 'tutorial_objectstorage' retrieved from /home/shamim/airflow_git/Airflow_project/air_venv/lib/python3.12/site-packages/airflow/example_dags/tutorial_objectstorage.py
[2025-02-10T13:44:23.997+0600] {logging_mixin.py:190} INFO - [2025-02-10T13:44:23.997+0600] {dag.py:3239} INFO - Sync 1 DAGs
[2025-02-10T13:44:24.012+0600] {logging_mixin.py:190} INFO - [2025-02-10T13:44:24.012+0600] {dag.py:4180} INFO - Setting next_dagrun for tutorial_objectstorage to None, run_after=None
[2025-02-10T13:44:24.047+0600] {processor.py:208} INFO - Processing /home/shamim/airflow_git/Airflow_project/air_venv/lib/python3.12/site-packages/airflow/example_dags/tutorial_objectstorage.py took 0.105 seconds
[2025-02-10T13:45:41.308+0600] {processor.py:186} INFO - Started process (PID=20474) to work on /home/shamim/airflow_git/Airflow_project/air_venv/lib/python3.12/site-packages/airflow/example_dags/tutorial_objectstorage.py
[2025-02-10T13:45:41.324+0600] {processor.py:914} INFO - Processing file /home/shamim/airflow_git/Airflow_project/air_venv/lib/python3.12/site-packages/airflow/example_dags/tutorial_objectstorage.py for tasks to queue
[2025-02-10T13:45:41.326+0600] {logging_mixin.py:190} INFO - [2025-02-10T13:45:41.325+0600] {dagbag.py:588} INFO - Filling up the DagBag from /home/shamim/airflow_git/Airflow_project/air_venv/lib/python3.12/site-packages/airflow/example_dags/tutorial_objectstorage.py
[2025-02-10T13:45:41.340+0600] {processor.py:925} INFO - DAG(s) 'tutorial_objectstorage' retrieved from /home/shamim/airflow_git/Airflow_project/air_venv/lib/python3.12/site-packages/airflow/example_dags/tutorial_objectstorage.py
[2025-02-10T13:45:41.357+0600] {logging_mixin.py:190} INFO - [2025-02-10T13:45:41.357+0600] {dag.py:3239} INFO - Sync 1 DAGs
[2025-02-10T13:45:41.372+0600] {logging_mixin.py:190} INFO - [2025-02-10T13:45:41.372+0600] {dag.py:4180} INFO - Setting next_dagrun for tutorial_objectstorage to None, run_after=None
[2025-02-10T13:45:41.394+0600] {processor.py:208} INFO - Processing /home/shamim/airflow_git/Airflow_project/air_venv/lib/python3.12/site-packages/airflow/example_dags/tutorial_objectstorage.py took 0.096 seconds
[2025-02-10T13:46:54.569+0600] {processor.py:186} INFO - Started process (PID=20611) to work on /home/shamim/airflow_git/Airflow_project/air_venv/lib/python3.12/site-packages/airflow/example_dags/tutorial_objectstorage.py
[2025-02-10T13:46:54.572+0600] {processor.py:914} INFO - Processing file /home/shamim/airflow_git/Airflow_project/air_venv/lib/python3.12/site-packages/airflow/example_dags/tutorial_objectstorage.py for tasks to queue
[2025-02-10T13:46:54.574+0600] {logging_mixin.py:190} INFO - [2025-02-10T13:46:54.574+0600] {dagbag.py:588} INFO - Filling up the DagBag from /home/shamim/airflow_git/Airflow_project/air_venv/lib/python3.12/site-packages/airflow/example_dags/tutorial_objectstorage.py
[2025-02-10T13:46:54.588+0600] {processor.py:925} INFO - DAG(s) 'tutorial_objectstorage' retrieved from /home/shamim/airflow_git/Airflow_project/air_venv/lib/python3.12/site-packages/airflow/example_dags/tutorial_objectstorage.py
[2025-02-10T13:46:54.604+0600] {logging_mixin.py:190} INFO - [2025-02-10T13:46:54.604+0600] {dag.py:3239} INFO - Sync 1 DAGs
[2025-02-10T13:46:54.623+0600] {logging_mixin.py:190} INFO - [2025-02-10T13:46:54.623+0600] {dag.py:4180} INFO - Setting next_dagrun for tutorial_objectstorage to None, run_after=None
[2025-02-10T13:46:54.672+0600] {processor.py:208} INFO - Processing /home/shamim/airflow_git/Airflow_project/air_venv/lib/python3.12/site-packages/airflow/example_dags/tutorial_objectstorage.py took 0.113 seconds
[2025-02-10T13:48:09.883+0600] {processor.py:186} INFO - Started process (PID=21011) to work on /home/shamim/airflow_git/Airflow_project/air_venv/lib/python3.12/site-packages/airflow/example_dags/tutorial_objectstorage.py
[2025-02-10T13:48:09.888+0600] {processor.py:914} INFO - Processing file /home/shamim/airflow_git/Airflow_project/air_venv/lib/python3.12/site-packages/airflow/example_dags/tutorial_objectstorage.py for tasks to queue
[2025-02-10T13:48:09.890+0600] {logging_mixin.py:190} INFO - [2025-02-10T13:48:09.889+0600] {dagbag.py:588} INFO - Filling up the DagBag from /home/shamim/airflow_git/Airflow_project/air_venv/lib/python3.12/site-packages/airflow/example_dags/tutorial_objectstorage.py
[2025-02-10T13:48:09.910+0600] {processor.py:925} INFO - DAG(s) 'tutorial_objectstorage' retrieved from /home/shamim/airflow_git/Airflow_project/air_venv/lib/python3.12/site-packages/airflow/example_dags/tutorial_objectstorage.py
[2025-02-10T13:48:09.940+0600] {logging_mixin.py:190} INFO - [2025-02-10T13:48:09.940+0600] {dag.py:3239} INFO - Sync 1 DAGs
[2025-02-10T13:48:09.971+0600] {logging_mixin.py:190} INFO - [2025-02-10T13:48:09.971+0600] {dag.py:4180} INFO - Setting next_dagrun for tutorial_objectstorage to None, run_after=None
[2025-02-10T13:48:10.023+0600] {processor.py:208} INFO - Processing /home/shamim/airflow_git/Airflow_project/air_venv/lib/python3.12/site-packages/airflow/example_dags/tutorial_objectstorage.py took 0.163 seconds
[2025-02-10T13:49:21.144+0600] {processor.py:186} INFO - Started process (PID=21157) to work on /home/shamim/airflow_git/Airflow_project/air_venv/lib/python3.12/site-packages/airflow/example_dags/tutorial_objectstorage.py
[2025-02-10T13:49:21.151+0600] {processor.py:914} INFO - Processing file /home/shamim/airflow_git/Airflow_project/air_venv/lib/python3.12/site-packages/airflow/example_dags/tutorial_objectstorage.py for tasks to queue
[2025-02-10T13:49:21.152+0600] {logging_mixin.py:190} INFO - [2025-02-10T13:49:21.152+0600] {dagbag.py:588} INFO - Filling up the DagBag from /home/shamim/airflow_git/Airflow_project/air_venv/lib/python3.12/site-packages/airflow/example_dags/tutorial_objectstorage.py
[2025-02-10T13:49:21.167+0600] {processor.py:925} INFO - DAG(s) 'tutorial_objectstorage' retrieved from /home/shamim/airflow_git/Airflow_project/air_venv/lib/python3.12/site-packages/airflow/example_dags/tutorial_objectstorage.py
[2025-02-10T13:49:21.188+0600] {logging_mixin.py:190} INFO - [2025-02-10T13:49:21.188+0600] {dag.py:3239} INFO - Sync 1 DAGs
[2025-02-10T13:49:21.206+0600] {logging_mixin.py:190} INFO - [2025-02-10T13:49:21.206+0600] {dag.py:4180} INFO - Setting next_dagrun for tutorial_objectstorage to None, run_after=None
[2025-02-10T13:49:21.239+0600] {processor.py:208} INFO - Processing /home/shamim/airflow_git/Airflow_project/air_venv/lib/python3.12/site-packages/airflow/example_dags/tutorial_objectstorage.py took 0.106 seconds
[2025-02-10T13:50:32.807+0600] {processor.py:186} INFO - Started process (PID=21268) to work on /home/shamim/airflow_git/Airflow_project/air_venv/lib/python3.12/site-packages/airflow/example_dags/tutorial_objectstorage.py
[2025-02-10T13:50:32.813+0600] {processor.py:914} INFO - Processing file /home/shamim/airflow_git/Airflow_project/air_venv/lib/python3.12/site-packages/airflow/example_dags/tutorial_objectstorage.py for tasks to queue
[2025-02-10T13:50:32.815+0600] {logging_mixin.py:190} INFO - [2025-02-10T13:50:32.814+0600] {dagbag.py:588} INFO - Filling up the DagBag from /home/shamim/airflow_git/Airflow_project/air_venv/lib/python3.12/site-packages/airflow/example_dags/tutorial_objectstorage.py
[2025-02-10T13:50:32.829+0600] {processor.py:925} INFO - DAG(s) 'tutorial_objectstorage' retrieved from /home/shamim/airflow_git/Airflow_project/air_venv/lib/python3.12/site-packages/airflow/example_dags/tutorial_objectstorage.py
[2025-02-10T13:50:32.845+0600] {logging_mixin.py:190} INFO - [2025-02-10T13:50:32.845+0600] {dag.py:3239} INFO - Sync 1 DAGs
[2025-02-10T13:50:32.859+0600] {logging_mixin.py:190} INFO - [2025-02-10T13:50:32.859+0600] {dag.py:4180} INFO - Setting next_dagrun for tutorial_objectstorage to None, run_after=None
[2025-02-10T13:50:32.885+0600] {processor.py:208} INFO - Processing /home/shamim/airflow_git/Airflow_project/air_venv/lib/python3.12/site-packages/airflow/example_dags/tutorial_objectstorage.py took 0.088 seconds
[2025-02-10T13:51:47.245+0600] {processor.py:186} INFO - Started process (PID=21376) to work on /home/shamim/airflow_git/Airflow_project/air_venv/lib/python3.12/site-packages/airflow/example_dags/tutorial_objectstorage.py
[2025-02-10T13:51:47.254+0600] {processor.py:914} INFO - Processing file /home/shamim/airflow_git/Airflow_project/air_venv/lib/python3.12/site-packages/airflow/example_dags/tutorial_objectstorage.py for tasks to queue
[2025-02-10T13:51:47.259+0600] {logging_mixin.py:190} INFO - [2025-02-10T13:51:47.258+0600] {dagbag.py:588} INFO - Filling up the DagBag from /home/shamim/airflow_git/Airflow_project/air_venv/lib/python3.12/site-packages/airflow/example_dags/tutorial_objectstorage.py
[2025-02-10T13:51:47.285+0600] {processor.py:925} INFO - DAG(s) 'tutorial_objectstorage' retrieved from /home/shamim/airflow_git/Airflow_project/air_venv/lib/python3.12/site-packages/airflow/example_dags/tutorial_objectstorage.py
[2025-02-10T13:51:47.306+0600] {logging_mixin.py:190} INFO - [2025-02-10T13:51:47.306+0600] {dag.py:3239} INFO - Sync 1 DAGs
[2025-02-10T13:51:47.322+0600] {logging_mixin.py:190} INFO - [2025-02-10T13:51:47.322+0600] {dag.py:4180} INFO - Setting next_dagrun for tutorial_objectstorage to None, run_after=None
[2025-02-10T13:51:47.358+0600] {processor.py:208} INFO - Processing /home/shamim/airflow_git/Airflow_project/air_venv/lib/python3.12/site-packages/airflow/example_dags/tutorial_objectstorage.py took 0.147 seconds
[2025-02-10T13:53:11.514+0600] {processor.py:186} INFO - Started process (PID=21592) to work on /home/shamim/airflow_git/Airflow_project/air_venv/lib/python3.12/site-packages/airflow/example_dags/tutorial_objectstorage.py
[2025-02-10T13:53:11.517+0600] {processor.py:914} INFO - Processing file /home/shamim/airflow_git/Airflow_project/air_venv/lib/python3.12/site-packages/airflow/example_dags/tutorial_objectstorage.py for tasks to queue
[2025-02-10T13:53:11.522+0600] {logging_mixin.py:190} INFO - [2025-02-10T13:53:11.521+0600] {dagbag.py:588} INFO - Filling up the DagBag from /home/shamim/airflow_git/Airflow_project/air_venv/lib/python3.12/site-packages/airflow/example_dags/tutorial_objectstorage.py
[2025-02-10T13:53:11.560+0600] {processor.py:925} INFO - DAG(s) 'tutorial_objectstorage' retrieved from /home/shamim/airflow_git/Airflow_project/air_venv/lib/python3.12/site-packages/airflow/example_dags/tutorial_objectstorage.py
[2025-02-10T13:53:11.617+0600] {logging_mixin.py:190} INFO - [2025-02-10T13:53:11.616+0600] {dag.py:3239} INFO - Sync 1 DAGs
[2025-02-10T13:53:11.688+0600] {logging_mixin.py:190} INFO - [2025-02-10T13:53:11.685+0600] {dag.py:4180} INFO - Setting next_dagrun for tutorial_objectstorage to None, run_after=None
[2025-02-10T13:53:11.750+0600] {processor.py:208} INFO - Processing /home/shamim/airflow_git/Airflow_project/air_venv/lib/python3.12/site-packages/airflow/example_dags/tutorial_objectstorage.py took 0.273 seconds
[2025-02-10T13:54:28.232+0600] {processor.py:186} INFO - Started process (PID=21735) to work on /home/shamim/airflow_git/Airflow_project/air_venv/lib/python3.12/site-packages/airflow/example_dags/tutorial_objectstorage.py
[2025-02-10T13:54:28.238+0600] {processor.py:914} INFO - Processing file /home/shamim/airflow_git/Airflow_project/air_venv/lib/python3.12/site-packages/airflow/example_dags/tutorial_objectstorage.py for tasks to queue
[2025-02-10T13:54:28.240+0600] {logging_mixin.py:190} INFO - [2025-02-10T13:54:28.239+0600] {dagbag.py:588} INFO - Filling up the DagBag from /home/shamim/airflow_git/Airflow_project/air_venv/lib/python3.12/site-packages/airflow/example_dags/tutorial_objectstorage.py
[2025-02-10T13:54:28.257+0600] {processor.py:925} INFO - DAG(s) 'tutorial_objectstorage' retrieved from /home/shamim/airflow_git/Airflow_project/air_venv/lib/python3.12/site-packages/airflow/example_dags/tutorial_objectstorage.py
[2025-02-10T13:54:28.274+0600] {logging_mixin.py:190} INFO - [2025-02-10T13:54:28.274+0600] {dag.py:3239} INFO - Sync 1 DAGs
[2025-02-10T13:54:28.289+0600] {logging_mixin.py:190} INFO - [2025-02-10T13:54:28.289+0600] {dag.py:4180} INFO - Setting next_dagrun for tutorial_objectstorage to None, run_after=None
[2025-02-10T13:54:28.325+0600] {processor.py:208} INFO - Processing /home/shamim/airflow_git/Airflow_project/air_venv/lib/python3.12/site-packages/airflow/example_dags/tutorial_objectstorage.py took 0.105 seconds
[2025-02-10T13:55:38.702+0600] {processor.py:186} INFO - Started process (PID=21838) to work on /home/shamim/airflow_git/Airflow_project/air_venv/lib/python3.12/site-packages/airflow/example_dags/tutorial_objectstorage.py
[2025-02-10T13:55:38.709+0600] {processor.py:914} INFO - Processing file /home/shamim/airflow_git/Airflow_project/air_venv/lib/python3.12/site-packages/airflow/example_dags/tutorial_objectstorage.py for tasks to queue
[2025-02-10T13:55:38.712+0600] {logging_mixin.py:190} INFO - [2025-02-10T13:55:38.711+0600] {dagbag.py:588} INFO - Filling up the DagBag from /home/shamim/airflow_git/Airflow_project/air_venv/lib/python3.12/site-packages/airflow/example_dags/tutorial_objectstorage.py
[2025-02-10T13:55:38.732+0600] {processor.py:925} INFO - DAG(s) 'tutorial_objectstorage' retrieved from /home/shamim/airflow_git/Airflow_project/air_venv/lib/python3.12/site-packages/airflow/example_dags/tutorial_objectstorage.py
[2025-02-10T13:55:38.750+0600] {logging_mixin.py:190} INFO - [2025-02-10T13:55:38.750+0600] {dag.py:3239} INFO - Sync 1 DAGs
[2025-02-10T13:55:38.766+0600] {logging_mixin.py:190} INFO - [2025-02-10T13:55:38.766+0600] {dag.py:4180} INFO - Setting next_dagrun for tutorial_objectstorage to None, run_after=None
[2025-02-10T13:55:38.802+0600] {processor.py:208} INFO - Processing /home/shamim/airflow_git/Airflow_project/air_venv/lib/python3.12/site-packages/airflow/example_dags/tutorial_objectstorage.py took 0.134 seconds
[2025-02-10T13:57:01.903+0600] {processor.py:186} INFO - Started process (PID=21979) to work on /home/shamim/airflow_git/Airflow_project/air_venv/lib/python3.12/site-packages/airflow/example_dags/tutorial_objectstorage.py
[2025-02-10T13:57:01.909+0600] {processor.py:914} INFO - Processing file /home/shamim/airflow_git/Airflow_project/air_venv/lib/python3.12/site-packages/airflow/example_dags/tutorial_objectstorage.py for tasks to queue
[2025-02-10T13:57:01.911+0600] {logging_mixin.py:190} INFO - [2025-02-10T13:57:01.910+0600] {dagbag.py:588} INFO - Filling up the DagBag from /home/shamim/airflow_git/Airflow_project/air_venv/lib/python3.12/site-packages/airflow/example_dags/tutorial_objectstorage.py
[2025-02-10T13:57:01.926+0600] {processor.py:925} INFO - DAG(s) 'tutorial_objectstorage' retrieved from /home/shamim/airflow_git/Airflow_project/air_venv/lib/python3.12/site-packages/airflow/example_dags/tutorial_objectstorage.py
[2025-02-10T13:57:01.947+0600] {logging_mixin.py:190} INFO - [2025-02-10T13:57:01.947+0600] {dag.py:3239} INFO - Sync 1 DAGs
[2025-02-10T13:57:01.967+0600] {logging_mixin.py:190} INFO - [2025-02-10T13:57:01.966+0600] {dag.py:4180} INFO - Setting next_dagrun for tutorial_objectstorage to None, run_after=None
[2025-02-10T13:57:02.007+0600] {processor.py:208} INFO - Processing /home/shamim/airflow_git/Airflow_project/air_venv/lib/python3.12/site-packages/airflow/example_dags/tutorial_objectstorage.py took 0.117 seconds
[2025-02-10T13:57:49.618+0600] {processor.py:186} INFO - Started process (PID=22149) to work on /home/shamim/airflow_git/Airflow_project/air_venv/lib/python3.12/site-packages/airflow/example_dags/tutorial_objectstorage.py
[2025-02-10T13:57:49.633+0600] {processor.py:914} INFO - Processing file /home/shamim/airflow_git/Airflow_project/air_venv/lib/python3.12/site-packages/airflow/example_dags/tutorial_objectstorage.py for tasks to queue
[2025-02-10T13:57:49.637+0600] {logging_mixin.py:190} INFO - [2025-02-10T13:57:49.636+0600] {dagbag.py:588} INFO - Filling up the DagBag from /home/shamim/airflow_git/Airflow_project/air_venv/lib/python3.12/site-packages/airflow/example_dags/tutorial_objectstorage.py
[2025-02-10T13:57:49.664+0600] {processor.py:925} INFO - DAG(s) 'tutorial_objectstorage' retrieved from /home/shamim/airflow_git/Airflow_project/air_venv/lib/python3.12/site-packages/airflow/example_dags/tutorial_objectstorage.py
[2025-02-10T13:57:49.686+0600] {logging_mixin.py:190} INFO - [2025-02-10T13:57:49.686+0600] {dag.py:3239} INFO - Sync 1 DAGs
[2025-02-10T13:57:49.705+0600] {logging_mixin.py:190} INFO - [2025-02-10T13:57:49.704+0600] {dag.py:4180} INFO - Setting next_dagrun for tutorial_objectstorage to None, run_after=None
[2025-02-10T13:57:49.729+0600] {processor.py:208} INFO - Processing /home/shamim/airflow_git/Airflow_project/air_venv/lib/python3.12/site-packages/airflow/example_dags/tutorial_objectstorage.py took 0.144 seconds
[2025-02-10T13:58:32.555+0600] {processor.py:186} INFO - Started process (PID=22209) to work on /home/shamim/airflow_git/Airflow_project/air_venv/lib/python3.12/site-packages/airflow/example_dags/tutorial_objectstorage.py
[2025-02-10T13:58:32.560+0600] {processor.py:914} INFO - Processing file /home/shamim/airflow_git/Airflow_project/air_venv/lib/python3.12/site-packages/airflow/example_dags/tutorial_objectstorage.py for tasks to queue
[2025-02-10T13:58:32.562+0600] {logging_mixin.py:190} INFO - [2025-02-10T13:58:32.561+0600] {dagbag.py:588} INFO - Filling up the DagBag from /home/shamim/airflow_git/Airflow_project/air_venv/lib/python3.12/site-packages/airflow/example_dags/tutorial_objectstorage.py
[2025-02-10T13:58:32.577+0600] {processor.py:925} INFO - DAG(s) 'tutorial_objectstorage' retrieved from /home/shamim/airflow_git/Airflow_project/air_venv/lib/python3.12/site-packages/airflow/example_dags/tutorial_objectstorage.py
[2025-02-10T13:58:32.597+0600] {logging_mixin.py:190} INFO - [2025-02-10T13:58:32.597+0600] {dag.py:3239} INFO - Sync 1 DAGs
[2025-02-10T13:58:32.615+0600] {logging_mixin.py:190} INFO - [2025-02-10T13:58:32.615+0600] {dag.py:4180} INFO - Setting next_dagrun for tutorial_objectstorage to None, run_after=None
[2025-02-10T13:58:32.643+0600] {processor.py:208} INFO - Processing /home/shamim/airflow_git/Airflow_project/air_venv/lib/python3.12/site-packages/airflow/example_dags/tutorial_objectstorage.py took 0.099 seconds
[2025-02-10T13:59:43.223+0600] {processor.py:186} INFO - Started process (PID=22364) to work on /home/shamim/airflow_git/Airflow_project/air_venv/lib/python3.12/site-packages/airflow/example_dags/tutorial_objectstorage.py
[2025-02-10T13:59:43.230+0600] {processor.py:914} INFO - Processing file /home/shamim/airflow_git/Airflow_project/air_venv/lib/python3.12/site-packages/airflow/example_dags/tutorial_objectstorage.py for tasks to queue
[2025-02-10T13:59:43.231+0600] {logging_mixin.py:190} INFO - [2025-02-10T13:59:43.231+0600] {dagbag.py:588} INFO - Filling up the DagBag from /home/shamim/airflow_git/Airflow_project/air_venv/lib/python3.12/site-packages/airflow/example_dags/tutorial_objectstorage.py
[2025-02-10T13:59:43.244+0600] {processor.py:925} INFO - DAG(s) 'tutorial_objectstorage' retrieved from /home/shamim/airflow_git/Airflow_project/air_venv/lib/python3.12/site-packages/airflow/example_dags/tutorial_objectstorage.py
[2025-02-10T13:59:43.260+0600] {logging_mixin.py:190} INFO - [2025-02-10T13:59:43.260+0600] {dag.py:3239} INFO - Sync 1 DAGs
[2025-02-10T13:59:43.275+0600] {logging_mixin.py:190} INFO - [2025-02-10T13:59:43.274+0600] {dag.py:4180} INFO - Setting next_dagrun for tutorial_objectstorage to None, run_after=None
[2025-02-10T13:59:43.298+0600] {processor.py:208} INFO - Processing /home/shamim/airflow_git/Airflow_project/air_venv/lib/python3.12/site-packages/airflow/example_dags/tutorial_objectstorage.py took 0.084 seconds
[2025-02-10T14:00:49.322+0600] {processor.py:186} INFO - Started process (PID=22636) to work on /home/shamim/airflow_git/Airflow_project/air_venv/lib/python3.12/site-packages/airflow/example_dags/tutorial_objectstorage.py
[2025-02-10T14:00:49.328+0600] {processor.py:914} INFO - Processing file /home/shamim/airflow_git/Airflow_project/air_venv/lib/python3.12/site-packages/airflow/example_dags/tutorial_objectstorage.py for tasks to queue
[2025-02-10T14:00:49.331+0600] {logging_mixin.py:190} INFO - [2025-02-10T14:00:49.330+0600] {dagbag.py:588} INFO - Filling up the DagBag from /home/shamim/airflow_git/Airflow_project/air_venv/lib/python3.12/site-packages/airflow/example_dags/tutorial_objectstorage.py
[2025-02-10T14:00:49.345+0600] {processor.py:925} INFO - DAG(s) 'tutorial_objectstorage' retrieved from /home/shamim/airflow_git/Airflow_project/air_venv/lib/python3.12/site-packages/airflow/example_dags/tutorial_objectstorage.py
[2025-02-10T14:00:49.366+0600] {logging_mixin.py:190} INFO - [2025-02-10T14:00:49.365+0600] {dag.py:3239} INFO - Sync 1 DAGs
[2025-02-10T14:00:49.382+0600] {logging_mixin.py:190} INFO - [2025-02-10T14:00:49.382+0600] {dag.py:4180} INFO - Setting next_dagrun for tutorial_objectstorage to None, run_after=None
[2025-02-10T14:00:49.407+0600] {processor.py:208} INFO - Processing /home/shamim/airflow_git/Airflow_project/air_venv/lib/python3.12/site-packages/airflow/example_dags/tutorial_objectstorage.py took 0.112 seconds
[2025-02-10T14:01:49.225+0600] {processor.py:186} INFO - Started process (PID=23008) to work on /home/shamim/airflow_git/Airflow_project/air_venv/lib/python3.12/site-packages/airflow/example_dags/tutorial_objectstorage.py
[2025-02-10T14:01:49.229+0600] {processor.py:914} INFO - Processing file /home/shamim/airflow_git/Airflow_project/air_venv/lib/python3.12/site-packages/airflow/example_dags/tutorial_objectstorage.py for tasks to queue
[2025-02-10T14:01:49.232+0600] {logging_mixin.py:190} INFO - [2025-02-10T14:01:49.232+0600] {dagbag.py:588} INFO - Filling up the DagBag from /home/shamim/airflow_git/Airflow_project/air_venv/lib/python3.12/site-packages/airflow/example_dags/tutorial_objectstorage.py
[2025-02-10T14:01:49.248+0600] {processor.py:925} INFO - DAG(s) 'tutorial_objectstorage' retrieved from /home/shamim/airflow_git/Airflow_project/air_venv/lib/python3.12/site-packages/airflow/example_dags/tutorial_objectstorage.py
[2025-02-10T14:01:49.280+0600] {logging_mixin.py:190} INFO - [2025-02-10T14:01:49.280+0600] {dag.py:3239} INFO - Sync 1 DAGs
[2025-02-10T14:01:49.299+0600] {logging_mixin.py:190} INFO - [2025-02-10T14:01:49.299+0600] {dag.py:4180} INFO - Setting next_dagrun for tutorial_objectstorage to None, run_after=None
[2025-02-10T14:01:49.331+0600] {processor.py:208} INFO - Processing /home/shamim/airflow_git/Airflow_project/air_venv/lib/python3.12/site-packages/airflow/example_dags/tutorial_objectstorage.py took 0.114 seconds
[2025-02-10T14:02:58.320+0600] {processor.py:186} INFO - Started process (PID=23379) to work on /home/shamim/airflow_git/Airflow_project/air_venv/lib/python3.12/site-packages/airflow/example_dags/tutorial_objectstorage.py
[2025-02-10T14:02:58.326+0600] {processor.py:914} INFO - Processing file /home/shamim/airflow_git/Airflow_project/air_venv/lib/python3.12/site-packages/airflow/example_dags/tutorial_objectstorage.py for tasks to queue
[2025-02-10T14:02:58.329+0600] {logging_mixin.py:190} INFO - [2025-02-10T14:02:58.329+0600] {dagbag.py:588} INFO - Filling up the DagBag from /home/shamim/airflow_git/Airflow_project/air_venv/lib/python3.12/site-packages/airflow/example_dags/tutorial_objectstorage.py
[2025-02-10T14:02:58.342+0600] {processor.py:925} INFO - DAG(s) 'tutorial_objectstorage' retrieved from /home/shamim/airflow_git/Airflow_project/air_venv/lib/python3.12/site-packages/airflow/example_dags/tutorial_objectstorage.py
[2025-02-10T14:02:58.359+0600] {logging_mixin.py:190} INFO - [2025-02-10T14:02:58.358+0600] {dag.py:3239} INFO - Sync 1 DAGs
[2025-02-10T14:02:58.373+0600] {logging_mixin.py:190} INFO - [2025-02-10T14:02:58.373+0600] {dag.py:4180} INFO - Setting next_dagrun for tutorial_objectstorage to None, run_after=None
[2025-02-10T14:02:58.397+0600] {processor.py:208} INFO - Processing /home/shamim/airflow_git/Airflow_project/air_venv/lib/python3.12/site-packages/airflow/example_dags/tutorial_objectstorage.py took 0.084 seconds
[2025-02-10T14:03:40.080+0600] {processor.py:186} INFO - Started process (PID=23463) to work on /home/shamim/airflow_git/Airflow_project/air_venv/lib/python3.12/site-packages/airflow/example_dags/tutorial_objectstorage.py
[2025-02-10T14:03:40.087+0600] {processor.py:914} INFO - Processing file /home/shamim/airflow_git/Airflow_project/air_venv/lib/python3.12/site-packages/airflow/example_dags/tutorial_objectstorage.py for tasks to queue
[2025-02-10T14:03:40.089+0600] {logging_mixin.py:190} INFO - [2025-02-10T14:03:40.089+0600] {dagbag.py:588} INFO - Filling up the DagBag from /home/shamim/airflow_git/Airflow_project/air_venv/lib/python3.12/site-packages/airflow/example_dags/tutorial_objectstorage.py
[2025-02-10T14:03:40.101+0600] {processor.py:925} INFO - DAG(s) 'tutorial_objectstorage' retrieved from /home/shamim/airflow_git/Airflow_project/air_venv/lib/python3.12/site-packages/airflow/example_dags/tutorial_objectstorage.py
[2025-02-10T14:03:40.118+0600] {logging_mixin.py:190} INFO - [2025-02-10T14:03:40.117+0600] {dag.py:3239} INFO - Sync 1 DAGs
[2025-02-10T14:03:40.133+0600] {logging_mixin.py:190} INFO - [2025-02-10T14:03:40.132+0600] {dag.py:4180} INFO - Setting next_dagrun for tutorial_objectstorage to None, run_after=None
[2025-02-10T14:03:40.157+0600] {processor.py:208} INFO - Processing /home/shamim/airflow_git/Airflow_project/air_venv/lib/python3.12/site-packages/airflow/example_dags/tutorial_objectstorage.py took 0.083 seconds
[2025-02-10T14:04:25.143+0600] {processor.py:186} INFO - Started process (PID=23797) to work on /home/shamim/airflow_git/Airflow_project/air_venv/lib/python3.12/site-packages/airflow/example_dags/tutorial_objectstorage.py
[2025-02-10T14:04:25.144+0600] {processor.py:914} INFO - Processing file /home/shamim/airflow_git/Airflow_project/air_venv/lib/python3.12/site-packages/airflow/example_dags/tutorial_objectstorage.py for tasks to queue
[2025-02-10T14:04:25.147+0600] {logging_mixin.py:190} INFO - [2025-02-10T14:04:25.146+0600] {dagbag.py:588} INFO - Filling up the DagBag from /home/shamim/airflow_git/Airflow_project/air_venv/lib/python3.12/site-packages/airflow/example_dags/tutorial_objectstorage.py
[2025-02-10T14:04:25.165+0600] {processor.py:925} INFO - DAG(s) 'tutorial_objectstorage' retrieved from /home/shamim/airflow_git/Airflow_project/air_venv/lib/python3.12/site-packages/airflow/example_dags/tutorial_objectstorage.py
[2025-02-10T14:04:25.190+0600] {logging_mixin.py:190} INFO - [2025-02-10T14:04:25.189+0600] {dag.py:3239} INFO - Sync 1 DAGs
[2025-02-10T14:04:25.213+0600] {logging_mixin.py:190} INFO - [2025-02-10T14:04:25.213+0600] {dag.py:4180} INFO - Setting next_dagrun for tutorial_objectstorage to None, run_after=None
[2025-02-10T14:04:25.252+0600] {processor.py:208} INFO - Processing /home/shamim/airflow_git/Airflow_project/air_venv/lib/python3.12/site-packages/airflow/example_dags/tutorial_objectstorage.py took 0.115 seconds
[2025-02-10T14:05:10.888+0600] {processor.py:186} INFO - Started process (PID=24178) to work on /home/shamim/airflow_git/Airflow_project/air_venv/lib/python3.12/site-packages/airflow/example_dags/tutorial_objectstorage.py
[2025-02-10T14:05:10.889+0600] {processor.py:914} INFO - Processing file /home/shamim/airflow_git/Airflow_project/air_venv/lib/python3.12/site-packages/airflow/example_dags/tutorial_objectstorage.py for tasks to queue
[2025-02-10T14:05:10.893+0600] {logging_mixin.py:190} INFO - [2025-02-10T14:05:10.892+0600] {dagbag.py:588} INFO - Filling up the DagBag from /home/shamim/airflow_git/Airflow_project/air_venv/lib/python3.12/site-packages/airflow/example_dags/tutorial_objectstorage.py
[2025-02-10T14:05:10.908+0600] {processor.py:925} INFO - DAG(s) 'tutorial_objectstorage' retrieved from /home/shamim/airflow_git/Airflow_project/air_venv/lib/python3.12/site-packages/airflow/example_dags/tutorial_objectstorage.py
[2025-02-10T14:05:10.929+0600] {logging_mixin.py:190} INFO - [2025-02-10T14:05:10.929+0600] {dag.py:3239} INFO - Sync 1 DAGs
[2025-02-10T14:05:10.948+0600] {logging_mixin.py:190} INFO - [2025-02-10T14:05:10.948+0600] {dag.py:4180} INFO - Setting next_dagrun for tutorial_objectstorage to None, run_after=None
[2025-02-10T14:05:10.979+0600] {processor.py:208} INFO - Processing /home/shamim/airflow_git/Airflow_project/air_venv/lib/python3.12/site-packages/airflow/example_dags/tutorial_objectstorage.py took 0.100 seconds
