[2025-02-14T21:56:16.680+0600] {processor.py:186} INFO - Started process (PID=572404) to work on /home/shamim/airflow_git/Airflow_project/dags/e_to_e_processing.py
[2025-02-14T21:56:16.681+0600] {processor.py:914} INFO - Processing file /home/shamim/airflow_git/Airflow_project/dags/e_to_e_processing.py for tasks to queue
[2025-02-14T21:56:16.683+0600] {logging_mixin.py:190} INFO - [2025-02-14T21:56:16.682+0600] {dagbag.py:588} INFO - Filling up the DagBag from /home/shamim/airflow_git/Airflow_project/dags/e_to_e_processing.py
[2025-02-14T21:56:16.709+0600] {logging_mixin.py:190} INFO - [2025-02-14T21:56:16.703+0600] {dagbag.py:387} ERROR - Failed to import: /home/shamim/airflow_git/Airflow_project/dags/e_to_e_processing.py
Traceback (most recent call last):
  File "/home/shamim/airflow_git/Airflow_project/air_venv/lib/python3.12/site-packages/airflow/models/dagbag.py", line 383, in parse
    loader.exec_module(new_module)
  File "<frozen importlib._bootstrap_external>", line 995, in exec_module
  File "<frozen importlib._bootstrap>", line 488, in _call_with_frames_removed
  File "/home/shamim/airflow_git/Airflow_project/dags/e_to_e_processing.py", line 39, in <module>
    df =pd.read_csv('emp_salary_info.csv')
        ^^^^^^^^^^^^^^^^^^^^^^^^^^^^^^^^^^
  File "/home/shamim/airflow_git/Airflow_project/air_venv/lib/python3.12/site-packages/pandas/io/parsers/readers.py", line 948, in read_csv
    return _read(filepath_or_buffer, kwds)
           ^^^^^^^^^^^^^^^^^^^^^^^^^^^^^^^
  File "/home/shamim/airflow_git/Airflow_project/air_venv/lib/python3.12/site-packages/pandas/io/parsers/readers.py", line 611, in _read
    parser = TextFileReader(filepath_or_buffer, **kwds)
             ^^^^^^^^^^^^^^^^^^^^^^^^^^^^^^^^^^^^^^^^^^
  File "/home/shamim/airflow_git/Airflow_project/air_venv/lib/python3.12/site-packages/pandas/io/parsers/readers.py", line 1448, in __init__
    self._engine = self._make_engine(f, self.engine)
                   ^^^^^^^^^^^^^^^^^^^^^^^^^^^^^^^^^
  File "/home/shamim/airflow_git/Airflow_project/air_venv/lib/python3.12/site-packages/pandas/io/parsers/readers.py", line 1705, in _make_engine
    self.handles = get_handle(
                   ^^^^^^^^^^^
  File "/home/shamim/airflow_git/Airflow_project/air_venv/lib/python3.12/site-packages/pandas/io/common.py", line 863, in get_handle
    handle = open(
             ^^^^^
FileNotFoundError: [Errno 2] No such file or directory: 'emp_salary_info.csv'
[2025-02-14T21:56:16.710+0600] {processor.py:927} WARNING - No viable dags retrieved from /home/shamim/airflow_git/Airflow_project/dags/e_to_e_processing.py
[2025-02-14T21:56:16.757+0600] {processor.py:208} INFO - Processing /home/shamim/airflow_git/Airflow_project/dags/e_to_e_processing.py took 0.090 seconds
[2025-02-14T21:56:47.695+0600] {processor.py:186} INFO - Started process (PID=572825) to work on /home/shamim/airflow_git/Airflow_project/dags/e_to_e_processing.py
[2025-02-14T21:56:47.697+0600] {processor.py:914} INFO - Processing file /home/shamim/airflow_git/Airflow_project/dags/e_to_e_processing.py for tasks to queue
[2025-02-14T21:56:47.699+0600] {logging_mixin.py:190} INFO - [2025-02-14T21:56:47.698+0600] {dagbag.py:588} INFO - Filling up the DagBag from /home/shamim/airflow_git/Airflow_project/dags/e_to_e_processing.py
[2025-02-14T21:56:47.715+0600] {logging_mixin.py:190} INFO - [2025-02-14T21:56:47.710+0600] {dagbag.py:387} ERROR - Failed to import: /home/shamim/airflow_git/Airflow_project/dags/e_to_e_processing.py
Traceback (most recent call last):
  File "/home/shamim/airflow_git/Airflow_project/air_venv/lib/python3.12/site-packages/airflow/models/dagbag.py", line 383, in parse
    loader.exec_module(new_module)
  File "<frozen importlib._bootstrap_external>", line 995, in exec_module
  File "<frozen importlib._bootstrap>", line 488, in _call_with_frames_removed
  File "/home/shamim/airflow_git/Airflow_project/dags/e_to_e_processing.py", line 39, in <module>
    df =pd.read_csv('emp_salary_info.csv')
        ^^^^^^^^^^^^^^^^^^^^^^^^^^^^^^^^^^
  File "/home/shamim/airflow_git/Airflow_project/air_venv/lib/python3.12/site-packages/pandas/io/parsers/readers.py", line 948, in read_csv
    return _read(filepath_or_buffer, kwds)
           ^^^^^^^^^^^^^^^^^^^^^^^^^^^^^^^
  File "/home/shamim/airflow_git/Airflow_project/air_venv/lib/python3.12/site-packages/pandas/io/parsers/readers.py", line 611, in _read
    parser = TextFileReader(filepath_or_buffer, **kwds)
             ^^^^^^^^^^^^^^^^^^^^^^^^^^^^^^^^^^^^^^^^^^
  File "/home/shamim/airflow_git/Airflow_project/air_venv/lib/python3.12/site-packages/pandas/io/parsers/readers.py", line 1448, in __init__
    self._engine = self._make_engine(f, self.engine)
                   ^^^^^^^^^^^^^^^^^^^^^^^^^^^^^^^^^
  File "/home/shamim/airflow_git/Airflow_project/air_venv/lib/python3.12/site-packages/pandas/io/parsers/readers.py", line 1705, in _make_engine
    self.handles = get_handle(
                   ^^^^^^^^^^^
  File "/home/shamim/airflow_git/Airflow_project/air_venv/lib/python3.12/site-packages/pandas/io/common.py", line 863, in get_handle
    handle = open(
             ^^^^^
FileNotFoundError: [Errno 2] No such file or directory: 'emp_salary_info.csv'
[2025-02-14T21:56:47.717+0600] {processor.py:927} WARNING - No viable dags retrieved from /home/shamim/airflow_git/Airflow_project/dags/e_to_e_processing.py
[2025-02-14T21:56:47.759+0600] {processor.py:208} INFO - Processing /home/shamim/airflow_git/Airflow_project/dags/e_to_e_processing.py took 0.075 seconds
[2025-02-14T21:57:18.191+0600] {processor.py:186} INFO - Started process (PID=573223) to work on /home/shamim/airflow_git/Airflow_project/dags/e_to_e_processing.py
[2025-02-14T21:57:18.192+0600] {processor.py:914} INFO - Processing file /home/shamim/airflow_git/Airflow_project/dags/e_to_e_processing.py for tasks to queue
[2025-02-14T21:57:18.194+0600] {logging_mixin.py:190} INFO - [2025-02-14T21:57:18.193+0600] {dagbag.py:588} INFO - Filling up the DagBag from /home/shamim/airflow_git/Airflow_project/dags/e_to_e_processing.py
[2025-02-14T21:57:18.209+0600] {logging_mixin.py:190} INFO - [2025-02-14T21:57:18.204+0600] {dagbag.py:387} ERROR - Failed to import: /home/shamim/airflow_git/Airflow_project/dags/e_to_e_processing.py
Traceback (most recent call last):
  File "/home/shamim/airflow_git/Airflow_project/air_venv/lib/python3.12/site-packages/airflow/models/dagbag.py", line 383, in parse
    loader.exec_module(new_module)
  File "<frozen importlib._bootstrap_external>", line 995, in exec_module
  File "<frozen importlib._bootstrap>", line 488, in _call_with_frames_removed
  File "/home/shamim/airflow_git/Airflow_project/dags/e_to_e_processing.py", line 39, in <module>
    df =pd.read_csv('emp_salary_info.csv')
        ^^^^^^^^^^^^^^^^^^^^^^^^^^^^^^^^^^
  File "/home/shamim/airflow_git/Airflow_project/air_venv/lib/python3.12/site-packages/pandas/io/parsers/readers.py", line 948, in read_csv
    return _read(filepath_or_buffer, kwds)
           ^^^^^^^^^^^^^^^^^^^^^^^^^^^^^^^
  File "/home/shamim/airflow_git/Airflow_project/air_venv/lib/python3.12/site-packages/pandas/io/parsers/readers.py", line 611, in _read
    parser = TextFileReader(filepath_or_buffer, **kwds)
             ^^^^^^^^^^^^^^^^^^^^^^^^^^^^^^^^^^^^^^^^^^
  File "/home/shamim/airflow_git/Airflow_project/air_venv/lib/python3.12/site-packages/pandas/io/parsers/readers.py", line 1448, in __init__
    self._engine = self._make_engine(f, self.engine)
                   ^^^^^^^^^^^^^^^^^^^^^^^^^^^^^^^^^
  File "/home/shamim/airflow_git/Airflow_project/air_venv/lib/python3.12/site-packages/pandas/io/parsers/readers.py", line 1705, in _make_engine
    self.handles = get_handle(
                   ^^^^^^^^^^^
  File "/home/shamim/airflow_git/Airflow_project/air_venv/lib/python3.12/site-packages/pandas/io/common.py", line 863, in get_handle
    handle = open(
             ^^^^^
FileNotFoundError: [Errno 2] No such file or directory: 'emp_salary_info.csv'
[2025-02-14T21:57:18.210+0600] {processor.py:927} WARNING - No viable dags retrieved from /home/shamim/airflow_git/Airflow_project/dags/e_to_e_processing.py
[2025-02-14T21:57:18.251+0600] {processor.py:208} INFO - Processing /home/shamim/airflow_git/Airflow_project/dags/e_to_e_processing.py took 0.074 seconds
[2025-02-14T22:02:30.697+0600] {processor.py:186} INFO - Started process (PID=574088) to work on /home/shamim/airflow_git/Airflow_project/dags/e_to_e_processing.py
[2025-02-14T22:02:30.699+0600] {processor.py:914} INFO - Processing file /home/shamim/airflow_git/Airflow_project/dags/e_to_e_processing.py for tasks to queue
[2025-02-14T22:02:30.702+0600] {logging_mixin.py:190} INFO - [2025-02-14T22:02:30.701+0600] {dagbag.py:588} INFO - Filling up the DagBag from /home/shamim/airflow_git/Airflow_project/dags/e_to_e_processing.py
[2025-02-14T22:02:30.758+0600] {processor.py:925} INFO - DAG(s) 'e2e_data_loading_to_pg_dag' retrieved from /home/shamim/airflow_git/Airflow_project/dags/e_to_e_processing.py
[2025-02-14T22:02:31.031+0600] {logging_mixin.py:190} INFO - [2025-02-14T22:02:31.030+0600] {dag.py:3239} INFO - Sync 1 DAGs
[2025-02-14T22:02:31.053+0600] {logging_mixin.py:190} INFO - [2025-02-14T22:02:31.053+0600] {dag.py:4180} INFO - Setting next_dagrun for e2e_data_loading_to_pg_dag to None, run_after=None
[2025-02-14T22:02:31.080+0600] {processor.py:208} INFO - Processing /home/shamim/airflow_git/Airflow_project/dags/e_to_e_processing.py took 0.392 seconds
[2025-02-14T22:03:01.466+0600] {processor.py:186} INFO - Started process (PID=574550) to work on /home/shamim/airflow_git/Airflow_project/dags/e_to_e_processing.py
[2025-02-14T22:03:01.467+0600] {processor.py:914} INFO - Processing file /home/shamim/airflow_git/Airflow_project/dags/e_to_e_processing.py for tasks to queue
[2025-02-14T22:03:01.470+0600] {logging_mixin.py:190} INFO - [2025-02-14T22:03:01.469+0600] {dagbag.py:588} INFO - Filling up the DagBag from /home/shamim/airflow_git/Airflow_project/dags/e_to_e_processing.py
[2025-02-14T22:03:01.511+0600] {processor.py:925} INFO - DAG(s) 'e2e_data_loading_to_pg_dag' retrieved from /home/shamim/airflow_git/Airflow_project/dags/e_to_e_processing.py
[2025-02-14T22:03:01.758+0600] {logging_mixin.py:190} INFO - [2025-02-14T22:03:01.758+0600] {dag.py:3239} INFO - Sync 1 DAGs
[2025-02-14T22:03:01.782+0600] {logging_mixin.py:190} INFO - [2025-02-14T22:03:01.781+0600] {dag.py:4180} INFO - Setting next_dagrun for e2e_data_loading_to_pg_dag to None, run_after=None
[2025-02-14T22:03:01.811+0600] {processor.py:208} INFO - Processing /home/shamim/airflow_git/Airflow_project/dags/e_to_e_processing.py took 0.354 seconds
[2025-02-14T22:03:31.867+0600] {processor.py:186} INFO - Started process (PID=574965) to work on /home/shamim/airflow_git/Airflow_project/dags/e_to_e_processing.py
[2025-02-14T22:03:31.868+0600] {processor.py:914} INFO - Processing file /home/shamim/airflow_git/Airflow_project/dags/e_to_e_processing.py for tasks to queue
[2025-02-14T22:03:31.871+0600] {logging_mixin.py:190} INFO - [2025-02-14T22:03:31.870+0600] {dagbag.py:588} INFO - Filling up the DagBag from /home/shamim/airflow_git/Airflow_project/dags/e_to_e_processing.py
[2025-02-14T22:03:31.903+0600] {processor.py:925} INFO - DAG(s) 'e2e_data_loading_to_pg_dag' retrieved from /home/shamim/airflow_git/Airflow_project/dags/e_to_e_processing.py
[2025-02-14T22:03:32.089+0600] {logging_mixin.py:190} INFO - [2025-02-14T22:03:32.088+0600] {dag.py:3239} INFO - Sync 1 DAGs
[2025-02-14T22:03:32.104+0600] {logging_mixin.py:190} INFO - [2025-02-14T22:03:32.104+0600] {dag.py:4180} INFO - Setting next_dagrun for e2e_data_loading_to_pg_dag to None, run_after=None
[2025-02-14T22:03:32.133+0600] {processor.py:208} INFO - Processing /home/shamim/airflow_git/Airflow_project/dags/e_to_e_processing.py took 0.273 seconds
[2025-02-14T22:04:02.540+0600] {processor.py:186} INFO - Started process (PID=575382) to work on /home/shamim/airflow_git/Airflow_project/dags/e_to_e_processing.py
[2025-02-14T22:04:02.542+0600] {processor.py:914} INFO - Processing file /home/shamim/airflow_git/Airflow_project/dags/e_to_e_processing.py for tasks to queue
[2025-02-14T22:04:02.544+0600] {logging_mixin.py:190} INFO - [2025-02-14T22:04:02.544+0600] {dagbag.py:588} INFO - Filling up the DagBag from /home/shamim/airflow_git/Airflow_project/dags/e_to_e_processing.py
[2025-02-14T22:04:02.592+0600] {processor.py:925} INFO - DAG(s) 'e2e_data_loading_to_pg_dag' retrieved from /home/shamim/airflow_git/Airflow_project/dags/e_to_e_processing.py
[2025-02-14T22:04:02.823+0600] {logging_mixin.py:190} INFO - [2025-02-14T22:04:02.823+0600] {dag.py:3239} INFO - Sync 1 DAGs
[2025-02-14T22:04:02.846+0600] {logging_mixin.py:190} INFO - [2025-02-14T22:04:02.845+0600] {dag.py:4180} INFO - Setting next_dagrun for e2e_data_loading_to_pg_dag to None, run_after=None
[2025-02-14T22:04:02.874+0600] {processor.py:208} INFO - Processing /home/shamim/airflow_git/Airflow_project/dags/e_to_e_processing.py took 0.346 seconds
[2025-02-14T22:04:33.029+0600] {processor.py:186} INFO - Started process (PID=575813) to work on /home/shamim/airflow_git/Airflow_project/dags/e_to_e_processing.py
[2025-02-14T22:04:33.029+0600] {processor.py:914} INFO - Processing file /home/shamim/airflow_git/Airflow_project/dags/e_to_e_processing.py for tasks to queue
[2025-02-14T22:04:33.034+0600] {logging_mixin.py:190} INFO - [2025-02-14T22:04:33.032+0600] {dagbag.py:588} INFO - Filling up the DagBag from /home/shamim/airflow_git/Airflow_project/dags/e_to_e_processing.py
[2025-02-14T22:04:33.070+0600] {processor.py:925} INFO - DAG(s) 'e2e_data_loading_to_pg_dag' retrieved from /home/shamim/airflow_git/Airflow_project/dags/e_to_e_processing.py
[2025-02-14T22:04:33.286+0600] {logging_mixin.py:190} INFO - [2025-02-14T22:04:33.286+0600] {dag.py:3239} INFO - Sync 1 DAGs
[2025-02-14T22:04:33.303+0600] {logging_mixin.py:190} INFO - [2025-02-14T22:04:33.303+0600] {dag.py:4180} INFO - Setting next_dagrun for e2e_data_loading_to_pg_dag to None, run_after=None
[2025-02-14T22:04:33.336+0600] {processor.py:208} INFO - Processing /home/shamim/airflow_git/Airflow_project/dags/e_to_e_processing.py took 0.316 seconds
[2025-02-14T22:05:03.395+0600] {processor.py:186} INFO - Started process (PID=576224) to work on /home/shamim/airflow_git/Airflow_project/dags/e_to_e_processing.py
[2025-02-14T22:05:03.396+0600] {processor.py:914} INFO - Processing file /home/shamim/airflow_git/Airflow_project/dags/e_to_e_processing.py for tasks to queue
[2025-02-14T22:05:03.400+0600] {logging_mixin.py:190} INFO - [2025-02-14T22:05:03.399+0600] {dagbag.py:588} INFO - Filling up the DagBag from /home/shamim/airflow_git/Airflow_project/dags/e_to_e_processing.py
[2025-02-14T22:05:03.443+0600] {processor.py:925} INFO - DAG(s) 'e2e_data_loading_to_pg_dag' retrieved from /home/shamim/airflow_git/Airflow_project/dags/e_to_e_processing.py
[2025-02-14T22:05:03.690+0600] {logging_mixin.py:190} INFO - [2025-02-14T22:05:03.690+0600] {dag.py:3239} INFO - Sync 1 DAGs
[2025-02-14T22:05:03.715+0600] {logging_mixin.py:190} INFO - [2025-02-14T22:05:03.715+0600] {dag.py:4180} INFO - Setting next_dagrun for e2e_data_loading_to_pg_dag to None, run_after=None
[2025-02-14T22:05:03.745+0600] {processor.py:208} INFO - Processing /home/shamim/airflow_git/Airflow_project/dags/e_to_e_processing.py took 0.361 seconds
[2025-02-14T22:05:37.523+0600] {processor.py:186} INFO - Started process (PID=577011) to work on /home/shamim/airflow_git/Airflow_project/dags/e_to_e_processing.py
[2025-02-14T22:05:37.533+0600] {processor.py:914} INFO - Processing file /home/shamim/airflow_git/Airflow_project/dags/e_to_e_processing.py for tasks to queue
[2025-02-14T22:05:37.568+0600] {logging_mixin.py:190} INFO - [2025-02-14T22:05:37.566+0600] {dagbag.py:588} INFO - Filling up the DagBag from /home/shamim/airflow_git/Airflow_project/dags/e_to_e_processing.py
[2025-02-14T22:05:37.719+0600] {processor.py:925} INFO - DAG(s) 'e2e_data_loading_to_pg_dag' retrieved from /home/shamim/airflow_git/Airflow_project/dags/e_to_e_processing.py
[2025-02-14T22:05:38.364+0600] {logging_mixin.py:190} INFO - [2025-02-14T22:05:38.359+0600] {dag.py:3239} INFO - Sync 1 DAGs
[2025-02-14T22:05:38.509+0600] {logging_mixin.py:190} INFO - [2025-02-14T22:05:38.504+0600] {dag.py:4180} INFO - Setting next_dagrun for e2e_data_loading_to_pg_dag to None, run_after=None
[2025-02-14T22:05:38.594+0600] {processor.py:208} INFO - Processing /home/shamim/airflow_git/Airflow_project/dags/e_to_e_processing.py took 1.111 seconds
[2025-02-14T22:06:08.986+0600] {processor.py:186} INFO - Started process (PID=577519) to work on /home/shamim/airflow_git/Airflow_project/dags/e_to_e_processing.py
[2025-02-14T22:06:08.988+0600] {processor.py:914} INFO - Processing file /home/shamim/airflow_git/Airflow_project/dags/e_to_e_processing.py for tasks to queue
[2025-02-14T22:06:08.994+0600] {logging_mixin.py:190} INFO - [2025-02-14T22:06:08.992+0600] {dagbag.py:588} INFO - Filling up the DagBag from /home/shamim/airflow_git/Airflow_project/dags/e_to_e_processing.py
[2025-02-14T22:06:09.102+0600] {processor.py:925} INFO - DAG(s) 'e2e_data_loading_to_pg_dag' retrieved from /home/shamim/airflow_git/Airflow_project/dags/e_to_e_processing.py
[2025-02-14T22:06:09.274+0600] {logging_mixin.py:190} INFO - [2025-02-14T22:06:09.274+0600] {dag.py:3239} INFO - Sync 1 DAGs
[2025-02-14T22:06:09.354+0600] {logging_mixin.py:190} INFO - [2025-02-14T22:06:09.353+0600] {dag.py:4180} INFO - Setting next_dagrun for e2e_data_loading_to_pg_dag to None, run_after=None
[2025-02-14T22:06:09.424+0600] {processor.py:208} INFO - Processing /home/shamim/airflow_git/Airflow_project/dags/e_to_e_processing.py took 0.458 seconds
[2025-02-14T22:06:40.200+0600] {processor.py:186} INFO - Started process (PID=578015) to work on /home/shamim/airflow_git/Airflow_project/dags/e_to_e_processing.py
[2025-02-14T22:06:40.201+0600] {processor.py:914} INFO - Processing file /home/shamim/airflow_git/Airflow_project/dags/e_to_e_processing.py for tasks to queue
[2025-02-14T22:06:40.204+0600] {logging_mixin.py:190} INFO - [2025-02-14T22:06:40.204+0600] {dagbag.py:588} INFO - Filling up the DagBag from /home/shamim/airflow_git/Airflow_project/dags/e_to_e_processing.py
[2025-02-14T22:06:40.253+0600] {processor.py:925} INFO - DAG(s) 'e2e_data_loading_to_pg_dag' retrieved from /home/shamim/airflow_git/Airflow_project/dags/e_to_e_processing.py
[2025-02-14T22:06:40.589+0600] {logging_mixin.py:190} INFO - [2025-02-14T22:06:40.589+0600] {dag.py:3239} INFO - Sync 1 DAGs
[2025-02-14T22:06:40.635+0600] {logging_mixin.py:190} INFO - [2025-02-14T22:06:40.635+0600] {dag.py:4180} INFO - Setting next_dagrun for e2e_data_loading_to_pg_dag to None, run_after=None
[2025-02-14T22:06:40.710+0600] {processor.py:208} INFO - Processing /home/shamim/airflow_git/Airflow_project/dags/e_to_e_processing.py took 0.525 seconds
[2025-02-14T22:07:10.820+0600] {processor.py:186} INFO - Started process (PID=578461) to work on /home/shamim/airflow_git/Airflow_project/dags/e_to_e_processing.py
[2025-02-14T22:07:10.820+0600] {processor.py:914} INFO - Processing file /home/shamim/airflow_git/Airflow_project/dags/e_to_e_processing.py for tasks to queue
[2025-02-14T22:07:10.823+0600] {logging_mixin.py:190} INFO - [2025-02-14T22:07:10.823+0600] {dagbag.py:588} INFO - Filling up the DagBag from /home/shamim/airflow_git/Airflow_project/dags/e_to_e_processing.py
[2025-02-14T22:07:10.860+0600] {processor.py:925} INFO - DAG(s) 'e2e_data_loading_to_pg_dag' retrieved from /home/shamim/airflow_git/Airflow_project/dags/e_to_e_processing.py
[2025-02-14T22:07:11.058+0600] {logging_mixin.py:190} INFO - [2025-02-14T22:07:11.057+0600] {dag.py:3239} INFO - Sync 1 DAGs
[2025-02-14T22:07:11.076+0600] {logging_mixin.py:190} INFO - [2025-02-14T22:07:11.076+0600] {dag.py:4180} INFO - Setting next_dagrun for e2e_data_loading_to_pg_dag to None, run_after=None
[2025-02-14T22:07:11.103+0600] {processor.py:208} INFO - Processing /home/shamim/airflow_git/Airflow_project/dags/e_to_e_processing.py took 0.291 seconds
[2025-02-14T22:07:41.463+0600] {processor.py:186} INFO - Started process (PID=578970) to work on /home/shamim/airflow_git/Airflow_project/dags/e_to_e_processing.py
[2025-02-14T22:07:41.465+0600] {processor.py:914} INFO - Processing file /home/shamim/airflow_git/Airflow_project/dags/e_to_e_processing.py for tasks to queue
[2025-02-14T22:07:41.466+0600] {logging_mixin.py:190} INFO - [2025-02-14T22:07:41.466+0600] {dagbag.py:588} INFO - Filling up the DagBag from /home/shamim/airflow_git/Airflow_project/dags/e_to_e_processing.py
[2025-02-14T22:07:41.509+0600] {processor.py:925} INFO - DAG(s) 'e2e_data_loading_to_pg_dag' retrieved from /home/shamim/airflow_git/Airflow_project/dags/e_to_e_processing.py
[2025-02-14T22:07:41.744+0600] {logging_mixin.py:190} INFO - [2025-02-14T22:07:41.743+0600] {dag.py:3239} INFO - Sync 1 DAGs
[2025-02-14T22:07:41.761+0600] {logging_mixin.py:190} INFO - [2025-02-14T22:07:41.761+0600] {dag.py:4180} INFO - Setting next_dagrun for e2e_data_loading_to_pg_dag to None, run_after=None
[2025-02-14T22:07:41.788+0600] {processor.py:208} INFO - Processing /home/shamim/airflow_git/Airflow_project/dags/e_to_e_processing.py took 0.334 seconds
[2025-02-14T22:08:12.240+0600] {processor.py:186} INFO - Started process (PID=579486) to work on /home/shamim/airflow_git/Airflow_project/dags/e_to_e_processing.py
[2025-02-14T22:08:12.241+0600] {processor.py:914} INFO - Processing file /home/shamim/airflow_git/Airflow_project/dags/e_to_e_processing.py for tasks to queue
[2025-02-14T22:08:12.243+0600] {logging_mixin.py:190} INFO - [2025-02-14T22:08:12.243+0600] {dagbag.py:588} INFO - Filling up the DagBag from /home/shamim/airflow_git/Airflow_project/dags/e_to_e_processing.py
[2025-02-14T22:08:12.285+0600] {processor.py:925} INFO - DAG(s) 'e2e_data_loading_to_pg_dag' retrieved from /home/shamim/airflow_git/Airflow_project/dags/e_to_e_processing.py
[2025-02-14T22:08:12.532+0600] {logging_mixin.py:190} INFO - [2025-02-14T22:08:12.532+0600] {dag.py:3239} INFO - Sync 1 DAGs
[2025-02-14T22:08:12.551+0600] {logging_mixin.py:190} INFO - [2025-02-14T22:08:12.550+0600] {dag.py:4180} INFO - Setting next_dagrun for e2e_data_loading_to_pg_dag to None, run_after=None
[2025-02-14T22:08:12.580+0600] {processor.py:208} INFO - Processing /home/shamim/airflow_git/Airflow_project/dags/e_to_e_processing.py took 0.352 seconds
[2025-02-14T22:08:42.854+0600] {processor.py:186} INFO - Started process (PID=579968) to work on /home/shamim/airflow_git/Airflow_project/dags/e_to_e_processing.py
[2025-02-14T22:08:42.860+0600] {processor.py:914} INFO - Processing file /home/shamim/airflow_git/Airflow_project/dags/e_to_e_processing.py for tasks to queue
[2025-02-14T22:08:42.862+0600] {logging_mixin.py:190} INFO - [2025-02-14T22:08:42.861+0600] {dagbag.py:588} INFO - Filling up the DagBag from /home/shamim/airflow_git/Airflow_project/dags/e_to_e_processing.py
[2025-02-14T22:08:42.900+0600] {processor.py:925} INFO - DAG(s) 'e2e_data_loading_to_pg_dag' retrieved from /home/shamim/airflow_git/Airflow_project/dags/e_to_e_processing.py
[2025-02-14T22:08:43.121+0600] {logging_mixin.py:190} INFO - [2025-02-14T22:08:43.121+0600] {dag.py:3239} INFO - Sync 1 DAGs
[2025-02-14T22:08:43.149+0600] {logging_mixin.py:190} INFO - [2025-02-14T22:08:43.149+0600] {dag.py:4180} INFO - Setting next_dagrun for e2e_data_loading_to_pg_dag to None, run_after=None
[2025-02-14T22:08:43.174+0600] {processor.py:208} INFO - Processing /home/shamim/airflow_git/Airflow_project/dags/e_to_e_processing.py took 0.334 seconds
[2025-02-14T22:09:13.571+0600] {processor.py:186} INFO - Started process (PID=580374) to work on /home/shamim/airflow_git/Airflow_project/dags/e_to_e_processing.py
[2025-02-14T22:09:13.573+0600] {processor.py:914} INFO - Processing file /home/shamim/airflow_git/Airflow_project/dags/e_to_e_processing.py for tasks to queue
[2025-02-14T22:09:13.575+0600] {logging_mixin.py:190} INFO - [2025-02-14T22:09:13.574+0600] {dagbag.py:588} INFO - Filling up the DagBag from /home/shamim/airflow_git/Airflow_project/dags/e_to_e_processing.py
[2025-02-14T22:09:13.637+0600] {processor.py:925} INFO - DAG(s) 'e2e_data_loading_to_pg_dag' retrieved from /home/shamim/airflow_git/Airflow_project/dags/e_to_e_processing.py
[2025-02-14T22:09:13.945+0600] {logging_mixin.py:190} INFO - [2025-02-14T22:09:13.944+0600] {dag.py:3239} INFO - Sync 1 DAGs
[2025-02-14T22:09:13.981+0600] {logging_mixin.py:190} INFO - [2025-02-14T22:09:13.981+0600] {dag.py:4180} INFO - Setting next_dagrun for e2e_data_loading_to_pg_dag to None, run_after=None
[2025-02-14T22:09:14.021+0600] {processor.py:208} INFO - Processing /home/shamim/airflow_git/Airflow_project/dags/e_to_e_processing.py took 0.463 seconds
[2025-02-14T22:09:44.243+0600] {processor.py:186} INFO - Started process (PID=580911) to work on /home/shamim/airflow_git/Airflow_project/dags/e_to_e_processing.py
[2025-02-14T22:09:44.249+0600] {processor.py:914} INFO - Processing file /home/shamim/airflow_git/Airflow_project/dags/e_to_e_processing.py for tasks to queue
[2025-02-14T22:09:44.252+0600] {logging_mixin.py:190} INFO - [2025-02-14T22:09:44.251+0600] {dagbag.py:588} INFO - Filling up the DagBag from /home/shamim/airflow_git/Airflow_project/dags/e_to_e_processing.py
[2025-02-14T22:09:44.300+0600] {processor.py:925} INFO - DAG(s) 'e2e_data_loading_to_pg_dag' retrieved from /home/shamim/airflow_git/Airflow_project/dags/e_to_e_processing.py
[2025-02-14T22:09:44.508+0600] {logging_mixin.py:190} INFO - [2025-02-14T22:09:44.508+0600] {dag.py:3239} INFO - Sync 1 DAGs
[2025-02-14T22:09:44.526+0600] {logging_mixin.py:190} INFO - [2025-02-14T22:09:44.525+0600] {dag.py:4180} INFO - Setting next_dagrun for e2e_data_loading_to_pg_dag to None, run_after=None
[2025-02-14T22:09:44.711+0600] {processor.py:208} INFO - Processing /home/shamim/airflow_git/Airflow_project/dags/e_to_e_processing.py took 0.488 seconds
