[2025-02-14T21:56:16.146+0600] {processor.py:186} INFO - Started process (PID=572385) to work on /home/shamim/airflow_git/Airflow_project/dags/final_assignment.py
[2025-02-14T21:56:16.147+0600] {processor.py:914} INFO - Processing file /home/shamim/airflow_git/Airflow_project/dags/final_assignment.py for tasks to queue
[2025-02-14T21:56:16.148+0600] {logging_mixin.py:190} INFO - [2025-02-14T21:56:16.148+0600] {dagbag.py:588} INFO - Filling up the DagBag from /home/shamim/airflow_git/Airflow_project/dags/final_assignment.py
[2025-02-14T21:56:16.179+0600] {processor.py:925} INFO - DAG(s) 'supermarket_sales_eTOe_dag' retrieved from /home/shamim/airflow_git/Airflow_project/dags/final_assignment.py
[2025-02-14T21:56:16.400+0600] {logging_mixin.py:190} INFO - [2025-02-14T21:56:16.399+0600] {dag.py:3239} INFO - Sync 1 DAGs
[2025-02-14T21:56:16.421+0600] {logging_mixin.py:190} INFO - [2025-02-14T21:56:16.420+0600] {dag.py:4180} INFO - Setting next_dagrun for supermarket_sales_eTOe_dag to None, run_after=None
[2025-02-14T21:56:16.450+0600] {processor.py:208} INFO - Processing /home/shamim/airflow_git/Airflow_project/dags/final_assignment.py took 0.317 seconds
[2025-02-14T21:56:47.392+0600] {processor.py:186} INFO - Started process (PID=572808) to work on /home/shamim/airflow_git/Airflow_project/dags/final_assignment.py
[2025-02-14T21:56:47.393+0600] {processor.py:914} INFO - Processing file /home/shamim/airflow_git/Airflow_project/dags/final_assignment.py for tasks to queue
[2025-02-14T21:56:47.395+0600] {logging_mixin.py:190} INFO - [2025-02-14T21:56:47.394+0600] {dagbag.py:588} INFO - Filling up the DagBag from /home/shamim/airflow_git/Airflow_project/dags/final_assignment.py
[2025-02-14T21:56:47.430+0600] {processor.py:925} INFO - DAG(s) 'supermarket_sales_eTOe_dag' retrieved from /home/shamim/airflow_git/Airflow_project/dags/final_assignment.py
[2025-02-14T21:56:47.635+0600] {logging_mixin.py:190} INFO - [2025-02-14T21:56:47.634+0600] {dag.py:3239} INFO - Sync 1 DAGs
[2025-02-14T21:56:47.654+0600] {logging_mixin.py:190} INFO - [2025-02-14T21:56:47.653+0600] {dag.py:4180} INFO - Setting next_dagrun for supermarket_sales_eTOe_dag to None, run_after=None
[2025-02-14T21:56:47.678+0600] {processor.py:208} INFO - Processing /home/shamim/airflow_git/Airflow_project/dags/final_assignment.py took 0.302 seconds
[2025-02-14T21:57:17.872+0600] {processor.py:186} INFO - Started process (PID=573216) to work on /home/shamim/airflow_git/Airflow_project/dags/final_assignment.py
[2025-02-14T21:57:17.873+0600] {processor.py:914} INFO - Processing file /home/shamim/airflow_git/Airflow_project/dags/final_assignment.py for tasks to queue
[2025-02-14T21:57:17.875+0600] {logging_mixin.py:190} INFO - [2025-02-14T21:57:17.875+0600] {dagbag.py:588} INFO - Filling up the DagBag from /home/shamim/airflow_git/Airflow_project/dags/final_assignment.py
[2025-02-14T21:57:17.909+0600] {processor.py:925} INFO - DAG(s) 'supermarket_sales_eTOe_dag' retrieved from /home/shamim/airflow_git/Airflow_project/dags/final_assignment.py
[2025-02-14T21:57:18.094+0600] {logging_mixin.py:190} INFO - [2025-02-14T21:57:18.094+0600] {dag.py:3239} INFO - Sync 1 DAGs
[2025-02-14T21:57:18.115+0600] {logging_mixin.py:190} INFO - [2025-02-14T21:57:18.114+0600] {dag.py:4180} INFO - Setting next_dagrun for supermarket_sales_eTOe_dag to None, run_after=None
[2025-02-14T21:57:18.138+0600] {processor.py:208} INFO - Processing /home/shamim/airflow_git/Airflow_project/dags/final_assignment.py took 0.280 seconds
[2025-02-14T22:02:30.332+0600] {processor.py:186} INFO - Started process (PID=574068) to work on /home/shamim/airflow_git/Airflow_project/dags/final_assignment.py
[2025-02-14T22:02:30.334+0600] {processor.py:914} INFO - Processing file /home/shamim/airflow_git/Airflow_project/dags/final_assignment.py for tasks to queue
[2025-02-14T22:02:30.337+0600] {logging_mixin.py:190} INFO - [2025-02-14T22:02:30.337+0600] {dagbag.py:588} INFO - Filling up the DagBag from /home/shamim/airflow_git/Airflow_project/dags/final_assignment.py
[2025-02-14T22:02:30.367+0600] {processor.py:925} INFO - DAG(s) 'supermarket_sales_eTOe_dag' retrieved from /home/shamim/airflow_git/Airflow_project/dags/final_assignment.py
[2025-02-14T22:02:30.602+0600] {logging_mixin.py:190} INFO - [2025-02-14T22:02:30.602+0600] {dag.py:3239} INFO - Sync 1 DAGs
[2025-02-14T22:02:30.625+0600] {logging_mixin.py:190} INFO - [2025-02-14T22:02:30.625+0600] {dag.py:4180} INFO - Setting next_dagrun for supermarket_sales_eTOe_dag to None, run_after=None
[2025-02-14T22:02:30.652+0600] {processor.py:208} INFO - Processing /home/shamim/airflow_git/Airflow_project/dags/final_assignment.py took 0.330 seconds
[2025-02-14T22:03:01.101+0600] {processor.py:186} INFO - Started process (PID=574528) to work on /home/shamim/airflow_git/Airflow_project/dags/final_assignment.py
[2025-02-14T22:03:01.102+0600] {processor.py:914} INFO - Processing file /home/shamim/airflow_git/Airflow_project/dags/final_assignment.py for tasks to queue
[2025-02-14T22:03:01.107+0600] {logging_mixin.py:190} INFO - [2025-02-14T22:03:01.106+0600] {dagbag.py:588} INFO - Filling up the DagBag from /home/shamim/airflow_git/Airflow_project/dags/final_assignment.py
[2025-02-14T22:03:01.142+0600] {processor.py:925} INFO - DAG(s) 'supermarket_sales_eTOe_dag' retrieved from /home/shamim/airflow_git/Airflow_project/dags/final_assignment.py
[2025-02-14T22:03:01.361+0600] {logging_mixin.py:190} INFO - [2025-02-14T22:03:01.360+0600] {dag.py:3239} INFO - Sync 1 DAGs
[2025-02-14T22:03:01.383+0600] {logging_mixin.py:190} INFO - [2025-02-14T22:03:01.383+0600] {dag.py:4180} INFO - Setting next_dagrun for supermarket_sales_eTOe_dag to None, run_after=None
[2025-02-14T22:03:01.412+0600] {processor.py:208} INFO - Processing /home/shamim/airflow_git/Airflow_project/dags/final_assignment.py took 0.320 seconds
[2025-02-14T22:03:31.549+0600] {processor.py:186} INFO - Started process (PID=574946) to work on /home/shamim/airflow_git/Airflow_project/dags/final_assignment.py
[2025-02-14T22:03:31.550+0600] {processor.py:914} INFO - Processing file /home/shamim/airflow_git/Airflow_project/dags/final_assignment.py for tasks to queue
[2025-02-14T22:03:31.553+0600] {logging_mixin.py:190} INFO - [2025-02-14T22:03:31.552+0600] {dagbag.py:588} INFO - Filling up the DagBag from /home/shamim/airflow_git/Airflow_project/dags/final_assignment.py
[2025-02-14T22:03:31.583+0600] {processor.py:925} INFO - DAG(s) 'supermarket_sales_eTOe_dag' retrieved from /home/shamim/airflow_git/Airflow_project/dags/final_assignment.py
[2025-02-14T22:03:31.797+0600] {logging_mixin.py:190} INFO - [2025-02-14T22:03:31.796+0600] {dag.py:3239} INFO - Sync 1 DAGs
[2025-02-14T22:03:31.815+0600] {logging_mixin.py:190} INFO - [2025-02-14T22:03:31.815+0600] {dag.py:4180} INFO - Setting next_dagrun for supermarket_sales_eTOe_dag to None, run_after=None
[2025-02-14T22:03:31.841+0600] {processor.py:208} INFO - Processing /home/shamim/airflow_git/Airflow_project/dags/final_assignment.py took 0.299 seconds
[2025-02-14T22:04:02.197+0600] {processor.py:186} INFO - Started process (PID=575363) to work on /home/shamim/airflow_git/Airflow_project/dags/final_assignment.py
[2025-02-14T22:04:02.199+0600] {processor.py:914} INFO - Processing file /home/shamim/airflow_git/Airflow_project/dags/final_assignment.py for tasks to queue
[2025-02-14T22:04:02.202+0600] {logging_mixin.py:190} INFO - [2025-02-14T22:04:02.202+0600] {dagbag.py:588} INFO - Filling up the DagBag from /home/shamim/airflow_git/Airflow_project/dags/final_assignment.py
[2025-02-14T22:04:02.241+0600] {processor.py:925} INFO - DAG(s) 'supermarket_sales_eTOe_dag' retrieved from /home/shamim/airflow_git/Airflow_project/dags/final_assignment.py
[2025-02-14T22:04:02.462+0600] {logging_mixin.py:190} INFO - [2025-02-14T22:04:02.462+0600] {dag.py:3239} INFO - Sync 1 DAGs
[2025-02-14T22:04:02.487+0600] {logging_mixin.py:190} INFO - [2025-02-14T22:04:02.487+0600] {dag.py:4180} INFO - Setting next_dagrun for supermarket_sales_eTOe_dag to None, run_after=None
[2025-02-14T22:04:02.515+0600] {processor.py:208} INFO - Processing /home/shamim/airflow_git/Airflow_project/dags/final_assignment.py took 0.331 seconds
[2025-02-14T22:04:32.647+0600] {processor.py:186} INFO - Started process (PID=575794) to work on /home/shamim/airflow_git/Airflow_project/dags/final_assignment.py
[2025-02-14T22:04:32.648+0600] {processor.py:914} INFO - Processing file /home/shamim/airflow_git/Airflow_project/dags/final_assignment.py for tasks to queue
[2025-02-14T22:04:32.652+0600] {logging_mixin.py:190} INFO - [2025-02-14T22:04:32.651+0600] {dagbag.py:588} INFO - Filling up the DagBag from /home/shamim/airflow_git/Airflow_project/dags/final_assignment.py
[2025-02-14T22:04:32.684+0600] {processor.py:925} INFO - DAG(s) 'supermarket_sales_eTOe_dag' retrieved from /home/shamim/airflow_git/Airflow_project/dags/final_assignment.py
[2025-02-14T22:04:32.934+0600] {logging_mixin.py:190} INFO - [2025-02-14T22:04:32.933+0600] {dag.py:3239} INFO - Sync 1 DAGs
[2025-02-14T22:04:32.954+0600] {logging_mixin.py:190} INFO - [2025-02-14T22:04:32.953+0600] {dag.py:4180} INFO - Setting next_dagrun for supermarket_sales_eTOe_dag to None, run_after=None
[2025-02-14T22:04:32.986+0600] {processor.py:208} INFO - Processing /home/shamim/airflow_git/Airflow_project/dags/final_assignment.py took 0.349 seconds
[2025-02-14T22:05:03.201+0600] {processor.py:186} INFO - Started process (PID=576213) to work on /home/shamim/airflow_git/Airflow_project/dags/final_assignment.py
[2025-02-14T22:05:03.203+0600] {processor.py:914} INFO - Processing file /home/shamim/airflow_git/Airflow_project/dags/final_assignment.py for tasks to queue
[2025-02-14T22:05:03.206+0600] {logging_mixin.py:190} INFO - [2025-02-14T22:05:03.206+0600] {dagbag.py:588} INFO - Filling up the DagBag from /home/shamim/airflow_git/Airflow_project/dags/final_assignment.py
[2025-02-14T22:05:03.238+0600] {processor.py:925} INFO - DAG(s) 'supermarket_sales_eTOe_dag' retrieved from /home/shamim/airflow_git/Airflow_project/dags/final_assignment.py
[2025-02-14T22:05:03.456+0600] {logging_mixin.py:190} INFO - [2025-02-14T22:05:03.456+0600] {dag.py:3239} INFO - Sync 1 DAGs
[2025-02-14T22:05:03.475+0600] {logging_mixin.py:190} INFO - [2025-02-14T22:05:03.475+0600] {dag.py:4180} INFO - Setting next_dagrun for supermarket_sales_eTOe_dag to None, run_after=None
[2025-02-14T22:05:03.504+0600] {processor.py:208} INFO - Processing /home/shamim/airflow_git/Airflow_project/dags/final_assignment.py took 0.314 seconds
[2025-02-14T22:05:35.299+0600] {processor.py:186} INFO - Started process (PID=576987) to work on /home/shamim/airflow_git/Airflow_project/dags/final_assignment.py
[2025-02-14T22:05:35.302+0600] {processor.py:914} INFO - Processing file /home/shamim/airflow_git/Airflow_project/dags/final_assignment.py for tasks to queue
[2025-02-14T22:05:35.312+0600] {logging_mixin.py:190} INFO - [2025-02-14T22:05:35.309+0600] {dagbag.py:588} INFO - Filling up the DagBag from /home/shamim/airflow_git/Airflow_project/dags/final_assignment.py
[2025-02-14T22:05:35.531+0600] {processor.py:925} INFO - DAG(s) 'supermarket_sales_eTOe_dag' retrieved from /home/shamim/airflow_git/Airflow_project/dags/final_assignment.py
[2025-02-14T22:05:36.835+0600] {logging_mixin.py:190} INFO - [2025-02-14T22:05:36.834+0600] {dag.py:3239} INFO - Sync 1 DAGs
[2025-02-14T22:05:37.058+0600] {logging_mixin.py:190} INFO - [2025-02-14T22:05:37.057+0600] {dag.py:4180} INFO - Setting next_dagrun for supermarket_sales_eTOe_dag to None, run_after=None
[2025-02-14T22:05:37.285+0600] {processor.py:208} INFO - Processing /home/shamim/airflow_git/Airflow_project/dags/final_assignment.py took 2.017 seconds
[2025-02-14T22:06:08.088+0600] {processor.py:186} INFO - Started process (PID=577494) to work on /home/shamim/airflow_git/Airflow_project/dags/final_assignment.py
[2025-02-14T22:06:08.090+0600] {processor.py:914} INFO - Processing file /home/shamim/airflow_git/Airflow_project/dags/final_assignment.py for tasks to queue
[2025-02-14T22:06:08.094+0600] {logging_mixin.py:190} INFO - [2025-02-14T22:06:08.093+0600] {dagbag.py:588} INFO - Filling up the DagBag from /home/shamim/airflow_git/Airflow_project/dags/final_assignment.py
[2025-02-14T22:06:08.138+0600] {processor.py:925} INFO - DAG(s) 'supermarket_sales_eTOe_dag' retrieved from /home/shamim/airflow_git/Airflow_project/dags/final_assignment.py
[2025-02-14T22:06:08.496+0600] {logging_mixin.py:190} INFO - [2025-02-14T22:06:08.495+0600] {dag.py:3239} INFO - Sync 1 DAGs
[2025-02-14T22:06:08.523+0600] {logging_mixin.py:190} INFO - [2025-02-14T22:06:08.523+0600] {dag.py:4180} INFO - Setting next_dagrun for supermarket_sales_eTOe_dag to None, run_after=None
[2025-02-14T22:06:08.563+0600] {processor.py:208} INFO - Processing /home/shamim/airflow_git/Airflow_project/dags/final_assignment.py took 0.489 seconds
[2025-02-14T22:06:09.711+0600] {processor.py:186} INFO - Started process (PID=577532) to work on /home/shamim/airflow_git/Airflow_project/dags/final_assignment.py
[2025-02-14T22:06:09.713+0600] {processor.py:914} INFO - Processing file /home/shamim/airflow_git/Airflow_project/dags/final_assignment.py for tasks to queue
[2025-02-14T22:06:09.718+0600] {logging_mixin.py:190} INFO - [2025-02-14T22:06:09.718+0600] {dagbag.py:588} INFO - Filling up the DagBag from /home/shamim/airflow_git/Airflow_project/dags/final_assignment.py
[2025-02-14T22:06:09.785+0600] {logging_mixin.py:190} INFO - [2025-02-14T22:06:09.781+0600] {dagbag.py:387} ERROR - Failed to import: /home/shamim/airflow_git/Airflow_project/dags/final_assignment.py
Traceback (most recent call last):
  File "/home/shamim/airflow_git/Airflow_project/air_venv/lib/python3.12/site-packages/airflow/models/dagbag.py", line 383, in parse
    loader.exec_module(new_module)
  File "<frozen importlib._bootstrap_external>", line 995, in exec_module
  File "<frozen importlib._bootstrap>", line 488, in _call_with_frames_removed
  File "/home/shamim/airflow_git/Airflow_project/dags/final_assignment.py", line 89, in <module>
    conn = psycopg2.connect(
           ^^^^^^^^^^^^^^^^^
  File "/home/shamim/airflow_git/Airflow_project/air_venv/lib/python3.12/site-packages/psycopg2/__init__.py", line 122, in connect
    conn = _connect(dsn, connection_factory=connection_factory, **kwasync)
           ^^^^^^^^^^^^^^^^^^^^^^^^^^^^^^^^^^^^^^^^^^^^^^^^^^^^^^^^^^^^^^^
psycopg2.OperationalError: connection to server at "localhost" (127.0.0.1), port 5432 failed: FATAL:  password authentication failed for user "postgres"
connection to server at "localhost" (127.0.0.1), port 5432 failed: FATAL:  password authentication failed for user "postgres"
[2025-02-14T22:06:09.787+0600] {processor.py:927} WARNING - No viable dags retrieved from /home/shamim/airflow_git/Airflow_project/dags/final_assignment.py
[2025-02-14T22:06:09.838+0600] {processor.py:208} INFO - Processing /home/shamim/airflow_git/Airflow_project/dags/final_assignment.py took 0.140 seconds
[2025-02-14T22:06:40.194+0600] {processor.py:186} INFO - Started process (PID=578012) to work on /home/shamim/airflow_git/Airflow_project/dags/final_assignment.py
[2025-02-14T22:06:40.196+0600] {processor.py:914} INFO - Processing file /home/shamim/airflow_git/Airflow_project/dags/final_assignment.py for tasks to queue
[2025-02-14T22:06:40.201+0600] {logging_mixin.py:190} INFO - [2025-02-14T22:06:40.201+0600] {dagbag.py:588} INFO - Filling up the DagBag from /home/shamim/airflow_git/Airflow_project/dags/final_assignment.py
[2025-02-14T22:06:40.251+0600] {logging_mixin.py:190} INFO - [2025-02-14T22:06:40.248+0600] {dagbag.py:387} ERROR - Failed to import: /home/shamim/airflow_git/Airflow_project/dags/final_assignment.py
Traceback (most recent call last):
  File "/home/shamim/airflow_git/Airflow_project/air_venv/lib/python3.12/site-packages/airflow/models/dagbag.py", line 383, in parse
    loader.exec_module(new_module)
  File "<frozen importlib._bootstrap_external>", line 995, in exec_module
  File "<frozen importlib._bootstrap>", line 488, in _call_with_frames_removed
  File "/home/shamim/airflow_git/Airflow_project/dags/final_assignment.py", line 89, in <module>
    conn = psycopg2.connect(
           ^^^^^^^^^^^^^^^^^
  File "/home/shamim/airflow_git/Airflow_project/air_venv/lib/python3.12/site-packages/psycopg2/__init__.py", line 122, in connect
    conn = _connect(dsn, connection_factory=connection_factory, **kwasync)
           ^^^^^^^^^^^^^^^^^^^^^^^^^^^^^^^^^^^^^^^^^^^^^^^^^^^^^^^^^^^^^^^
psycopg2.OperationalError: connection to server at "localhost" (127.0.0.1), port 5432 failed: FATAL:  password authentication failed for user "postgres"
connection to server at "localhost" (127.0.0.1), port 5432 failed: FATAL:  password authentication failed for user "postgres"
[2025-02-14T22:06:40.253+0600] {processor.py:927} WARNING - No viable dags retrieved from /home/shamim/airflow_git/Airflow_project/dags/final_assignment.py
[2025-02-14T22:06:40.298+0600] {processor.py:208} INFO - Processing /home/shamim/airflow_git/Airflow_project/dags/final_assignment.py took 0.119 seconds
[2025-02-14T22:07:10.559+0600] {processor.py:186} INFO - Started process (PID=578441) to work on /home/shamim/airflow_git/Airflow_project/dags/final_assignment.py
[2025-02-14T22:07:10.566+0600] {processor.py:914} INFO - Processing file /home/shamim/airflow_git/Airflow_project/dags/final_assignment.py for tasks to queue
[2025-02-14T22:07:10.576+0600] {logging_mixin.py:190} INFO - [2025-02-14T22:07:10.572+0600] {dagbag.py:588} INFO - Filling up the DagBag from /home/shamim/airflow_git/Airflow_project/dags/final_assignment.py
[2025-02-14T22:07:10.634+0600] {logging_mixin.py:190} INFO - [2025-02-14T22:07:10.632+0600] {dagbag.py:387} ERROR - Failed to import: /home/shamim/airflow_git/Airflow_project/dags/final_assignment.py
Traceback (most recent call last):
  File "/home/shamim/airflow_git/Airflow_project/air_venv/lib/python3.12/site-packages/airflow/models/dagbag.py", line 383, in parse
    loader.exec_module(new_module)
  File "<frozen importlib._bootstrap_external>", line 995, in exec_module
  File "<frozen importlib._bootstrap>", line 488, in _call_with_frames_removed
  File "/home/shamim/airflow_git/Airflow_project/dags/final_assignment.py", line 89, in <module>
    conn = psycopg2.connect(
           ^^^^^^^^^^^^^^^^^
  File "/home/shamim/airflow_git/Airflow_project/air_venv/lib/python3.12/site-packages/psycopg2/__init__.py", line 122, in connect
    conn = _connect(dsn, connection_factory=connection_factory, **kwasync)
           ^^^^^^^^^^^^^^^^^^^^^^^^^^^^^^^^^^^^^^^^^^^^^^^^^^^^^^^^^^^^^^^
psycopg2.OperationalError: connection to server at "localhost" (127.0.0.1), port 5432 failed: FATAL:  password authentication failed for user "postgres"
connection to server at "localhost" (127.0.0.1), port 5432 failed: FATAL:  password authentication failed for user "postgres"
[2025-02-14T22:07:10.639+0600] {processor.py:927} WARNING - No viable dags retrieved from /home/shamim/airflow_git/Airflow_project/dags/final_assignment.py
[2025-02-14T22:07:10.686+0600] {processor.py:208} INFO - Processing /home/shamim/airflow_git/Airflow_project/dags/final_assignment.py took 0.155 seconds
[2025-02-14T22:07:41.453+0600] {processor.py:186} INFO - Started process (PID=578967) to work on /home/shamim/airflow_git/Airflow_project/dags/final_assignment.py
[2025-02-14T22:07:41.456+0600] {processor.py:914} INFO - Processing file /home/shamim/airflow_git/Airflow_project/dags/final_assignment.py for tasks to queue
[2025-02-14T22:07:41.458+0600] {logging_mixin.py:190} INFO - [2025-02-14T22:07:41.458+0600] {dagbag.py:588} INFO - Filling up the DagBag from /home/shamim/airflow_git/Airflow_project/dags/final_assignment.py
[2025-02-14T22:07:41.501+0600] {logging_mixin.py:190} INFO - [2025-02-14T22:07:41.499+0600] {dagbag.py:387} ERROR - Failed to import: /home/shamim/airflow_git/Airflow_project/dags/final_assignment.py
Traceback (most recent call last):
  File "/home/shamim/airflow_git/Airflow_project/air_venv/lib/python3.12/site-packages/airflow/models/dagbag.py", line 383, in parse
    loader.exec_module(new_module)
  File "<frozen importlib._bootstrap_external>", line 995, in exec_module
  File "<frozen importlib._bootstrap>", line 488, in _call_with_frames_removed
  File "/home/shamim/airflow_git/Airflow_project/dags/final_assignment.py", line 89, in <module>
    conn = psycopg2.connect(
           ^^^^^^^^^^^^^^^^^
  File "/home/shamim/airflow_git/Airflow_project/air_venv/lib/python3.12/site-packages/psycopg2/__init__.py", line 122, in connect
    conn = _connect(dsn, connection_factory=connection_factory, **kwasync)
           ^^^^^^^^^^^^^^^^^^^^^^^^^^^^^^^^^^^^^^^^^^^^^^^^^^^^^^^^^^^^^^^
psycopg2.OperationalError: connection to server at "localhost" (127.0.0.1), port 5432 failed: FATAL:  password authentication failed for user "postgres"
connection to server at "localhost" (127.0.0.1), port 5432 failed: FATAL:  password authentication failed for user "postgres"
[2025-02-14T22:07:41.502+0600] {processor.py:927} WARNING - No viable dags retrieved from /home/shamim/airflow_git/Airflow_project/dags/final_assignment.py
[2025-02-14T22:07:41.543+0600] {processor.py:208} INFO - Processing /home/shamim/airflow_git/Airflow_project/dags/final_assignment.py took 0.103 seconds
[2025-02-14T22:08:12.227+0600] {processor.py:186} INFO - Started process (PID=579483) to work on /home/shamim/airflow_git/Airflow_project/dags/final_assignment.py
[2025-02-14T22:08:12.229+0600] {processor.py:914} INFO - Processing file /home/shamim/airflow_git/Airflow_project/dags/final_assignment.py for tasks to queue
[2025-02-14T22:08:12.231+0600] {logging_mixin.py:190} INFO - [2025-02-14T22:08:12.230+0600] {dagbag.py:588} INFO - Filling up the DagBag from /home/shamim/airflow_git/Airflow_project/dags/final_assignment.py
[2025-02-14T22:08:12.272+0600] {logging_mixin.py:190} INFO - [2025-02-14T22:08:12.270+0600] {dagbag.py:387} ERROR - Failed to import: /home/shamim/airflow_git/Airflow_project/dags/final_assignment.py
Traceback (most recent call last):
  File "/home/shamim/airflow_git/Airflow_project/air_venv/lib/python3.12/site-packages/airflow/models/dagbag.py", line 383, in parse
    loader.exec_module(new_module)
  File "<frozen importlib._bootstrap_external>", line 995, in exec_module
  File "<frozen importlib._bootstrap>", line 488, in _call_with_frames_removed
  File "/home/shamim/airflow_git/Airflow_project/dags/final_assignment.py", line 89, in <module>
    conn = psycopg2.connect(
           ^^^^^^^^^^^^^^^^^
  File "/home/shamim/airflow_git/Airflow_project/air_venv/lib/python3.12/site-packages/psycopg2/__init__.py", line 122, in connect
    conn = _connect(dsn, connection_factory=connection_factory, **kwasync)
           ^^^^^^^^^^^^^^^^^^^^^^^^^^^^^^^^^^^^^^^^^^^^^^^^^^^^^^^^^^^^^^^
psycopg2.OperationalError: connection to server at "localhost" (127.0.0.1), port 5432 failed: FATAL:  password authentication failed for user "postgres"
connection to server at "localhost" (127.0.0.1), port 5432 failed: FATAL:  password authentication failed for user "postgres"
[2025-02-14T22:08:12.274+0600] {processor.py:927} WARNING - No viable dags retrieved from /home/shamim/airflow_git/Airflow_project/dags/final_assignment.py
[2025-02-14T22:08:12.316+0600] {processor.py:208} INFO - Processing /home/shamim/airflow_git/Airflow_project/dags/final_assignment.py took 0.112 seconds
[2025-02-14T22:08:35.738+0600] {processor.py:186} INFO - Started process (PID=579886) to work on /home/shamim/airflow_git/Airflow_project/dags/final_assignment.py
[2025-02-14T22:08:35.739+0600] {processor.py:914} INFO - Processing file /home/shamim/airflow_git/Airflow_project/dags/final_assignment.py for tasks to queue
[2025-02-14T22:08:35.740+0600] {logging_mixin.py:190} INFO - [2025-02-14T22:08:35.740+0600] {dagbag.py:588} INFO - Filling up the DagBag from /home/shamim/airflow_git/Airflow_project/dags/final_assignment.py
[2025-02-14T22:08:35.773+0600] {processor.py:925} INFO - DAG(s) 'supermarket_sales_eTOe_dag' retrieved from /home/shamim/airflow_git/Airflow_project/dags/final_assignment.py
[2025-02-14T22:08:35.952+0600] {logging_mixin.py:190} INFO - [2025-02-14T22:08:35.951+0600] {dag.py:3239} INFO - Sync 1 DAGs
[2025-02-14T22:08:35.976+0600] {logging_mixin.py:190} INFO - [2025-02-14T22:08:35.975+0600] {dag.py:4180} INFO - Setting next_dagrun for supermarket_sales_eTOe_dag to None, run_after=None
[2025-02-14T22:08:36.028+0600] {processor.py:208} INFO - Processing /home/shamim/airflow_git/Airflow_project/dags/final_assignment.py took 0.298 seconds
[2025-02-14T22:09:06.478+0600] {processor.py:186} INFO - Started process (PID=580306) to work on /home/shamim/airflow_git/Airflow_project/dags/final_assignment.py
[2025-02-14T22:09:06.479+0600] {processor.py:914} INFO - Processing file /home/shamim/airflow_git/Airflow_project/dags/final_assignment.py for tasks to queue
[2025-02-14T22:09:06.481+0600] {logging_mixin.py:190} INFO - [2025-02-14T22:09:06.481+0600] {dagbag.py:588} INFO - Filling up the DagBag from /home/shamim/airflow_git/Airflow_project/dags/final_assignment.py
[2025-02-14T22:09:06.513+0600] {processor.py:925} INFO - DAG(s) 'supermarket_sales_eTOe_dag' retrieved from /home/shamim/airflow_git/Airflow_project/dags/final_assignment.py
[2025-02-14T22:09:06.557+0600] {logging_mixin.py:190} INFO - [2025-02-14T22:09:06.557+0600] {dag.py:3239} INFO - Sync 1 DAGs
[2025-02-14T22:09:06.578+0600] {logging_mixin.py:190} INFO - [2025-02-14T22:09:06.578+0600] {dag.py:4180} INFO - Setting next_dagrun for supermarket_sales_eTOe_dag to None, run_after=None
[2025-02-14T22:09:06.602+0600] {processor.py:208} INFO - Processing /home/shamim/airflow_git/Airflow_project/dags/final_assignment.py took 0.133 seconds
[2025-02-14T22:09:13.560+0600] {processor.py:186} INFO - Started process (PID=580371) to work on /home/shamim/airflow_git/Airflow_project/dags/final_assignment.py
[2025-02-14T22:09:13.561+0600] {processor.py:914} INFO - Processing file /home/shamim/airflow_git/Airflow_project/dags/final_assignment.py for tasks to queue
[2025-02-14T22:09:13.565+0600] {logging_mixin.py:190} INFO - [2025-02-14T22:09:13.565+0600] {dagbag.py:588} INFO - Filling up the DagBag from /home/shamim/airflow_git/Airflow_project/dags/final_assignment.py
[2025-02-14T22:09:13.617+0600] {processor.py:925} INFO - DAG(s) 'supermarket_sales_eTOe_dag' retrieved from /home/shamim/airflow_git/Airflow_project/dags/final_assignment.py
[2025-02-14T22:09:13.934+0600] {logging_mixin.py:190} INFO - [2025-02-14T22:09:13.933+0600] {dag.py:3239} INFO - Sync 1 DAGs
[2025-02-14T22:09:14.256+0600] {logging_mixin.py:190} INFO - [2025-02-14T22:09:14.256+0600] {dag.py:4180} INFO - Setting next_dagrun for supermarket_sales_eTOe_dag to None, run_after=None
[2025-02-14T22:09:14.316+0600] {processor.py:208} INFO - Processing /home/shamim/airflow_git/Airflow_project/dags/final_assignment.py took 0.768 seconds
[2025-02-14T22:09:44.775+0600] {processor.py:186} INFO - Started process (PID=580918) to work on /home/shamim/airflow_git/Airflow_project/dags/final_assignment.py
[2025-02-14T22:09:44.776+0600] {processor.py:914} INFO - Processing file /home/shamim/airflow_git/Airflow_project/dags/final_assignment.py for tasks to queue
[2025-02-14T22:09:44.778+0600] {logging_mixin.py:190} INFO - [2025-02-14T22:09:44.778+0600] {dagbag.py:588} INFO - Filling up the DagBag from /home/shamim/airflow_git/Airflow_project/dags/final_assignment.py
[2025-02-14T22:09:44.809+0600] {processor.py:925} INFO - DAG(s) 'supermarket_sales_eTOe_dag' retrieved from /home/shamim/airflow_git/Airflow_project/dags/final_assignment.py
[2025-02-14T22:09:45.033+0600] {logging_mixin.py:190} INFO - [2025-02-14T22:09:45.033+0600] {dag.py:3239} INFO - Sync 1 DAGs
[2025-02-14T22:09:45.057+0600] {logging_mixin.py:190} INFO - [2025-02-14T22:09:45.057+0600] {dag.py:4180} INFO - Setting next_dagrun for supermarket_sales_eTOe_dag to None, run_after=None
[2025-02-14T22:09:45.311+0600] {processor.py:208} INFO - Processing /home/shamim/airflow_git/Airflow_project/dags/final_assignment.py took 0.547 seconds
