[2025-02-10T12:58:58.365+0600] {processor.py:186} INFO - Started process (PID=12571) to work on /home/shamim/airflow_git/Airflow_project/air_venv/lib/python3.12/site-packages/airflow/example_dags/plugins/event_listener.py
[2025-02-10T12:58:58.368+0600] {processor.py:914} INFO - Processing file /home/shamim/airflow_git/Airflow_project/air_venv/lib/python3.12/site-packages/airflow/example_dags/plugins/event_listener.py for tasks to queue
[2025-02-10T12:58:58.377+0600] {logging_mixin.py:190} INFO - [2025-02-10T12:58:58.375+0600] {dagbag.py:588} INFO - Filling up the DagBag from /home/shamim/airflow_git/Airflow_project/air_venv/lib/python3.12/site-packages/airflow/example_dags/plugins/event_listener.py
[2025-02-10T12:58:58.385+0600] {processor.py:927} WARNING - No viable dags retrieved from /home/shamim/airflow_git/Airflow_project/air_venv/lib/python3.12/site-packages/airflow/example_dags/plugins/event_listener.py
[2025-02-10T12:58:58.406+0600] {processor.py:208} INFO - Processing /home/shamim/airflow_git/Airflow_project/air_venv/lib/python3.12/site-packages/airflow/example_dags/plugins/event_listener.py took 0.062 seconds
[2025-02-10T13:00:24.098+0600] {processor.py:186} INFO - Started process (PID=13464) to work on /home/shamim/airflow_git/Airflow_project/air_venv/lib/python3.12/site-packages/airflow/example_dags/plugins/event_listener.py
[2025-02-10T13:00:24.104+0600] {processor.py:914} INFO - Processing file /home/shamim/airflow_git/Airflow_project/air_venv/lib/python3.12/site-packages/airflow/example_dags/plugins/event_listener.py for tasks to queue
[2025-02-10T13:00:24.107+0600] {logging_mixin.py:190} INFO - [2025-02-10T13:00:24.107+0600] {dagbag.py:588} INFO - Filling up the DagBag from /home/shamim/airflow_git/Airflow_project/air_venv/lib/python3.12/site-packages/airflow/example_dags/plugins/event_listener.py
[2025-02-10T13:00:24.111+0600] {processor.py:927} WARNING - No viable dags retrieved from /home/shamim/airflow_git/Airflow_project/air_venv/lib/python3.12/site-packages/airflow/example_dags/plugins/event_listener.py
[2025-02-10T13:00:24.123+0600] {processor.py:208} INFO - Processing /home/shamim/airflow_git/Airflow_project/air_venv/lib/python3.12/site-packages/airflow/example_dags/plugins/event_listener.py took 0.033 seconds
[2025-02-10T13:01:08.132+0600] {processor.py:186} INFO - Started process (PID=13561) to work on /home/shamim/airflow_git/Airflow_project/air_venv/lib/python3.12/site-packages/airflow/example_dags/plugins/event_listener.py
[2025-02-10T13:01:08.137+0600] {processor.py:914} INFO - Processing file /home/shamim/airflow_git/Airflow_project/air_venv/lib/python3.12/site-packages/airflow/example_dags/plugins/event_listener.py for tasks to queue
[2025-02-10T13:01:08.141+0600] {logging_mixin.py:190} INFO - [2025-02-10T13:01:08.140+0600] {dagbag.py:588} INFO - Filling up the DagBag from /home/shamim/airflow_git/Airflow_project/air_venv/lib/python3.12/site-packages/airflow/example_dags/plugins/event_listener.py
[2025-02-10T13:01:08.145+0600] {processor.py:927} WARNING - No viable dags retrieved from /home/shamim/airflow_git/Airflow_project/air_venv/lib/python3.12/site-packages/airflow/example_dags/plugins/event_listener.py
[2025-02-10T13:01:08.165+0600] {processor.py:208} INFO - Processing /home/shamim/airflow_git/Airflow_project/air_venv/lib/python3.12/site-packages/airflow/example_dags/plugins/event_listener.py took 0.043 seconds
[2025-02-10T13:01:43.414+0600] {processor.py:186} INFO - Started process (PID=13615) to work on /home/shamim/airflow_git/Airflow_project/air_venv/lib/python3.12/site-packages/airflow/example_dags/plugins/event_listener.py
[2025-02-10T13:01:43.420+0600] {processor.py:914} INFO - Processing file /home/shamim/airflow_git/Airflow_project/air_venv/lib/python3.12/site-packages/airflow/example_dags/plugins/event_listener.py for tasks to queue
[2025-02-10T13:01:43.423+0600] {logging_mixin.py:190} INFO - [2025-02-10T13:01:43.422+0600] {dagbag.py:588} INFO - Filling up the DagBag from /home/shamim/airflow_git/Airflow_project/air_venv/lib/python3.12/site-packages/airflow/example_dags/plugins/event_listener.py
[2025-02-10T13:01:43.426+0600] {processor.py:927} WARNING - No viable dags retrieved from /home/shamim/airflow_git/Airflow_project/air_venv/lib/python3.12/site-packages/airflow/example_dags/plugins/event_listener.py
[2025-02-10T13:01:43.438+0600] {processor.py:208} INFO - Processing /home/shamim/airflow_git/Airflow_project/air_venv/lib/python3.12/site-packages/airflow/example_dags/plugins/event_listener.py took 0.031 seconds
[2025-02-10T13:02:20.071+0600] {processor.py:186} INFO - Started process (PID=13685) to work on /home/shamim/airflow_git/Airflow_project/air_venv/lib/python3.12/site-packages/airflow/example_dags/plugins/event_listener.py
[2025-02-10T13:02:20.072+0600] {processor.py:914} INFO - Processing file /home/shamim/airflow_git/Airflow_project/air_venv/lib/python3.12/site-packages/airflow/example_dags/plugins/event_listener.py for tasks to queue
[2025-02-10T13:02:20.075+0600] {logging_mixin.py:190} INFO - [2025-02-10T13:02:20.074+0600] {dagbag.py:588} INFO - Filling up the DagBag from /home/shamim/airflow_git/Airflow_project/air_venv/lib/python3.12/site-packages/airflow/example_dags/plugins/event_listener.py
[2025-02-10T13:02:20.078+0600] {processor.py:927} WARNING - No viable dags retrieved from /home/shamim/airflow_git/Airflow_project/air_venv/lib/python3.12/site-packages/airflow/example_dags/plugins/event_listener.py
[2025-02-10T13:02:20.089+0600] {processor.py:208} INFO - Processing /home/shamim/airflow_git/Airflow_project/air_venv/lib/python3.12/site-packages/airflow/example_dags/plugins/event_listener.py took 0.029 seconds
