[2025-02-14T22:09:29.626+0600] {local_task_job_runner.py:123} INFO - ::group::Pre task execution logs
[2025-02-14T22:09:29.684+0600] {taskinstance.py:2613} INFO - Dependencies all met for dep_context=non-requeueable deps ti=<TaskInstance: supermarket_sales_eTOe_dag.load_clean_data_pg_task manual__2025-02-14T16:09:16.302448+00:00 [queued]>
[2025-02-14T22:09:29.705+0600] {taskinstance.py:2613} INFO - Dependencies all met for dep_context=requeueable deps ti=<TaskInstance: supermarket_sales_eTOe_dag.load_clean_data_pg_task manual__2025-02-14T16:09:16.302448+00:00 [queued]>
[2025-02-14T22:09:29.706+0600] {taskinstance.py:2866} INFO - Starting attempt 1 of 1
[2025-02-14T22:09:29.745+0600] {taskinstance.py:2889} INFO - Executing <Task(PythonOperator): load_clean_data_pg_task> on 2025-02-14 16:09:16.302448+00:00
[2025-02-14T22:09:29.790+0600] {standard_task_runner.py:104} INFO - Running: ['airflow', 'tasks', 'run', 'supermarket_sales_eTOe_dag', 'load_clean_data_pg_task', 'manual__2025-02-14T16:09:16.302448+00:00', '--job-id', '161', '--raw', '--subdir', 'DAGS_FOLDER/final_assignment.py', '--cfg-path', '/tmp/tmpuuy8zcid']
[2025-02-14T22:09:29.797+0600] {standard_task_runner.py:105} INFO - Job 161: Subtask load_clean_data_pg_task
[2025-02-14T22:09:29.805+0600] {logging_mixin.py:190} WARNING - /home/shamim/airflow_git/Airflow_project/air_venv/lib/python3.12/site-packages/airflow/task/task_runner/standard_task_runner.py:70 DeprecationWarning: This process (pid=580685) is multi-threaded, use of fork() may lead to deadlocks in the child.
[2025-02-14T22:09:29.808+0600] {standard_task_runner.py:72} INFO - Started process 580692 to run task
[2025-02-14T22:09:30.074+0600] {task_command.py:467} INFO - Running <TaskInstance: supermarket_sales_eTOe_dag.load_clean_data_pg_task manual__2025-02-14T16:09:16.302448+00:00 [running]> on host shamim-X541UV
[2025-02-14T22:09:30.383+0600] {taskinstance.py:3132} INFO - Exporting env vars: AIRFLOW_CTX_DAG_OWNER='airflow' AIRFLOW_CTX_DAG_ID='supermarket_sales_eTOe_dag' AIRFLOW_CTX_TASK_ID='load_clean_data_pg_task' AIRFLOW_CTX_EXECUTION_DATE='2025-02-14T16:09:16.302448+00:00' AIRFLOW_CTX_TRY_NUMBER='1' AIRFLOW_CTX_DAG_RUN_ID='manual__2025-02-14T16:09:16.302448+00:00'
[2025-02-14T22:09:30.385+0600] {logging_mixin.py:190} INFO - Task instance is in running state
[2025-02-14T22:09:30.386+0600] {logging_mixin.py:190} INFO -  Previous state of the Task instance: queued
[2025-02-14T22:09:30.386+0600] {logging_mixin.py:190} INFO - Current task name:load_clean_data_pg_task state:running start_date:2025-02-14 16:09:29.685084+00:00
[2025-02-14T22:09:30.387+0600] {logging_mixin.py:190} INFO - Dag name:supermarket_sales_eTOe_dag and current dag run status:running
[2025-02-14T22:09:30.387+0600] {taskinstance.py:731} INFO - ::endgroup::
[2025-02-14T22:09:30.593+0600] {logging_mixin.py:190} INFO - insert into supermarket_sales(invoice_id,branch,city,customer_type,gender,product_line,unit_price,quantity,tax_5_percent,total,date,time,payment,cost_of_goods_sold,customer_stratification_rating) values %s
[2025-02-14T22:09:30.595+0600] {logging_mixin.py:190} INFO - Existing records from supermarket_sales deleted successfully!
[2025-02-14T22:09:30.796+0600] {logging_mixin.py:190} INFO - Dataframe is inserted successfully!
[2025-02-14T22:09:30.797+0600] {logging_mixin.py:190} INFO - Insert Time: 0.4076714515686035 seconds.
[2025-02-14T22:09:30.797+0600] {python.py:240} INFO - Done. Returned value was: None
[2025-02-14T22:09:30.824+0600] {taskinstance.py:340} INFO - ::group::Post task execution logs
[2025-02-14T22:09:30.825+0600] {taskinstance.py:352} INFO - Marking task as SUCCESS. dag_id=supermarket_sales_eTOe_dag, task_id=load_clean_data_pg_task, run_id=manual__2025-02-14T16:09:16.302448+00:00, execution_date=20250214T160916, start_date=20250214T160929, end_date=20250214T160930
[2025-02-14T22:09:30.836+0600] {logging_mixin.py:190} INFO - Task instance in success state
[2025-02-14T22:09:30.836+0600] {logging_mixin.py:190} INFO -  Previous state of the Task instance: running
[2025-02-14T22:09:30.837+0600] {logging_mixin.py:190} INFO - Dag name:supermarket_sales_eTOe_dag queued_at:2025-02-14 16:09:16.332057+00:00
[2025-02-14T22:09:30.838+0600] {logging_mixin.py:190} INFO - Task hostname:shamim-X541UV operator:PythonOperator
[2025-02-14T22:09:30.891+0600] {local_task_job_runner.py:266} INFO - Task exited with return code 0
[2025-02-14T22:09:30.942+0600] {taskinstance.py:3895} INFO - 1 downstream tasks scheduled from follow-on schedule check
[2025-02-14T22:09:30.947+0600] {local_task_job_runner.py:245} INFO - ::endgroup::
