[2025-02-10T16:06:51.929+0600] {processor.py:186} INFO - Started process (PID=37194) to work on /home/shamim/airflow_git/Airflow_project/dags/update_query.py
[2025-02-10T16:06:51.930+0600] {processor.py:914} INFO - Processing file /home/shamim/airflow_git/Airflow_project/dags/update_query.py for tasks to queue
[2025-02-10T16:06:51.934+0600] {logging_mixin.py:190} INFO - [2025-02-10T16:06:51.934+0600] {dagbag.py:588} INFO - Filling up the DagBag from /home/shamim/airflow_git/Airflow_project/dags/update_query.py
[2025-02-10T16:06:51.945+0600] {processor.py:925} INFO - DAG(s) 'update_query_dag' retrieved from /home/shamim/airflow_git/Airflow_project/dags/update_query.py
[2025-02-10T16:06:52.085+0600] {logging_mixin.py:190} INFO - [2025-02-10T16:06:52.084+0600] {override.py:1930} INFO - Created Permission View: can read on DAG:update_query_dag
[2025-02-10T16:06:52.097+0600] {logging_mixin.py:190} INFO - [2025-02-10T16:06:52.096+0600] {override.py:1930} INFO - Created Permission View: can edit on DAG:update_query_dag
[2025-02-10T16:06:52.104+0600] {logging_mixin.py:190} INFO - [2025-02-10T16:06:52.104+0600] {override.py:1930} INFO - Created Permission View: can delete on DAG:update_query_dag
[2025-02-10T16:06:52.115+0600] {logging_mixin.py:190} INFO - [2025-02-10T16:06:52.115+0600] {override.py:1930} INFO - Created Permission View: can read on DAG Run:update_query_dag
[2025-02-10T16:06:52.124+0600] {logging_mixin.py:190} INFO - [2025-02-10T16:06:52.123+0600] {override.py:1930} INFO - Created Permission View: menu access on DAG Run:update_query_dag
[2025-02-10T16:06:52.136+0600] {logging_mixin.py:190} INFO - [2025-02-10T16:06:52.136+0600] {override.py:1930} INFO - Created Permission View: can create on DAG Run:update_query_dag
[2025-02-10T16:06:52.144+0600] {logging_mixin.py:190} INFO - [2025-02-10T16:06:52.143+0600] {override.py:1930} INFO - Created Permission View: can delete on DAG Run:update_query_dag
[2025-02-10T16:06:52.145+0600] {logging_mixin.py:190} INFO - [2025-02-10T16:06:52.144+0600] {dag.py:3239} INFO - Sync 1 DAGs
[2025-02-10T16:06:52.305+0600] {logging_mixin.py:190} INFO - [2025-02-10T16:06:52.304+0600] {dag.py:3262} INFO - Creating ORM DAG for update_query_dag
[2025-02-10T16:06:52.305+0600] {logging_mixin.py:190} INFO - [2025-02-10T16:06:52.305+0600] {dag.py:4180} INFO - Setting next_dagrun for update_query_dag to None, run_after=None
[2025-02-10T16:06:52.324+0600] {processor.py:208} INFO - Processing /home/shamim/airflow_git/Airflow_project/dags/update_query.py took 0.405 seconds
[2025-02-10T16:07:30.151+0600] {processor.py:186} INFO - Started process (PID=37268) to work on /home/shamim/airflow_git/Airflow_project/dags/update_query.py
[2025-02-10T16:07:30.157+0600] {processor.py:914} INFO - Processing file /home/shamim/airflow_git/Airflow_project/dags/update_query.py for tasks to queue
[2025-02-10T16:07:30.161+0600] {logging_mixin.py:190} INFO - [2025-02-10T16:07:30.160+0600] {dagbag.py:588} INFO - Filling up the DagBag from /home/shamim/airflow_git/Airflow_project/dags/update_query.py
[2025-02-10T16:07:30.171+0600] {processor.py:925} INFO - DAG(s) 'update_query_dag' retrieved from /home/shamim/airflow_git/Airflow_project/dags/update_query.py
[2025-02-10T16:07:30.189+0600] {logging_mixin.py:190} INFO - [2025-02-10T16:07:30.189+0600] {dag.py:3239} INFO - Sync 1 DAGs
[2025-02-10T16:07:30.206+0600] {logging_mixin.py:190} INFO - [2025-02-10T16:07:30.206+0600] {dag.py:4180} INFO - Setting next_dagrun for update_query_dag to None, run_after=None
[2025-02-10T16:07:30.232+0600] {processor.py:208} INFO - Processing /home/shamim/airflow_git/Airflow_project/dags/update_query.py took 0.091 seconds
[2025-02-10T16:08:09.429+0600] {processor.py:186} INFO - Started process (PID=37337) to work on /home/shamim/airflow_git/Airflow_project/dags/update_query.py
[2025-02-10T16:08:09.436+0600] {processor.py:914} INFO - Processing file /home/shamim/airflow_git/Airflow_project/dags/update_query.py for tasks to queue
[2025-02-10T16:08:09.439+0600] {logging_mixin.py:190} INFO - [2025-02-10T16:08:09.438+0600] {dagbag.py:588} INFO - Filling up the DagBag from /home/shamim/airflow_git/Airflow_project/dags/update_query.py
[2025-02-10T16:08:09.451+0600] {processor.py:925} INFO - DAG(s) 'update_query_dag' retrieved from /home/shamim/airflow_git/Airflow_project/dags/update_query.py
[2025-02-10T16:08:09.473+0600] {logging_mixin.py:190} INFO - [2025-02-10T16:08:09.472+0600] {dag.py:3239} INFO - Sync 1 DAGs
[2025-02-10T16:08:09.490+0600] {logging_mixin.py:190} INFO - [2025-02-10T16:08:09.490+0600] {dag.py:4180} INFO - Setting next_dagrun for update_query_dag to None, run_after=None
[2025-02-10T16:08:09.517+0600] {processor.py:208} INFO - Processing /home/shamim/airflow_git/Airflow_project/dags/update_query.py took 0.098 seconds
[2025-02-10T16:08:49.145+0600] {processor.py:186} INFO - Started process (PID=37393) to work on /home/shamim/airflow_git/Airflow_project/dags/update_query.py
[2025-02-10T16:08:49.158+0600] {processor.py:914} INFO - Processing file /home/shamim/airflow_git/Airflow_project/dags/update_query.py for tasks to queue
[2025-02-10T16:08:49.162+0600] {logging_mixin.py:190} INFO - [2025-02-10T16:08:49.162+0600] {dagbag.py:588} INFO - Filling up the DagBag from /home/shamim/airflow_git/Airflow_project/dags/update_query.py
[2025-02-10T16:08:49.176+0600] {processor.py:925} INFO - DAG(s) 'update_query_dag' retrieved from /home/shamim/airflow_git/Airflow_project/dags/update_query.py
[2025-02-10T16:08:49.198+0600] {logging_mixin.py:190} INFO - [2025-02-10T16:08:49.197+0600] {dag.py:3239} INFO - Sync 1 DAGs
[2025-02-10T16:08:49.222+0600] {logging_mixin.py:190} INFO - [2025-02-10T16:08:49.222+0600] {dag.py:4180} INFO - Setting next_dagrun for update_query_dag to None, run_after=None
[2025-02-10T16:08:49.263+0600] {processor.py:208} INFO - Processing /home/shamim/airflow_git/Airflow_project/dags/update_query.py took 0.132 seconds
[2025-02-10T16:09:29.376+0600] {processor.py:186} INFO - Started process (PID=37449) to work on /home/shamim/airflow_git/Airflow_project/dags/update_query.py
[2025-02-10T16:09:29.378+0600] {processor.py:914} INFO - Processing file /home/shamim/airflow_git/Airflow_project/dags/update_query.py for tasks to queue
[2025-02-10T16:09:29.382+0600] {logging_mixin.py:190} INFO - [2025-02-10T16:09:29.381+0600] {dagbag.py:588} INFO - Filling up the DagBag from /home/shamim/airflow_git/Airflow_project/dags/update_query.py
[2025-02-10T16:09:29.396+0600] {processor.py:925} INFO - DAG(s) 'update_query_dag' retrieved from /home/shamim/airflow_git/Airflow_project/dags/update_query.py
[2025-02-10T16:09:29.418+0600] {logging_mixin.py:190} INFO - [2025-02-10T16:09:29.418+0600] {dag.py:3239} INFO - Sync 1 DAGs
[2025-02-10T16:09:29.442+0600] {logging_mixin.py:190} INFO - [2025-02-10T16:09:29.441+0600] {dag.py:4180} INFO - Setting next_dagrun for update_query_dag to None, run_after=None
[2025-02-10T16:09:29.490+0600] {processor.py:208} INFO - Processing /home/shamim/airflow_git/Airflow_project/dags/update_query.py took 0.126 seconds
[2025-02-10T16:10:11.888+0600] {processor.py:186} INFO - Started process (PID=37505) to work on /home/shamim/airflow_git/Airflow_project/dags/update_query.py
[2025-02-10T16:10:11.895+0600] {processor.py:914} INFO - Processing file /home/shamim/airflow_git/Airflow_project/dags/update_query.py for tasks to queue
[2025-02-10T16:10:11.900+0600] {logging_mixin.py:190} INFO - [2025-02-10T16:10:11.899+0600] {dagbag.py:588} INFO - Filling up the DagBag from /home/shamim/airflow_git/Airflow_project/dags/update_query.py
[2025-02-10T16:10:11.916+0600] {processor.py:925} INFO - DAG(s) 'update_query_dag' retrieved from /home/shamim/airflow_git/Airflow_project/dags/update_query.py
[2025-02-10T16:10:11.935+0600] {logging_mixin.py:190} INFO - [2025-02-10T16:10:11.935+0600] {dag.py:3239} INFO - Sync 1 DAGs
[2025-02-10T16:10:11.953+0600] {logging_mixin.py:190} INFO - [2025-02-10T16:10:11.952+0600] {dag.py:4180} INFO - Setting next_dagrun for update_query_dag to None, run_after=None
[2025-02-10T16:10:11.989+0600] {processor.py:208} INFO - Processing /home/shamim/airflow_git/Airflow_project/dags/update_query.py took 0.127 seconds
[2025-02-10T16:10:53.870+0600] {processor.py:186} INFO - Started process (PID=37551) to work on /home/shamim/airflow_git/Airflow_project/dags/update_query.py
[2025-02-10T16:10:53.877+0600] {processor.py:914} INFO - Processing file /home/shamim/airflow_git/Airflow_project/dags/update_query.py for tasks to queue
[2025-02-10T16:10:53.880+0600] {logging_mixin.py:190} INFO - [2025-02-10T16:10:53.880+0600] {dagbag.py:588} INFO - Filling up the DagBag from /home/shamim/airflow_git/Airflow_project/dags/update_query.py
[2025-02-10T16:10:53.891+0600] {processor.py:925} INFO - DAG(s) 'update_query_dag' retrieved from /home/shamim/airflow_git/Airflow_project/dags/update_query.py
[2025-02-10T16:10:53.906+0600] {logging_mixin.py:190} INFO - [2025-02-10T16:10:53.906+0600] {dag.py:3239} INFO - Sync 1 DAGs
[2025-02-10T16:10:53.921+0600] {logging_mixin.py:190} INFO - [2025-02-10T16:10:53.921+0600] {dag.py:4180} INFO - Setting next_dagrun for update_query_dag to None, run_after=None
[2025-02-10T16:10:53.956+0600] {processor.py:208} INFO - Processing /home/shamim/airflow_git/Airflow_project/dags/update_query.py took 0.095 seconds
[2025-02-10T16:11:36.851+0600] {processor.py:186} INFO - Started process (PID=37620) to work on /home/shamim/airflow_git/Airflow_project/dags/update_query.py
[2025-02-10T16:11:37.732+0600] {processor.py:914} INFO - Processing file /home/shamim/airflow_git/Airflow_project/dags/update_query.py for tasks to queue
[2025-02-10T16:11:37.740+0600] {logging_mixin.py:190} INFO - [2025-02-10T16:11:37.738+0600] {dagbag.py:588} INFO - Filling up the DagBag from /home/shamim/airflow_git/Airflow_project/dags/update_query.py
[2025-02-10T16:11:37.763+0600] {processor.py:925} INFO - DAG(s) 'update_query_dag' retrieved from /home/shamim/airflow_git/Airflow_project/dags/update_query.py
[2025-02-10T16:11:37.781+0600] {logging_mixin.py:190} INFO - [2025-02-10T16:11:37.781+0600] {dag.py:3239} INFO - Sync 1 DAGs
[2025-02-10T16:11:37.796+0600] {logging_mixin.py:190} INFO - [2025-02-10T16:11:37.796+0600] {dag.py:4180} INFO - Setting next_dagrun for update_query_dag to None, run_after=None
[2025-02-10T16:11:37.819+0600] {processor.py:208} INFO - Processing /home/shamim/airflow_git/Airflow_project/dags/update_query.py took 0.978 seconds
[2025-02-10T16:12:13.803+0600] {processor.py:186} INFO - Started process (PID=37699) to work on /home/shamim/airflow_git/Airflow_project/dags/update_query.py
[2025-02-10T16:12:13.809+0600] {processor.py:914} INFO - Processing file /home/shamim/airflow_git/Airflow_project/dags/update_query.py for tasks to queue
[2025-02-10T16:12:13.813+0600] {logging_mixin.py:190} INFO - [2025-02-10T16:12:13.812+0600] {dagbag.py:588} INFO - Filling up the DagBag from /home/shamim/airflow_git/Airflow_project/dags/update_query.py
[2025-02-10T16:12:13.823+0600] {processor.py:925} INFO - DAG(s) 'update_query_dag' retrieved from /home/shamim/airflow_git/Airflow_project/dags/update_query.py
[2025-02-10T16:12:13.839+0600] {logging_mixin.py:190} INFO - [2025-02-10T16:12:13.839+0600] {dag.py:3239} INFO - Sync 1 DAGs
[2025-02-10T16:12:13.855+0600] {logging_mixin.py:190} INFO - [2025-02-10T16:12:13.855+0600] {dag.py:4180} INFO - Setting next_dagrun for update_query_dag to None, run_after=None
[2025-02-10T16:12:13.878+0600] {processor.py:208} INFO - Processing /home/shamim/airflow_git/Airflow_project/dags/update_query.py took 0.085 seconds
[2025-02-10T16:12:49.131+0600] {processor.py:186} INFO - Started process (PID=37772) to work on /home/shamim/airflow_git/Airflow_project/dags/update_query.py
[2025-02-10T16:12:49.134+0600] {processor.py:914} INFO - Processing file /home/shamim/airflow_git/Airflow_project/dags/update_query.py for tasks to queue
[2025-02-10T16:12:49.138+0600] {logging_mixin.py:190} INFO - [2025-02-10T16:12:49.137+0600] {dagbag.py:588} INFO - Filling up the DagBag from /home/shamim/airflow_git/Airflow_project/dags/update_query.py
[2025-02-10T16:12:49.148+0600] {processor.py:925} INFO - DAG(s) 'update_query_dag' retrieved from /home/shamim/airflow_git/Airflow_project/dags/update_query.py
[2025-02-10T16:12:49.164+0600] {logging_mixin.py:190} INFO - [2025-02-10T16:12:49.163+0600] {dag.py:3239} INFO - Sync 1 DAGs
[2025-02-10T16:12:49.179+0600] {logging_mixin.py:190} INFO - [2025-02-10T16:12:49.178+0600] {dag.py:4180} INFO - Setting next_dagrun for update_query_dag to None, run_after=None
[2025-02-10T16:12:49.200+0600] {processor.py:208} INFO - Processing /home/shamim/airflow_git/Airflow_project/dags/update_query.py took 0.079 seconds
[2025-02-10T16:13:24.659+0600] {processor.py:186} INFO - Started process (PID=37826) to work on /home/shamim/airflow_git/Airflow_project/dags/update_query.py
[2025-02-10T16:13:24.660+0600] {processor.py:914} INFO - Processing file /home/shamim/airflow_git/Airflow_project/dags/update_query.py for tasks to queue
[2025-02-10T16:13:24.664+0600] {logging_mixin.py:190} INFO - [2025-02-10T16:13:24.663+0600] {dagbag.py:588} INFO - Filling up the DagBag from /home/shamim/airflow_git/Airflow_project/dags/update_query.py
[2025-02-10T16:13:24.673+0600] {processor.py:925} INFO - DAG(s) 'update_query_dag' retrieved from /home/shamim/airflow_git/Airflow_project/dags/update_query.py
[2025-02-10T16:13:24.689+0600] {logging_mixin.py:190} INFO - [2025-02-10T16:13:24.689+0600] {dag.py:3239} INFO - Sync 1 DAGs
[2025-02-10T16:13:24.705+0600] {logging_mixin.py:190} INFO - [2025-02-10T16:13:24.705+0600] {dag.py:4180} INFO - Setting next_dagrun for update_query_dag to None, run_after=None
[2025-02-10T16:13:24.735+0600] {processor.py:208} INFO - Processing /home/shamim/airflow_git/Airflow_project/dags/update_query.py took 0.087 seconds
[2025-02-10T16:14:01.625+0600] {processor.py:186} INFO - Started process (PID=37866) to work on /home/shamim/airflow_git/Airflow_project/dags/update_query.py
[2025-02-10T16:14:01.632+0600] {processor.py:914} INFO - Processing file /home/shamim/airflow_git/Airflow_project/dags/update_query.py for tasks to queue
[2025-02-10T16:14:01.635+0600] {logging_mixin.py:190} INFO - [2025-02-10T16:14:01.634+0600] {dagbag.py:588} INFO - Filling up the DagBag from /home/shamim/airflow_git/Airflow_project/dags/update_query.py
[2025-02-10T16:14:01.644+0600] {processor.py:925} INFO - DAG(s) 'update_query_dag' retrieved from /home/shamim/airflow_git/Airflow_project/dags/update_query.py
[2025-02-10T16:14:01.662+0600] {logging_mixin.py:190} INFO - [2025-02-10T16:14:01.661+0600] {dag.py:3239} INFO - Sync 1 DAGs
[2025-02-10T16:14:01.677+0600] {logging_mixin.py:190} INFO - [2025-02-10T16:14:01.677+0600] {dag.py:4180} INFO - Setting next_dagrun for update_query_dag to None, run_after=None
[2025-02-10T16:14:01.700+0600] {processor.py:208} INFO - Processing /home/shamim/airflow_git/Airflow_project/dags/update_query.py took 0.084 seconds
[2025-02-10T16:14:37.852+0600] {processor.py:186} INFO - Started process (PID=37917) to work on /home/shamim/airflow_git/Airflow_project/dags/update_query.py
[2025-02-10T16:14:37.858+0600] {processor.py:914} INFO - Processing file /home/shamim/airflow_git/Airflow_project/dags/update_query.py for tasks to queue
[2025-02-10T16:14:37.862+0600] {logging_mixin.py:190} INFO - [2025-02-10T16:14:37.861+0600] {dagbag.py:588} INFO - Filling up the DagBag from /home/shamim/airflow_git/Airflow_project/dags/update_query.py
[2025-02-10T16:14:37.872+0600] {processor.py:925} INFO - DAG(s) 'update_query_dag' retrieved from /home/shamim/airflow_git/Airflow_project/dags/update_query.py
[2025-02-10T16:14:37.889+0600] {logging_mixin.py:190} INFO - [2025-02-10T16:14:37.888+0600] {dag.py:3239} INFO - Sync 1 DAGs
[2025-02-10T16:14:37.905+0600] {logging_mixin.py:190} INFO - [2025-02-10T16:14:37.904+0600] {dag.py:4180} INFO - Setting next_dagrun for update_query_dag to None, run_after=None
[2025-02-10T16:14:37.928+0600] {processor.py:208} INFO - Processing /home/shamim/airflow_git/Airflow_project/dags/update_query.py took 0.085 seconds
[2025-02-10T16:15:14.461+0600] {processor.py:186} INFO - Started process (PID=37970) to work on /home/shamim/airflow_git/Airflow_project/dags/update_query.py
[2025-02-10T16:15:14.468+0600] {processor.py:914} INFO - Processing file /home/shamim/airflow_git/Airflow_project/dags/update_query.py for tasks to queue
[2025-02-10T16:15:14.472+0600] {logging_mixin.py:190} INFO - [2025-02-10T16:15:14.471+0600] {dagbag.py:588} INFO - Filling up the DagBag from /home/shamim/airflow_git/Airflow_project/dags/update_query.py
[2025-02-10T16:15:14.482+0600] {processor.py:925} INFO - DAG(s) 'update_query_dag' retrieved from /home/shamim/airflow_git/Airflow_project/dags/update_query.py
[2025-02-10T16:15:14.498+0600] {logging_mixin.py:190} INFO - [2025-02-10T16:15:14.497+0600] {dag.py:3239} INFO - Sync 1 DAGs
[2025-02-10T16:15:14.513+0600] {logging_mixin.py:190} INFO - [2025-02-10T16:15:14.513+0600] {dag.py:4180} INFO - Setting next_dagrun for update_query_dag to None, run_after=None
[2025-02-10T16:15:14.548+0600] {processor.py:208} INFO - Processing /home/shamim/airflow_git/Airflow_project/dags/update_query.py took 0.096 seconds
[2025-02-10T16:15:52.657+0600] {processor.py:186} INFO - Started process (PID=38029) to work on /home/shamim/airflow_git/Airflow_project/dags/update_query.py
[2025-02-10T16:15:52.685+0600] {processor.py:914} INFO - Processing file /home/shamim/airflow_git/Airflow_project/dags/update_query.py for tasks to queue
[2025-02-10T16:15:52.691+0600] {logging_mixin.py:190} INFO - [2025-02-10T16:15:52.690+0600] {dagbag.py:588} INFO - Filling up the DagBag from /home/shamim/airflow_git/Airflow_project/dags/update_query.py
[2025-02-10T16:15:52.707+0600] {processor.py:925} INFO - DAG(s) 'update_query_dag' retrieved from /home/shamim/airflow_git/Airflow_project/dags/update_query.py
[2025-02-10T16:15:52.726+0600] {logging_mixin.py:190} INFO - [2025-02-10T16:15:52.726+0600] {dag.py:3239} INFO - Sync 1 DAGs
[2025-02-10T16:15:52.741+0600] {logging_mixin.py:190} INFO - [2025-02-10T16:15:52.741+0600] {dag.py:4180} INFO - Setting next_dagrun for update_query_dag to None, run_after=None
[2025-02-10T16:15:52.763+0600] {processor.py:208} INFO - Processing /home/shamim/airflow_git/Airflow_project/dags/update_query.py took 0.121 seconds
[2025-02-10T16:16:31.489+0600] {processor.py:186} INFO - Started process (PID=38165) to work on /home/shamim/airflow_git/Airflow_project/dags/update_query.py
[2025-02-10T16:16:31.495+0600] {processor.py:914} INFO - Processing file /home/shamim/airflow_git/Airflow_project/dags/update_query.py for tasks to queue
[2025-02-10T16:16:31.499+0600] {logging_mixin.py:190} INFO - [2025-02-10T16:16:31.498+0600] {dagbag.py:588} INFO - Filling up the DagBag from /home/shamim/airflow_git/Airflow_project/dags/update_query.py
[2025-02-10T16:16:31.509+0600] {processor.py:925} INFO - DAG(s) 'update_query_dag' retrieved from /home/shamim/airflow_git/Airflow_project/dags/update_query.py
[2025-02-10T16:16:31.525+0600] {logging_mixin.py:190} INFO - [2025-02-10T16:16:31.525+0600] {dag.py:3239} INFO - Sync 1 DAGs
[2025-02-10T16:16:31.540+0600] {logging_mixin.py:190} INFO - [2025-02-10T16:16:31.540+0600] {dag.py:4180} INFO - Setting next_dagrun for update_query_dag to None, run_after=None
[2025-02-10T16:16:31.574+0600] {processor.py:208} INFO - Processing /home/shamim/airflow_git/Airflow_project/dags/update_query.py took 0.094 seconds
[2025-02-10T16:17:11.057+0600] {processor.py:186} INFO - Started process (PID=38247) to work on /home/shamim/airflow_git/Airflow_project/dags/update_query.py
[2025-02-10T16:17:11.063+0600] {processor.py:914} INFO - Processing file /home/shamim/airflow_git/Airflow_project/dags/update_query.py for tasks to queue
[2025-02-10T16:17:11.067+0600] {logging_mixin.py:190} INFO - [2025-02-10T16:17:11.067+0600] {dagbag.py:588} INFO - Filling up the DagBag from /home/shamim/airflow_git/Airflow_project/dags/update_query.py
[2025-02-10T16:17:11.079+0600] {processor.py:925} INFO - DAG(s) 'update_query_dag' retrieved from /home/shamim/airflow_git/Airflow_project/dags/update_query.py
[2025-02-10T16:17:11.095+0600] {logging_mixin.py:190} INFO - [2025-02-10T16:17:11.095+0600] {dag.py:3239} INFO - Sync 1 DAGs
[2025-02-10T16:17:11.110+0600] {logging_mixin.py:190} INFO - [2025-02-10T16:17:11.110+0600] {dag.py:4180} INFO - Setting next_dagrun for update_query_dag to None, run_after=None
[2025-02-10T16:17:11.146+0600] {processor.py:208} INFO - Processing /home/shamim/airflow_git/Airflow_project/dags/update_query.py took 0.098 seconds
[2025-02-10T16:17:50.678+0600] {processor.py:186} INFO - Started process (PID=38341) to work on /home/shamim/airflow_git/Airflow_project/dags/update_query.py
[2025-02-10T16:17:50.680+0600] {processor.py:914} INFO - Processing file /home/shamim/airflow_git/Airflow_project/dags/update_query.py for tasks to queue
[2025-02-10T16:17:50.686+0600] {logging_mixin.py:190} INFO - [2025-02-10T16:17:50.685+0600] {dagbag.py:588} INFO - Filling up the DagBag from /home/shamim/airflow_git/Airflow_project/dags/update_query.py
[2025-02-10T16:17:50.701+0600] {processor.py:925} INFO - DAG(s) 'update_query_dag' retrieved from /home/shamim/airflow_git/Airflow_project/dags/update_query.py
[2025-02-10T16:17:50.730+0600] {logging_mixin.py:190} INFO - [2025-02-10T16:17:50.730+0600] {dag.py:3239} INFO - Sync 1 DAGs
[2025-02-10T16:17:50.763+0600] {logging_mixin.py:190} INFO - [2025-02-10T16:17:50.762+0600] {dag.py:4180} INFO - Setting next_dagrun for update_query_dag to None, run_after=None
[2025-02-10T16:17:50.805+0600] {processor.py:208} INFO - Processing /home/shamim/airflow_git/Airflow_project/dags/update_query.py took 0.140 seconds
[2025-02-10T16:18:31.014+0600] {processor.py:186} INFO - Started process (PID=38397) to work on /home/shamim/airflow_git/Airflow_project/dags/update_query.py
[2025-02-10T16:18:31.033+0600] {processor.py:914} INFO - Processing file /home/shamim/airflow_git/Airflow_project/dags/update_query.py for tasks to queue
[2025-02-10T16:18:31.037+0600] {logging_mixin.py:190} INFO - [2025-02-10T16:18:31.036+0600] {dagbag.py:588} INFO - Filling up the DagBag from /home/shamim/airflow_git/Airflow_project/dags/update_query.py
[2025-02-10T16:18:31.047+0600] {processor.py:925} INFO - DAG(s) 'update_query_dag' retrieved from /home/shamim/airflow_git/Airflow_project/dags/update_query.py
[2025-02-10T16:18:31.064+0600] {logging_mixin.py:190} INFO - [2025-02-10T16:18:31.063+0600] {dag.py:3239} INFO - Sync 1 DAGs
[2025-02-10T16:18:31.082+0600] {logging_mixin.py:190} INFO - [2025-02-10T16:18:31.082+0600] {dag.py:4180} INFO - Setting next_dagrun for update_query_dag to None, run_after=None
[2025-02-10T16:18:31.116+0600] {processor.py:208} INFO - Processing /home/shamim/airflow_git/Airflow_project/dags/update_query.py took 0.111 seconds
[2025-02-10T16:19:11.311+0600] {processor.py:186} INFO - Started process (PID=38443) to work on /home/shamim/airflow_git/Airflow_project/dags/update_query.py
[2025-02-10T16:19:11.318+0600] {processor.py:914} INFO - Processing file /home/shamim/airflow_git/Airflow_project/dags/update_query.py for tasks to queue
[2025-02-10T16:19:11.321+0600] {logging_mixin.py:190} INFO - [2025-02-10T16:19:11.320+0600] {dagbag.py:588} INFO - Filling up the DagBag from /home/shamim/airflow_git/Airflow_project/dags/update_query.py
[2025-02-10T16:19:11.330+0600] {processor.py:925} INFO - DAG(s) 'update_query_dag' retrieved from /home/shamim/airflow_git/Airflow_project/dags/update_query.py
[2025-02-10T16:19:11.346+0600] {logging_mixin.py:190} INFO - [2025-02-10T16:19:11.346+0600] {dag.py:3239} INFO - Sync 1 DAGs
[2025-02-10T16:19:11.361+0600] {logging_mixin.py:190} INFO - [2025-02-10T16:19:11.361+0600] {dag.py:4180} INFO - Setting next_dagrun for update_query_dag to None, run_after=None
[2025-02-10T16:19:11.395+0600] {processor.py:208} INFO - Processing /home/shamim/airflow_git/Airflow_project/dags/update_query.py took 0.092 seconds
[2025-02-10T16:19:54.408+0600] {processor.py:186} INFO - Started process (PID=38679) to work on /home/shamim/airflow_git/Airflow_project/dags/update_query.py
[2025-02-10T16:19:54.416+0600] {processor.py:914} INFO - Processing file /home/shamim/airflow_git/Airflow_project/dags/update_query.py for tasks to queue
[2025-02-10T16:19:54.423+0600] {logging_mixin.py:190} INFO - [2025-02-10T16:19:54.422+0600] {dagbag.py:588} INFO - Filling up the DagBag from /home/shamim/airflow_git/Airflow_project/dags/update_query.py
[2025-02-10T16:19:54.437+0600] {processor.py:925} INFO - DAG(s) 'update_query_dag' retrieved from /home/shamim/airflow_git/Airflow_project/dags/update_query.py
[2025-02-10T16:19:54.457+0600] {logging_mixin.py:190} INFO - [2025-02-10T16:19:54.457+0600] {dag.py:3239} INFO - Sync 1 DAGs
[2025-02-10T16:19:54.472+0600] {logging_mixin.py:190} INFO - [2025-02-10T16:19:54.471+0600] {dag.py:4180} INFO - Setting next_dagrun for update_query_dag to None, run_after=None
[2025-02-10T16:19:54.507+0600] {processor.py:208} INFO - Processing /home/shamim/airflow_git/Airflow_project/dags/update_query.py took 0.122 seconds
[2025-02-10T16:20:40.855+0600] {processor.py:186} INFO - Started process (PID=38874) to work on /home/shamim/airflow_git/Airflow_project/dags/update_query.py
[2025-02-10T16:20:40.864+0600] {processor.py:914} INFO - Processing file /home/shamim/airflow_git/Airflow_project/dags/update_query.py for tasks to queue
[2025-02-10T16:20:40.868+0600] {logging_mixin.py:190} INFO - [2025-02-10T16:20:40.868+0600] {dagbag.py:588} INFO - Filling up the DagBag from /home/shamim/airflow_git/Airflow_project/dags/update_query.py
[2025-02-10T16:20:41.048+0600] {processor.py:925} INFO - DAG(s) 'update_query_dag' retrieved from /home/shamim/airflow_git/Airflow_project/dags/update_query.py
[2025-02-10T16:20:41.173+0600] {logging_mixin.py:190} INFO - [2025-02-10T16:20:41.173+0600] {dag.py:3239} INFO - Sync 1 DAGs
[2025-02-10T16:20:41.185+0600] {logging_mixin.py:190} INFO - [2025-02-10T16:20:41.185+0600] {dag.py:4180} INFO - Setting next_dagrun for update_query_dag to None, run_after=None
[2025-02-10T16:20:41.221+0600] {processor.py:208} INFO - Processing /home/shamim/airflow_git/Airflow_project/dags/update_query.py took 0.377 seconds
[2025-02-10T16:21:29.323+0600] {processor.py:186} INFO - Started process (PID=39167) to work on /home/shamim/airflow_git/Airflow_project/dags/update_query.py
[2025-02-10T16:21:29.329+0600] {processor.py:914} INFO - Processing file /home/shamim/airflow_git/Airflow_project/dags/update_query.py for tasks to queue
[2025-02-10T16:21:29.332+0600] {logging_mixin.py:190} INFO - [2025-02-10T16:21:29.331+0600] {dagbag.py:588} INFO - Filling up the DagBag from /home/shamim/airflow_git/Airflow_project/dags/update_query.py
[2025-02-10T16:21:29.340+0600] {processor.py:925} INFO - DAG(s) 'update_query_dag' retrieved from /home/shamim/airflow_git/Airflow_project/dags/update_query.py
[2025-02-10T16:21:29.356+0600] {logging_mixin.py:190} INFO - [2025-02-10T16:21:29.356+0600] {dag.py:3239} INFO - Sync 1 DAGs
[2025-02-10T16:21:29.371+0600] {logging_mixin.py:190} INFO - [2025-02-10T16:21:29.371+0600] {dag.py:4180} INFO - Setting next_dagrun for update_query_dag to None, run_after=None
[2025-02-10T16:21:29.407+0600] {processor.py:208} INFO - Processing /home/shamim/airflow_git/Airflow_project/dags/update_query.py took 0.091 seconds
[2025-02-10T16:22:04.931+0600] {processor.py:186} INFO - Started process (PID=39302) to work on /home/shamim/airflow_git/Airflow_project/dags/update_query.py
[2025-02-10T16:22:04.937+0600] {processor.py:914} INFO - Processing file /home/shamim/airflow_git/Airflow_project/dags/update_query.py for tasks to queue
[2025-02-10T16:22:04.941+0600] {logging_mixin.py:190} INFO - [2025-02-10T16:22:04.940+0600] {dagbag.py:588} INFO - Filling up the DagBag from /home/shamim/airflow_git/Airflow_project/dags/update_query.py
[2025-02-10T16:22:04.954+0600] {processor.py:925} INFO - DAG(s) 'update_query_dag' retrieved from /home/shamim/airflow_git/Airflow_project/dags/update_query.py
[2025-02-10T16:22:04.980+0600] {logging_mixin.py:190} INFO - [2025-02-10T16:22:04.980+0600] {dag.py:3239} INFO - Sync 1 DAGs
[2025-02-10T16:22:05.005+0600] {logging_mixin.py:190} INFO - [2025-02-10T16:22:05.004+0600] {dag.py:4180} INFO - Setting next_dagrun for update_query_dag to None, run_after=None
[2025-02-10T16:22:05.048+0600] {processor.py:208} INFO - Processing /home/shamim/airflow_git/Airflow_project/dags/update_query.py took 0.130 seconds
[2025-02-10T16:22:27.997+0600] {processor.py:186} INFO - Started process (PID=39366) to work on /home/shamim/airflow_git/Airflow_project/dags/update_query.py
[2025-02-10T16:22:27.998+0600] {processor.py:914} INFO - Processing file /home/shamim/airflow_git/Airflow_project/dags/update_query.py for tasks to queue
[2025-02-10T16:22:28.002+0600] {logging_mixin.py:190} INFO - [2025-02-10T16:22:28.001+0600] {dagbag.py:588} INFO - Filling up the DagBag from /home/shamim/airflow_git/Airflow_project/dags/update_query.py
[2025-02-10T16:22:28.015+0600] {processor.py:925} INFO - DAG(s) 'update_query_dag' retrieved from /home/shamim/airflow_git/Airflow_project/dags/update_query.py
[2025-02-10T16:22:28.203+0600] {logging_mixin.py:190} INFO - [2025-02-10T16:22:28.202+0600] {dag.py:3239} INFO - Sync 1 DAGs
[2025-02-10T16:22:28.224+0600] {logging_mixin.py:190} INFO - [2025-02-10T16:22:28.223+0600] {dag.py:4180} INFO - Setting next_dagrun for update_query_dag to None, run_after=None
[2025-02-10T16:22:28.265+0600] {processor.py:208} INFO - Processing /home/shamim/airflow_git/Airflow_project/dags/update_query.py took 0.283 seconds
[2025-02-10T16:23:30.604+0600] {processor.py:186} INFO - Started process (PID=39748) to work on /home/shamim/airflow_git/Airflow_project/dags/update_query.py
[2025-02-10T16:23:30.612+0600] {processor.py:914} INFO - Processing file /home/shamim/airflow_git/Airflow_project/dags/update_query.py for tasks to queue
[2025-02-10T16:23:30.617+0600] {logging_mixin.py:190} INFO - [2025-02-10T16:23:30.616+0600] {dagbag.py:588} INFO - Filling up the DagBag from /home/shamim/airflow_git/Airflow_project/dags/update_query.py
[2025-02-10T16:23:30.629+0600] {processor.py:925} INFO - DAG(s) 'update_query_dag' retrieved from /home/shamim/airflow_git/Airflow_project/dags/update_query.py
[2025-02-10T16:23:30.646+0600] {logging_mixin.py:190} INFO - [2025-02-10T16:23:30.645+0600] {dag.py:3239} INFO - Sync 1 DAGs
[2025-02-10T16:23:30.660+0600] {logging_mixin.py:190} INFO - [2025-02-10T16:23:30.660+0600] {dag.py:4180} INFO - Setting next_dagrun for update_query_dag to None, run_after=None
[2025-02-10T16:23:30.699+0600] {processor.py:208} INFO - Processing /home/shamim/airflow_git/Airflow_project/dags/update_query.py took 0.102 seconds
[2025-02-10T16:24:06.715+0600] {processor.py:186} INFO - Started process (PID=39785) to work on /home/shamim/airflow_git/Airflow_project/dags/update_query.py
[2025-02-10T16:24:06.721+0600] {processor.py:914} INFO - Processing file /home/shamim/airflow_git/Airflow_project/dags/update_query.py for tasks to queue
[2025-02-10T16:24:06.724+0600] {logging_mixin.py:190} INFO - [2025-02-10T16:24:06.723+0600] {dagbag.py:588} INFO - Filling up the DagBag from /home/shamim/airflow_git/Airflow_project/dags/update_query.py
[2025-02-10T16:24:06.734+0600] {processor.py:925} INFO - DAG(s) 'update_query_dag' retrieved from /home/shamim/airflow_git/Airflow_project/dags/update_query.py
[2025-02-10T16:24:06.751+0600] {logging_mixin.py:190} INFO - [2025-02-10T16:24:06.751+0600] {dag.py:3239} INFO - Sync 1 DAGs
[2025-02-10T16:24:06.766+0600] {logging_mixin.py:190} INFO - [2025-02-10T16:24:06.766+0600] {dag.py:4180} INFO - Setting next_dagrun for update_query_dag to None, run_after=None
[2025-02-10T16:24:06.801+0600] {processor.py:208} INFO - Processing /home/shamim/airflow_git/Airflow_project/dags/update_query.py took 0.095 seconds
[2025-02-10T16:24:45.045+0600] {processor.py:186} INFO - Started process (PID=39838) to work on /home/shamim/airflow_git/Airflow_project/dags/update_query.py
[2025-02-10T16:24:45.051+0600] {processor.py:914} INFO - Processing file /home/shamim/airflow_git/Airflow_project/dags/update_query.py for tasks to queue
[2025-02-10T16:24:45.054+0600] {logging_mixin.py:190} INFO - [2025-02-10T16:24:45.054+0600] {dagbag.py:588} INFO - Filling up the DagBag from /home/shamim/airflow_git/Airflow_project/dags/update_query.py
[2025-02-10T16:24:45.063+0600] {processor.py:925} INFO - DAG(s) 'update_query_dag' retrieved from /home/shamim/airflow_git/Airflow_project/dags/update_query.py
[2025-02-10T16:24:45.080+0600] {logging_mixin.py:190} INFO - [2025-02-10T16:24:45.080+0600] {dag.py:3239} INFO - Sync 1 DAGs
[2025-02-10T16:24:45.095+0600] {logging_mixin.py:190} INFO - [2025-02-10T16:24:45.095+0600] {dag.py:4180} INFO - Setting next_dagrun for update_query_dag to None, run_after=None
[2025-02-10T16:24:45.134+0600] {processor.py:208} INFO - Processing /home/shamim/airflow_git/Airflow_project/dags/update_query.py took 0.096 seconds
[2025-02-10T16:25:23.133+0600] {processor.py:186} INFO - Started process (PID=39894) to work on /home/shamim/airflow_git/Airflow_project/dags/update_query.py
[2025-02-10T16:25:23.135+0600] {processor.py:914} INFO - Processing file /home/shamim/airflow_git/Airflow_project/dags/update_query.py for tasks to queue
[2025-02-10T16:25:23.139+0600] {logging_mixin.py:190} INFO - [2025-02-10T16:25:23.139+0600] {dagbag.py:588} INFO - Filling up the DagBag from /home/shamim/airflow_git/Airflow_project/dags/update_query.py
[2025-02-10T16:25:23.152+0600] {processor.py:925} INFO - DAG(s) 'update_query_dag' retrieved from /home/shamim/airflow_git/Airflow_project/dags/update_query.py
[2025-02-10T16:25:23.187+0600] {logging_mixin.py:190} INFO - [2025-02-10T16:25:23.187+0600] {dag.py:3239} INFO - Sync 1 DAGs
[2025-02-10T16:25:23.219+0600] {logging_mixin.py:190} INFO - [2025-02-10T16:25:23.218+0600] {dag.py:4180} INFO - Setting next_dagrun for update_query_dag to None, run_after=None
[2025-02-10T16:25:23.259+0600] {processor.py:208} INFO - Processing /home/shamim/airflow_git/Airflow_project/dags/update_query.py took 0.140 seconds
[2025-02-10T16:26:01.194+0600] {processor.py:186} INFO - Started process (PID=39950) to work on /home/shamim/airflow_git/Airflow_project/dags/update_query.py
[2025-02-10T16:26:01.208+0600] {processor.py:914} INFO - Processing file /home/shamim/airflow_git/Airflow_project/dags/update_query.py for tasks to queue
[2025-02-10T16:26:01.211+0600] {logging_mixin.py:190} INFO - [2025-02-10T16:26:01.210+0600] {dagbag.py:588} INFO - Filling up the DagBag from /home/shamim/airflow_git/Airflow_project/dags/update_query.py
[2025-02-10T16:26:01.219+0600] {processor.py:925} INFO - DAG(s) 'update_query_dag' retrieved from /home/shamim/airflow_git/Airflow_project/dags/update_query.py
[2025-02-10T16:26:01.236+0600] {logging_mixin.py:190} INFO - [2025-02-10T16:26:01.236+0600] {dag.py:3239} INFO - Sync 1 DAGs
[2025-02-10T16:26:01.250+0600] {logging_mixin.py:190} INFO - [2025-02-10T16:26:01.250+0600] {dag.py:4180} INFO - Setting next_dagrun for update_query_dag to None, run_after=None
[2025-02-10T16:26:01.272+0600] {processor.py:208} INFO - Processing /home/shamim/airflow_git/Airflow_project/dags/update_query.py took 0.085 seconds
[2025-02-10T16:26:38.892+0600] {processor.py:186} INFO - Started process (PID=40009) to work on /home/shamim/airflow_git/Airflow_project/dags/update_query.py
[2025-02-10T16:26:38.899+0600] {processor.py:914} INFO - Processing file /home/shamim/airflow_git/Airflow_project/dags/update_query.py for tasks to queue
[2025-02-10T16:26:38.901+0600] {logging_mixin.py:190} INFO - [2025-02-10T16:26:38.901+0600] {dagbag.py:588} INFO - Filling up the DagBag from /home/shamim/airflow_git/Airflow_project/dags/update_query.py
[2025-02-10T16:26:38.910+0600] {processor.py:925} INFO - DAG(s) 'update_query_dag' retrieved from /home/shamim/airflow_git/Airflow_project/dags/update_query.py
[2025-02-10T16:26:38.927+0600] {logging_mixin.py:190} INFO - [2025-02-10T16:26:38.926+0600] {dag.py:3239} INFO - Sync 1 DAGs
[2025-02-10T16:26:38.942+0600] {logging_mixin.py:190} INFO - [2025-02-10T16:26:38.942+0600] {dag.py:4180} INFO - Setting next_dagrun for update_query_dag to None, run_after=None
[2025-02-10T16:26:38.976+0600] {processor.py:208} INFO - Processing /home/shamim/airflow_git/Airflow_project/dags/update_query.py took 0.090 seconds
[2025-02-10T16:27:18.042+0600] {processor.py:186} INFO - Started process (PID=40091) to work on /home/shamim/airflow_git/Airflow_project/dags/update_query.py
[2025-02-10T16:27:18.049+0600] {processor.py:914} INFO - Processing file /home/shamim/airflow_git/Airflow_project/dags/update_query.py for tasks to queue
[2025-02-10T16:27:18.053+0600] {logging_mixin.py:190} INFO - [2025-02-10T16:27:18.052+0600] {dagbag.py:588} INFO - Filling up the DagBag from /home/shamim/airflow_git/Airflow_project/dags/update_query.py
[2025-02-10T16:27:18.064+0600] {processor.py:925} INFO - DAG(s) 'update_query_dag' retrieved from /home/shamim/airflow_git/Airflow_project/dags/update_query.py
[2025-02-10T16:27:18.080+0600] {logging_mixin.py:190} INFO - [2025-02-10T16:27:18.080+0600] {dag.py:3239} INFO - Sync 1 DAGs
[2025-02-10T16:27:18.095+0600] {logging_mixin.py:190} INFO - [2025-02-10T16:27:18.095+0600] {dag.py:4180} INFO - Setting next_dagrun for update_query_dag to None, run_after=None
[2025-02-10T16:27:18.129+0600] {processor.py:208} INFO - Processing /home/shamim/airflow_git/Airflow_project/dags/update_query.py took 0.095 seconds
[2025-02-10T16:27:58.781+0600] {processor.py:186} INFO - Started process (PID=40181) to work on /home/shamim/airflow_git/Airflow_project/dags/update_query.py
[2025-02-10T16:27:58.786+0600] {processor.py:914} INFO - Processing file /home/shamim/airflow_git/Airflow_project/dags/update_query.py for tasks to queue
[2025-02-10T16:27:58.789+0600] {logging_mixin.py:190} INFO - [2025-02-10T16:27:58.788+0600] {dagbag.py:588} INFO - Filling up the DagBag from /home/shamim/airflow_git/Airflow_project/dags/update_query.py
[2025-02-10T16:27:58.799+0600] {processor.py:925} INFO - DAG(s) 'update_query_dag' retrieved from /home/shamim/airflow_git/Airflow_project/dags/update_query.py
[2025-02-10T16:27:58.816+0600] {logging_mixin.py:190} INFO - [2025-02-10T16:27:58.816+0600] {dag.py:3239} INFO - Sync 1 DAGs
[2025-02-10T16:27:58.831+0600] {logging_mixin.py:190} INFO - [2025-02-10T16:27:58.831+0600] {dag.py:4180} INFO - Setting next_dagrun for update_query_dag to None, run_after=None
[2025-02-10T16:27:58.853+0600] {processor.py:208} INFO - Processing /home/shamim/airflow_git/Airflow_project/dags/update_query.py took 0.080 seconds
[2025-02-10T16:28:35.931+0600] {processor.py:186} INFO - Started process (PID=40312) to work on /home/shamim/airflow_git/Airflow_project/dags/update_query.py
[2025-02-10T16:28:35.937+0600] {processor.py:914} INFO - Processing file /home/shamim/airflow_git/Airflow_project/dags/update_query.py for tasks to queue
[2025-02-10T16:28:35.940+0600] {logging_mixin.py:190} INFO - [2025-02-10T16:28:35.939+0600] {dagbag.py:588} INFO - Filling up the DagBag from /home/shamim/airflow_git/Airflow_project/dags/update_query.py
[2025-02-10T16:28:35.949+0600] {processor.py:925} INFO - DAG(s) 'update_query_dag' retrieved from /home/shamim/airflow_git/Airflow_project/dags/update_query.py
[2025-02-10T16:28:35.967+0600] {logging_mixin.py:190} INFO - [2025-02-10T16:28:35.967+0600] {dag.py:3239} INFO - Sync 1 DAGs
[2025-02-10T16:28:35.981+0600] {logging_mixin.py:190} INFO - [2025-02-10T16:28:35.981+0600] {dag.py:4180} INFO - Setting next_dagrun for update_query_dag to None, run_after=None
[2025-02-10T16:28:36.009+0600] {processor.py:208} INFO - Processing /home/shamim/airflow_git/Airflow_project/dags/update_query.py took 0.086 seconds
[2025-02-10T16:29:11.999+0600] {processor.py:186} INFO - Started process (PID=40361) to work on /home/shamim/airflow_git/Airflow_project/dags/update_query.py
[2025-02-10T16:29:12.006+0600] {processor.py:914} INFO - Processing file /home/shamim/airflow_git/Airflow_project/dags/update_query.py for tasks to queue
[2025-02-10T16:29:12.009+0600] {logging_mixin.py:190} INFO - [2025-02-10T16:29:12.008+0600] {dagbag.py:588} INFO - Filling up the DagBag from /home/shamim/airflow_git/Airflow_project/dags/update_query.py
[2025-02-10T16:29:12.019+0600] {processor.py:925} INFO - DAG(s) 'update_query_dag' retrieved from /home/shamim/airflow_git/Airflow_project/dags/update_query.py
[2025-02-10T16:29:12.036+0600] {logging_mixin.py:190} INFO - [2025-02-10T16:29:12.035+0600] {dag.py:3239} INFO - Sync 1 DAGs
[2025-02-10T16:29:12.050+0600] {logging_mixin.py:190} INFO - [2025-02-10T16:29:12.050+0600] {dag.py:4180} INFO - Setting next_dagrun for update_query_dag to None, run_after=None
[2025-02-10T16:29:12.078+0600] {processor.py:208} INFO - Processing /home/shamim/airflow_git/Airflow_project/dags/update_query.py took 0.087 seconds
[2025-02-10T16:29:50.921+0600] {processor.py:186} INFO - Started process (PID=40417) to work on /home/shamim/airflow_git/Airflow_project/dags/update_query.py
[2025-02-10T16:29:50.928+0600] {processor.py:914} INFO - Processing file /home/shamim/airflow_git/Airflow_project/dags/update_query.py for tasks to queue
[2025-02-10T16:29:50.931+0600] {logging_mixin.py:190} INFO - [2025-02-10T16:29:50.931+0600] {dagbag.py:588} INFO - Filling up the DagBag from /home/shamim/airflow_git/Airflow_project/dags/update_query.py
[2025-02-10T16:29:50.941+0600] {processor.py:925} INFO - DAG(s) 'update_query_dag' retrieved from /home/shamim/airflow_git/Airflow_project/dags/update_query.py
[2025-02-10T16:29:50.958+0600] {logging_mixin.py:190} INFO - [2025-02-10T16:29:50.957+0600] {dag.py:3239} INFO - Sync 1 DAGs
[2025-02-10T16:29:50.972+0600] {logging_mixin.py:190} INFO - [2025-02-10T16:29:50.972+0600] {dag.py:4180} INFO - Setting next_dagrun for update_query_dag to None, run_after=None
[2025-02-10T16:29:50.999+0600] {processor.py:208} INFO - Processing /home/shamim/airflow_git/Airflow_project/dags/update_query.py took 0.085 seconds
[2025-02-10T16:30:28.610+0600] {processor.py:186} INFO - Started process (PID=40477) to work on /home/shamim/airflow_git/Airflow_project/dags/update_query.py
[2025-02-10T16:30:28.616+0600] {processor.py:914} INFO - Processing file /home/shamim/airflow_git/Airflow_project/dags/update_query.py for tasks to queue
[2025-02-10T16:30:28.620+0600] {logging_mixin.py:190} INFO - [2025-02-10T16:30:28.619+0600] {dagbag.py:588} INFO - Filling up the DagBag from /home/shamim/airflow_git/Airflow_project/dags/update_query.py
[2025-02-10T16:30:28.631+0600] {processor.py:925} INFO - DAG(s) 'update_query_dag' retrieved from /home/shamim/airflow_git/Airflow_project/dags/update_query.py
[2025-02-10T16:30:28.648+0600] {logging_mixin.py:190} INFO - [2025-02-10T16:30:28.648+0600] {dag.py:3239} INFO - Sync 1 DAGs
[2025-02-10T16:30:28.663+0600] {logging_mixin.py:190} INFO - [2025-02-10T16:30:28.663+0600] {dag.py:4180} INFO - Setting next_dagrun for update_query_dag to None, run_after=None
[2025-02-10T16:30:28.689+0600] {processor.py:208} INFO - Processing /home/shamim/airflow_git/Airflow_project/dags/update_query.py took 0.087 seconds
[2025-02-10T16:31:02.807+0600] {processor.py:186} INFO - Started process (PID=40514) to work on /home/shamim/airflow_git/Airflow_project/dags/update_query.py
[2025-02-10T16:31:02.813+0600] {processor.py:914} INFO - Processing file /home/shamim/airflow_git/Airflow_project/dags/update_query.py for tasks to queue
[2025-02-10T16:31:02.816+0600] {logging_mixin.py:190} INFO - [2025-02-10T16:31:02.815+0600] {dagbag.py:588} INFO - Filling up the DagBag from /home/shamim/airflow_git/Airflow_project/dags/update_query.py
[2025-02-10T16:31:02.826+0600] {processor.py:925} INFO - DAG(s) 'update_query_dag' retrieved from /home/shamim/airflow_git/Airflow_project/dags/update_query.py
[2025-02-10T16:31:02.843+0600] {logging_mixin.py:190} INFO - [2025-02-10T16:31:02.843+0600] {dag.py:3239} INFO - Sync 1 DAGs
[2025-02-10T16:31:02.857+0600] {logging_mixin.py:190} INFO - [2025-02-10T16:31:02.857+0600] {dag.py:4180} INFO - Setting next_dagrun for update_query_dag to None, run_after=None
[2025-02-10T16:31:02.883+0600] {processor.py:208} INFO - Processing /home/shamim/airflow_git/Airflow_project/dags/update_query.py took 0.084 seconds
[2025-02-10T16:31:37.887+0600] {processor.py:186} INFO - Started process (PID=40565) to work on /home/shamim/airflow_git/Airflow_project/dags/update_query.py
[2025-02-10T16:31:37.894+0600] {processor.py:914} INFO - Processing file /home/shamim/airflow_git/Airflow_project/dags/update_query.py for tasks to queue
[2025-02-10T16:31:37.897+0600] {logging_mixin.py:190} INFO - [2025-02-10T16:31:37.896+0600] {dagbag.py:588} INFO - Filling up the DagBag from /home/shamim/airflow_git/Airflow_project/dags/update_query.py
[2025-02-10T16:31:37.906+0600] {processor.py:925} INFO - DAG(s) 'update_query_dag' retrieved from /home/shamim/airflow_git/Airflow_project/dags/update_query.py
[2025-02-10T16:31:37.924+0600] {logging_mixin.py:190} INFO - [2025-02-10T16:31:37.923+0600] {dag.py:3239} INFO - Sync 1 DAGs
[2025-02-10T16:31:37.938+0600] {logging_mixin.py:190} INFO - [2025-02-10T16:31:37.938+0600] {dag.py:4180} INFO - Setting next_dagrun for update_query_dag to None, run_after=None
[2025-02-10T16:31:37.964+0600] {processor.py:208} INFO - Processing /home/shamim/airflow_git/Airflow_project/dags/update_query.py took 0.085 seconds
[2025-02-10T16:32:13.173+0600] {processor.py:186} INFO - Started process (PID=40630) to work on /home/shamim/airflow_git/Airflow_project/dags/update_query.py
[2025-02-10T16:32:13.179+0600] {processor.py:914} INFO - Processing file /home/shamim/airflow_git/Airflow_project/dags/update_query.py for tasks to queue
[2025-02-10T16:32:13.183+0600] {logging_mixin.py:190} INFO - [2025-02-10T16:32:13.182+0600] {dagbag.py:588} INFO - Filling up the DagBag from /home/shamim/airflow_git/Airflow_project/dags/update_query.py
[2025-02-10T16:32:13.192+0600] {processor.py:925} INFO - DAG(s) 'update_query_dag' retrieved from /home/shamim/airflow_git/Airflow_project/dags/update_query.py
[2025-02-10T16:32:13.210+0600] {logging_mixin.py:190} INFO - [2025-02-10T16:32:13.209+0600] {dag.py:3239} INFO - Sync 1 DAGs
[2025-02-10T16:32:13.224+0600] {logging_mixin.py:190} INFO - [2025-02-10T16:32:13.224+0600] {dag.py:4180} INFO - Setting next_dagrun for update_query_dag to None, run_after=None
[2025-02-10T16:32:13.250+0600] {processor.py:208} INFO - Processing /home/shamim/airflow_git/Airflow_project/dags/update_query.py took 0.085 seconds
[2025-02-10T16:32:50.635+0600] {processor.py:186} INFO - Started process (PID=40712) to work on /home/shamim/airflow_git/Airflow_project/dags/update_query.py
[2025-02-10T16:32:50.641+0600] {processor.py:914} INFO - Processing file /home/shamim/airflow_git/Airflow_project/dags/update_query.py for tasks to queue
[2025-02-10T16:32:50.644+0600] {logging_mixin.py:190} INFO - [2025-02-10T16:32:50.644+0600] {dagbag.py:588} INFO - Filling up the DagBag from /home/shamim/airflow_git/Airflow_project/dags/update_query.py
[2025-02-10T16:32:50.655+0600] {processor.py:925} INFO - DAG(s) 'update_query_dag' retrieved from /home/shamim/airflow_git/Airflow_project/dags/update_query.py
[2025-02-10T16:32:50.672+0600] {logging_mixin.py:190} INFO - [2025-02-10T16:32:50.672+0600] {dag.py:3239} INFO - Sync 1 DAGs
[2025-02-10T16:32:50.687+0600] {logging_mixin.py:190} INFO - [2025-02-10T16:32:50.687+0600] {dag.py:4180} INFO - Setting next_dagrun for update_query_dag to None, run_after=None
[2025-02-10T16:32:50.708+0600] {processor.py:208} INFO - Processing /home/shamim/airflow_git/Airflow_project/dags/update_query.py took 0.081 seconds
[2025-02-10T16:33:28.312+0600] {processor.py:186} INFO - Started process (PID=40768) to work on /home/shamim/airflow_git/Airflow_project/dags/update_query.py
[2025-02-10T16:33:28.319+0600] {processor.py:914} INFO - Processing file /home/shamim/airflow_git/Airflow_project/dags/update_query.py for tasks to queue
[2025-02-10T16:33:28.321+0600] {logging_mixin.py:190} INFO - [2025-02-10T16:33:28.321+0600] {dagbag.py:588} INFO - Filling up the DagBag from /home/shamim/airflow_git/Airflow_project/dags/update_query.py
[2025-02-10T16:33:28.330+0600] {processor.py:925} INFO - DAG(s) 'update_query_dag' retrieved from /home/shamim/airflow_git/Airflow_project/dags/update_query.py
[2025-02-10T16:33:28.346+0600] {logging_mixin.py:190} INFO - [2025-02-10T16:33:28.346+0600] {dag.py:3239} INFO - Sync 1 DAGs
[2025-02-10T16:33:28.362+0600] {logging_mixin.py:190} INFO - [2025-02-10T16:33:28.361+0600] {dag.py:4180} INFO - Setting next_dagrun for update_query_dag to None, run_after=None
[2025-02-10T16:33:28.387+0600] {processor.py:208} INFO - Processing /home/shamim/airflow_git/Airflow_project/dags/update_query.py took 0.082 seconds
[2025-02-10T16:34:02.814+0600] {processor.py:186} INFO - Started process (PID=40806) to work on /home/shamim/airflow_git/Airflow_project/dags/update_query.py
[2025-02-10T16:34:02.820+0600] {processor.py:914} INFO - Processing file /home/shamim/airflow_git/Airflow_project/dags/update_query.py for tasks to queue
[2025-02-10T16:34:02.823+0600] {logging_mixin.py:190} INFO - [2025-02-10T16:34:02.823+0600] {dagbag.py:588} INFO - Filling up the DagBag from /home/shamim/airflow_git/Airflow_project/dags/update_query.py
[2025-02-10T16:34:02.833+0600] {processor.py:925} INFO - DAG(s) 'update_query_dag' retrieved from /home/shamim/airflow_git/Airflow_project/dags/update_query.py
[2025-02-10T16:34:02.851+0600] {logging_mixin.py:190} INFO - [2025-02-10T16:34:02.851+0600] {dag.py:3239} INFO - Sync 1 DAGs
[2025-02-10T16:34:02.865+0600] {logging_mixin.py:190} INFO - [2025-02-10T16:34:02.865+0600] {dag.py:4180} INFO - Setting next_dagrun for update_query_dag to None, run_after=None
[2025-02-10T16:34:02.890+0600] {processor.py:208} INFO - Processing /home/shamim/airflow_git/Airflow_project/dags/update_query.py took 0.084 seconds
[2025-02-10T16:34:35.124+0600] {processor.py:186} INFO - Started process (PID=40846) to work on /home/shamim/airflow_git/Airflow_project/dags/update_query.py
[2025-02-10T16:34:35.130+0600] {processor.py:914} INFO - Processing file /home/shamim/airflow_git/Airflow_project/dags/update_query.py for tasks to queue
[2025-02-10T16:34:35.133+0600] {logging_mixin.py:190} INFO - [2025-02-10T16:34:35.132+0600] {dagbag.py:588} INFO - Filling up the DagBag from /home/shamim/airflow_git/Airflow_project/dags/update_query.py
[2025-02-10T16:34:35.141+0600] {processor.py:925} INFO - DAG(s) 'update_query_dag' retrieved from /home/shamim/airflow_git/Airflow_project/dags/update_query.py
[2025-02-10T16:34:35.158+0600] {logging_mixin.py:190} INFO - [2025-02-10T16:34:35.158+0600] {dag.py:3239} INFO - Sync 1 DAGs
[2025-02-10T16:34:35.173+0600] {logging_mixin.py:190} INFO - [2025-02-10T16:34:35.172+0600] {dag.py:4180} INFO - Setting next_dagrun for update_query_dag to None, run_after=None
[2025-02-10T16:34:35.198+0600] {processor.py:208} INFO - Processing /home/shamim/airflow_git/Airflow_project/dags/update_query.py took 0.081 seconds
[2025-02-10T16:35:09.277+0600] {processor.py:186} INFO - Started process (PID=40882) to work on /home/shamim/airflow_git/Airflow_project/dags/update_query.py
[2025-02-10T16:35:09.278+0600] {processor.py:914} INFO - Processing file /home/shamim/airflow_git/Airflow_project/dags/update_query.py for tasks to queue
[2025-02-10T16:35:09.281+0600] {logging_mixin.py:190} INFO - [2025-02-10T16:35:09.280+0600] {dagbag.py:588} INFO - Filling up the DagBag from /home/shamim/airflow_git/Airflow_project/dags/update_query.py
[2025-02-10T16:35:09.291+0600] {processor.py:925} INFO - DAG(s) 'update_query_dag' retrieved from /home/shamim/airflow_git/Airflow_project/dags/update_query.py
[2025-02-10T16:35:09.307+0600] {logging_mixin.py:190} INFO - [2025-02-10T16:35:09.307+0600] {dag.py:3239} INFO - Sync 1 DAGs
[2025-02-10T16:35:09.322+0600] {logging_mixin.py:190} INFO - [2025-02-10T16:35:09.322+0600] {dag.py:4180} INFO - Setting next_dagrun for update_query_dag to None, run_after=None
[2025-02-10T16:35:09.345+0600] {processor.py:208} INFO - Processing /home/shamim/airflow_git/Airflow_project/dags/update_query.py took 0.076 seconds
[2025-02-10T16:35:45.002+0600] {processor.py:186} INFO - Started process (PID=40946) to work on /home/shamim/airflow_git/Airflow_project/dags/update_query.py
[2025-02-10T16:35:45.009+0600] {processor.py:914} INFO - Processing file /home/shamim/airflow_git/Airflow_project/dags/update_query.py for tasks to queue
[2025-02-10T16:35:45.012+0600] {logging_mixin.py:190} INFO - [2025-02-10T16:35:45.011+0600] {dagbag.py:588} INFO - Filling up the DagBag from /home/shamim/airflow_git/Airflow_project/dags/update_query.py
[2025-02-10T16:35:45.021+0600] {processor.py:925} INFO - DAG(s) 'update_query_dag' retrieved from /home/shamim/airflow_git/Airflow_project/dags/update_query.py
[2025-02-10T16:35:45.038+0600] {logging_mixin.py:190} INFO - [2025-02-10T16:35:45.038+0600] {dag.py:3239} INFO - Sync 1 DAGs
[2025-02-10T16:35:45.053+0600] {logging_mixin.py:190} INFO - [2025-02-10T16:35:45.053+0600] {dag.py:4180} INFO - Setting next_dagrun for update_query_dag to None, run_after=None
[2025-02-10T16:35:45.081+0600] {processor.py:208} INFO - Processing /home/shamim/airflow_git/Airflow_project/dags/update_query.py took 0.087 seconds
[2025-02-10T16:36:22.795+0600] {processor.py:186} INFO - Started process (PID=40984) to work on /home/shamim/airflow_git/Airflow_project/dags/update_query.py
[2025-02-10T16:36:22.800+0600] {processor.py:914} INFO - Processing file /home/shamim/airflow_git/Airflow_project/dags/update_query.py for tasks to queue
[2025-02-10T16:36:22.803+0600] {logging_mixin.py:190} INFO - [2025-02-10T16:36:22.803+0600] {dagbag.py:588} INFO - Filling up the DagBag from /home/shamim/airflow_git/Airflow_project/dags/update_query.py
[2025-02-10T16:36:22.813+0600] {processor.py:925} INFO - DAG(s) 'update_query_dag' retrieved from /home/shamim/airflow_git/Airflow_project/dags/update_query.py
[2025-02-10T16:36:22.830+0600] {logging_mixin.py:190} INFO - [2025-02-10T16:36:22.830+0600] {dag.py:3239} INFO - Sync 1 DAGs
[2025-02-10T16:36:22.845+0600] {logging_mixin.py:190} INFO - [2025-02-10T16:36:22.844+0600] {dag.py:4180} INFO - Setting next_dagrun for update_query_dag to None, run_after=None
[2025-02-10T16:36:22.866+0600] {processor.py:208} INFO - Processing /home/shamim/airflow_git/Airflow_project/dags/update_query.py took 0.079 seconds
[2025-02-10T16:36:58.773+0600] {processor.py:186} INFO - Started process (PID=41069) to work on /home/shamim/airflow_git/Airflow_project/dags/update_query.py
[2025-02-10T16:36:58.780+0600] {processor.py:914} INFO - Processing file /home/shamim/airflow_git/Airflow_project/dags/update_query.py for tasks to queue
[2025-02-10T16:36:58.783+0600] {logging_mixin.py:190} INFO - [2025-02-10T16:36:58.782+0600] {dagbag.py:588} INFO - Filling up the DagBag from /home/shamim/airflow_git/Airflow_project/dags/update_query.py
[2025-02-10T16:36:58.793+0600] {processor.py:925} INFO - DAG(s) 'update_query_dag' retrieved from /home/shamim/airflow_git/Airflow_project/dags/update_query.py
[2025-02-10T16:36:58.810+0600] {logging_mixin.py:190} INFO - [2025-02-10T16:36:58.809+0600] {dag.py:3239} INFO - Sync 1 DAGs
[2025-02-10T16:36:58.824+0600] {logging_mixin.py:190} INFO - [2025-02-10T16:36:58.824+0600] {dag.py:4180} INFO - Setting next_dagrun for update_query_dag to None, run_after=None
[2025-02-10T16:36:58.850+0600] {processor.py:208} INFO - Processing /home/shamim/airflow_git/Airflow_project/dags/update_query.py took 0.084 seconds
[2025-02-10T16:37:34.320+0600] {processor.py:186} INFO - Started process (PID=41120) to work on /home/shamim/airflow_git/Airflow_project/dags/update_query.py
[2025-02-10T16:37:34.327+0600] {processor.py:914} INFO - Processing file /home/shamim/airflow_git/Airflow_project/dags/update_query.py for tasks to queue
[2025-02-10T16:37:34.330+0600] {logging_mixin.py:190} INFO - [2025-02-10T16:37:34.329+0600] {dagbag.py:588} INFO - Filling up the DagBag from /home/shamim/airflow_git/Airflow_project/dags/update_query.py
[2025-02-10T16:37:34.340+0600] {processor.py:925} INFO - DAG(s) 'update_query_dag' retrieved from /home/shamim/airflow_git/Airflow_project/dags/update_query.py
[2025-02-10T16:37:34.357+0600] {logging_mixin.py:190} INFO - [2025-02-10T16:37:34.357+0600] {dag.py:3239} INFO - Sync 1 DAGs
[2025-02-10T16:37:34.371+0600] {logging_mixin.py:190} INFO - [2025-02-10T16:37:34.371+0600] {dag.py:4180} INFO - Setting next_dagrun for update_query_dag to None, run_after=None
[2025-02-10T16:37:34.397+0600] {processor.py:208} INFO - Processing /home/shamim/airflow_git/Airflow_project/dags/update_query.py took 0.084 seconds
[2025-02-10T16:38:09.845+0600] {processor.py:186} INFO - Started process (PID=41192) to work on /home/shamim/airflow_git/Airflow_project/dags/update_query.py
[2025-02-10T16:38:09.851+0600] {processor.py:914} INFO - Processing file /home/shamim/airflow_git/Airflow_project/dags/update_query.py for tasks to queue
[2025-02-10T16:38:09.854+0600] {logging_mixin.py:190} INFO - [2025-02-10T16:38:09.854+0600] {dagbag.py:588} INFO - Filling up the DagBag from /home/shamim/airflow_git/Airflow_project/dags/update_query.py
[2025-02-10T16:38:09.862+0600] {processor.py:925} INFO - DAG(s) 'update_query_dag' retrieved from /home/shamim/airflow_git/Airflow_project/dags/update_query.py
[2025-02-10T16:38:09.881+0600] {logging_mixin.py:190} INFO - [2025-02-10T16:38:09.880+0600] {dag.py:3239} INFO - Sync 1 DAGs
[2025-02-10T16:38:09.901+0600] {logging_mixin.py:190} INFO - [2025-02-10T16:38:09.901+0600] {dag.py:4180} INFO - Setting next_dagrun for update_query_dag to None, run_after=None
[2025-02-10T16:38:09.927+0600] {processor.py:208} INFO - Processing /home/shamim/airflow_git/Airflow_project/dags/update_query.py took 0.089 seconds
