[2025-02-11T17:09:21.687+0600] {local_task_job_runner.py:123} INFO - ::group::Pre task execution logs
[2025-02-11T17:09:21.724+0600] {taskinstance.py:2613} INFO - Dependencies all met for dep_context=non-requeueable deps ti=<TaskInstance: e2e_data_loading_to_pg_dag.load_final_table_task manual__2025-02-11T11:08:11.261939+00:00 [queued]>
[2025-02-11T17:09:21.738+0600] {taskinstance.py:2613} INFO - Dependencies all met for dep_context=requeueable deps ti=<TaskInstance: e2e_data_loading_to_pg_dag.load_final_table_task manual__2025-02-11T11:08:11.261939+00:00 [queued]>
[2025-02-11T17:09:21.738+0600] {taskinstance.py:2866} INFO - Starting attempt 1 of 1
[2025-02-11T17:09:21.757+0600] {taskinstance.py:2889} INFO - Executing <Task(SQLExecuteQueryOperator): load_final_table_task> on 2025-02-11 11:08:11.261939+00:00
[2025-02-11T17:09:21.772+0600] {standard_task_runner.py:104} INFO - Running: ['airflow', 'tasks', 'run', 'e2e_data_loading_to_pg_dag', 'load_final_table_task', 'manual__2025-02-11T11:08:11.261939+00:00', '--job-id', '15', '--raw', '--subdir', 'DAGS_FOLDER/e_to_e_processing.py', '--cfg-path', '/tmp/tmpvcr_05wl']
[2025-02-11T17:09:21.774+0600] {standard_task_runner.py:105} INFO - Job 15: Subtask load_final_table_task
[2025-02-11T17:09:21.778+0600] {logging_mixin.py:190} WARNING - /home/shamim/airflow_git/Airflow_project/air_venv/lib/python3.12/site-packages/airflow/task/task_runner/standard_task_runner.py:70 DeprecationWarning: This process (pid=113499) is multi-threaded, use of fork() may lead to deadlocks in the child.
[2025-02-11T17:09:21.779+0600] {standard_task_runner.py:72} INFO - Started process 113523 to run task
[2025-02-11T17:09:21.880+0600] {task_command.py:467} INFO - Running <TaskInstance: e2e_data_loading_to_pg_dag.load_final_table_task manual__2025-02-11T11:08:11.261939+00:00 [running]> on host shamim-X541UV
[2025-02-11T17:09:22.047+0600] {taskinstance.py:3132} INFO - Exporting env vars: AIRFLOW_CTX_DAG_OWNER='airflow' AIRFLOW_CTX_DAG_ID='e2e_data_loading_to_pg_dag' AIRFLOW_CTX_TASK_ID='load_final_table_task' AIRFLOW_CTX_EXECUTION_DATE='2025-02-11T11:08:11.261939+00:00' AIRFLOW_CTX_TRY_NUMBER='1' AIRFLOW_CTX_DAG_RUN_ID='manual__2025-02-11T11:08:11.261939+00:00'
[2025-02-11T17:09:22.049+0600] {logging_mixin.py:190} INFO - Task instance is in running state
[2025-02-11T17:09:22.049+0600] {logging_mixin.py:190} INFO -  Previous state of the Task instance: queued
[2025-02-11T17:09:22.050+0600] {logging_mixin.py:190} INFO - Current task name:load_final_table_task state:running start_date:2025-02-11 11:09:21.725770+00:00
[2025-02-11T17:09:22.050+0600] {logging_mixin.py:190} INFO - Dag name:e2e_data_loading_to_pg_dag and current dag run status:running
[2025-02-11T17:09:22.051+0600] {taskinstance.py:731} INFO - ::endgroup::
[2025-02-11T17:09:22.051+0600] {sql.py:295} INFO - Executing: 
    --postgres fact table
    DROP TABLE IF EXISTS fact_table;
    CREATE TABLE IF NOT EXISTS fact_table(
    name VARCHAR(100) NULL,
    salary NUMERIC(10,2) NULL
    );

    -- create and define postgres transform-load function
    CREATE OR REPLACE PROCEDURE transform_and_load_data()
    LANGUAGE plpgsql
    AS $procedure$
    BEGIN
        INSERT INTO fact_table(name,salary)
        SELECT name, SUM(salary) FROM staging_table
        GROUP BY name;
    END;
    $procedure$;
    CALL transform_and_load_data(); 
    
[2025-02-11T17:09:22.076+0600] {base.py:84} INFO - Retrieving connection 'postgres'
[2025-02-11T17:09:22.103+0600] {base.py:84} INFO - Retrieving connection 'postgres'
[2025-02-11T17:09:22.120+0600] {sql.py:511} INFO - Running statement: 
    --postgres fact table
    DROP TABLE IF EXISTS fact_table;
    CREATE TABLE IF NOT EXISTS fact_table(
    name VARCHAR(100) NULL,
    salary NUMERIC(10,2) NULL
    );

    -- create and define postgres transform-load function
    CREATE OR REPLACE PROCEDURE transform_and_load_data()
    LANGUAGE plpgsql
    AS $procedure$
    BEGIN
        INSERT INTO fact_table(name,salary)
        SELECT name, SUM(salary) FROM staging_table
        GROUP BY name;
    END;
    $procedure$;
    CALL transform_and_load_data(); 
    , parameters: None
[2025-02-11T17:09:22.137+0600] {logging_mixin.py:190} WARNING - /home/shamim/airflow_git/Airflow_project/air_venv/lib/python3.12/site-packages/airflow/providers/common/sql/hooks/sql.py:470 DeprecationWarning: Import of fetch_all_handler from the 'airflow.providers.common.sql.hooks' module is deprecated and will
be removed in the future. Please import it from 'airflow.providers.common.sql.hooks.handlers'.
[2025-02-11T17:09:22.139+0600] {logging_mixin.py:190} WARNING - /home/shamim/airflow_git/Airflow_project/air_venv/lib/python3.12/site-packages/airflow/providers/common/sql/hooks/sql.py:471 DeprecationWarning: Import of return_single_query_results from the 'airflow.providers.common.sql.hooks' module is deprecated and will
be removed in the future. Please import it from 'airflow.providers.common.sql.hooks.handlers'.
[2025-02-11T17:09:22.143+0600] {logging_mixin.py:190} WARNING - /home/shamim/airflow_git/Airflow_project/air_venv/lib/python3.12/site-packages/airflow/providers/common/sql/hooks/sql.py:486 DeprecationWarning: Import of return_single_query_results from the 'airflow.providers.common.sql.hooks' module is deprecated and will
be removed in the future. Please import it from 'airflow.providers.common.sql.hooks.handlers'.
[2025-02-11T17:09:22.145+0600] {logging_mixin.py:190} WARNING - /home/shamim/airflow_git/Airflow_project/air_venv/lib/python3.12/site-packages/airflow/providers/common/sql/operators/sql.py:311 DeprecationWarning: Import of return_single_query_results from the 'airflow.providers.common.sql.hooks' module is deprecated and will
be removed in the future. Please import it from 'airflow.providers.common.sql.hooks.handlers'.
[2025-02-11T17:09:22.172+0600] {taskinstance.py:340} INFO - ::group::Post task execution logs
[2025-02-11T17:09:22.173+0600] {taskinstance.py:352} INFO - Marking task as SUCCESS. dag_id=e2e_data_loading_to_pg_dag, task_id=load_final_table_task, run_id=manual__2025-02-11T11:08:11.261939+00:00, execution_date=20250211T110811, start_date=20250211T110921, end_date=20250211T110922
[2025-02-11T17:09:22.184+0600] {logging_mixin.py:190} INFO - Task instance in success state
[2025-02-11T17:09:22.185+0600] {logging_mixin.py:190} INFO -  Previous state of the Task instance: running
[2025-02-11T17:09:22.185+0600] {logging_mixin.py:190} INFO - Dag name:e2e_data_loading_to_pg_dag queued_at:2025-02-11 11:08:11.283252+00:00
[2025-02-11T17:09:22.186+0600] {logging_mixin.py:190} INFO - Task hostname:shamim-X541UV operator:SQLExecuteQueryOperator
[2025-02-11T17:09:22.197+0600] {local_task_job_runner.py:266} INFO - Task exited with return code 0
[2025-02-11T17:09:22.236+0600] {taskinstance.py:3895} INFO - 0 downstream tasks scheduled from follow-on schedule check
[2025-02-11T17:09:22.238+0600] {local_task_job_runner.py:245} INFO - ::endgroup::
