[2025-02-12T02:46:36.065+0600] {local_task_job_runner.py:123} INFO - ::group::Pre task execution logs
[2025-02-12T02:46:36.127+0600] {taskinstance.py:2613} INFO - Dependencies all met for dep_context=non-requeueable deps ti=<TaskInstance: supermarket_sales_eTOe_dag.extract_data_task manual__2025-02-11T20:46:29.649886+00:00 [queued]>
[2025-02-12T02:46:36.141+0600] {taskinstance.py:2613} INFO - Dependencies all met for dep_context=requeueable deps ti=<TaskInstance: supermarket_sales_eTOe_dag.extract_data_task manual__2025-02-11T20:46:29.649886+00:00 [queued]>
[2025-02-12T02:46:36.142+0600] {taskinstance.py:2866} INFO - Starting attempt 1 of 1
[2025-02-12T02:46:36.191+0600] {taskinstance.py:2889} INFO - Executing <Task(PythonOperator): extract_data_task> on 2025-02-11 20:46:29.649886+00:00
[2025-02-12T02:46:36.206+0600] {standard_task_runner.py:104} INFO - Running: ['airflow', 'tasks', 'run', 'supermarket_sales_eTOe_dag', 'extract_data_task', 'manual__2025-02-11T20:46:29.649886+00:00', '--job-id', '33', '--raw', '--subdir', 'DAGS_FOLDER/final_assignment.py', '--cfg-path', '/tmp/tmpmkisdyb6']
[2025-02-12T02:46:36.208+0600] {standard_task_runner.py:105} INFO - Job 33: Subtask extract_data_task
[2025-02-12T02:46:36.212+0600] {logging_mixin.py:190} WARNING - /home/shamim/airflow_git/Airflow_project/air_venv/lib/python3.12/site-packages/airflow/task/task_runner/standard_task_runner.py:70 DeprecationWarning: This process (pid=78999) is multi-threaded, use of fork() may lead to deadlocks in the child.
[2025-02-12T02:46:36.214+0600] {standard_task_runner.py:72} INFO - Started process 79026 to run task
[2025-02-12T02:46:36.325+0600] {task_command.py:467} INFO - Running <TaskInstance: supermarket_sales_eTOe_dag.extract_data_task manual__2025-02-11T20:46:29.649886+00:00 [running]> on host shamim-X541UV
[2025-02-12T02:46:36.479+0600] {taskinstance.py:3132} INFO - Exporting env vars: AIRFLOW_CTX_DAG_OWNER='airflow' AIRFLOW_CTX_DAG_ID='supermarket_sales_eTOe_dag' AIRFLOW_CTX_TASK_ID='extract_data_task' AIRFLOW_CTX_EXECUTION_DATE='2025-02-11T20:46:29.649886+00:00' AIRFLOW_CTX_TRY_NUMBER='1' AIRFLOW_CTX_DAG_RUN_ID='manual__2025-02-11T20:46:29.649886+00:00'
[2025-02-12T02:46:36.481+0600] {logging_mixin.py:190} INFO - Task instance is in running state
[2025-02-12T02:46:36.482+0600] {logging_mixin.py:190} INFO -  Previous state of the Task instance: queued
[2025-02-12T02:46:36.482+0600] {logging_mixin.py:190} INFO - Current task name:extract_data_task state:running start_date:2025-02-11 20:46:36.127565+00:00
[2025-02-12T02:46:36.482+0600] {logging_mixin.py:190} INFO - Dag name:supermarket_sales_eTOe_dag and current dag run status:running
[2025-02-12T02:46:36.483+0600] {taskinstance.py:731} INFO - ::endgroup::
[2025-02-12T02:46:37.330+0600] {python.py:240} INFO - Done. Returned value was: None
[2025-02-12T02:46:37.364+0600] {taskinstance.py:340} INFO - ::group::Post task execution logs
[2025-02-12T02:46:37.365+0600] {taskinstance.py:352} INFO - Marking task as SUCCESS. dag_id=supermarket_sales_eTOe_dag, task_id=extract_data_task, run_id=manual__2025-02-11T20:46:29.649886+00:00, execution_date=20250211T204629, start_date=20250211T204636, end_date=20250211T204637
[2025-02-12T02:46:37.378+0600] {logging_mixin.py:190} INFO - Task instance in success state
[2025-02-12T02:46:37.379+0600] {logging_mixin.py:190} INFO -  Previous state of the Task instance: running
[2025-02-12T02:46:37.379+0600] {logging_mixin.py:190} INFO - Dag name:supermarket_sales_eTOe_dag queued_at:2025-02-11 20:46:29.685426+00:00
[2025-02-12T02:46:37.379+0600] {logging_mixin.py:190} INFO - Task hostname:shamim-X541UV operator:PythonOperator
[2025-02-12T02:46:37.396+0600] {local_task_job_runner.py:266} INFO - Task exited with return code 0
[2025-02-12T02:46:37.454+0600] {taskinstance.py:3895} INFO - 1 downstream tasks scheduled from follow-on schedule check
[2025-02-12T02:46:37.456+0600] {local_task_job_runner.py:245} INFO - ::endgroup::
