[2025-02-11T15:42:50.182+0600] {local_task_job_runner.py:123} INFO - ::group::Pre task execution logs
[2025-02-11T15:42:50.193+0600] {taskinstance.py:2613} INFO - Dependencies all met for dep_context=non-requeueable deps ti=<TaskInstance: e2e_data_loading_to_pg_dag.load_df_task manual__2025-02-11T09:42:37.899395+00:00 [queued]>
[2025-02-11T15:42:50.200+0600] {taskinstance.py:2613} INFO - Dependencies all met for dep_context=requeueable deps ti=<TaskInstance: e2e_data_loading_to_pg_dag.load_df_task manual__2025-02-11T09:42:37.899395+00:00 [queued]>
[2025-02-11T15:42:50.201+0600] {taskinstance.py:2866} INFO - Starting attempt 1 of 1
[2025-02-11T15:42:50.215+0600] {taskinstance.py:2889} INFO - Executing <Task(PythonOperator): load_df_task> on 2025-02-11 09:42:37.899395+00:00
[2025-02-11T15:42:50.228+0600] {standard_task_runner.py:104} INFO - Running: ['airflow', 'tasks', 'run', 'e2e_data_loading_to_pg_dag', 'load_df_task', 'manual__2025-02-11T09:42:37.899395+00:00', '--job-id', '31', '--raw', '--subdir', 'DAGS_FOLDER/e_to_e_processing.py', '--cfg-path', '/tmp/tmp7f0q1jyo']
[2025-02-11T15:42:50.230+0600] {standard_task_runner.py:105} INFO - Job 31: Subtask load_df_task
[2025-02-11T15:42:50.232+0600] {logging_mixin.py:190} WARNING - /home/shamim/airflow_git/Airflow_project/air_venv/lib/python3.12/site-packages/airflow/task/task_runner/standard_task_runner.py:70 DeprecationWarning: This process (pid=95197) is multi-threaded, use of fork() may lead to deadlocks in the child.
[2025-02-11T15:42:50.233+0600] {standard_task_runner.py:72} INFO - Started process 95221 to run task
[2025-02-11T15:42:50.314+0600] {task_command.py:467} INFO - Running <TaskInstance: e2e_data_loading_to_pg_dag.load_df_task manual__2025-02-11T09:42:37.899395+00:00 [running]> on host shamim-X541UV
[2025-02-11T15:42:50.435+0600] {taskinstance.py:3132} INFO - Exporting env vars: AIRFLOW_CTX_DAG_OWNER='airflow' AIRFLOW_CTX_DAG_ID='e2e_data_loading_to_pg_dag' AIRFLOW_CTX_TASK_ID='load_df_task' AIRFLOW_CTX_EXECUTION_DATE='2025-02-11T09:42:37.899395+00:00' AIRFLOW_CTX_TRY_NUMBER='1' AIRFLOW_CTX_DAG_RUN_ID='manual__2025-02-11T09:42:37.899395+00:00'
[2025-02-11T15:42:50.437+0600] {logging_mixin.py:190} INFO - Task instance is in running state
[2025-02-11T15:42:50.437+0600] {logging_mixin.py:190} INFO -  Previous state of the Task instance: queued
[2025-02-11T15:42:50.438+0600] {logging_mixin.py:190} INFO - Current task name:load_df_task state:running start_date:2025-02-11 09:42:50.194140+00:00
[2025-02-11T15:42:50.438+0600] {logging_mixin.py:190} INFO - Dag name:e2e_data_loading_to_pg_dag and current dag run status:running
[2025-02-11T15:42:50.439+0600] {taskinstance.py:731} INFO - ::endgroup::
[2025-02-11T15:42:50.440+0600] {logging_mixin.py:190} INFO - insert into staging_table(Name,Age,Month,Salary) values %s
[2025-02-11T15:42:50.443+0600] {logging_mixin.py:190} INFO - Existing records from staging_table deleted successfully!
[2025-02-11T15:42:50.449+0600] {logging_mixin.py:190} INFO - Dataframe is inserted successfully!
[2025-02-11T15:42:50.449+0600] {logging_mixin.py:190} INFO - Insert Time: 0.009306907653808594 seconds.
[2025-02-11T15:42:50.450+0600] {python.py:240} INFO - Done. Returned value was: None
[2025-02-11T15:42:50.455+0600] {taskinstance.py:340} INFO - ::group::Post task execution logs
[2025-02-11T15:42:50.455+0600] {taskinstance.py:352} INFO - Marking task as SUCCESS. dag_id=e2e_data_loading_to_pg_dag, task_id=load_df_task, run_id=manual__2025-02-11T09:42:37.899395+00:00, execution_date=20250211T094237, start_date=20250211T094250, end_date=20250211T094250
[2025-02-11T15:42:50.466+0600] {logging_mixin.py:190} INFO - Task instance in success state
[2025-02-11T15:42:50.466+0600] {logging_mixin.py:190} INFO -  Previous state of the Task instance: running
[2025-02-11T15:42:50.466+0600] {logging_mixin.py:190} INFO - Dag name:e2e_data_loading_to_pg_dag queued_at:2025-02-11 09:42:37.920306+00:00
[2025-02-11T15:42:50.467+0600] {logging_mixin.py:190} INFO - Task hostname:shamim-X541UV operator:PythonOperator
[2025-02-11T15:42:50.489+0600] {local_task_job_runner.py:266} INFO - Task exited with return code 0
[2025-02-11T15:42:50.519+0600] {taskinstance.py:3895} INFO - 1 downstream tasks scheduled from follow-on schedule check
[2025-02-11T15:42:50.524+0600] {local_task_job_runner.py:245} INFO - ::endgroup::
