[2025-02-11T16:57:15.337+0600] {local_task_job_runner.py:123} INFO - ::group::Pre task execution logs
[2025-02-11T16:57:15.367+0600] {taskinstance.py:2613} INFO - Dependencies all met for dep_context=non-requeueable deps ti=<TaskInstance: e2e_data_loading_to_pg_dag.load_df_task manual__2025-02-11T10:57:03.395937+00:00 [queued]>
[2025-02-11T16:57:15.377+0600] {taskinstance.py:2613} INFO - Dependencies all met for dep_context=requeueable deps ti=<TaskInstance: e2e_data_loading_to_pg_dag.load_df_task manual__2025-02-11T10:57:03.395937+00:00 [queued]>
[2025-02-11T16:57:15.378+0600] {taskinstance.py:2866} INFO - Starting attempt 1 of 1
[2025-02-11T16:57:15.392+0600] {taskinstance.py:2889} INFO - Executing <Task(PythonOperator): load_df_task> on 2025-02-11 10:57:03.395937+00:00
[2025-02-11T16:57:15.405+0600] {standard_task_runner.py:104} INFO - Running: ['airflow', 'tasks', 'run', 'e2e_data_loading_to_pg_dag', 'load_df_task', 'manual__2025-02-11T10:57:03.395937+00:00', '--job-id', '4', '--raw', '--subdir', 'DAGS_FOLDER/e_to_e_processing.py', '--cfg-path', '/tmp/tmp9l52g8xm']
[2025-02-11T16:57:15.406+0600] {standard_task_runner.py:105} INFO - Job 4: Subtask load_df_task
[2025-02-11T16:57:15.408+0600] {logging_mixin.py:190} WARNING - /home/shamim/airflow_git/Airflow_project/air_venv/lib/python3.12/site-packages/airflow/task/task_runner/standard_task_runner.py:70 DeprecationWarning: This process (pid=108932) is multi-threaded, use of fork() may lead to deadlocks in the child.
[2025-02-11T16:57:15.409+0600] {standard_task_runner.py:72} INFO - Started process 108960 to run task
[2025-02-11T16:57:15.499+0600] {task_command.py:467} INFO - Running <TaskInstance: e2e_data_loading_to_pg_dag.load_df_task manual__2025-02-11T10:57:03.395937+00:00 [running]> on host shamim-X541UV
[2025-02-11T16:57:15.648+0600] {taskinstance.py:3132} INFO - Exporting env vars: AIRFLOW_CTX_DAG_OWNER='airflow' AIRFLOW_CTX_DAG_ID='e2e_data_loading_to_pg_dag' AIRFLOW_CTX_TASK_ID='load_df_task' AIRFLOW_CTX_EXECUTION_DATE='2025-02-11T10:57:03.395937+00:00' AIRFLOW_CTX_TRY_NUMBER='1' AIRFLOW_CTX_DAG_RUN_ID='manual__2025-02-11T10:57:03.395937+00:00'
[2025-02-11T16:57:15.649+0600] {logging_mixin.py:190} INFO - Task instance is in running state
[2025-02-11T16:57:15.650+0600] {logging_mixin.py:190} INFO -  Previous state of the Task instance: queued
[2025-02-11T16:57:15.650+0600] {logging_mixin.py:190} INFO - Current task name:load_df_task state:running start_date:2025-02-11 10:57:15.368074+00:00
[2025-02-11T16:57:15.651+0600] {logging_mixin.py:190} INFO - Dag name:e2e_data_loading_to_pg_dag and current dag run status:running
[2025-02-11T16:57:15.651+0600] {taskinstance.py:731} INFO - ::endgroup::
[2025-02-11T16:57:15.653+0600] {logging_mixin.py:190} INFO - insert into staging_table(Name,Age,Month,Salary) values %s
[2025-02-11T16:57:15.655+0600] {logging_mixin.py:190} INFO - Existing records from staging_table deleted successfully!
[2025-02-11T16:57:15.659+0600] {logging_mixin.py:190} INFO - Dataframe is inserted successfully!
[2025-02-11T16:57:15.659+0600] {logging_mixin.py:190} INFO - Insert Time: 0.006799459457397461 seconds.
[2025-02-11T16:57:15.660+0600] {python.py:240} INFO - Done. Returned value was: None
[2025-02-11T16:57:15.681+0600] {taskinstance.py:340} INFO - ::group::Post task execution logs
[2025-02-11T16:57:15.681+0600] {taskinstance.py:352} INFO - Marking task as SUCCESS. dag_id=e2e_data_loading_to_pg_dag, task_id=load_df_task, run_id=manual__2025-02-11T10:57:03.395937+00:00, execution_date=20250211T105703, start_date=20250211T105715, end_date=20250211T105715
[2025-02-11T16:57:15.691+0600] {logging_mixin.py:190} INFO - Task instance in success state
[2025-02-11T16:57:15.692+0600] {logging_mixin.py:190} INFO -  Previous state of the Task instance: running
[2025-02-11T16:57:15.692+0600] {logging_mixin.py:190} INFO - Dag name:e2e_data_loading_to_pg_dag queued_at:2025-02-11 10:57:03.429777+00:00
[2025-02-11T16:57:15.692+0600] {logging_mixin.py:190} INFO - Task hostname:shamim-X541UV operator:PythonOperator
[2025-02-11T16:57:15.704+0600] {local_task_job_runner.py:266} INFO - Task exited with return code 0
[2025-02-11T16:57:15.740+0600] {taskinstance.py:3895} INFO - 1 downstream tasks scheduled from follow-on schedule check
[2025-02-11T16:57:15.741+0600] {local_task_job_runner.py:245} INFO - ::endgroup::
