[2025-02-11T08:59:06.137+0600] {processor.py:186} INFO - Started process (PID=5584) to work on /home/shamim/airflow_git/Airflow_project/air_venv/lib/python3.12/site-packages/airflow/example_dags/plugins/event_listener.py
[2025-02-11T08:59:06.138+0600] {processor.py:914} INFO - Processing file /home/shamim/airflow_git/Airflow_project/air_venv/lib/python3.12/site-packages/airflow/example_dags/plugins/event_listener.py for tasks to queue
[2025-02-11T08:59:06.140+0600] {logging_mixin.py:190} INFO - [2025-02-11T08:59:06.140+0600] {dagbag.py:588} INFO - Filling up the DagBag from /home/shamim/airflow_git/Airflow_project/air_venv/lib/python3.12/site-packages/airflow/example_dags/plugins/event_listener.py
[2025-02-11T08:59:06.144+0600] {processor.py:927} WARNING - No viable dags retrieved from /home/shamim/airflow_git/Airflow_project/air_venv/lib/python3.12/site-packages/airflow/example_dags/plugins/event_listener.py
[2025-02-11T08:59:06.157+0600] {processor.py:208} INFO - Processing /home/shamim/airflow_git/Airflow_project/air_venv/lib/python3.12/site-packages/airflow/example_dags/plugins/event_listener.py took 0.027 seconds
[2025-02-11T09:00:12.019+0600] {processor.py:186} INFO - Started process (PID=5774) to work on /home/shamim/airflow_git/Airflow_project/air_venv/lib/python3.12/site-packages/airflow/example_dags/plugins/event_listener.py
[2025-02-11T09:00:12.026+0600] {processor.py:914} INFO - Processing file /home/shamim/airflow_git/Airflow_project/air_venv/lib/python3.12/site-packages/airflow/example_dags/plugins/event_listener.py for tasks to queue
[2025-02-11T09:00:12.029+0600] {logging_mixin.py:190} INFO - [2025-02-11T09:00:12.028+0600] {dagbag.py:588} INFO - Filling up the DagBag from /home/shamim/airflow_git/Airflow_project/air_venv/lib/python3.12/site-packages/airflow/example_dags/plugins/event_listener.py
[2025-02-11T09:00:12.032+0600] {processor.py:927} WARNING - No viable dags retrieved from /home/shamim/airflow_git/Airflow_project/air_venv/lib/python3.12/site-packages/airflow/example_dags/plugins/event_listener.py
[2025-02-11T09:00:12.045+0600] {processor.py:208} INFO - Processing /home/shamim/airflow_git/Airflow_project/air_venv/lib/python3.12/site-packages/airflow/example_dags/plugins/event_listener.py took 0.033 seconds
[2025-02-11T09:00:54.090+0600] {processor.py:186} INFO - Started process (PID=5914) to work on /home/shamim/airflow_git/Airflow_project/air_venv/lib/python3.12/site-packages/airflow/example_dags/plugins/event_listener.py
[2025-02-11T09:00:54.104+0600] {processor.py:914} INFO - Processing file /home/shamim/airflow_git/Airflow_project/air_venv/lib/python3.12/site-packages/airflow/example_dags/plugins/event_listener.py for tasks to queue
[2025-02-11T09:00:54.107+0600] {logging_mixin.py:190} INFO - [2025-02-11T09:00:54.106+0600] {dagbag.py:588} INFO - Filling up the DagBag from /home/shamim/airflow_git/Airflow_project/air_venv/lib/python3.12/site-packages/airflow/example_dags/plugins/event_listener.py
[2025-02-11T09:00:54.110+0600] {processor.py:927} WARNING - No viable dags retrieved from /home/shamim/airflow_git/Airflow_project/air_venv/lib/python3.12/site-packages/airflow/example_dags/plugins/event_listener.py
[2025-02-11T09:00:54.121+0600] {processor.py:208} INFO - Processing /home/shamim/airflow_git/Airflow_project/air_venv/lib/python3.12/site-packages/airflow/example_dags/plugins/event_listener.py took 0.038 seconds
[2025-02-11T09:01:39.054+0600] {processor.py:186} INFO - Started process (PID=6088) to work on /home/shamim/airflow_git/Airflow_project/air_venv/lib/python3.12/site-packages/airflow/example_dags/plugins/event_listener.py
[2025-02-11T09:01:39.068+0600] {processor.py:914} INFO - Processing file /home/shamim/airflow_git/Airflow_project/air_venv/lib/python3.12/site-packages/airflow/example_dags/plugins/event_listener.py for tasks to queue
[2025-02-11T09:01:39.073+0600] {logging_mixin.py:190} INFO - [2025-02-11T09:01:39.072+0600] {dagbag.py:588} INFO - Filling up the DagBag from /home/shamim/airflow_git/Airflow_project/air_venv/lib/python3.12/site-packages/airflow/example_dags/plugins/event_listener.py
[2025-02-11T09:01:39.082+0600] {processor.py:927} WARNING - No viable dags retrieved from /home/shamim/airflow_git/Airflow_project/air_venv/lib/python3.12/site-packages/airflow/example_dags/plugins/event_listener.py
[2025-02-11T09:01:39.118+0600] {processor.py:208} INFO - Processing /home/shamim/airflow_git/Airflow_project/air_venv/lib/python3.12/site-packages/airflow/example_dags/plugins/event_listener.py took 0.082 seconds
[2025-02-11T09:02:22.999+0600] {processor.py:186} INFO - Started process (PID=6300) to work on /home/shamim/airflow_git/Airflow_project/air_venv/lib/python3.12/site-packages/airflow/example_dags/plugins/event_listener.py
[2025-02-11T09:02:23.001+0600] {processor.py:914} INFO - Processing file /home/shamim/airflow_git/Airflow_project/air_venv/lib/python3.12/site-packages/airflow/example_dags/plugins/event_listener.py for tasks to queue
[2025-02-11T09:02:23.004+0600] {logging_mixin.py:190} INFO - [2025-02-11T09:02:23.004+0600] {dagbag.py:588} INFO - Filling up the DagBag from /home/shamim/airflow_git/Airflow_project/air_venv/lib/python3.12/site-packages/airflow/example_dags/plugins/event_listener.py
[2025-02-11T09:02:23.008+0600] {processor.py:927} WARNING - No viable dags retrieved from /home/shamim/airflow_git/Airflow_project/air_venv/lib/python3.12/site-packages/airflow/example_dags/plugins/event_listener.py
[2025-02-11T09:02:23.020+0600] {processor.py:208} INFO - Processing /home/shamim/airflow_git/Airflow_project/air_venv/lib/python3.12/site-packages/airflow/example_dags/plugins/event_listener.py took 0.032 seconds
[2025-02-11T09:03:03.611+0600] {processor.py:186} INFO - Started process (PID=6576) to work on /home/shamim/airflow_git/Airflow_project/air_venv/lib/python3.12/site-packages/airflow/example_dags/plugins/event_listener.py
[2025-02-11T09:03:03.615+0600] {processor.py:914} INFO - Processing file /home/shamim/airflow_git/Airflow_project/air_venv/lib/python3.12/site-packages/airflow/example_dags/plugins/event_listener.py for tasks to queue
[2025-02-11T09:03:03.619+0600] {logging_mixin.py:190} INFO - [2025-02-11T09:03:03.618+0600] {dagbag.py:588} INFO - Filling up the DagBag from /home/shamim/airflow_git/Airflow_project/air_venv/lib/python3.12/site-packages/airflow/example_dags/plugins/event_listener.py
[2025-02-11T09:03:03.625+0600] {processor.py:927} WARNING - No viable dags retrieved from /home/shamim/airflow_git/Airflow_project/air_venv/lib/python3.12/site-packages/airflow/example_dags/plugins/event_listener.py
[2025-02-11T09:03:03.646+0600] {processor.py:208} INFO - Processing /home/shamim/airflow_git/Airflow_project/air_venv/lib/python3.12/site-packages/airflow/example_dags/plugins/event_listener.py took 0.048 seconds
[2025-02-11T09:03:46.378+0600] {processor.py:186} INFO - Started process (PID=6800) to work on /home/shamim/airflow_git/Airflow_project/air_venv/lib/python3.12/site-packages/airflow/example_dags/plugins/event_listener.py
[2025-02-11T09:03:46.385+0600] {processor.py:914} INFO - Processing file /home/shamim/airflow_git/Airflow_project/air_venv/lib/python3.12/site-packages/airflow/example_dags/plugins/event_listener.py for tasks to queue
[2025-02-11T09:03:46.390+0600] {logging_mixin.py:190} INFO - [2025-02-11T09:03:46.389+0600] {dagbag.py:588} INFO - Filling up the DagBag from /home/shamim/airflow_git/Airflow_project/air_venv/lib/python3.12/site-packages/airflow/example_dags/plugins/event_listener.py
[2025-02-11T09:03:46.394+0600] {processor.py:927} WARNING - No viable dags retrieved from /home/shamim/airflow_git/Airflow_project/air_venv/lib/python3.12/site-packages/airflow/example_dags/plugins/event_listener.py
[2025-02-11T09:03:46.407+0600] {processor.py:208} INFO - Processing /home/shamim/airflow_git/Airflow_project/air_venv/lib/python3.12/site-packages/airflow/example_dags/plugins/event_listener.py took 0.041 seconds
[2025-02-11T09:04:24.806+0600] {processor.py:186} INFO - Started process (PID=6924) to work on /home/shamim/airflow_git/Airflow_project/air_venv/lib/python3.12/site-packages/airflow/example_dags/plugins/event_listener.py
[2025-02-11T09:04:24.812+0600] {processor.py:914} INFO - Processing file /home/shamim/airflow_git/Airflow_project/air_venv/lib/python3.12/site-packages/airflow/example_dags/plugins/event_listener.py for tasks to queue
[2025-02-11T09:04:24.814+0600] {logging_mixin.py:190} INFO - [2025-02-11T09:04:24.813+0600] {dagbag.py:588} INFO - Filling up the DagBag from /home/shamim/airflow_git/Airflow_project/air_venv/lib/python3.12/site-packages/airflow/example_dags/plugins/event_listener.py
[2025-02-11T09:04:24.816+0600] {processor.py:927} WARNING - No viable dags retrieved from /home/shamim/airflow_git/Airflow_project/air_venv/lib/python3.12/site-packages/airflow/example_dags/plugins/event_listener.py
[2025-02-11T09:04:24.828+0600] {processor.py:208} INFO - Processing /home/shamim/airflow_git/Airflow_project/air_venv/lib/python3.12/site-packages/airflow/example_dags/plugins/event_listener.py took 0.029 seconds
[2025-02-11T09:05:03.559+0600] {processor.py:186} INFO - Started process (PID=7081) to work on /home/shamim/airflow_git/Airflow_project/air_venv/lib/python3.12/site-packages/airflow/example_dags/plugins/event_listener.py
[2025-02-11T09:05:03.564+0600] {processor.py:914} INFO - Processing file /home/shamim/airflow_git/Airflow_project/air_venv/lib/python3.12/site-packages/airflow/example_dags/plugins/event_listener.py for tasks to queue
[2025-02-11T09:05:03.566+0600] {logging_mixin.py:190} INFO - [2025-02-11T09:05:03.566+0600] {dagbag.py:588} INFO - Filling up the DagBag from /home/shamim/airflow_git/Airflow_project/air_venv/lib/python3.12/site-packages/airflow/example_dags/plugins/event_listener.py
[2025-02-11T09:05:03.570+0600] {processor.py:927} WARNING - No viable dags retrieved from /home/shamim/airflow_git/Airflow_project/air_venv/lib/python3.12/site-packages/airflow/example_dags/plugins/event_listener.py
[2025-02-11T09:05:03.581+0600] {processor.py:208} INFO - Processing /home/shamim/airflow_git/Airflow_project/air_venv/lib/python3.12/site-packages/airflow/example_dags/plugins/event_listener.py took 0.029 seconds
[2025-02-11T09:05:42.750+0600] {processor.py:186} INFO - Started process (PID=7288) to work on /home/shamim/airflow_git/Airflow_project/air_venv/lib/python3.12/site-packages/airflow/example_dags/plugins/event_listener.py
[2025-02-11T09:05:42.757+0600] {processor.py:914} INFO - Processing file /home/shamim/airflow_git/Airflow_project/air_venv/lib/python3.12/site-packages/airflow/example_dags/plugins/event_listener.py for tasks to queue
[2025-02-11T09:05:42.758+0600] {logging_mixin.py:190} INFO - [2025-02-11T09:05:42.758+0600] {dagbag.py:588} INFO - Filling up the DagBag from /home/shamim/airflow_git/Airflow_project/air_venv/lib/python3.12/site-packages/airflow/example_dags/plugins/event_listener.py
[2025-02-11T09:05:42.762+0600] {processor.py:927} WARNING - No viable dags retrieved from /home/shamim/airflow_git/Airflow_project/air_venv/lib/python3.12/site-packages/airflow/example_dags/plugins/event_listener.py
[2025-02-11T09:05:42.775+0600] {processor.py:208} INFO - Processing /home/shamim/airflow_git/Airflow_project/air_venv/lib/python3.12/site-packages/airflow/example_dags/plugins/event_listener.py took 0.032 seconds
[2025-02-11T09:06:22.855+0600] {processor.py:186} INFO - Started process (PID=7438) to work on /home/shamim/airflow_git/Airflow_project/air_venv/lib/python3.12/site-packages/airflow/example_dags/plugins/event_listener.py
[2025-02-11T09:06:22.863+0600] {processor.py:914} INFO - Processing file /home/shamim/airflow_git/Airflow_project/air_venv/lib/python3.12/site-packages/airflow/example_dags/plugins/event_listener.py for tasks to queue
[2025-02-11T09:06:22.866+0600] {logging_mixin.py:190} INFO - [2025-02-11T09:06:22.865+0600] {dagbag.py:588} INFO - Filling up the DagBag from /home/shamim/airflow_git/Airflow_project/air_venv/lib/python3.12/site-packages/airflow/example_dags/plugins/event_listener.py
[2025-02-11T09:06:22.872+0600] {processor.py:927} WARNING - No viable dags retrieved from /home/shamim/airflow_git/Airflow_project/air_venv/lib/python3.12/site-packages/airflow/example_dags/plugins/event_listener.py
[2025-02-11T09:06:22.891+0600] {processor.py:208} INFO - Processing /home/shamim/airflow_git/Airflow_project/air_venv/lib/python3.12/site-packages/airflow/example_dags/plugins/event_listener.py took 0.059 seconds
[2025-02-11T09:07:02.880+0600] {processor.py:186} INFO - Started process (PID=7653) to work on /home/shamim/airflow_git/Airflow_project/air_venv/lib/python3.12/site-packages/airflow/example_dags/plugins/event_listener.py
[2025-02-11T09:07:02.886+0600] {processor.py:914} INFO - Processing file /home/shamim/airflow_git/Airflow_project/air_venv/lib/python3.12/site-packages/airflow/example_dags/plugins/event_listener.py for tasks to queue
[2025-02-11T09:07:02.887+0600] {logging_mixin.py:190} INFO - [2025-02-11T09:07:02.887+0600] {dagbag.py:588} INFO - Filling up the DagBag from /home/shamim/airflow_git/Airflow_project/air_venv/lib/python3.12/site-packages/airflow/example_dags/plugins/event_listener.py
[2025-02-11T09:07:02.890+0600] {processor.py:927} WARNING - No viable dags retrieved from /home/shamim/airflow_git/Airflow_project/air_venv/lib/python3.12/site-packages/airflow/example_dags/plugins/event_listener.py
[2025-02-11T09:07:02.901+0600] {processor.py:208} INFO - Processing /home/shamim/airflow_git/Airflow_project/air_venv/lib/python3.12/site-packages/airflow/example_dags/plugins/event_listener.py took 0.028 seconds
[2025-02-11T09:07:45.222+0600] {processor.py:186} INFO - Started process (PID=7952) to work on /home/shamim/airflow_git/Airflow_project/air_venv/lib/python3.12/site-packages/airflow/example_dags/plugins/event_listener.py
[2025-02-11T09:07:45.223+0600] {processor.py:914} INFO - Processing file /home/shamim/airflow_git/Airflow_project/air_venv/lib/python3.12/site-packages/airflow/example_dags/plugins/event_listener.py for tasks to queue
[2025-02-11T09:07:45.225+0600] {logging_mixin.py:190} INFO - [2025-02-11T09:07:45.225+0600] {dagbag.py:588} INFO - Filling up the DagBag from /home/shamim/airflow_git/Airflow_project/air_venv/lib/python3.12/site-packages/airflow/example_dags/plugins/event_listener.py
[2025-02-11T09:07:45.230+0600] {processor.py:927} WARNING - No viable dags retrieved from /home/shamim/airflow_git/Airflow_project/air_venv/lib/python3.12/site-packages/airflow/example_dags/plugins/event_listener.py
[2025-02-11T09:07:45.246+0600] {processor.py:208} INFO - Processing /home/shamim/airflow_git/Airflow_project/air_venv/lib/python3.12/site-packages/airflow/example_dags/plugins/event_listener.py took 0.031 seconds
[2025-02-11T09:08:26.827+0600] {processor.py:186} INFO - Started process (PID=8184) to work on /home/shamim/airflow_git/Airflow_project/air_venv/lib/python3.12/site-packages/airflow/example_dags/plugins/event_listener.py
[2025-02-11T09:08:26.850+0600] {processor.py:914} INFO - Processing file /home/shamim/airflow_git/Airflow_project/air_venv/lib/python3.12/site-packages/airflow/example_dags/plugins/event_listener.py for tasks to queue
[2025-02-11T09:08:26.851+0600] {logging_mixin.py:190} INFO - [2025-02-11T09:08:26.851+0600] {dagbag.py:588} INFO - Filling up the DagBag from /home/shamim/airflow_git/Airflow_project/air_venv/lib/python3.12/site-packages/airflow/example_dags/plugins/event_listener.py
[2025-02-11T09:08:26.854+0600] {processor.py:927} WARNING - No viable dags retrieved from /home/shamim/airflow_git/Airflow_project/air_venv/lib/python3.12/site-packages/airflow/example_dags/plugins/event_listener.py
[2025-02-11T09:08:26.867+0600] {processor.py:208} INFO - Processing /home/shamim/airflow_git/Airflow_project/air_venv/lib/python3.12/site-packages/airflow/example_dags/plugins/event_listener.py took 0.047 seconds
[2025-02-11T09:09:10.147+0600] {processor.py:186} INFO - Started process (PID=8451) to work on /home/shamim/airflow_git/Airflow_project/air_venv/lib/python3.12/site-packages/airflow/example_dags/plugins/event_listener.py
[2025-02-11T09:09:11.023+0600] {processor.py:914} INFO - Processing file /home/shamim/airflow_git/Airflow_project/air_venv/lib/python3.12/site-packages/airflow/example_dags/plugins/event_listener.py for tasks to queue
[2025-02-11T09:09:11.024+0600] {logging_mixin.py:190} INFO - [2025-02-11T09:09:11.024+0600] {dagbag.py:588} INFO - Filling up the DagBag from /home/shamim/airflow_git/Airflow_project/air_venv/lib/python3.12/site-packages/airflow/example_dags/plugins/event_listener.py
[2025-02-11T09:09:11.028+0600] {processor.py:927} WARNING - No viable dags retrieved from /home/shamim/airflow_git/Airflow_project/air_venv/lib/python3.12/site-packages/airflow/example_dags/plugins/event_listener.py
[2025-02-11T09:09:11.041+0600] {processor.py:208} INFO - Processing /home/shamim/airflow_git/Airflow_project/air_venv/lib/python3.12/site-packages/airflow/example_dags/plugins/event_listener.py took 0.902 seconds
[2025-02-11T09:09:52.789+0600] {processor.py:186} INFO - Started process (PID=8692) to work on /home/shamim/airflow_git/Airflow_project/air_venv/lib/python3.12/site-packages/airflow/example_dags/plugins/event_listener.py
[2025-02-11T09:09:52.795+0600] {processor.py:914} INFO - Processing file /home/shamim/airflow_git/Airflow_project/air_venv/lib/python3.12/site-packages/airflow/example_dags/plugins/event_listener.py for tasks to queue
[2025-02-11T09:09:52.796+0600] {logging_mixin.py:190} INFO - [2025-02-11T09:09:52.796+0600] {dagbag.py:588} INFO - Filling up the DagBag from /home/shamim/airflow_git/Airflow_project/air_venv/lib/python3.12/site-packages/airflow/example_dags/plugins/event_listener.py
[2025-02-11T09:09:52.799+0600] {processor.py:927} WARNING - No viable dags retrieved from /home/shamim/airflow_git/Airflow_project/air_venv/lib/python3.12/site-packages/airflow/example_dags/plugins/event_listener.py
[2025-02-11T09:09:52.813+0600] {processor.py:208} INFO - Processing /home/shamim/airflow_git/Airflow_project/air_venv/lib/python3.12/site-packages/airflow/example_dags/plugins/event_listener.py took 0.031 seconds
[2025-02-11T09:10:33.628+0600] {processor.py:186} INFO - Started process (PID=8956) to work on /home/shamim/airflow_git/Airflow_project/air_venv/lib/python3.12/site-packages/airflow/example_dags/plugins/event_listener.py
[2025-02-11T09:10:33.635+0600] {processor.py:914} INFO - Processing file /home/shamim/airflow_git/Airflow_project/air_venv/lib/python3.12/site-packages/airflow/example_dags/plugins/event_listener.py for tasks to queue
[2025-02-11T09:10:33.637+0600] {logging_mixin.py:190} INFO - [2025-02-11T09:10:33.636+0600] {dagbag.py:588} INFO - Filling up the DagBag from /home/shamim/airflow_git/Airflow_project/air_venv/lib/python3.12/site-packages/airflow/example_dags/plugins/event_listener.py
[2025-02-11T09:10:33.642+0600] {processor.py:927} WARNING - No viable dags retrieved from /home/shamim/airflow_git/Airflow_project/air_venv/lib/python3.12/site-packages/airflow/example_dags/plugins/event_listener.py
[2025-02-11T09:10:33.655+0600] {processor.py:208} INFO - Processing /home/shamim/airflow_git/Airflow_project/air_venv/lib/python3.12/site-packages/airflow/example_dags/plugins/event_listener.py took 0.037 seconds
[2025-02-11T09:11:13.184+0600] {processor.py:186} INFO - Started process (PID=9180) to work on /home/shamim/airflow_git/Airflow_project/air_venv/lib/python3.12/site-packages/airflow/example_dags/plugins/event_listener.py
[2025-02-11T09:11:13.192+0600] {processor.py:914} INFO - Processing file /home/shamim/airflow_git/Airflow_project/air_venv/lib/python3.12/site-packages/airflow/example_dags/plugins/event_listener.py for tasks to queue
[2025-02-11T09:11:13.197+0600] {logging_mixin.py:190} INFO - [2025-02-11T09:11:13.196+0600] {dagbag.py:588} INFO - Filling up the DagBag from /home/shamim/airflow_git/Airflow_project/air_venv/lib/python3.12/site-packages/airflow/example_dags/plugins/event_listener.py
[2025-02-11T09:11:13.206+0600] {processor.py:927} WARNING - No viable dags retrieved from /home/shamim/airflow_git/Airflow_project/air_venv/lib/python3.12/site-packages/airflow/example_dags/plugins/event_listener.py
[2025-02-11T09:11:13.240+0600] {processor.py:208} INFO - Processing /home/shamim/airflow_git/Airflow_project/air_venv/lib/python3.12/site-packages/airflow/example_dags/plugins/event_listener.py took 0.077 seconds
[2025-02-11T09:11:53.352+0600] {processor.py:186} INFO - Started process (PID=9445) to work on /home/shamim/airflow_git/Airflow_project/air_venv/lib/python3.12/site-packages/airflow/example_dags/plugins/event_listener.py
[2025-02-11T09:11:53.354+0600] {processor.py:914} INFO - Processing file /home/shamim/airflow_git/Airflow_project/air_venv/lib/python3.12/site-packages/airflow/example_dags/plugins/event_listener.py for tasks to queue
[2025-02-11T09:11:53.356+0600] {logging_mixin.py:190} INFO - [2025-02-11T09:11:53.355+0600] {dagbag.py:588} INFO - Filling up the DagBag from /home/shamim/airflow_git/Airflow_project/air_venv/lib/python3.12/site-packages/airflow/example_dags/plugins/event_listener.py
[2025-02-11T09:11:53.360+0600] {processor.py:927} WARNING - No viable dags retrieved from /home/shamim/airflow_git/Airflow_project/air_venv/lib/python3.12/site-packages/airflow/example_dags/plugins/event_listener.py
[2025-02-11T09:11:53.372+0600] {processor.py:208} INFO - Processing /home/shamim/airflow_git/Airflow_project/air_venv/lib/python3.12/site-packages/airflow/example_dags/plugins/event_listener.py took 0.028 seconds
[2025-02-11T09:12:38.101+0600] {processor.py:186} INFO - Started process (PID=9720) to work on /home/shamim/airflow_git/Airflow_project/air_venv/lib/python3.12/site-packages/airflow/example_dags/plugins/event_listener.py
[2025-02-11T09:12:38.108+0600] {processor.py:914} INFO - Processing file /home/shamim/airflow_git/Airflow_project/air_venv/lib/python3.12/site-packages/airflow/example_dags/plugins/event_listener.py for tasks to queue
[2025-02-11T09:12:38.110+0600] {logging_mixin.py:190} INFO - [2025-02-11T09:12:38.109+0600] {dagbag.py:588} INFO - Filling up the DagBag from /home/shamim/airflow_git/Airflow_project/air_venv/lib/python3.12/site-packages/airflow/example_dags/plugins/event_listener.py
[2025-02-11T09:12:38.114+0600] {processor.py:927} WARNING - No viable dags retrieved from /home/shamim/airflow_git/Airflow_project/air_venv/lib/python3.12/site-packages/airflow/example_dags/plugins/event_listener.py
[2025-02-11T09:12:38.131+0600] {processor.py:208} INFO - Processing /home/shamim/airflow_git/Airflow_project/air_venv/lib/python3.12/site-packages/airflow/example_dags/plugins/event_listener.py took 0.044 seconds
[2025-02-11T09:13:18.726+0600] {processor.py:186} INFO - Started process (PID=10004) to work on /home/shamim/airflow_git/Airflow_project/air_venv/lib/python3.12/site-packages/airflow/example_dags/plugins/event_listener.py
[2025-02-11T09:13:18.727+0600] {processor.py:914} INFO - Processing file /home/shamim/airflow_git/Airflow_project/air_venv/lib/python3.12/site-packages/airflow/example_dags/plugins/event_listener.py for tasks to queue
[2025-02-11T09:13:18.729+0600] {logging_mixin.py:190} INFO - [2025-02-11T09:13:18.728+0600] {dagbag.py:588} INFO - Filling up the DagBag from /home/shamim/airflow_git/Airflow_project/air_venv/lib/python3.12/site-packages/airflow/example_dags/plugins/event_listener.py
[2025-02-11T09:13:18.732+0600] {processor.py:927} WARNING - No viable dags retrieved from /home/shamim/airflow_git/Airflow_project/air_venv/lib/python3.12/site-packages/airflow/example_dags/plugins/event_listener.py
[2025-02-11T09:13:18.747+0600] {processor.py:208} INFO - Processing /home/shamim/airflow_git/Airflow_project/air_venv/lib/python3.12/site-packages/airflow/example_dags/plugins/event_listener.py took 0.030 seconds
[2025-02-11T09:13:57.245+0600] {processor.py:186} INFO - Started process (PID=10105) to work on /home/shamim/airflow_git/Airflow_project/air_venv/lib/python3.12/site-packages/airflow/example_dags/plugins/event_listener.py
[2025-02-11T09:13:57.251+0600] {processor.py:914} INFO - Processing file /home/shamim/airflow_git/Airflow_project/air_venv/lib/python3.12/site-packages/airflow/example_dags/plugins/event_listener.py for tasks to queue
[2025-02-11T09:13:57.253+0600] {logging_mixin.py:190} INFO - [2025-02-11T09:13:57.253+0600] {dagbag.py:588} INFO - Filling up the DagBag from /home/shamim/airflow_git/Airflow_project/air_venv/lib/python3.12/site-packages/airflow/example_dags/plugins/event_listener.py
[2025-02-11T09:13:57.256+0600] {processor.py:927} WARNING - No viable dags retrieved from /home/shamim/airflow_git/Airflow_project/air_venv/lib/python3.12/site-packages/airflow/example_dags/plugins/event_listener.py
[2025-02-11T09:13:57.269+0600] {processor.py:208} INFO - Processing /home/shamim/airflow_git/Airflow_project/air_venv/lib/python3.12/site-packages/airflow/example_dags/plugins/event_listener.py took 0.032 seconds
