[2025-02-14T21:56:29.539+0600] {processor.py:186} INFO - Started process (PID=572733) to work on /home/shamim/airflow_git/Airflow_project/air_venv/lib/python3.12/site-packages/airflow/example_dags/example_bash_operator.py
[2025-02-14T21:56:29.540+0600] {processor.py:914} INFO - Processing file /home/shamim/airflow_git/Airflow_project/air_venv/lib/python3.12/site-packages/airflow/example_dags/example_bash_operator.py for tasks to queue
[2025-02-14T21:56:29.542+0600] {logging_mixin.py:190} INFO - [2025-02-14T21:56:29.542+0600] {dagbag.py:588} INFO - Filling up the DagBag from /home/shamim/airflow_git/Airflow_project/air_venv/lib/python3.12/site-packages/airflow/example_dags/example_bash_operator.py
[2025-02-14T21:56:29.570+0600] {processor.py:925} INFO - DAG(s) 'example_bash_operator' retrieved from /home/shamim/airflow_git/Airflow_project/air_venv/lib/python3.12/site-packages/airflow/example_dags/example_bash_operator.py
[2025-02-14T21:56:29.808+0600] {logging_mixin.py:190} INFO - [2025-02-14T21:56:29.807+0600] {dag.py:3239} INFO - Sync 1 DAGs
[2025-02-14T21:56:29.853+0600] {logging_mixin.py:190} INFO - [2025-02-14T21:56:29.853+0600] {dag.py:4180} INFO - Setting next_dagrun for example_bash_operator to 2025-02-13 00:00:00+00:00, run_after=2025-02-14 00:00:00+00:00
[2025-02-14T21:56:29.885+0600] {processor.py:208} INFO - Processing /home/shamim/airflow_git/Airflow_project/air_venv/lib/python3.12/site-packages/airflow/example_dags/example_bash_operator.py took 0.360 seconds
[2025-02-14T21:57:00.145+0600] {processor.py:186} INFO - Started process (PID=573142) to work on /home/shamim/airflow_git/Airflow_project/air_venv/lib/python3.12/site-packages/airflow/example_dags/example_bash_operator.py
[2025-02-14T21:57:00.146+0600] {processor.py:914} INFO - Processing file /home/shamim/airflow_git/Airflow_project/air_venv/lib/python3.12/site-packages/airflow/example_dags/example_bash_operator.py for tasks to queue
[2025-02-14T21:57:00.147+0600] {logging_mixin.py:190} INFO - [2025-02-14T21:57:00.147+0600] {dagbag.py:588} INFO - Filling up the DagBag from /home/shamim/airflow_git/Airflow_project/air_venv/lib/python3.12/site-packages/airflow/example_dags/example_bash_operator.py
[2025-02-14T21:57:00.165+0600] {processor.py:925} INFO - DAG(s) 'example_bash_operator' retrieved from /home/shamim/airflow_git/Airflow_project/air_venv/lib/python3.12/site-packages/airflow/example_dags/example_bash_operator.py
[2025-02-14T21:57:00.215+0600] {logging_mixin.py:190} INFO - [2025-02-14T21:57:00.215+0600] {dag.py:3239} INFO - Sync 1 DAGs
[2025-02-14T21:57:00.251+0600] {logging_mixin.py:190} INFO - [2025-02-14T21:57:00.251+0600] {dag.py:4180} INFO - Setting next_dagrun for example_bash_operator to 2025-02-13 00:00:00+00:00, run_after=2025-02-14 00:00:00+00:00
[2025-02-14T21:57:00.281+0600] {processor.py:208} INFO - Processing /home/shamim/airflow_git/Airflow_project/air_venv/lib/python3.12/site-packages/airflow/example_dags/example_bash_operator.py took 0.146 seconds
[2025-02-14T21:57:30.377+0600] {processor.py:186} INFO - Started process (PID=573555) to work on /home/shamim/airflow_git/Airflow_project/air_venv/lib/python3.12/site-packages/airflow/example_dags/example_bash_operator.py
[2025-02-14T21:57:30.378+0600] {processor.py:914} INFO - Processing file /home/shamim/airflow_git/Airflow_project/air_venv/lib/python3.12/site-packages/airflow/example_dags/example_bash_operator.py for tasks to queue
[2025-02-14T21:57:30.380+0600] {logging_mixin.py:190} INFO - [2025-02-14T21:57:30.380+0600] {dagbag.py:588} INFO - Filling up the DagBag from /home/shamim/airflow_git/Airflow_project/air_venv/lib/python3.12/site-packages/airflow/example_dags/example_bash_operator.py
[2025-02-14T21:57:30.397+0600] {processor.py:925} INFO - DAG(s) 'example_bash_operator' retrieved from /home/shamim/airflow_git/Airflow_project/air_venv/lib/python3.12/site-packages/airflow/example_dags/example_bash_operator.py
[2025-02-14T21:57:30.442+0600] {logging_mixin.py:190} INFO - [2025-02-14T21:57:30.442+0600] {dag.py:3239} INFO - Sync 1 DAGs
[2025-02-14T21:57:30.475+0600] {logging_mixin.py:190} INFO - [2025-02-14T21:57:30.475+0600] {dag.py:4180} INFO - Setting next_dagrun for example_bash_operator to 2025-02-13 00:00:00+00:00, run_after=2025-02-14 00:00:00+00:00
[2025-02-14T21:57:30.498+0600] {processor.py:208} INFO - Processing /home/shamim/airflow_git/Airflow_project/air_venv/lib/python3.12/site-packages/airflow/example_dags/example_bash_operator.py took 0.131 seconds
[2025-02-14T22:02:36.555+0600] {processor.py:186} INFO - Started process (PID=574409) to work on /home/shamim/airflow_git/Airflow_project/air_venv/lib/python3.12/site-packages/airflow/example_dags/example_bash_operator.py
[2025-02-14T22:02:36.559+0600] {processor.py:914} INFO - Processing file /home/shamim/airflow_git/Airflow_project/air_venv/lib/python3.12/site-packages/airflow/example_dags/example_bash_operator.py for tasks to queue
[2025-02-14T22:02:36.562+0600] {logging_mixin.py:190} INFO - [2025-02-14T22:02:36.561+0600] {dagbag.py:588} INFO - Filling up the DagBag from /home/shamim/airflow_git/Airflow_project/air_venv/lib/python3.12/site-packages/airflow/example_dags/example_bash_operator.py
[2025-02-14T22:02:36.579+0600] {processor.py:925} INFO - DAG(s) 'example_bash_operator' retrieved from /home/shamim/airflow_git/Airflow_project/air_venv/lib/python3.12/site-packages/airflow/example_dags/example_bash_operator.py
[2025-02-14T22:02:36.637+0600] {logging_mixin.py:190} INFO - [2025-02-14T22:02:36.636+0600] {dag.py:3239} INFO - Sync 1 DAGs
[2025-02-14T22:02:36.675+0600] {logging_mixin.py:190} INFO - [2025-02-14T22:02:36.675+0600] {dag.py:4180} INFO - Setting next_dagrun for example_bash_operator to 2025-02-13 00:00:00+00:00, run_after=2025-02-14 00:00:00+00:00
[2025-02-14T22:02:36.703+0600] {processor.py:208} INFO - Processing /home/shamim/airflow_git/Airflow_project/air_venv/lib/python3.12/site-packages/airflow/example_dags/example_bash_operator.py took 0.158 seconds
[2025-02-14T22:03:07.995+0600] {processor.py:186} INFO - Started process (PID=574864) to work on /home/shamim/airflow_git/Airflow_project/air_venv/lib/python3.12/site-packages/airflow/example_dags/example_bash_operator.py
[2025-02-14T22:03:07.996+0600] {processor.py:914} INFO - Processing file /home/shamim/airflow_git/Airflow_project/air_venv/lib/python3.12/site-packages/airflow/example_dags/example_bash_operator.py for tasks to queue
[2025-02-14T22:03:07.999+0600] {logging_mixin.py:190} INFO - [2025-02-14T22:03:07.998+0600] {dagbag.py:588} INFO - Filling up the DagBag from /home/shamim/airflow_git/Airflow_project/air_venv/lib/python3.12/site-packages/airflow/example_dags/example_bash_operator.py
[2025-02-14T22:03:08.023+0600] {processor.py:925} INFO - DAG(s) 'example_bash_operator' retrieved from /home/shamim/airflow_git/Airflow_project/air_venv/lib/python3.12/site-packages/airflow/example_dags/example_bash_operator.py
[2025-02-14T22:03:08.087+0600] {logging_mixin.py:190} INFO - [2025-02-14T22:03:08.084+0600] {dag.py:3239} INFO - Sync 1 DAGs
[2025-02-14T22:03:08.135+0600] {logging_mixin.py:190} INFO - [2025-02-14T22:03:08.134+0600] {dag.py:4180} INFO - Setting next_dagrun for example_bash_operator to 2025-02-13 00:00:00+00:00, run_after=2025-02-14 00:00:00+00:00
[2025-02-14T22:03:08.165+0600] {processor.py:208} INFO - Processing /home/shamim/airflow_git/Airflow_project/air_venv/lib/python3.12/site-packages/airflow/example_dags/example_bash_operator.py took 0.181 seconds
[2025-02-14T22:03:39.049+0600] {processor.py:186} INFO - Started process (PID=575281) to work on /home/shamim/airflow_git/Airflow_project/air_venv/lib/python3.12/site-packages/airflow/example_dags/example_bash_operator.py
[2025-02-14T22:03:39.052+0600] {processor.py:914} INFO - Processing file /home/shamim/airflow_git/Airflow_project/air_venv/lib/python3.12/site-packages/airflow/example_dags/example_bash_operator.py for tasks to queue
[2025-02-14T22:03:39.056+0600] {logging_mixin.py:190} INFO - [2025-02-14T22:03:39.055+0600] {dagbag.py:588} INFO - Filling up the DagBag from /home/shamim/airflow_git/Airflow_project/air_venv/lib/python3.12/site-packages/airflow/example_dags/example_bash_operator.py
[2025-02-14T22:03:39.088+0600] {processor.py:925} INFO - DAG(s) 'example_bash_operator' retrieved from /home/shamim/airflow_git/Airflow_project/air_venv/lib/python3.12/site-packages/airflow/example_dags/example_bash_operator.py
[2025-02-14T22:03:39.170+0600] {logging_mixin.py:190} INFO - [2025-02-14T22:03:39.169+0600] {dag.py:3239} INFO - Sync 1 DAGs
[2025-02-14T22:03:39.222+0600] {logging_mixin.py:190} INFO - [2025-02-14T22:03:39.222+0600] {dag.py:4180} INFO - Setting next_dagrun for example_bash_operator to 2025-02-13 00:00:00+00:00, run_after=2025-02-14 00:00:00+00:00
[2025-02-14T22:03:39.261+0600] {processor.py:208} INFO - Processing /home/shamim/airflow_git/Airflow_project/air_venv/lib/python3.12/site-packages/airflow/example_dags/example_bash_operator.py took 0.232 seconds
[2025-02-14T22:04:10.938+0600] {processor.py:186} INFO - Started process (PID=575701) to work on /home/shamim/airflow_git/Airflow_project/air_venv/lib/python3.12/site-packages/airflow/example_dags/example_bash_operator.py
[2025-02-14T22:04:10.939+0600] {processor.py:914} INFO - Processing file /home/shamim/airflow_git/Airflow_project/air_venv/lib/python3.12/site-packages/airflow/example_dags/example_bash_operator.py for tasks to queue
[2025-02-14T22:04:10.942+0600] {logging_mixin.py:190} INFO - [2025-02-14T22:04:10.941+0600] {dagbag.py:588} INFO - Filling up the DagBag from /home/shamim/airflow_git/Airflow_project/air_venv/lib/python3.12/site-packages/airflow/example_dags/example_bash_operator.py
[2025-02-14T22:04:10.960+0600] {processor.py:925} INFO - DAG(s) 'example_bash_operator' retrieved from /home/shamim/airflow_git/Airflow_project/air_venv/lib/python3.12/site-packages/airflow/example_dags/example_bash_operator.py
[2025-02-14T22:04:11.014+0600] {logging_mixin.py:190} INFO - [2025-02-14T22:04:11.014+0600] {dag.py:3239} INFO - Sync 1 DAGs
[2025-02-14T22:04:11.057+0600] {logging_mixin.py:190} INFO - [2025-02-14T22:04:11.056+0600] {dag.py:4180} INFO - Setting next_dagrun for example_bash_operator to 2025-02-13 00:00:00+00:00, run_after=2025-02-14 00:00:00+00:00
[2025-02-14T22:04:11.088+0600] {processor.py:208} INFO - Processing /home/shamim/airflow_git/Airflow_project/air_venv/lib/python3.12/site-packages/airflow/example_dags/example_bash_operator.py took 0.159 seconds
[2025-02-14T22:04:42.626+0600] {processor.py:186} INFO - Started process (PID=576123) to work on /home/shamim/airflow_git/Airflow_project/air_venv/lib/python3.12/site-packages/airflow/example_dags/example_bash_operator.py
[2025-02-14T22:04:42.630+0600] {processor.py:914} INFO - Processing file /home/shamim/airflow_git/Airflow_project/air_venv/lib/python3.12/site-packages/airflow/example_dags/example_bash_operator.py for tasks to queue
[2025-02-14T22:04:42.635+0600] {logging_mixin.py:190} INFO - [2025-02-14T22:04:42.634+0600] {dagbag.py:588} INFO - Filling up the DagBag from /home/shamim/airflow_git/Airflow_project/air_venv/lib/python3.12/site-packages/airflow/example_dags/example_bash_operator.py
[2025-02-14T22:04:42.664+0600] {processor.py:925} INFO - DAG(s) 'example_bash_operator' retrieved from /home/shamim/airflow_git/Airflow_project/air_venv/lib/python3.12/site-packages/airflow/example_dags/example_bash_operator.py
[2025-02-14T22:04:42.722+0600] {logging_mixin.py:190} INFO - [2025-02-14T22:04:42.721+0600] {dag.py:3239} INFO - Sync 1 DAGs
[2025-02-14T22:04:42.760+0600] {logging_mixin.py:190} INFO - [2025-02-14T22:04:42.759+0600] {dag.py:4180} INFO - Setting next_dagrun for example_bash_operator to 2025-02-13 00:00:00+00:00, run_after=2025-02-14 00:00:00+00:00
[2025-02-14T22:04:42.786+0600] {processor.py:208} INFO - Processing /home/shamim/airflow_git/Airflow_project/air_venv/lib/python3.12/site-packages/airflow/example_dags/example_bash_operator.py took 0.171 seconds
[2025-02-14T22:05:18.628+0600] {processor.py:186} INFO - Started process (PID=576708) to work on /home/shamim/airflow_git/Airflow_project/air_venv/lib/python3.12/site-packages/airflow/example_dags/example_bash_operator.py
[2025-02-14T22:05:18.632+0600] {processor.py:914} INFO - Processing file /home/shamim/airflow_git/Airflow_project/air_venv/lib/python3.12/site-packages/airflow/example_dags/example_bash_operator.py for tasks to queue
[2025-02-14T22:05:18.639+0600] {logging_mixin.py:190} INFO - [2025-02-14T22:05:18.639+0600] {dagbag.py:588} INFO - Filling up the DagBag from /home/shamim/airflow_git/Airflow_project/air_venv/lib/python3.12/site-packages/airflow/example_dags/example_bash_operator.py
[2025-02-14T22:05:18.700+0600] {processor.py:925} INFO - DAG(s) 'example_bash_operator' retrieved from /home/shamim/airflow_git/Airflow_project/air_venv/lib/python3.12/site-packages/airflow/example_dags/example_bash_operator.py
[2025-02-14T22:05:18.786+0600] {logging_mixin.py:190} INFO - [2025-02-14T22:05:18.785+0600] {dag.py:3239} INFO - Sync 1 DAGs
[2025-02-14T22:05:18.839+0600] {logging_mixin.py:190} INFO - [2025-02-14T22:05:18.838+0600] {dag.py:4180} INFO - Setting next_dagrun for example_bash_operator to 2025-02-13 00:00:00+00:00, run_after=2025-02-14 00:00:00+00:00
[2025-02-14T22:05:18.877+0600] {processor.py:208} INFO - Processing /home/shamim/airflow_git/Airflow_project/air_venv/lib/python3.12/site-packages/airflow/example_dags/example_bash_operator.py took 0.285 seconds
[2025-02-14T22:05:55.686+0600] {processor.py:186} INFO - Started process (PID=577379) to work on /home/shamim/airflow_git/Airflow_project/air_venv/lib/python3.12/site-packages/airflow/example_dags/example_bash_operator.py
[2025-02-14T22:05:55.687+0600] {processor.py:914} INFO - Processing file /home/shamim/airflow_git/Airflow_project/air_venv/lib/python3.12/site-packages/airflow/example_dags/example_bash_operator.py for tasks to queue
[2025-02-14T22:05:55.691+0600] {logging_mixin.py:190} INFO - [2025-02-14T22:05:55.691+0600] {dagbag.py:588} INFO - Filling up the DagBag from /home/shamim/airflow_git/Airflow_project/air_venv/lib/python3.12/site-packages/airflow/example_dags/example_bash_operator.py
[2025-02-14T22:05:55.721+0600] {processor.py:925} INFO - DAG(s) 'example_bash_operator' retrieved from /home/shamim/airflow_git/Airflow_project/air_venv/lib/python3.12/site-packages/airflow/example_dags/example_bash_operator.py
[2025-02-14T22:05:55.803+0600] {logging_mixin.py:190} INFO - [2025-02-14T22:05:55.803+0600] {dag.py:3239} INFO - Sync 1 DAGs
[2025-02-14T22:05:55.859+0600] {logging_mixin.py:190} INFO - [2025-02-14T22:05:55.858+0600] {dag.py:4180} INFO - Setting next_dagrun for example_bash_operator to 2025-02-13 00:00:00+00:00, run_after=2025-02-14 00:00:00+00:00
[2025-02-14T22:05:55.894+0600] {processor.py:208} INFO - Processing /home/shamim/airflow_git/Airflow_project/air_venv/lib/python3.12/site-packages/airflow/example_dags/example_bash_operator.py took 0.221 seconds
[2025-02-14T22:06:27.048+0600] {processor.py:186} INFO - Started process (PID=577919) to work on /home/shamim/airflow_git/Airflow_project/air_venv/lib/python3.12/site-packages/airflow/example_dags/example_bash_operator.py
[2025-02-14T22:06:27.050+0600] {processor.py:914} INFO - Processing file /home/shamim/airflow_git/Airflow_project/air_venv/lib/python3.12/site-packages/airflow/example_dags/example_bash_operator.py for tasks to queue
[2025-02-14T22:06:27.054+0600] {logging_mixin.py:190} INFO - [2025-02-14T22:06:27.054+0600] {dagbag.py:588} INFO - Filling up the DagBag from /home/shamim/airflow_git/Airflow_project/air_venv/lib/python3.12/site-packages/airflow/example_dags/example_bash_operator.py
[2025-02-14T22:06:27.100+0600] {processor.py:925} INFO - DAG(s) 'example_bash_operator' retrieved from /home/shamim/airflow_git/Airflow_project/air_venv/lib/python3.12/site-packages/airflow/example_dags/example_bash_operator.py
[2025-02-14T22:06:27.234+0600] {logging_mixin.py:190} INFO - [2025-02-14T22:06:27.234+0600] {dag.py:3239} INFO - Sync 1 DAGs
[2025-02-14T22:06:27.301+0600] {logging_mixin.py:190} INFO - [2025-02-14T22:06:27.301+0600] {dag.py:4180} INFO - Setting next_dagrun for example_bash_operator to 2025-02-13 00:00:00+00:00, run_after=2025-02-14 00:00:00+00:00
[2025-02-14T22:06:27.345+0600] {processor.py:208} INFO - Processing /home/shamim/airflow_git/Airflow_project/air_venv/lib/python3.12/site-packages/airflow/example_dags/example_bash_operator.py took 0.313 seconds
[2025-02-14T22:06:58.290+0600] {processor.py:186} INFO - Started process (PID=578352) to work on /home/shamim/airflow_git/Airflow_project/air_venv/lib/python3.12/site-packages/airflow/example_dags/example_bash_operator.py
[2025-02-14T22:06:58.291+0600] {processor.py:914} INFO - Processing file /home/shamim/airflow_git/Airflow_project/air_venv/lib/python3.12/site-packages/airflow/example_dags/example_bash_operator.py for tasks to queue
[2025-02-14T22:06:58.295+0600] {logging_mixin.py:190} INFO - [2025-02-14T22:06:58.294+0600] {dagbag.py:588} INFO - Filling up the DagBag from /home/shamim/airflow_git/Airflow_project/air_venv/lib/python3.12/site-packages/airflow/example_dags/example_bash_operator.py
[2025-02-14T22:06:58.318+0600] {processor.py:925} INFO - DAG(s) 'example_bash_operator' retrieved from /home/shamim/airflow_git/Airflow_project/air_venv/lib/python3.12/site-packages/airflow/example_dags/example_bash_operator.py
[2025-02-14T22:06:58.377+0600] {logging_mixin.py:190} INFO - [2025-02-14T22:06:58.377+0600] {dag.py:3239} INFO - Sync 1 DAGs
[2025-02-14T22:06:58.416+0600] {logging_mixin.py:190} INFO - [2025-02-14T22:06:58.415+0600] {dag.py:4180} INFO - Setting next_dagrun for example_bash_operator to 2025-02-13 00:00:00+00:00, run_after=2025-02-14 00:00:00+00:00
[2025-02-14T22:06:58.446+0600] {processor.py:208} INFO - Processing /home/shamim/airflow_git/Airflow_project/air_venv/lib/python3.12/site-packages/airflow/example_dags/example_bash_operator.py took 0.167 seconds
[2025-02-14T22:07:30.187+0600] {processor.py:186} INFO - Started process (PID=578830) to work on /home/shamim/airflow_git/Airflow_project/air_venv/lib/python3.12/site-packages/airflow/example_dags/example_bash_operator.py
[2025-02-14T22:07:30.189+0600] {processor.py:914} INFO - Processing file /home/shamim/airflow_git/Airflow_project/air_venv/lib/python3.12/site-packages/airflow/example_dags/example_bash_operator.py for tasks to queue
[2025-02-14T22:07:30.192+0600] {logging_mixin.py:190} INFO - [2025-02-14T22:07:30.191+0600] {dagbag.py:588} INFO - Filling up the DagBag from /home/shamim/airflow_git/Airflow_project/air_venv/lib/python3.12/site-packages/airflow/example_dags/example_bash_operator.py
[2025-02-14T22:07:30.218+0600] {processor.py:925} INFO - DAG(s) 'example_bash_operator' retrieved from /home/shamim/airflow_git/Airflow_project/air_venv/lib/python3.12/site-packages/airflow/example_dags/example_bash_operator.py
[2025-02-14T22:07:30.288+0600] {logging_mixin.py:190} INFO - [2025-02-14T22:07:30.288+0600] {dag.py:3239} INFO - Sync 1 DAGs
[2025-02-14T22:07:30.331+0600] {logging_mixin.py:190} INFO - [2025-02-14T22:07:30.331+0600] {dag.py:4180} INFO - Setting next_dagrun for example_bash_operator to 2025-02-13 00:00:00+00:00, run_after=2025-02-14 00:00:00+00:00
[2025-02-14T22:07:30.359+0600] {processor.py:208} INFO - Processing /home/shamim/airflow_git/Airflow_project/air_venv/lib/python3.12/site-packages/airflow/example_dags/example_bash_operator.py took 0.183 seconds
[2025-02-14T22:08:01.885+0600] {processor.py:186} INFO - Started process (PID=579385) to work on /home/shamim/airflow_git/Airflow_project/air_venv/lib/python3.12/site-packages/airflow/example_dags/example_bash_operator.py
[2025-02-14T22:08:01.887+0600] {processor.py:914} INFO - Processing file /home/shamim/airflow_git/Airflow_project/air_venv/lib/python3.12/site-packages/airflow/example_dags/example_bash_operator.py for tasks to queue
[2025-02-14T22:08:01.893+0600] {logging_mixin.py:190} INFO - [2025-02-14T22:08:01.891+0600] {dagbag.py:588} INFO - Filling up the DagBag from /home/shamim/airflow_git/Airflow_project/air_venv/lib/python3.12/site-packages/airflow/example_dags/example_bash_operator.py
[2025-02-14T22:08:01.937+0600] {processor.py:925} INFO - DAG(s) 'example_bash_operator' retrieved from /home/shamim/airflow_git/Airflow_project/air_venv/lib/python3.12/site-packages/airflow/example_dags/example_bash_operator.py
[2025-02-14T22:08:02.033+0600] {logging_mixin.py:190} INFO - [2025-02-14T22:08:02.032+0600] {dag.py:3239} INFO - Sync 1 DAGs
[2025-02-14T22:08:02.081+0600] {logging_mixin.py:190} INFO - [2025-02-14T22:08:02.081+0600] {dag.py:4180} INFO - Setting next_dagrun for example_bash_operator to 2025-02-13 00:00:00+00:00, run_after=2025-02-14 00:00:00+00:00
[2025-02-14T22:08:02.112+0600] {processor.py:208} INFO - Processing /home/shamim/airflow_git/Airflow_project/air_venv/lib/python3.12/site-packages/airflow/example_dags/example_bash_operator.py took 0.246 seconds
[2025-02-14T22:08:35.035+0600] {processor.py:186} INFO - Started process (PID=579854) to work on /home/shamim/airflow_git/Airflow_project/air_venv/lib/python3.12/site-packages/airflow/example_dags/example_bash_operator.py
[2025-02-14T22:08:35.067+0600] {processor.py:914} INFO - Processing file /home/shamim/airflow_git/Airflow_project/air_venv/lib/python3.12/site-packages/airflow/example_dags/example_bash_operator.py for tasks to queue
[2025-02-14T22:08:35.076+0600] {logging_mixin.py:190} INFO - [2025-02-14T22:08:35.075+0600] {dagbag.py:588} INFO - Filling up the DagBag from /home/shamim/airflow_git/Airflow_project/air_venv/lib/python3.12/site-packages/airflow/example_dags/example_bash_operator.py
[2025-02-14T22:08:35.110+0600] {processor.py:925} INFO - DAG(s) 'example_bash_operator' retrieved from /home/shamim/airflow_git/Airflow_project/air_venv/lib/python3.12/site-packages/airflow/example_dags/example_bash_operator.py
[2025-02-14T22:08:35.173+0600] {logging_mixin.py:190} INFO - [2025-02-14T22:08:35.173+0600] {dag.py:3239} INFO - Sync 1 DAGs
[2025-02-14T22:08:35.206+0600] {logging_mixin.py:190} INFO - [2025-02-14T22:08:35.206+0600] {dag.py:4180} INFO - Setting next_dagrun for example_bash_operator to 2025-02-13 00:00:00+00:00, run_after=2025-02-14 00:00:00+00:00
[2025-02-14T22:08:35.257+0600] {processor.py:208} INFO - Processing /home/shamim/airflow_git/Airflow_project/air_venv/lib/python3.12/site-packages/airflow/example_dags/example_bash_operator.py took 0.244 seconds
[2025-02-14T22:09:05.459+0600] {processor.py:186} INFO - Started process (PID=580272) to work on /home/shamim/airflow_git/Airflow_project/air_venv/lib/python3.12/site-packages/airflow/example_dags/example_bash_operator.py
[2025-02-14T22:09:05.464+0600] {processor.py:914} INFO - Processing file /home/shamim/airflow_git/Airflow_project/air_venv/lib/python3.12/site-packages/airflow/example_dags/example_bash_operator.py for tasks to queue
[2025-02-14T22:09:05.467+0600] {logging_mixin.py:190} INFO - [2025-02-14T22:09:05.466+0600] {dagbag.py:588} INFO - Filling up the DagBag from /home/shamim/airflow_git/Airflow_project/air_venv/lib/python3.12/site-packages/airflow/example_dags/example_bash_operator.py
[2025-02-14T22:09:05.502+0600] {processor.py:925} INFO - DAG(s) 'example_bash_operator' retrieved from /home/shamim/airflow_git/Airflow_project/air_venv/lib/python3.12/site-packages/airflow/example_dags/example_bash_operator.py
[2025-02-14T22:09:05.559+0600] {logging_mixin.py:190} INFO - [2025-02-14T22:09:05.558+0600] {dag.py:3239} INFO - Sync 1 DAGs
[2025-02-14T22:09:05.593+0600] {logging_mixin.py:190} INFO - [2025-02-14T22:09:05.592+0600] {dag.py:4180} INFO - Setting next_dagrun for example_bash_operator to 2025-02-13 00:00:00+00:00, run_after=2025-02-14 00:00:00+00:00
[2025-02-14T22:09:05.619+0600] {processor.py:208} INFO - Processing /home/shamim/airflow_git/Airflow_project/air_venv/lib/python3.12/site-packages/airflow/example_dags/example_bash_operator.py took 0.182 seconds
[2025-02-14T22:09:37.273+0600] {processor.py:186} INFO - Started process (PID=580825) to work on /home/shamim/airflow_git/Airflow_project/air_venv/lib/python3.12/site-packages/airflow/example_dags/example_bash_operator.py
[2025-02-14T22:09:37.275+0600] {processor.py:914} INFO - Processing file /home/shamim/airflow_git/Airflow_project/air_venv/lib/python3.12/site-packages/airflow/example_dags/example_bash_operator.py for tasks to queue
[2025-02-14T22:09:37.277+0600] {logging_mixin.py:190} INFO - [2025-02-14T22:09:37.277+0600] {dagbag.py:588} INFO - Filling up the DagBag from /home/shamim/airflow_git/Airflow_project/air_venv/lib/python3.12/site-packages/airflow/example_dags/example_bash_operator.py
[2025-02-14T22:09:37.308+0600] {processor.py:925} INFO - DAG(s) 'example_bash_operator' retrieved from /home/shamim/airflow_git/Airflow_project/air_venv/lib/python3.12/site-packages/airflow/example_dags/example_bash_operator.py
[2025-02-14T22:09:37.402+0600] {logging_mixin.py:190} INFO - [2025-02-14T22:09:37.402+0600] {dag.py:3239} INFO - Sync 1 DAGs
[2025-02-14T22:09:37.448+0600] {logging_mixin.py:190} INFO - [2025-02-14T22:09:37.448+0600] {dag.py:4180} INFO - Setting next_dagrun for example_bash_operator to 2025-02-13 00:00:00+00:00, run_after=2025-02-14 00:00:00+00:00
[2025-02-14T22:09:37.486+0600] {processor.py:208} INFO - Processing /home/shamim/airflow_git/Airflow_project/air_venv/lib/python3.12/site-packages/airflow/example_dags/example_bash_operator.py took 0.225 seconds
[2025-02-14T22:10:07.976+0600] {processor.py:186} INFO - Started process (PID=581268) to work on /home/shamim/airflow_git/Airflow_project/air_venv/lib/python3.12/site-packages/airflow/example_dags/example_bash_operator.py
[2025-02-14T22:10:07.977+0600] {processor.py:914} INFO - Processing file /home/shamim/airflow_git/Airflow_project/air_venv/lib/python3.12/site-packages/airflow/example_dags/example_bash_operator.py for tasks to queue
[2025-02-14T22:10:07.979+0600] {logging_mixin.py:190} INFO - [2025-02-14T22:10:07.979+0600] {dagbag.py:588} INFO - Filling up the DagBag from /home/shamim/airflow_git/Airflow_project/air_venv/lib/python3.12/site-packages/airflow/example_dags/example_bash_operator.py
[2025-02-14T22:10:08.003+0600] {processor.py:925} INFO - DAG(s) 'example_bash_operator' retrieved from /home/shamim/airflow_git/Airflow_project/air_venv/lib/python3.12/site-packages/airflow/example_dags/example_bash_operator.py
[2025-02-14T22:10:08.074+0600] {logging_mixin.py:190} INFO - [2025-02-14T22:10:08.074+0600] {dag.py:3239} INFO - Sync 1 DAGs
[2025-02-14T22:10:08.120+0600] {logging_mixin.py:190} INFO - [2025-02-14T22:10:08.120+0600] {dag.py:4180} INFO - Setting next_dagrun for example_bash_operator to 2025-02-13 00:00:00+00:00, run_after=2025-02-14 00:00:00+00:00
[2025-02-14T22:10:08.159+0600] {processor.py:208} INFO - Processing /home/shamim/airflow_git/Airflow_project/air_venv/lib/python3.12/site-packages/airflow/example_dags/example_bash_operator.py took 0.194 seconds
