[2025-02-14T21:56:19.952+0600] {processor.py:186} INFO - Started process (PID=572542) to work on /home/shamim/airflow_git/Airflow_project/air_venv/lib/python3.12/site-packages/airflow/example_dags/example_sla_dag.py
[2025-02-14T21:56:19.954+0600] {processor.py:914} INFO - Processing file /home/shamim/airflow_git/Airflow_project/air_venv/lib/python3.12/site-packages/airflow/example_dags/example_sla_dag.py for tasks to queue
[2025-02-14T21:56:19.956+0600] {logging_mixin.py:190} INFO - [2025-02-14T21:56:19.955+0600] {dagbag.py:588} INFO - Filling up the DagBag from /home/shamim/airflow_git/Airflow_project/air_venv/lib/python3.12/site-packages/airflow/example_dags/example_sla_dag.py
[2025-02-14T21:56:19.978+0600] {processor.py:925} INFO - DAG(s) 'example_sla_dag' retrieved from /home/shamim/airflow_git/Airflow_project/air_venv/lib/python3.12/site-packages/airflow/example_dags/example_sla_dag.py
[2025-02-14T21:56:20.209+0600] {logging_mixin.py:190} INFO - [2025-02-14T21:56:20.208+0600] {dag.py:3239} INFO - Sync 1 DAGs
[2025-02-14T21:56:20.252+0600] {logging_mixin.py:190} INFO - [2025-02-14T21:56:20.252+0600] {dag.py:4180} INFO - Setting next_dagrun for example_sla_dag to 2025-02-14 15:54:00+00:00, run_after=2025-02-14 15:56:00+00:00
[2025-02-14T21:56:20.281+0600] {processor.py:208} INFO - Processing /home/shamim/airflow_git/Airflow_project/air_venv/lib/python3.12/site-packages/airflow/example_dags/example_sla_dag.py took 0.345 seconds
[2025-02-14T21:56:50.436+0600] {processor.py:186} INFO - Started process (PID=572957) to work on /home/shamim/airflow_git/Airflow_project/air_venv/lib/python3.12/site-packages/airflow/example_dags/example_sla_dag.py
[2025-02-14T21:56:50.436+0600] {processor.py:914} INFO - Processing file /home/shamim/airflow_git/Airflow_project/air_venv/lib/python3.12/site-packages/airflow/example_dags/example_sla_dag.py for tasks to queue
[2025-02-14T21:56:50.438+0600] {logging_mixin.py:190} INFO - [2025-02-14T21:56:50.437+0600] {dagbag.py:588} INFO - Filling up the DagBag from /home/shamim/airflow_git/Airflow_project/air_venv/lib/python3.12/site-packages/airflow/example_dags/example_sla_dag.py
[2025-02-14T21:56:50.452+0600] {processor.py:925} INFO - DAG(s) 'example_sla_dag' retrieved from /home/shamim/airflow_git/Airflow_project/air_venv/lib/python3.12/site-packages/airflow/example_dags/example_sla_dag.py
[2025-02-14T21:56:50.490+0600] {logging_mixin.py:190} INFO - [2025-02-14T21:56:50.489+0600] {dag.py:3239} INFO - Sync 1 DAGs
[2025-02-14T21:56:50.535+0600] {logging_mixin.py:190} INFO - [2025-02-14T21:56:50.535+0600] {dag.py:4180} INFO - Setting next_dagrun for example_sla_dag to 2025-02-14 15:54:00+00:00, run_after=2025-02-14 15:56:00+00:00
[2025-02-14T21:56:50.555+0600] {processor.py:208} INFO - Processing /home/shamim/airflow_git/Airflow_project/air_venv/lib/python3.12/site-packages/airflow/example_dags/example_sla_dag.py took 0.131 seconds
[2025-02-14T21:57:21.044+0600] {processor.py:186} INFO - Started process (PID=573353) to work on /home/shamim/airflow_git/Airflow_project/air_venv/lib/python3.12/site-packages/airflow/example_dags/example_sla_dag.py
[2025-02-14T21:57:21.045+0600] {processor.py:914} INFO - Processing file /home/shamim/airflow_git/Airflow_project/air_venv/lib/python3.12/site-packages/airflow/example_dags/example_sla_dag.py for tasks to queue
[2025-02-14T21:57:21.046+0600] {logging_mixin.py:190} INFO - [2025-02-14T21:57:21.046+0600] {dagbag.py:588} INFO - Filling up the DagBag from /home/shamim/airflow_git/Airflow_project/air_venv/lib/python3.12/site-packages/airflow/example_dags/example_sla_dag.py
[2025-02-14T21:57:21.062+0600] {processor.py:925} INFO - DAG(s) 'example_sla_dag' retrieved from /home/shamim/airflow_git/Airflow_project/air_venv/lib/python3.12/site-packages/airflow/example_dags/example_sla_dag.py
[2025-02-14T21:57:21.117+0600] {logging_mixin.py:190} INFO - [2025-02-14T21:57:21.117+0600] {dag.py:3239} INFO - Sync 1 DAGs
[2025-02-14T21:57:21.179+0600] {logging_mixin.py:190} INFO - [2025-02-14T21:57:21.178+0600] {dag.py:4180} INFO - Setting next_dagrun for example_sla_dag to 2025-02-14 15:54:00+00:00, run_after=2025-02-14 15:56:00+00:00
[2025-02-14T21:57:21.246+0600] {processor.py:208} INFO - Processing /home/shamim/airflow_git/Airflow_project/air_venv/lib/python3.12/site-packages/airflow/example_dags/example_sla_dag.py took 0.214 seconds
[2025-02-14T22:02:32.581+0600] {processor.py:186} INFO - Started process (PID=574223) to work on /home/shamim/airflow_git/Airflow_project/air_venv/lib/python3.12/site-packages/airflow/example_dags/example_sla_dag.py
[2025-02-14T22:02:32.583+0600] {processor.py:914} INFO - Processing file /home/shamim/airflow_git/Airflow_project/air_venv/lib/python3.12/site-packages/airflow/example_dags/example_sla_dag.py for tasks to queue
[2025-02-14T22:02:32.587+0600] {logging_mixin.py:190} INFO - [2025-02-14T22:02:32.586+0600] {dagbag.py:588} INFO - Filling up the DagBag from /home/shamim/airflow_git/Airflow_project/air_venv/lib/python3.12/site-packages/airflow/example_dags/example_sla_dag.py
[2025-02-14T22:02:32.603+0600] {processor.py:925} INFO - DAG(s) 'example_sla_dag' retrieved from /home/shamim/airflow_git/Airflow_project/air_venv/lib/python3.12/site-packages/airflow/example_dags/example_sla_dag.py
[2025-02-14T22:02:32.650+0600] {logging_mixin.py:190} INFO - [2025-02-14T22:02:32.650+0600] {dag.py:3239} INFO - Sync 1 DAGs
[2025-02-14T22:02:32.689+0600] {logging_mixin.py:190} INFO - [2025-02-14T22:02:32.689+0600] {dag.py:4180} INFO - Setting next_dagrun for example_sla_dag to 2025-02-14 16:00:00+00:00, run_after=2025-02-14 16:02:00+00:00
[2025-02-14T22:02:32.713+0600] {processor.py:208} INFO - Processing /home/shamim/airflow_git/Airflow_project/air_venv/lib/python3.12/site-packages/airflow/example_dags/example_sla_dag.py took 0.140 seconds
[2025-02-14T22:03:03.565+0600] {processor.py:186} INFO - Started process (PID=574677) to work on /home/shamim/airflow_git/Airflow_project/air_venv/lib/python3.12/site-packages/airflow/example_dags/example_sla_dag.py
[2025-02-14T22:03:03.566+0600] {processor.py:914} INFO - Processing file /home/shamim/airflow_git/Airflow_project/air_venv/lib/python3.12/site-packages/airflow/example_dags/example_sla_dag.py for tasks to queue
[2025-02-14T22:03:03.569+0600] {logging_mixin.py:190} INFO - [2025-02-14T22:03:03.568+0600] {dagbag.py:588} INFO - Filling up the DagBag from /home/shamim/airflow_git/Airflow_project/air_venv/lib/python3.12/site-packages/airflow/example_dags/example_sla_dag.py
[2025-02-14T22:03:03.587+0600] {processor.py:925} INFO - DAG(s) 'example_sla_dag' retrieved from /home/shamim/airflow_git/Airflow_project/air_venv/lib/python3.12/site-packages/airflow/example_dags/example_sla_dag.py
[2025-02-14T22:03:03.631+0600] {logging_mixin.py:190} INFO - [2025-02-14T22:03:03.631+0600] {dag.py:3239} INFO - Sync 1 DAGs
[2025-02-14T22:03:03.675+0600] {logging_mixin.py:190} INFO - [2025-02-14T22:03:03.675+0600] {dag.py:4180} INFO - Setting next_dagrun for example_sla_dag to 2025-02-14 16:00:00+00:00, run_after=2025-02-14 16:02:00+00:00
[2025-02-14T22:03:03.702+0600] {processor.py:208} INFO - Processing /home/shamim/airflow_git/Airflow_project/air_venv/lib/python3.12/site-packages/airflow/example_dags/example_sla_dag.py took 0.145 seconds
[2025-02-14T22:03:33.778+0600] {processor.py:186} INFO - Started process (PID=575095) to work on /home/shamim/airflow_git/Airflow_project/air_venv/lib/python3.12/site-packages/airflow/example_dags/example_sla_dag.py
[2025-02-14T22:03:33.779+0600] {processor.py:914} INFO - Processing file /home/shamim/airflow_git/Airflow_project/air_venv/lib/python3.12/site-packages/airflow/example_dags/example_sla_dag.py for tasks to queue
[2025-02-14T22:03:33.782+0600] {logging_mixin.py:190} INFO - [2025-02-14T22:03:33.781+0600] {dagbag.py:588} INFO - Filling up the DagBag from /home/shamim/airflow_git/Airflow_project/air_venv/lib/python3.12/site-packages/airflow/example_dags/example_sla_dag.py
[2025-02-14T22:03:33.796+0600] {processor.py:925} INFO - DAG(s) 'example_sla_dag' retrieved from /home/shamim/airflow_git/Airflow_project/air_venv/lib/python3.12/site-packages/airflow/example_dags/example_sla_dag.py
[2025-02-14T22:03:33.834+0600] {logging_mixin.py:190} INFO - [2025-02-14T22:03:33.834+0600] {dag.py:3239} INFO - Sync 1 DAGs
[2025-02-14T22:03:33.877+0600] {logging_mixin.py:190} INFO - [2025-02-14T22:03:33.877+0600] {dag.py:4180} INFO - Setting next_dagrun for example_sla_dag to 2025-02-14 16:00:00+00:00, run_after=2025-02-14 16:02:00+00:00
[2025-02-14T22:03:33.900+0600] {processor.py:208} INFO - Processing /home/shamim/airflow_git/Airflow_project/air_venv/lib/python3.12/site-packages/airflow/example_dags/example_sla_dag.py took 0.130 seconds
[2025-02-14T22:04:04.465+0600] {processor.py:186} INFO - Started process (PID=575513) to work on /home/shamim/airflow_git/Airflow_project/air_venv/lib/python3.12/site-packages/airflow/example_dags/example_sla_dag.py
[2025-02-14T22:04:04.470+0600] {processor.py:914} INFO - Processing file /home/shamim/airflow_git/Airflow_project/air_venv/lib/python3.12/site-packages/airflow/example_dags/example_sla_dag.py for tasks to queue
[2025-02-14T22:04:04.474+0600] {logging_mixin.py:190} INFO - [2025-02-14T22:04:04.473+0600] {dagbag.py:588} INFO - Filling up the DagBag from /home/shamim/airflow_git/Airflow_project/air_venv/lib/python3.12/site-packages/airflow/example_dags/example_sla_dag.py
[2025-02-14T22:04:04.492+0600] {processor.py:925} INFO - DAG(s) 'example_sla_dag' retrieved from /home/shamim/airflow_git/Airflow_project/air_venv/lib/python3.12/site-packages/airflow/example_dags/example_sla_dag.py
[2025-02-14T22:04:04.545+0600] {logging_mixin.py:190} INFO - [2025-02-14T22:04:04.544+0600] {dag.py:3239} INFO - Sync 1 DAGs
[2025-02-14T22:04:04.588+0600] {logging_mixin.py:190} INFO - [2025-02-14T22:04:04.588+0600] {dag.py:4180} INFO - Setting next_dagrun for example_sla_dag to 2025-02-14 16:02:00+00:00, run_after=2025-02-14 16:04:00+00:00
[2025-02-14T22:04:04.615+0600] {processor.py:208} INFO - Processing /home/shamim/airflow_git/Airflow_project/air_venv/lib/python3.12/site-packages/airflow/example_dags/example_sla_dag.py took 0.160 seconds
[2025-02-14T22:04:35.193+0600] {processor.py:186} INFO - Started process (PID=575938) to work on /home/shamim/airflow_git/Airflow_project/air_venv/lib/python3.12/site-packages/airflow/example_dags/example_sla_dag.py
[2025-02-14T22:04:35.194+0600] {processor.py:914} INFO - Processing file /home/shamim/airflow_git/Airflow_project/air_venv/lib/python3.12/site-packages/airflow/example_dags/example_sla_dag.py for tasks to queue
[2025-02-14T22:04:35.198+0600] {logging_mixin.py:190} INFO - [2025-02-14T22:04:35.197+0600] {dagbag.py:588} INFO - Filling up the DagBag from /home/shamim/airflow_git/Airflow_project/air_venv/lib/python3.12/site-packages/airflow/example_dags/example_sla_dag.py
[2025-02-14T22:04:35.221+0600] {processor.py:925} INFO - DAG(s) 'example_sla_dag' retrieved from /home/shamim/airflow_git/Airflow_project/air_venv/lib/python3.12/site-packages/airflow/example_dags/example_sla_dag.py
[2025-02-14T22:04:35.285+0600] {logging_mixin.py:190} INFO - [2025-02-14T22:04:35.285+0600] {dag.py:3239} INFO - Sync 1 DAGs
[2025-02-14T22:04:35.356+0600] {logging_mixin.py:190} INFO - [2025-02-14T22:04:35.354+0600] {dag.py:4180} INFO - Setting next_dagrun for example_sla_dag to 2025-02-14 16:02:00+00:00, run_after=2025-02-14 16:04:00+00:00
[2025-02-14T22:04:35.396+0600] {processor.py:208} INFO - Processing /home/shamim/airflow_git/Airflow_project/air_venv/lib/python3.12/site-packages/airflow/example_dags/example_sla_dag.py took 0.218 seconds
[2025-02-14T22:05:06.277+0600] {processor.py:186} INFO - Started process (PID=576351) to work on /home/shamim/airflow_git/Airflow_project/air_venv/lib/python3.12/site-packages/airflow/example_dags/example_sla_dag.py
[2025-02-14T22:05:06.278+0600] {processor.py:914} INFO - Processing file /home/shamim/airflow_git/Airflow_project/air_venv/lib/python3.12/site-packages/airflow/example_dags/example_sla_dag.py for tasks to queue
[2025-02-14T22:05:06.281+0600] {logging_mixin.py:190} INFO - [2025-02-14T22:05:06.281+0600] {dagbag.py:588} INFO - Filling up the DagBag from /home/shamim/airflow_git/Airflow_project/air_venv/lib/python3.12/site-packages/airflow/example_dags/example_sla_dag.py
[2025-02-14T22:05:06.296+0600] {processor.py:925} INFO - DAG(s) 'example_sla_dag' retrieved from /home/shamim/airflow_git/Airflow_project/air_venv/lib/python3.12/site-packages/airflow/example_dags/example_sla_dag.py
[2025-02-14T22:05:06.341+0600] {logging_mixin.py:190} INFO - [2025-02-14T22:05:06.340+0600] {dag.py:3239} INFO - Sync 1 DAGs
[2025-02-14T22:05:06.391+0600] {logging_mixin.py:190} INFO - [2025-02-14T22:05:06.391+0600] {dag.py:4180} INFO - Setting next_dagrun for example_sla_dag to 2025-02-14 16:02:00+00:00, run_after=2025-02-14 16:04:00+00:00
[2025-02-14T22:05:06.423+0600] {processor.py:208} INFO - Processing /home/shamim/airflow_git/Airflow_project/air_venv/lib/python3.12/site-packages/airflow/example_dags/example_sla_dag.py took 0.154 seconds
[2025-02-14T22:05:43.743+0600] {processor.py:186} INFO - Started process (PID=577144) to work on /home/shamim/airflow_git/Airflow_project/air_venv/lib/python3.12/site-packages/airflow/example_dags/example_sla_dag.py
[2025-02-14T22:05:43.748+0600] {processor.py:914} INFO - Processing file /home/shamim/airflow_git/Airflow_project/air_venv/lib/python3.12/site-packages/airflow/example_dags/example_sla_dag.py for tasks to queue
[2025-02-14T22:05:43.755+0600] {logging_mixin.py:190} INFO - [2025-02-14T22:05:43.755+0600] {dagbag.py:588} INFO - Filling up the DagBag from /home/shamim/airflow_git/Airflow_project/air_venv/lib/python3.12/site-packages/airflow/example_dags/example_sla_dag.py
[2025-02-14T22:05:43.786+0600] {processor.py:925} INFO - DAG(s) 'example_sla_dag' retrieved from /home/shamim/airflow_git/Airflow_project/air_venv/lib/python3.12/site-packages/airflow/example_dags/example_sla_dag.py
[2025-02-14T22:05:43.879+0600] {logging_mixin.py:190} INFO - [2025-02-14T22:05:43.879+0600] {dag.py:3239} INFO - Sync 1 DAGs
[2025-02-14T22:05:43.950+0600] {logging_mixin.py:190} INFO - [2025-02-14T22:05:43.949+0600] {dag.py:4180} INFO - Setting next_dagrun for example_sla_dag to 2025-02-14 16:02:00+00:00, run_after=2025-02-14 16:04:00+00:00
[2025-02-14T22:05:44.034+0600] {processor.py:208} INFO - Processing /home/shamim/airflow_git/Airflow_project/air_venv/lib/python3.12/site-packages/airflow/example_dags/example_sla_dag.py took 0.316 seconds
[2025-02-14T22:06:14.764+0600] {processor.py:186} INFO - Started process (PID=577670) to work on /home/shamim/airflow_git/Airflow_project/air_venv/lib/python3.12/site-packages/airflow/example_dags/example_sla_dag.py
[2025-02-14T22:06:14.766+0600] {processor.py:914} INFO - Processing file /home/shamim/airflow_git/Airflow_project/air_venv/lib/python3.12/site-packages/airflow/example_dags/example_sla_dag.py for tasks to queue
[2025-02-14T22:06:14.771+0600] {logging_mixin.py:190} INFO - [2025-02-14T22:06:14.770+0600] {dagbag.py:588} INFO - Filling up the DagBag from /home/shamim/airflow_git/Airflow_project/air_venv/lib/python3.12/site-packages/airflow/example_dags/example_sla_dag.py
[2025-02-14T22:06:14.790+0600] {processor.py:925} INFO - DAG(s) 'example_sla_dag' retrieved from /home/shamim/airflow_git/Airflow_project/air_venv/lib/python3.12/site-packages/airflow/example_dags/example_sla_dag.py
[2025-02-14T22:06:14.836+0600] {logging_mixin.py:190} INFO - [2025-02-14T22:06:14.836+0600] {dag.py:3239} INFO - Sync 1 DAGs
[2025-02-14T22:06:14.880+0600] {logging_mixin.py:190} INFO - [2025-02-14T22:06:14.879+0600] {dag.py:4180} INFO - Setting next_dagrun for example_sla_dag to 2025-02-14 16:04:00+00:00, run_after=2025-02-14 16:06:00+00:00
[2025-02-14T22:06:14.926+0600] {processor.py:208} INFO - Processing /home/shamim/airflow_git/Airflow_project/air_venv/lib/python3.12/site-packages/airflow/example_dags/example_sla_dag.py took 0.183 seconds
[2025-02-14T22:06:45.529+0600] {processor.py:186} INFO - Started process (PID=578168) to work on /home/shamim/airflow_git/Airflow_project/air_venv/lib/python3.12/site-packages/airflow/example_dags/example_sla_dag.py
[2025-02-14T22:06:45.530+0600] {processor.py:914} INFO - Processing file /home/shamim/airflow_git/Airflow_project/air_venv/lib/python3.12/site-packages/airflow/example_dags/example_sla_dag.py for tasks to queue
[2025-02-14T22:06:45.533+0600] {logging_mixin.py:190} INFO - [2025-02-14T22:06:45.533+0600] {dagbag.py:588} INFO - Filling up the DagBag from /home/shamim/airflow_git/Airflow_project/air_venv/lib/python3.12/site-packages/airflow/example_dags/example_sla_dag.py
[2025-02-14T22:06:45.551+0600] {processor.py:925} INFO - DAG(s) 'example_sla_dag' retrieved from /home/shamim/airflow_git/Airflow_project/air_venv/lib/python3.12/site-packages/airflow/example_dags/example_sla_dag.py
[2025-02-14T22:06:45.603+0600] {logging_mixin.py:190} INFO - [2025-02-14T22:06:45.602+0600] {dag.py:3239} INFO - Sync 1 DAGs
[2025-02-14T22:06:45.680+0600] {logging_mixin.py:190} INFO - [2025-02-14T22:06:45.679+0600] {dag.py:4180} INFO - Setting next_dagrun for example_sla_dag to 2025-02-14 16:04:00+00:00, run_after=2025-02-14 16:06:00+00:00
[2025-02-14T22:06:45.715+0600] {processor.py:208} INFO - Processing /home/shamim/airflow_git/Airflow_project/air_venv/lib/python3.12/site-packages/airflow/example_dags/example_sla_dag.py took 0.196 seconds
[2025-02-14T22:07:15.876+0600] {processor.py:186} INFO - Started process (PID=578591) to work on /home/shamim/airflow_git/Airflow_project/air_venv/lib/python3.12/site-packages/airflow/example_dags/example_sla_dag.py
[2025-02-14T22:07:15.888+0600] {processor.py:914} INFO - Processing file /home/shamim/airflow_git/Airflow_project/air_venv/lib/python3.12/site-packages/airflow/example_dags/example_sla_dag.py for tasks to queue
[2025-02-14T22:07:15.898+0600] {logging_mixin.py:190} INFO - [2025-02-14T22:07:15.898+0600] {dagbag.py:588} INFO - Filling up the DagBag from /home/shamim/airflow_git/Airflow_project/air_venv/lib/python3.12/site-packages/airflow/example_dags/example_sla_dag.py
[2025-02-14T22:07:15.938+0600] {processor.py:925} INFO - DAG(s) 'example_sla_dag' retrieved from /home/shamim/airflow_git/Airflow_project/air_venv/lib/python3.12/site-packages/airflow/example_dags/example_sla_dag.py
[2025-02-14T22:07:15.990+0600] {logging_mixin.py:190} INFO - [2025-02-14T22:07:15.989+0600] {dag.py:3239} INFO - Sync 1 DAGs
[2025-02-14T22:07:16.035+0600] {logging_mixin.py:190} INFO - [2025-02-14T22:07:16.035+0600] {dag.py:4180} INFO - Setting next_dagrun for example_sla_dag to 2025-02-14 16:04:00+00:00, run_after=2025-02-14 16:06:00+00:00
[2025-02-14T22:07:16.066+0600] {processor.py:208} INFO - Processing /home/shamim/airflow_git/Airflow_project/air_venv/lib/python3.12/site-packages/airflow/example_dags/example_sla_dag.py took 0.227 seconds
[2025-02-14T22:07:46.596+0600] {processor.py:186} INFO - Started process (PID=579151) to work on /home/shamim/airflow_git/Airflow_project/air_venv/lib/python3.12/site-packages/airflow/example_dags/example_sla_dag.py
[2025-02-14T22:07:46.597+0600] {processor.py:914} INFO - Processing file /home/shamim/airflow_git/Airflow_project/air_venv/lib/python3.12/site-packages/airflow/example_dags/example_sla_dag.py for tasks to queue
[2025-02-14T22:07:46.601+0600] {logging_mixin.py:190} INFO - [2025-02-14T22:07:46.601+0600] {dagbag.py:588} INFO - Filling up the DagBag from /home/shamim/airflow_git/Airflow_project/air_venv/lib/python3.12/site-packages/airflow/example_dags/example_sla_dag.py
[2025-02-14T22:07:46.639+0600] {processor.py:925} INFO - DAG(s) 'example_sla_dag' retrieved from /home/shamim/airflow_git/Airflow_project/air_venv/lib/python3.12/site-packages/airflow/example_dags/example_sla_dag.py
[2025-02-14T22:07:46.725+0600] {logging_mixin.py:190} INFO - [2025-02-14T22:07:46.725+0600] {dag.py:3239} INFO - Sync 1 DAGs
[2025-02-14T22:07:46.794+0600] {logging_mixin.py:190} INFO - [2025-02-14T22:07:46.794+0600] {dag.py:4180} INFO - Setting next_dagrun for example_sla_dag to 2025-02-14 16:04:00+00:00, run_after=2025-02-14 16:06:00+00:00
[2025-02-14T22:07:46.863+0600] {processor.py:208} INFO - Processing /home/shamim/airflow_git/Airflow_project/air_venv/lib/python3.12/site-packages/airflow/example_dags/example_sla_dag.py took 0.282 seconds
[2025-02-14T22:08:17.870+0600] {processor.py:186} INFO - Started process (PID=579610) to work on /home/shamim/airflow_git/Airflow_project/air_venv/lib/python3.12/site-packages/airflow/example_dags/example_sla_dag.py
[2025-02-14T22:08:17.871+0600] {processor.py:914} INFO - Processing file /home/shamim/airflow_git/Airflow_project/air_venv/lib/python3.12/site-packages/airflow/example_dags/example_sla_dag.py for tasks to queue
[2025-02-14T22:08:17.873+0600] {logging_mixin.py:190} INFO - [2025-02-14T22:08:17.872+0600] {dagbag.py:588} INFO - Filling up the DagBag from /home/shamim/airflow_git/Airflow_project/air_venv/lib/python3.12/site-packages/airflow/example_dags/example_sla_dag.py
[2025-02-14T22:08:17.890+0600] {processor.py:925} INFO - DAG(s) 'example_sla_dag' retrieved from /home/shamim/airflow_git/Airflow_project/air_venv/lib/python3.12/site-packages/airflow/example_dags/example_sla_dag.py
[2025-02-14T22:08:17.930+0600] {logging_mixin.py:190} INFO - [2025-02-14T22:08:17.930+0600] {dag.py:3239} INFO - Sync 1 DAGs
[2025-02-14T22:08:17.966+0600] {logging_mixin.py:190} INFO - [2025-02-14T22:08:17.966+0600] {dag.py:4180} INFO - Setting next_dagrun for example_sla_dag to 2025-02-14 16:06:00+00:00, run_after=2025-02-14 16:08:00+00:00
[2025-02-14T22:08:17.998+0600] {processor.py:208} INFO - Processing /home/shamim/airflow_git/Airflow_project/air_venv/lib/python3.12/site-packages/airflow/example_dags/example_sla_dag.py took 0.136 seconds
[2025-02-14T22:08:48.852+0600] {processor.py:186} INFO - Started process (PID=580087) to work on /home/shamim/airflow_git/Airflow_project/air_venv/lib/python3.12/site-packages/airflow/example_dags/example_sla_dag.py
[2025-02-14T22:08:48.859+0600] {processor.py:914} INFO - Processing file /home/shamim/airflow_git/Airflow_project/air_venv/lib/python3.12/site-packages/airflow/example_dags/example_sla_dag.py for tasks to queue
[2025-02-14T22:08:48.861+0600] {logging_mixin.py:190} INFO - [2025-02-14T22:08:48.861+0600] {dagbag.py:588} INFO - Filling up the DagBag from /home/shamim/airflow_git/Airflow_project/air_venv/lib/python3.12/site-packages/airflow/example_dags/example_sla_dag.py
[2025-02-14T22:08:48.917+0600] {processor.py:925} INFO - DAG(s) 'example_sla_dag' retrieved from /home/shamim/airflow_git/Airflow_project/air_venv/lib/python3.12/site-packages/airflow/example_dags/example_sla_dag.py
[2025-02-14T22:08:49.053+0600] {logging_mixin.py:190} INFO - [2025-02-14T22:08:49.050+0600] {dag.py:3239} INFO - Sync 1 DAGs
[2025-02-14T22:08:49.187+0600] {logging_mixin.py:190} INFO - [2025-02-14T22:08:49.186+0600] {dag.py:4180} INFO - Setting next_dagrun for example_sla_dag to 2025-02-14 16:06:00+00:00, run_after=2025-02-14 16:08:00+00:00
[2025-02-14T22:08:49.294+0600] {processor.py:208} INFO - Processing /home/shamim/airflow_git/Airflow_project/air_venv/lib/python3.12/site-packages/airflow/example_dags/example_sla_dag.py took 0.471 seconds
[2025-02-14T22:09:20.156+0600] {processor.py:186} INFO - Started process (PID=580513) to work on /home/shamim/airflow_git/Airflow_project/air_venv/lib/python3.12/site-packages/airflow/example_dags/example_sla_dag.py
[2025-02-14T22:09:20.158+0600] {processor.py:914} INFO - Processing file /home/shamim/airflow_git/Airflow_project/air_venv/lib/python3.12/site-packages/airflow/example_dags/example_sla_dag.py for tasks to queue
[2025-02-14T22:09:20.160+0600] {logging_mixin.py:190} INFO - [2025-02-14T22:09:20.159+0600] {dagbag.py:588} INFO - Filling up the DagBag from /home/shamim/airflow_git/Airflow_project/air_venv/lib/python3.12/site-packages/airflow/example_dags/example_sla_dag.py
[2025-02-14T22:09:20.177+0600] {processor.py:925} INFO - DAG(s) 'example_sla_dag' retrieved from /home/shamim/airflow_git/Airflow_project/air_venv/lib/python3.12/site-packages/airflow/example_dags/example_sla_dag.py
[2025-02-14T22:09:20.223+0600] {logging_mixin.py:190} INFO - [2025-02-14T22:09:20.222+0600] {dag.py:3239} INFO - Sync 1 DAGs
[2025-02-14T22:09:20.265+0600] {logging_mixin.py:190} INFO - [2025-02-14T22:09:20.265+0600] {dag.py:4180} INFO - Setting next_dagrun for example_sla_dag to 2025-02-14 16:06:00+00:00, run_after=2025-02-14 16:08:00+00:00
[2025-02-14T22:09:20.306+0600] {processor.py:208} INFO - Processing /home/shamim/airflow_git/Airflow_project/air_venv/lib/python3.12/site-packages/airflow/example_dags/example_sla_dag.py took 0.162 seconds
[2025-02-14T22:09:50.827+0600] {processor.py:186} INFO - Started process (PID=581043) to work on /home/shamim/airflow_git/Airflow_project/air_venv/lib/python3.12/site-packages/airflow/example_dags/example_sla_dag.py
[2025-02-14T22:09:50.828+0600] {processor.py:914} INFO - Processing file /home/shamim/airflow_git/Airflow_project/air_venv/lib/python3.12/site-packages/airflow/example_dags/example_sla_dag.py for tasks to queue
[2025-02-14T22:09:50.829+0600] {logging_mixin.py:190} INFO - [2025-02-14T22:09:50.829+0600] {dagbag.py:588} INFO - Filling up the DagBag from /home/shamim/airflow_git/Airflow_project/air_venv/lib/python3.12/site-packages/airflow/example_dags/example_sla_dag.py
[2025-02-14T22:09:50.846+0600] {processor.py:925} INFO - DAG(s) 'example_sla_dag' retrieved from /home/shamim/airflow_git/Airflow_project/air_venv/lib/python3.12/site-packages/airflow/example_dags/example_sla_dag.py
[2025-02-14T22:09:50.905+0600] {logging_mixin.py:190} INFO - [2025-02-14T22:09:50.904+0600] {dag.py:3239} INFO - Sync 1 DAGs
[2025-02-14T22:09:50.949+0600] {logging_mixin.py:190} INFO - [2025-02-14T22:09:50.949+0600] {dag.py:4180} INFO - Setting next_dagrun for example_sla_dag to 2025-02-14 16:06:00+00:00, run_after=2025-02-14 16:08:00+00:00
[2025-02-14T22:09:50.980+0600] {processor.py:208} INFO - Processing /home/shamim/airflow_git/Airflow_project/air_venv/lib/python3.12/site-packages/airflow/example_dags/example_sla_dag.py took 0.162 seconds
