[2025-02-14T21:56:18.532+0600] {processor.py:186} INFO - Started process (PID=572494) to work on /home/shamim/airflow_git/Airflow_project/air_venv/lib/python3.12/site-packages/airflow/example_dags/example_workday_timetable.py
[2025-02-14T21:56:18.533+0600] {processor.py:914} INFO - Processing file /home/shamim/airflow_git/Airflow_project/air_venv/lib/python3.12/site-packages/airflow/example_dags/example_workday_timetable.py for tasks to queue
[2025-02-14T21:56:18.535+0600] {logging_mixin.py:190} INFO - [2025-02-14T21:56:18.535+0600] {dagbag.py:588} INFO - Filling up the DagBag from /home/shamim/airflow_git/Airflow_project/air_venv/lib/python3.12/site-packages/airflow/example_dags/example_workday_timetable.py
[2025-02-14T21:56:18.545+0600] {processor.py:925} INFO - DAG(s) 'example_workday_timetable' retrieved from /home/shamim/airflow_git/Airflow_project/air_venv/lib/python3.12/site-packages/airflow/example_dags/example_workday_timetable.py
[2025-02-14T21:56:18.764+0600] {logging_mixin.py:190} INFO - [2025-02-14T21:56:18.763+0600] {dag.py:3239} INFO - Sync 1 DAGs
[2025-02-14T21:56:18.987+0600] {logging_mixin.py:190} INFO - [2025-02-14T21:56:18.987+0600] {dag.py:4180} INFO - Setting next_dagrun for example_workday_timetable to 2021-01-04 00:00:00+00:00, run_after=2021-01-05 00:00:00+00:00
[2025-02-14T21:56:19.015+0600] {processor.py:208} INFO - Processing /home/shamim/airflow_git/Airflow_project/air_venv/lib/python3.12/site-packages/airflow/example_dags/example_workday_timetable.py took 0.497 seconds
[2025-02-14T21:56:49.801+0600] {processor.py:186} INFO - Started process (PID=572914) to work on /home/shamim/airflow_git/Airflow_project/air_venv/lib/python3.12/site-packages/airflow/example_dags/example_workday_timetable.py
[2025-02-14T21:56:49.802+0600] {processor.py:914} INFO - Processing file /home/shamim/airflow_git/Airflow_project/air_venv/lib/python3.12/site-packages/airflow/example_dags/example_workday_timetable.py for tasks to queue
[2025-02-14T21:56:49.803+0600] {logging_mixin.py:190} INFO - [2025-02-14T21:56:49.803+0600] {dagbag.py:588} INFO - Filling up the DagBag from /home/shamim/airflow_git/Airflow_project/air_venv/lib/python3.12/site-packages/airflow/example_dags/example_workday_timetable.py
[2025-02-14T21:56:49.811+0600] {processor.py:925} INFO - DAG(s) 'example_workday_timetable' retrieved from /home/shamim/airflow_git/Airflow_project/air_venv/lib/python3.12/site-packages/airflow/example_dags/example_workday_timetable.py
[2025-02-14T21:56:49.852+0600] {logging_mixin.py:190} INFO - [2025-02-14T21:56:49.852+0600] {dag.py:3239} INFO - Sync 1 DAGs
[2025-02-14T21:56:49.977+0600] {logging_mixin.py:190} INFO - [2025-02-14T21:56:49.977+0600] {dag.py:4180} INFO - Setting next_dagrun for example_workday_timetable to 2021-01-04 00:00:00+00:00, run_after=2021-01-05 00:00:00+00:00
[2025-02-14T21:56:50.001+0600] {processor.py:208} INFO - Processing /home/shamim/airflow_git/Airflow_project/air_venv/lib/python3.12/site-packages/airflow/example_dags/example_workday_timetable.py took 0.212 seconds
[2025-02-14T21:57:20.294+0600] {processor.py:186} INFO - Started process (PID=573310) to work on /home/shamim/airflow_git/Airflow_project/air_venv/lib/python3.12/site-packages/airflow/example_dags/example_workday_timetable.py
[2025-02-14T21:57:20.295+0600] {processor.py:914} INFO - Processing file /home/shamim/airflow_git/Airflow_project/air_venv/lib/python3.12/site-packages/airflow/example_dags/example_workday_timetable.py for tasks to queue
[2025-02-14T21:57:20.297+0600] {logging_mixin.py:190} INFO - [2025-02-14T21:57:20.297+0600] {dagbag.py:588} INFO - Filling up the DagBag from /home/shamim/airflow_git/Airflow_project/air_venv/lib/python3.12/site-packages/airflow/example_dags/example_workday_timetable.py
[2025-02-14T21:57:20.305+0600] {processor.py:925} INFO - DAG(s) 'example_workday_timetable' retrieved from /home/shamim/airflow_git/Airflow_project/air_venv/lib/python3.12/site-packages/airflow/example_dags/example_workday_timetable.py
[2025-02-14T21:57:20.346+0600] {logging_mixin.py:190} INFO - [2025-02-14T21:57:20.346+0600] {dag.py:3239} INFO - Sync 1 DAGs
[2025-02-14T21:57:20.472+0600] {logging_mixin.py:190} INFO - [2025-02-14T21:57:20.472+0600] {dag.py:4180} INFO - Setting next_dagrun for example_workday_timetable to 2021-01-04 00:00:00+00:00, run_after=2021-01-05 00:00:00+00:00
[2025-02-14T21:57:20.502+0600] {processor.py:208} INFO - Processing /home/shamim/airflow_git/Airflow_project/air_venv/lib/python3.12/site-packages/airflow/example_dags/example_workday_timetable.py took 0.219 seconds
[2025-02-14T22:02:31.939+0600] {processor.py:186} INFO - Started process (PID=574180) to work on /home/shamim/airflow_git/Airflow_project/air_venv/lib/python3.12/site-packages/airflow/example_dags/example_workday_timetable.py
[2025-02-14T22:02:31.940+0600] {processor.py:914} INFO - Processing file /home/shamim/airflow_git/Airflow_project/air_venv/lib/python3.12/site-packages/airflow/example_dags/example_workday_timetable.py for tasks to queue
[2025-02-14T22:02:31.944+0600] {logging_mixin.py:190} INFO - [2025-02-14T22:02:31.944+0600] {dagbag.py:588} INFO - Filling up the DagBag from /home/shamim/airflow_git/Airflow_project/air_venv/lib/python3.12/site-packages/airflow/example_dags/example_workday_timetable.py
[2025-02-14T22:02:31.954+0600] {processor.py:925} INFO - DAG(s) 'example_workday_timetable' retrieved from /home/shamim/airflow_git/Airflow_project/air_venv/lib/python3.12/site-packages/airflow/example_dags/example_workday_timetable.py
[2025-02-14T22:02:32.008+0600] {logging_mixin.py:190} INFO - [2025-02-14T22:02:32.008+0600] {dag.py:3239} INFO - Sync 1 DAGs
[2025-02-14T22:02:32.121+0600] {logging_mixin.py:190} INFO - [2025-02-14T22:02:32.121+0600] {dag.py:4180} INFO - Setting next_dagrun for example_workday_timetable to 2021-01-04 00:00:00+00:00, run_after=2021-01-05 00:00:00+00:00
[2025-02-14T22:02:32.143+0600] {processor.py:208} INFO - Processing /home/shamim/airflow_git/Airflow_project/air_venv/lib/python3.12/site-packages/airflow/example_dags/example_workday_timetable.py took 0.214 seconds
[2025-02-14T22:03:02.838+0600] {processor.py:186} INFO - Started process (PID=574638) to work on /home/shamim/airflow_git/Airflow_project/air_venv/lib/python3.12/site-packages/airflow/example_dags/example_workday_timetable.py
[2025-02-14T22:03:02.840+0600] {processor.py:914} INFO - Processing file /home/shamim/airflow_git/Airflow_project/air_venv/lib/python3.12/site-packages/airflow/example_dags/example_workday_timetable.py for tasks to queue
[2025-02-14T22:03:02.842+0600] {logging_mixin.py:190} INFO - [2025-02-14T22:03:02.842+0600] {dagbag.py:588} INFO - Filling up the DagBag from /home/shamim/airflow_git/Airflow_project/air_venv/lib/python3.12/site-packages/airflow/example_dags/example_workday_timetable.py
[2025-02-14T22:03:02.849+0600] {processor.py:925} INFO - DAG(s) 'example_workday_timetable' retrieved from /home/shamim/airflow_git/Airflow_project/air_venv/lib/python3.12/site-packages/airflow/example_dags/example_workday_timetable.py
[2025-02-14T22:03:02.888+0600] {logging_mixin.py:190} INFO - [2025-02-14T22:03:02.888+0600] {dag.py:3239} INFO - Sync 1 DAGs
[2025-02-14T22:03:02.980+0600] {logging_mixin.py:190} INFO - [2025-02-14T22:03:02.980+0600] {dag.py:4180} INFO - Setting next_dagrun for example_workday_timetable to 2021-01-04 00:00:00+00:00, run_after=2021-01-05 00:00:00+00:00
[2025-02-14T22:03:03.008+0600] {processor.py:208} INFO - Processing /home/shamim/airflow_git/Airflow_project/air_venv/lib/python3.12/site-packages/airflow/example_dags/example_workday_timetable.py took 0.179 seconds
[2025-02-14T22:03:33.082+0600] {processor.py:186} INFO - Started process (PID=575054) to work on /home/shamim/airflow_git/Airflow_project/air_venv/lib/python3.12/site-packages/airflow/example_dags/example_workday_timetable.py
[2025-02-14T22:03:33.083+0600] {processor.py:914} INFO - Processing file /home/shamim/airflow_git/Airflow_project/air_venv/lib/python3.12/site-packages/airflow/example_dags/example_workday_timetable.py for tasks to queue
[2025-02-14T22:03:33.086+0600] {logging_mixin.py:190} INFO - [2025-02-14T22:03:33.085+0600] {dagbag.py:588} INFO - Filling up the DagBag from /home/shamim/airflow_git/Airflow_project/air_venv/lib/python3.12/site-packages/airflow/example_dags/example_workday_timetable.py
[2025-02-14T22:03:33.093+0600] {processor.py:925} INFO - DAG(s) 'example_workday_timetable' retrieved from /home/shamim/airflow_git/Airflow_project/air_venv/lib/python3.12/site-packages/airflow/example_dags/example_workday_timetable.py
[2025-02-14T22:03:33.133+0600] {logging_mixin.py:190} INFO - [2025-02-14T22:03:33.132+0600] {dag.py:3239} INFO - Sync 1 DAGs
[2025-02-14T22:03:33.217+0600] {logging_mixin.py:190} INFO - [2025-02-14T22:03:33.216+0600] {dag.py:4180} INFO - Setting next_dagrun for example_workday_timetable to 2021-01-04 00:00:00+00:00, run_after=2021-01-05 00:00:00+00:00
[2025-02-14T22:03:33.251+0600] {processor.py:208} INFO - Processing /home/shamim/airflow_git/Airflow_project/air_venv/lib/python3.12/site-packages/airflow/example_dags/example_workday_timetable.py took 0.176 seconds
[2025-02-14T22:04:03.855+0600] {processor.py:186} INFO - Started process (PID=575473) to work on /home/shamim/airflow_git/Airflow_project/air_venv/lib/python3.12/site-packages/airflow/example_dags/example_workday_timetable.py
[2025-02-14T22:04:03.857+0600] {processor.py:914} INFO - Processing file /home/shamim/airflow_git/Airflow_project/air_venv/lib/python3.12/site-packages/airflow/example_dags/example_workday_timetable.py for tasks to queue
[2025-02-14T22:04:03.861+0600] {logging_mixin.py:190} INFO - [2025-02-14T22:04:03.860+0600] {dagbag.py:588} INFO - Filling up the DagBag from /home/shamim/airflow_git/Airflow_project/air_venv/lib/python3.12/site-packages/airflow/example_dags/example_workday_timetable.py
[2025-02-14T22:04:03.871+0600] {processor.py:925} INFO - DAG(s) 'example_workday_timetable' retrieved from /home/shamim/airflow_git/Airflow_project/air_venv/lib/python3.12/site-packages/airflow/example_dags/example_workday_timetable.py
[2025-02-14T22:04:03.914+0600] {logging_mixin.py:190} INFO - [2025-02-14T22:04:03.914+0600] {dag.py:3239} INFO - Sync 1 DAGs
[2025-02-14T22:04:04.031+0600] {logging_mixin.py:190} INFO - [2025-02-14T22:04:04.031+0600] {dag.py:4180} INFO - Setting next_dagrun for example_workday_timetable to 2021-01-04 00:00:00+00:00, run_after=2021-01-05 00:00:00+00:00
[2025-02-14T22:04:04.060+0600] {processor.py:208} INFO - Processing /home/shamim/airflow_git/Airflow_project/air_venv/lib/python3.12/site-packages/airflow/example_dags/example_workday_timetable.py took 0.216 seconds
[2025-02-14T22:04:34.601+0600] {processor.py:186} INFO - Started process (PID=575902) to work on /home/shamim/airflow_git/Airflow_project/air_venv/lib/python3.12/site-packages/airflow/example_dags/example_workday_timetable.py
[2025-02-14T22:04:34.603+0600] {processor.py:914} INFO - Processing file /home/shamim/airflow_git/Airflow_project/air_venv/lib/python3.12/site-packages/airflow/example_dags/example_workday_timetable.py for tasks to queue
[2025-02-14T22:04:34.605+0600] {logging_mixin.py:190} INFO - [2025-02-14T22:04:34.605+0600] {dagbag.py:588} INFO - Filling up the DagBag from /home/shamim/airflow_git/Airflow_project/air_venv/lib/python3.12/site-packages/airflow/example_dags/example_workday_timetable.py
[2025-02-14T22:04:34.613+0600] {processor.py:925} INFO - DAG(s) 'example_workday_timetable' retrieved from /home/shamim/airflow_git/Airflow_project/air_venv/lib/python3.12/site-packages/airflow/example_dags/example_workday_timetable.py
[2025-02-14T22:04:34.662+0600] {logging_mixin.py:190} INFO - [2025-02-14T22:04:34.661+0600] {dag.py:3239} INFO - Sync 1 DAGs
[2025-02-14T22:04:34.775+0600] {logging_mixin.py:190} INFO - [2025-02-14T22:04:34.775+0600] {dag.py:4180} INFO - Setting next_dagrun for example_workday_timetable to 2021-01-04 00:00:00+00:00, run_after=2021-01-05 00:00:00+00:00
[2025-02-14T22:04:34.805+0600] {processor.py:208} INFO - Processing /home/shamim/airflow_git/Airflow_project/air_venv/lib/python3.12/site-packages/airflow/example_dags/example_workday_timetable.py took 0.213 seconds
[2025-02-14T22:05:05.572+0600] {processor.py:186} INFO - Started process (PID=576308) to work on /home/shamim/airflow_git/Airflow_project/air_venv/lib/python3.12/site-packages/airflow/example_dags/example_workday_timetable.py
[2025-02-14T22:05:05.573+0600] {processor.py:914} INFO - Processing file /home/shamim/airflow_git/Airflow_project/air_venv/lib/python3.12/site-packages/airflow/example_dags/example_workday_timetable.py for tasks to queue
[2025-02-14T22:05:05.576+0600] {logging_mixin.py:190} INFO - [2025-02-14T22:05:05.576+0600] {dagbag.py:588} INFO - Filling up the DagBag from /home/shamim/airflow_git/Airflow_project/air_venv/lib/python3.12/site-packages/airflow/example_dags/example_workday_timetable.py
[2025-02-14T22:05:05.585+0600] {processor.py:925} INFO - DAG(s) 'example_workday_timetable' retrieved from /home/shamim/airflow_git/Airflow_project/air_venv/lib/python3.12/site-packages/airflow/example_dags/example_workday_timetable.py
[2025-02-14T22:05:05.624+0600] {logging_mixin.py:190} INFO - [2025-02-14T22:05:05.624+0600] {dag.py:3239} INFO - Sync 1 DAGs
[2025-02-14T22:05:05.736+0600] {logging_mixin.py:190} INFO - [2025-02-14T22:05:05.736+0600] {dag.py:4180} INFO - Setting next_dagrun for example_workday_timetable to 2021-01-04 00:00:00+00:00, run_after=2021-01-05 00:00:00+00:00
[2025-02-14T22:05:05.763+0600] {processor.py:208} INFO - Processing /home/shamim/airflow_git/Airflow_project/air_venv/lib/python3.12/site-packages/airflow/example_dags/example_workday_timetable.py took 0.203 seconds
[2025-02-14T22:05:41.478+0600] {processor.py:186} INFO - Started process (PID=577103) to work on /home/shamim/airflow_git/Airflow_project/air_venv/lib/python3.12/site-packages/airflow/example_dags/example_workday_timetable.py
[2025-02-14T22:05:41.491+0600] {processor.py:914} INFO - Processing file /home/shamim/airflow_git/Airflow_project/air_venv/lib/python3.12/site-packages/airflow/example_dags/example_workday_timetable.py for tasks to queue
[2025-02-14T22:05:41.498+0600] {logging_mixin.py:190} INFO - [2025-02-14T22:05:41.497+0600] {dagbag.py:588} INFO - Filling up the DagBag from /home/shamim/airflow_git/Airflow_project/air_venv/lib/python3.12/site-packages/airflow/example_dags/example_workday_timetable.py
[2025-02-14T22:05:41.525+0600] {processor.py:925} INFO - DAG(s) 'example_workday_timetable' retrieved from /home/shamim/airflow_git/Airflow_project/air_venv/lib/python3.12/site-packages/airflow/example_dags/example_workday_timetable.py
[2025-02-14T22:05:41.650+0600] {logging_mixin.py:190} INFO - [2025-02-14T22:05:41.650+0600] {dag.py:3239} INFO - Sync 1 DAGs
[2025-02-14T22:05:42.077+0600] {logging_mixin.py:190} INFO - [2025-02-14T22:05:42.076+0600] {dag.py:4180} INFO - Setting next_dagrun for example_workday_timetable to 2021-01-04 00:00:00+00:00, run_after=2021-01-05 00:00:00+00:00
[2025-02-14T22:05:42.160+0600] {processor.py:208} INFO - Processing /home/shamim/airflow_git/Airflow_project/air_venv/lib/python3.12/site-packages/airflow/example_dags/example_workday_timetable.py took 0.704 seconds
[2025-02-14T22:06:13.075+0600] {processor.py:186} INFO - Started process (PID=577631) to work on /home/shamim/airflow_git/Airflow_project/air_venv/lib/python3.12/site-packages/airflow/example_dags/example_workday_timetable.py
[2025-02-14T22:06:13.077+0600] {processor.py:914} INFO - Processing file /home/shamim/airflow_git/Airflow_project/air_venv/lib/python3.12/site-packages/airflow/example_dags/example_workday_timetable.py for tasks to queue
[2025-02-14T22:06:13.082+0600] {logging_mixin.py:190} INFO - [2025-02-14T22:06:13.081+0600] {dagbag.py:588} INFO - Filling up the DagBag from /home/shamim/airflow_git/Airflow_project/air_venv/lib/python3.12/site-packages/airflow/example_dags/example_workday_timetable.py
[2025-02-14T22:06:13.095+0600] {processor.py:925} INFO - DAG(s) 'example_workday_timetable' retrieved from /home/shamim/airflow_git/Airflow_project/air_venv/lib/python3.12/site-packages/airflow/example_dags/example_workday_timetable.py
[2025-02-14T22:06:13.152+0600] {logging_mixin.py:190} INFO - [2025-02-14T22:06:13.152+0600] {dag.py:3239} INFO - Sync 1 DAGs
[2025-02-14T22:06:13.285+0600] {logging_mixin.py:190} INFO - [2025-02-14T22:06:13.285+0600] {dag.py:4180} INFO - Setting next_dagrun for example_workday_timetable to 2021-01-04 00:00:00+00:00, run_after=2021-01-05 00:00:00+00:00
[2025-02-14T22:06:13.316+0600] {processor.py:208} INFO - Processing /home/shamim/airflow_git/Airflow_project/air_venv/lib/python3.12/site-packages/airflow/example_dags/example_workday_timetable.py took 0.258 seconds
[2025-02-14T22:06:43.958+0600] {processor.py:186} INFO - Started process (PID=578118) to work on /home/shamim/airflow_git/Airflow_project/air_venv/lib/python3.12/site-packages/airflow/example_dags/example_workday_timetable.py
[2025-02-14T22:06:43.962+0600] {processor.py:914} INFO - Processing file /home/shamim/airflow_git/Airflow_project/air_venv/lib/python3.12/site-packages/airflow/example_dags/example_workday_timetable.py for tasks to queue
[2025-02-14T22:06:43.965+0600] {logging_mixin.py:190} INFO - [2025-02-14T22:06:43.964+0600] {dagbag.py:588} INFO - Filling up the DagBag from /home/shamim/airflow_git/Airflow_project/air_venv/lib/python3.12/site-packages/airflow/example_dags/example_workday_timetable.py
[2025-02-14T22:06:43.973+0600] {processor.py:925} INFO - DAG(s) 'example_workday_timetable' retrieved from /home/shamim/airflow_git/Airflow_project/air_venv/lib/python3.12/site-packages/airflow/example_dags/example_workday_timetable.py
[2025-02-14T22:06:44.015+0600] {logging_mixin.py:190} INFO - [2025-02-14T22:06:44.014+0600] {dag.py:3239} INFO - Sync 1 DAGs
[2025-02-14T22:06:44.191+0600] {logging_mixin.py:190} INFO - [2025-02-14T22:06:44.191+0600] {dag.py:4180} INFO - Setting next_dagrun for example_workday_timetable to 2021-01-04 00:00:00+00:00, run_after=2021-01-05 00:00:00+00:00
[2025-02-14T22:06:44.217+0600] {processor.py:208} INFO - Processing /home/shamim/airflow_git/Airflow_project/air_venv/lib/python3.12/site-packages/airflow/example_dags/example_workday_timetable.py took 0.271 seconds
[2025-02-14T22:07:14.845+0600] {processor.py:186} INFO - Started process (PID=578553) to work on /home/shamim/airflow_git/Airflow_project/air_venv/lib/python3.12/site-packages/airflow/example_dags/example_workday_timetable.py
[2025-02-14T22:07:14.847+0600] {processor.py:914} INFO - Processing file /home/shamim/airflow_git/Airflow_project/air_venv/lib/python3.12/site-packages/airflow/example_dags/example_workday_timetable.py for tasks to queue
[2025-02-14T22:07:14.850+0600] {logging_mixin.py:190} INFO - [2025-02-14T22:07:14.850+0600] {dagbag.py:588} INFO - Filling up the DagBag from /home/shamim/airflow_git/Airflow_project/air_venv/lib/python3.12/site-packages/airflow/example_dags/example_workday_timetable.py
[2025-02-14T22:07:14.860+0600] {processor.py:925} INFO - DAG(s) 'example_workday_timetable' retrieved from /home/shamim/airflow_git/Airflow_project/air_venv/lib/python3.12/site-packages/airflow/example_dags/example_workday_timetable.py
[2025-02-14T22:07:14.911+0600] {logging_mixin.py:190} INFO - [2025-02-14T22:07:14.911+0600] {dag.py:3239} INFO - Sync 1 DAGs
[2025-02-14T22:07:15.076+0600] {logging_mixin.py:190} INFO - [2025-02-14T22:07:15.076+0600] {dag.py:4180} INFO - Setting next_dagrun for example_workday_timetable to 2021-01-04 00:00:00+00:00, run_after=2021-01-05 00:00:00+00:00
[2025-02-14T22:07:15.111+0600] {processor.py:208} INFO - Processing /home/shamim/airflow_git/Airflow_project/air_venv/lib/python3.12/site-packages/airflow/example_dags/example_workday_timetable.py took 0.277 seconds
[2025-02-14T22:07:45.656+0600] {processor.py:186} INFO - Started process (PID=579111) to work on /home/shamim/airflow_git/Airflow_project/air_venv/lib/python3.12/site-packages/airflow/example_dags/example_workday_timetable.py
[2025-02-14T22:07:45.658+0600] {processor.py:914} INFO - Processing file /home/shamim/airflow_git/Airflow_project/air_venv/lib/python3.12/site-packages/airflow/example_dags/example_workday_timetable.py for tasks to queue
[2025-02-14T22:07:45.660+0600] {logging_mixin.py:190} INFO - [2025-02-14T22:07:45.660+0600] {dagbag.py:588} INFO - Filling up the DagBag from /home/shamim/airflow_git/Airflow_project/air_venv/lib/python3.12/site-packages/airflow/example_dags/example_workday_timetable.py
[2025-02-14T22:07:45.672+0600] {processor.py:925} INFO - DAG(s) 'example_workday_timetable' retrieved from /home/shamim/airflow_git/Airflow_project/air_venv/lib/python3.12/site-packages/airflow/example_dags/example_workday_timetable.py
[2025-02-14T22:07:45.743+0600] {logging_mixin.py:190} INFO - [2025-02-14T22:07:45.742+0600] {dag.py:3239} INFO - Sync 1 DAGs
[2025-02-14T22:07:45.903+0600] {logging_mixin.py:190} INFO - [2025-02-14T22:07:45.902+0600] {dag.py:4180} INFO - Setting next_dagrun for example_workday_timetable to 2021-01-04 00:00:00+00:00, run_after=2021-01-05 00:00:00+00:00
[2025-02-14T22:07:45.969+0600] {processor.py:208} INFO - Processing /home/shamim/airflow_git/Airflow_project/air_venv/lib/python3.12/site-packages/airflow/example_dags/example_workday_timetable.py took 0.329 seconds
[2025-02-14T22:08:16.279+0600] {processor.py:186} INFO - Started process (PID=579571) to work on /home/shamim/airflow_git/Airflow_project/air_venv/lib/python3.12/site-packages/airflow/example_dags/example_workday_timetable.py
[2025-02-14T22:08:16.281+0600] {processor.py:914} INFO - Processing file /home/shamim/airflow_git/Airflow_project/air_venv/lib/python3.12/site-packages/airflow/example_dags/example_workday_timetable.py for tasks to queue
[2025-02-14T22:08:16.285+0600] {logging_mixin.py:190} INFO - [2025-02-14T22:08:16.284+0600] {dagbag.py:588} INFO - Filling up the DagBag from /home/shamim/airflow_git/Airflow_project/air_venv/lib/python3.12/site-packages/airflow/example_dags/example_workday_timetable.py
[2025-02-14T22:08:16.302+0600] {processor.py:925} INFO - DAG(s) 'example_workday_timetable' retrieved from /home/shamim/airflow_git/Airflow_project/air_venv/lib/python3.12/site-packages/airflow/example_dags/example_workday_timetable.py
[2025-02-14T22:08:16.352+0600] {logging_mixin.py:190} INFO - [2025-02-14T22:08:16.352+0600] {dag.py:3239} INFO - Sync 1 DAGs
[2025-02-14T22:08:16.468+0600] {logging_mixin.py:190} INFO - [2025-02-14T22:08:16.468+0600] {dag.py:4180} INFO - Setting next_dagrun for example_workday_timetable to 2021-01-04 00:00:00+00:00, run_after=2021-01-05 00:00:00+00:00
[2025-02-14T22:08:16.497+0600] {processor.py:208} INFO - Processing /home/shamim/airflow_git/Airflow_project/air_venv/lib/python3.12/site-packages/airflow/example_dags/example_workday_timetable.py took 0.246 seconds
[2025-02-14T22:08:47.001+0600] {processor.py:186} INFO - Started process (PID=580048) to work on /home/shamim/airflow_git/Airflow_project/air_venv/lib/python3.12/site-packages/airflow/example_dags/example_workday_timetable.py
[2025-02-14T22:08:47.015+0600] {processor.py:914} INFO - Processing file /home/shamim/airflow_git/Airflow_project/air_venv/lib/python3.12/site-packages/airflow/example_dags/example_workday_timetable.py for tasks to queue
[2025-02-14T22:08:47.017+0600] {logging_mixin.py:190} INFO - [2025-02-14T22:08:47.017+0600] {dagbag.py:588} INFO - Filling up the DagBag from /home/shamim/airflow_git/Airflow_project/air_venv/lib/python3.12/site-packages/airflow/example_dags/example_workday_timetable.py
[2025-02-14T22:08:47.029+0600] {processor.py:925} INFO - DAG(s) 'example_workday_timetable' retrieved from /home/shamim/airflow_git/Airflow_project/air_venv/lib/python3.12/site-packages/airflow/example_dags/example_workday_timetable.py
[2025-02-14T22:08:47.072+0600] {logging_mixin.py:190} INFO - [2025-02-14T22:08:47.072+0600] {dag.py:3239} INFO - Sync 1 DAGs
[2025-02-14T22:08:47.195+0600] {logging_mixin.py:190} INFO - [2025-02-14T22:08:47.195+0600] {dag.py:4180} INFO - Setting next_dagrun for example_workday_timetable to 2021-01-04 00:00:00+00:00, run_after=2021-01-05 00:00:00+00:00
[2025-02-14T22:08:47.223+0600] {processor.py:208} INFO - Processing /home/shamim/airflow_git/Airflow_project/air_venv/lib/python3.12/site-packages/airflow/example_dags/example_workday_timetable.py took 0.242 seconds
[2025-02-14T22:09:18.054+0600] {processor.py:186} INFO - Started process (PID=580462) to work on /home/shamim/airflow_git/Airflow_project/air_venv/lib/python3.12/site-packages/airflow/example_dags/example_workday_timetable.py
[2025-02-14T22:09:18.056+0600] {processor.py:914} INFO - Processing file /home/shamim/airflow_git/Airflow_project/air_venv/lib/python3.12/site-packages/airflow/example_dags/example_workday_timetable.py for tasks to queue
[2025-02-14T22:09:18.058+0600] {logging_mixin.py:190} INFO - [2025-02-14T22:09:18.058+0600] {dagbag.py:588} INFO - Filling up the DagBag from /home/shamim/airflow_git/Airflow_project/air_venv/lib/python3.12/site-packages/airflow/example_dags/example_workday_timetable.py
[2025-02-14T22:09:18.070+0600] {processor.py:925} INFO - DAG(s) 'example_workday_timetable' retrieved from /home/shamim/airflow_git/Airflow_project/air_venv/lib/python3.12/site-packages/airflow/example_dags/example_workday_timetable.py
[2025-02-14T22:09:18.388+0600] {logging_mixin.py:190} INFO - [2025-02-14T22:09:18.381+0600] {dag.py:3239} INFO - Sync 1 DAGs
[2025-02-14T22:09:18.681+0600] {logging_mixin.py:190} INFO - [2025-02-14T22:09:18.681+0600] {dag.py:4180} INFO - Setting next_dagrun for example_workday_timetable to 2021-01-04 00:00:00+00:00, run_after=2021-01-05 00:00:00+00:00
[2025-02-14T22:09:19.394+0600] {processor.py:208} INFO - Processing /home/shamim/airflow_git/Airflow_project/air_venv/lib/python3.12/site-packages/airflow/example_dags/example_workday_timetable.py took 1.354 seconds
[2025-02-14T22:09:50.256+0600] {processor.py:186} INFO - Started process (PID=581003) to work on /home/shamim/airflow_git/Airflow_project/air_venv/lib/python3.12/site-packages/airflow/example_dags/example_workday_timetable.py
[2025-02-14T22:09:50.261+0600] {processor.py:914} INFO - Processing file /home/shamim/airflow_git/Airflow_project/air_venv/lib/python3.12/site-packages/airflow/example_dags/example_workday_timetable.py for tasks to queue
[2025-02-14T22:09:50.263+0600] {logging_mixin.py:190} INFO - [2025-02-14T22:09:50.263+0600] {dagbag.py:588} INFO - Filling up the DagBag from /home/shamim/airflow_git/Airflow_project/air_venv/lib/python3.12/site-packages/airflow/example_dags/example_workday_timetable.py
[2025-02-14T22:09:50.274+0600] {processor.py:925} INFO - DAG(s) 'example_workday_timetable' retrieved from /home/shamim/airflow_git/Airflow_project/air_venv/lib/python3.12/site-packages/airflow/example_dags/example_workday_timetable.py
[2025-02-14T22:09:50.320+0600] {logging_mixin.py:190} INFO - [2025-02-14T22:09:50.320+0600] {dag.py:3239} INFO - Sync 1 DAGs
[2025-02-14T22:09:50.420+0600] {logging_mixin.py:190} INFO - [2025-02-14T22:09:50.419+0600] {dag.py:4180} INFO - Setting next_dagrun for example_workday_timetable to 2021-01-04 00:00:00+00:00, run_after=2021-01-05 00:00:00+00:00
[2025-02-14T22:09:50.449+0600] {processor.py:208} INFO - Processing /home/shamim/airflow_git/Airflow_project/air_venv/lib/python3.12/site-packages/airflow/example_dags/example_workday_timetable.py took 0.208 seconds
