[2025-02-14T21:56:28.872+0600] {processor.py:186} INFO - Started process (PID=572724) to work on /home/shamim/airflow_git/Airflow_project/air_venv/lib/python3.12/site-packages/airflow/example_dags/example_dataset_alias.py
[2025-02-14T21:56:28.873+0600] {processor.py:914} INFO - Processing file /home/shamim/airflow_git/Airflow_project/air_venv/lib/python3.12/site-packages/airflow/example_dags/example_dataset_alias.py for tasks to queue
[2025-02-14T21:56:28.874+0600] {logging_mixin.py:190} INFO - [2025-02-14T21:56:28.874+0600] {dagbag.py:588} INFO - Filling up the DagBag from /home/shamim/airflow_git/Airflow_project/air_venv/lib/python3.12/site-packages/airflow/example_dags/example_dataset_alias.py
[2025-02-14T21:56:29.576+0600] {processor.py:925} INFO - DAG(s) 'dataset_s3_bucket_consumer', 'dataset_s3_bucket_producer', 'dataset_alias_example_alias_consumer', 'dataset_alias_example_alias_producer' retrieved from /home/shamim/airflow_git/Airflow_project/air_venv/lib/python3.12/site-packages/airflow/example_dags/example_dataset_alias.py
[2025-02-14T21:56:29.864+0600] {logging_mixin.py:190} INFO - [2025-02-14T21:56:29.864+0600] {dag.py:3239} INFO - Sync 4 DAGs
[2025-02-14T21:56:29.902+0600] {logging_mixin.py:190} INFO - [2025-02-14T21:56:29.901+0600] {dag.py:4180} INFO - Setting next_dagrun for dataset_alias_example_alias_consumer to None, run_after=None
[2025-02-14T21:56:29.906+0600] {logging_mixin.py:190} INFO - [2025-02-14T21:56:29.906+0600] {dag.py:4180} INFO - Setting next_dagrun for dataset_alias_example_alias_producer to None, run_after=None
[2025-02-14T21:56:29.909+0600] {logging_mixin.py:190} INFO - [2025-02-14T21:56:29.908+0600] {dag.py:4180} INFO - Setting next_dagrun for dataset_s3_bucket_consumer to None, run_after=None
[2025-02-14T21:56:29.911+0600] {logging_mixin.py:190} INFO - [2025-02-14T21:56:29.911+0600] {dag.py:4180} INFO - Setting next_dagrun for dataset_s3_bucket_producer to None, run_after=None
[2025-02-14T21:56:29.952+0600] {processor.py:208} INFO - Processing /home/shamim/airflow_git/Airflow_project/air_venv/lib/python3.12/site-packages/airflow/example_dags/example_dataset_alias.py took 1.091 seconds
[2025-02-14T21:57:00.052+0600] {processor.py:186} INFO - Started process (PID=573133) to work on /home/shamim/airflow_git/Airflow_project/air_venv/lib/python3.12/site-packages/airflow/example_dags/example_dataset_alias.py
[2025-02-14T21:57:00.053+0600] {processor.py:914} INFO - Processing file /home/shamim/airflow_git/Airflow_project/air_venv/lib/python3.12/site-packages/airflow/example_dags/example_dataset_alias.py for tasks to queue
[2025-02-14T21:57:00.054+0600] {logging_mixin.py:190} INFO - [2025-02-14T21:57:00.054+0600] {dagbag.py:588} INFO - Filling up the DagBag from /home/shamim/airflow_git/Airflow_project/air_venv/lib/python3.12/site-packages/airflow/example_dags/example_dataset_alias.py
[2025-02-14T21:57:00.677+0600] {processor.py:925} INFO - DAG(s) 'dataset_alias_example_alias_producer', 'dataset_s3_bucket_consumer', 'dataset_s3_bucket_producer', 'dataset_alias_example_alias_consumer' retrieved from /home/shamim/airflow_git/Airflow_project/air_venv/lib/python3.12/site-packages/airflow/example_dags/example_dataset_alias.py
[2025-02-14T21:57:00.702+0600] {logging_mixin.py:190} INFO - [2025-02-14T21:57:00.701+0600] {dag.py:3239} INFO - Sync 4 DAGs
[2025-02-14T21:57:00.731+0600] {logging_mixin.py:190} INFO - [2025-02-14T21:57:00.731+0600] {dag.py:4180} INFO - Setting next_dagrun for dataset_alias_example_alias_consumer to None, run_after=None
[2025-02-14T21:57:00.734+0600] {logging_mixin.py:190} INFO - [2025-02-14T21:57:00.734+0600] {dag.py:4180} INFO - Setting next_dagrun for dataset_alias_example_alias_producer to None, run_after=None
[2025-02-14T21:57:00.736+0600] {logging_mixin.py:190} INFO - [2025-02-14T21:57:00.735+0600] {dag.py:4180} INFO - Setting next_dagrun for dataset_s3_bucket_consumer to None, run_after=None
[2025-02-14T21:57:00.737+0600] {logging_mixin.py:190} INFO - [2025-02-14T21:57:00.737+0600] {dag.py:4180} INFO - Setting next_dagrun for dataset_s3_bucket_producer to None, run_after=None
[2025-02-14T21:57:00.763+0600] {processor.py:208} INFO - Processing /home/shamim/airflow_git/Airflow_project/air_venv/lib/python3.12/site-packages/airflow/example_dags/example_dataset_alias.py took 0.726 seconds
[2025-02-14T21:57:31.416+0600] {processor.py:186} INFO - Started process (PID=573561) to work on /home/shamim/airflow_git/Airflow_project/air_venv/lib/python3.12/site-packages/airflow/example_dags/example_dataset_alias.py
[2025-02-14T21:57:31.423+0600] {processor.py:914} INFO - Processing file /home/shamim/airflow_git/Airflow_project/air_venv/lib/python3.12/site-packages/airflow/example_dags/example_dataset_alias.py for tasks to queue
[2025-02-14T21:57:31.425+0600] {logging_mixin.py:190} INFO - [2025-02-14T21:57:31.424+0600] {dagbag.py:588} INFO - Filling up the DagBag from /home/shamim/airflow_git/Airflow_project/air_venv/lib/python3.12/site-packages/airflow/example_dags/example_dataset_alias.py
[2025-02-14T21:57:32.147+0600] {processor.py:925} INFO - DAG(s) 'dataset_alias_example_alias_consumer', 'dataset_s3_bucket_consumer', 'dataset_s3_bucket_producer', 'dataset_alias_example_alias_producer' retrieved from /home/shamim/airflow_git/Airflow_project/air_venv/lib/python3.12/site-packages/airflow/example_dags/example_dataset_alias.py
[2025-02-14T21:57:32.171+0600] {logging_mixin.py:190} INFO - [2025-02-14T21:57:32.170+0600] {dag.py:3239} INFO - Sync 4 DAGs
[2025-02-14T21:57:32.199+0600] {logging_mixin.py:190} INFO - [2025-02-14T21:57:32.199+0600] {dag.py:4180} INFO - Setting next_dagrun for dataset_alias_example_alias_consumer to None, run_after=None
[2025-02-14T21:57:32.202+0600] {logging_mixin.py:190} INFO - [2025-02-14T21:57:32.202+0600] {dag.py:4180} INFO - Setting next_dagrun for dataset_alias_example_alias_producer to None, run_after=None
[2025-02-14T21:57:32.204+0600] {logging_mixin.py:190} INFO - [2025-02-14T21:57:32.203+0600] {dag.py:4180} INFO - Setting next_dagrun for dataset_s3_bucket_consumer to None, run_after=None
[2025-02-14T21:57:32.205+0600] {logging_mixin.py:190} INFO - [2025-02-14T21:57:32.205+0600] {dag.py:4180} INFO - Setting next_dagrun for dataset_s3_bucket_producer to None, run_after=None
[2025-02-14T21:57:32.232+0600] {processor.py:208} INFO - Processing /home/shamim/airflow_git/Airflow_project/air_venv/lib/python3.12/site-packages/airflow/example_dags/example_dataset_alias.py took 0.830 seconds
[2025-02-14T22:02:36.295+0600] {processor.py:186} INFO - Started process (PID=574398) to work on /home/shamim/airflow_git/Airflow_project/air_venv/lib/python3.12/site-packages/airflow/example_dags/example_dataset_alias.py
[2025-02-14T22:02:36.297+0600] {processor.py:914} INFO - Processing file /home/shamim/airflow_git/Airflow_project/air_venv/lib/python3.12/site-packages/airflow/example_dags/example_dataset_alias.py for tasks to queue
[2025-02-14T22:02:36.299+0600] {logging_mixin.py:190} INFO - [2025-02-14T22:02:36.299+0600] {dagbag.py:588} INFO - Filling up the DagBag from /home/shamim/airflow_git/Airflow_project/air_venv/lib/python3.12/site-packages/airflow/example_dags/example_dataset_alias.py
[2025-02-14T22:02:36.990+0600] {processor.py:925} INFO - DAG(s) 'dataset_alias_example_alias_producer', 'dataset_s3_bucket_consumer', 'dataset_alias_example_alias_consumer', 'dataset_s3_bucket_producer' retrieved from /home/shamim/airflow_git/Airflow_project/air_venv/lib/python3.12/site-packages/airflow/example_dags/example_dataset_alias.py
[2025-02-14T22:02:37.019+0600] {logging_mixin.py:190} INFO - [2025-02-14T22:02:37.019+0600] {dag.py:3239} INFO - Sync 4 DAGs
[2025-02-14T22:02:37.050+0600] {logging_mixin.py:190} INFO - [2025-02-14T22:02:37.050+0600] {dag.py:4180} INFO - Setting next_dagrun for dataset_alias_example_alias_consumer to None, run_after=None
[2025-02-14T22:02:37.053+0600] {logging_mixin.py:190} INFO - [2025-02-14T22:02:37.053+0600] {dag.py:4180} INFO - Setting next_dagrun for dataset_alias_example_alias_producer to None, run_after=None
[2025-02-14T22:02:37.055+0600] {logging_mixin.py:190} INFO - [2025-02-14T22:02:37.055+0600] {dag.py:4180} INFO - Setting next_dagrun for dataset_s3_bucket_consumer to None, run_after=None
[2025-02-14T22:02:37.057+0600] {logging_mixin.py:190} INFO - [2025-02-14T22:02:37.057+0600] {dag.py:4180} INFO - Setting next_dagrun for dataset_s3_bucket_producer to None, run_after=None
[2025-02-14T22:02:37.087+0600] {processor.py:208} INFO - Processing /home/shamim/airflow_git/Airflow_project/air_venv/lib/python3.12/site-packages/airflow/example_dags/example_dataset_alias.py took 0.799 seconds
[2025-02-14T22:03:07.896+0600] {processor.py:186} INFO - Started process (PID=574859) to work on /home/shamim/airflow_git/Airflow_project/air_venv/lib/python3.12/site-packages/airflow/example_dags/example_dataset_alias.py
[2025-02-14T22:03:07.897+0600] {processor.py:914} INFO - Processing file /home/shamim/airflow_git/Airflow_project/air_venv/lib/python3.12/site-packages/airflow/example_dags/example_dataset_alias.py for tasks to queue
[2025-02-14T22:03:07.900+0600] {logging_mixin.py:190} INFO - [2025-02-14T22:03:07.899+0600] {dagbag.py:588} INFO - Filling up the DagBag from /home/shamim/airflow_git/Airflow_project/air_venv/lib/python3.12/site-packages/airflow/example_dags/example_dataset_alias.py
[2025-02-14T22:03:08.664+0600] {processor.py:925} INFO - DAG(s) 'dataset_alias_example_alias_consumer', 'dataset_s3_bucket_consumer', 'dataset_alias_example_alias_producer', 'dataset_s3_bucket_producer' retrieved from /home/shamim/airflow_git/Airflow_project/air_venv/lib/python3.12/site-packages/airflow/example_dags/example_dataset_alias.py
[2025-02-14T22:03:08.695+0600] {logging_mixin.py:190} INFO - [2025-02-14T22:03:08.694+0600] {dag.py:3239} INFO - Sync 4 DAGs
[2025-02-14T22:03:08.731+0600] {logging_mixin.py:190} INFO - [2025-02-14T22:03:08.731+0600] {dag.py:4180} INFO - Setting next_dagrun for dataset_alias_example_alias_consumer to None, run_after=None
[2025-02-14T22:03:08.735+0600] {logging_mixin.py:190} INFO - [2025-02-14T22:03:08.735+0600] {dag.py:4180} INFO - Setting next_dagrun for dataset_alias_example_alias_producer to None, run_after=None
[2025-02-14T22:03:08.738+0600] {logging_mixin.py:190} INFO - [2025-02-14T22:03:08.738+0600] {dag.py:4180} INFO - Setting next_dagrun for dataset_s3_bucket_consumer to None, run_after=None
[2025-02-14T22:03:08.741+0600] {logging_mixin.py:190} INFO - [2025-02-14T22:03:08.740+0600] {dag.py:4180} INFO - Setting next_dagrun for dataset_s3_bucket_producer to None, run_after=None
[2025-02-14T22:03:08.773+0600] {processor.py:208} INFO - Processing /home/shamim/airflow_git/Airflow_project/air_venv/lib/python3.12/site-packages/airflow/example_dags/example_dataset_alias.py took 0.885 seconds
[2025-02-14T22:03:39.409+0600] {processor.py:186} INFO - Started process (PID=575299) to work on /home/shamim/airflow_git/Airflow_project/air_venv/lib/python3.12/site-packages/airflow/example_dags/example_dataset_alias.py
[2025-02-14T22:03:39.411+0600] {processor.py:914} INFO - Processing file /home/shamim/airflow_git/Airflow_project/air_venv/lib/python3.12/site-packages/airflow/example_dags/example_dataset_alias.py for tasks to queue
[2025-02-14T22:03:39.415+0600] {logging_mixin.py:190} INFO - [2025-02-14T22:03:39.414+0600] {dagbag.py:588} INFO - Filling up the DagBag from /home/shamim/airflow_git/Airflow_project/air_venv/lib/python3.12/site-packages/airflow/example_dags/example_dataset_alias.py
[2025-02-14T22:03:40.266+0600] {processor.py:925} INFO - DAG(s) 'dataset_alias_example_alias_producer', 'dataset_s3_bucket_producer', 'dataset_alias_example_alias_consumer', 'dataset_s3_bucket_consumer' retrieved from /home/shamim/airflow_git/Airflow_project/air_venv/lib/python3.12/site-packages/airflow/example_dags/example_dataset_alias.py
[2025-02-14T22:03:40.303+0600] {logging_mixin.py:190} INFO - [2025-02-14T22:03:40.302+0600] {dag.py:3239} INFO - Sync 4 DAGs
[2025-02-14T22:03:40.337+0600] {logging_mixin.py:190} INFO - [2025-02-14T22:03:40.337+0600] {dag.py:4180} INFO - Setting next_dagrun for dataset_alias_example_alias_consumer to None, run_after=None
[2025-02-14T22:03:40.341+0600] {logging_mixin.py:190} INFO - [2025-02-14T22:03:40.341+0600] {dag.py:4180} INFO - Setting next_dagrun for dataset_alias_example_alias_producer to None, run_after=None
[2025-02-14T22:03:40.343+0600] {logging_mixin.py:190} INFO - [2025-02-14T22:03:40.343+0600] {dag.py:4180} INFO - Setting next_dagrun for dataset_s3_bucket_consumer to None, run_after=None
[2025-02-14T22:03:40.344+0600] {logging_mixin.py:190} INFO - [2025-02-14T22:03:40.344+0600] {dag.py:4180} INFO - Setting next_dagrun for dataset_s3_bucket_producer to None, run_after=None
[2025-02-14T22:03:40.379+0600] {processor.py:208} INFO - Processing /home/shamim/airflow_git/Airflow_project/air_venv/lib/python3.12/site-packages/airflow/example_dags/example_dataset_alias.py took 0.984 seconds
[2025-02-14T22:04:10.671+0600] {processor.py:186} INFO - Started process (PID=575696) to work on /home/shamim/airflow_git/Airflow_project/air_venv/lib/python3.12/site-packages/airflow/example_dags/example_dataset_alias.py
[2025-02-14T22:04:10.673+0600] {processor.py:914} INFO - Processing file /home/shamim/airflow_git/Airflow_project/air_venv/lib/python3.12/site-packages/airflow/example_dags/example_dataset_alias.py for tasks to queue
[2025-02-14T22:04:10.676+0600] {logging_mixin.py:190} INFO - [2025-02-14T22:04:10.675+0600] {dagbag.py:588} INFO - Filling up the DagBag from /home/shamim/airflow_git/Airflow_project/air_venv/lib/python3.12/site-packages/airflow/example_dags/example_dataset_alias.py
[2025-02-14T22:04:11.440+0600] {processor.py:925} INFO - DAG(s) 'dataset_s3_bucket_producer', 'dataset_s3_bucket_consumer', 'dataset_alias_example_alias_consumer', 'dataset_alias_example_alias_producer' retrieved from /home/shamim/airflow_git/Airflow_project/air_venv/lib/python3.12/site-packages/airflow/example_dags/example_dataset_alias.py
[2025-02-14T22:04:11.476+0600] {logging_mixin.py:190} INFO - [2025-02-14T22:04:11.475+0600] {dag.py:3239} INFO - Sync 4 DAGs
[2025-02-14T22:04:11.517+0600] {logging_mixin.py:190} INFO - [2025-02-14T22:04:11.516+0600] {dag.py:4180} INFO - Setting next_dagrun for dataset_alias_example_alias_consumer to None, run_after=None
[2025-02-14T22:04:11.521+0600] {logging_mixin.py:190} INFO - [2025-02-14T22:04:11.521+0600] {dag.py:4180} INFO - Setting next_dagrun for dataset_alias_example_alias_producer to None, run_after=None
[2025-02-14T22:04:11.526+0600] {logging_mixin.py:190} INFO - [2025-02-14T22:04:11.526+0600] {dag.py:4180} INFO - Setting next_dagrun for dataset_s3_bucket_consumer to None, run_after=None
[2025-02-14T22:04:11.528+0600] {logging_mixin.py:190} INFO - [2025-02-14T22:04:11.528+0600] {dag.py:4180} INFO - Setting next_dagrun for dataset_s3_bucket_producer to None, run_after=None
[2025-02-14T22:04:11.560+0600] {processor.py:208} INFO - Processing /home/shamim/airflow_git/Airflow_project/air_venv/lib/python3.12/site-packages/airflow/example_dags/example_dataset_alias.py took 0.900 seconds
[2025-02-14T22:04:42.343+0600] {processor.py:186} INFO - Started process (PID=576118) to work on /home/shamim/airflow_git/Airflow_project/air_venv/lib/python3.12/site-packages/airflow/example_dags/example_dataset_alias.py
[2025-02-14T22:04:42.344+0600] {processor.py:914} INFO - Processing file /home/shamim/airflow_git/Airflow_project/air_venv/lib/python3.12/site-packages/airflow/example_dags/example_dataset_alias.py for tasks to queue
[2025-02-14T22:04:42.348+0600] {logging_mixin.py:190} INFO - [2025-02-14T22:04:42.347+0600] {dagbag.py:588} INFO - Filling up the DagBag from /home/shamim/airflow_git/Airflow_project/air_venv/lib/python3.12/site-packages/airflow/example_dags/example_dataset_alias.py
[2025-02-14T22:04:43.134+0600] {processor.py:925} INFO - DAG(s) 'dataset_s3_bucket_producer', 'dataset_alias_example_alias_consumer', 'dataset_alias_example_alias_producer', 'dataset_s3_bucket_consumer' retrieved from /home/shamim/airflow_git/Airflow_project/air_venv/lib/python3.12/site-packages/airflow/example_dags/example_dataset_alias.py
[2025-02-14T22:04:43.171+0600] {logging_mixin.py:190} INFO - [2025-02-14T22:04:43.170+0600] {dag.py:3239} INFO - Sync 4 DAGs
[2025-02-14T22:04:43.204+0600] {logging_mixin.py:190} INFO - [2025-02-14T22:04:43.204+0600] {dag.py:4180} INFO - Setting next_dagrun for dataset_alias_example_alias_consumer to None, run_after=None
[2025-02-14T22:04:43.208+0600] {logging_mixin.py:190} INFO - [2025-02-14T22:04:43.208+0600] {dag.py:4180} INFO - Setting next_dagrun for dataset_alias_example_alias_producer to None, run_after=None
[2025-02-14T22:04:43.211+0600] {logging_mixin.py:190} INFO - [2025-02-14T22:04:43.210+0600] {dag.py:4180} INFO - Setting next_dagrun for dataset_s3_bucket_consumer to None, run_after=None
[2025-02-14T22:04:43.213+0600] {logging_mixin.py:190} INFO - [2025-02-14T22:04:43.212+0600] {dag.py:4180} INFO - Setting next_dagrun for dataset_s3_bucket_producer to None, run_after=None
[2025-02-14T22:04:43.242+0600] {processor.py:208} INFO - Processing /home/shamim/airflow_git/Airflow_project/air_venv/lib/python3.12/site-packages/airflow/example_dags/example_dataset_alias.py took 0.909 seconds
[2025-02-14T22:05:17.900+0600] {processor.py:186} INFO - Started process (PID=576691) to work on /home/shamim/airflow_git/Airflow_project/air_venv/lib/python3.12/site-packages/airflow/example_dags/example_dataset_alias.py
[2025-02-14T22:05:17.906+0600] {processor.py:914} INFO - Processing file /home/shamim/airflow_git/Airflow_project/air_venv/lib/python3.12/site-packages/airflow/example_dags/example_dataset_alias.py for tasks to queue
[2025-02-14T22:05:17.916+0600] {logging_mixin.py:190} INFO - [2025-02-14T22:05:17.915+0600] {dagbag.py:588} INFO - Filling up the DagBag from /home/shamim/airflow_git/Airflow_project/air_venv/lib/python3.12/site-packages/airflow/example_dags/example_dataset_alias.py
[2025-02-14T22:05:19.842+0600] {processor.py:925} INFO - DAG(s) 'dataset_s3_bucket_consumer', 'dataset_alias_example_alias_consumer', 'dataset_alias_example_alias_producer', 'dataset_s3_bucket_producer' retrieved from /home/shamim/airflow_git/Airflow_project/air_venv/lib/python3.12/site-packages/airflow/example_dags/example_dataset_alias.py
[2025-02-14T22:05:19.939+0600] {logging_mixin.py:190} INFO - [2025-02-14T22:05:19.938+0600] {dag.py:3239} INFO - Sync 4 DAGs
[2025-02-14T22:05:19.990+0600] {logging_mixin.py:190} INFO - [2025-02-14T22:05:19.990+0600] {dag.py:4180} INFO - Setting next_dagrun for dataset_alias_example_alias_consumer to None, run_after=None
[2025-02-14T22:05:19.995+0600] {logging_mixin.py:190} INFO - [2025-02-14T22:05:19.995+0600] {dag.py:4180} INFO - Setting next_dagrun for dataset_alias_example_alias_producer to None, run_after=None
[2025-02-14T22:05:20.002+0600] {logging_mixin.py:190} INFO - [2025-02-14T22:05:19.999+0600] {dag.py:4180} INFO - Setting next_dagrun for dataset_s3_bucket_consumer to None, run_after=None
[2025-02-14T22:05:20.005+0600] {logging_mixin.py:190} INFO - [2025-02-14T22:05:20.004+0600] {dag.py:4180} INFO - Setting next_dagrun for dataset_s3_bucket_producer to None, run_after=None
[2025-02-14T22:05:20.087+0600] {processor.py:208} INFO - Processing /home/shamim/airflow_git/Airflow_project/air_venv/lib/python3.12/site-packages/airflow/example_dags/example_dataset_alias.py took 2.215 seconds
[2025-02-14T22:05:55.899+0600] {processor.py:186} INFO - Started process (PID=577388) to work on /home/shamim/airflow_git/Airflow_project/air_venv/lib/python3.12/site-packages/airflow/example_dags/example_dataset_alias.py
[2025-02-14T22:05:55.901+0600] {processor.py:914} INFO - Processing file /home/shamim/airflow_git/Airflow_project/air_venv/lib/python3.12/site-packages/airflow/example_dags/example_dataset_alias.py for tasks to queue
[2025-02-14T22:05:55.905+0600] {logging_mixin.py:190} INFO - [2025-02-14T22:05:55.904+0600] {dagbag.py:588} INFO - Filling up the DagBag from /home/shamim/airflow_git/Airflow_project/air_venv/lib/python3.12/site-packages/airflow/example_dags/example_dataset_alias.py
[2025-02-14T22:05:57.132+0600] {processor.py:925} INFO - DAG(s) 'dataset_s3_bucket_producer', 'dataset_alias_example_alias_consumer', 'dataset_s3_bucket_consumer', 'dataset_alias_example_alias_producer' retrieved from /home/shamim/airflow_git/Airflow_project/air_venv/lib/python3.12/site-packages/airflow/example_dags/example_dataset_alias.py
[2025-02-14T22:05:57.191+0600] {logging_mixin.py:190} INFO - [2025-02-14T22:05:57.190+0600] {dag.py:3239} INFO - Sync 4 DAGs
[2025-02-14T22:05:57.249+0600] {logging_mixin.py:190} INFO - [2025-02-14T22:05:57.248+0600] {dag.py:4180} INFO - Setting next_dagrun for dataset_alias_example_alias_consumer to None, run_after=None
[2025-02-14T22:05:57.255+0600] {logging_mixin.py:190} INFO - [2025-02-14T22:05:57.255+0600] {dag.py:4180} INFO - Setting next_dagrun for dataset_alias_example_alias_producer to None, run_after=None
[2025-02-14T22:05:57.259+0600] {logging_mixin.py:190} INFO - [2025-02-14T22:05:57.259+0600] {dag.py:4180} INFO - Setting next_dagrun for dataset_s3_bucket_consumer to None, run_after=None
[2025-02-14T22:05:57.262+0600] {logging_mixin.py:190} INFO - [2025-02-14T22:05:57.262+0600] {dag.py:4180} INFO - Setting next_dagrun for dataset_s3_bucket_producer to None, run_after=None
[2025-02-14T22:05:57.303+0600] {processor.py:208} INFO - Processing /home/shamim/airflow_git/Airflow_project/air_venv/lib/python3.12/site-packages/airflow/example_dags/example_dataset_alias.py took 1.420 seconds
[2025-02-14T22:06:28.031+0600] {processor.py:186} INFO - Started process (PID=577945) to work on /home/shamim/airflow_git/Airflow_project/air_venv/lib/python3.12/site-packages/airflow/example_dags/example_dataset_alias.py
[2025-02-14T22:06:28.033+0600] {processor.py:914} INFO - Processing file /home/shamim/airflow_git/Airflow_project/air_venv/lib/python3.12/site-packages/airflow/example_dags/example_dataset_alias.py for tasks to queue
[2025-02-14T22:06:28.038+0600] {logging_mixin.py:190} INFO - [2025-02-14T22:06:28.037+0600] {dagbag.py:588} INFO - Filling up the DagBag from /home/shamim/airflow_git/Airflow_project/air_venv/lib/python3.12/site-packages/airflow/example_dags/example_dataset_alias.py
[2025-02-14T22:06:29.266+0600] {processor.py:925} INFO - DAG(s) 'dataset_alias_example_alias_consumer', 'dataset_s3_bucket_consumer', 'dataset_s3_bucket_producer', 'dataset_alias_example_alias_producer' retrieved from /home/shamim/airflow_git/Airflow_project/air_venv/lib/python3.12/site-packages/airflow/example_dags/example_dataset_alias.py
[2025-02-14T22:06:29.296+0600] {logging_mixin.py:190} INFO - [2025-02-14T22:06:29.295+0600] {dag.py:3239} INFO - Sync 4 DAGs
[2025-02-14T22:06:29.332+0600] {logging_mixin.py:190} INFO - [2025-02-14T22:06:29.331+0600] {dag.py:4180} INFO - Setting next_dagrun for dataset_alias_example_alias_consumer to None, run_after=None
[2025-02-14T22:06:29.335+0600] {logging_mixin.py:190} INFO - [2025-02-14T22:06:29.335+0600] {dag.py:4180} INFO - Setting next_dagrun for dataset_alias_example_alias_producer to None, run_after=None
[2025-02-14T22:06:29.337+0600] {logging_mixin.py:190} INFO - [2025-02-14T22:06:29.337+0600] {dag.py:4180} INFO - Setting next_dagrun for dataset_s3_bucket_consumer to None, run_after=None
[2025-02-14T22:06:29.339+0600] {logging_mixin.py:190} INFO - [2025-02-14T22:06:29.339+0600] {dag.py:4180} INFO - Setting next_dagrun for dataset_s3_bucket_producer to None, run_after=None
[2025-02-14T22:06:29.375+0600] {processor.py:208} INFO - Processing /home/shamim/airflow_git/Airflow_project/air_venv/lib/python3.12/site-packages/airflow/example_dags/example_dataset_alias.py took 1.359 seconds
[2025-02-14T22:06:59.950+0600] {processor.py:186} INFO - Started process (PID=578384) to work on /home/shamim/airflow_git/Airflow_project/air_venv/lib/python3.12/site-packages/airflow/example_dags/example_dataset_alias.py
[2025-02-14T22:06:59.958+0600] {processor.py:914} INFO - Processing file /home/shamim/airflow_git/Airflow_project/air_venv/lib/python3.12/site-packages/airflow/example_dags/example_dataset_alias.py for tasks to queue
[2025-02-14T22:06:59.964+0600] {logging_mixin.py:190} INFO - [2025-02-14T22:06:59.963+0600] {dagbag.py:588} INFO - Filling up the DagBag from /home/shamim/airflow_git/Airflow_project/air_venv/lib/python3.12/site-packages/airflow/example_dags/example_dataset_alias.py
[2025-02-14T22:07:00.567+0600] {processor.py:925} INFO - DAG(s) 'dataset_alias_example_alias_producer', 'dataset_alias_example_alias_consumer', 'dataset_s3_bucket_producer', 'dataset_s3_bucket_consumer' retrieved from /home/shamim/airflow_git/Airflow_project/air_venv/lib/python3.12/site-packages/airflow/example_dags/example_dataset_alias.py
[2025-02-14T22:07:00.597+0600] {logging_mixin.py:190} INFO - [2025-02-14T22:07:00.596+0600] {dag.py:3239} INFO - Sync 4 DAGs
[2025-02-14T22:07:00.625+0600] {logging_mixin.py:190} INFO - [2025-02-14T22:07:00.624+0600] {dag.py:4180} INFO - Setting next_dagrun for dataset_alias_example_alias_consumer to None, run_after=None
[2025-02-14T22:07:00.628+0600] {logging_mixin.py:190} INFO - [2025-02-14T22:07:00.628+0600] {dag.py:4180} INFO - Setting next_dagrun for dataset_alias_example_alias_producer to None, run_after=None
[2025-02-14T22:07:00.630+0600] {logging_mixin.py:190} INFO - [2025-02-14T22:07:00.629+0600] {dag.py:4180} INFO - Setting next_dagrun for dataset_s3_bucket_consumer to None, run_after=None
[2025-02-14T22:07:00.632+0600] {logging_mixin.py:190} INFO - [2025-02-14T22:07:00.631+0600] {dag.py:4180} INFO - Setting next_dagrun for dataset_s3_bucket_producer to None, run_after=None
[2025-02-14T22:07:00.667+0600] {processor.py:208} INFO - Processing /home/shamim/airflow_git/Airflow_project/air_venv/lib/python3.12/site-packages/airflow/example_dags/example_dataset_alias.py took 0.739 seconds
[2025-02-14T22:07:30.775+0600] {processor.py:186} INFO - Started process (PID=578863) to work on /home/shamim/airflow_git/Airflow_project/air_venv/lib/python3.12/site-packages/airflow/example_dags/example_dataset_alias.py
[2025-02-14T22:07:30.776+0600] {processor.py:914} INFO - Processing file /home/shamim/airflow_git/Airflow_project/air_venv/lib/python3.12/site-packages/airflow/example_dags/example_dataset_alias.py for tasks to queue
[2025-02-14T22:07:30.779+0600] {logging_mixin.py:190} INFO - [2025-02-14T22:07:30.779+0600] {dagbag.py:588} INFO - Filling up the DagBag from /home/shamim/airflow_git/Airflow_project/air_venv/lib/python3.12/site-packages/airflow/example_dags/example_dataset_alias.py
[2025-02-14T22:07:31.435+0600] {processor.py:925} INFO - DAG(s) 'dataset_s3_bucket_consumer', 'dataset_s3_bucket_producer', 'dataset_alias_example_alias_producer', 'dataset_alias_example_alias_consumer' retrieved from /home/shamim/airflow_git/Airflow_project/air_venv/lib/python3.12/site-packages/airflow/example_dags/example_dataset_alias.py
[2025-02-14T22:07:31.461+0600] {logging_mixin.py:190} INFO - [2025-02-14T22:07:31.460+0600] {dag.py:3239} INFO - Sync 4 DAGs
[2025-02-14T22:07:31.491+0600] {logging_mixin.py:190} INFO - [2025-02-14T22:07:31.491+0600] {dag.py:4180} INFO - Setting next_dagrun for dataset_alias_example_alias_consumer to None, run_after=None
[2025-02-14T22:07:31.494+0600] {logging_mixin.py:190} INFO - [2025-02-14T22:07:31.494+0600] {dag.py:4180} INFO - Setting next_dagrun for dataset_alias_example_alias_producer to None, run_after=None
[2025-02-14T22:07:31.496+0600] {logging_mixin.py:190} INFO - [2025-02-14T22:07:31.496+0600] {dag.py:4180} INFO - Setting next_dagrun for dataset_s3_bucket_consumer to None, run_after=None
[2025-02-14T22:07:31.498+0600] {logging_mixin.py:190} INFO - [2025-02-14T22:07:31.498+0600] {dag.py:4180} INFO - Setting next_dagrun for dataset_s3_bucket_producer to None, run_after=None
[2025-02-14T22:07:31.530+0600] {processor.py:208} INFO - Processing /home/shamim/airflow_git/Airflow_project/air_venv/lib/python3.12/site-packages/airflow/example_dags/example_dataset_alias.py took 0.764 seconds
[2025-02-14T22:08:02.599+0600] {processor.py:186} INFO - Started process (PID=579417) to work on /home/shamim/airflow_git/Airflow_project/air_venv/lib/python3.12/site-packages/airflow/example_dags/example_dataset_alias.py
[2025-02-14T22:08:02.601+0600] {processor.py:914} INFO - Processing file /home/shamim/airflow_git/Airflow_project/air_venv/lib/python3.12/site-packages/airflow/example_dags/example_dataset_alias.py for tasks to queue
[2025-02-14T22:08:02.602+0600] {logging_mixin.py:190} INFO - [2025-02-14T22:08:02.602+0600] {dagbag.py:588} INFO - Filling up the DagBag from /home/shamim/airflow_git/Airflow_project/air_venv/lib/python3.12/site-packages/airflow/example_dags/example_dataset_alias.py
[2025-02-14T22:08:03.320+0600] {processor.py:925} INFO - DAG(s) 'dataset_alias_example_alias_producer', 'dataset_s3_bucket_producer', 'dataset_s3_bucket_consumer', 'dataset_alias_example_alias_consumer' retrieved from /home/shamim/airflow_git/Airflow_project/air_venv/lib/python3.12/site-packages/airflow/example_dags/example_dataset_alias.py
[2025-02-14T22:08:03.369+0600] {logging_mixin.py:190} INFO - [2025-02-14T22:08:03.369+0600] {dag.py:3239} INFO - Sync 4 DAGs
[2025-02-14T22:08:03.423+0600] {logging_mixin.py:190} INFO - [2025-02-14T22:08:03.423+0600] {dag.py:4180} INFO - Setting next_dagrun for dataset_alias_example_alias_consumer to None, run_after=None
[2025-02-14T22:08:03.427+0600] {logging_mixin.py:190} INFO - [2025-02-14T22:08:03.427+0600] {dag.py:4180} INFO - Setting next_dagrun for dataset_alias_example_alias_producer to None, run_after=None
[2025-02-14T22:08:03.429+0600] {logging_mixin.py:190} INFO - [2025-02-14T22:08:03.428+0600] {dag.py:4180} INFO - Setting next_dagrun for dataset_s3_bucket_consumer to None, run_after=None
[2025-02-14T22:08:03.431+0600] {logging_mixin.py:190} INFO - [2025-02-14T22:08:03.430+0600] {dag.py:4180} INFO - Setting next_dagrun for dataset_s3_bucket_producer to None, run_after=None
[2025-02-14T22:08:03.457+0600] {processor.py:208} INFO - Processing /home/shamim/airflow_git/Airflow_project/air_venv/lib/python3.12/site-packages/airflow/example_dags/example_dataset_alias.py took 0.869 seconds
[2025-02-14T22:08:34.453+0600] {processor.py:186} INFO - Started process (PID=579843) to work on /home/shamim/airflow_git/Airflow_project/air_venv/lib/python3.12/site-packages/airflow/example_dags/example_dataset_alias.py
[2025-02-14T22:08:34.455+0600] {processor.py:914} INFO - Processing file /home/shamim/airflow_git/Airflow_project/air_venv/lib/python3.12/site-packages/airflow/example_dags/example_dataset_alias.py for tasks to queue
[2025-02-14T22:08:34.457+0600] {logging_mixin.py:190} INFO - [2025-02-14T22:08:34.456+0600] {dagbag.py:588} INFO - Filling up the DagBag from /home/shamim/airflow_git/Airflow_project/air_venv/lib/python3.12/site-packages/airflow/example_dags/example_dataset_alias.py
[2025-02-14T22:08:35.368+0600] {processor.py:925} INFO - DAG(s) 'dataset_s3_bucket_consumer', 'dataset_s3_bucket_producer', 'dataset_alias_example_alias_consumer', 'dataset_alias_example_alias_producer' retrieved from /home/shamim/airflow_git/Airflow_project/air_venv/lib/python3.12/site-packages/airflow/example_dags/example_dataset_alias.py
[2025-02-14T22:08:35.402+0600] {logging_mixin.py:190} INFO - [2025-02-14T22:08:35.402+0600] {dag.py:3239} INFO - Sync 4 DAGs
[2025-02-14T22:08:35.437+0600] {logging_mixin.py:190} INFO - [2025-02-14T22:08:35.436+0600] {dag.py:4180} INFO - Setting next_dagrun for dataset_alias_example_alias_consumer to None, run_after=None
[2025-02-14T22:08:35.441+0600] {logging_mixin.py:190} INFO - [2025-02-14T22:08:35.441+0600] {dag.py:4180} INFO - Setting next_dagrun for dataset_alias_example_alias_producer to None, run_after=None
[2025-02-14T22:08:35.444+0600] {logging_mixin.py:190} INFO - [2025-02-14T22:08:35.443+0600] {dag.py:4180} INFO - Setting next_dagrun for dataset_s3_bucket_consumer to None, run_after=None
[2025-02-14T22:08:35.445+0600] {logging_mixin.py:190} INFO - [2025-02-14T22:08:35.445+0600] {dag.py:4180} INFO - Setting next_dagrun for dataset_s3_bucket_producer to None, run_after=None
[2025-02-14T22:08:35.475+0600] {processor.py:208} INFO - Processing /home/shamim/airflow_git/Airflow_project/air_venv/lib/python3.12/site-packages/airflow/example_dags/example_dataset_alias.py took 1.037 seconds
[2025-02-14T22:09:05.670+0600] {processor.py:186} INFO - Started process (PID=580278) to work on /home/shamim/airflow_git/Airflow_project/air_venv/lib/python3.12/site-packages/airflow/example_dags/example_dataset_alias.py
[2025-02-14T22:09:05.672+0600] {processor.py:914} INFO - Processing file /home/shamim/airflow_git/Airflow_project/air_venv/lib/python3.12/site-packages/airflow/example_dags/example_dataset_alias.py for tasks to queue
[2025-02-14T22:09:05.674+0600] {logging_mixin.py:190} INFO - [2025-02-14T22:09:05.674+0600] {dagbag.py:588} INFO - Filling up the DagBag from /home/shamim/airflow_git/Airflow_project/air_venv/lib/python3.12/site-packages/airflow/example_dags/example_dataset_alias.py
[2025-02-14T22:09:06.422+0600] {processor.py:925} INFO - DAG(s) 'dataset_s3_bucket_producer', 'dataset_alias_example_alias_producer', 'dataset_s3_bucket_consumer', 'dataset_alias_example_alias_consumer' retrieved from /home/shamim/airflow_git/Airflow_project/air_venv/lib/python3.12/site-packages/airflow/example_dags/example_dataset_alias.py
[2025-02-14T22:09:06.457+0600] {logging_mixin.py:190} INFO - [2025-02-14T22:09:06.456+0600] {dag.py:3239} INFO - Sync 4 DAGs
[2025-02-14T22:09:06.492+0600] {logging_mixin.py:190} INFO - [2025-02-14T22:09:06.492+0600] {dag.py:4180} INFO - Setting next_dagrun for dataset_alias_example_alias_consumer to None, run_after=None
[2025-02-14T22:09:06.497+0600] {logging_mixin.py:190} INFO - [2025-02-14T22:09:06.496+0600] {dag.py:4180} INFO - Setting next_dagrun for dataset_alias_example_alias_producer to None, run_after=None
[2025-02-14T22:09:06.499+0600] {logging_mixin.py:190} INFO - [2025-02-14T22:09:06.498+0600] {dag.py:4180} INFO - Setting next_dagrun for dataset_s3_bucket_consumer to None, run_after=None
[2025-02-14T22:09:06.501+0600] {logging_mixin.py:190} INFO - [2025-02-14T22:09:06.500+0600] {dag.py:4180} INFO - Setting next_dagrun for dataset_s3_bucket_producer to None, run_after=None
[2025-02-14T22:09:06.529+0600] {processor.py:208} INFO - Processing /home/shamim/airflow_git/Airflow_project/air_venv/lib/python3.12/site-packages/airflow/example_dags/example_dataset_alias.py took 0.870 seconds
[2025-02-14T22:09:37.546+0600] {processor.py:186} INFO - Started process (PID=580839) to work on /home/shamim/airflow_git/Airflow_project/air_venv/lib/python3.12/site-packages/airflow/example_dags/example_dataset_alias.py
[2025-02-14T22:09:37.548+0600] {processor.py:914} INFO - Processing file /home/shamim/airflow_git/Airflow_project/air_venv/lib/python3.12/site-packages/airflow/example_dags/example_dataset_alias.py for tasks to queue
[2025-02-14T22:09:37.550+0600] {logging_mixin.py:190} INFO - [2025-02-14T22:09:37.549+0600] {dagbag.py:588} INFO - Filling up the DagBag from /home/shamim/airflow_git/Airflow_project/air_venv/lib/python3.12/site-packages/airflow/example_dags/example_dataset_alias.py
[2025-02-14T22:09:38.398+0600] {processor.py:925} INFO - DAG(s) 'dataset_s3_bucket_producer', 'dataset_alias_example_alias_producer', 'dataset_alias_example_alias_consumer', 'dataset_s3_bucket_consumer' retrieved from /home/shamim/airflow_git/Airflow_project/air_venv/lib/python3.12/site-packages/airflow/example_dags/example_dataset_alias.py
[2025-02-14T22:09:38.429+0600] {logging_mixin.py:190} INFO - [2025-02-14T22:09:38.428+0600] {dag.py:3239} INFO - Sync 4 DAGs
[2025-02-14T22:09:38.461+0600] {logging_mixin.py:190} INFO - [2025-02-14T22:09:38.461+0600] {dag.py:4180} INFO - Setting next_dagrun for dataset_alias_example_alias_consumer to None, run_after=None
[2025-02-14T22:09:38.465+0600] {logging_mixin.py:190} INFO - [2025-02-14T22:09:38.465+0600] {dag.py:4180} INFO - Setting next_dagrun for dataset_alias_example_alias_producer to None, run_after=None
[2025-02-14T22:09:38.470+0600] {logging_mixin.py:190} INFO - [2025-02-14T22:09:38.470+0600] {dag.py:4180} INFO - Setting next_dagrun for dataset_s3_bucket_consumer to None, run_after=None
[2025-02-14T22:09:38.472+0600] {logging_mixin.py:190} INFO - [2025-02-14T22:09:38.472+0600] {dag.py:4180} INFO - Setting next_dagrun for dataset_s3_bucket_producer to None, run_after=None
[2025-02-14T22:09:38.498+0600] {processor.py:208} INFO - Processing /home/shamim/airflow_git/Airflow_project/air_venv/lib/python3.12/site-packages/airflow/example_dags/example_dataset_alias.py took 0.963 seconds
[2025-02-14T22:10:08.631+0600] {processor.py:186} INFO - Started process (PID=581299) to work on /home/shamim/airflow_git/Airflow_project/air_venv/lib/python3.12/site-packages/airflow/example_dags/example_dataset_alias.py
[2025-02-14T22:10:08.633+0600] {processor.py:914} INFO - Processing file /home/shamim/airflow_git/Airflow_project/air_venv/lib/python3.12/site-packages/airflow/example_dags/example_dataset_alias.py for tasks to queue
[2025-02-14T22:10:08.635+0600] {logging_mixin.py:190} INFO - [2025-02-14T22:10:08.634+0600] {dagbag.py:588} INFO - Filling up the DagBag from /home/shamim/airflow_git/Airflow_project/air_venv/lib/python3.12/site-packages/airflow/example_dags/example_dataset_alias.py
[2025-02-14T22:10:09.263+0600] {processor.py:925} INFO - DAG(s) 'dataset_s3_bucket_consumer', 'dataset_alias_example_alias_producer', 'dataset_s3_bucket_producer', 'dataset_alias_example_alias_consumer' retrieved from /home/shamim/airflow_git/Airflow_project/air_venv/lib/python3.12/site-packages/airflow/example_dags/example_dataset_alias.py
[2025-02-14T22:10:09.288+0600] {logging_mixin.py:190} INFO - [2025-02-14T22:10:09.288+0600] {dag.py:3239} INFO - Sync 4 DAGs
[2025-02-14T22:10:09.320+0600] {logging_mixin.py:190} INFO - [2025-02-14T22:10:09.320+0600] {dag.py:4180} INFO - Setting next_dagrun for dataset_alias_example_alias_consumer to None, run_after=None
[2025-02-14T22:10:09.323+0600] {logging_mixin.py:190} INFO - [2025-02-14T22:10:09.323+0600] {dag.py:4180} INFO - Setting next_dagrun for dataset_alias_example_alias_producer to None, run_after=None
[2025-02-14T22:10:09.325+0600] {logging_mixin.py:190} INFO - [2025-02-14T22:10:09.325+0600] {dag.py:4180} INFO - Setting next_dagrun for dataset_s3_bucket_consumer to None, run_after=None
[2025-02-14T22:10:09.327+0600] {logging_mixin.py:190} INFO - [2025-02-14T22:10:09.327+0600] {dag.py:4180} INFO - Setting next_dagrun for dataset_s3_bucket_producer to None, run_after=None
[2025-02-14T22:10:09.358+0600] {processor.py:208} INFO - Processing /home/shamim/airflow_git/Airflow_project/air_venv/lib/python3.12/site-packages/airflow/example_dags/example_dataset_alias.py took 0.736 seconds
