[2025-02-14T21:56:18.487+0600] {processor.py:186} INFO - Started process (PID=572488) to work on /home/shamim/airflow_git/Airflow_project/air_venv/lib/python3.12/site-packages/airflow/example_dags/example_time_delta_sensor_async.py
[2025-02-14T21:56:18.488+0600] {processor.py:914} INFO - Processing file /home/shamim/airflow_git/Airflow_project/air_venv/lib/python3.12/site-packages/airflow/example_dags/example_time_delta_sensor_async.py for tasks to queue
[2025-02-14T21:56:18.489+0600] {logging_mixin.py:190} INFO - [2025-02-14T21:56:18.489+0600] {dagbag.py:588} INFO - Filling up the DagBag from /home/shamim/airflow_git/Airflow_project/air_venv/lib/python3.12/site-packages/airflow/example_dags/example_time_delta_sensor_async.py
[2025-02-14T21:56:18.501+0600] {processor.py:925} INFO - DAG(s) 'example_time_delta_sensor_async' retrieved from /home/shamim/airflow_git/Airflow_project/air_venv/lib/python3.12/site-packages/airflow/example_dags/example_time_delta_sensor_async.py
[2025-02-14T21:56:18.714+0600] {logging_mixin.py:190} INFO - [2025-02-14T21:56:18.713+0600] {dag.py:3239} INFO - Sync 1 DAGs
[2025-02-14T21:56:18.736+0600] {logging_mixin.py:190} INFO - [2025-02-14T21:56:18.736+0600] {dag.py:4180} INFO - Setting next_dagrun for example_time_delta_sensor_async to None, run_after=None
[2025-02-14T21:56:18.767+0600] {processor.py:208} INFO - Processing /home/shamim/airflow_git/Airflow_project/air_venv/lib/python3.12/site-packages/airflow/example_dags/example_time_delta_sensor_async.py took 0.294 seconds
[2025-02-14T21:56:49.792+0600] {processor.py:186} INFO - Started process (PID=572911) to work on /home/shamim/airflow_git/Airflow_project/air_venv/lib/python3.12/site-packages/airflow/example_dags/example_time_delta_sensor_async.py
[2025-02-14T21:56:49.793+0600] {processor.py:914} INFO - Processing file /home/shamim/airflow_git/Airflow_project/air_venv/lib/python3.12/site-packages/airflow/example_dags/example_time_delta_sensor_async.py for tasks to queue
[2025-02-14T21:56:49.795+0600] {logging_mixin.py:190} INFO - [2025-02-14T21:56:49.795+0600] {dagbag.py:588} INFO - Filling up the DagBag from /home/shamim/airflow_git/Airflow_project/air_venv/lib/python3.12/site-packages/airflow/example_dags/example_time_delta_sensor_async.py
[2025-02-14T21:56:49.804+0600] {processor.py:925} INFO - DAG(s) 'example_time_delta_sensor_async' retrieved from /home/shamim/airflow_git/Airflow_project/air_venv/lib/python3.12/site-packages/airflow/example_dags/example_time_delta_sensor_async.py
[2025-02-14T21:56:49.847+0600] {logging_mixin.py:190} INFO - [2025-02-14T21:56:49.846+0600] {dag.py:3239} INFO - Sync 1 DAGs
[2025-02-14T21:56:49.869+0600] {logging_mixin.py:190} INFO - [2025-02-14T21:56:49.868+0600] {dag.py:4180} INFO - Setting next_dagrun for example_time_delta_sensor_async to None, run_after=None
[2025-02-14T21:56:49.897+0600] {processor.py:208} INFO - Processing /home/shamim/airflow_git/Airflow_project/air_venv/lib/python3.12/site-packages/airflow/example_dags/example_time_delta_sensor_async.py took 0.119 seconds
[2025-02-14T21:57:20.285+0600] {processor.py:186} INFO - Started process (PID=573307) to work on /home/shamim/airflow_git/Airflow_project/air_venv/lib/python3.12/site-packages/airflow/example_dags/example_time_delta_sensor_async.py
[2025-02-14T21:57:20.287+0600] {processor.py:914} INFO - Processing file /home/shamim/airflow_git/Airflow_project/air_venv/lib/python3.12/site-packages/airflow/example_dags/example_time_delta_sensor_async.py for tasks to queue
[2025-02-14T21:57:20.289+0600] {logging_mixin.py:190} INFO - [2025-02-14T21:57:20.288+0600] {dagbag.py:588} INFO - Filling up the DagBag from /home/shamim/airflow_git/Airflow_project/air_venv/lib/python3.12/site-packages/airflow/example_dags/example_time_delta_sensor_async.py
[2025-02-14T21:57:20.301+0600] {processor.py:925} INFO - DAG(s) 'example_time_delta_sensor_async' retrieved from /home/shamim/airflow_git/Airflow_project/air_venv/lib/python3.12/site-packages/airflow/example_dags/example_time_delta_sensor_async.py
[2025-02-14T21:57:20.352+0600] {logging_mixin.py:190} INFO - [2025-02-14T21:57:20.351+0600] {dag.py:3239} INFO - Sync 1 DAGs
[2025-02-14T21:57:20.379+0600] {logging_mixin.py:190} INFO - [2025-02-14T21:57:20.379+0600] {dag.py:4180} INFO - Setting next_dagrun for example_time_delta_sensor_async to None, run_after=None
[2025-02-14T21:57:20.408+0600] {processor.py:208} INFO - Processing /home/shamim/airflow_git/Airflow_project/air_venv/lib/python3.12/site-packages/airflow/example_dags/example_time_delta_sensor_async.py took 0.141 seconds
[2025-02-14T22:02:31.911+0600] {processor.py:186} INFO - Started process (PID=574177) to work on /home/shamim/airflow_git/Airflow_project/air_venv/lib/python3.12/site-packages/airflow/example_dags/example_time_delta_sensor_async.py
[2025-02-14T22:02:31.912+0600] {processor.py:914} INFO - Processing file /home/shamim/airflow_git/Airflow_project/air_venv/lib/python3.12/site-packages/airflow/example_dags/example_time_delta_sensor_async.py for tasks to queue
[2025-02-14T22:02:31.915+0600] {logging_mixin.py:190} INFO - [2025-02-14T22:02:31.915+0600] {dagbag.py:588} INFO - Filling up the DagBag from /home/shamim/airflow_git/Airflow_project/air_venv/lib/python3.12/site-packages/airflow/example_dags/example_time_delta_sensor_async.py
[2025-02-14T22:02:31.927+0600] {processor.py:925} INFO - DAG(s) 'example_time_delta_sensor_async' retrieved from /home/shamim/airflow_git/Airflow_project/air_venv/lib/python3.12/site-packages/airflow/example_dags/example_time_delta_sensor_async.py
[2025-02-14T22:02:31.980+0600] {logging_mixin.py:190} INFO - [2025-02-14T22:02:31.980+0600] {dag.py:3239} INFO - Sync 1 DAGs
[2025-02-14T22:02:32.009+0600] {logging_mixin.py:190} INFO - [2025-02-14T22:02:32.009+0600] {dag.py:4180} INFO - Setting next_dagrun for example_time_delta_sensor_async to None, run_after=None
[2025-02-14T22:02:32.036+0600] {processor.py:208} INFO - Processing /home/shamim/airflow_git/Airflow_project/air_venv/lib/python3.12/site-packages/airflow/example_dags/example_time_delta_sensor_async.py took 0.135 seconds
[2025-02-14T22:03:02.682+0600] {processor.py:186} INFO - Started process (PID=574629) to work on /home/shamim/airflow_git/Airflow_project/air_venv/lib/python3.12/site-packages/airflow/example_dags/example_time_delta_sensor_async.py
[2025-02-14T22:03:02.683+0600] {processor.py:914} INFO - Processing file /home/shamim/airflow_git/Airflow_project/air_venv/lib/python3.12/site-packages/airflow/example_dags/example_time_delta_sensor_async.py for tasks to queue
[2025-02-14T22:03:02.686+0600] {logging_mixin.py:190} INFO - [2025-02-14T22:03:02.685+0600] {dagbag.py:588} INFO - Filling up the DagBag from /home/shamim/airflow_git/Airflow_project/air_venv/lib/python3.12/site-packages/airflow/example_dags/example_time_delta_sensor_async.py
[2025-02-14T22:03:02.695+0600] {processor.py:925} INFO - DAG(s) 'example_time_delta_sensor_async' retrieved from /home/shamim/airflow_git/Airflow_project/air_venv/lib/python3.12/site-packages/airflow/example_dags/example_time_delta_sensor_async.py
[2025-02-14T22:03:02.742+0600] {logging_mixin.py:190} INFO - [2025-02-14T22:03:02.742+0600] {dag.py:3239} INFO - Sync 1 DAGs
[2025-02-14T22:03:02.763+0600] {logging_mixin.py:190} INFO - [2025-02-14T22:03:02.763+0600] {dag.py:4180} INFO - Setting next_dagrun for example_time_delta_sensor_async to None, run_after=None
[2025-02-14T22:03:02.791+0600] {processor.py:208} INFO - Processing /home/shamim/airflow_git/Airflow_project/air_venv/lib/python3.12/site-packages/airflow/example_dags/example_time_delta_sensor_async.py took 0.116 seconds
[2025-02-14T22:03:33.022+0600] {processor.py:186} INFO - Started process (PID=575048) to work on /home/shamim/airflow_git/Airflow_project/air_venv/lib/python3.12/site-packages/airflow/example_dags/example_time_delta_sensor_async.py
[2025-02-14T22:03:33.023+0600] {processor.py:914} INFO - Processing file /home/shamim/airflow_git/Airflow_project/air_venv/lib/python3.12/site-packages/airflow/example_dags/example_time_delta_sensor_async.py for tasks to queue
[2025-02-14T22:03:33.026+0600] {logging_mixin.py:190} INFO - [2025-02-14T22:03:33.026+0600] {dagbag.py:588} INFO - Filling up the DagBag from /home/shamim/airflow_git/Airflow_project/air_venv/lib/python3.12/site-packages/airflow/example_dags/example_time_delta_sensor_async.py
[2025-02-14T22:03:33.036+0600] {processor.py:925} INFO - DAG(s) 'example_time_delta_sensor_async' retrieved from /home/shamim/airflow_git/Airflow_project/air_venv/lib/python3.12/site-packages/airflow/example_dags/example_time_delta_sensor_async.py
[2025-02-14T22:03:33.076+0600] {logging_mixin.py:190} INFO - [2025-02-14T22:03:33.076+0600] {dag.py:3239} INFO - Sync 1 DAGs
[2025-02-14T22:03:33.095+0600] {logging_mixin.py:190} INFO - [2025-02-14T22:03:33.095+0600] {dag.py:4180} INFO - Setting next_dagrun for example_time_delta_sensor_async to None, run_after=None
[2025-02-14T22:03:33.120+0600] {processor.py:208} INFO - Processing /home/shamim/airflow_git/Airflow_project/air_venv/lib/python3.12/site-packages/airflow/example_dags/example_time_delta_sensor_async.py took 0.109 seconds
[2025-02-14T22:04:03.710+0600] {processor.py:186} INFO - Started process (PID=575467) to work on /home/shamim/airflow_git/Airflow_project/air_venv/lib/python3.12/site-packages/airflow/example_dags/example_time_delta_sensor_async.py
[2025-02-14T22:04:03.715+0600] {processor.py:914} INFO - Processing file /home/shamim/airflow_git/Airflow_project/air_venv/lib/python3.12/site-packages/airflow/example_dags/example_time_delta_sensor_async.py for tasks to queue
[2025-02-14T22:04:03.718+0600] {logging_mixin.py:190} INFO - [2025-02-14T22:04:03.718+0600] {dagbag.py:588} INFO - Filling up the DagBag from /home/shamim/airflow_git/Airflow_project/air_venv/lib/python3.12/site-packages/airflow/example_dags/example_time_delta_sensor_async.py
[2025-02-14T22:04:03.727+0600] {processor.py:925} INFO - DAG(s) 'example_time_delta_sensor_async' retrieved from /home/shamim/airflow_git/Airflow_project/air_venv/lib/python3.12/site-packages/airflow/example_dags/example_time_delta_sensor_async.py
[2025-02-14T22:04:03.764+0600] {logging_mixin.py:190} INFO - [2025-02-14T22:04:03.763+0600] {dag.py:3239} INFO - Sync 1 DAGs
[2025-02-14T22:04:03.784+0600] {logging_mixin.py:190} INFO - [2025-02-14T22:04:03.783+0600] {dag.py:4180} INFO - Setting next_dagrun for example_time_delta_sensor_async to None, run_after=None
[2025-02-14T22:04:03.810+0600] {processor.py:208} INFO - Processing /home/shamim/airflow_git/Airflow_project/air_venv/lib/python3.12/site-packages/airflow/example_dags/example_time_delta_sensor_async.py took 0.109 seconds
[2025-02-14T22:04:34.442+0600] {processor.py:186} INFO - Started process (PID=575892) to work on /home/shamim/airflow_git/Airflow_project/air_venv/lib/python3.12/site-packages/airflow/example_dags/example_time_delta_sensor_async.py
[2025-02-14T22:04:34.443+0600] {processor.py:914} INFO - Processing file /home/shamim/airflow_git/Airflow_project/air_venv/lib/python3.12/site-packages/airflow/example_dags/example_time_delta_sensor_async.py for tasks to queue
[2025-02-14T22:04:34.447+0600] {logging_mixin.py:190} INFO - [2025-02-14T22:04:34.446+0600] {dagbag.py:588} INFO - Filling up the DagBag from /home/shamim/airflow_git/Airflow_project/air_venv/lib/python3.12/site-packages/airflow/example_dags/example_time_delta_sensor_async.py
[2025-02-14T22:04:34.458+0600] {processor.py:925} INFO - DAG(s) 'example_time_delta_sensor_async' retrieved from /home/shamim/airflow_git/Airflow_project/air_venv/lib/python3.12/site-packages/airflow/example_dags/example_time_delta_sensor_async.py
[2025-02-14T22:04:34.501+0600] {logging_mixin.py:190} INFO - [2025-02-14T22:04:34.501+0600] {dag.py:3239} INFO - Sync 1 DAGs
[2025-02-14T22:04:34.528+0600] {logging_mixin.py:190} INFO - [2025-02-14T22:04:34.527+0600] {dag.py:4180} INFO - Setting next_dagrun for example_time_delta_sensor_async to None, run_after=None
[2025-02-14T22:04:34.554+0600] {processor.py:208} INFO - Processing /home/shamim/airflow_git/Airflow_project/air_venv/lib/python3.12/site-packages/airflow/example_dags/example_time_delta_sensor_async.py took 0.124 seconds
[2025-02-14T22:05:05.549+0600] {processor.py:186} INFO - Started process (PID=576305) to work on /home/shamim/airflow_git/Airflow_project/air_venv/lib/python3.12/site-packages/airflow/example_dags/example_time_delta_sensor_async.py
[2025-02-14T22:05:05.550+0600] {processor.py:914} INFO - Processing file /home/shamim/airflow_git/Airflow_project/air_venv/lib/python3.12/site-packages/airflow/example_dags/example_time_delta_sensor_async.py for tasks to queue
[2025-02-14T22:05:05.555+0600] {logging_mixin.py:190} INFO - [2025-02-14T22:05:05.554+0600] {dagbag.py:588} INFO - Filling up the DagBag from /home/shamim/airflow_git/Airflow_project/air_venv/lib/python3.12/site-packages/airflow/example_dags/example_time_delta_sensor_async.py
[2025-02-14T22:05:05.568+0600] {processor.py:925} INFO - DAG(s) 'example_time_delta_sensor_async' retrieved from /home/shamim/airflow_git/Airflow_project/air_venv/lib/python3.12/site-packages/airflow/example_dags/example_time_delta_sensor_async.py
[2025-02-14T22:05:05.612+0600] {logging_mixin.py:190} INFO - [2025-02-14T22:05:05.612+0600] {dag.py:3239} INFO - Sync 1 DAGs
[2025-02-14T22:05:05.635+0600] {logging_mixin.py:190} INFO - [2025-02-14T22:05:05.634+0600] {dag.py:4180} INFO - Setting next_dagrun for example_time_delta_sensor_async to None, run_after=None
[2025-02-14T22:05:05.661+0600] {processor.py:208} INFO - Processing /home/shamim/airflow_git/Airflow_project/air_venv/lib/python3.12/site-packages/airflow/example_dags/example_time_delta_sensor_async.py took 0.122 seconds
[2025-02-14T22:05:41.380+0600] {processor.py:186} INFO - Started process (PID=577097) to work on /home/shamim/airflow_git/Airflow_project/air_venv/lib/python3.12/site-packages/airflow/example_dags/example_time_delta_sensor_async.py
[2025-02-14T22:05:41.383+0600] {processor.py:914} INFO - Processing file /home/shamim/airflow_git/Airflow_project/air_venv/lib/python3.12/site-packages/airflow/example_dags/example_time_delta_sensor_async.py for tasks to queue
[2025-02-14T22:05:41.391+0600] {logging_mixin.py:190} INFO - [2025-02-14T22:05:41.390+0600] {dagbag.py:588} INFO - Filling up the DagBag from /home/shamim/airflow_git/Airflow_project/air_venv/lib/python3.12/site-packages/airflow/example_dags/example_time_delta_sensor_async.py
[2025-02-14T22:05:41.415+0600] {processor.py:925} INFO - DAG(s) 'example_time_delta_sensor_async' retrieved from /home/shamim/airflow_git/Airflow_project/air_venv/lib/python3.12/site-packages/airflow/example_dags/example_time_delta_sensor_async.py
[2025-02-14T22:05:41.493+0600] {logging_mixin.py:190} INFO - [2025-02-14T22:05:41.492+0600] {dag.py:3239} INFO - Sync 1 DAGs
[2025-02-14T22:05:41.563+0600] {logging_mixin.py:190} INFO - [2025-02-14T22:05:41.562+0600] {dag.py:4180} INFO - Setting next_dagrun for example_time_delta_sensor_async to None, run_after=None
[2025-02-14T22:05:41.627+0600] {processor.py:208} INFO - Processing /home/shamim/airflow_git/Airflow_project/air_venv/lib/python3.12/site-packages/airflow/example_dags/example_time_delta_sensor_async.py took 0.262 seconds
[2025-02-14T22:06:12.040+0600] {processor.py:186} INFO - Started process (PID=577625) to work on /home/shamim/airflow_git/Airflow_project/air_venv/lib/python3.12/site-packages/airflow/example_dags/example_time_delta_sensor_async.py
[2025-02-14T22:06:12.042+0600] {processor.py:914} INFO - Processing file /home/shamim/airflow_git/Airflow_project/air_venv/lib/python3.12/site-packages/airflow/example_dags/example_time_delta_sensor_async.py for tasks to queue
[2025-02-14T22:06:12.045+0600] {logging_mixin.py:190} INFO - [2025-02-14T22:06:12.045+0600] {dagbag.py:588} INFO - Filling up the DagBag from /home/shamim/airflow_git/Airflow_project/air_venv/lib/python3.12/site-packages/airflow/example_dags/example_time_delta_sensor_async.py
[2025-02-14T22:06:12.056+0600] {processor.py:925} INFO - DAG(s) 'example_time_delta_sensor_async' retrieved from /home/shamim/airflow_git/Airflow_project/air_venv/lib/python3.12/site-packages/airflow/example_dags/example_time_delta_sensor_async.py
[2025-02-14T22:06:12.104+0600] {logging_mixin.py:190} INFO - [2025-02-14T22:06:12.104+0600] {dag.py:3239} INFO - Sync 1 DAGs
[2025-02-14T22:06:12.132+0600] {logging_mixin.py:190} INFO - [2025-02-14T22:06:12.131+0600] {dag.py:4180} INFO - Setting next_dagrun for example_time_delta_sensor_async to None, run_after=None
[2025-02-14T22:06:12.158+0600] {processor.py:208} INFO - Processing /home/shamim/airflow_git/Airflow_project/air_venv/lib/python3.12/site-packages/airflow/example_dags/example_time_delta_sensor_async.py took 0.127 seconds
[2025-02-14T22:06:42.786+0600] {processor.py:186} INFO - Started process (PID=578109) to work on /home/shamim/airflow_git/Airflow_project/air_venv/lib/python3.12/site-packages/airflow/example_dags/example_time_delta_sensor_async.py
[2025-02-14T22:06:42.792+0600] {processor.py:914} INFO - Processing file /home/shamim/airflow_git/Airflow_project/air_venv/lib/python3.12/site-packages/airflow/example_dags/example_time_delta_sensor_async.py for tasks to queue
[2025-02-14T22:06:42.795+0600] {logging_mixin.py:190} INFO - [2025-02-14T22:06:42.795+0600] {dagbag.py:588} INFO - Filling up the DagBag from /home/shamim/airflow_git/Airflow_project/air_venv/lib/python3.12/site-packages/airflow/example_dags/example_time_delta_sensor_async.py
[2025-02-14T22:06:42.804+0600] {processor.py:925} INFO - DAG(s) 'example_time_delta_sensor_async' retrieved from /home/shamim/airflow_git/Airflow_project/air_venv/lib/python3.12/site-packages/airflow/example_dags/example_time_delta_sensor_async.py
[2025-02-14T22:06:42.842+0600] {logging_mixin.py:190} INFO - [2025-02-14T22:06:42.842+0600] {dag.py:3239} INFO - Sync 1 DAGs
[2025-02-14T22:06:42.862+0600] {logging_mixin.py:190} INFO - [2025-02-14T22:06:42.862+0600] {dag.py:4180} INFO - Setting next_dagrun for example_time_delta_sensor_async to None, run_after=None
[2025-02-14T22:06:42.889+0600] {processor.py:208} INFO - Processing /home/shamim/airflow_git/Airflow_project/air_venv/lib/python3.12/site-packages/airflow/example_dags/example_time_delta_sensor_async.py took 0.111 seconds
[2025-02-14T22:07:13.829+0600] {processor.py:186} INFO - Started process (PID=578544) to work on /home/shamim/airflow_git/Airflow_project/air_venv/lib/python3.12/site-packages/airflow/example_dags/example_time_delta_sensor_async.py
[2025-02-14T22:07:13.830+0600] {processor.py:914} INFO - Processing file /home/shamim/airflow_git/Airflow_project/air_venv/lib/python3.12/site-packages/airflow/example_dags/example_time_delta_sensor_async.py for tasks to queue
[2025-02-14T22:07:13.833+0600] {logging_mixin.py:190} INFO - [2025-02-14T22:07:13.833+0600] {dagbag.py:588} INFO - Filling up the DagBag from /home/shamim/airflow_git/Airflow_project/air_venv/lib/python3.12/site-packages/airflow/example_dags/example_time_delta_sensor_async.py
[2025-02-14T22:07:13.845+0600] {processor.py:925} INFO - DAG(s) 'example_time_delta_sensor_async' retrieved from /home/shamim/airflow_git/Airflow_project/air_venv/lib/python3.12/site-packages/airflow/example_dags/example_time_delta_sensor_async.py
[2025-02-14T22:07:13.888+0600] {logging_mixin.py:190} INFO - [2025-02-14T22:07:13.888+0600] {dag.py:3239} INFO - Sync 1 DAGs
[2025-02-14T22:07:13.914+0600] {logging_mixin.py:190} INFO - [2025-02-14T22:07:13.914+0600] {dag.py:4180} INFO - Setting next_dagrun for example_time_delta_sensor_async to None, run_after=None
[2025-02-14T22:07:13.943+0600] {processor.py:208} INFO - Processing /home/shamim/airflow_git/Airflow_project/air_venv/lib/python3.12/site-packages/airflow/example_dags/example_time_delta_sensor_async.py took 0.125 seconds
[2025-02-14T22:07:44.591+0600] {processor.py:186} INFO - Started process (PID=579091) to work on /home/shamim/airflow_git/Airflow_project/air_venv/lib/python3.12/site-packages/airflow/example_dags/example_time_delta_sensor_async.py
[2025-02-14T22:07:44.593+0600] {processor.py:914} INFO - Processing file /home/shamim/airflow_git/Airflow_project/air_venv/lib/python3.12/site-packages/airflow/example_dags/example_time_delta_sensor_async.py for tasks to queue
[2025-02-14T22:07:44.597+0600] {logging_mixin.py:190} INFO - [2025-02-14T22:07:44.595+0600] {dagbag.py:588} INFO - Filling up the DagBag from /home/shamim/airflow_git/Airflow_project/air_venv/lib/python3.12/site-packages/airflow/example_dags/example_time_delta_sensor_async.py
[2025-02-14T22:07:44.616+0600] {processor.py:925} INFO - DAG(s) 'example_time_delta_sensor_async' retrieved from /home/shamim/airflow_git/Airflow_project/air_venv/lib/python3.12/site-packages/airflow/example_dags/example_time_delta_sensor_async.py
[2025-02-14T22:07:44.694+0600] {logging_mixin.py:190} INFO - [2025-02-14T22:07:44.694+0600] {dag.py:3239} INFO - Sync 1 DAGs
[2025-02-14T22:07:44.729+0600] {logging_mixin.py:190} INFO - [2025-02-14T22:07:44.729+0600] {dag.py:4180} INFO - Setting next_dagrun for example_time_delta_sensor_async to None, run_after=None
[2025-02-14T22:07:44.766+0600] {processor.py:208} INFO - Processing /home/shamim/airflow_git/Airflow_project/air_venv/lib/python3.12/site-packages/airflow/example_dags/example_time_delta_sensor_async.py took 0.187 seconds
[2025-02-14T22:08:15.223+0600] {processor.py:186} INFO - Started process (PID=579561) to work on /home/shamim/airflow_git/Airflow_project/air_venv/lib/python3.12/site-packages/airflow/example_dags/example_time_delta_sensor_async.py
[2025-02-14T22:08:15.225+0600] {processor.py:914} INFO - Processing file /home/shamim/airflow_git/Airflow_project/air_venv/lib/python3.12/site-packages/airflow/example_dags/example_time_delta_sensor_async.py for tasks to queue
[2025-02-14T22:08:15.228+0600] {logging_mixin.py:190} INFO - [2025-02-14T22:08:15.227+0600] {dagbag.py:588} INFO - Filling up the DagBag from /home/shamim/airflow_git/Airflow_project/air_venv/lib/python3.12/site-packages/airflow/example_dags/example_time_delta_sensor_async.py
[2025-02-14T22:08:15.241+0600] {processor.py:925} INFO - DAG(s) 'example_time_delta_sensor_async' retrieved from /home/shamim/airflow_git/Airflow_project/air_venv/lib/python3.12/site-packages/airflow/example_dags/example_time_delta_sensor_async.py
[2025-02-14T22:08:15.287+0600] {logging_mixin.py:190} INFO - [2025-02-14T22:08:15.287+0600] {dag.py:3239} INFO - Sync 1 DAGs
[2025-02-14T22:08:15.314+0600] {logging_mixin.py:190} INFO - [2025-02-14T22:08:15.314+0600] {dag.py:4180} INFO - Setting next_dagrun for example_time_delta_sensor_async to None, run_after=None
[2025-02-14T22:08:15.343+0600] {processor.py:208} INFO - Processing /home/shamim/airflow_git/Airflow_project/air_venv/lib/python3.12/site-packages/airflow/example_dags/example_time_delta_sensor_async.py took 0.134 seconds
[2025-02-14T22:08:45.810+0600] {processor.py:186} INFO - Started process (PID=580038) to work on /home/shamim/airflow_git/Airflow_project/air_venv/lib/python3.12/site-packages/airflow/example_dags/example_time_delta_sensor_async.py
[2025-02-14T22:08:45.812+0600] {processor.py:914} INFO - Processing file /home/shamim/airflow_git/Airflow_project/air_venv/lib/python3.12/site-packages/airflow/example_dags/example_time_delta_sensor_async.py for tasks to queue
[2025-02-14T22:08:45.813+0600] {logging_mixin.py:190} INFO - [2025-02-14T22:08:45.813+0600] {dagbag.py:588} INFO - Filling up the DagBag from /home/shamim/airflow_git/Airflow_project/air_venv/lib/python3.12/site-packages/airflow/example_dags/example_time_delta_sensor_async.py
[2025-02-14T22:08:45.822+0600] {processor.py:925} INFO - DAG(s) 'example_time_delta_sensor_async' retrieved from /home/shamim/airflow_git/Airflow_project/air_venv/lib/python3.12/site-packages/airflow/example_dags/example_time_delta_sensor_async.py
[2025-02-14T22:08:45.864+0600] {logging_mixin.py:190} INFO - [2025-02-14T22:08:45.864+0600] {dag.py:3239} INFO - Sync 1 DAGs
[2025-02-14T22:08:45.886+0600] {logging_mixin.py:190} INFO - [2025-02-14T22:08:45.886+0600] {dag.py:4180} INFO - Setting next_dagrun for example_time_delta_sensor_async to None, run_after=None
[2025-02-14T22:08:45.913+0600] {processor.py:208} INFO - Processing /home/shamim/airflow_git/Airflow_project/air_venv/lib/python3.12/site-packages/airflow/example_dags/example_time_delta_sensor_async.py took 0.114 seconds
[2025-02-14T22:09:16.689+0600] {processor.py:186} INFO - Started process (PID=580450) to work on /home/shamim/airflow_git/Airflow_project/air_venv/lib/python3.12/site-packages/airflow/example_dags/example_time_delta_sensor_async.py
[2025-02-14T22:09:16.691+0600] {processor.py:914} INFO - Processing file /home/shamim/airflow_git/Airflow_project/air_venv/lib/python3.12/site-packages/airflow/example_dags/example_time_delta_sensor_async.py for tasks to queue
[2025-02-14T22:09:16.693+0600] {logging_mixin.py:190} INFO - [2025-02-14T22:09:16.693+0600] {dagbag.py:588} INFO - Filling up the DagBag from /home/shamim/airflow_git/Airflow_project/air_venv/lib/python3.12/site-packages/airflow/example_dags/example_time_delta_sensor_async.py
[2025-02-14T22:09:16.721+0600] {processor.py:925} INFO - DAG(s) 'example_time_delta_sensor_async' retrieved from /home/shamim/airflow_git/Airflow_project/air_venv/lib/python3.12/site-packages/airflow/example_dags/example_time_delta_sensor_async.py
[2025-02-14T22:09:16.802+0600] {logging_mixin.py:190} INFO - [2025-02-14T22:09:16.802+0600] {dag.py:3239} INFO - Sync 1 DAGs
[2025-02-14T22:09:16.840+0600] {logging_mixin.py:190} INFO - [2025-02-14T22:09:16.839+0600] {dag.py:4180} INFO - Setting next_dagrun for example_time_delta_sensor_async to None, run_after=None
[2025-02-14T22:09:16.880+0600] {processor.py:208} INFO - Processing /home/shamim/airflow_git/Airflow_project/air_venv/lib/python3.12/site-packages/airflow/example_dags/example_time_delta_sensor_async.py took 0.224 seconds
[2025-02-14T22:09:47.003+0600] {processor.py:186} INFO - Started process (PID=580992) to work on /home/shamim/airflow_git/Airflow_project/air_venv/lib/python3.12/site-packages/airflow/example_dags/example_time_delta_sensor_async.py
[2025-02-14T22:09:47.007+0600] {processor.py:914} INFO - Processing file /home/shamim/airflow_git/Airflow_project/air_venv/lib/python3.12/site-packages/airflow/example_dags/example_time_delta_sensor_async.py for tasks to queue
[2025-02-14T22:09:47.009+0600] {logging_mixin.py:190} INFO - [2025-02-14T22:09:47.009+0600] {dagbag.py:588} INFO - Filling up the DagBag from /home/shamim/airflow_git/Airflow_project/air_venv/lib/python3.12/site-packages/airflow/example_dags/example_time_delta_sensor_async.py
[2025-02-14T22:09:47.023+0600] {processor.py:925} INFO - DAG(s) 'example_time_delta_sensor_async' retrieved from /home/shamim/airflow_git/Airflow_project/air_venv/lib/python3.12/site-packages/airflow/example_dags/example_time_delta_sensor_async.py
[2025-02-14T22:09:47.092+0600] {logging_mixin.py:190} INFO - [2025-02-14T22:09:47.092+0600] {dag.py:3239} INFO - Sync 1 DAGs
[2025-02-14T22:09:47.116+0600] {logging_mixin.py:190} INFO - [2025-02-14T22:09:47.116+0600] {dag.py:4180} INFO - Setting next_dagrun for example_time_delta_sensor_async to None, run_after=None
[2025-02-14T22:09:47.154+0600] {processor.py:208} INFO - Processing /home/shamim/airflow_git/Airflow_project/air_venv/lib/python3.12/site-packages/airflow/example_dags/example_time_delta_sensor_async.py took 0.174 seconds
