[2025-02-14T21:56:25.951+0600] {processor.py:186} INFO - Started process (PID=572667) to work on /home/shamim/airflow_git/Airflow_project/air_venv/lib/python3.12/site-packages/airflow/example_dags/example_dataset_alias_with_no_taskflow.py
[2025-02-14T21:56:25.952+0600] {processor.py:914} INFO - Processing file /home/shamim/airflow_git/Airflow_project/air_venv/lib/python3.12/site-packages/airflow/example_dags/example_dataset_alias_with_no_taskflow.py for tasks to queue
[2025-02-14T21:56:25.953+0600] {logging_mixin.py:190} INFO - [2025-02-14T21:56:25.953+0600] {dagbag.py:588} INFO - Filling up the DagBag from /home/shamim/airflow_git/Airflow_project/air_venv/lib/python3.12/site-packages/airflow/example_dags/example_dataset_alias_with_no_taskflow.py
[2025-02-14T21:56:26.946+0600] {processor.py:925} INFO - DAG(s) 'dataset_alias_example_alias_consumer_with_no_taskflow', 'dataset_alias_example_alias_producer_with_no_taskflow', 'dataset_s3_bucket_producer_with_no_taskflow', 'dataset_s3_bucket_consumer_with_no_taskflow' retrieved from /home/shamim/airflow_git/Airflow_project/air_venv/lib/python3.12/site-packages/airflow/example_dags/example_dataset_alias_with_no_taskflow.py
[2025-02-14T21:56:27.238+0600] {logging_mixin.py:190} INFO - [2025-02-14T21:56:27.237+0600] {dag.py:3239} INFO - Sync 4 DAGs
[2025-02-14T21:56:27.300+0600] {logging_mixin.py:190} INFO - [2025-02-14T21:56:27.299+0600] {dag.py:4180} INFO - Setting next_dagrun for dataset_alias_example_alias_consumer_with_no_taskflow to None, run_after=None
[2025-02-14T21:56:27.305+0600] {logging_mixin.py:190} INFO - [2025-02-14T21:56:27.305+0600] {dag.py:4180} INFO - Setting next_dagrun for dataset_alias_example_alias_producer_with_no_taskflow to None, run_after=None
[2025-02-14T21:56:27.308+0600] {logging_mixin.py:190} INFO - [2025-02-14T21:56:27.308+0600] {dag.py:4180} INFO - Setting next_dagrun for dataset_s3_bucket_consumer_with_no_taskflow to None, run_after=None
[2025-02-14T21:56:27.311+0600] {logging_mixin.py:190} INFO - [2025-02-14T21:56:27.310+0600] {dag.py:4180} INFO - Setting next_dagrun for dataset_s3_bucket_producer_with_no_taskflow to None, run_after=None
[2025-02-14T21:56:27.366+0600] {processor.py:208} INFO - Processing /home/shamim/airflow_git/Airflow_project/air_venv/lib/python3.12/site-packages/airflow/example_dags/example_dataset_alias_with_no_taskflow.py took 1.430 seconds
[2025-02-14T21:56:57.742+0600] {processor.py:186} INFO - Started process (PID=573079) to work on /home/shamim/airflow_git/Airflow_project/air_venv/lib/python3.12/site-packages/airflow/example_dags/example_dataset_alias_with_no_taskflow.py
[2025-02-14T21:56:57.743+0600] {processor.py:914} INFO - Processing file /home/shamim/airflow_git/Airflow_project/air_venv/lib/python3.12/site-packages/airflow/example_dags/example_dataset_alias_with_no_taskflow.py for tasks to queue
[2025-02-14T21:56:57.745+0600] {logging_mixin.py:190} INFO - [2025-02-14T21:56:57.744+0600] {dagbag.py:588} INFO - Filling up the DagBag from /home/shamim/airflow_git/Airflow_project/air_venv/lib/python3.12/site-packages/airflow/example_dags/example_dataset_alias_with_no_taskflow.py
[2025-02-14T21:56:58.392+0600] {processor.py:925} INFO - DAG(s) 'dataset_s3_bucket_producer_with_no_taskflow', 'dataset_s3_bucket_consumer_with_no_taskflow', 'dataset_alias_example_alias_consumer_with_no_taskflow', 'dataset_alias_example_alias_producer_with_no_taskflow' retrieved from /home/shamim/airflow_git/Airflow_project/air_venv/lib/python3.12/site-packages/airflow/example_dags/example_dataset_alias_with_no_taskflow.py
[2025-02-14T21:56:58.418+0600] {logging_mixin.py:190} INFO - [2025-02-14T21:56:58.417+0600] {dag.py:3239} INFO - Sync 4 DAGs
[2025-02-14T21:56:58.447+0600] {logging_mixin.py:190} INFO - [2025-02-14T21:56:58.447+0600] {dag.py:4180} INFO - Setting next_dagrun for dataset_alias_example_alias_consumer_with_no_taskflow to None, run_after=None
[2025-02-14T21:56:58.451+0600] {logging_mixin.py:190} INFO - [2025-02-14T21:56:58.450+0600] {dag.py:4180} INFO - Setting next_dagrun for dataset_alias_example_alias_producer_with_no_taskflow to None, run_after=None
[2025-02-14T21:56:58.453+0600] {logging_mixin.py:190} INFO - [2025-02-14T21:56:58.453+0600] {dag.py:4180} INFO - Setting next_dagrun for dataset_s3_bucket_consumer_with_no_taskflow to None, run_after=None
[2025-02-14T21:56:58.455+0600] {logging_mixin.py:190} INFO - [2025-02-14T21:56:58.455+0600] {dag.py:4180} INFO - Setting next_dagrun for dataset_s3_bucket_producer_with_no_taskflow to None, run_after=None
[2025-02-14T21:56:58.487+0600] {processor.py:208} INFO - Processing /home/shamim/airflow_git/Airflow_project/air_venv/lib/python3.12/site-packages/airflow/example_dags/example_dataset_alias_with_no_taskflow.py took 0.756 seconds
[2025-02-14T21:57:28.599+0600] {processor.py:186} INFO - Started process (PID=573495) to work on /home/shamim/airflow_git/Airflow_project/air_venv/lib/python3.12/site-packages/airflow/example_dags/example_dataset_alias_with_no_taskflow.py
[2025-02-14T21:57:28.600+0600] {processor.py:914} INFO - Processing file /home/shamim/airflow_git/Airflow_project/air_venv/lib/python3.12/site-packages/airflow/example_dags/example_dataset_alias_with_no_taskflow.py for tasks to queue
[2025-02-14T21:57:28.602+0600] {logging_mixin.py:190} INFO - [2025-02-14T21:57:28.602+0600] {dagbag.py:588} INFO - Filling up the DagBag from /home/shamim/airflow_git/Airflow_project/air_venv/lib/python3.12/site-packages/airflow/example_dags/example_dataset_alias_with_no_taskflow.py
[2025-02-14T21:57:29.390+0600] {processor.py:925} INFO - DAG(s) 'dataset_s3_bucket_producer_with_no_taskflow', 'dataset_alias_example_alias_producer_with_no_taskflow', 'dataset_s3_bucket_consumer_with_no_taskflow', 'dataset_alias_example_alias_consumer_with_no_taskflow' retrieved from /home/shamim/airflow_git/Airflow_project/air_venv/lib/python3.12/site-packages/airflow/example_dags/example_dataset_alias_with_no_taskflow.py
[2025-02-14T21:57:29.417+0600] {logging_mixin.py:190} INFO - [2025-02-14T21:57:29.416+0600] {dag.py:3239} INFO - Sync 4 DAGs
[2025-02-14T21:57:29.451+0600] {logging_mixin.py:190} INFO - [2025-02-14T21:57:29.451+0600] {dag.py:4180} INFO - Setting next_dagrun for dataset_alias_example_alias_consumer_with_no_taskflow to None, run_after=None
[2025-02-14T21:57:29.457+0600] {logging_mixin.py:190} INFO - [2025-02-14T21:57:29.457+0600] {dag.py:4180} INFO - Setting next_dagrun for dataset_alias_example_alias_producer_with_no_taskflow to None, run_after=None
[2025-02-14T21:57:29.460+0600] {logging_mixin.py:190} INFO - [2025-02-14T21:57:29.460+0600] {dag.py:4180} INFO - Setting next_dagrun for dataset_s3_bucket_consumer_with_no_taskflow to None, run_after=None
[2025-02-14T21:57:29.463+0600] {logging_mixin.py:190} INFO - [2025-02-14T21:57:29.462+0600] {dag.py:4180} INFO - Setting next_dagrun for dataset_s3_bucket_producer_with_no_taskflow to None, run_after=None
[2025-02-14T21:57:29.496+0600] {processor.py:208} INFO - Processing /home/shamim/airflow_git/Airflow_project/air_venv/lib/python3.12/site-packages/airflow/example_dags/example_dataset_alias_with_no_taskflow.py took 0.911 seconds
[2025-02-14T22:02:34.724+0600] {processor.py:186} INFO - Started process (PID=574342) to work on /home/shamim/airflow_git/Airflow_project/air_venv/lib/python3.12/site-packages/airflow/example_dags/example_dataset_alias_with_no_taskflow.py
[2025-02-14T22:02:34.726+0600] {processor.py:914} INFO - Processing file /home/shamim/airflow_git/Airflow_project/air_venv/lib/python3.12/site-packages/airflow/example_dags/example_dataset_alias_with_no_taskflow.py for tasks to queue
[2025-02-14T22:02:34.729+0600] {logging_mixin.py:190} INFO - [2025-02-14T22:02:34.729+0600] {dagbag.py:588} INFO - Filling up the DagBag from /home/shamim/airflow_git/Airflow_project/air_venv/lib/python3.12/site-packages/airflow/example_dags/example_dataset_alias_with_no_taskflow.py
[2025-02-14T22:02:35.344+0600] {processor.py:925} INFO - DAG(s) 'dataset_alias_example_alias_producer_with_no_taskflow', 'dataset_alias_example_alias_consumer_with_no_taskflow', 'dataset_s3_bucket_consumer_with_no_taskflow', 'dataset_s3_bucket_producer_with_no_taskflow' retrieved from /home/shamim/airflow_git/Airflow_project/air_venv/lib/python3.12/site-packages/airflow/example_dags/example_dataset_alias_with_no_taskflow.py
[2025-02-14T22:02:35.369+0600] {logging_mixin.py:190} INFO - [2025-02-14T22:02:35.368+0600] {dag.py:3239} INFO - Sync 4 DAGs
[2025-02-14T22:02:35.401+0600] {logging_mixin.py:190} INFO - [2025-02-14T22:02:35.400+0600] {dag.py:4180} INFO - Setting next_dagrun for dataset_alias_example_alias_consumer_with_no_taskflow to None, run_after=None
[2025-02-14T22:02:35.404+0600] {logging_mixin.py:190} INFO - [2025-02-14T22:02:35.404+0600] {dag.py:4180} INFO - Setting next_dagrun for dataset_alias_example_alias_producer_with_no_taskflow to None, run_after=None
[2025-02-14T22:02:35.406+0600] {logging_mixin.py:190} INFO - [2025-02-14T22:02:35.405+0600] {dag.py:4180} INFO - Setting next_dagrun for dataset_s3_bucket_consumer_with_no_taskflow to None, run_after=None
[2025-02-14T22:02:35.407+0600] {logging_mixin.py:190} INFO - [2025-02-14T22:02:35.407+0600] {dag.py:4180} INFO - Setting next_dagrun for dataset_s3_bucket_producer_with_no_taskflow to None, run_after=None
[2025-02-14T22:02:35.433+0600] {processor.py:208} INFO - Processing /home/shamim/airflow_git/Airflow_project/air_venv/lib/python3.12/site-packages/airflow/example_dags/example_dataset_alias_with_no_taskflow.py took 0.718 seconds
[2025-02-14T22:03:06.039+0600] {processor.py:186} INFO - Started process (PID=574797) to work on /home/shamim/airflow_git/Airflow_project/air_venv/lib/python3.12/site-packages/airflow/example_dags/example_dataset_alias_with_no_taskflow.py
[2025-02-14T22:03:06.040+0600] {processor.py:914} INFO - Processing file /home/shamim/airflow_git/Airflow_project/air_venv/lib/python3.12/site-packages/airflow/example_dags/example_dataset_alias_with_no_taskflow.py for tasks to queue
[2025-02-14T22:03:06.043+0600] {logging_mixin.py:190} INFO - [2025-02-14T22:03:06.043+0600] {dagbag.py:588} INFO - Filling up the DagBag from /home/shamim/airflow_git/Airflow_project/air_venv/lib/python3.12/site-packages/airflow/example_dags/example_dataset_alias_with_no_taskflow.py
[2025-02-14T22:03:06.799+0600] {processor.py:925} INFO - DAG(s) 'dataset_s3_bucket_consumer_with_no_taskflow', 'dataset_alias_example_alias_producer_with_no_taskflow', 'dataset_alias_example_alias_consumer_with_no_taskflow', 'dataset_s3_bucket_producer_with_no_taskflow' retrieved from /home/shamim/airflow_git/Airflow_project/air_venv/lib/python3.12/site-packages/airflow/example_dags/example_dataset_alias_with_no_taskflow.py
[2025-02-14T22:03:06.829+0600] {logging_mixin.py:190} INFO - [2025-02-14T22:03:06.828+0600] {dag.py:3239} INFO - Sync 4 DAGs
[2025-02-14T22:03:06.863+0600] {logging_mixin.py:190} INFO - [2025-02-14T22:03:06.862+0600] {dag.py:4180} INFO - Setting next_dagrun for dataset_alias_example_alias_consumer_with_no_taskflow to None, run_after=None
[2025-02-14T22:03:06.866+0600] {logging_mixin.py:190} INFO - [2025-02-14T22:03:06.866+0600] {dag.py:4180} INFO - Setting next_dagrun for dataset_alias_example_alias_producer_with_no_taskflow to None, run_after=None
[2025-02-14T22:03:06.868+0600] {logging_mixin.py:190} INFO - [2025-02-14T22:03:06.868+0600] {dag.py:4180} INFO - Setting next_dagrun for dataset_s3_bucket_consumer_with_no_taskflow to None, run_after=None
[2025-02-14T22:03:06.870+0600] {logging_mixin.py:190} INFO - [2025-02-14T22:03:06.870+0600] {dag.py:4180} INFO - Setting next_dagrun for dataset_s3_bucket_producer_with_no_taskflow to None, run_after=None
[2025-02-14T22:03:06.906+0600] {processor.py:208} INFO - Processing /home/shamim/airflow_git/Airflow_project/air_venv/lib/python3.12/site-packages/airflow/example_dags/example_dataset_alias_with_no_taskflow.py took 0.878 seconds
[2025-02-14T22:03:37.384+0600] {processor.py:186} INFO - Started process (PID=575216) to work on /home/shamim/airflow_git/Airflow_project/air_venv/lib/python3.12/site-packages/airflow/example_dags/example_dataset_alias_with_no_taskflow.py
[2025-02-14T22:03:37.386+0600] {processor.py:914} INFO - Processing file /home/shamim/airflow_git/Airflow_project/air_venv/lib/python3.12/site-packages/airflow/example_dags/example_dataset_alias_with_no_taskflow.py for tasks to queue
[2025-02-14T22:03:37.389+0600] {logging_mixin.py:190} INFO - [2025-02-14T22:03:37.389+0600] {dagbag.py:588} INFO - Filling up the DagBag from /home/shamim/airflow_git/Airflow_project/air_venv/lib/python3.12/site-packages/airflow/example_dags/example_dataset_alias_with_no_taskflow.py
[2025-02-14T22:03:38.052+0600] {processor.py:925} INFO - DAG(s) 'dataset_alias_example_alias_producer_with_no_taskflow', 'dataset_alias_example_alias_consumer_with_no_taskflow', 'dataset_s3_bucket_producer_with_no_taskflow', 'dataset_s3_bucket_consumer_with_no_taskflow' retrieved from /home/shamim/airflow_git/Airflow_project/air_venv/lib/python3.12/site-packages/airflow/example_dags/example_dataset_alias_with_no_taskflow.py
[2025-02-14T22:03:38.089+0600] {logging_mixin.py:190} INFO - [2025-02-14T22:03:38.088+0600] {dag.py:3239} INFO - Sync 4 DAGs
[2025-02-14T22:03:38.131+0600] {logging_mixin.py:190} INFO - [2025-02-14T22:03:38.131+0600] {dag.py:4180} INFO - Setting next_dagrun for dataset_alias_example_alias_consumer_with_no_taskflow to None, run_after=None
[2025-02-14T22:03:38.134+0600] {logging_mixin.py:190} INFO - [2025-02-14T22:03:38.134+0600] {dag.py:4180} INFO - Setting next_dagrun for dataset_alias_example_alias_producer_with_no_taskflow to None, run_after=None
[2025-02-14T22:03:38.136+0600] {logging_mixin.py:190} INFO - [2025-02-14T22:03:38.136+0600] {dag.py:4180} INFO - Setting next_dagrun for dataset_s3_bucket_consumer_with_no_taskflow to None, run_after=None
[2025-02-14T22:03:38.138+0600] {logging_mixin.py:190} INFO - [2025-02-14T22:03:38.138+0600] {dag.py:4180} INFO - Setting next_dagrun for dataset_s3_bucket_producer_with_no_taskflow to None, run_after=None
[2025-02-14T22:03:38.177+0600] {processor.py:208} INFO - Processing /home/shamim/airflow_git/Airflow_project/air_venv/lib/python3.12/site-packages/airflow/example_dags/example_dataset_alias_with_no_taskflow.py took 0.802 seconds
[2025-02-14T22:04:09.269+0600] {processor.py:186} INFO - Started process (PID=575648) to work on /home/shamim/airflow_git/Airflow_project/air_venv/lib/python3.12/site-packages/airflow/example_dags/example_dataset_alias_with_no_taskflow.py
[2025-02-14T22:04:09.271+0600] {processor.py:914} INFO - Processing file /home/shamim/airflow_git/Airflow_project/air_venv/lib/python3.12/site-packages/airflow/example_dags/example_dataset_alias_with_no_taskflow.py for tasks to queue
[2025-02-14T22:04:09.274+0600] {logging_mixin.py:190} INFO - [2025-02-14T22:04:09.274+0600] {dagbag.py:588} INFO - Filling up the DagBag from /home/shamim/airflow_git/Airflow_project/air_venv/lib/python3.12/site-packages/airflow/example_dags/example_dataset_alias_with_no_taskflow.py
[2025-02-14T22:04:09.970+0600] {processor.py:925} INFO - DAG(s) 'dataset_s3_bucket_consumer_with_no_taskflow', 'dataset_s3_bucket_producer_with_no_taskflow', 'dataset_alias_example_alias_producer_with_no_taskflow', 'dataset_alias_example_alias_consumer_with_no_taskflow' retrieved from /home/shamim/airflow_git/Airflow_project/air_venv/lib/python3.12/site-packages/airflow/example_dags/example_dataset_alias_with_no_taskflow.py
[2025-02-14T22:04:10.005+0600] {logging_mixin.py:190} INFO - [2025-02-14T22:04:10.005+0600] {dag.py:3239} INFO - Sync 4 DAGs
[2025-02-14T22:04:10.038+0600] {logging_mixin.py:190} INFO - [2025-02-14T22:04:10.037+0600] {dag.py:4180} INFO - Setting next_dagrun for dataset_alias_example_alias_consumer_with_no_taskflow to None, run_after=None
[2025-02-14T22:04:10.041+0600] {logging_mixin.py:190} INFO - [2025-02-14T22:04:10.041+0600] {dag.py:4180} INFO - Setting next_dagrun for dataset_alias_example_alias_producer_with_no_taskflow to None, run_after=None
[2025-02-14T22:04:10.043+0600] {logging_mixin.py:190} INFO - [2025-02-14T22:04:10.043+0600] {dag.py:4180} INFO - Setting next_dagrun for dataset_s3_bucket_consumer_with_no_taskflow to None, run_after=None
[2025-02-14T22:04:10.045+0600] {logging_mixin.py:190} INFO - [2025-02-14T22:04:10.044+0600] {dag.py:4180} INFO - Setting next_dagrun for dataset_s3_bucket_producer_with_no_taskflow to None, run_after=None
[2025-02-14T22:04:10.074+0600] {processor.py:208} INFO - Processing /home/shamim/airflow_git/Airflow_project/air_venv/lib/python3.12/site-packages/airflow/example_dags/example_dataset_alias_with_no_taskflow.py took 0.816 seconds
[2025-02-14T22:04:40.971+0600] {processor.py:186} INFO - Started process (PID=576070) to work on /home/shamim/airflow_git/Airflow_project/air_venv/lib/python3.12/site-packages/airflow/example_dags/example_dataset_alias_with_no_taskflow.py
[2025-02-14T22:04:40.972+0600] {processor.py:914} INFO - Processing file /home/shamim/airflow_git/Airflow_project/air_venv/lib/python3.12/site-packages/airflow/example_dags/example_dataset_alias_with_no_taskflow.py for tasks to queue
[2025-02-14T22:04:40.975+0600] {logging_mixin.py:190} INFO - [2025-02-14T22:04:40.975+0600] {dagbag.py:588} INFO - Filling up the DagBag from /home/shamim/airflow_git/Airflow_project/air_venv/lib/python3.12/site-packages/airflow/example_dags/example_dataset_alias_with_no_taskflow.py
[2025-02-14T22:04:41.651+0600] {processor.py:925} INFO - DAG(s) 'dataset_alias_example_alias_producer_with_no_taskflow', 'dataset_alias_example_alias_consumer_with_no_taskflow', 'dataset_s3_bucket_producer_with_no_taskflow', 'dataset_s3_bucket_consumer_with_no_taskflow' retrieved from /home/shamim/airflow_git/Airflow_project/air_venv/lib/python3.12/site-packages/airflow/example_dags/example_dataset_alias_with_no_taskflow.py
[2025-02-14T22:04:41.687+0600] {logging_mixin.py:190} INFO - [2025-02-14T22:04:41.686+0600] {dag.py:3239} INFO - Sync 4 DAGs
[2025-02-14T22:04:41.727+0600] {logging_mixin.py:190} INFO - [2025-02-14T22:04:41.727+0600] {dag.py:4180} INFO - Setting next_dagrun for dataset_alias_example_alias_consumer_with_no_taskflow to None, run_after=None
[2025-02-14T22:04:41.731+0600] {logging_mixin.py:190} INFO - [2025-02-14T22:04:41.731+0600] {dag.py:4180} INFO - Setting next_dagrun for dataset_alias_example_alias_producer_with_no_taskflow to None, run_after=None
[2025-02-14T22:04:41.734+0600] {logging_mixin.py:190} INFO - [2025-02-14T22:04:41.733+0600] {dag.py:4180} INFO - Setting next_dagrun for dataset_s3_bucket_consumer_with_no_taskflow to None, run_after=None
[2025-02-14T22:04:41.736+0600] {logging_mixin.py:190} INFO - [2025-02-14T22:04:41.735+0600] {dag.py:4180} INFO - Setting next_dagrun for dataset_s3_bucket_producer_with_no_taskflow to None, run_after=None
[2025-02-14T22:04:41.771+0600] {processor.py:208} INFO - Processing /home/shamim/airflow_git/Airflow_project/air_venv/lib/python3.12/site-packages/airflow/example_dags/example_dataset_alias_with_no_taskflow.py took 0.809 seconds
[2025-02-14T22:05:14.823+0600] {processor.py:186} INFO - Started process (PID=576641) to work on /home/shamim/airflow_git/Airflow_project/air_venv/lib/python3.12/site-packages/airflow/example_dags/example_dataset_alias_with_no_taskflow.py
[2025-02-14T22:05:14.825+0600] {processor.py:914} INFO - Processing file /home/shamim/airflow_git/Airflow_project/air_venv/lib/python3.12/site-packages/airflow/example_dags/example_dataset_alias_with_no_taskflow.py for tasks to queue
[2025-02-14T22:05:14.834+0600] {logging_mixin.py:190} INFO - [2025-02-14T22:05:14.833+0600] {dagbag.py:588} INFO - Filling up the DagBag from /home/shamim/airflow_git/Airflow_project/air_venv/lib/python3.12/site-packages/airflow/example_dags/example_dataset_alias_with_no_taskflow.py
[2025-02-14T22:05:16.389+0600] {processor.py:925} INFO - DAG(s) 'dataset_alias_example_alias_producer_with_no_taskflow', 'dataset_s3_bucket_consumer_with_no_taskflow', 'dataset_s3_bucket_producer_with_no_taskflow', 'dataset_alias_example_alias_consumer_with_no_taskflow' retrieved from /home/shamim/airflow_git/Airflow_project/air_venv/lib/python3.12/site-packages/airflow/example_dags/example_dataset_alias_with_no_taskflow.py
[2025-02-14T22:05:16.470+0600] {logging_mixin.py:190} INFO - [2025-02-14T22:05:16.469+0600] {dag.py:3239} INFO - Sync 4 DAGs
[2025-02-14T22:05:16.552+0600] {logging_mixin.py:190} INFO - [2025-02-14T22:05:16.552+0600] {dag.py:4180} INFO - Setting next_dagrun for dataset_alias_example_alias_consumer_with_no_taskflow to None, run_after=None
[2025-02-14T22:05:16.560+0600] {logging_mixin.py:190} INFO - [2025-02-14T22:05:16.560+0600] {dag.py:4180} INFO - Setting next_dagrun for dataset_alias_example_alias_producer_with_no_taskflow to None, run_after=None
[2025-02-14T22:05:16.566+0600] {logging_mixin.py:190} INFO - [2025-02-14T22:05:16.566+0600] {dag.py:4180} INFO - Setting next_dagrun for dataset_s3_bucket_consumer_with_no_taskflow to None, run_after=None
[2025-02-14T22:05:16.569+0600] {logging_mixin.py:190} INFO - [2025-02-14T22:05:16.568+0600] {dag.py:4180} INFO - Setting next_dagrun for dataset_s3_bucket_producer_with_no_taskflow to None, run_after=None
[2025-02-14T22:05:16.624+0600] {processor.py:208} INFO - Processing /home/shamim/airflow_git/Airflow_project/air_venv/lib/python3.12/site-packages/airflow/example_dags/example_dataset_alias_with_no_taskflow.py took 1.817 seconds
[2025-02-14T22:05:52.080+0600] {processor.py:186} INFO - Started process (PID=577306) to work on /home/shamim/airflow_git/Airflow_project/air_venv/lib/python3.12/site-packages/airflow/example_dags/example_dataset_alias_with_no_taskflow.py
[2025-02-14T22:05:52.085+0600] {processor.py:914} INFO - Processing file /home/shamim/airflow_git/Airflow_project/air_venv/lib/python3.12/site-packages/airflow/example_dags/example_dataset_alias_with_no_taskflow.py for tasks to queue
[2025-02-14T22:05:52.091+0600] {logging_mixin.py:190} INFO - [2025-02-14T22:05:52.091+0600] {dagbag.py:588} INFO - Filling up the DagBag from /home/shamim/airflow_git/Airflow_project/air_venv/lib/python3.12/site-packages/airflow/example_dags/example_dataset_alias_with_no_taskflow.py
[2025-02-14T22:05:53.554+0600] {processor.py:925} INFO - DAG(s) 'dataset_alias_example_alias_producer_with_no_taskflow', 'dataset_alias_example_alias_consumer_with_no_taskflow', 'dataset_s3_bucket_producer_with_no_taskflow', 'dataset_s3_bucket_consumer_with_no_taskflow' retrieved from /home/shamim/airflow_git/Airflow_project/air_venv/lib/python3.12/site-packages/airflow/example_dags/example_dataset_alias_with_no_taskflow.py
[2025-02-14T22:05:53.648+0600] {logging_mixin.py:190} INFO - [2025-02-14T22:05:53.647+0600] {dag.py:3239} INFO - Sync 4 DAGs
[2025-02-14T22:05:53.739+0600] {logging_mixin.py:190} INFO - [2025-02-14T22:05:53.738+0600] {dag.py:4180} INFO - Setting next_dagrun for dataset_alias_example_alias_consumer_with_no_taskflow to None, run_after=None
[2025-02-14T22:05:53.745+0600] {logging_mixin.py:190} INFO - [2025-02-14T22:05:53.745+0600] {dag.py:4180} INFO - Setting next_dagrun for dataset_alias_example_alias_producer_with_no_taskflow to None, run_after=None
[2025-02-14T22:05:53.752+0600] {logging_mixin.py:190} INFO - [2025-02-14T22:05:53.751+0600] {dag.py:4180} INFO - Setting next_dagrun for dataset_s3_bucket_consumer_with_no_taskflow to None, run_after=None
[2025-02-14T22:05:53.756+0600] {logging_mixin.py:190} INFO - [2025-02-14T22:05:53.755+0600] {dag.py:4180} INFO - Setting next_dagrun for dataset_s3_bucket_producer_with_no_taskflow to None, run_after=None
[2025-02-14T22:05:53.831+0600] {processor.py:208} INFO - Processing /home/shamim/airflow_git/Airflow_project/air_venv/lib/python3.12/site-packages/airflow/example_dags/example_dataset_alias_with_no_taskflow.py took 1.766 seconds
[2025-02-14T22:06:23.937+0600] {processor.py:186} INFO - Started process (PID=577857) to work on /home/shamim/airflow_git/Airflow_project/air_venv/lib/python3.12/site-packages/airflow/example_dags/example_dataset_alias_with_no_taskflow.py
[2025-02-14T22:06:23.939+0600] {processor.py:914} INFO - Processing file /home/shamim/airflow_git/Airflow_project/air_venv/lib/python3.12/site-packages/airflow/example_dags/example_dataset_alias_with_no_taskflow.py for tasks to queue
[2025-02-14T22:06:23.944+0600] {logging_mixin.py:190} INFO - [2025-02-14T22:06:23.943+0600] {dagbag.py:588} INFO - Filling up the DagBag from /home/shamim/airflow_git/Airflow_project/air_venv/lib/python3.12/site-packages/airflow/example_dags/example_dataset_alias_with_no_taskflow.py
[2025-02-14T22:06:25.469+0600] {processor.py:925} INFO - DAG(s) 'dataset_s3_bucket_consumer_with_no_taskflow', 'dataset_alias_example_alias_consumer_with_no_taskflow', 'dataset_alias_example_alias_producer_with_no_taskflow', 'dataset_s3_bucket_producer_with_no_taskflow' retrieved from /home/shamim/airflow_git/Airflow_project/air_venv/lib/python3.12/site-packages/airflow/example_dags/example_dataset_alias_with_no_taskflow.py
[2025-02-14T22:06:25.522+0600] {logging_mixin.py:190} INFO - [2025-02-14T22:06:25.521+0600] {dag.py:3239} INFO - Sync 4 DAGs
[2025-02-14T22:06:25.585+0600] {logging_mixin.py:190} INFO - [2025-02-14T22:06:25.585+0600] {dag.py:4180} INFO - Setting next_dagrun for dataset_alias_example_alias_consumer_with_no_taskflow to None, run_after=None
[2025-02-14T22:06:25.592+0600] {logging_mixin.py:190} INFO - [2025-02-14T22:06:25.591+0600] {dag.py:4180} INFO - Setting next_dagrun for dataset_alias_example_alias_producer_with_no_taskflow to None, run_after=None
[2025-02-14T22:06:25.602+0600] {logging_mixin.py:190} INFO - [2025-02-14T22:06:25.601+0600] {dag.py:4180} INFO - Setting next_dagrun for dataset_s3_bucket_consumer_with_no_taskflow to None, run_after=None
[2025-02-14T22:06:25.606+0600] {logging_mixin.py:190} INFO - [2025-02-14T22:06:25.606+0600] {dag.py:4180} INFO - Setting next_dagrun for dataset_s3_bucket_producer_with_no_taskflow to None, run_after=None
[2025-02-14T22:06:25.657+0600] {processor.py:208} INFO - Processing /home/shamim/airflow_git/Airflow_project/air_venv/lib/python3.12/site-packages/airflow/example_dags/example_dataset_alias_with_no_taskflow.py took 1.738 seconds
[2025-02-14T22:06:56.398+0600] {processor.py:186} INFO - Started process (PID=578292) to work on /home/shamim/airflow_git/Airflow_project/air_venv/lib/python3.12/site-packages/airflow/example_dags/example_dataset_alias_with_no_taskflow.py
[2025-02-14T22:06:56.400+0600] {processor.py:914} INFO - Processing file /home/shamim/airflow_git/Airflow_project/air_venv/lib/python3.12/site-packages/airflow/example_dags/example_dataset_alias_with_no_taskflow.py for tasks to queue
[2025-02-14T22:06:56.404+0600] {logging_mixin.py:190} INFO - [2025-02-14T22:06:56.403+0600] {dagbag.py:588} INFO - Filling up the DagBag from /home/shamim/airflow_git/Airflow_project/air_venv/lib/python3.12/site-packages/airflow/example_dags/example_dataset_alias_with_no_taskflow.py
[2025-02-14T22:06:57.298+0600] {processor.py:925} INFO - DAG(s) 'dataset_s3_bucket_consumer_with_no_taskflow', 'dataset_alias_example_alias_consumer_with_no_taskflow', 'dataset_s3_bucket_producer_with_no_taskflow', 'dataset_alias_example_alias_producer_with_no_taskflow' retrieved from /home/shamim/airflow_git/Airflow_project/air_venv/lib/python3.12/site-packages/airflow/example_dags/example_dataset_alias_with_no_taskflow.py
[2025-02-14T22:06:57.329+0600] {logging_mixin.py:190} INFO - [2025-02-14T22:06:57.328+0600] {dag.py:3239} INFO - Sync 4 DAGs
[2025-02-14T22:06:57.361+0600] {logging_mixin.py:190} INFO - [2025-02-14T22:06:57.361+0600] {dag.py:4180} INFO - Setting next_dagrun for dataset_alias_example_alias_consumer_with_no_taskflow to None, run_after=None
[2025-02-14T22:06:57.365+0600] {logging_mixin.py:190} INFO - [2025-02-14T22:06:57.365+0600] {dag.py:4180} INFO - Setting next_dagrun for dataset_alias_example_alias_producer_with_no_taskflow to None, run_after=None
[2025-02-14T22:06:57.367+0600] {logging_mixin.py:190} INFO - [2025-02-14T22:06:57.366+0600] {dag.py:4180} INFO - Setting next_dagrun for dataset_s3_bucket_consumer_with_no_taskflow to None, run_after=None
[2025-02-14T22:06:57.368+0600] {logging_mixin.py:190} INFO - [2025-02-14T22:06:57.368+0600] {dag.py:4180} INFO - Setting next_dagrun for dataset_s3_bucket_producer_with_no_taskflow to None, run_after=None
[2025-02-14T22:06:57.405+0600] {processor.py:208} INFO - Processing /home/shamim/airflow_git/Airflow_project/air_venv/lib/python3.12/site-packages/airflow/example_dags/example_dataset_alias_with_no_taskflow.py took 1.018 seconds
[2025-02-14T22:07:28.186+0600] {processor.py:186} INFO - Started process (PID=578770) to work on /home/shamim/airflow_git/Airflow_project/air_venv/lib/python3.12/site-packages/airflow/example_dags/example_dataset_alias_with_no_taskflow.py
[2025-02-14T22:07:28.193+0600] {processor.py:914} INFO - Processing file /home/shamim/airflow_git/Airflow_project/air_venv/lib/python3.12/site-packages/airflow/example_dags/example_dataset_alias_with_no_taskflow.py for tasks to queue
[2025-02-14T22:07:28.201+0600] {logging_mixin.py:190} INFO - [2025-02-14T22:07:28.196+0600] {dagbag.py:588} INFO - Filling up the DagBag from /home/shamim/airflow_git/Airflow_project/air_venv/lib/python3.12/site-packages/airflow/example_dags/example_dataset_alias_with_no_taskflow.py
[2025-02-14T22:07:29.039+0600] {processor.py:925} INFO - DAG(s) 'dataset_s3_bucket_consumer_with_no_taskflow', 'dataset_alias_example_alias_producer_with_no_taskflow', 'dataset_s3_bucket_producer_with_no_taskflow', 'dataset_alias_example_alias_consumer_with_no_taskflow' retrieved from /home/shamim/airflow_git/Airflow_project/air_venv/lib/python3.12/site-packages/airflow/example_dags/example_dataset_alias_with_no_taskflow.py
[2025-02-14T22:07:29.073+0600] {logging_mixin.py:190} INFO - [2025-02-14T22:07:29.072+0600] {dag.py:3239} INFO - Sync 4 DAGs
[2025-02-14T22:07:29.122+0600] {logging_mixin.py:190} INFO - [2025-02-14T22:07:29.122+0600] {dag.py:4180} INFO - Setting next_dagrun for dataset_alias_example_alias_consumer_with_no_taskflow to None, run_after=None
[2025-02-14T22:07:29.130+0600] {logging_mixin.py:190} INFO - [2025-02-14T22:07:29.130+0600] {dag.py:4180} INFO - Setting next_dagrun for dataset_alias_example_alias_producer_with_no_taskflow to None, run_after=None
[2025-02-14T22:07:29.133+0600] {logging_mixin.py:190} INFO - [2025-02-14T22:07:29.133+0600] {dag.py:4180} INFO - Setting next_dagrun for dataset_s3_bucket_consumer_with_no_taskflow to None, run_after=None
[2025-02-14T22:07:29.137+0600] {logging_mixin.py:190} INFO - [2025-02-14T22:07:29.136+0600] {dag.py:4180} INFO - Setting next_dagrun for dataset_s3_bucket_producer_with_no_taskflow to None, run_after=None
[2025-02-14T22:07:29.186+0600] {processor.py:208} INFO - Processing /home/shamim/airflow_git/Airflow_project/air_venv/lib/python3.12/site-packages/airflow/example_dags/example_dataset_alias_with_no_taskflow.py took 1.032 seconds
[2025-02-14T22:07:59.929+0600] {processor.py:186} INFO - Started process (PID=579327) to work on /home/shamim/airflow_git/Airflow_project/air_venv/lib/python3.12/site-packages/airflow/example_dags/example_dataset_alias_with_no_taskflow.py
[2025-02-14T22:07:59.931+0600] {processor.py:914} INFO - Processing file /home/shamim/airflow_git/Airflow_project/air_venv/lib/python3.12/site-packages/airflow/example_dags/example_dataset_alias_with_no_taskflow.py for tasks to queue
[2025-02-14T22:07:59.933+0600] {logging_mixin.py:190} INFO - [2025-02-14T22:07:59.933+0600] {dagbag.py:588} INFO - Filling up the DagBag from /home/shamim/airflow_git/Airflow_project/air_venv/lib/python3.12/site-packages/airflow/example_dags/example_dataset_alias_with_no_taskflow.py
[2025-02-14T22:08:00.735+0600] {processor.py:925} INFO - DAG(s) 'dataset_s3_bucket_consumer_with_no_taskflow', 'dataset_alias_example_alias_consumer_with_no_taskflow', 'dataset_s3_bucket_producer_with_no_taskflow', 'dataset_alias_example_alias_producer_with_no_taskflow' retrieved from /home/shamim/airflow_git/Airflow_project/air_venv/lib/python3.12/site-packages/airflow/example_dags/example_dataset_alias_with_no_taskflow.py
[2025-02-14T22:08:00.761+0600] {logging_mixin.py:190} INFO - [2025-02-14T22:08:00.760+0600] {dag.py:3239} INFO - Sync 4 DAGs
[2025-02-14T22:08:00.792+0600] {logging_mixin.py:190} INFO - [2025-02-14T22:08:00.792+0600] {dag.py:4180} INFO - Setting next_dagrun for dataset_alias_example_alias_consumer_with_no_taskflow to None, run_after=None
[2025-02-14T22:08:00.796+0600] {logging_mixin.py:190} INFO - [2025-02-14T22:08:00.795+0600] {dag.py:4180} INFO - Setting next_dagrun for dataset_alias_example_alias_producer_with_no_taskflow to None, run_after=None
[2025-02-14T22:08:00.798+0600] {logging_mixin.py:190} INFO - [2025-02-14T22:08:00.797+0600] {dag.py:4180} INFO - Setting next_dagrun for dataset_s3_bucket_consumer_with_no_taskflow to None, run_after=None
[2025-02-14T22:08:00.799+0600] {logging_mixin.py:190} INFO - [2025-02-14T22:08:00.799+0600] {dag.py:4180} INFO - Setting next_dagrun for dataset_s3_bucket_producer_with_no_taskflow to None, run_after=None
[2025-02-14T22:08:00.833+0600] {processor.py:208} INFO - Processing /home/shamim/airflow_git/Airflow_project/air_venv/lib/python3.12/site-packages/airflow/example_dags/example_dataset_alias_with_no_taskflow.py took 0.918 seconds
[2025-02-14T22:08:31.452+0600] {processor.py:186} INFO - Started process (PID=579766) to work on /home/shamim/airflow_git/Airflow_project/air_venv/lib/python3.12/site-packages/airflow/example_dags/example_dataset_alias_with_no_taskflow.py
[2025-02-14T22:08:31.453+0600] {processor.py:914} INFO - Processing file /home/shamim/airflow_git/Airflow_project/air_venv/lib/python3.12/site-packages/airflow/example_dags/example_dataset_alias_with_no_taskflow.py for tasks to queue
[2025-02-14T22:08:31.456+0600] {logging_mixin.py:190} INFO - [2025-02-14T22:08:31.456+0600] {dagbag.py:588} INFO - Filling up the DagBag from /home/shamim/airflow_git/Airflow_project/air_venv/lib/python3.12/site-packages/airflow/example_dags/example_dataset_alias_with_no_taskflow.py
[2025-02-14T22:08:32.457+0600] {processor.py:925} INFO - DAG(s) 'dataset_s3_bucket_producer_with_no_taskflow', 'dataset_alias_example_alias_consumer_with_no_taskflow', 'dataset_s3_bucket_consumer_with_no_taskflow', 'dataset_alias_example_alias_producer_with_no_taskflow' retrieved from /home/shamim/airflow_git/Airflow_project/air_venv/lib/python3.12/site-packages/airflow/example_dags/example_dataset_alias_with_no_taskflow.py
[2025-02-14T22:08:32.498+0600] {logging_mixin.py:190} INFO - [2025-02-14T22:08:32.497+0600] {dag.py:3239} INFO - Sync 4 DAGs
[2025-02-14T22:08:32.545+0600] {logging_mixin.py:190} INFO - [2025-02-14T22:08:32.544+0600] {dag.py:4180} INFO - Setting next_dagrun for dataset_alias_example_alias_consumer_with_no_taskflow to None, run_after=None
[2025-02-14T22:08:32.550+0600] {logging_mixin.py:190} INFO - [2025-02-14T22:08:32.550+0600] {dag.py:4180} INFO - Setting next_dagrun for dataset_alias_example_alias_producer_with_no_taskflow to None, run_after=None
[2025-02-14T22:08:32.554+0600] {logging_mixin.py:190} INFO - [2025-02-14T22:08:32.553+0600] {dag.py:4180} INFO - Setting next_dagrun for dataset_s3_bucket_consumer_with_no_taskflow to None, run_after=None
[2025-02-14T22:08:32.557+0600] {logging_mixin.py:190} INFO - [2025-02-14T22:08:32.556+0600] {dag.py:4180} INFO - Setting next_dagrun for dataset_s3_bucket_producer_with_no_taskflow to None, run_after=None
[2025-02-14T22:08:32.644+0600] {processor.py:208} INFO - Processing /home/shamim/airflow_git/Airflow_project/air_venv/lib/python3.12/site-packages/airflow/example_dags/example_dataset_alias_with_no_taskflow.py took 1.206 seconds
[2025-02-14T22:09:03.415+0600] {processor.py:186} INFO - Started process (PID=580212) to work on /home/shamim/airflow_git/Airflow_project/air_venv/lib/python3.12/site-packages/airflow/example_dags/example_dataset_alias_with_no_taskflow.py
[2025-02-14T22:09:03.422+0600] {processor.py:914} INFO - Processing file /home/shamim/airflow_git/Airflow_project/air_venv/lib/python3.12/site-packages/airflow/example_dags/example_dataset_alias_with_no_taskflow.py for tasks to queue
[2025-02-14T22:09:03.424+0600] {logging_mixin.py:190} INFO - [2025-02-14T22:09:03.423+0600] {dagbag.py:588} INFO - Filling up the DagBag from /home/shamim/airflow_git/Airflow_project/air_venv/lib/python3.12/site-packages/airflow/example_dags/example_dataset_alias_with_no_taskflow.py
[2025-02-14T22:09:04.093+0600] {processor.py:925} INFO - DAG(s) 'dataset_alias_example_alias_producer_with_no_taskflow', 'dataset_s3_bucket_producer_with_no_taskflow', 'dataset_alias_example_alias_consumer_with_no_taskflow', 'dataset_s3_bucket_consumer_with_no_taskflow' retrieved from /home/shamim/airflow_git/Airflow_project/air_venv/lib/python3.12/site-packages/airflow/example_dags/example_dataset_alias_with_no_taskflow.py
[2025-02-14T22:09:04.121+0600] {logging_mixin.py:190} INFO - [2025-02-14T22:09:04.120+0600] {dag.py:3239} INFO - Sync 4 DAGs
[2025-02-14T22:09:04.154+0600] {logging_mixin.py:190} INFO - [2025-02-14T22:09:04.154+0600] {dag.py:4180} INFO - Setting next_dagrun for dataset_alias_example_alias_consumer_with_no_taskflow to None, run_after=None
[2025-02-14T22:09:04.157+0600] {logging_mixin.py:190} INFO - [2025-02-14T22:09:04.157+0600] {dag.py:4180} INFO - Setting next_dagrun for dataset_alias_example_alias_producer_with_no_taskflow to None, run_after=None
[2025-02-14T22:09:04.160+0600] {logging_mixin.py:190} INFO - [2025-02-14T22:09:04.159+0600] {dag.py:4180} INFO - Setting next_dagrun for dataset_s3_bucket_consumer_with_no_taskflow to None, run_after=None
[2025-02-14T22:09:04.161+0600] {logging_mixin.py:190} INFO - [2025-02-14T22:09:04.161+0600] {dag.py:4180} INFO - Setting next_dagrun for dataset_s3_bucket_producer_with_no_taskflow to None, run_after=None
[2025-02-14T22:09:04.189+0600] {processor.py:208} INFO - Processing /home/shamim/airflow_git/Airflow_project/air_venv/lib/python3.12/site-packages/airflow/example_dags/example_dataset_alias_with_no_taskflow.py took 0.792 seconds
[2025-02-14T22:09:34.883+0600] {processor.py:186} INFO - Started process (PID=580754) to work on /home/shamim/airflow_git/Airflow_project/air_venv/lib/python3.12/site-packages/airflow/example_dags/example_dataset_alias_with_no_taskflow.py
[2025-02-14T22:09:34.884+0600] {processor.py:914} INFO - Processing file /home/shamim/airflow_git/Airflow_project/air_venv/lib/python3.12/site-packages/airflow/example_dags/example_dataset_alias_with_no_taskflow.py for tasks to queue
[2025-02-14T22:09:34.886+0600] {logging_mixin.py:190} INFO - [2025-02-14T22:09:34.886+0600] {dagbag.py:588} INFO - Filling up the DagBag from /home/shamim/airflow_git/Airflow_project/air_venv/lib/python3.12/site-packages/airflow/example_dags/example_dataset_alias_with_no_taskflow.py
[2025-02-14T22:09:36.066+0600] {processor.py:925} INFO - DAG(s) 'dataset_alias_example_alias_producer_with_no_taskflow', 'dataset_alias_example_alias_consumer_with_no_taskflow', 'dataset_s3_bucket_producer_with_no_taskflow', 'dataset_s3_bucket_consumer_with_no_taskflow' retrieved from /home/shamim/airflow_git/Airflow_project/air_venv/lib/python3.12/site-packages/airflow/example_dags/example_dataset_alias_with_no_taskflow.py
[2025-02-14T22:09:36.120+0600] {logging_mixin.py:190} INFO - [2025-02-14T22:09:36.119+0600] {dag.py:3239} INFO - Sync 4 DAGs
[2025-02-14T22:09:36.177+0600] {logging_mixin.py:190} INFO - [2025-02-14T22:09:36.177+0600] {dag.py:4180} INFO - Setting next_dagrun for dataset_alias_example_alias_consumer_with_no_taskflow to None, run_after=None
[2025-02-14T22:09:36.182+0600] {logging_mixin.py:190} INFO - [2025-02-14T22:09:36.181+0600] {dag.py:4180} INFO - Setting next_dagrun for dataset_alias_example_alias_producer_with_no_taskflow to None, run_after=None
[2025-02-14T22:09:36.186+0600] {logging_mixin.py:190} INFO - [2025-02-14T22:09:36.185+0600] {dag.py:4180} INFO - Setting next_dagrun for dataset_s3_bucket_consumer_with_no_taskflow to None, run_after=None
[2025-02-14T22:09:36.190+0600] {logging_mixin.py:190} INFO - [2025-02-14T22:09:36.189+0600] {dag.py:4180} INFO - Setting next_dagrun for dataset_s3_bucket_producer_with_no_taskflow to None, run_after=None
[2025-02-14T22:09:36.236+0600] {processor.py:208} INFO - Processing /home/shamim/airflow_git/Airflow_project/air_venv/lib/python3.12/site-packages/airflow/example_dags/example_dataset_alias_with_no_taskflow.py took 1.367 seconds
[2025-02-14T22:10:06.484+0600] {processor.py:186} INFO - Started process (PID=581228) to work on /home/shamim/airflow_git/Airflow_project/air_venv/lib/python3.12/site-packages/airflow/example_dags/example_dataset_alias_with_no_taskflow.py
[2025-02-14T22:10:06.490+0600] {processor.py:914} INFO - Processing file /home/shamim/airflow_git/Airflow_project/air_venv/lib/python3.12/site-packages/airflow/example_dags/example_dataset_alias_with_no_taskflow.py for tasks to queue
[2025-02-14T22:10:06.492+0600] {logging_mixin.py:190} INFO - [2025-02-14T22:10:06.491+0600] {dagbag.py:588} INFO - Filling up the DagBag from /home/shamim/airflow_git/Airflow_project/air_venv/lib/python3.12/site-packages/airflow/example_dags/example_dataset_alias_with_no_taskflow.py
[2025-02-14T22:10:07.307+0600] {processor.py:925} INFO - DAG(s) 'dataset_s3_bucket_consumer_with_no_taskflow', 'dataset_alias_example_alias_consumer_with_no_taskflow', 'dataset_s3_bucket_producer_with_no_taskflow', 'dataset_alias_example_alias_producer_with_no_taskflow' retrieved from /home/shamim/airflow_git/Airflow_project/air_venv/lib/python3.12/site-packages/airflow/example_dags/example_dataset_alias_with_no_taskflow.py
[2025-02-14T22:10:07.335+0600] {logging_mixin.py:190} INFO - [2025-02-14T22:10:07.334+0600] {dag.py:3239} INFO - Sync 4 DAGs
[2025-02-14T22:10:07.365+0600] {logging_mixin.py:190} INFO - [2025-02-14T22:10:07.365+0600] {dag.py:4180} INFO - Setting next_dagrun for dataset_alias_example_alias_consumer_with_no_taskflow to None, run_after=None
[2025-02-14T22:10:07.369+0600] {logging_mixin.py:190} INFO - [2025-02-14T22:10:07.369+0600] {dag.py:4180} INFO - Setting next_dagrun for dataset_alias_example_alias_producer_with_no_taskflow to None, run_after=None
[2025-02-14T22:10:07.372+0600] {logging_mixin.py:190} INFO - [2025-02-14T22:10:07.372+0600] {dag.py:4180} INFO - Setting next_dagrun for dataset_s3_bucket_consumer_with_no_taskflow to None, run_after=None
[2025-02-14T22:10:07.375+0600] {logging_mixin.py:190} INFO - [2025-02-14T22:10:07.374+0600] {dag.py:4180} INFO - Setting next_dagrun for dataset_s3_bucket_producer_with_no_taskflow to None, run_after=None
[2025-02-14T22:10:07.416+0600] {processor.py:208} INFO - Processing /home/shamim/airflow_git/Airflow_project/air_venv/lib/python3.12/site-packages/airflow/example_dags/example_dataset_alias_with_no_taskflow.py took 0.943 seconds
