[2025-02-14T21:56:30.349+0600] {processor.py:186} INFO - Started process (PID=572752) to work on /home/shamim/airflow_git/Airflow_project/air_venv/lib/python3.12/site-packages/airflow/example_dags/example_branch_datetime_operator.py
[2025-02-14T21:56:30.350+0600] {processor.py:914} INFO - Processing file /home/shamim/airflow_git/Airflow_project/air_venv/lib/python3.12/site-packages/airflow/example_dags/example_branch_datetime_operator.py for tasks to queue
[2025-02-14T21:56:30.352+0600] {logging_mixin.py:190} INFO - [2025-02-14T21:56:30.352+0600] {dagbag.py:588} INFO - Filling up the DagBag from /home/shamim/airflow_git/Airflow_project/air_venv/lib/python3.12/site-packages/airflow/example_dags/example_branch_datetime_operator.py
[2025-02-14T21:56:30.379+0600] {processor.py:925} INFO - DAG(s) 'example_branch_datetime_operator', 'example_branch_datetime_operator_3', 'example_branch_datetime_operator_2' retrieved from /home/shamim/airflow_git/Airflow_project/air_venv/lib/python3.12/site-packages/airflow/example_dags/example_branch_datetime_operator.py
[2025-02-14T21:56:30.735+0600] {logging_mixin.py:190} INFO - [2025-02-14T21:56:30.735+0600] {dag.py:3239} INFO - Sync 3 DAGs
[2025-02-14T21:56:30.780+0600] {logging_mixin.py:190} INFO - [2025-02-14T21:56:30.780+0600] {dag.py:4180} INFO - Setting next_dagrun for example_branch_datetime_operator to 2025-02-13 00:00:00+00:00, run_after=2025-02-14 00:00:00+00:00
[2025-02-14T21:56:30.789+0600] {logging_mixin.py:190} INFO - [2025-02-14T21:56:30.789+0600] {dag.py:4180} INFO - Setting next_dagrun for example_branch_datetime_operator_2 to 2025-02-13 00:00:00+00:00, run_after=2025-02-14 00:00:00+00:00
[2025-02-14T21:56:30.795+0600] {logging_mixin.py:190} INFO - [2025-02-14T21:56:30.795+0600] {dag.py:4180} INFO - Setting next_dagrun for example_branch_datetime_operator_3 to 2025-02-13 00:00:00+00:00, run_after=2025-02-14 00:00:00+00:00
[2025-02-14T21:56:30.827+0600] {processor.py:208} INFO - Processing /home/shamim/airflow_git/Airflow_project/air_venv/lib/python3.12/site-packages/airflow/example_dags/example_branch_datetime_operator.py took 0.494 seconds
[2025-02-14T21:57:00.984+0600] {processor.py:186} INFO - Started process (PID=573163) to work on /home/shamim/airflow_git/Airflow_project/air_venv/lib/python3.12/site-packages/airflow/example_dags/example_branch_datetime_operator.py
[2025-02-14T21:57:00.985+0600] {processor.py:914} INFO - Processing file /home/shamim/airflow_git/Airflow_project/air_venv/lib/python3.12/site-packages/airflow/example_dags/example_branch_datetime_operator.py for tasks to queue
[2025-02-14T21:57:00.986+0600] {logging_mixin.py:190} INFO - [2025-02-14T21:57:00.986+0600] {dagbag.py:588} INFO - Filling up the DagBag from /home/shamim/airflow_git/Airflow_project/air_venv/lib/python3.12/site-packages/airflow/example_dags/example_branch_datetime_operator.py
[2025-02-14T21:57:01.003+0600] {processor.py:925} INFO - DAG(s) 'example_branch_datetime_operator', 'example_branch_datetime_operator_3', 'example_branch_datetime_operator_2' retrieved from /home/shamim/airflow_git/Airflow_project/air_venv/lib/python3.12/site-packages/airflow/example_dags/example_branch_datetime_operator.py
[2025-02-14T21:57:01.061+0600] {logging_mixin.py:190} INFO - [2025-02-14T21:57:01.061+0600] {dag.py:3239} INFO - Sync 3 DAGs
[2025-02-14T21:57:01.114+0600] {logging_mixin.py:190} INFO - [2025-02-14T21:57:01.113+0600] {dag.py:4180} INFO - Setting next_dagrun for example_branch_datetime_operator to 2025-02-13 00:00:00+00:00, run_after=2025-02-14 00:00:00+00:00
[2025-02-14T21:57:01.123+0600] {logging_mixin.py:190} INFO - [2025-02-14T21:57:01.123+0600] {dag.py:4180} INFO - Setting next_dagrun for example_branch_datetime_operator_2 to 2025-02-13 00:00:00+00:00, run_after=2025-02-14 00:00:00+00:00
[2025-02-14T21:57:01.126+0600] {logging_mixin.py:190} INFO - [2025-02-14T21:57:01.126+0600] {dag.py:4180} INFO - Setting next_dagrun for example_branch_datetime_operator_3 to 2025-02-13 00:00:00+00:00, run_after=2025-02-14 00:00:00+00:00
[2025-02-14T21:57:01.147+0600] {processor.py:208} INFO - Processing /home/shamim/airflow_git/Airflow_project/air_venv/lib/python3.12/site-packages/airflow/example_dags/example_branch_datetime_operator.py took 0.174 seconds
[2025-02-14T21:57:31.782+0600] {processor.py:186} INFO - Started process (PID=573576) to work on /home/shamim/airflow_git/Airflow_project/air_venv/lib/python3.12/site-packages/airflow/example_dags/example_branch_datetime_operator.py
[2025-02-14T21:57:31.784+0600] {processor.py:914} INFO - Processing file /home/shamim/airflow_git/Airflow_project/air_venv/lib/python3.12/site-packages/airflow/example_dags/example_branch_datetime_operator.py for tasks to queue
[2025-02-14T21:57:31.786+0600] {logging_mixin.py:190} INFO - [2025-02-14T21:57:31.785+0600] {dagbag.py:588} INFO - Filling up the DagBag from /home/shamim/airflow_git/Airflow_project/air_venv/lib/python3.12/site-packages/airflow/example_dags/example_branch_datetime_operator.py
[2025-02-14T21:57:31.807+0600] {processor.py:925} INFO - DAG(s) 'example_branch_datetime_operator_2', 'example_branch_datetime_operator', 'example_branch_datetime_operator_3' retrieved from /home/shamim/airflow_git/Airflow_project/air_venv/lib/python3.12/site-packages/airflow/example_dags/example_branch_datetime_operator.py
[2025-02-14T21:57:31.865+0600] {logging_mixin.py:190} INFO - [2025-02-14T21:57:31.864+0600] {dag.py:3239} INFO - Sync 3 DAGs
[2025-02-14T21:57:31.899+0600] {logging_mixin.py:190} INFO - [2025-02-14T21:57:31.899+0600] {dag.py:4180} INFO - Setting next_dagrun for example_branch_datetime_operator to 2025-02-13 00:00:00+00:00, run_after=2025-02-14 00:00:00+00:00
[2025-02-14T21:57:31.905+0600] {logging_mixin.py:190} INFO - [2025-02-14T21:57:31.905+0600] {dag.py:4180} INFO - Setting next_dagrun for example_branch_datetime_operator_2 to 2025-02-13 00:00:00+00:00, run_after=2025-02-14 00:00:00+00:00
[2025-02-14T21:57:31.908+0600] {logging_mixin.py:190} INFO - [2025-02-14T21:57:31.908+0600] {dag.py:4180} INFO - Setting next_dagrun for example_branch_datetime_operator_3 to 2025-02-13 00:00:00+00:00, run_after=2025-02-14 00:00:00+00:00
[2025-02-14T21:57:31.930+0600] {processor.py:208} INFO - Processing /home/shamim/airflow_git/Airflow_project/air_venv/lib/python3.12/site-packages/airflow/example_dags/example_branch_datetime_operator.py took 0.162 seconds
[2025-02-14T22:02:37.105+0600] {processor.py:186} INFO - Started process (PID=574428) to work on /home/shamim/airflow_git/Airflow_project/air_venv/lib/python3.12/site-packages/airflow/example_dags/example_branch_datetime_operator.py
[2025-02-14T22:02:37.106+0600] {processor.py:914} INFO - Processing file /home/shamim/airflow_git/Airflow_project/air_venv/lib/python3.12/site-packages/airflow/example_dags/example_branch_datetime_operator.py for tasks to queue
[2025-02-14T22:02:37.110+0600] {logging_mixin.py:190} INFO - [2025-02-14T22:02:37.109+0600] {dagbag.py:588} INFO - Filling up the DagBag from /home/shamim/airflow_git/Airflow_project/air_venv/lib/python3.12/site-packages/airflow/example_dags/example_branch_datetime_operator.py
[2025-02-14T22:02:37.127+0600] {processor.py:925} INFO - DAG(s) 'example_branch_datetime_operator', 'example_branch_datetime_operator_2', 'example_branch_datetime_operator_3' retrieved from /home/shamim/airflow_git/Airflow_project/air_venv/lib/python3.12/site-packages/airflow/example_dags/example_branch_datetime_operator.py
[2025-02-14T22:02:37.182+0600] {logging_mixin.py:190} INFO - [2025-02-14T22:02:37.182+0600] {dag.py:3239} INFO - Sync 3 DAGs
[2025-02-14T22:02:37.221+0600] {logging_mixin.py:190} INFO - [2025-02-14T22:02:37.220+0600] {dag.py:4180} INFO - Setting next_dagrun for example_branch_datetime_operator to 2025-02-13 00:00:00+00:00, run_after=2025-02-14 00:00:00+00:00
[2025-02-14T22:02:37.227+0600] {logging_mixin.py:190} INFO - [2025-02-14T22:02:37.227+0600] {dag.py:4180} INFO - Setting next_dagrun for example_branch_datetime_operator_2 to 2025-02-13 00:00:00+00:00, run_after=2025-02-14 00:00:00+00:00
[2025-02-14T22:02:37.231+0600] {logging_mixin.py:190} INFO - [2025-02-14T22:02:37.230+0600] {dag.py:4180} INFO - Setting next_dagrun for example_branch_datetime_operator_3 to 2025-02-13 00:00:00+00:00, run_after=2025-02-14 00:00:00+00:00
[2025-02-14T22:02:37.256+0600] {processor.py:208} INFO - Processing /home/shamim/airflow_git/Airflow_project/air_venv/lib/python3.12/site-packages/airflow/example_dags/example_branch_datetime_operator.py took 0.163 seconds
[2025-02-14T22:03:08.575+0600] {processor.py:186} INFO - Started process (PID=574883) to work on /home/shamim/airflow_git/Airflow_project/air_venv/lib/python3.12/site-packages/airflow/example_dags/example_branch_datetime_operator.py
[2025-02-14T22:03:08.576+0600] {processor.py:914} INFO - Processing file /home/shamim/airflow_git/Airflow_project/air_venv/lib/python3.12/site-packages/airflow/example_dags/example_branch_datetime_operator.py for tasks to queue
[2025-02-14T22:03:08.578+0600] {logging_mixin.py:190} INFO - [2025-02-14T22:03:08.578+0600] {dagbag.py:588} INFO - Filling up the DagBag from /home/shamim/airflow_git/Airflow_project/air_venv/lib/python3.12/site-packages/airflow/example_dags/example_branch_datetime_operator.py
[2025-02-14T22:03:08.597+0600] {processor.py:925} INFO - DAG(s) 'example_branch_datetime_operator', 'example_branch_datetime_operator_2', 'example_branch_datetime_operator_3' retrieved from /home/shamim/airflow_git/Airflow_project/air_venv/lib/python3.12/site-packages/airflow/example_dags/example_branch_datetime_operator.py
[2025-02-14T22:03:08.652+0600] {logging_mixin.py:190} INFO - [2025-02-14T22:03:08.652+0600] {dag.py:3239} INFO - Sync 3 DAGs
[2025-02-14T22:03:08.692+0600] {logging_mixin.py:190} INFO - [2025-02-14T22:03:08.691+0600] {dag.py:4180} INFO - Setting next_dagrun for example_branch_datetime_operator to 2025-02-13 00:00:00+00:00, run_after=2025-02-14 00:00:00+00:00
[2025-02-14T22:03:08.699+0600] {logging_mixin.py:190} INFO - [2025-02-14T22:03:08.698+0600] {dag.py:4180} INFO - Setting next_dagrun for example_branch_datetime_operator_2 to 2025-02-13 00:00:00+00:00, run_after=2025-02-14 00:00:00+00:00
[2025-02-14T22:03:08.705+0600] {logging_mixin.py:190} INFO - [2025-02-14T22:03:08.705+0600] {dag.py:4180} INFO - Setting next_dagrun for example_branch_datetime_operator_3 to 2025-02-13 00:00:00+00:00, run_after=2025-02-14 00:00:00+00:00
[2025-02-14T22:03:08.733+0600] {processor.py:208} INFO - Processing /home/shamim/airflow_git/Airflow_project/air_venv/lib/python3.12/site-packages/airflow/example_dags/example_branch_datetime_operator.py took 0.167 seconds
[2025-02-14T22:03:39.561+0600] {processor.py:186} INFO - Started process (PID=575304) to work on /home/shamim/airflow_git/Airflow_project/air_venv/lib/python3.12/site-packages/airflow/example_dags/example_branch_datetime_operator.py
[2025-02-14T22:03:39.567+0600] {processor.py:914} INFO - Processing file /home/shamim/airflow_git/Airflow_project/air_venv/lib/python3.12/site-packages/airflow/example_dags/example_branch_datetime_operator.py for tasks to queue
[2025-02-14T22:03:39.571+0600] {logging_mixin.py:190} INFO - [2025-02-14T22:03:39.570+0600] {dagbag.py:588} INFO - Filling up the DagBag from /home/shamim/airflow_git/Airflow_project/air_venv/lib/python3.12/site-packages/airflow/example_dags/example_branch_datetime_operator.py
[2025-02-14T22:03:39.595+0600] {processor.py:925} INFO - DAG(s) 'example_branch_datetime_operator', 'example_branch_datetime_operator_3', 'example_branch_datetime_operator_2' retrieved from /home/shamim/airflow_git/Airflow_project/air_venv/lib/python3.12/site-packages/airflow/example_dags/example_branch_datetime_operator.py
[2025-02-14T22:03:39.647+0600] {logging_mixin.py:190} INFO - [2025-02-14T22:03:39.646+0600] {dag.py:3239} INFO - Sync 3 DAGs
[2025-02-14T22:03:39.693+0600] {logging_mixin.py:190} INFO - [2025-02-14T22:03:39.692+0600] {dag.py:4180} INFO - Setting next_dagrun for example_branch_datetime_operator to 2025-02-13 00:00:00+00:00, run_after=2025-02-14 00:00:00+00:00
[2025-02-14T22:03:39.699+0600] {logging_mixin.py:190} INFO - [2025-02-14T22:03:39.699+0600] {dag.py:4180} INFO - Setting next_dagrun for example_branch_datetime_operator_2 to 2025-02-13 00:00:00+00:00, run_after=2025-02-14 00:00:00+00:00
[2025-02-14T22:03:39.704+0600] {logging_mixin.py:190} INFO - [2025-02-14T22:03:39.704+0600] {dag.py:4180} INFO - Setting next_dagrun for example_branch_datetime_operator_3 to 2025-02-13 00:00:00+00:00, run_after=2025-02-14 00:00:00+00:00
[2025-02-14T22:03:39.734+0600] {processor.py:208} INFO - Processing /home/shamim/airflow_git/Airflow_project/air_venv/lib/python3.12/site-packages/airflow/example_dags/example_branch_datetime_operator.py took 0.184 seconds
[2025-02-14T22:04:11.496+0600] {processor.py:186} INFO - Started process (PID=575720) to work on /home/shamim/airflow_git/Airflow_project/air_venv/lib/python3.12/site-packages/airflow/example_dags/example_branch_datetime_operator.py
[2025-02-14T22:04:11.497+0600] {processor.py:914} INFO - Processing file /home/shamim/airflow_git/Airflow_project/air_venv/lib/python3.12/site-packages/airflow/example_dags/example_branch_datetime_operator.py for tasks to queue
[2025-02-14T22:04:11.500+0600] {logging_mixin.py:190} INFO - [2025-02-14T22:04:11.500+0600] {dagbag.py:588} INFO - Filling up the DagBag from /home/shamim/airflow_git/Airflow_project/air_venv/lib/python3.12/site-packages/airflow/example_dags/example_branch_datetime_operator.py
[2025-02-14T22:04:11.521+0600] {processor.py:925} INFO - DAG(s) 'example_branch_datetime_operator_3', 'example_branch_datetime_operator_2', 'example_branch_datetime_operator' retrieved from /home/shamim/airflow_git/Airflow_project/air_venv/lib/python3.12/site-packages/airflow/example_dags/example_branch_datetime_operator.py
[2025-02-14T22:04:11.580+0600] {logging_mixin.py:190} INFO - [2025-02-14T22:04:11.580+0600] {dag.py:3239} INFO - Sync 3 DAGs
[2025-02-14T22:04:11.622+0600] {logging_mixin.py:190} INFO - [2025-02-14T22:04:11.621+0600] {dag.py:4180} INFO - Setting next_dagrun for example_branch_datetime_operator to 2025-02-13 00:00:00+00:00, run_after=2025-02-14 00:00:00+00:00
[2025-02-14T22:04:11.631+0600] {logging_mixin.py:190} INFO - [2025-02-14T22:04:11.631+0600] {dag.py:4180} INFO - Setting next_dagrun for example_branch_datetime_operator_2 to 2025-02-13 00:00:00+00:00, run_after=2025-02-14 00:00:00+00:00
[2025-02-14T22:04:11.638+0600] {logging_mixin.py:190} INFO - [2025-02-14T22:04:11.638+0600] {dag.py:4180} INFO - Setting next_dagrun for example_branch_datetime_operator_3 to 2025-02-13 00:00:00+00:00, run_after=2025-02-14 00:00:00+00:00
[2025-02-14T22:04:11.660+0600] {processor.py:208} INFO - Processing /home/shamim/airflow_git/Airflow_project/air_venv/lib/python3.12/site-packages/airflow/example_dags/example_branch_datetime_operator.py took 0.173 seconds
[2025-02-14T22:04:43.195+0600] {processor.py:186} INFO - Started process (PID=576142) to work on /home/shamim/airflow_git/Airflow_project/air_venv/lib/python3.12/site-packages/airflow/example_dags/example_branch_datetime_operator.py
[2025-02-14T22:04:43.196+0600] {processor.py:914} INFO - Processing file /home/shamim/airflow_git/Airflow_project/air_venv/lib/python3.12/site-packages/airflow/example_dags/example_branch_datetime_operator.py for tasks to queue
[2025-02-14T22:04:43.200+0600] {logging_mixin.py:190} INFO - [2025-02-14T22:04:43.199+0600] {dagbag.py:588} INFO - Filling up the DagBag from /home/shamim/airflow_git/Airflow_project/air_venv/lib/python3.12/site-packages/airflow/example_dags/example_branch_datetime_operator.py
[2025-02-14T22:04:43.219+0600] {processor.py:925} INFO - DAG(s) 'example_branch_datetime_operator_3', 'example_branch_datetime_operator_2', 'example_branch_datetime_operator' retrieved from /home/shamim/airflow_git/Airflow_project/air_venv/lib/python3.12/site-packages/airflow/example_dags/example_branch_datetime_operator.py
[2025-02-14T22:04:43.280+0600] {logging_mixin.py:190} INFO - [2025-02-14T22:04:43.279+0600] {dag.py:3239} INFO - Sync 3 DAGs
[2025-02-14T22:04:43.323+0600] {logging_mixin.py:190} INFO - [2025-02-14T22:04:43.322+0600] {dag.py:4180} INFO - Setting next_dagrun for example_branch_datetime_operator to 2025-02-13 00:00:00+00:00, run_after=2025-02-14 00:00:00+00:00
[2025-02-14T22:04:43.329+0600] {logging_mixin.py:190} INFO - [2025-02-14T22:04:43.329+0600] {dag.py:4180} INFO - Setting next_dagrun for example_branch_datetime_operator_2 to 2025-02-13 00:00:00+00:00, run_after=2025-02-14 00:00:00+00:00
[2025-02-14T22:04:43.335+0600] {logging_mixin.py:190} INFO - [2025-02-14T22:04:43.334+0600] {dag.py:4180} INFO - Setting next_dagrun for example_branch_datetime_operator_3 to 2025-02-13 00:00:00+00:00, run_after=2025-02-14 00:00:00+00:00
[2025-02-14T22:04:43.359+0600] {processor.py:208} INFO - Processing /home/shamim/airflow_git/Airflow_project/air_venv/lib/python3.12/site-packages/airflow/example_dags/example_branch_datetime_operator.py took 0.173 seconds
[2025-02-14T22:05:20.177+0600] {processor.py:186} INFO - Started process (PID=576761) to work on /home/shamim/airflow_git/Airflow_project/air_venv/lib/python3.12/site-packages/airflow/example_dags/example_branch_datetime_operator.py
[2025-02-14T22:05:20.179+0600] {processor.py:914} INFO - Processing file /home/shamim/airflow_git/Airflow_project/air_venv/lib/python3.12/site-packages/airflow/example_dags/example_branch_datetime_operator.py for tasks to queue
[2025-02-14T22:05:20.182+0600] {logging_mixin.py:190} INFO - [2025-02-14T22:05:20.182+0600] {dagbag.py:588} INFO - Filling up the DagBag from /home/shamim/airflow_git/Airflow_project/air_venv/lib/python3.12/site-packages/airflow/example_dags/example_branch_datetime_operator.py
[2025-02-14T22:05:20.227+0600] {processor.py:925} INFO - DAG(s) 'example_branch_datetime_operator_2', 'example_branch_datetime_operator', 'example_branch_datetime_operator_3' retrieved from /home/shamim/airflow_git/Airflow_project/air_venv/lib/python3.12/site-packages/airflow/example_dags/example_branch_datetime_operator.py
[2025-02-14T22:05:20.381+0600] {logging_mixin.py:190} INFO - [2025-02-14T22:05:20.379+0600] {dag.py:3239} INFO - Sync 3 DAGs
[2025-02-14T22:05:20.502+0600] {logging_mixin.py:190} INFO - [2025-02-14T22:05:20.502+0600] {dag.py:4180} INFO - Setting next_dagrun for example_branch_datetime_operator to 2025-02-13 00:00:00+00:00, run_after=2025-02-14 00:00:00+00:00
[2025-02-14T22:05:20.516+0600] {logging_mixin.py:190} INFO - [2025-02-14T22:05:20.515+0600] {dag.py:4180} INFO - Setting next_dagrun for example_branch_datetime_operator_2 to 2025-02-13 00:00:00+00:00, run_after=2025-02-14 00:00:00+00:00
[2025-02-14T22:05:20.523+0600] {logging_mixin.py:190} INFO - [2025-02-14T22:05:20.523+0600] {dag.py:4180} INFO - Setting next_dagrun for example_branch_datetime_operator_3 to 2025-02-13 00:00:00+00:00, run_after=2025-02-14 00:00:00+00:00
[2025-02-14T22:05:20.609+0600] {processor.py:208} INFO - Processing /home/shamim/airflow_git/Airflow_project/air_venv/lib/python3.12/site-packages/airflow/example_dags/example_branch_datetime_operator.py took 0.460 seconds
[2025-02-14T22:05:56.558+0600] {processor.py:186} INFO - Started process (PID=577415) to work on /home/shamim/airflow_git/Airflow_project/air_venv/lib/python3.12/site-packages/airflow/example_dags/example_branch_datetime_operator.py
[2025-02-14T22:05:56.560+0600] {processor.py:914} INFO - Processing file /home/shamim/airflow_git/Airflow_project/air_venv/lib/python3.12/site-packages/airflow/example_dags/example_branch_datetime_operator.py for tasks to queue
[2025-02-14T22:05:56.564+0600] {logging_mixin.py:190} INFO - [2025-02-14T22:05:56.564+0600] {dagbag.py:588} INFO - Filling up the DagBag from /home/shamim/airflow_git/Airflow_project/air_venv/lib/python3.12/site-packages/airflow/example_dags/example_branch_datetime_operator.py
[2025-02-14T22:05:56.599+0600] {processor.py:925} INFO - DAG(s) 'example_branch_datetime_operator_2', 'example_branch_datetime_operator_3', 'example_branch_datetime_operator' retrieved from /home/shamim/airflow_git/Airflow_project/air_venv/lib/python3.12/site-packages/airflow/example_dags/example_branch_datetime_operator.py
[2025-02-14T22:05:56.707+0600] {logging_mixin.py:190} INFO - [2025-02-14T22:05:56.707+0600] {dag.py:3239} INFO - Sync 3 DAGs
[2025-02-14T22:05:56.776+0600] {logging_mixin.py:190} INFO - [2025-02-14T22:05:56.775+0600] {dag.py:4180} INFO - Setting next_dagrun for example_branch_datetime_operator to 2025-02-13 00:00:00+00:00, run_after=2025-02-14 00:00:00+00:00
[2025-02-14T22:05:56.791+0600] {logging_mixin.py:190} INFO - [2025-02-14T22:05:56.790+0600] {dag.py:4180} INFO - Setting next_dagrun for example_branch_datetime_operator_2 to 2025-02-13 00:00:00+00:00, run_after=2025-02-14 00:00:00+00:00
[2025-02-14T22:05:56.802+0600] {logging_mixin.py:190} INFO - [2025-02-14T22:05:56.801+0600] {dag.py:4180} INFO - Setting next_dagrun for example_branch_datetime_operator_3 to 2025-02-13 00:00:00+00:00, run_after=2025-02-14 00:00:00+00:00
[2025-02-14T22:05:56.844+0600] {processor.py:208} INFO - Processing /home/shamim/airflow_git/Airflow_project/air_venv/lib/python3.12/site-packages/airflow/example_dags/example_branch_datetime_operator.py took 0.303 seconds
[2025-02-14T22:06:27.707+0600] {processor.py:186} INFO - Started process (PID=577939) to work on /home/shamim/airflow_git/Airflow_project/air_venv/lib/python3.12/site-packages/airflow/example_dags/example_branch_datetime_operator.py
[2025-02-14T22:06:27.709+0600] {processor.py:914} INFO - Processing file /home/shamim/airflow_git/Airflow_project/air_venv/lib/python3.12/site-packages/airflow/example_dags/example_branch_datetime_operator.py for tasks to queue
[2025-02-14T22:06:27.714+0600] {logging_mixin.py:190} INFO - [2025-02-14T22:06:27.713+0600] {dagbag.py:588} INFO - Filling up the DagBag from /home/shamim/airflow_git/Airflow_project/air_venv/lib/python3.12/site-packages/airflow/example_dags/example_branch_datetime_operator.py
[2025-02-14T22:06:27.746+0600] {processor.py:925} INFO - DAG(s) 'example_branch_datetime_operator', 'example_branch_datetime_operator_3', 'example_branch_datetime_operator_2' retrieved from /home/shamim/airflow_git/Airflow_project/air_venv/lib/python3.12/site-packages/airflow/example_dags/example_branch_datetime_operator.py
[2025-02-14T22:06:27.836+0600] {logging_mixin.py:190} INFO - [2025-02-14T22:06:27.835+0600] {dag.py:3239} INFO - Sync 3 DAGs
[2025-02-14T22:06:27.897+0600] {logging_mixin.py:190} INFO - [2025-02-14T22:06:27.897+0600] {dag.py:4180} INFO - Setting next_dagrun for example_branch_datetime_operator to 2025-02-13 00:00:00+00:00, run_after=2025-02-14 00:00:00+00:00
[2025-02-14T22:06:27.909+0600] {logging_mixin.py:190} INFO - [2025-02-14T22:06:27.908+0600] {dag.py:4180} INFO - Setting next_dagrun for example_branch_datetime_operator_2 to 2025-02-13 00:00:00+00:00, run_after=2025-02-14 00:00:00+00:00
[2025-02-14T22:06:27.915+0600] {logging_mixin.py:190} INFO - [2025-02-14T22:06:27.915+0600] {dag.py:4180} INFO - Setting next_dagrun for example_branch_datetime_operator_3 to 2025-02-13 00:00:00+00:00, run_after=2025-02-14 00:00:00+00:00
[2025-02-14T22:06:27.949+0600] {processor.py:208} INFO - Processing /home/shamim/airflow_git/Airflow_project/air_venv/lib/python3.12/site-packages/airflow/example_dags/example_branch_datetime_operator.py took 0.258 seconds
[2025-02-14T22:06:58.701+0600] {processor.py:186} INFO - Started process (PID=578372) to work on /home/shamim/airflow_git/Airflow_project/air_venv/lib/python3.12/site-packages/airflow/example_dags/example_branch_datetime_operator.py
[2025-02-14T22:06:58.703+0600] {processor.py:914} INFO - Processing file /home/shamim/airflow_git/Airflow_project/air_venv/lib/python3.12/site-packages/airflow/example_dags/example_branch_datetime_operator.py for tasks to queue
[2025-02-14T22:06:58.706+0600] {logging_mixin.py:190} INFO - [2025-02-14T22:06:58.706+0600] {dagbag.py:588} INFO - Filling up the DagBag from /home/shamim/airflow_git/Airflow_project/air_venv/lib/python3.12/site-packages/airflow/example_dags/example_branch_datetime_operator.py
[2025-02-14T22:06:58.732+0600] {processor.py:925} INFO - DAG(s) 'example_branch_datetime_operator_3', 'example_branch_datetime_operator_2', 'example_branch_datetime_operator' retrieved from /home/shamim/airflow_git/Airflow_project/air_venv/lib/python3.12/site-packages/airflow/example_dags/example_branch_datetime_operator.py
[2025-02-14T22:06:58.789+0600] {logging_mixin.py:190} INFO - [2025-02-14T22:06:58.789+0600] {dag.py:3239} INFO - Sync 3 DAGs
[2025-02-14T22:06:58.828+0600] {logging_mixin.py:190} INFO - [2025-02-14T22:06:58.828+0600] {dag.py:4180} INFO - Setting next_dagrun for example_branch_datetime_operator to 2025-02-13 00:00:00+00:00, run_after=2025-02-14 00:00:00+00:00
[2025-02-14T22:06:58.837+0600] {logging_mixin.py:190} INFO - [2025-02-14T22:06:58.837+0600] {dag.py:4180} INFO - Setting next_dagrun for example_branch_datetime_operator_2 to 2025-02-13 00:00:00+00:00, run_after=2025-02-14 00:00:00+00:00
[2025-02-14T22:06:58.841+0600] {logging_mixin.py:190} INFO - [2025-02-14T22:06:58.841+0600] {dag.py:4180} INFO - Setting next_dagrun for example_branch_datetime_operator_3 to 2025-02-13 00:00:00+00:00, run_after=2025-02-14 00:00:00+00:00
[2025-02-14T22:06:58.864+0600] {processor.py:208} INFO - Processing /home/shamim/airflow_git/Airflow_project/air_venv/lib/python3.12/site-packages/airflow/example_dags/example_branch_datetime_operator.py took 0.174 seconds
[2025-02-14T22:07:30.462+0600] {processor.py:186} INFO - Started process (PID=578848) to work on /home/shamim/airflow_git/Airflow_project/air_venv/lib/python3.12/site-packages/airflow/example_dags/example_branch_datetime_operator.py
[2025-02-14T22:07:30.463+0600] {processor.py:914} INFO - Processing file /home/shamim/airflow_git/Airflow_project/air_venv/lib/python3.12/site-packages/airflow/example_dags/example_branch_datetime_operator.py for tasks to queue
[2025-02-14T22:07:30.466+0600] {logging_mixin.py:190} INFO - [2025-02-14T22:07:30.466+0600] {dagbag.py:588} INFO - Filling up the DagBag from /home/shamim/airflow_git/Airflow_project/air_venv/lib/python3.12/site-packages/airflow/example_dags/example_branch_datetime_operator.py
[2025-02-14T22:07:30.483+0600] {processor.py:925} INFO - DAG(s) 'example_branch_datetime_operator', 'example_branch_datetime_operator_2', 'example_branch_datetime_operator_3' retrieved from /home/shamim/airflow_git/Airflow_project/air_venv/lib/python3.12/site-packages/airflow/example_dags/example_branch_datetime_operator.py
[2025-02-14T22:07:30.537+0600] {logging_mixin.py:190} INFO - [2025-02-14T22:07:30.537+0600] {dag.py:3239} INFO - Sync 3 DAGs
[2025-02-14T22:07:30.587+0600] {logging_mixin.py:190} INFO - [2025-02-14T22:07:30.586+0600] {dag.py:4180} INFO - Setting next_dagrun for example_branch_datetime_operator to 2025-02-13 00:00:00+00:00, run_after=2025-02-14 00:00:00+00:00
[2025-02-14T22:07:30.599+0600] {logging_mixin.py:190} INFO - [2025-02-14T22:07:30.599+0600] {dag.py:4180} INFO - Setting next_dagrun for example_branch_datetime_operator_2 to 2025-02-13 00:00:00+00:00, run_after=2025-02-14 00:00:00+00:00
[2025-02-14T22:07:30.603+0600] {logging_mixin.py:190} INFO - [2025-02-14T22:07:30.603+0600] {dag.py:4180} INFO - Setting next_dagrun for example_branch_datetime_operator_3 to 2025-02-13 00:00:00+00:00, run_after=2025-02-14 00:00:00+00:00
[2025-02-14T22:07:30.634+0600] {processor.py:208} INFO - Processing /home/shamim/airflow_git/Airflow_project/air_venv/lib/python3.12/site-packages/airflow/example_dags/example_branch_datetime_operator.py took 0.181 seconds
[2025-02-14T22:08:02.378+0600] {processor.py:186} INFO - Started process (PID=579403) to work on /home/shamim/airflow_git/Airflow_project/air_venv/lib/python3.12/site-packages/airflow/example_dags/example_branch_datetime_operator.py
[2025-02-14T22:08:02.379+0600] {processor.py:914} INFO - Processing file /home/shamim/airflow_git/Airflow_project/air_venv/lib/python3.12/site-packages/airflow/example_dags/example_branch_datetime_operator.py for tasks to queue
[2025-02-14T22:08:02.381+0600] {logging_mixin.py:190} INFO - [2025-02-14T22:08:02.380+0600] {dagbag.py:588} INFO - Filling up the DagBag from /home/shamim/airflow_git/Airflow_project/air_venv/lib/python3.12/site-packages/airflow/example_dags/example_branch_datetime_operator.py
[2025-02-14T22:08:02.400+0600] {processor.py:925} INFO - DAG(s) 'example_branch_datetime_operator_2', 'example_branch_datetime_operator', 'example_branch_datetime_operator_3' retrieved from /home/shamim/airflow_git/Airflow_project/air_venv/lib/python3.12/site-packages/airflow/example_dags/example_branch_datetime_operator.py
[2025-02-14T22:08:02.458+0600] {logging_mixin.py:190} INFO - [2025-02-14T22:08:02.458+0600] {dag.py:3239} INFO - Sync 3 DAGs
[2025-02-14T22:08:02.505+0600] {logging_mixin.py:190} INFO - [2025-02-14T22:08:02.504+0600] {dag.py:4180} INFO - Setting next_dagrun for example_branch_datetime_operator to 2025-02-13 00:00:00+00:00, run_after=2025-02-14 00:00:00+00:00
[2025-02-14T22:08:02.515+0600] {logging_mixin.py:190} INFO - [2025-02-14T22:08:02.514+0600] {dag.py:4180} INFO - Setting next_dagrun for example_branch_datetime_operator_2 to 2025-02-13 00:00:00+00:00, run_after=2025-02-14 00:00:00+00:00
[2025-02-14T22:08:02.518+0600] {logging_mixin.py:190} INFO - [2025-02-14T22:08:02.518+0600] {dag.py:4180} INFO - Setting next_dagrun for example_branch_datetime_operator_3 to 2025-02-13 00:00:00+00:00, run_after=2025-02-14 00:00:00+00:00
[2025-02-14T22:08:02.545+0600] {processor.py:208} INFO - Processing /home/shamim/airflow_git/Airflow_project/air_venv/lib/python3.12/site-packages/airflow/example_dags/example_branch_datetime_operator.py took 0.179 seconds
[2025-02-14T22:08:35.533+0600] {processor.py:186} INFO - Started process (PID=579872) to work on /home/shamim/airflow_git/Airflow_project/air_venv/lib/python3.12/site-packages/airflow/example_dags/example_branch_datetime_operator.py
[2025-02-14T22:08:35.535+0600] {processor.py:914} INFO - Processing file /home/shamim/airflow_git/Airflow_project/air_venv/lib/python3.12/site-packages/airflow/example_dags/example_branch_datetime_operator.py for tasks to queue
[2025-02-14T22:08:35.538+0600] {logging_mixin.py:190} INFO - [2025-02-14T22:08:35.537+0600] {dagbag.py:588} INFO - Filling up the DagBag from /home/shamim/airflow_git/Airflow_project/air_venv/lib/python3.12/site-packages/airflow/example_dags/example_branch_datetime_operator.py
[2025-02-14T22:08:35.555+0600] {processor.py:925} INFO - DAG(s) 'example_branch_datetime_operator_2', 'example_branch_datetime_operator_3', 'example_branch_datetime_operator' retrieved from /home/shamim/airflow_git/Airflow_project/air_venv/lib/python3.12/site-packages/airflow/example_dags/example_branch_datetime_operator.py
[2025-02-14T22:08:35.612+0600] {logging_mixin.py:190} INFO - [2025-02-14T22:08:35.611+0600] {dag.py:3239} INFO - Sync 3 DAGs
[2025-02-14T22:08:35.652+0600] {logging_mixin.py:190} INFO - [2025-02-14T22:08:35.651+0600] {dag.py:4180} INFO - Setting next_dagrun for example_branch_datetime_operator to 2025-02-13 00:00:00+00:00, run_after=2025-02-14 00:00:00+00:00
[2025-02-14T22:08:35.661+0600] {logging_mixin.py:190} INFO - [2025-02-14T22:08:35.660+0600] {dag.py:4180} INFO - Setting next_dagrun for example_branch_datetime_operator_2 to 2025-02-13 00:00:00+00:00, run_after=2025-02-14 00:00:00+00:00
[2025-02-14T22:08:35.665+0600] {logging_mixin.py:190} INFO - [2025-02-14T22:08:35.665+0600] {dag.py:4180} INFO - Setting next_dagrun for example_branch_datetime_operator_3 to 2025-02-13 00:00:00+00:00, run_after=2025-02-14 00:00:00+00:00
[2025-02-14T22:08:35.689+0600] {processor.py:208} INFO - Processing /home/shamim/airflow_git/Airflow_project/air_venv/lib/python3.12/site-packages/airflow/example_dags/example_branch_datetime_operator.py took 0.166 seconds
[2025-02-14T22:09:06.046+0600] {processor.py:186} INFO - Started process (PID=580293) to work on /home/shamim/airflow_git/Airflow_project/air_venv/lib/python3.12/site-packages/airflow/example_dags/example_branch_datetime_operator.py
[2025-02-14T22:09:06.047+0600] {processor.py:914} INFO - Processing file /home/shamim/airflow_git/Airflow_project/air_venv/lib/python3.12/site-packages/airflow/example_dags/example_branch_datetime_operator.py for tasks to queue
[2025-02-14T22:09:06.048+0600] {logging_mixin.py:190} INFO - [2025-02-14T22:09:06.048+0600] {dagbag.py:588} INFO - Filling up the DagBag from /home/shamim/airflow_git/Airflow_project/air_venv/lib/python3.12/site-packages/airflow/example_dags/example_branch_datetime_operator.py
[2025-02-14T22:09:06.073+0600] {processor.py:925} INFO - DAG(s) 'example_branch_datetime_operator_2', 'example_branch_datetime_operator_3', 'example_branch_datetime_operator' retrieved from /home/shamim/airflow_git/Airflow_project/air_venv/lib/python3.12/site-packages/airflow/example_dags/example_branch_datetime_operator.py
[2025-02-14T22:09:06.139+0600] {logging_mixin.py:190} INFO - [2025-02-14T22:09:06.138+0600] {dag.py:3239} INFO - Sync 3 DAGs
[2025-02-14T22:09:06.177+0600] {logging_mixin.py:190} INFO - [2025-02-14T22:09:06.177+0600] {dag.py:4180} INFO - Setting next_dagrun for example_branch_datetime_operator to 2025-02-13 00:00:00+00:00, run_after=2025-02-14 00:00:00+00:00
[2025-02-14T22:09:06.184+0600] {logging_mixin.py:190} INFO - [2025-02-14T22:09:06.184+0600] {dag.py:4180} INFO - Setting next_dagrun for example_branch_datetime_operator_2 to 2025-02-13 00:00:00+00:00, run_after=2025-02-14 00:00:00+00:00
[2025-02-14T22:09:06.189+0600] {logging_mixin.py:190} INFO - [2025-02-14T22:09:06.189+0600] {dag.py:4180} INFO - Setting next_dagrun for example_branch_datetime_operator_3 to 2025-02-13 00:00:00+00:00, run_after=2025-02-14 00:00:00+00:00
[2025-02-14T22:09:06.240+0600] {processor.py:208} INFO - Processing /home/shamim/airflow_git/Airflow_project/air_venv/lib/python3.12/site-packages/airflow/example_dags/example_branch_datetime_operator.py took 0.205 seconds
[2025-02-14T22:09:37.807+0600] {processor.py:186} INFO - Started process (PID=580848) to work on /home/shamim/airflow_git/Airflow_project/air_venv/lib/python3.12/site-packages/airflow/example_dags/example_branch_datetime_operator.py
[2025-02-14T22:09:37.813+0600] {processor.py:914} INFO - Processing file /home/shamim/airflow_git/Airflow_project/air_venv/lib/python3.12/site-packages/airflow/example_dags/example_branch_datetime_operator.py for tasks to queue
[2025-02-14T22:09:37.814+0600] {logging_mixin.py:190} INFO - [2025-02-14T22:09:37.814+0600] {dagbag.py:588} INFO - Filling up the DagBag from /home/shamim/airflow_git/Airflow_project/air_venv/lib/python3.12/site-packages/airflow/example_dags/example_branch_datetime_operator.py
[2025-02-14T22:09:37.835+0600] {processor.py:925} INFO - DAG(s) 'example_branch_datetime_operator_2', 'example_branch_datetime_operator', 'example_branch_datetime_operator_3' retrieved from /home/shamim/airflow_git/Airflow_project/air_venv/lib/python3.12/site-packages/airflow/example_dags/example_branch_datetime_operator.py
[2025-02-14T22:09:37.908+0600] {logging_mixin.py:190} INFO - [2025-02-14T22:09:37.907+0600] {dag.py:3239} INFO - Sync 3 DAGs
[2025-02-14T22:09:37.959+0600] {logging_mixin.py:190} INFO - [2025-02-14T22:09:37.959+0600] {dag.py:4180} INFO - Setting next_dagrun for example_branch_datetime_operator to 2025-02-13 00:00:00+00:00, run_after=2025-02-14 00:00:00+00:00
[2025-02-14T22:09:37.969+0600] {logging_mixin.py:190} INFO - [2025-02-14T22:09:37.969+0600] {dag.py:4180} INFO - Setting next_dagrun for example_branch_datetime_operator_2 to 2025-02-13 00:00:00+00:00, run_after=2025-02-14 00:00:00+00:00
[2025-02-14T22:09:37.974+0600] {logging_mixin.py:190} INFO - [2025-02-14T22:09:37.974+0600] {dag.py:4180} INFO - Setting next_dagrun for example_branch_datetime_operator_3 to 2025-02-13 00:00:00+00:00, run_after=2025-02-14 00:00:00+00:00
[2025-02-14T22:09:38.002+0600] {processor.py:208} INFO - Processing /home/shamim/airflow_git/Airflow_project/air_venv/lib/python3.12/site-packages/airflow/example_dags/example_branch_datetime_operator.py took 0.206 seconds
[2025-02-14T22:10:08.408+0600] {processor.py:186} INFO - Started process (PID=581287) to work on /home/shamim/airflow_git/Airflow_project/air_venv/lib/python3.12/site-packages/airflow/example_dags/example_branch_datetime_operator.py
[2025-02-14T22:10:08.410+0600] {processor.py:914} INFO - Processing file /home/shamim/airflow_git/Airflow_project/air_venv/lib/python3.12/site-packages/airflow/example_dags/example_branch_datetime_operator.py for tasks to queue
[2025-02-14T22:10:08.412+0600] {logging_mixin.py:190} INFO - [2025-02-14T22:10:08.411+0600] {dagbag.py:588} INFO - Filling up the DagBag from /home/shamim/airflow_git/Airflow_project/air_venv/lib/python3.12/site-packages/airflow/example_dags/example_branch_datetime_operator.py
[2025-02-14T22:10:08.438+0600] {processor.py:925} INFO - DAG(s) 'example_branch_datetime_operator_2', 'example_branch_datetime_operator', 'example_branch_datetime_operator_3' retrieved from /home/shamim/airflow_git/Airflow_project/air_venv/lib/python3.12/site-packages/airflow/example_dags/example_branch_datetime_operator.py
[2025-02-14T22:10:08.498+0600] {logging_mixin.py:190} INFO - [2025-02-14T22:10:08.498+0600] {dag.py:3239} INFO - Sync 3 DAGs
[2025-02-14T22:10:08.543+0600] {logging_mixin.py:190} INFO - [2025-02-14T22:10:08.542+0600] {dag.py:4180} INFO - Setting next_dagrun for example_branch_datetime_operator to 2025-02-13 00:00:00+00:00, run_after=2025-02-14 00:00:00+00:00
[2025-02-14T22:10:08.553+0600] {logging_mixin.py:190} INFO - [2025-02-14T22:10:08.552+0600] {dag.py:4180} INFO - Setting next_dagrun for example_branch_datetime_operator_2 to 2025-02-13 00:00:00+00:00, run_after=2025-02-14 00:00:00+00:00
[2025-02-14T22:10:08.558+0600] {logging_mixin.py:190} INFO - [2025-02-14T22:10:08.558+0600] {dag.py:4180} INFO - Setting next_dagrun for example_branch_datetime_operator_3 to 2025-02-13 00:00:00+00:00, run_after=2025-02-14 00:00:00+00:00
[2025-02-14T22:10:08.584+0600] {processor.py:208} INFO - Processing /home/shamim/airflow_git/Airflow_project/air_venv/lib/python3.12/site-packages/airflow/example_dags/example_branch_datetime_operator.py took 0.183 seconds
