[2025-02-14T21:56:24.087+0600] {processor.py:186} INFO - Started process (PID=572660) to work on /home/shamim/airflow_git/Airflow_project/air_venv/lib/python3.12/site-packages/airflow/example_dags/example_datasets.py
[2025-02-14T21:56:24.088+0600] {processor.py:914} INFO - Processing file /home/shamim/airflow_git/Airflow_project/air_venv/lib/python3.12/site-packages/airflow/example_dags/example_datasets.py for tasks to queue
[2025-02-14T21:56:24.089+0600] {logging_mixin.py:190} INFO - [2025-02-14T21:56:24.089+0600] {dagbag.py:588} INFO - Filling up the DagBag from /home/shamim/airflow_git/Airflow_project/air_venv/lib/python3.12/site-packages/airflow/example_dags/example_datasets.py
[2025-02-14T21:56:25.551+0600] {processor.py:925} INFO - DAG(s) 'dataset_produces_2', 'dataset_consumes_1_and_2', 'consume_1_or_both_2_and_3_with_dataset_expressions', 'dataset_consumes_unknown_never_scheduled', 'dataset_consumes_1', 'dataset_produces_1', 'consume_1_or_2_with_dataset_expressions', 'dataset_consumes_1_never_scheduled', 'conditional_dataset_and_time_based_timetable', 'consume_1_and_2_with_dataset_expressions' retrieved from /home/shamim/airflow_git/Airflow_project/air_venv/lib/python3.12/site-packages/airflow/example_dags/example_datasets.py
[2025-02-14T21:56:26.055+0600] {logging_mixin.py:190} INFO - [2025-02-14T21:56:26.055+0600] {dag.py:3239} INFO - Sync 10 DAGs
[2025-02-14T21:56:26.103+0600] {logging_mixin.py:190} INFO - [2025-02-14T21:56:26.103+0600] {dag.py:4180} INFO - Setting next_dagrun for conditional_dataset_and_time_based_timetable to 2025-02-12 01:00:00+00:00, run_after=2025-02-12 01:00:00+00:00
[2025-02-14T21:56:26.118+0600] {logging_mixin.py:190} INFO - [2025-02-14T21:56:26.117+0600] {dag.py:4180} INFO - Setting next_dagrun for consume_1_and_2_with_dataset_expressions to None, run_after=None
[2025-02-14T21:56:26.121+0600] {logging_mixin.py:190} INFO - [2025-02-14T21:56:26.120+0600] {dag.py:4180} INFO - Setting next_dagrun for consume_1_or_2_with_dataset_expressions to None, run_after=None
[2025-02-14T21:56:26.124+0600] {logging_mixin.py:190} INFO - [2025-02-14T21:56:26.123+0600] {dag.py:4180} INFO - Setting next_dagrun for consume_1_or_both_2_and_3_with_dataset_expressions to None, run_after=None
[2025-02-14T21:56:26.127+0600] {logging_mixin.py:190} INFO - [2025-02-14T21:56:26.126+0600] {dag.py:4180} INFO - Setting next_dagrun for dataset_consumes_1 to None, run_after=None
[2025-02-14T21:56:26.133+0600] {logging_mixin.py:190} INFO - [2025-02-14T21:56:26.129+0600] {dag.py:4180} INFO - Setting next_dagrun for dataset_consumes_1_and_2 to None, run_after=None
[2025-02-14T21:56:26.136+0600] {logging_mixin.py:190} INFO - [2025-02-14T21:56:26.136+0600] {dag.py:4180} INFO - Setting next_dagrun for dataset_consumes_1_never_scheduled to None, run_after=None
[2025-02-14T21:56:26.139+0600] {logging_mixin.py:190} INFO - [2025-02-14T21:56:26.138+0600] {dag.py:4180} INFO - Setting next_dagrun for dataset_consumes_unknown_never_scheduled to None, run_after=None
[2025-02-14T21:56:26.145+0600] {logging_mixin.py:190} INFO - [2025-02-14T21:56:26.144+0600] {dag.py:4180} INFO - Setting next_dagrun for dataset_produces_1 to 2025-02-13 00:00:00+00:00, run_after=2025-02-14 00:00:00+00:00
[2025-02-14T21:56:26.148+0600] {logging_mixin.py:190} INFO - [2025-02-14T21:56:26.147+0600] {dag.py:4180} INFO - Setting next_dagrun for dataset_produces_2 to None, run_after=None
[2025-02-14T21:56:26.254+0600] {processor.py:208} INFO - Processing /home/shamim/airflow_git/Airflow_project/air_venv/lib/python3.12/site-packages/airflow/example_dags/example_datasets.py took 2.179 seconds
[2025-02-14T21:56:56.947+0600] {processor.py:186} INFO - Started process (PID=573073) to work on /home/shamim/airflow_git/Airflow_project/air_venv/lib/python3.12/site-packages/airflow/example_dags/example_datasets.py
[2025-02-14T21:56:56.951+0600] {processor.py:914} INFO - Processing file /home/shamim/airflow_git/Airflow_project/air_venv/lib/python3.12/site-packages/airflow/example_dags/example_datasets.py for tasks to queue
[2025-02-14T21:56:56.953+0600] {logging_mixin.py:190} INFO - [2025-02-14T21:56:56.953+0600] {dagbag.py:588} INFO - Filling up the DagBag from /home/shamim/airflow_git/Airflow_project/air_venv/lib/python3.12/site-packages/airflow/example_dags/example_datasets.py
[2025-02-14T21:56:57.520+0600] {processor.py:925} INFO - DAG(s) 'dataset_consumes_1_never_scheduled', 'consume_1_or_2_with_dataset_expressions', 'dataset_produces_2', 'dataset_consumes_1', 'dataset_produces_1', 'consume_1_or_both_2_and_3_with_dataset_expressions', 'conditional_dataset_and_time_based_timetable', 'dataset_consumes_unknown_never_scheduled', 'consume_1_and_2_with_dataset_expressions', 'dataset_consumes_1_and_2' retrieved from /home/shamim/airflow_git/Airflow_project/air_venv/lib/python3.12/site-packages/airflow/example_dags/example_datasets.py
[2025-02-14T21:56:57.584+0600] {logging_mixin.py:190} INFO - [2025-02-14T21:56:57.584+0600] {dag.py:3239} INFO - Sync 10 DAGs
[2025-02-14T21:56:57.614+0600] {logging_mixin.py:190} INFO - [2025-02-14T21:56:57.614+0600] {dag.py:4180} INFO - Setting next_dagrun for conditional_dataset_and_time_based_timetable to 2025-02-12 01:00:00+00:00, run_after=2025-02-12 01:00:00+00:00
[2025-02-14T21:56:57.619+0600] {logging_mixin.py:190} INFO - [2025-02-14T21:56:57.619+0600] {dag.py:4180} INFO - Setting next_dagrun for consume_1_and_2_with_dataset_expressions to None, run_after=None
[2025-02-14T21:56:57.621+0600] {logging_mixin.py:190} INFO - [2025-02-14T21:56:57.620+0600] {dag.py:4180} INFO - Setting next_dagrun for consume_1_or_2_with_dataset_expressions to None, run_after=None
[2025-02-14T21:56:57.622+0600] {logging_mixin.py:190} INFO - [2025-02-14T21:56:57.622+0600] {dag.py:4180} INFO - Setting next_dagrun for consume_1_or_both_2_and_3_with_dataset_expressions to None, run_after=None
[2025-02-14T21:56:57.624+0600] {logging_mixin.py:190} INFO - [2025-02-14T21:56:57.624+0600] {dag.py:4180} INFO - Setting next_dagrun for dataset_consumes_1 to None, run_after=None
[2025-02-14T21:56:57.625+0600] {logging_mixin.py:190} INFO - [2025-02-14T21:56:57.625+0600] {dag.py:4180} INFO - Setting next_dagrun for dataset_consumes_1_and_2 to None, run_after=None
[2025-02-14T21:56:57.627+0600] {logging_mixin.py:190} INFO - [2025-02-14T21:56:57.627+0600] {dag.py:4180} INFO - Setting next_dagrun for dataset_consumes_1_never_scheduled to None, run_after=None
[2025-02-14T21:56:57.629+0600] {logging_mixin.py:190} INFO - [2025-02-14T21:56:57.628+0600] {dag.py:4180} INFO - Setting next_dagrun for dataset_consumes_unknown_never_scheduled to None, run_after=None
[2025-02-14T21:56:57.632+0600] {logging_mixin.py:190} INFO - [2025-02-14T21:56:57.632+0600] {dag.py:4180} INFO - Setting next_dagrun for dataset_produces_1 to 2025-02-13 00:00:00+00:00, run_after=2025-02-14 00:00:00+00:00
[2025-02-14T21:56:57.633+0600] {logging_mixin.py:190} INFO - [2025-02-14T21:56:57.633+0600] {dag.py:4180} INFO - Setting next_dagrun for dataset_produces_2 to None, run_after=None
[2025-02-14T21:56:57.693+0600] {processor.py:208} INFO - Processing /home/shamim/airflow_git/Airflow_project/air_venv/lib/python3.12/site-packages/airflow/example_dags/example_datasets.py took 0.756 seconds
[2025-02-14T21:57:27.788+0600] {processor.py:186} INFO - Started process (PID=573489) to work on /home/shamim/airflow_git/Airflow_project/air_venv/lib/python3.12/site-packages/airflow/example_dags/example_datasets.py
[2025-02-14T21:57:27.789+0600] {processor.py:914} INFO - Processing file /home/shamim/airflow_git/Airflow_project/air_venv/lib/python3.12/site-packages/airflow/example_dags/example_datasets.py for tasks to queue
[2025-02-14T21:57:27.791+0600] {logging_mixin.py:190} INFO - [2025-02-14T21:57:27.790+0600] {dagbag.py:588} INFO - Filling up the DagBag from /home/shamim/airflow_git/Airflow_project/air_venv/lib/python3.12/site-packages/airflow/example_dags/example_datasets.py
[2025-02-14T21:57:28.368+0600] {processor.py:925} INFO - DAG(s) 'dataset_produces_1', 'dataset_consumes_1_and_2', 'conditional_dataset_and_time_based_timetable', 'dataset_consumes_1_never_scheduled', 'consume_1_or_both_2_and_3_with_dataset_expressions', 'consume_1_or_2_with_dataset_expressions', 'dataset_produces_2', 'consume_1_and_2_with_dataset_expressions', 'dataset_consumes_1', 'dataset_consumes_unknown_never_scheduled' retrieved from /home/shamim/airflow_git/Airflow_project/air_venv/lib/python3.12/site-packages/airflow/example_dags/example_datasets.py
[2025-02-14T21:57:28.440+0600] {logging_mixin.py:190} INFO - [2025-02-14T21:57:28.440+0600] {dag.py:3239} INFO - Sync 10 DAGs
[2025-02-14T21:57:28.472+0600] {logging_mixin.py:190} INFO - [2025-02-14T21:57:28.471+0600] {dag.py:4180} INFO - Setting next_dagrun for conditional_dataset_and_time_based_timetable to 2025-02-12 01:00:00+00:00, run_after=2025-02-12 01:00:00+00:00
[2025-02-14T21:57:28.476+0600] {logging_mixin.py:190} INFO - [2025-02-14T21:57:28.476+0600] {dag.py:4180} INFO - Setting next_dagrun for consume_1_and_2_with_dataset_expressions to None, run_after=None
[2025-02-14T21:57:28.478+0600] {logging_mixin.py:190} INFO - [2025-02-14T21:57:28.478+0600] {dag.py:4180} INFO - Setting next_dagrun for consume_1_or_2_with_dataset_expressions to None, run_after=None
[2025-02-14T21:57:28.479+0600] {logging_mixin.py:190} INFO - [2025-02-14T21:57:28.479+0600] {dag.py:4180} INFO - Setting next_dagrun for consume_1_or_both_2_and_3_with_dataset_expressions to None, run_after=None
[2025-02-14T21:57:28.481+0600] {logging_mixin.py:190} INFO - [2025-02-14T21:57:28.481+0600] {dag.py:4180} INFO - Setting next_dagrun for dataset_consumes_1 to None, run_after=None
[2025-02-14T21:57:28.483+0600] {logging_mixin.py:190} INFO - [2025-02-14T21:57:28.482+0600] {dag.py:4180} INFO - Setting next_dagrun for dataset_consumes_1_and_2 to None, run_after=None
[2025-02-14T21:57:28.485+0600] {logging_mixin.py:190} INFO - [2025-02-14T21:57:28.485+0600] {dag.py:4180} INFO - Setting next_dagrun for dataset_consumes_1_never_scheduled to None, run_after=None
[2025-02-14T21:57:28.487+0600] {logging_mixin.py:190} INFO - [2025-02-14T21:57:28.487+0600] {dag.py:4180} INFO - Setting next_dagrun for dataset_consumes_unknown_never_scheduled to None, run_after=None
[2025-02-14T21:57:28.493+0600] {logging_mixin.py:190} INFO - [2025-02-14T21:57:28.492+0600] {dag.py:4180} INFO - Setting next_dagrun for dataset_produces_1 to 2025-02-13 00:00:00+00:00, run_after=2025-02-14 00:00:00+00:00
[2025-02-14T21:57:28.495+0600] {logging_mixin.py:190} INFO - [2025-02-14T21:57:28.495+0600] {dag.py:4180} INFO - Setting next_dagrun for dataset_produces_2 to None, run_after=None
[2025-02-14T21:57:28.546+0600] {processor.py:208} INFO - Processing /home/shamim/airflow_git/Airflow_project/air_venv/lib/python3.12/site-packages/airflow/example_dags/example_datasets.py took 0.769 seconds
[2025-02-14T22:02:34.448+0600] {processor.py:186} INFO - Started process (PID=574336) to work on /home/shamim/airflow_git/Airflow_project/air_venv/lib/python3.12/site-packages/airflow/example_dags/example_datasets.py
[2025-02-14T22:02:34.449+0600] {processor.py:914} INFO - Processing file /home/shamim/airflow_git/Airflow_project/air_venv/lib/python3.12/site-packages/airflow/example_dags/example_datasets.py for tasks to queue
[2025-02-14T22:02:34.452+0600] {logging_mixin.py:190} INFO - [2025-02-14T22:02:34.452+0600] {dagbag.py:588} INFO - Filling up the DagBag from /home/shamim/airflow_git/Airflow_project/air_venv/lib/python3.12/site-packages/airflow/example_dags/example_datasets.py
[2025-02-14T22:02:35.039+0600] {processor.py:925} INFO - DAG(s) 'dataset_consumes_1_and_2', 'consume_1_or_both_2_and_3_with_dataset_expressions', 'dataset_consumes_unknown_never_scheduled', 'dataset_produces_1', 'consume_1_and_2_with_dataset_expressions', 'dataset_consumes_1_never_scheduled', 'dataset_produces_2', 'dataset_consumes_1', 'conditional_dataset_and_time_based_timetable', 'consume_1_or_2_with_dataset_expressions' retrieved from /home/shamim/airflow_git/Airflow_project/air_venv/lib/python3.12/site-packages/airflow/example_dags/example_datasets.py
[2025-02-14T22:02:35.108+0600] {logging_mixin.py:190} INFO - [2025-02-14T22:02:35.108+0600] {dag.py:3239} INFO - Sync 10 DAGs
[2025-02-14T22:02:35.141+0600] {logging_mixin.py:190} INFO - [2025-02-14T22:02:35.141+0600] {dag.py:4180} INFO - Setting next_dagrun for conditional_dataset_and_time_based_timetable to 2025-02-12 01:00:00+00:00, run_after=2025-02-12 01:00:00+00:00
[2025-02-14T22:02:35.148+0600] {logging_mixin.py:190} INFO - [2025-02-14T22:02:35.148+0600] {dag.py:4180} INFO - Setting next_dagrun for consume_1_and_2_with_dataset_expressions to None, run_after=None
[2025-02-14T22:02:35.150+0600] {logging_mixin.py:190} INFO - [2025-02-14T22:02:35.149+0600] {dag.py:4180} INFO - Setting next_dagrun for consume_1_or_2_with_dataset_expressions to None, run_after=None
[2025-02-14T22:02:35.151+0600] {logging_mixin.py:190} INFO - [2025-02-14T22:02:35.151+0600] {dag.py:4180} INFO - Setting next_dagrun for consume_1_or_both_2_and_3_with_dataset_expressions to None, run_after=None
[2025-02-14T22:02:35.153+0600] {logging_mixin.py:190} INFO - [2025-02-14T22:02:35.153+0600] {dag.py:4180} INFO - Setting next_dagrun for dataset_consumes_1 to None, run_after=None
[2025-02-14T22:02:35.155+0600] {logging_mixin.py:190} INFO - [2025-02-14T22:02:35.154+0600] {dag.py:4180} INFO - Setting next_dagrun for dataset_consumes_1_and_2 to None, run_after=None
[2025-02-14T22:02:35.156+0600] {logging_mixin.py:190} INFO - [2025-02-14T22:02:35.156+0600] {dag.py:4180} INFO - Setting next_dagrun for dataset_consumes_1_never_scheduled to None, run_after=None
[2025-02-14T22:02:35.158+0600] {logging_mixin.py:190} INFO - [2025-02-14T22:02:35.158+0600] {dag.py:4180} INFO - Setting next_dagrun for dataset_consumes_unknown_never_scheduled to None, run_after=None
[2025-02-14T22:02:35.161+0600] {logging_mixin.py:190} INFO - [2025-02-14T22:02:35.161+0600] {dag.py:4180} INFO - Setting next_dagrun for dataset_produces_1 to 2025-02-13 00:00:00+00:00, run_after=2025-02-14 00:00:00+00:00
[2025-02-14T22:02:35.163+0600] {logging_mixin.py:190} INFO - [2025-02-14T22:02:35.163+0600] {dag.py:4180} INFO - Setting next_dagrun for dataset_produces_2 to None, run_after=None
[2025-02-14T22:02:35.214+0600] {processor.py:208} INFO - Processing /home/shamim/airflow_git/Airflow_project/air_venv/lib/python3.12/site-packages/airflow/example_dags/example_datasets.py took 0.773 seconds
[2025-02-14T22:03:05.597+0600] {processor.py:186} INFO - Started process (PID=574791) to work on /home/shamim/airflow_git/Airflow_project/air_venv/lib/python3.12/site-packages/airflow/example_dags/example_datasets.py
[2025-02-14T22:03:05.600+0600] {processor.py:914} INFO - Processing file /home/shamim/airflow_git/Airflow_project/air_venv/lib/python3.12/site-packages/airflow/example_dags/example_datasets.py for tasks to queue
[2025-02-14T22:03:05.603+0600] {logging_mixin.py:190} INFO - [2025-02-14T22:03:05.603+0600] {dagbag.py:588} INFO - Filling up the DagBag from /home/shamim/airflow_git/Airflow_project/air_venv/lib/python3.12/site-packages/airflow/example_dags/example_datasets.py
[2025-02-14T22:03:06.411+0600] {processor.py:925} INFO - DAG(s) 'dataset_consumes_1', 'dataset_consumes_unknown_never_scheduled', 'dataset_consumes_1_and_2', 'consume_1_or_2_with_dataset_expressions', 'consume_1_or_both_2_and_3_with_dataset_expressions', 'dataset_produces_2', 'conditional_dataset_and_time_based_timetable', 'dataset_produces_1', 'consume_1_and_2_with_dataset_expressions', 'dataset_consumes_1_never_scheduled' retrieved from /home/shamim/airflow_git/Airflow_project/air_venv/lib/python3.12/site-packages/airflow/example_dags/example_datasets.py
[2025-02-14T22:03:06.493+0600] {logging_mixin.py:190} INFO - [2025-02-14T22:03:06.493+0600] {dag.py:3239} INFO - Sync 10 DAGs
[2025-02-14T22:03:06.529+0600] {logging_mixin.py:190} INFO - [2025-02-14T22:03:06.529+0600] {dag.py:4180} INFO - Setting next_dagrun for conditional_dataset_and_time_based_timetable to 2025-02-12 01:00:00+00:00, run_after=2025-02-12 01:00:00+00:00
[2025-02-14T22:03:06.535+0600] {logging_mixin.py:190} INFO - [2025-02-14T22:03:06.535+0600] {dag.py:4180} INFO - Setting next_dagrun for consume_1_and_2_with_dataset_expressions to None, run_after=None
[2025-02-14T22:03:06.537+0600] {logging_mixin.py:190} INFO - [2025-02-14T22:03:06.537+0600] {dag.py:4180} INFO - Setting next_dagrun for consume_1_or_2_with_dataset_expressions to None, run_after=None
[2025-02-14T22:03:06.540+0600] {logging_mixin.py:190} INFO - [2025-02-14T22:03:06.539+0600] {dag.py:4180} INFO - Setting next_dagrun for consume_1_or_both_2_and_3_with_dataset_expressions to None, run_after=None
[2025-02-14T22:03:06.542+0600] {logging_mixin.py:190} INFO - [2025-02-14T22:03:06.542+0600] {dag.py:4180} INFO - Setting next_dagrun for dataset_consumes_1 to None, run_after=None
[2025-02-14T22:03:06.544+0600] {logging_mixin.py:190} INFO - [2025-02-14T22:03:06.544+0600] {dag.py:4180} INFO - Setting next_dagrun for dataset_consumes_1_and_2 to None, run_after=None
[2025-02-14T22:03:06.546+0600] {logging_mixin.py:190} INFO - [2025-02-14T22:03:06.546+0600] {dag.py:4180} INFO - Setting next_dagrun for dataset_consumes_1_never_scheduled to None, run_after=None
[2025-02-14T22:03:06.548+0600] {logging_mixin.py:190} INFO - [2025-02-14T22:03:06.548+0600] {dag.py:4180} INFO - Setting next_dagrun for dataset_consumes_unknown_never_scheduled to None, run_after=None
[2025-02-14T22:03:06.553+0600] {logging_mixin.py:190} INFO - [2025-02-14T22:03:06.553+0600] {dag.py:4180} INFO - Setting next_dagrun for dataset_produces_1 to 2025-02-13 00:00:00+00:00, run_after=2025-02-14 00:00:00+00:00
[2025-02-14T22:03:06.556+0600] {logging_mixin.py:190} INFO - [2025-02-14T22:03:06.555+0600] {dag.py:4180} INFO - Setting next_dagrun for dataset_produces_2 to None, run_after=None
[2025-02-14T22:03:06.617+0600] {processor.py:208} INFO - Processing /home/shamim/airflow_git/Airflow_project/air_venv/lib/python3.12/site-packages/airflow/example_dags/example_datasets.py took 1.030 seconds
[2025-02-14T22:03:36.767+0600] {processor.py:186} INFO - Started process (PID=575209) to work on /home/shamim/airflow_git/Airflow_project/air_venv/lib/python3.12/site-packages/airflow/example_dags/example_datasets.py
[2025-02-14T22:03:36.768+0600] {processor.py:914} INFO - Processing file /home/shamim/airflow_git/Airflow_project/air_venv/lib/python3.12/site-packages/airflow/example_dags/example_datasets.py for tasks to queue
[2025-02-14T22:03:36.771+0600] {logging_mixin.py:190} INFO - [2025-02-14T22:03:36.770+0600] {dagbag.py:588} INFO - Filling up the DagBag from /home/shamim/airflow_git/Airflow_project/air_venv/lib/python3.12/site-packages/airflow/example_dags/example_datasets.py
[2025-02-14T22:03:37.353+0600] {processor.py:925} INFO - DAG(s) 'dataset_consumes_1', 'dataset_produces_2', 'dataset_produces_1', 'dataset_consumes_unknown_never_scheduled', 'dataset_consumes_1_and_2', 'conditional_dataset_and_time_based_timetable', 'consume_1_or_2_with_dataset_expressions', 'consume_1_and_2_with_dataset_expressions', 'consume_1_or_both_2_and_3_with_dataset_expressions', 'dataset_consumes_1_never_scheduled' retrieved from /home/shamim/airflow_git/Airflow_project/air_venv/lib/python3.12/site-packages/airflow/example_dags/example_datasets.py
[2025-02-14T22:03:37.424+0600] {logging_mixin.py:190} INFO - [2025-02-14T22:03:37.423+0600] {dag.py:3239} INFO - Sync 10 DAGs
[2025-02-14T22:03:37.459+0600] {logging_mixin.py:190} INFO - [2025-02-14T22:03:37.459+0600] {dag.py:4180} INFO - Setting next_dagrun for conditional_dataset_and_time_based_timetable to 2025-02-12 01:00:00+00:00, run_after=2025-02-12 01:00:00+00:00
[2025-02-14T22:03:37.464+0600] {logging_mixin.py:190} INFO - [2025-02-14T22:03:37.464+0600] {dag.py:4180} INFO - Setting next_dagrun for consume_1_and_2_with_dataset_expressions to None, run_after=None
[2025-02-14T22:03:37.465+0600] {logging_mixin.py:190} INFO - [2025-02-14T22:03:37.465+0600] {dag.py:4180} INFO - Setting next_dagrun for consume_1_or_2_with_dataset_expressions to None, run_after=None
[2025-02-14T22:03:37.467+0600] {logging_mixin.py:190} INFO - [2025-02-14T22:03:37.467+0600] {dag.py:4180} INFO - Setting next_dagrun for consume_1_or_both_2_and_3_with_dataset_expressions to None, run_after=None
[2025-02-14T22:03:37.469+0600] {logging_mixin.py:190} INFO - [2025-02-14T22:03:37.468+0600] {dag.py:4180} INFO - Setting next_dagrun for dataset_consumes_1 to None, run_after=None
[2025-02-14T22:03:37.470+0600] {logging_mixin.py:190} INFO - [2025-02-14T22:03:37.470+0600] {dag.py:4180} INFO - Setting next_dagrun for dataset_consumes_1_and_2 to None, run_after=None
[2025-02-14T22:03:37.472+0600] {logging_mixin.py:190} INFO - [2025-02-14T22:03:37.472+0600] {dag.py:4180} INFO - Setting next_dagrun for dataset_consumes_1_never_scheduled to None, run_after=None
[2025-02-14T22:03:37.473+0600] {logging_mixin.py:190} INFO - [2025-02-14T22:03:37.473+0600] {dag.py:4180} INFO - Setting next_dagrun for dataset_consumes_unknown_never_scheduled to None, run_after=None
[2025-02-14T22:03:37.477+0600] {logging_mixin.py:190} INFO - [2025-02-14T22:03:37.476+0600] {dag.py:4180} INFO - Setting next_dagrun for dataset_produces_1 to 2025-02-13 00:00:00+00:00, run_after=2025-02-14 00:00:00+00:00
[2025-02-14T22:03:37.478+0600] {logging_mixin.py:190} INFO - [2025-02-14T22:03:37.478+0600] {dag.py:4180} INFO - Setting next_dagrun for dataset_produces_2 to None, run_after=None
[2025-02-14T22:03:37.525+0600] {processor.py:208} INFO - Processing /home/shamim/airflow_git/Airflow_project/air_venv/lib/python3.12/site-packages/airflow/example_dags/example_datasets.py took 0.766 seconds
[2025-02-14T22:04:08.256+0600] {processor.py:186} INFO - Started process (PID=575629) to work on /home/shamim/airflow_git/Airflow_project/air_venv/lib/python3.12/site-packages/airflow/example_dags/example_datasets.py
[2025-02-14T22:04:08.258+0600] {processor.py:914} INFO - Processing file /home/shamim/airflow_git/Airflow_project/air_venv/lib/python3.12/site-packages/airflow/example_dags/example_datasets.py for tasks to queue
[2025-02-14T22:04:08.260+0600] {logging_mixin.py:190} INFO - [2025-02-14T22:04:08.260+0600] {dagbag.py:588} INFO - Filling up the DagBag from /home/shamim/airflow_git/Airflow_project/air_venv/lib/python3.12/site-packages/airflow/example_dags/example_datasets.py
[2025-02-14T22:04:08.930+0600] {processor.py:925} INFO - DAG(s) 'consume_1_or_2_with_dataset_expressions', 'dataset_produces_1', 'dataset_consumes_1_never_scheduled', 'conditional_dataset_and_time_based_timetable', 'dataset_consumes_1', 'consume_1_and_2_with_dataset_expressions', 'consume_1_or_both_2_and_3_with_dataset_expressions', 'dataset_consumes_1_and_2', 'dataset_consumes_unknown_never_scheduled', 'dataset_produces_2' retrieved from /home/shamim/airflow_git/Airflow_project/air_venv/lib/python3.12/site-packages/airflow/example_dags/example_datasets.py
[2025-02-14T22:04:09.006+0600] {logging_mixin.py:190} INFO - [2025-02-14T22:04:09.005+0600] {dag.py:3239} INFO - Sync 10 DAGs
[2025-02-14T22:04:09.046+0600] {logging_mixin.py:190} INFO - [2025-02-14T22:04:09.046+0600] {dag.py:4180} INFO - Setting next_dagrun for conditional_dataset_and_time_based_timetable to 2025-02-12 01:00:00+00:00, run_after=2025-02-12 01:00:00+00:00
[2025-02-14T22:04:09.054+0600] {logging_mixin.py:190} INFO - [2025-02-14T22:04:09.054+0600] {dag.py:4180} INFO - Setting next_dagrun for consume_1_and_2_with_dataset_expressions to None, run_after=None
[2025-02-14T22:04:09.056+0600] {logging_mixin.py:190} INFO - [2025-02-14T22:04:09.056+0600] {dag.py:4180} INFO - Setting next_dagrun for consume_1_or_2_with_dataset_expressions to None, run_after=None
[2025-02-14T22:04:09.057+0600] {logging_mixin.py:190} INFO - [2025-02-14T22:04:09.057+0600] {dag.py:4180} INFO - Setting next_dagrun for consume_1_or_both_2_and_3_with_dataset_expressions to None, run_after=None
[2025-02-14T22:04:09.059+0600] {logging_mixin.py:190} INFO - [2025-02-14T22:04:09.059+0600] {dag.py:4180} INFO - Setting next_dagrun for dataset_consumes_1 to None, run_after=None
[2025-02-14T22:04:09.061+0600] {logging_mixin.py:190} INFO - [2025-02-14T22:04:09.060+0600] {dag.py:4180} INFO - Setting next_dagrun for dataset_consumes_1_and_2 to None, run_after=None
[2025-02-14T22:04:09.062+0600] {logging_mixin.py:190} INFO - [2025-02-14T22:04:09.062+0600] {dag.py:4180} INFO - Setting next_dagrun for dataset_consumes_1_never_scheduled to None, run_after=None
[2025-02-14T22:04:09.064+0600] {logging_mixin.py:190} INFO - [2025-02-14T22:04:09.064+0600] {dag.py:4180} INFO - Setting next_dagrun for dataset_consumes_unknown_never_scheduled to None, run_after=None
[2025-02-14T22:04:09.068+0600] {logging_mixin.py:190} INFO - [2025-02-14T22:04:09.067+0600] {dag.py:4180} INFO - Setting next_dagrun for dataset_produces_1 to 2025-02-13 00:00:00+00:00, run_after=2025-02-14 00:00:00+00:00
[2025-02-14T22:04:09.070+0600] {logging_mixin.py:190} INFO - [2025-02-14T22:04:09.070+0600] {dag.py:4180} INFO - Setting next_dagrun for dataset_produces_2 to None, run_after=None
[2025-02-14T22:04:09.122+0600] {processor.py:208} INFO - Processing /home/shamim/airflow_git/Airflow_project/air_venv/lib/python3.12/site-packages/airflow/example_dags/example_datasets.py took 0.880 seconds
[2025-02-14T22:04:39.956+0600] {processor.py:186} INFO - Started process (PID=576051) to work on /home/shamim/airflow_git/Airflow_project/air_venv/lib/python3.12/site-packages/airflow/example_dags/example_datasets.py
[2025-02-14T22:04:39.958+0600] {processor.py:914} INFO - Processing file /home/shamim/airflow_git/Airflow_project/air_venv/lib/python3.12/site-packages/airflow/example_dags/example_datasets.py for tasks to queue
[2025-02-14T22:04:39.961+0600] {logging_mixin.py:190} INFO - [2025-02-14T22:04:39.961+0600] {dagbag.py:588} INFO - Filling up the DagBag from /home/shamim/airflow_git/Airflow_project/air_venv/lib/python3.12/site-packages/airflow/example_dags/example_datasets.py
[2025-02-14T22:04:40.639+0600] {processor.py:925} INFO - DAG(s) 'dataset_consumes_1_never_scheduled', 'dataset_produces_1', 'consume_1_or_2_with_dataset_expressions', 'dataset_produces_2', 'conditional_dataset_and_time_based_timetable', 'dataset_consumes_unknown_never_scheduled', 'dataset_consumes_1', 'dataset_consumes_1_and_2', 'consume_1_and_2_with_dataset_expressions', 'consume_1_or_both_2_and_3_with_dataset_expressions' retrieved from /home/shamim/airflow_git/Airflow_project/air_venv/lib/python3.12/site-packages/airflow/example_dags/example_datasets.py
[2025-02-14T22:04:40.713+0600] {logging_mixin.py:190} INFO - [2025-02-14T22:04:40.713+0600] {dag.py:3239} INFO - Sync 10 DAGs
[2025-02-14T22:04:40.751+0600] {logging_mixin.py:190} INFO - [2025-02-14T22:04:40.751+0600] {dag.py:4180} INFO - Setting next_dagrun for conditional_dataset_and_time_based_timetable to 2025-02-12 01:00:00+00:00, run_after=2025-02-12 01:00:00+00:00
[2025-02-14T22:04:40.757+0600] {logging_mixin.py:190} INFO - [2025-02-14T22:04:40.757+0600] {dag.py:4180} INFO - Setting next_dagrun for consume_1_and_2_with_dataset_expressions to None, run_after=None
[2025-02-14T22:04:40.759+0600] {logging_mixin.py:190} INFO - [2025-02-14T22:04:40.759+0600] {dag.py:4180} INFO - Setting next_dagrun for consume_1_or_2_with_dataset_expressions to None, run_after=None
[2025-02-14T22:04:40.762+0600] {logging_mixin.py:190} INFO - [2025-02-14T22:04:40.761+0600] {dag.py:4180} INFO - Setting next_dagrun for consume_1_or_both_2_and_3_with_dataset_expressions to None, run_after=None
[2025-02-14T22:04:40.764+0600] {logging_mixin.py:190} INFO - [2025-02-14T22:04:40.764+0600] {dag.py:4180} INFO - Setting next_dagrun for dataset_consumes_1 to None, run_after=None
[2025-02-14T22:04:40.767+0600] {logging_mixin.py:190} INFO - [2025-02-14T22:04:40.766+0600] {dag.py:4180} INFO - Setting next_dagrun for dataset_consumes_1_and_2 to None, run_after=None
[2025-02-14T22:04:40.769+0600] {logging_mixin.py:190} INFO - [2025-02-14T22:04:40.769+0600] {dag.py:4180} INFO - Setting next_dagrun for dataset_consumes_1_never_scheduled to None, run_after=None
[2025-02-14T22:04:40.771+0600] {logging_mixin.py:190} INFO - [2025-02-14T22:04:40.771+0600] {dag.py:4180} INFO - Setting next_dagrun for dataset_consumes_unknown_never_scheduled to None, run_after=None
[2025-02-14T22:04:40.777+0600] {logging_mixin.py:190} INFO - [2025-02-14T22:04:40.776+0600] {dag.py:4180} INFO - Setting next_dagrun for dataset_produces_1 to 2025-02-13 00:00:00+00:00, run_after=2025-02-14 00:00:00+00:00
[2025-02-14T22:04:40.779+0600] {logging_mixin.py:190} INFO - [2025-02-14T22:04:40.779+0600] {dag.py:4180} INFO - Setting next_dagrun for dataset_produces_2 to None, run_after=None
[2025-02-14T22:04:40.829+0600] {processor.py:208} INFO - Processing /home/shamim/airflow_git/Airflow_project/air_venv/lib/python3.12/site-packages/airflow/example_dags/example_datasets.py took 0.888 seconds
[2025-02-14T22:05:11.107+0600] {processor.py:186} INFO - Started process (PID=576595) to work on /home/shamim/airflow_git/Airflow_project/air_venv/lib/python3.12/site-packages/airflow/example_dags/example_datasets.py
[2025-02-14T22:05:11.109+0600] {processor.py:914} INFO - Processing file /home/shamim/airflow_git/Airflow_project/air_venv/lib/python3.12/site-packages/airflow/example_dags/example_datasets.py for tasks to queue
[2025-02-14T22:05:11.120+0600] {logging_mixin.py:190} INFO - [2025-02-14T22:05:11.119+0600] {dagbag.py:588} INFO - Filling up the DagBag from /home/shamim/airflow_git/Airflow_project/air_venv/lib/python3.12/site-packages/airflow/example_dags/example_datasets.py
[2025-02-14T22:05:13.902+0600] {processor.py:925} INFO - DAG(s) 'consume_1_or_both_2_and_3_with_dataset_expressions', 'consume_1_and_2_with_dataset_expressions', 'consume_1_or_2_with_dataset_expressions', 'conditional_dataset_and_time_based_timetable', 'dataset_consumes_1_and_2', 'dataset_consumes_unknown_never_scheduled', 'dataset_consumes_1_never_scheduled', 'dataset_consumes_1', 'dataset_produces_2', 'dataset_produces_1' retrieved from /home/shamim/airflow_git/Airflow_project/air_venv/lib/python3.12/site-packages/airflow/example_dags/example_datasets.py
[2025-02-14T22:05:14.139+0600] {logging_mixin.py:190} INFO - [2025-02-14T22:05:14.138+0600] {dag.py:3239} INFO - Sync 10 DAGs
[2025-02-14T22:05:14.217+0600] {logging_mixin.py:190} INFO - [2025-02-14T22:05:14.216+0600] {dag.py:4180} INFO - Setting next_dagrun for conditional_dataset_and_time_based_timetable to 2025-02-12 01:00:00+00:00, run_after=2025-02-12 01:00:00+00:00
[2025-02-14T22:05:14.225+0600] {logging_mixin.py:190} INFO - [2025-02-14T22:05:14.225+0600] {dag.py:4180} INFO - Setting next_dagrun for consume_1_and_2_with_dataset_expressions to None, run_after=None
[2025-02-14T22:05:14.228+0600] {logging_mixin.py:190} INFO - [2025-02-14T22:05:14.227+0600] {dag.py:4180} INFO - Setting next_dagrun for consume_1_or_2_with_dataset_expressions to None, run_after=None
[2025-02-14T22:05:14.231+0600] {logging_mixin.py:190} INFO - [2025-02-14T22:05:14.230+0600] {dag.py:4180} INFO - Setting next_dagrun for consume_1_or_both_2_and_3_with_dataset_expressions to None, run_after=None
[2025-02-14T22:05:14.233+0600] {logging_mixin.py:190} INFO - [2025-02-14T22:05:14.233+0600] {dag.py:4180} INFO - Setting next_dagrun for dataset_consumes_1 to None, run_after=None
[2025-02-14T22:05:14.236+0600] {logging_mixin.py:190} INFO - [2025-02-14T22:05:14.235+0600] {dag.py:4180} INFO - Setting next_dagrun for dataset_consumes_1_and_2 to None, run_after=None
[2025-02-14T22:05:14.239+0600] {logging_mixin.py:190} INFO - [2025-02-14T22:05:14.238+0600] {dag.py:4180} INFO - Setting next_dagrun for dataset_consumes_1_never_scheduled to None, run_after=None
[2025-02-14T22:05:14.241+0600] {logging_mixin.py:190} INFO - [2025-02-14T22:05:14.241+0600] {dag.py:4180} INFO - Setting next_dagrun for dataset_consumes_unknown_never_scheduled to None, run_after=None
[2025-02-14T22:05:14.248+0600] {logging_mixin.py:190} INFO - [2025-02-14T22:05:14.247+0600] {dag.py:4180} INFO - Setting next_dagrun for dataset_produces_1 to 2025-02-13 00:00:00+00:00, run_after=2025-02-14 00:00:00+00:00
[2025-02-14T22:05:14.250+0600] {logging_mixin.py:190} INFO - [2025-02-14T22:05:14.250+0600] {dag.py:4180} INFO - Setting next_dagrun for dataset_produces_2 to None, run_after=None
[2025-02-14T22:05:14.341+0600] {processor.py:208} INFO - Processing /home/shamim/airflow_git/Airflow_project/air_venv/lib/python3.12/site-packages/airflow/example_dags/example_datasets.py took 3.265 seconds
[2025-02-14T22:05:49.843+0600] {processor.py:186} INFO - Started process (PID=577282) to work on /home/shamim/airflow_git/Airflow_project/air_venv/lib/python3.12/site-packages/airflow/example_dags/example_datasets.py
[2025-02-14T22:05:49.847+0600] {processor.py:914} INFO - Processing file /home/shamim/airflow_git/Airflow_project/air_venv/lib/python3.12/site-packages/airflow/example_dags/example_datasets.py for tasks to queue
[2025-02-14T22:05:49.855+0600] {logging_mixin.py:190} INFO - [2025-02-14T22:05:49.854+0600] {dagbag.py:588} INFO - Filling up the DagBag from /home/shamim/airflow_git/Airflow_project/air_venv/lib/python3.12/site-packages/airflow/example_dags/example_datasets.py
[2025-02-14T22:05:51.710+0600] {processor.py:925} INFO - DAG(s) 'dataset_consumes_1_and_2', 'dataset_consumes_1_never_scheduled', 'conditional_dataset_and_time_based_timetable', 'dataset_consumes_unknown_never_scheduled', 'dataset_produces_1', 'consume_1_and_2_with_dataset_expressions', 'consume_1_or_both_2_and_3_with_dataset_expressions', 'dataset_produces_2', 'consume_1_or_2_with_dataset_expressions', 'dataset_consumes_1' retrieved from /home/shamim/airflow_git/Airflow_project/air_venv/lib/python3.12/site-packages/airflow/example_dags/example_datasets.py
[2025-02-14T22:05:51.920+0600] {logging_mixin.py:190} INFO - [2025-02-14T22:05:51.919+0600] {dag.py:3239} INFO - Sync 10 DAGs
[2025-02-14T22:05:52.085+0600] {logging_mixin.py:190} INFO - [2025-02-14T22:05:52.084+0600] {dag.py:4180} INFO - Setting next_dagrun for conditional_dataset_and_time_based_timetable to 2025-02-12 01:00:00+00:00, run_after=2025-02-12 01:00:00+00:00
[2025-02-14T22:05:52.101+0600] {logging_mixin.py:190} INFO - [2025-02-14T22:05:52.100+0600] {dag.py:4180} INFO - Setting next_dagrun for consume_1_and_2_with_dataset_expressions to None, run_after=None
[2025-02-14T22:05:52.105+0600] {logging_mixin.py:190} INFO - [2025-02-14T22:05:52.105+0600] {dag.py:4180} INFO - Setting next_dagrun for consume_1_or_2_with_dataset_expressions to None, run_after=None
[2025-02-14T22:05:52.108+0600] {logging_mixin.py:190} INFO - [2025-02-14T22:05:52.108+0600] {dag.py:4180} INFO - Setting next_dagrun for consume_1_or_both_2_and_3_with_dataset_expressions to None, run_after=None
[2025-02-14T22:05:52.125+0600] {logging_mixin.py:190} INFO - [2025-02-14T22:05:52.125+0600] {dag.py:4180} INFO - Setting next_dagrun for dataset_consumes_1 to None, run_after=None
[2025-02-14T22:05:52.129+0600] {logging_mixin.py:190} INFO - [2025-02-14T22:05:52.129+0600] {dag.py:4180} INFO - Setting next_dagrun for dataset_consumes_1_and_2 to None, run_after=None
[2025-02-14T22:05:52.134+0600] {logging_mixin.py:190} INFO - [2025-02-14T22:05:52.133+0600] {dag.py:4180} INFO - Setting next_dagrun for dataset_consumes_1_never_scheduled to None, run_after=None
[2025-02-14T22:05:52.138+0600] {logging_mixin.py:190} INFO - [2025-02-14T22:05:52.138+0600] {dag.py:4180} INFO - Setting next_dagrun for dataset_consumes_unknown_never_scheduled to None, run_after=None
[2025-02-14T22:05:52.147+0600] {logging_mixin.py:190} INFO - [2025-02-14T22:05:52.147+0600] {dag.py:4180} INFO - Setting next_dagrun for dataset_produces_1 to 2025-02-13 00:00:00+00:00, run_after=2025-02-14 00:00:00+00:00
[2025-02-14T22:05:52.153+0600] {logging_mixin.py:190} INFO - [2025-02-14T22:05:52.153+0600] {dag.py:4180} INFO - Setting next_dagrun for dataset_produces_2 to None, run_after=None
[2025-02-14T22:05:52.259+0600] {processor.py:208} INFO - Processing /home/shamim/airflow_git/Airflow_project/air_venv/lib/python3.12/site-packages/airflow/example_dags/example_datasets.py took 2.495 seconds
[2025-02-14T22:06:22.546+0600] {processor.py:186} INFO - Started process (PID=577848) to work on /home/shamim/airflow_git/Airflow_project/air_venv/lib/python3.12/site-packages/airflow/example_dags/example_datasets.py
[2025-02-14T22:06:22.548+0600] {processor.py:914} INFO - Processing file /home/shamim/airflow_git/Airflow_project/air_venv/lib/python3.12/site-packages/airflow/example_dags/example_datasets.py for tasks to queue
[2025-02-14T22:06:22.554+0600] {logging_mixin.py:190} INFO - [2025-02-14T22:06:22.553+0600] {dagbag.py:588} INFO - Filling up the DagBag from /home/shamim/airflow_git/Airflow_project/air_venv/lib/python3.12/site-packages/airflow/example_dags/example_datasets.py
[2025-02-14T22:06:23.889+0600] {processor.py:925} INFO - DAG(s) 'dataset_consumes_1', 'consume_1_or_both_2_and_3_with_dataset_expressions', 'dataset_consumes_unknown_never_scheduled', 'consume_1_or_2_with_dataset_expressions', 'dataset_consumes_1_and_2', 'dataset_produces_2', 'conditional_dataset_and_time_based_timetable', 'dataset_produces_1', 'dataset_consumes_1_never_scheduled', 'consume_1_and_2_with_dataset_expressions' retrieved from /home/shamim/airflow_git/Airflow_project/air_venv/lib/python3.12/site-packages/airflow/example_dags/example_datasets.py
[2025-02-14T22:06:24.039+0600] {logging_mixin.py:190} INFO - [2025-02-14T22:06:24.038+0600] {dag.py:3239} INFO - Sync 10 DAGs
[2025-02-14T22:06:24.121+0600] {logging_mixin.py:190} INFO - [2025-02-14T22:06:24.120+0600] {dag.py:4180} INFO - Setting next_dagrun for conditional_dataset_and_time_based_timetable to 2025-02-12 01:00:00+00:00, run_after=2025-02-12 01:00:00+00:00
[2025-02-14T22:06:24.132+0600] {logging_mixin.py:190} INFO - [2025-02-14T22:06:24.132+0600] {dag.py:4180} INFO - Setting next_dagrun for consume_1_and_2_with_dataset_expressions to None, run_after=None
[2025-02-14T22:06:24.139+0600] {logging_mixin.py:190} INFO - [2025-02-14T22:06:24.139+0600] {dag.py:4180} INFO - Setting next_dagrun for consume_1_or_2_with_dataset_expressions to None, run_after=None
[2025-02-14T22:06:24.148+0600] {logging_mixin.py:190} INFO - [2025-02-14T22:06:24.148+0600] {dag.py:4180} INFO - Setting next_dagrun for consume_1_or_both_2_and_3_with_dataset_expressions to None, run_after=None
[2025-02-14T22:06:24.154+0600] {logging_mixin.py:190} INFO - [2025-02-14T22:06:24.154+0600] {dag.py:4180} INFO - Setting next_dagrun for dataset_consumes_1 to None, run_after=None
[2025-02-14T22:06:24.162+0600] {logging_mixin.py:190} INFO - [2025-02-14T22:06:24.161+0600] {dag.py:4180} INFO - Setting next_dagrun for dataset_consumes_1_and_2 to None, run_after=None
[2025-02-14T22:06:24.167+0600] {logging_mixin.py:190} INFO - [2025-02-14T22:06:24.166+0600] {dag.py:4180} INFO - Setting next_dagrun for dataset_consumes_1_never_scheduled to None, run_after=None
[2025-02-14T22:06:24.170+0600] {logging_mixin.py:190} INFO - [2025-02-14T22:06:24.169+0600] {dag.py:4180} INFO - Setting next_dagrun for dataset_consumes_unknown_never_scheduled to None, run_after=None
[2025-02-14T22:06:24.183+0600] {logging_mixin.py:190} INFO - [2025-02-14T22:06:24.182+0600] {dag.py:4180} INFO - Setting next_dagrun for dataset_produces_1 to 2025-02-13 00:00:00+00:00, run_after=2025-02-14 00:00:00+00:00
[2025-02-14T22:06:24.188+0600] {logging_mixin.py:190} INFO - [2025-02-14T22:06:24.187+0600] {dag.py:4180} INFO - Setting next_dagrun for dataset_produces_2 to None, run_after=None
[2025-02-14T22:06:24.319+0600] {processor.py:208} INFO - Processing /home/shamim/airflow_git/Airflow_project/air_venv/lib/python3.12/site-packages/airflow/example_dags/example_datasets.py took 1.788 seconds
[2025-02-14T22:06:55.320+0600] {processor.py:186} INFO - Started process (PID=578285) to work on /home/shamim/airflow_git/Airflow_project/air_venv/lib/python3.12/site-packages/airflow/example_dags/example_datasets.py
[2025-02-14T22:06:55.322+0600] {processor.py:914} INFO - Processing file /home/shamim/airflow_git/Airflow_project/air_venv/lib/python3.12/site-packages/airflow/example_dags/example_datasets.py for tasks to queue
[2025-02-14T22:06:55.326+0600] {logging_mixin.py:190} INFO - [2025-02-14T22:06:55.325+0600] {dagbag.py:588} INFO - Filling up the DagBag from /home/shamim/airflow_git/Airflow_project/air_venv/lib/python3.12/site-packages/airflow/example_dags/example_datasets.py
[2025-02-14T22:06:56.343+0600] {processor.py:925} INFO - DAG(s) 'dataset_consumes_1_and_2', 'conditional_dataset_and_time_based_timetable', 'dataset_produces_2', 'dataset_consumes_unknown_never_scheduled', 'dataset_consumes_1', 'consume_1_or_2_with_dataset_expressions', 'consume_1_or_both_2_and_3_with_dataset_expressions', 'consume_1_and_2_with_dataset_expressions', 'dataset_produces_1', 'dataset_consumes_1_never_scheduled' retrieved from /home/shamim/airflow_git/Airflow_project/air_venv/lib/python3.12/site-packages/airflow/example_dags/example_datasets.py
[2025-02-14T22:06:56.477+0600] {logging_mixin.py:190} INFO - [2025-02-14T22:06:56.476+0600] {dag.py:3239} INFO - Sync 10 DAGs
[2025-02-14T22:06:56.522+0600] {logging_mixin.py:190} INFO - [2025-02-14T22:06:56.521+0600] {dag.py:4180} INFO - Setting next_dagrun for conditional_dataset_and_time_based_timetable to 2025-02-12 01:00:00+00:00, run_after=2025-02-12 01:00:00+00:00
[2025-02-14T22:06:56.527+0600] {logging_mixin.py:190} INFO - [2025-02-14T22:06:56.527+0600] {dag.py:4180} INFO - Setting next_dagrun for consume_1_and_2_with_dataset_expressions to None, run_after=None
[2025-02-14T22:06:56.529+0600] {logging_mixin.py:190} INFO - [2025-02-14T22:06:56.529+0600] {dag.py:4180} INFO - Setting next_dagrun for consume_1_or_2_with_dataset_expressions to None, run_after=None
[2025-02-14T22:06:56.533+0600] {logging_mixin.py:190} INFO - [2025-02-14T22:06:56.533+0600] {dag.py:4180} INFO - Setting next_dagrun for consume_1_or_both_2_and_3_with_dataset_expressions to None, run_after=None
[2025-02-14T22:06:56.536+0600] {logging_mixin.py:190} INFO - [2025-02-14T22:06:56.535+0600] {dag.py:4180} INFO - Setting next_dagrun for dataset_consumes_1 to None, run_after=None
[2025-02-14T22:06:56.538+0600] {logging_mixin.py:190} INFO - [2025-02-14T22:06:56.538+0600] {dag.py:4180} INFO - Setting next_dagrun for dataset_consumes_1_and_2 to None, run_after=None
[2025-02-14T22:06:56.540+0600] {logging_mixin.py:190} INFO - [2025-02-14T22:06:56.540+0600] {dag.py:4180} INFO - Setting next_dagrun for dataset_consumes_1_never_scheduled to None, run_after=None
[2025-02-14T22:06:56.543+0600] {logging_mixin.py:190} INFO - [2025-02-14T22:06:56.542+0600] {dag.py:4180} INFO - Setting next_dagrun for dataset_consumes_unknown_never_scheduled to None, run_after=None
[2025-02-14T22:06:56.548+0600] {logging_mixin.py:190} INFO - [2025-02-14T22:06:56.548+0600] {dag.py:4180} INFO - Setting next_dagrun for dataset_produces_1 to 2025-02-13 00:00:00+00:00, run_after=2025-02-14 00:00:00+00:00
[2025-02-14T22:06:56.551+0600] {logging_mixin.py:190} INFO - [2025-02-14T22:06:56.550+0600] {dag.py:4180} INFO - Setting next_dagrun for dataset_produces_2 to None, run_after=None
[2025-02-14T22:06:56.623+0600] {processor.py:208} INFO - Processing /home/shamim/airflow_git/Airflow_project/air_venv/lib/python3.12/site-packages/airflow/example_dags/example_datasets.py took 1.314 seconds
[2025-02-14T22:07:27.071+0600] {processor.py:186} INFO - Started process (PID=578763) to work on /home/shamim/airflow_git/Airflow_project/air_venv/lib/python3.12/site-packages/airflow/example_dags/example_datasets.py
[2025-02-14T22:07:27.072+0600] {processor.py:914} INFO - Processing file /home/shamim/airflow_git/Airflow_project/air_venv/lib/python3.12/site-packages/airflow/example_dags/example_datasets.py for tasks to queue
[2025-02-14T22:07:27.076+0600] {logging_mixin.py:190} INFO - [2025-02-14T22:07:27.075+0600] {dagbag.py:588} INFO - Filling up the DagBag from /home/shamim/airflow_git/Airflow_project/air_venv/lib/python3.12/site-packages/airflow/example_dags/example_datasets.py
[2025-02-14T22:07:27.812+0600] {processor.py:925} INFO - DAG(s) 'consume_1_or_2_with_dataset_expressions', 'dataset_consumes_1_never_scheduled', 'dataset_consumes_1_and_2', 'dataset_consumes_1', 'dataset_produces_1', 'consume_1_and_2_with_dataset_expressions', 'consume_1_or_both_2_and_3_with_dataset_expressions', 'conditional_dataset_and_time_based_timetable', 'dataset_produces_2', 'dataset_consumes_unknown_never_scheduled' retrieved from /home/shamim/airflow_git/Airflow_project/air_venv/lib/python3.12/site-packages/airflow/example_dags/example_datasets.py
[2025-02-14T22:07:27.936+0600] {logging_mixin.py:190} INFO - [2025-02-14T22:07:27.935+0600] {dag.py:3239} INFO - Sync 10 DAGs
[2025-02-14T22:07:28.015+0600] {logging_mixin.py:190} INFO - [2025-02-14T22:07:28.015+0600] {dag.py:4180} INFO - Setting next_dagrun for conditional_dataset_and_time_based_timetable to 2025-02-12 01:00:00+00:00, run_after=2025-02-12 01:00:00+00:00
[2025-02-14T22:07:28.023+0600] {logging_mixin.py:190} INFO - [2025-02-14T22:07:28.023+0600] {dag.py:4180} INFO - Setting next_dagrun for consume_1_and_2_with_dataset_expressions to None, run_after=None
[2025-02-14T22:07:28.026+0600] {logging_mixin.py:190} INFO - [2025-02-14T22:07:28.026+0600] {dag.py:4180} INFO - Setting next_dagrun for consume_1_or_2_with_dataset_expressions to None, run_after=None
[2025-02-14T22:07:28.029+0600] {logging_mixin.py:190} INFO - [2025-02-14T22:07:28.029+0600] {dag.py:4180} INFO - Setting next_dagrun for consume_1_or_both_2_and_3_with_dataset_expressions to None, run_after=None
[2025-02-14T22:07:28.032+0600] {logging_mixin.py:190} INFO - [2025-02-14T22:07:28.031+0600] {dag.py:4180} INFO - Setting next_dagrun for dataset_consumes_1 to None, run_after=None
[2025-02-14T22:07:28.035+0600] {logging_mixin.py:190} INFO - [2025-02-14T22:07:28.034+0600] {dag.py:4180} INFO - Setting next_dagrun for dataset_consumes_1_and_2 to None, run_after=None
[2025-02-14T22:07:28.037+0600] {logging_mixin.py:190} INFO - [2025-02-14T22:07:28.037+0600] {dag.py:4180} INFO - Setting next_dagrun for dataset_consumes_1_never_scheduled to None, run_after=None
[2025-02-14T22:07:28.040+0600] {logging_mixin.py:190} INFO - [2025-02-14T22:07:28.039+0600] {dag.py:4180} INFO - Setting next_dagrun for dataset_consumes_unknown_never_scheduled to None, run_after=None
[2025-02-14T22:07:28.045+0600] {logging_mixin.py:190} INFO - [2025-02-14T22:07:28.044+0600] {dag.py:4180} INFO - Setting next_dagrun for dataset_produces_1 to 2025-02-13 00:00:00+00:00, run_after=2025-02-14 00:00:00+00:00
[2025-02-14T22:07:28.048+0600] {logging_mixin.py:190} INFO - [2025-02-14T22:07:28.047+0600] {dag.py:4180} INFO - Setting next_dagrun for dataset_produces_2 to None, run_after=None
[2025-02-14T22:07:28.127+0600] {processor.py:208} INFO - Processing /home/shamim/airflow_git/Airflow_project/air_venv/lib/python3.12/site-packages/airflow/example_dags/example_datasets.py took 1.066 seconds
[2025-02-14T22:07:58.899+0600] {processor.py:186} INFO - Started process (PID=579321) to work on /home/shamim/airflow_git/Airflow_project/air_venv/lib/python3.12/site-packages/airflow/example_dags/example_datasets.py
[2025-02-14T22:07:58.900+0600] {processor.py:914} INFO - Processing file /home/shamim/airflow_git/Airflow_project/air_venv/lib/python3.12/site-packages/airflow/example_dags/example_datasets.py for tasks to queue
[2025-02-14T22:07:58.902+0600] {logging_mixin.py:190} INFO - [2025-02-14T22:07:58.902+0600] {dagbag.py:588} INFO - Filling up the DagBag from /home/shamim/airflow_git/Airflow_project/air_venv/lib/python3.12/site-packages/airflow/example_dags/example_datasets.py
[2025-02-14T22:07:59.621+0600] {processor.py:925} INFO - DAG(s) 'dataset_consumes_1_never_scheduled', 'consume_1_or_both_2_and_3_with_dataset_expressions', 'dataset_consumes_unknown_never_scheduled', 'consume_1_and_2_with_dataset_expressions', 'dataset_produces_2', 'dataset_consumes_1_and_2', 'consume_1_or_2_with_dataset_expressions', 'conditional_dataset_and_time_based_timetable', 'dataset_consumes_1', 'dataset_produces_1' retrieved from /home/shamim/airflow_git/Airflow_project/air_venv/lib/python3.12/site-packages/airflow/example_dags/example_datasets.py
[2025-02-14T22:07:59.722+0600] {logging_mixin.py:190} INFO - [2025-02-14T22:07:59.722+0600] {dag.py:3239} INFO - Sync 10 DAGs
[2025-02-14T22:07:59.779+0600] {logging_mixin.py:190} INFO - [2025-02-14T22:07:59.779+0600] {dag.py:4180} INFO - Setting next_dagrun for conditional_dataset_and_time_based_timetable to 2025-02-12 01:00:00+00:00, run_after=2025-02-12 01:00:00+00:00
[2025-02-14T22:07:59.788+0600] {logging_mixin.py:190} INFO - [2025-02-14T22:07:59.788+0600] {dag.py:4180} INFO - Setting next_dagrun for consume_1_and_2_with_dataset_expressions to None, run_after=None
[2025-02-14T22:07:59.793+0600] {logging_mixin.py:190} INFO - [2025-02-14T22:07:59.792+0600] {dag.py:4180} INFO - Setting next_dagrun for consume_1_or_2_with_dataset_expressions to None, run_after=None
[2025-02-14T22:07:59.796+0600] {logging_mixin.py:190} INFO - [2025-02-14T22:07:59.795+0600] {dag.py:4180} INFO - Setting next_dagrun for consume_1_or_both_2_and_3_with_dataset_expressions to None, run_after=None
[2025-02-14T22:07:59.798+0600] {logging_mixin.py:190} INFO - [2025-02-14T22:07:59.798+0600] {dag.py:4180} INFO - Setting next_dagrun for dataset_consumes_1 to None, run_after=None
[2025-02-14T22:07:59.801+0600] {logging_mixin.py:190} INFO - [2025-02-14T22:07:59.800+0600] {dag.py:4180} INFO - Setting next_dagrun for dataset_consumes_1_and_2 to None, run_after=None
[2025-02-14T22:07:59.803+0600] {logging_mixin.py:190} INFO - [2025-02-14T22:07:59.802+0600] {dag.py:4180} INFO - Setting next_dagrun for dataset_consumes_1_never_scheduled to None, run_after=None
[2025-02-14T22:07:59.805+0600] {logging_mixin.py:190} INFO - [2025-02-14T22:07:59.805+0600] {dag.py:4180} INFO - Setting next_dagrun for dataset_consumes_unknown_never_scheduled to None, run_after=None
[2025-02-14T22:07:59.812+0600] {logging_mixin.py:190} INFO - [2025-02-14T22:07:59.811+0600] {dag.py:4180} INFO - Setting next_dagrun for dataset_produces_1 to 2025-02-13 00:00:00+00:00, run_after=2025-02-14 00:00:00+00:00
[2025-02-14T22:07:59.814+0600] {logging_mixin.py:190} INFO - [2025-02-14T22:07:59.814+0600] {dag.py:4180} INFO - Setting next_dagrun for dataset_produces_2 to None, run_after=None
[2025-02-14T22:07:59.879+0600] {processor.py:208} INFO - Processing /home/shamim/airflow_git/Airflow_project/air_venv/lib/python3.12/site-packages/airflow/example_dags/example_datasets.py took 0.991 seconds
[2025-02-14T22:08:30.416+0600] {processor.py:186} INFO - Started process (PID=579760) to work on /home/shamim/airflow_git/Airflow_project/air_venv/lib/python3.12/site-packages/airflow/example_dags/example_datasets.py
[2025-02-14T22:08:30.429+0600] {processor.py:914} INFO - Processing file /home/shamim/airflow_git/Airflow_project/air_venv/lib/python3.12/site-packages/airflow/example_dags/example_datasets.py for tasks to queue
[2025-02-14T22:08:30.431+0600] {logging_mixin.py:190} INFO - [2025-02-14T22:08:30.430+0600] {dagbag.py:588} INFO - Filling up the DagBag from /home/shamim/airflow_git/Airflow_project/air_venv/lib/python3.12/site-packages/airflow/example_dags/example_datasets.py
[2025-02-14T22:08:31.147+0600] {processor.py:925} INFO - DAG(s) 'dataset_consumes_unknown_never_scheduled', 'conditional_dataset_and_time_based_timetable', 'dataset_produces_1', 'dataset_consumes_1_never_scheduled', 'dataset_consumes_1', 'dataset_produces_2', 'dataset_consumes_1_and_2', 'consume_1_or_both_2_and_3_with_dataset_expressions', 'consume_1_or_2_with_dataset_expressions', 'consume_1_and_2_with_dataset_expressions' retrieved from /home/shamim/airflow_git/Airflow_project/air_venv/lib/python3.12/site-packages/airflow/example_dags/example_datasets.py
[2025-02-14T22:08:31.246+0600] {logging_mixin.py:190} INFO - [2025-02-14T22:08:31.245+0600] {dag.py:3239} INFO - Sync 10 DAGs
[2025-02-14T22:08:31.294+0600] {logging_mixin.py:190} INFO - [2025-02-14T22:08:31.293+0600] {dag.py:4180} INFO - Setting next_dagrun for conditional_dataset_and_time_based_timetable to 2025-02-12 01:00:00+00:00, run_after=2025-02-12 01:00:00+00:00
[2025-02-14T22:08:31.299+0600] {logging_mixin.py:190} INFO - [2025-02-14T22:08:31.299+0600] {dag.py:4180} INFO - Setting next_dagrun for consume_1_and_2_with_dataset_expressions to None, run_after=None
[2025-02-14T22:08:31.301+0600] {logging_mixin.py:190} INFO - [2025-02-14T22:08:31.301+0600] {dag.py:4180} INFO - Setting next_dagrun for consume_1_or_2_with_dataset_expressions to None, run_after=None
[2025-02-14T22:08:31.304+0600] {logging_mixin.py:190} INFO - [2025-02-14T22:08:31.303+0600] {dag.py:4180} INFO - Setting next_dagrun for consume_1_or_both_2_and_3_with_dataset_expressions to None, run_after=None
[2025-02-14T22:08:31.306+0600] {logging_mixin.py:190} INFO - [2025-02-14T22:08:31.306+0600] {dag.py:4180} INFO - Setting next_dagrun for dataset_consumes_1 to None, run_after=None
[2025-02-14T22:08:31.309+0600] {logging_mixin.py:190} INFO - [2025-02-14T22:08:31.308+0600] {dag.py:4180} INFO - Setting next_dagrun for dataset_consumes_1_and_2 to None, run_after=None
[2025-02-14T22:08:31.311+0600] {logging_mixin.py:190} INFO - [2025-02-14T22:08:31.311+0600] {dag.py:4180} INFO - Setting next_dagrun for dataset_consumes_1_never_scheduled to None, run_after=None
[2025-02-14T22:08:31.313+0600] {logging_mixin.py:190} INFO - [2025-02-14T22:08:31.313+0600] {dag.py:4180} INFO - Setting next_dagrun for dataset_consumes_unknown_never_scheduled to None, run_after=None
[2025-02-14T22:08:31.317+0600] {logging_mixin.py:190} INFO - [2025-02-14T22:08:31.317+0600] {dag.py:4180} INFO - Setting next_dagrun for dataset_produces_1 to 2025-02-13 00:00:00+00:00, run_after=2025-02-14 00:00:00+00:00
[2025-02-14T22:08:31.319+0600] {logging_mixin.py:190} INFO - [2025-02-14T22:08:31.319+0600] {dag.py:4180} INFO - Setting next_dagrun for dataset_produces_2 to None, run_after=None
[2025-02-14T22:08:31.391+0600] {processor.py:208} INFO - Processing /home/shamim/airflow_git/Airflow_project/air_venv/lib/python3.12/site-packages/airflow/example_dags/example_datasets.py took 0.984 seconds
[2025-02-14T22:09:01.479+0600] {processor.py:186} INFO - Started process (PID=580206) to work on /home/shamim/airflow_git/Airflow_project/air_venv/lib/python3.12/site-packages/airflow/example_dags/example_datasets.py
[2025-02-14T22:09:01.499+0600] {processor.py:914} INFO - Processing file /home/shamim/airflow_git/Airflow_project/air_venv/lib/python3.12/site-packages/airflow/example_dags/example_datasets.py for tasks to queue
[2025-02-14T22:09:01.503+0600] {logging_mixin.py:190} INFO - [2025-02-14T22:09:01.501+0600] {dagbag.py:588} INFO - Filling up the DagBag from /home/shamim/airflow_git/Airflow_project/air_venv/lib/python3.12/site-packages/airflow/example_dags/example_datasets.py
[2025-02-14T22:09:02.139+0600] {processor.py:925} INFO - DAG(s) 'conditional_dataset_and_time_based_timetable', 'dataset_consumes_1_never_scheduled', 'dataset_consumes_unknown_never_scheduled', 'consume_1_and_2_with_dataset_expressions', 'dataset_produces_2', 'dataset_consumes_1', 'dataset_consumes_1_and_2', 'dataset_produces_1', 'consume_1_or_both_2_and_3_with_dataset_expressions', 'consume_1_or_2_with_dataset_expressions' retrieved from /home/shamim/airflow_git/Airflow_project/air_venv/lib/python3.12/site-packages/airflow/example_dags/example_datasets.py
[2025-02-14T22:09:02.209+0600] {logging_mixin.py:190} INFO - [2025-02-14T22:09:02.209+0600] {dag.py:3239} INFO - Sync 10 DAGs
[2025-02-14T22:09:02.244+0600] {logging_mixin.py:190} INFO - [2025-02-14T22:09:02.243+0600] {dag.py:4180} INFO - Setting next_dagrun for conditional_dataset_and_time_based_timetable to 2025-02-12 01:00:00+00:00, run_after=2025-02-12 01:00:00+00:00
[2025-02-14T22:09:02.248+0600] {logging_mixin.py:190} INFO - [2025-02-14T22:09:02.248+0600] {dag.py:4180} INFO - Setting next_dagrun for consume_1_and_2_with_dataset_expressions to None, run_after=None
[2025-02-14T22:09:02.250+0600] {logging_mixin.py:190} INFO - [2025-02-14T22:09:02.250+0600] {dag.py:4180} INFO - Setting next_dagrun for consume_1_or_2_with_dataset_expressions to None, run_after=None
[2025-02-14T22:09:02.253+0600] {logging_mixin.py:190} INFO - [2025-02-14T22:09:02.253+0600] {dag.py:4180} INFO - Setting next_dagrun for consume_1_or_both_2_and_3_with_dataset_expressions to None, run_after=None
[2025-02-14T22:09:02.255+0600] {logging_mixin.py:190} INFO - [2025-02-14T22:09:02.255+0600] {dag.py:4180} INFO - Setting next_dagrun for dataset_consumes_1 to None, run_after=None
[2025-02-14T22:09:02.257+0600] {logging_mixin.py:190} INFO - [2025-02-14T22:09:02.256+0600] {dag.py:4180} INFO - Setting next_dagrun for dataset_consumes_1_and_2 to None, run_after=None
[2025-02-14T22:09:02.258+0600] {logging_mixin.py:190} INFO - [2025-02-14T22:09:02.258+0600] {dag.py:4180} INFO - Setting next_dagrun for dataset_consumes_1_never_scheduled to None, run_after=None
[2025-02-14T22:09:02.260+0600] {logging_mixin.py:190} INFO - [2025-02-14T22:09:02.260+0600] {dag.py:4180} INFO - Setting next_dagrun for dataset_consumes_unknown_never_scheduled to None, run_after=None
[2025-02-14T22:09:02.263+0600] {logging_mixin.py:190} INFO - [2025-02-14T22:09:02.263+0600] {dag.py:4180} INFO - Setting next_dagrun for dataset_produces_1 to 2025-02-13 00:00:00+00:00, run_after=2025-02-14 00:00:00+00:00
[2025-02-14T22:09:02.265+0600] {logging_mixin.py:190} INFO - [2025-02-14T22:09:02.265+0600] {dag.py:4180} INFO - Setting next_dagrun for dataset_produces_2 to None, run_after=None
[2025-02-14T22:09:02.318+0600] {processor.py:208} INFO - Processing /home/shamim/airflow_git/Airflow_project/air_venv/lib/python3.12/site-packages/airflow/example_dags/example_datasets.py took 0.848 seconds
[2025-02-14T22:09:32.563+0600] {processor.py:186} INFO - Started process (PID=580719) to work on /home/shamim/airflow_git/Airflow_project/air_venv/lib/python3.12/site-packages/airflow/example_dags/example_datasets.py
[2025-02-14T22:09:32.565+0600] {processor.py:914} INFO - Processing file /home/shamim/airflow_git/Airflow_project/air_venv/lib/python3.12/site-packages/airflow/example_dags/example_datasets.py for tasks to queue
[2025-02-14T22:09:32.569+0600] {logging_mixin.py:190} INFO - [2025-02-14T22:09:32.567+0600] {dagbag.py:588} INFO - Filling up the DagBag from /home/shamim/airflow_git/Airflow_project/air_venv/lib/python3.12/site-packages/airflow/example_dags/example_datasets.py
[2025-02-14T22:09:33.505+0600] {processor.py:925} INFO - DAG(s) 'dataset_consumes_1_never_scheduled', 'consume_1_or_2_with_dataset_expressions', 'dataset_consumes_1_and_2', 'dataset_produces_1', 'consume_1_or_both_2_and_3_with_dataset_expressions', 'consume_1_and_2_with_dataset_expressions', 'dataset_consumes_unknown_never_scheduled', 'dataset_produces_2', 'dataset_consumes_1', 'conditional_dataset_and_time_based_timetable' retrieved from /home/shamim/airflow_git/Airflow_project/air_venv/lib/python3.12/site-packages/airflow/example_dags/example_datasets.py
[2025-02-14T22:09:33.623+0600] {logging_mixin.py:190} INFO - [2025-02-14T22:09:33.622+0600] {dag.py:3239} INFO - Sync 10 DAGs
[2025-02-14T22:09:33.694+0600] {logging_mixin.py:190} INFO - [2025-02-14T22:09:33.693+0600] {dag.py:4180} INFO - Setting next_dagrun for conditional_dataset_and_time_based_timetable to 2025-02-12 01:00:00+00:00, run_after=2025-02-12 01:00:00+00:00
[2025-02-14T22:09:33.705+0600] {logging_mixin.py:190} INFO - [2025-02-14T22:09:33.705+0600] {dag.py:4180} INFO - Setting next_dagrun for consume_1_and_2_with_dataset_expressions to None, run_after=None
[2025-02-14T22:09:33.708+0600] {logging_mixin.py:190} INFO - [2025-02-14T22:09:33.708+0600] {dag.py:4180} INFO - Setting next_dagrun for consume_1_or_2_with_dataset_expressions to None, run_after=None
[2025-02-14T22:09:33.711+0600] {logging_mixin.py:190} INFO - [2025-02-14T22:09:33.711+0600] {dag.py:4180} INFO - Setting next_dagrun for consume_1_or_both_2_and_3_with_dataset_expressions to None, run_after=None
[2025-02-14T22:09:33.714+0600] {logging_mixin.py:190} INFO - [2025-02-14T22:09:33.714+0600] {dag.py:4180} INFO - Setting next_dagrun for dataset_consumes_1 to None, run_after=None
[2025-02-14T22:09:33.718+0600] {logging_mixin.py:190} INFO - [2025-02-14T22:09:33.717+0600] {dag.py:4180} INFO - Setting next_dagrun for dataset_consumes_1_and_2 to None, run_after=None
[2025-02-14T22:09:33.722+0600] {logging_mixin.py:190} INFO - [2025-02-14T22:09:33.722+0600] {dag.py:4180} INFO - Setting next_dagrun for dataset_consumes_1_never_scheduled to None, run_after=None
[2025-02-14T22:09:33.726+0600] {logging_mixin.py:190} INFO - [2025-02-14T22:09:33.725+0600] {dag.py:4180} INFO - Setting next_dagrun for dataset_consumes_unknown_never_scheduled to None, run_after=None
[2025-02-14T22:09:33.732+0600] {logging_mixin.py:190} INFO - [2025-02-14T22:09:33.732+0600] {dag.py:4180} INFO - Setting next_dagrun for dataset_produces_1 to 2025-02-13 00:00:00+00:00, run_after=2025-02-14 00:00:00+00:00
[2025-02-14T22:09:33.735+0600] {logging_mixin.py:190} INFO - [2025-02-14T22:09:33.735+0600] {dag.py:4180} INFO - Setting next_dagrun for dataset_produces_2 to None, run_after=None
[2025-02-14T22:09:33.818+0600] {processor.py:208} INFO - Processing /home/shamim/airflow_git/Airflow_project/air_venv/lib/python3.12/site-packages/airflow/example_dags/example_datasets.py took 1.271 seconds
[2025-02-14T22:10:04.172+0600] {processor.py:186} INFO - Started process (PID=581183) to work on /home/shamim/airflow_git/Airflow_project/air_venv/lib/python3.12/site-packages/airflow/example_dags/example_datasets.py
[2025-02-14T22:10:04.178+0600] {processor.py:914} INFO - Processing file /home/shamim/airflow_git/Airflow_project/air_venv/lib/python3.12/site-packages/airflow/example_dags/example_datasets.py for tasks to queue
[2025-02-14T22:10:04.180+0600] {logging_mixin.py:190} INFO - [2025-02-14T22:10:04.179+0600] {dagbag.py:588} INFO - Filling up the DagBag from /home/shamim/airflow_git/Airflow_project/air_venv/lib/python3.12/site-packages/airflow/example_dags/example_datasets.py
[2025-02-14T22:10:04.765+0600] {processor.py:925} INFO - DAG(s) 'conditional_dataset_and_time_based_timetable', 'consume_1_or_2_with_dataset_expressions', 'dataset_consumes_1_never_scheduled', 'dataset_consumes_1', 'dataset_consumes_unknown_never_scheduled', 'dataset_produces_2', 'consume_1_and_2_with_dataset_expressions', 'consume_1_or_both_2_and_3_with_dataset_expressions', 'dataset_consumes_1_and_2', 'dataset_produces_1' retrieved from /home/shamim/airflow_git/Airflow_project/air_venv/lib/python3.12/site-packages/airflow/example_dags/example_datasets.py
[2025-02-14T22:10:04.829+0600] {logging_mixin.py:190} INFO - [2025-02-14T22:10:04.829+0600] {dag.py:3239} INFO - Sync 10 DAGs
[2025-02-14T22:10:04.861+0600] {logging_mixin.py:190} INFO - [2025-02-14T22:10:04.861+0600] {dag.py:4180} INFO - Setting next_dagrun for conditional_dataset_and_time_based_timetable to 2025-02-12 01:00:00+00:00, run_after=2025-02-12 01:00:00+00:00
[2025-02-14T22:10:04.866+0600] {logging_mixin.py:190} INFO - [2025-02-14T22:10:04.865+0600] {dag.py:4180} INFO - Setting next_dagrun for consume_1_and_2_with_dataset_expressions to None, run_after=None
[2025-02-14T22:10:04.867+0600] {logging_mixin.py:190} INFO - [2025-02-14T22:10:04.867+0600] {dag.py:4180} INFO - Setting next_dagrun for consume_1_or_2_with_dataset_expressions to None, run_after=None
[2025-02-14T22:10:04.869+0600] {logging_mixin.py:190} INFO - [2025-02-14T22:10:04.869+0600] {dag.py:4180} INFO - Setting next_dagrun for consume_1_or_both_2_and_3_with_dataset_expressions to None, run_after=None
[2025-02-14T22:10:04.871+0600] {logging_mixin.py:190} INFO - [2025-02-14T22:10:04.871+0600] {dag.py:4180} INFO - Setting next_dagrun for dataset_consumes_1 to None, run_after=None
[2025-02-14T22:10:04.872+0600] {logging_mixin.py:190} INFO - [2025-02-14T22:10:04.872+0600] {dag.py:4180} INFO - Setting next_dagrun for dataset_consumes_1_and_2 to None, run_after=None
[2025-02-14T22:10:04.874+0600] {logging_mixin.py:190} INFO - [2025-02-14T22:10:04.874+0600] {dag.py:4180} INFO - Setting next_dagrun for dataset_consumes_1_never_scheduled to None, run_after=None
[2025-02-14T22:10:04.876+0600] {logging_mixin.py:190} INFO - [2025-02-14T22:10:04.876+0600] {dag.py:4180} INFO - Setting next_dagrun for dataset_consumes_unknown_never_scheduled to None, run_after=None
[2025-02-14T22:10:04.879+0600] {logging_mixin.py:190} INFO - [2025-02-14T22:10:04.879+0600] {dag.py:4180} INFO - Setting next_dagrun for dataset_produces_1 to 2025-02-13 00:00:00+00:00, run_after=2025-02-14 00:00:00+00:00
[2025-02-14T22:10:04.881+0600] {logging_mixin.py:190} INFO - [2025-02-14T22:10:04.880+0600] {dag.py:4180} INFO - Setting next_dagrun for dataset_produces_2 to None, run_after=None
[2025-02-14T22:10:04.928+0600] {processor.py:208} INFO - Processing /home/shamim/airflow_git/Airflow_project/air_venv/lib/python3.12/site-packages/airflow/example_dags/example_datasets.py took 0.767 seconds
