[2025-02-14T21:56:19.193+0600] {processor.py:186} INFO - Started process (PID=572512) to work on /home/shamim/airflow_git/Airflow_project/air_venv/lib/python3.12/site-packages/airflow/example_dags/example_task_group.py
[2025-02-14T21:56:19.194+0600] {processor.py:914} INFO - Processing file /home/shamim/airflow_git/Airflow_project/air_venv/lib/python3.12/site-packages/airflow/example_dags/example_task_group.py for tasks to queue
[2025-02-14T21:56:19.196+0600] {logging_mixin.py:190} INFO - [2025-02-14T21:56:19.196+0600] {dagbag.py:588} INFO - Filling up the DagBag from /home/shamim/airflow_git/Airflow_project/air_venv/lib/python3.12/site-packages/airflow/example_dags/example_task_group.py
[2025-02-14T21:56:19.214+0600] {processor.py:925} INFO - DAG(s) 'example_task_group' retrieved from /home/shamim/airflow_git/Airflow_project/air_venv/lib/python3.12/site-packages/airflow/example_dags/example_task_group.py
[2025-02-14T21:56:19.455+0600] {logging_mixin.py:190} INFO - [2025-02-14T21:56:19.455+0600] {dag.py:3239} INFO - Sync 1 DAGs
[2025-02-14T21:56:19.478+0600] {logging_mixin.py:190} INFO - [2025-02-14T21:56:19.478+0600] {dag.py:4180} INFO - Setting next_dagrun for example_task_group to None, run_after=None
[2025-02-14T21:56:19.512+0600] {processor.py:208} INFO - Processing /home/shamim/airflow_git/Airflow_project/air_venv/lib/python3.12/site-packages/airflow/example_dags/example_task_group.py took 0.333 seconds
[2025-02-14T21:56:50.116+0600] {processor.py:186} INFO - Started process (PID=572933) to work on /home/shamim/airflow_git/Airflow_project/air_venv/lib/python3.12/site-packages/airflow/example_dags/example_task_group.py
[2025-02-14T21:56:50.117+0600] {processor.py:914} INFO - Processing file /home/shamim/airflow_git/Airflow_project/air_venv/lib/python3.12/site-packages/airflow/example_dags/example_task_group.py for tasks to queue
[2025-02-14T21:56:50.118+0600] {logging_mixin.py:190} INFO - [2025-02-14T21:56:50.118+0600] {dagbag.py:588} INFO - Filling up the DagBag from /home/shamim/airflow_git/Airflow_project/air_venv/lib/python3.12/site-packages/airflow/example_dags/example_task_group.py
[2025-02-14T21:56:50.132+0600] {processor.py:925} INFO - DAG(s) 'example_task_group' retrieved from /home/shamim/airflow_git/Airflow_project/air_venv/lib/python3.12/site-packages/airflow/example_dags/example_task_group.py
[2025-02-14T21:56:50.178+0600] {logging_mixin.py:190} INFO - [2025-02-14T21:56:50.177+0600] {dag.py:3239} INFO - Sync 1 DAGs
[2025-02-14T21:56:50.203+0600] {logging_mixin.py:190} INFO - [2025-02-14T21:56:50.202+0600] {dag.py:4180} INFO - Setting next_dagrun for example_task_group to None, run_after=None
[2025-02-14T21:56:50.226+0600] {processor.py:208} INFO - Processing /home/shamim/airflow_git/Airflow_project/air_venv/lib/python3.12/site-packages/airflow/example_dags/example_task_group.py took 0.120 seconds
[2025-02-14T21:57:20.670+0600] {processor.py:186} INFO - Started process (PID=573329) to work on /home/shamim/airflow_git/Airflow_project/air_venv/lib/python3.12/site-packages/airflow/example_dags/example_task_group.py
[2025-02-14T21:57:20.671+0600] {processor.py:914} INFO - Processing file /home/shamim/airflow_git/Airflow_project/air_venv/lib/python3.12/site-packages/airflow/example_dags/example_task_group.py for tasks to queue
[2025-02-14T21:57:20.673+0600] {logging_mixin.py:190} INFO - [2025-02-14T21:57:20.673+0600] {dagbag.py:588} INFO - Filling up the DagBag from /home/shamim/airflow_git/Airflow_project/air_venv/lib/python3.12/site-packages/airflow/example_dags/example_task_group.py
[2025-02-14T21:57:20.690+0600] {processor.py:925} INFO - DAG(s) 'example_task_group' retrieved from /home/shamim/airflow_git/Airflow_project/air_venv/lib/python3.12/site-packages/airflow/example_dags/example_task_group.py
[2025-02-14T21:57:20.746+0600] {logging_mixin.py:190} INFO - [2025-02-14T21:57:20.745+0600] {dag.py:3239} INFO - Sync 1 DAGs
[2025-02-14T21:57:20.775+0600] {logging_mixin.py:190} INFO - [2025-02-14T21:57:20.775+0600] {dag.py:4180} INFO - Setting next_dagrun for example_task_group to None, run_after=None
[2025-02-14T21:57:20.804+0600] {processor.py:208} INFO - Processing /home/shamim/airflow_git/Airflow_project/air_venv/lib/python3.12/site-packages/airflow/example_dags/example_task_group.py took 0.148 seconds
[2025-02-14T22:02:32.252+0600] {processor.py:186} INFO - Started process (PID=574199) to work on /home/shamim/airflow_git/Airflow_project/air_venv/lib/python3.12/site-packages/airflow/example_dags/example_task_group.py
[2025-02-14T22:02:32.253+0600] {processor.py:914} INFO - Processing file /home/shamim/airflow_git/Airflow_project/air_venv/lib/python3.12/site-packages/airflow/example_dags/example_task_group.py for tasks to queue
[2025-02-14T22:02:32.256+0600] {logging_mixin.py:190} INFO - [2025-02-14T22:02:32.256+0600] {dagbag.py:588} INFO - Filling up the DagBag from /home/shamim/airflow_git/Airflow_project/air_venv/lib/python3.12/site-packages/airflow/example_dags/example_task_group.py
[2025-02-14T22:02:32.271+0600] {processor.py:925} INFO - DAG(s) 'example_task_group' retrieved from /home/shamim/airflow_git/Airflow_project/air_venv/lib/python3.12/site-packages/airflow/example_dags/example_task_group.py
[2025-02-14T22:02:32.319+0600] {logging_mixin.py:190} INFO - [2025-02-14T22:02:32.319+0600] {dag.py:3239} INFO - Sync 1 DAGs
[2025-02-14T22:02:32.340+0600] {logging_mixin.py:190} INFO - [2025-02-14T22:02:32.340+0600] {dag.py:4180} INFO - Setting next_dagrun for example_task_group to None, run_after=None
[2025-02-14T22:02:32.364+0600] {processor.py:208} INFO - Processing /home/shamim/airflow_git/Airflow_project/air_venv/lib/python3.12/site-packages/airflow/example_dags/example_task_group.py took 0.120 seconds
[2025-02-14T22:03:03.226+0600] {processor.py:186} INFO - Started process (PID=574656) to work on /home/shamim/airflow_git/Airflow_project/air_venv/lib/python3.12/site-packages/airflow/example_dags/example_task_group.py
[2025-02-14T22:03:03.227+0600] {processor.py:914} INFO - Processing file /home/shamim/airflow_git/Airflow_project/air_venv/lib/python3.12/site-packages/airflow/example_dags/example_task_group.py for tasks to queue
[2025-02-14T22:03:03.230+0600] {logging_mixin.py:190} INFO - [2025-02-14T22:03:03.229+0600] {dagbag.py:588} INFO - Filling up the DagBag from /home/shamim/airflow_git/Airflow_project/air_venv/lib/python3.12/site-packages/airflow/example_dags/example_task_group.py
[2025-02-14T22:03:03.241+0600] {processor.py:925} INFO - DAG(s) 'example_task_group' retrieved from /home/shamim/airflow_git/Airflow_project/air_venv/lib/python3.12/site-packages/airflow/example_dags/example_task_group.py
[2025-02-14T22:03:03.285+0600] {logging_mixin.py:190} INFO - [2025-02-14T22:03:03.284+0600] {dag.py:3239} INFO - Sync 1 DAGs
[2025-02-14T22:03:03.307+0600] {logging_mixin.py:190} INFO - [2025-02-14T22:03:03.307+0600] {dag.py:4180} INFO - Setting next_dagrun for example_task_group to None, run_after=None
[2025-02-14T22:03:03.331+0600] {processor.py:208} INFO - Processing /home/shamim/airflow_git/Airflow_project/air_venv/lib/python3.12/site-packages/airflow/example_dags/example_task_group.py took 0.115 seconds
[2025-02-14T22:03:33.459+0600] {processor.py:186} INFO - Started process (PID=575074) to work on /home/shamim/airflow_git/Airflow_project/air_venv/lib/python3.12/site-packages/airflow/example_dags/example_task_group.py
[2025-02-14T22:03:33.460+0600] {processor.py:914} INFO - Processing file /home/shamim/airflow_git/Airflow_project/air_venv/lib/python3.12/site-packages/airflow/example_dags/example_task_group.py for tasks to queue
[2025-02-14T22:03:33.462+0600] {logging_mixin.py:190} INFO - [2025-02-14T22:03:33.461+0600] {dagbag.py:588} INFO - Filling up the DagBag from /home/shamim/airflow_git/Airflow_project/air_venv/lib/python3.12/site-packages/airflow/example_dags/example_task_group.py
[2025-02-14T22:03:33.473+0600] {processor.py:925} INFO - DAG(s) 'example_task_group' retrieved from /home/shamim/airflow_git/Airflow_project/air_venv/lib/python3.12/site-packages/airflow/example_dags/example_task_group.py
[2025-02-14T22:03:33.511+0600] {logging_mixin.py:190} INFO - [2025-02-14T22:03:33.510+0600] {dag.py:3239} INFO - Sync 1 DAGs
[2025-02-14T22:03:33.529+0600] {logging_mixin.py:190} INFO - [2025-02-14T22:03:33.529+0600] {dag.py:4180} INFO - Setting next_dagrun for example_task_group to None, run_after=None
[2025-02-14T22:03:33.551+0600] {processor.py:208} INFO - Processing /home/shamim/airflow_git/Airflow_project/air_venv/lib/python3.12/site-packages/airflow/example_dags/example_task_group.py took 0.100 seconds
[2025-02-14T22:04:04.113+0600] {processor.py:186} INFO - Started process (PID=575489) to work on /home/shamim/airflow_git/Airflow_project/air_venv/lib/python3.12/site-packages/airflow/example_dags/example_task_group.py
[2025-02-14T22:04:04.115+0600] {processor.py:914} INFO - Processing file /home/shamim/airflow_git/Airflow_project/air_venv/lib/python3.12/site-packages/airflow/example_dags/example_task_group.py for tasks to queue
[2025-02-14T22:04:04.118+0600] {logging_mixin.py:190} INFO - [2025-02-14T22:04:04.118+0600] {dagbag.py:588} INFO - Filling up the DagBag from /home/shamim/airflow_git/Airflow_project/air_venv/lib/python3.12/site-packages/airflow/example_dags/example_task_group.py
[2025-02-14T22:04:04.131+0600] {processor.py:925} INFO - DAG(s) 'example_task_group' retrieved from /home/shamim/airflow_git/Airflow_project/air_venv/lib/python3.12/site-packages/airflow/example_dags/example_task_group.py
[2025-02-14T22:04:04.180+0600] {logging_mixin.py:190} INFO - [2025-02-14T22:04:04.180+0600] {dag.py:3239} INFO - Sync 1 DAGs
[2025-02-14T22:04:04.202+0600] {logging_mixin.py:190} INFO - [2025-02-14T22:04:04.202+0600] {dag.py:4180} INFO - Setting next_dagrun for example_task_group to None, run_after=None
[2025-02-14T22:04:04.229+0600] {processor.py:208} INFO - Processing /home/shamim/airflow_git/Airflow_project/air_venv/lib/python3.12/site-packages/airflow/example_dags/example_task_group.py took 0.124 seconds
[2025-02-14T22:04:34.828+0600] {processor.py:186} INFO - Started process (PID=575916) to work on /home/shamim/airflow_git/Airflow_project/air_venv/lib/python3.12/site-packages/airflow/example_dags/example_task_group.py
[2025-02-14T22:04:34.830+0600] {processor.py:914} INFO - Processing file /home/shamim/airflow_git/Airflow_project/air_venv/lib/python3.12/site-packages/airflow/example_dags/example_task_group.py for tasks to queue
[2025-02-14T22:04:34.833+0600] {logging_mixin.py:190} INFO - [2025-02-14T22:04:34.833+0600] {dagbag.py:588} INFO - Filling up the DagBag from /home/shamim/airflow_git/Airflow_project/air_venv/lib/python3.12/site-packages/airflow/example_dags/example_task_group.py
[2025-02-14T22:04:34.849+0600] {processor.py:925} INFO - DAG(s) 'example_task_group' retrieved from /home/shamim/airflow_git/Airflow_project/air_venv/lib/python3.12/site-packages/airflow/example_dags/example_task_group.py
[2025-02-14T22:04:34.898+0600] {logging_mixin.py:190} INFO - [2025-02-14T22:04:34.898+0600] {dag.py:3239} INFO - Sync 1 DAGs
[2025-02-14T22:04:34.922+0600] {logging_mixin.py:190} INFO - [2025-02-14T22:04:34.922+0600] {dag.py:4180} INFO - Setting next_dagrun for example_task_group to None, run_after=None
[2025-02-14T22:04:34.953+0600] {processor.py:208} INFO - Processing /home/shamim/airflow_git/Airflow_project/air_venv/lib/python3.12/site-packages/airflow/example_dags/example_task_group.py took 0.134 seconds
[2025-02-14T22:05:05.902+0600] {processor.py:186} INFO - Started process (PID=576327) to work on /home/shamim/airflow_git/Airflow_project/air_venv/lib/python3.12/site-packages/airflow/example_dags/example_task_group.py
[2025-02-14T22:05:05.903+0600] {processor.py:914} INFO - Processing file /home/shamim/airflow_git/Airflow_project/air_venv/lib/python3.12/site-packages/airflow/example_dags/example_task_group.py for tasks to queue
[2025-02-14T22:05:05.907+0600] {logging_mixin.py:190} INFO - [2025-02-14T22:05:05.906+0600] {dagbag.py:588} INFO - Filling up the DagBag from /home/shamim/airflow_git/Airflow_project/air_venv/lib/python3.12/site-packages/airflow/example_dags/example_task_group.py
[2025-02-14T22:05:05.923+0600] {processor.py:925} INFO - DAG(s) 'example_task_group' retrieved from /home/shamim/airflow_git/Airflow_project/air_venv/lib/python3.12/site-packages/airflow/example_dags/example_task_group.py
[2025-02-14T22:05:05.978+0600] {logging_mixin.py:190} INFO - [2025-02-14T22:05:05.977+0600] {dag.py:3239} INFO - Sync 1 DAGs
[2025-02-14T22:05:06.003+0600] {logging_mixin.py:190} INFO - [2025-02-14T22:05:06.003+0600] {dag.py:4180} INFO - Setting next_dagrun for example_task_group to None, run_after=None
[2025-02-14T22:05:06.033+0600] {processor.py:208} INFO - Processing /home/shamim/airflow_git/Airflow_project/air_venv/lib/python3.12/site-packages/airflow/example_dags/example_task_group.py took 0.141 seconds
[2025-02-14T22:05:42.788+0600] {processor.py:186} INFO - Started process (PID=577123) to work on /home/shamim/airflow_git/Airflow_project/air_venv/lib/python3.12/site-packages/airflow/example_dags/example_task_group.py
[2025-02-14T22:05:42.792+0600] {processor.py:914} INFO - Processing file /home/shamim/airflow_git/Airflow_project/air_venv/lib/python3.12/site-packages/airflow/example_dags/example_task_group.py for tasks to queue
[2025-02-14T22:05:42.799+0600] {logging_mixin.py:190} INFO - [2025-02-14T22:05:42.798+0600] {dagbag.py:588} INFO - Filling up the DagBag from /home/shamim/airflow_git/Airflow_project/air_venv/lib/python3.12/site-packages/airflow/example_dags/example_task_group.py
[2025-02-14T22:05:42.856+0600] {processor.py:925} INFO - DAG(s) 'example_task_group' retrieved from /home/shamim/airflow_git/Airflow_project/air_venv/lib/python3.12/site-packages/airflow/example_dags/example_task_group.py
[2025-02-14T22:05:43.002+0600] {logging_mixin.py:190} INFO - [2025-02-14T22:05:43.002+0600] {dag.py:3239} INFO - Sync 1 DAGs
[2025-02-14T22:05:43.094+0600] {logging_mixin.py:190} INFO - [2025-02-14T22:05:43.093+0600] {dag.py:4180} INFO - Setting next_dagrun for example_task_group to None, run_after=None
[2025-02-14T22:05:43.207+0600] {processor.py:208} INFO - Processing /home/shamim/airflow_git/Airflow_project/air_venv/lib/python3.12/site-packages/airflow/example_dags/example_task_group.py took 0.443 seconds
[2025-02-14T22:06:13.368+0600] {processor.py:186} INFO - Started process (PID=577647) to work on /home/shamim/airflow_git/Airflow_project/air_venv/lib/python3.12/site-packages/airflow/example_dags/example_task_group.py
[2025-02-14T22:06:13.369+0600] {processor.py:914} INFO - Processing file /home/shamim/airflow_git/Airflow_project/air_venv/lib/python3.12/site-packages/airflow/example_dags/example_task_group.py for tasks to queue
[2025-02-14T22:06:13.372+0600] {logging_mixin.py:190} INFO - [2025-02-14T22:06:13.372+0600] {dagbag.py:588} INFO - Filling up the DagBag from /home/shamim/airflow_git/Airflow_project/air_venv/lib/python3.12/site-packages/airflow/example_dags/example_task_group.py
[2025-02-14T22:06:13.388+0600] {processor.py:925} INFO - DAG(s) 'example_task_group' retrieved from /home/shamim/airflow_git/Airflow_project/air_venv/lib/python3.12/site-packages/airflow/example_dags/example_task_group.py
[2025-02-14T22:06:13.441+0600] {logging_mixin.py:190} INFO - [2025-02-14T22:06:13.441+0600] {dag.py:3239} INFO - Sync 1 DAGs
[2025-02-14T22:06:13.473+0600] {logging_mixin.py:190} INFO - [2025-02-14T22:06:13.473+0600] {dag.py:4180} INFO - Setting next_dagrun for example_task_group to None, run_after=None
[2025-02-14T22:06:13.506+0600] {processor.py:208} INFO - Processing /home/shamim/airflow_git/Airflow_project/air_venv/lib/python3.12/site-packages/airflow/example_dags/example_task_group.py took 0.148 seconds
[2025-02-14T22:06:44.265+0600] {processor.py:186} INFO - Started process (PID=578134) to work on /home/shamim/airflow_git/Airflow_project/air_venv/lib/python3.12/site-packages/airflow/example_dags/example_task_group.py
[2025-02-14T22:06:44.269+0600] {processor.py:914} INFO - Processing file /home/shamim/airflow_git/Airflow_project/air_venv/lib/python3.12/site-packages/airflow/example_dags/example_task_group.py for tasks to queue
[2025-02-14T22:06:44.271+0600] {logging_mixin.py:190} INFO - [2025-02-14T22:06:44.271+0600] {dagbag.py:588} INFO - Filling up the DagBag from /home/shamim/airflow_git/Airflow_project/air_venv/lib/python3.12/site-packages/airflow/example_dags/example_task_group.py
[2025-02-14T22:06:44.288+0600] {processor.py:925} INFO - DAG(s) 'example_task_group' retrieved from /home/shamim/airflow_git/Airflow_project/air_venv/lib/python3.12/site-packages/airflow/example_dags/example_task_group.py
[2025-02-14T22:06:44.337+0600] {logging_mixin.py:190} INFO - [2025-02-14T22:06:44.336+0600] {dag.py:3239} INFO - Sync 1 DAGs
[2025-02-14T22:06:44.358+0600] {logging_mixin.py:190} INFO - [2025-02-14T22:06:44.357+0600] {dag.py:4180} INFO - Setting next_dagrun for example_task_group to None, run_after=None
[2025-02-14T22:06:44.388+0600] {processor.py:208} INFO - Processing /home/shamim/airflow_git/Airflow_project/air_venv/lib/python3.12/site-packages/airflow/example_dags/example_task_group.py took 0.131 seconds
[2025-02-14T22:07:15.192+0600] {processor.py:186} INFO - Started process (PID=578568) to work on /home/shamim/airflow_git/Airflow_project/air_venv/lib/python3.12/site-packages/airflow/example_dags/example_task_group.py
[2025-02-14T22:07:15.194+0600] {processor.py:914} INFO - Processing file /home/shamim/airflow_git/Airflow_project/air_venv/lib/python3.12/site-packages/airflow/example_dags/example_task_group.py for tasks to queue
[2025-02-14T22:07:15.197+0600] {logging_mixin.py:190} INFO - [2025-02-14T22:07:15.197+0600] {dagbag.py:588} INFO - Filling up the DagBag from /home/shamim/airflow_git/Airflow_project/air_venv/lib/python3.12/site-packages/airflow/example_dags/example_task_group.py
[2025-02-14T22:07:15.214+0600] {processor.py:925} INFO - DAG(s) 'example_task_group' retrieved from /home/shamim/airflow_git/Airflow_project/air_venv/lib/python3.12/site-packages/airflow/example_dags/example_task_group.py
[2025-02-14T22:07:15.272+0600] {logging_mixin.py:190} INFO - [2025-02-14T22:07:15.271+0600] {dag.py:3239} INFO - Sync 1 DAGs
[2025-02-14T22:07:15.299+0600] {logging_mixin.py:190} INFO - [2025-02-14T22:07:15.299+0600] {dag.py:4180} INFO - Setting next_dagrun for example_task_group to None, run_after=None
[2025-02-14T22:07:15.331+0600] {processor.py:208} INFO - Processing /home/shamim/airflow_git/Airflow_project/air_venv/lib/python3.12/site-packages/airflow/example_dags/example_task_group.py took 0.150 seconds
[2025-02-14T22:07:46.061+0600] {processor.py:186} INFO - Started process (PID=579126) to work on /home/shamim/airflow_git/Airflow_project/air_venv/lib/python3.12/site-packages/airflow/example_dags/example_task_group.py
[2025-02-14T22:07:46.065+0600] {processor.py:914} INFO - Processing file /home/shamim/airflow_git/Airflow_project/air_venv/lib/python3.12/site-packages/airflow/example_dags/example_task_group.py for tasks to queue
[2025-02-14T22:07:46.067+0600] {logging_mixin.py:190} INFO - [2025-02-14T22:07:46.066+0600] {dagbag.py:588} INFO - Filling up the DagBag from /home/shamim/airflow_git/Airflow_project/air_venv/lib/python3.12/site-packages/airflow/example_dags/example_task_group.py
[2025-02-14T22:07:46.086+0600] {processor.py:925} INFO - DAG(s) 'example_task_group' retrieved from /home/shamim/airflow_git/Airflow_project/air_venv/lib/python3.12/site-packages/airflow/example_dags/example_task_group.py
[2025-02-14T22:07:46.148+0600] {logging_mixin.py:190} INFO - [2025-02-14T22:07:46.147+0600] {dag.py:3239} INFO - Sync 1 DAGs
[2025-02-14T22:07:46.178+0600] {logging_mixin.py:190} INFO - [2025-02-14T22:07:46.178+0600] {dag.py:4180} INFO - Setting next_dagrun for example_task_group to None, run_after=None
[2025-02-14T22:07:46.216+0600] {processor.py:208} INFO - Processing /home/shamim/airflow_git/Airflow_project/air_venv/lib/python3.12/site-packages/airflow/example_dags/example_task_group.py took 0.170 seconds
[2025-02-14T22:08:16.548+0600] {processor.py:186} INFO - Started process (PID=579587) to work on /home/shamim/airflow_git/Airflow_project/air_venv/lib/python3.12/site-packages/airflow/example_dags/example_task_group.py
[2025-02-14T22:08:16.548+0600] {processor.py:914} INFO - Processing file /home/shamim/airflow_git/Airflow_project/air_venv/lib/python3.12/site-packages/airflow/example_dags/example_task_group.py for tasks to queue
[2025-02-14T22:08:16.550+0600] {logging_mixin.py:190} INFO - [2025-02-14T22:08:16.550+0600] {dagbag.py:588} INFO - Filling up the DagBag from /home/shamim/airflow_git/Airflow_project/air_venv/lib/python3.12/site-packages/airflow/example_dags/example_task_group.py
[2025-02-14T22:08:16.563+0600] {processor.py:925} INFO - DAG(s) 'example_task_group' retrieved from /home/shamim/airflow_git/Airflow_project/air_venv/lib/python3.12/site-packages/airflow/example_dags/example_task_group.py
[2025-02-14T22:08:16.617+0600] {logging_mixin.py:190} INFO - [2025-02-14T22:08:16.617+0600] {dag.py:3239} INFO - Sync 1 DAGs
[2025-02-14T22:08:16.652+0600] {logging_mixin.py:190} INFO - [2025-02-14T22:08:16.652+0600] {dag.py:4180} INFO - Setting next_dagrun for example_task_group to None, run_after=None
[2025-02-14T22:08:16.681+0600] {processor.py:208} INFO - Processing /home/shamim/airflow_git/Airflow_project/air_venv/lib/python3.12/site-packages/airflow/example_dags/example_task_group.py took 0.142 seconds
[2025-02-14T22:08:47.271+0600] {processor.py:186} INFO - Started process (PID=580064) to work on /home/shamim/airflow_git/Airflow_project/air_venv/lib/python3.12/site-packages/airflow/example_dags/example_task_group.py
[2025-02-14T22:08:47.273+0600] {processor.py:914} INFO - Processing file /home/shamim/airflow_git/Airflow_project/air_venv/lib/python3.12/site-packages/airflow/example_dags/example_task_group.py for tasks to queue
[2025-02-14T22:08:47.274+0600] {logging_mixin.py:190} INFO - [2025-02-14T22:08:47.274+0600] {dagbag.py:588} INFO - Filling up the DagBag from /home/shamim/airflow_git/Airflow_project/air_venv/lib/python3.12/site-packages/airflow/example_dags/example_task_group.py
[2025-02-14T22:08:47.292+0600] {processor.py:925} INFO - DAG(s) 'example_task_group' retrieved from /home/shamim/airflow_git/Airflow_project/air_venv/lib/python3.12/site-packages/airflow/example_dags/example_task_group.py
[2025-02-14T22:08:47.369+0600] {logging_mixin.py:190} INFO - [2025-02-14T22:08:47.368+0600] {dag.py:3239} INFO - Sync 1 DAGs
[2025-02-14T22:08:47.400+0600] {logging_mixin.py:190} INFO - [2025-02-14T22:08:47.400+0600] {dag.py:4180} INFO - Setting next_dagrun for example_task_group to None, run_after=None
[2025-02-14T22:08:47.443+0600] {processor.py:208} INFO - Processing /home/shamim/airflow_git/Airflow_project/air_venv/lib/python3.12/site-packages/airflow/example_dags/example_task_group.py took 0.181 seconds
[2025-02-14T22:09:19.694+0600] {processor.py:186} INFO - Started process (PID=580484) to work on /home/shamim/airflow_git/Airflow_project/air_venv/lib/python3.12/site-packages/airflow/example_dags/example_task_group.py
[2025-02-14T22:09:19.696+0600] {processor.py:914} INFO - Processing file /home/shamim/airflow_git/Airflow_project/air_venv/lib/python3.12/site-packages/airflow/example_dags/example_task_group.py for tasks to queue
[2025-02-14T22:09:19.699+0600] {logging_mixin.py:190} INFO - [2025-02-14T22:09:19.697+0600] {dagbag.py:588} INFO - Filling up the DagBag from /home/shamim/airflow_git/Airflow_project/air_venv/lib/python3.12/site-packages/airflow/example_dags/example_task_group.py
[2025-02-14T22:09:19.717+0600] {processor.py:925} INFO - DAG(s) 'example_task_group' retrieved from /home/shamim/airflow_git/Airflow_project/air_venv/lib/python3.12/site-packages/airflow/example_dags/example_task_group.py
[2025-02-14T22:09:19.785+0600] {logging_mixin.py:190} INFO - [2025-02-14T22:09:19.785+0600] {dag.py:3239} INFO - Sync 1 DAGs
[2025-02-14T22:09:19.821+0600] {logging_mixin.py:190} INFO - [2025-02-14T22:09:19.820+0600] {dag.py:4180} INFO - Setting next_dagrun for example_task_group to None, run_after=None
[2025-02-14T22:09:19.866+0600] {processor.py:208} INFO - Processing /home/shamim/airflow_git/Airflow_project/air_venv/lib/python3.12/site-packages/airflow/example_dags/example_task_group.py took 0.183 seconds
[2025-02-14T22:09:50.496+0600] {processor.py:186} INFO - Started process (PID=581019) to work on /home/shamim/airflow_git/Airflow_project/air_venv/lib/python3.12/site-packages/airflow/example_dags/example_task_group.py
[2025-02-14T22:09:50.498+0600] {processor.py:914} INFO - Processing file /home/shamim/airflow_git/Airflow_project/air_venv/lib/python3.12/site-packages/airflow/example_dags/example_task_group.py for tasks to queue
[2025-02-14T22:09:50.499+0600] {logging_mixin.py:190} INFO - [2025-02-14T22:09:50.499+0600] {dagbag.py:588} INFO - Filling up the DagBag from /home/shamim/airflow_git/Airflow_project/air_venv/lib/python3.12/site-packages/airflow/example_dags/example_task_group.py
[2025-02-14T22:09:50.511+0600] {processor.py:925} INFO - DAG(s) 'example_task_group' retrieved from /home/shamim/airflow_git/Airflow_project/air_venv/lib/python3.12/site-packages/airflow/example_dags/example_task_group.py
[2025-02-14T22:09:50.556+0600] {logging_mixin.py:190} INFO - [2025-02-14T22:09:50.556+0600] {dag.py:3239} INFO - Sync 1 DAGs
[2025-02-14T22:09:50.577+0600] {logging_mixin.py:190} INFO - [2025-02-14T22:09:50.577+0600] {dag.py:4180} INFO - Setting next_dagrun for example_task_group to None, run_after=None
[2025-02-14T22:09:50.605+0600] {processor.py:208} INFO - Processing /home/shamim/airflow_git/Airflow_project/air_venv/lib/python3.12/site-packages/airflow/example_dags/example_task_group.py took 0.118 seconds
