[2025-02-14T21:56:20.725+0600] {processor.py:186} INFO - Started process (PID=572566) to work on /home/shamim/airflow_git/Airflow_project/air_venv/lib/python3.12/site-packages/airflow/example_dags/example_python_decorator.py
[2025-02-14T21:56:20.726+0600] {processor.py:914} INFO - Processing file /home/shamim/airflow_git/Airflow_project/air_venv/lib/python3.12/site-packages/airflow/example_dags/example_python_decorator.py for tasks to queue
[2025-02-14T21:56:20.728+0600] {logging_mixin.py:190} INFO - [2025-02-14T21:56:20.728+0600] {dagbag.py:588} INFO - Filling up the DagBag from /home/shamim/airflow_git/Airflow_project/air_venv/lib/python3.12/site-packages/airflow/example_dags/example_python_decorator.py
[2025-02-14T21:56:20.744+0600] {logging_mixin.py:190} INFO - [2025-02-14T21:56:20.744+0600] {example_python_decorator.py:80} WARNING - The virtalenv_python example task requires virtualenv, please install it.
[2025-02-14T21:56:20.748+0600] {processor.py:925} INFO - DAG(s) 'example_python_decorator' retrieved from /home/shamim/airflow_git/Airflow_project/air_venv/lib/python3.12/site-packages/airflow/example_dags/example_python_decorator.py
[2025-02-14T21:56:20.982+0600] {logging_mixin.py:190} INFO - [2025-02-14T21:56:20.982+0600] {dag.py:3239} INFO - Sync 1 DAGs
[2025-02-14T21:56:21.002+0600] {logging_mixin.py:190} INFO - [2025-02-14T21:56:21.002+0600] {dag.py:4180} INFO - Setting next_dagrun for example_python_decorator to None, run_after=None
[2025-02-14T21:56:21.035+0600] {processor.py:208} INFO - Processing /home/shamim/airflow_git/Airflow_project/air_venv/lib/python3.12/site-packages/airflow/example_dags/example_python_decorator.py took 0.321 seconds
[2025-02-14T21:56:51.904+0600] {processor.py:186} INFO - Started process (PID=572983) to work on /home/shamim/airflow_git/Airflow_project/air_venv/lib/python3.12/site-packages/airflow/example_dags/example_python_decorator.py
[2025-02-14T21:56:51.908+0600] {processor.py:914} INFO - Processing file /home/shamim/airflow_git/Airflow_project/air_venv/lib/python3.12/site-packages/airflow/example_dags/example_python_decorator.py for tasks to queue
[2025-02-14T21:56:51.910+0600] {logging_mixin.py:190} INFO - [2025-02-14T21:56:51.909+0600] {dagbag.py:588} INFO - Filling up the DagBag from /home/shamim/airflow_git/Airflow_project/air_venv/lib/python3.12/site-packages/airflow/example_dags/example_python_decorator.py
[2025-02-14T21:56:51.921+0600] {logging_mixin.py:190} INFO - [2025-02-14T21:56:51.921+0600] {example_python_decorator.py:80} WARNING - The virtalenv_python example task requires virtualenv, please install it.
[2025-02-14T21:56:51.924+0600] {processor.py:925} INFO - DAG(s) 'example_python_decorator' retrieved from /home/shamim/airflow_git/Airflow_project/air_venv/lib/python3.12/site-packages/airflow/example_dags/example_python_decorator.py
[2025-02-14T21:56:51.966+0600] {logging_mixin.py:190} INFO - [2025-02-14T21:56:51.966+0600] {dag.py:3239} INFO - Sync 1 DAGs
[2025-02-14T21:56:51.985+0600] {logging_mixin.py:190} INFO - [2025-02-14T21:56:51.985+0600] {dag.py:4180} INFO - Setting next_dagrun for example_python_decorator to None, run_after=None
[2025-02-14T21:56:52.010+0600] {processor.py:208} INFO - Processing /home/shamim/airflow_git/Airflow_project/air_venv/lib/python3.12/site-packages/airflow/example_dags/example_python_decorator.py took 0.115 seconds
[2025-02-14T21:57:22.502+0600] {processor.py:186} INFO - Started process (PID=573391) to work on /home/shamim/airflow_git/Airflow_project/air_venv/lib/python3.12/site-packages/airflow/example_dags/example_python_decorator.py
[2025-02-14T21:57:22.503+0600] {processor.py:914} INFO - Processing file /home/shamim/airflow_git/Airflow_project/air_venv/lib/python3.12/site-packages/airflow/example_dags/example_python_decorator.py for tasks to queue
[2025-02-14T21:57:22.505+0600] {logging_mixin.py:190} INFO - [2025-02-14T21:57:22.504+0600] {dagbag.py:588} INFO - Filling up the DagBag from /home/shamim/airflow_git/Airflow_project/air_venv/lib/python3.12/site-packages/airflow/example_dags/example_python_decorator.py
[2025-02-14T21:57:22.517+0600] {logging_mixin.py:190} INFO - [2025-02-14T21:57:22.517+0600] {example_python_decorator.py:80} WARNING - The virtalenv_python example task requires virtualenv, please install it.
[2025-02-14T21:57:22.520+0600] {processor.py:925} INFO - DAG(s) 'example_python_decorator' retrieved from /home/shamim/airflow_git/Airflow_project/air_venv/lib/python3.12/site-packages/airflow/example_dags/example_python_decorator.py
[2025-02-14T21:57:22.562+0600] {logging_mixin.py:190} INFO - [2025-02-14T21:57:22.562+0600] {dag.py:3239} INFO - Sync 1 DAGs
[2025-02-14T21:57:22.581+0600] {logging_mixin.py:190} INFO - [2025-02-14T21:57:22.581+0600] {dag.py:4180} INFO - Setting next_dagrun for example_python_decorator to None, run_after=None
[2025-02-14T21:57:22.602+0600] {processor.py:208} INFO - Processing /home/shamim/airflow_git/Airflow_project/air_venv/lib/python3.12/site-packages/airflow/example_dags/example_python_decorator.py took 0.110 seconds
[2025-02-14T22:02:32.920+0600] {processor.py:186} INFO - Started process (PID=574246) to work on /home/shamim/airflow_git/Airflow_project/air_venv/lib/python3.12/site-packages/airflow/example_dags/example_python_decorator.py
[2025-02-14T22:02:32.921+0600] {processor.py:914} INFO - Processing file /home/shamim/airflow_git/Airflow_project/air_venv/lib/python3.12/site-packages/airflow/example_dags/example_python_decorator.py for tasks to queue
[2025-02-14T22:02:32.924+0600] {logging_mixin.py:190} INFO - [2025-02-14T22:02:32.923+0600] {dagbag.py:588} INFO - Filling up the DagBag from /home/shamim/airflow_git/Airflow_project/air_venv/lib/python3.12/site-packages/airflow/example_dags/example_python_decorator.py
[2025-02-14T22:02:32.938+0600] {logging_mixin.py:190} INFO - [2025-02-14T22:02:32.938+0600] {example_python_decorator.py:80} WARNING - The virtalenv_python example task requires virtualenv, please install it.
[2025-02-14T22:02:32.942+0600] {processor.py:925} INFO - DAG(s) 'example_python_decorator' retrieved from /home/shamim/airflow_git/Airflow_project/air_venv/lib/python3.12/site-packages/airflow/example_dags/example_python_decorator.py
[2025-02-14T22:02:32.994+0600] {logging_mixin.py:190} INFO - [2025-02-14T22:02:32.994+0600] {dag.py:3239} INFO - Sync 1 DAGs
[2025-02-14T22:02:33.018+0600] {logging_mixin.py:190} INFO - [2025-02-14T22:02:33.018+0600] {dag.py:4180} INFO - Setting next_dagrun for example_python_decorator to None, run_after=None
[2025-02-14T22:02:33.042+0600] {processor.py:208} INFO - Processing /home/shamim/airflow_git/Airflow_project/air_venv/lib/python3.12/site-packages/airflow/example_dags/example_python_decorator.py took 0.132 seconds
[2025-02-14T22:03:04.065+0600] {processor.py:186} INFO - Started process (PID=574704) to work on /home/shamim/airflow_git/Airflow_project/air_venv/lib/python3.12/site-packages/airflow/example_dags/example_python_decorator.py
[2025-02-14T22:03:04.071+0600] {processor.py:914} INFO - Processing file /home/shamim/airflow_git/Airflow_project/air_venv/lib/python3.12/site-packages/airflow/example_dags/example_python_decorator.py for tasks to queue
[2025-02-14T22:03:04.074+0600] {logging_mixin.py:190} INFO - [2025-02-14T22:03:04.073+0600] {dagbag.py:588} INFO - Filling up the DagBag from /home/shamim/airflow_git/Airflow_project/air_venv/lib/python3.12/site-packages/airflow/example_dags/example_python_decorator.py
[2025-02-14T22:03:04.087+0600] {logging_mixin.py:190} INFO - [2025-02-14T22:03:04.087+0600] {example_python_decorator.py:80} WARNING - The virtalenv_python example task requires virtualenv, please install it.
[2025-02-14T22:03:04.091+0600] {processor.py:925} INFO - DAG(s) 'example_python_decorator' retrieved from /home/shamim/airflow_git/Airflow_project/air_venv/lib/python3.12/site-packages/airflow/example_dags/example_python_decorator.py
[2025-02-14T22:03:04.131+0600] {logging_mixin.py:190} INFO - [2025-02-14T22:03:04.130+0600] {dag.py:3239} INFO - Sync 1 DAGs
[2025-02-14T22:03:04.151+0600] {logging_mixin.py:190} INFO - [2025-02-14T22:03:04.150+0600] {dag.py:4180} INFO - Setting next_dagrun for example_python_decorator to None, run_after=None
[2025-02-14T22:03:04.176+0600] {processor.py:208} INFO - Processing /home/shamim/airflow_git/Airflow_project/air_venv/lib/python3.12/site-packages/airflow/example_dags/example_python_decorator.py took 0.118 seconds
[2025-02-14T22:03:34.253+0600] {processor.py:186} INFO - Started process (PID=575122) to work on /home/shamim/airflow_git/Airflow_project/air_venv/lib/python3.12/site-packages/airflow/example_dags/example_python_decorator.py
[2025-02-14T22:03:34.254+0600] {processor.py:914} INFO - Processing file /home/shamim/airflow_git/Airflow_project/air_venv/lib/python3.12/site-packages/airflow/example_dags/example_python_decorator.py for tasks to queue
[2025-02-14T22:03:34.257+0600] {logging_mixin.py:190} INFO - [2025-02-14T22:03:34.256+0600] {dagbag.py:588} INFO - Filling up the DagBag from /home/shamim/airflow_git/Airflow_project/air_venv/lib/python3.12/site-packages/airflow/example_dags/example_python_decorator.py
[2025-02-14T22:03:34.267+0600] {logging_mixin.py:190} INFO - [2025-02-14T22:03:34.267+0600] {example_python_decorator.py:80} WARNING - The virtalenv_python example task requires virtualenv, please install it.
[2025-02-14T22:03:34.270+0600] {processor.py:925} INFO - DAG(s) 'example_python_decorator' retrieved from /home/shamim/airflow_git/Airflow_project/air_venv/lib/python3.12/site-packages/airflow/example_dags/example_python_decorator.py
[2025-02-14T22:03:34.306+0600] {logging_mixin.py:190} INFO - [2025-02-14T22:03:34.306+0600] {dag.py:3239} INFO - Sync 1 DAGs
[2025-02-14T22:03:34.324+0600] {logging_mixin.py:190} INFO - [2025-02-14T22:03:34.324+0600] {dag.py:4180} INFO - Setting next_dagrun for example_python_decorator to None, run_after=None
[2025-02-14T22:03:34.351+0600] {processor.py:208} INFO - Processing /home/shamim/airflow_git/Airflow_project/air_venv/lib/python3.12/site-packages/airflow/example_dags/example_python_decorator.py took 0.105 seconds
[2025-02-14T22:04:04.846+0600] {processor.py:186} INFO - Started process (PID=575537) to work on /home/shamim/airflow_git/Airflow_project/air_venv/lib/python3.12/site-packages/airflow/example_dags/example_python_decorator.py
[2025-02-14T22:04:04.847+0600] {processor.py:914} INFO - Processing file /home/shamim/airflow_git/Airflow_project/air_venv/lib/python3.12/site-packages/airflow/example_dags/example_python_decorator.py for tasks to queue
[2025-02-14T22:04:04.851+0600] {logging_mixin.py:190} INFO - [2025-02-14T22:04:04.850+0600] {dagbag.py:588} INFO - Filling up the DagBag from /home/shamim/airflow_git/Airflow_project/air_venv/lib/python3.12/site-packages/airflow/example_dags/example_python_decorator.py
[2025-02-14T22:04:04.863+0600] {logging_mixin.py:190} INFO - [2025-02-14T22:04:04.863+0600] {example_python_decorator.py:80} WARNING - The virtalenv_python example task requires virtualenv, please install it.
[2025-02-14T22:04:04.867+0600] {processor.py:925} INFO - DAG(s) 'example_python_decorator' retrieved from /home/shamim/airflow_git/Airflow_project/air_venv/lib/python3.12/site-packages/airflow/example_dags/example_python_decorator.py
[2025-02-14T22:04:04.917+0600] {logging_mixin.py:190} INFO - [2025-02-14T22:04:04.917+0600] {dag.py:3239} INFO - Sync 1 DAGs
[2025-02-14T22:04:04.941+0600] {logging_mixin.py:190} INFO - [2025-02-14T22:04:04.941+0600] {dag.py:4180} INFO - Setting next_dagrun for example_python_decorator to None, run_after=None
[2025-02-14T22:04:04.971+0600] {processor.py:208} INFO - Processing /home/shamim/airflow_git/Airflow_project/air_venv/lib/python3.12/site-packages/airflow/example_dags/example_python_decorator.py took 0.132 seconds
[2025-02-14T22:04:35.645+0600] {processor.py:186} INFO - Started process (PID=575962) to work on /home/shamim/airflow_git/Airflow_project/air_venv/lib/python3.12/site-packages/airflow/example_dags/example_python_decorator.py
[2025-02-14T22:04:35.646+0600] {processor.py:914} INFO - Processing file /home/shamim/airflow_git/Airflow_project/air_venv/lib/python3.12/site-packages/airflow/example_dags/example_python_decorator.py for tasks to queue
[2025-02-14T22:04:35.649+0600] {logging_mixin.py:190} INFO - [2025-02-14T22:04:35.649+0600] {dagbag.py:588} INFO - Filling up the DagBag from /home/shamim/airflow_git/Airflow_project/air_venv/lib/python3.12/site-packages/airflow/example_dags/example_python_decorator.py
[2025-02-14T22:04:35.662+0600] {logging_mixin.py:190} INFO - [2025-02-14T22:04:35.662+0600] {example_python_decorator.py:80} WARNING - The virtalenv_python example task requires virtualenv, please install it.
[2025-02-14T22:04:35.666+0600] {processor.py:925} INFO - DAG(s) 'example_python_decorator' retrieved from /home/shamim/airflow_git/Airflow_project/air_venv/lib/python3.12/site-packages/airflow/example_dags/example_python_decorator.py
[2025-02-14T22:04:35.709+0600] {logging_mixin.py:190} INFO - [2025-02-14T22:04:35.708+0600] {dag.py:3239} INFO - Sync 1 DAGs
[2025-02-14T22:04:35.736+0600] {logging_mixin.py:190} INFO - [2025-02-14T22:04:35.736+0600] {dag.py:4180} INFO - Setting next_dagrun for example_python_decorator to None, run_after=None
[2025-02-14T22:04:35.763+0600] {processor.py:208} INFO - Processing /home/shamim/airflow_git/Airflow_project/air_venv/lib/python3.12/site-packages/airflow/example_dags/example_python_decorator.py took 0.127 seconds
[2025-02-14T22:05:06.642+0600] {processor.py:186} INFO - Started process (PID=576375) to work on /home/shamim/airflow_git/Airflow_project/air_venv/lib/python3.12/site-packages/airflow/example_dags/example_python_decorator.py
[2025-02-14T22:05:06.643+0600] {processor.py:914} INFO - Processing file /home/shamim/airflow_git/Airflow_project/air_venv/lib/python3.12/site-packages/airflow/example_dags/example_python_decorator.py for tasks to queue
[2025-02-14T22:05:06.646+0600] {logging_mixin.py:190} INFO - [2025-02-14T22:05:06.646+0600] {dagbag.py:588} INFO - Filling up the DagBag from /home/shamim/airflow_git/Airflow_project/air_venv/lib/python3.12/site-packages/airflow/example_dags/example_python_decorator.py
[2025-02-14T22:05:06.660+0600] {logging_mixin.py:190} INFO - [2025-02-14T22:05:06.660+0600] {example_python_decorator.py:80} WARNING - The virtalenv_python example task requires virtualenv, please install it.
[2025-02-14T22:05:06.663+0600] {processor.py:925} INFO - DAG(s) 'example_python_decorator' retrieved from /home/shamim/airflow_git/Airflow_project/air_venv/lib/python3.12/site-packages/airflow/example_dags/example_python_decorator.py
[2025-02-14T22:05:06.712+0600] {logging_mixin.py:190} INFO - [2025-02-14T22:05:06.712+0600] {dag.py:3239} INFO - Sync 1 DAGs
[2025-02-14T22:05:06.740+0600] {logging_mixin.py:190} INFO - [2025-02-14T22:05:06.740+0600] {dag.py:4180} INFO - Setting next_dagrun for example_python_decorator to None, run_after=None
[2025-02-14T22:05:06.771+0600] {processor.py:208} INFO - Processing /home/shamim/airflow_git/Airflow_project/air_venv/lib/python3.12/site-packages/airflow/example_dags/example_python_decorator.py took 0.137 seconds
[2025-02-14T22:05:44.695+0600] {processor.py:186} INFO - Started process (PID=577169) to work on /home/shamim/airflow_git/Airflow_project/air_venv/lib/python3.12/site-packages/airflow/example_dags/example_python_decorator.py
[2025-02-14T22:05:44.698+0600] {processor.py:914} INFO - Processing file /home/shamim/airflow_git/Airflow_project/air_venv/lib/python3.12/site-packages/airflow/example_dags/example_python_decorator.py for tasks to queue
[2025-02-14T22:05:44.703+0600] {logging_mixin.py:190} INFO - [2025-02-14T22:05:44.702+0600] {dagbag.py:588} INFO - Filling up the DagBag from /home/shamim/airflow_git/Airflow_project/air_venv/lib/python3.12/site-packages/airflow/example_dags/example_python_decorator.py
[2025-02-14T22:05:44.739+0600] {logging_mixin.py:190} INFO - [2025-02-14T22:05:44.739+0600] {example_python_decorator.py:80} WARNING - The virtalenv_python example task requires virtualenv, please install it.
[2025-02-14T22:05:44.745+0600] {processor.py:925} INFO - DAG(s) 'example_python_decorator' retrieved from /home/shamim/airflow_git/Airflow_project/air_venv/lib/python3.12/site-packages/airflow/example_dags/example_python_decorator.py
[2025-02-14T22:05:44.830+0600] {logging_mixin.py:190} INFO - [2025-02-14T22:05:44.829+0600] {dag.py:3239} INFO - Sync 1 DAGs
[2025-02-14T22:05:44.889+0600] {logging_mixin.py:190} INFO - [2025-02-14T22:05:44.888+0600] {dag.py:4180} INFO - Setting next_dagrun for example_python_decorator to None, run_after=None
[2025-02-14T22:05:44.963+0600] {processor.py:208} INFO - Processing /home/shamim/airflow_git/Airflow_project/air_venv/lib/python3.12/site-packages/airflow/example_dags/example_python_decorator.py took 0.290 seconds
[2025-02-14T22:06:15.321+0600] {processor.py:186} INFO - Started process (PID=577694) to work on /home/shamim/airflow_git/Airflow_project/air_venv/lib/python3.12/site-packages/airflow/example_dags/example_python_decorator.py
[2025-02-14T22:06:15.322+0600] {processor.py:914} INFO - Processing file /home/shamim/airflow_git/Airflow_project/air_venv/lib/python3.12/site-packages/airflow/example_dags/example_python_decorator.py for tasks to queue
[2025-02-14T22:06:15.325+0600] {logging_mixin.py:190} INFO - [2025-02-14T22:06:15.324+0600] {dagbag.py:588} INFO - Filling up the DagBag from /home/shamim/airflow_git/Airflow_project/air_venv/lib/python3.12/site-packages/airflow/example_dags/example_python_decorator.py
[2025-02-14T22:06:15.339+0600] {logging_mixin.py:190} INFO - [2025-02-14T22:06:15.339+0600] {example_python_decorator.py:80} WARNING - The virtalenv_python example task requires virtualenv, please install it.
[2025-02-14T22:06:15.343+0600] {processor.py:925} INFO - DAG(s) 'example_python_decorator' retrieved from /home/shamim/airflow_git/Airflow_project/air_venv/lib/python3.12/site-packages/airflow/example_dags/example_python_decorator.py
[2025-02-14T22:06:15.393+0600] {logging_mixin.py:190} INFO - [2025-02-14T22:06:15.393+0600] {dag.py:3239} INFO - Sync 1 DAGs
[2025-02-14T22:06:15.421+0600] {logging_mixin.py:190} INFO - [2025-02-14T22:06:15.420+0600] {dag.py:4180} INFO - Setting next_dagrun for example_python_decorator to None, run_after=None
[2025-02-14T22:06:15.455+0600] {processor.py:208} INFO - Processing /home/shamim/airflow_git/Airflow_project/air_venv/lib/python3.12/site-packages/airflow/example_dags/example_python_decorator.py took 0.144 seconds
[2025-02-14T22:06:46.049+0600] {processor.py:186} INFO - Started process (PID=578192) to work on /home/shamim/airflow_git/Airflow_project/air_venv/lib/python3.12/site-packages/airflow/example_dags/example_python_decorator.py
[2025-02-14T22:06:46.051+0600] {processor.py:914} INFO - Processing file /home/shamim/airflow_git/Airflow_project/air_venv/lib/python3.12/site-packages/airflow/example_dags/example_python_decorator.py for tasks to queue
[2025-02-14T22:06:46.057+0600] {logging_mixin.py:190} INFO - [2025-02-14T22:06:46.056+0600] {dagbag.py:588} INFO - Filling up the DagBag from /home/shamim/airflow_git/Airflow_project/air_venv/lib/python3.12/site-packages/airflow/example_dags/example_python_decorator.py
[2025-02-14T22:06:46.088+0600] {logging_mixin.py:190} INFO - [2025-02-14T22:06:46.088+0600] {example_python_decorator.py:80} WARNING - The virtalenv_python example task requires virtualenv, please install it.
[2025-02-14T22:06:46.110+0600] {processor.py:925} INFO - DAG(s) 'example_python_decorator' retrieved from /home/shamim/airflow_git/Airflow_project/air_venv/lib/python3.12/site-packages/airflow/example_dags/example_python_decorator.py
[2025-02-14T22:06:46.295+0600] {logging_mixin.py:190} INFO - [2025-02-14T22:06:46.294+0600] {dag.py:3239} INFO - Sync 1 DAGs
[2025-02-14T22:06:46.366+0600] {logging_mixin.py:190} INFO - [2025-02-14T22:06:46.366+0600] {dag.py:4180} INFO - Setting next_dagrun for example_python_decorator to None, run_after=None
[2025-02-14T22:06:46.424+0600] {processor.py:208} INFO - Processing /home/shamim/airflow_git/Airflow_project/air_venv/lib/python3.12/site-packages/airflow/example_dags/example_python_decorator.py took 0.388 seconds
[2025-02-14T22:07:16.546+0600] {processor.py:186} INFO - Started process (PID=578620) to work on /home/shamim/airflow_git/Airflow_project/air_venv/lib/python3.12/site-packages/airflow/example_dags/example_python_decorator.py
[2025-02-14T22:07:16.547+0600] {processor.py:914} INFO - Processing file /home/shamim/airflow_git/Airflow_project/air_venv/lib/python3.12/site-packages/airflow/example_dags/example_python_decorator.py for tasks to queue
[2025-02-14T22:07:16.550+0600] {logging_mixin.py:190} INFO - [2025-02-14T22:07:16.549+0600] {dagbag.py:588} INFO - Filling up the DagBag from /home/shamim/airflow_git/Airflow_project/air_venv/lib/python3.12/site-packages/airflow/example_dags/example_python_decorator.py
[2025-02-14T22:07:16.561+0600] {logging_mixin.py:190} INFO - [2025-02-14T22:07:16.561+0600] {example_python_decorator.py:80} WARNING - The virtalenv_python example task requires virtualenv, please install it.
[2025-02-14T22:07:16.565+0600] {processor.py:925} INFO - DAG(s) 'example_python_decorator' retrieved from /home/shamim/airflow_git/Airflow_project/air_venv/lib/python3.12/site-packages/airflow/example_dags/example_python_decorator.py
[2025-02-14T22:07:16.606+0600] {logging_mixin.py:190} INFO - [2025-02-14T22:07:16.605+0600] {dag.py:3239} INFO - Sync 1 DAGs
[2025-02-14T22:07:16.627+0600] {logging_mixin.py:190} INFO - [2025-02-14T22:07:16.626+0600] {dag.py:4180} INFO - Setting next_dagrun for example_python_decorator to None, run_after=None
[2025-02-14T22:07:16.653+0600] {processor.py:208} INFO - Processing /home/shamim/airflow_git/Airflow_project/air_venv/lib/python3.12/site-packages/airflow/example_dags/example_python_decorator.py took 0.119 seconds
[2025-02-14T22:07:47.567+0600] {processor.py:186} INFO - Started process (PID=579178) to work on /home/shamim/airflow_git/Airflow_project/air_venv/lib/python3.12/site-packages/airflow/example_dags/example_python_decorator.py
[2025-02-14T22:07:47.569+0600] {processor.py:914} INFO - Processing file /home/shamim/airflow_git/Airflow_project/air_venv/lib/python3.12/site-packages/airflow/example_dags/example_python_decorator.py for tasks to queue
[2025-02-14T22:07:47.570+0600] {logging_mixin.py:190} INFO - [2025-02-14T22:07:47.569+0600] {dagbag.py:588} INFO - Filling up the DagBag from /home/shamim/airflow_git/Airflow_project/air_venv/lib/python3.12/site-packages/airflow/example_dags/example_python_decorator.py
[2025-02-14T22:07:47.584+0600] {logging_mixin.py:190} INFO - [2025-02-14T22:07:47.584+0600] {example_python_decorator.py:80} WARNING - The virtalenv_python example task requires virtualenv, please install it.
[2025-02-14T22:07:47.588+0600] {processor.py:925} INFO - DAG(s) 'example_python_decorator' retrieved from /home/shamim/airflow_git/Airflow_project/air_venv/lib/python3.12/site-packages/airflow/example_dags/example_python_decorator.py
[2025-02-14T22:07:47.636+0600] {logging_mixin.py:190} INFO - [2025-02-14T22:07:47.636+0600] {dag.py:3239} INFO - Sync 1 DAGs
[2025-02-14T22:07:47.660+0600] {logging_mixin.py:190} INFO - [2025-02-14T22:07:47.659+0600] {dag.py:4180} INFO - Setting next_dagrun for example_python_decorator to None, run_after=None
[2025-02-14T22:07:47.683+0600] {processor.py:208} INFO - Processing /home/shamim/airflow_git/Airflow_project/air_venv/lib/python3.12/site-packages/airflow/example_dags/example_python_decorator.py took 0.125 seconds
[2025-02-14T22:08:18.317+0600] {processor.py:186} INFO - Started process (PID=579635) to work on /home/shamim/airflow_git/Airflow_project/air_venv/lib/python3.12/site-packages/airflow/example_dags/example_python_decorator.py
[2025-02-14T22:08:18.318+0600] {processor.py:914} INFO - Processing file /home/shamim/airflow_git/Airflow_project/air_venv/lib/python3.12/site-packages/airflow/example_dags/example_python_decorator.py for tasks to queue
[2025-02-14T22:08:18.319+0600] {logging_mixin.py:190} INFO - [2025-02-14T22:08:18.319+0600] {dagbag.py:588} INFO - Filling up the DagBag from /home/shamim/airflow_git/Airflow_project/air_venv/lib/python3.12/site-packages/airflow/example_dags/example_python_decorator.py
[2025-02-14T22:08:18.332+0600] {logging_mixin.py:190} INFO - [2025-02-14T22:08:18.332+0600] {example_python_decorator.py:80} WARNING - The virtalenv_python example task requires virtualenv, please install it.
[2025-02-14T22:08:18.336+0600] {processor.py:925} INFO - DAG(s) 'example_python_decorator' retrieved from /home/shamim/airflow_git/Airflow_project/air_venv/lib/python3.12/site-packages/airflow/example_dags/example_python_decorator.py
[2025-02-14T22:08:18.382+0600] {logging_mixin.py:190} INFO - [2025-02-14T22:08:18.381+0600] {dag.py:3239} INFO - Sync 1 DAGs
[2025-02-14T22:08:18.409+0600] {logging_mixin.py:190} INFO - [2025-02-14T22:08:18.409+0600] {dag.py:4180} INFO - Setting next_dagrun for example_python_decorator to None, run_after=None
[2025-02-14T22:08:18.439+0600] {processor.py:208} INFO - Processing /home/shamim/airflow_git/Airflow_project/air_venv/lib/python3.12/site-packages/airflow/example_dags/example_python_decorator.py took 0.132 seconds
[2025-02-14T22:08:49.883+0600] {processor.py:186} INFO - Started process (PID=580113) to work on /home/shamim/airflow_git/Airflow_project/air_venv/lib/python3.12/site-packages/airflow/example_dags/example_python_decorator.py
[2025-02-14T22:08:49.899+0600] {processor.py:914} INFO - Processing file /home/shamim/airflow_git/Airflow_project/air_venv/lib/python3.12/site-packages/airflow/example_dags/example_python_decorator.py for tasks to queue
[2025-02-14T22:08:49.902+0600] {logging_mixin.py:190} INFO - [2025-02-14T22:08:49.901+0600] {dagbag.py:588} INFO - Filling up the DagBag from /home/shamim/airflow_git/Airflow_project/air_venv/lib/python3.12/site-packages/airflow/example_dags/example_python_decorator.py
[2025-02-14T22:08:49.932+0600] {logging_mixin.py:190} INFO - [2025-02-14T22:08:49.931+0600] {example_python_decorator.py:80} WARNING - The virtalenv_python example task requires virtualenv, please install it.
[2025-02-14T22:08:49.940+0600] {processor.py:925} INFO - DAG(s) 'example_python_decorator' retrieved from /home/shamim/airflow_git/Airflow_project/air_venv/lib/python3.12/site-packages/airflow/example_dags/example_python_decorator.py
[2025-02-14T22:08:50.049+0600] {logging_mixin.py:190} INFO - [2025-02-14T22:08:50.049+0600] {dag.py:3239} INFO - Sync 1 DAGs
[2025-02-14T22:08:50.097+0600] {logging_mixin.py:190} INFO - [2025-02-14T22:08:50.096+0600] {dag.py:4180} INFO - Setting next_dagrun for example_python_decorator to None, run_after=None
[2025-02-14T22:08:50.181+0600] {processor.py:208} INFO - Processing /home/shamim/airflow_git/Airflow_project/air_venv/lib/python3.12/site-packages/airflow/example_dags/example_python_decorator.py took 0.335 seconds
[2025-02-14T22:09:20.838+0600] {processor.py:186} INFO - Started process (PID=580540) to work on /home/shamim/airflow_git/Airflow_project/air_venv/lib/python3.12/site-packages/airflow/example_dags/example_python_decorator.py
[2025-02-14T22:09:20.842+0600] {processor.py:914} INFO - Processing file /home/shamim/airflow_git/Airflow_project/air_venv/lib/python3.12/site-packages/airflow/example_dags/example_python_decorator.py for tasks to queue
[2025-02-14T22:09:20.843+0600] {logging_mixin.py:190} INFO - [2025-02-14T22:09:20.843+0600] {dagbag.py:588} INFO - Filling up the DagBag from /home/shamim/airflow_git/Airflow_project/air_venv/lib/python3.12/site-packages/airflow/example_dags/example_python_decorator.py
[2025-02-14T22:09:20.859+0600] {logging_mixin.py:190} INFO - [2025-02-14T22:09:20.858+0600] {example_python_decorator.py:80} WARNING - The virtalenv_python example task requires virtualenv, please install it.
[2025-02-14T22:09:20.863+0600] {processor.py:925} INFO - DAG(s) 'example_python_decorator' retrieved from /home/shamim/airflow_git/Airflow_project/air_venv/lib/python3.12/site-packages/airflow/example_dags/example_python_decorator.py
[2025-02-14T22:09:20.926+0600] {logging_mixin.py:190} INFO - [2025-02-14T22:09:20.925+0600] {dag.py:3239} INFO - Sync 1 DAGs
[2025-02-14T22:09:20.951+0600] {logging_mixin.py:190} INFO - [2025-02-14T22:09:20.951+0600] {dag.py:4180} INFO - Setting next_dagrun for example_python_decorator to None, run_after=None
[2025-02-14T22:09:20.980+0600] {processor.py:208} INFO - Processing /home/shamim/airflow_git/Airflow_project/air_venv/lib/python3.12/site-packages/airflow/example_dags/example_python_decorator.py took 0.163 seconds
[2025-02-14T22:09:51.406+0600] {processor.py:186} INFO - Started process (PID=581069) to work on /home/shamim/airflow_git/Airflow_project/air_venv/lib/python3.12/site-packages/airflow/example_dags/example_python_decorator.py
[2025-02-14T22:09:51.408+0600] {processor.py:914} INFO - Processing file /home/shamim/airflow_git/Airflow_project/air_venv/lib/python3.12/site-packages/airflow/example_dags/example_python_decorator.py for tasks to queue
[2025-02-14T22:09:51.410+0600] {logging_mixin.py:190} INFO - [2025-02-14T22:09:51.410+0600] {dagbag.py:588} INFO - Filling up the DagBag from /home/shamim/airflow_git/Airflow_project/air_venv/lib/python3.12/site-packages/airflow/example_dags/example_python_decorator.py
[2025-02-14T22:09:51.426+0600] {logging_mixin.py:190} INFO - [2025-02-14T22:09:51.426+0600] {example_python_decorator.py:80} WARNING - The virtalenv_python example task requires virtualenv, please install it.
[2025-02-14T22:09:51.429+0600] {processor.py:925} INFO - DAG(s) 'example_python_decorator' retrieved from /home/shamim/airflow_git/Airflow_project/air_venv/lib/python3.12/site-packages/airflow/example_dags/example_python_decorator.py
[2025-02-14T22:09:51.487+0600] {logging_mixin.py:190} INFO - [2025-02-14T22:09:51.487+0600] {dag.py:3239} INFO - Sync 1 DAGs
[2025-02-14T22:09:51.517+0600] {logging_mixin.py:190} INFO - [2025-02-14T22:09:51.517+0600] {dag.py:4180} INFO - Setting next_dagrun for example_python_decorator to None, run_after=None
[2025-02-14T22:09:51.545+0600] {processor.py:208} INFO - Processing /home/shamim/airflow_git/Airflow_project/air_venv/lib/python3.12/site-packages/airflow/example_dags/example_python_decorator.py took 0.150 seconds
