[2025-02-14T21:56:28.399+0600] {processor.py:186} INFO - Started process (PID=572711) to work on /home/shamim/airflow_git/Airflow_project/air_venv/lib/python3.12/site-packages/airflow/example_dags/example_complex.py
[2025-02-14T21:56:28.401+0600] {processor.py:914} INFO - Processing file /home/shamim/airflow_git/Airflow_project/air_venv/lib/python3.12/site-packages/airflow/example_dags/example_complex.py for tasks to queue
[2025-02-14T21:56:28.403+0600] {logging_mixin.py:190} INFO - [2025-02-14T21:56:28.402+0600] {dagbag.py:588} INFO - Filling up the DagBag from /home/shamim/airflow_git/Airflow_project/air_venv/lib/python3.12/site-packages/airflow/example_dags/example_complex.py
[2025-02-14T21:56:28.446+0600] {processor.py:925} INFO - DAG(s) 'example_complex' retrieved from /home/shamim/airflow_git/Airflow_project/air_venv/lib/python3.12/site-packages/airflow/example_dags/example_complex.py
[2025-02-14T21:56:28.756+0600] {logging_mixin.py:190} INFO - [2025-02-14T21:56:28.756+0600] {dag.py:3239} INFO - Sync 1 DAGs
[2025-02-14T21:56:28.782+0600] {logging_mixin.py:190} INFO - [2025-02-14T21:56:28.782+0600] {dag.py:4180} INFO - Setting next_dagrun for example_complex to None, run_after=None
[2025-02-14T21:56:28.820+0600] {processor.py:208} INFO - Processing /home/shamim/airflow_git/Airflow_project/air_venv/lib/python3.12/site-packages/airflow/example_dags/example_complex.py took 0.441 seconds
[2025-02-14T21:56:58.873+0600] {processor.py:186} INFO - Started process (PID=573121) to work on /home/shamim/airflow_git/Airflow_project/air_venv/lib/python3.12/site-packages/airflow/example_dags/example_complex.py
[2025-02-14T21:56:58.874+0600] {processor.py:914} INFO - Processing file /home/shamim/airflow_git/Airflow_project/air_venv/lib/python3.12/site-packages/airflow/example_dags/example_complex.py for tasks to queue
[2025-02-14T21:56:58.876+0600] {logging_mixin.py:190} INFO - [2025-02-14T21:56:58.875+0600] {dagbag.py:588} INFO - Filling up the DagBag from /home/shamim/airflow_git/Airflow_project/air_venv/lib/python3.12/site-packages/airflow/example_dags/example_complex.py
[2025-02-14T21:56:58.891+0600] {processor.py:925} INFO - DAG(s) 'example_complex' retrieved from /home/shamim/airflow_git/Airflow_project/air_venv/lib/python3.12/site-packages/airflow/example_dags/example_complex.py
[2025-02-14T21:56:58.942+0600] {logging_mixin.py:190} INFO - [2025-02-14T21:56:58.941+0600] {dag.py:3239} INFO - Sync 1 DAGs
[2025-02-14T21:56:58.961+0600] {logging_mixin.py:190} INFO - [2025-02-14T21:56:58.961+0600] {dag.py:4180} INFO - Setting next_dagrun for example_complex to None, run_after=None
[2025-02-14T21:56:58.988+0600] {processor.py:208} INFO - Processing /home/shamim/airflow_git/Airflow_project/air_venv/lib/python3.12/site-packages/airflow/example_dags/example_complex.py took 0.125 seconds
[2025-02-14T21:57:29.886+0600] {processor.py:186} INFO - Started process (PID=573535) to work on /home/shamim/airflow_git/Airflow_project/air_venv/lib/python3.12/site-packages/airflow/example_dags/example_complex.py
[2025-02-14T21:57:29.887+0600] {processor.py:914} INFO - Processing file /home/shamim/airflow_git/Airflow_project/air_venv/lib/python3.12/site-packages/airflow/example_dags/example_complex.py for tasks to queue
[2025-02-14T21:57:29.889+0600] {logging_mixin.py:190} INFO - [2025-02-14T21:57:29.888+0600] {dagbag.py:588} INFO - Filling up the DagBag from /home/shamim/airflow_git/Airflow_project/air_venv/lib/python3.12/site-packages/airflow/example_dags/example_complex.py
[2025-02-14T21:57:29.911+0600] {processor.py:925} INFO - DAG(s) 'example_complex' retrieved from /home/shamim/airflow_git/Airflow_project/air_venv/lib/python3.12/site-packages/airflow/example_dags/example_complex.py
[2025-02-14T21:57:29.973+0600] {logging_mixin.py:190} INFO - [2025-02-14T21:57:29.973+0600] {dag.py:3239} INFO - Sync 1 DAGs
[2025-02-14T21:57:29.996+0600] {logging_mixin.py:190} INFO - [2025-02-14T21:57:29.996+0600] {dag.py:4180} INFO - Setting next_dagrun for example_complex to None, run_after=None
[2025-02-14T21:57:30.023+0600] {processor.py:208} INFO - Processing /home/shamim/airflow_git/Airflow_project/air_venv/lib/python3.12/site-packages/airflow/example_dags/example_complex.py took 0.152 seconds
[2025-02-14T22:02:36.125+0600] {processor.py:186} INFO - Started process (PID=574386) to work on /home/shamim/airflow_git/Airflow_project/air_venv/lib/python3.12/site-packages/airflow/example_dags/example_complex.py
[2025-02-14T22:02:36.128+0600] {processor.py:914} INFO - Processing file /home/shamim/airflow_git/Airflow_project/air_venv/lib/python3.12/site-packages/airflow/example_dags/example_complex.py for tasks to queue
[2025-02-14T22:02:36.131+0600] {logging_mixin.py:190} INFO - [2025-02-14T22:02:36.131+0600] {dagbag.py:588} INFO - Filling up the DagBag from /home/shamim/airflow_git/Airflow_project/air_venv/lib/python3.12/site-packages/airflow/example_dags/example_complex.py
[2025-02-14T22:02:36.148+0600] {processor.py:925} INFO - DAG(s) 'example_complex' retrieved from /home/shamim/airflow_git/Airflow_project/air_venv/lib/python3.12/site-packages/airflow/example_dags/example_complex.py
[2025-02-14T22:02:36.203+0600] {logging_mixin.py:190} INFO - [2025-02-14T22:02:36.203+0600] {dag.py:3239} INFO - Sync 1 DAGs
[2025-02-14T22:02:36.227+0600] {logging_mixin.py:190} INFO - [2025-02-14T22:02:36.227+0600] {dag.py:4180} INFO - Setting next_dagrun for example_complex to None, run_after=None
[2025-02-14T22:02:36.253+0600] {processor.py:208} INFO - Processing /home/shamim/airflow_git/Airflow_project/air_venv/lib/python3.12/site-packages/airflow/example_dags/example_complex.py took 0.137 seconds
[2025-02-14T22:03:07.623+0600] {processor.py:186} INFO - Started process (PID=574843) to work on /home/shamim/airflow_git/Airflow_project/air_venv/lib/python3.12/site-packages/airflow/example_dags/example_complex.py
[2025-02-14T22:03:07.624+0600] {processor.py:914} INFO - Processing file /home/shamim/airflow_git/Airflow_project/air_venv/lib/python3.12/site-packages/airflow/example_dags/example_complex.py for tasks to queue
[2025-02-14T22:03:07.627+0600] {logging_mixin.py:190} INFO - [2025-02-14T22:03:07.626+0600] {dagbag.py:588} INFO - Filling up the DagBag from /home/shamim/airflow_git/Airflow_project/air_venv/lib/python3.12/site-packages/airflow/example_dags/example_complex.py
[2025-02-14T22:03:07.647+0600] {processor.py:925} INFO - DAG(s) 'example_complex' retrieved from /home/shamim/airflow_git/Airflow_project/air_venv/lib/python3.12/site-packages/airflow/example_dags/example_complex.py
[2025-02-14T22:03:07.714+0600] {logging_mixin.py:190} INFO - [2025-02-14T22:03:07.714+0600] {dag.py:3239} INFO - Sync 1 DAGs
[2025-02-14T22:03:07.735+0600] {logging_mixin.py:190} INFO - [2025-02-14T22:03:07.734+0600] {dag.py:4180} INFO - Setting next_dagrun for example_complex to None, run_after=None
[2025-02-14T22:03:07.762+0600] {processor.py:208} INFO - Processing /home/shamim/airflow_git/Airflow_project/air_venv/lib/python3.12/site-packages/airflow/example_dags/example_complex.py took 0.149 seconds
[2025-02-14T22:03:38.615+0600] {processor.py:186} INFO - Started process (PID=575258) to work on /home/shamim/airflow_git/Airflow_project/air_venv/lib/python3.12/site-packages/airflow/example_dags/example_complex.py
[2025-02-14T22:03:38.617+0600] {processor.py:914} INFO - Processing file /home/shamim/airflow_git/Airflow_project/air_venv/lib/python3.12/site-packages/airflow/example_dags/example_complex.py for tasks to queue
[2025-02-14T22:03:38.620+0600] {logging_mixin.py:190} INFO - [2025-02-14T22:03:38.620+0600] {dagbag.py:588} INFO - Filling up the DagBag from /home/shamim/airflow_git/Airflow_project/air_venv/lib/python3.12/site-packages/airflow/example_dags/example_complex.py
[2025-02-14T22:03:38.647+0600] {processor.py:925} INFO - DAG(s) 'example_complex' retrieved from /home/shamim/airflow_git/Airflow_project/air_venv/lib/python3.12/site-packages/airflow/example_dags/example_complex.py
[2025-02-14T22:03:38.721+0600] {logging_mixin.py:190} INFO - [2025-02-14T22:03:38.720+0600] {dag.py:3239} INFO - Sync 1 DAGs
[2025-02-14T22:03:38.743+0600] {logging_mixin.py:190} INFO - [2025-02-14T22:03:38.743+0600] {dag.py:4180} INFO - Setting next_dagrun for example_complex to None, run_after=None
[2025-02-14T22:03:38.775+0600] {processor.py:208} INFO - Processing /home/shamim/airflow_git/Airflow_project/air_venv/lib/python3.12/site-packages/airflow/example_dags/example_complex.py took 0.170 seconds
[2025-02-14T22:04:10.391+0600] {processor.py:186} INFO - Started process (PID=575680) to work on /home/shamim/airflow_git/Airflow_project/air_venv/lib/python3.12/site-packages/airflow/example_dags/example_complex.py
[2025-02-14T22:04:10.392+0600] {processor.py:914} INFO - Processing file /home/shamim/airflow_git/Airflow_project/air_venv/lib/python3.12/site-packages/airflow/example_dags/example_complex.py for tasks to queue
[2025-02-14T22:04:10.395+0600] {logging_mixin.py:190} INFO - [2025-02-14T22:04:10.394+0600] {dagbag.py:588} INFO - Filling up the DagBag from /home/shamim/airflow_git/Airflow_project/air_venv/lib/python3.12/site-packages/airflow/example_dags/example_complex.py
[2025-02-14T22:04:10.411+0600] {processor.py:925} INFO - DAG(s) 'example_complex' retrieved from /home/shamim/airflow_git/Airflow_project/air_venv/lib/python3.12/site-packages/airflow/example_dags/example_complex.py
[2025-02-14T22:04:10.477+0600] {logging_mixin.py:190} INFO - [2025-02-14T22:04:10.477+0600] {dag.py:3239} INFO - Sync 1 DAGs
[2025-02-14T22:04:10.496+0600] {logging_mixin.py:190} INFO - [2025-02-14T22:04:10.496+0600] {dag.py:4180} INFO - Setting next_dagrun for example_complex to None, run_after=None
[2025-02-14T22:04:10.525+0600] {processor.py:208} INFO - Processing /home/shamim/airflow_git/Airflow_project/air_venv/lib/python3.12/site-packages/airflow/example_dags/example_complex.py took 0.144 seconds
[2025-02-14T22:04:42.072+0600] {processor.py:186} INFO - Started process (PID=576102) to work on /home/shamim/airflow_git/Airflow_project/air_venv/lib/python3.12/site-packages/airflow/example_dags/example_complex.py
[2025-02-14T22:04:42.073+0600] {processor.py:914} INFO - Processing file /home/shamim/airflow_git/Airflow_project/air_venv/lib/python3.12/site-packages/airflow/example_dags/example_complex.py for tasks to queue
[2025-02-14T22:04:42.076+0600] {logging_mixin.py:190} INFO - [2025-02-14T22:04:42.076+0600] {dagbag.py:588} INFO - Filling up the DagBag from /home/shamim/airflow_git/Airflow_project/air_venv/lib/python3.12/site-packages/airflow/example_dags/example_complex.py
[2025-02-14T22:04:42.095+0600] {processor.py:925} INFO - DAG(s) 'example_complex' retrieved from /home/shamim/airflow_git/Airflow_project/air_venv/lib/python3.12/site-packages/airflow/example_dags/example_complex.py
[2025-02-14T22:04:42.153+0600] {logging_mixin.py:190} INFO - [2025-02-14T22:04:42.153+0600] {dag.py:3239} INFO - Sync 1 DAGs
[2025-02-14T22:04:42.172+0600] {logging_mixin.py:190} INFO - [2025-02-14T22:04:42.171+0600] {dag.py:4180} INFO - Setting next_dagrun for example_complex to None, run_after=None
[2025-02-14T22:04:42.195+0600] {processor.py:208} INFO - Processing /home/shamim/airflow_git/Airflow_project/air_venv/lib/python3.12/site-packages/airflow/example_dags/example_complex.py took 0.131 seconds
[2025-02-14T22:05:17.443+0600] {processor.py:186} INFO - Started process (PID=576681) to work on /home/shamim/airflow_git/Airflow_project/air_venv/lib/python3.12/site-packages/airflow/example_dags/example_complex.py
[2025-02-14T22:05:17.446+0600] {processor.py:914} INFO - Processing file /home/shamim/airflow_git/Airflow_project/air_venv/lib/python3.12/site-packages/airflow/example_dags/example_complex.py for tasks to queue
[2025-02-14T22:05:17.452+0600] {logging_mixin.py:190} INFO - [2025-02-14T22:05:17.451+0600] {dagbag.py:588} INFO - Filling up the DagBag from /home/shamim/airflow_git/Airflow_project/air_venv/lib/python3.12/site-packages/airflow/example_dags/example_complex.py
[2025-02-14T22:05:17.557+0600] {processor.py:925} INFO - DAG(s) 'example_complex' retrieved from /home/shamim/airflow_git/Airflow_project/air_venv/lib/python3.12/site-packages/airflow/example_dags/example_complex.py
[2025-02-14T22:05:17.667+0600] {logging_mixin.py:190} INFO - [2025-02-14T22:05:17.666+0600] {dag.py:3239} INFO - Sync 1 DAGs
[2025-02-14T22:05:17.706+0600] {logging_mixin.py:190} INFO - [2025-02-14T22:05:17.706+0600] {dag.py:4180} INFO - Setting next_dagrun for example_complex to None, run_after=None
[2025-02-14T22:05:17.764+0600] {processor.py:208} INFO - Processing /home/shamim/airflow_git/Airflow_project/air_venv/lib/python3.12/site-packages/airflow/example_dags/example_complex.py took 0.344 seconds
[2025-02-14T22:05:55.160+0600] {processor.py:186} INFO - Started process (PID=577352) to work on /home/shamim/airflow_git/Airflow_project/air_venv/lib/python3.12/site-packages/airflow/example_dags/example_complex.py
[2025-02-14T22:05:55.167+0600] {processor.py:914} INFO - Processing file /home/shamim/airflow_git/Airflow_project/air_venv/lib/python3.12/site-packages/airflow/example_dags/example_complex.py for tasks to queue
[2025-02-14T22:05:55.175+0600] {logging_mixin.py:190} INFO - [2025-02-14T22:05:55.174+0600] {dagbag.py:588} INFO - Filling up the DagBag from /home/shamim/airflow_git/Airflow_project/air_venv/lib/python3.12/site-packages/airflow/example_dags/example_complex.py
[2025-02-14T22:05:55.288+0600] {processor.py:925} INFO - DAG(s) 'example_complex' retrieved from /home/shamim/airflow_git/Airflow_project/air_venv/lib/python3.12/site-packages/airflow/example_dags/example_complex.py
[2025-02-14T22:05:55.430+0600] {logging_mixin.py:190} INFO - [2025-02-14T22:05:55.430+0600] {dag.py:3239} INFO - Sync 1 DAGs
[2025-02-14T22:05:55.464+0600] {logging_mixin.py:190} INFO - [2025-02-14T22:05:55.463+0600] {dag.py:4180} INFO - Setting next_dagrun for example_complex to None, run_after=None
[2025-02-14T22:05:55.502+0600] {processor.py:208} INFO - Processing /home/shamim/airflow_git/Airflow_project/air_venv/lib/python3.12/site-packages/airflow/example_dags/example_complex.py took 0.365 seconds
[2025-02-14T22:06:26.591+0600] {processor.py:186} INFO - Started process (PID=577900) to work on /home/shamim/airflow_git/Airflow_project/air_venv/lib/python3.12/site-packages/airflow/example_dags/example_complex.py
[2025-02-14T22:06:26.593+0600] {processor.py:914} INFO - Processing file /home/shamim/airflow_git/Airflow_project/air_venv/lib/python3.12/site-packages/airflow/example_dags/example_complex.py for tasks to queue
[2025-02-14T22:06:26.598+0600] {logging_mixin.py:190} INFO - [2025-02-14T22:06:26.597+0600] {dagbag.py:588} INFO - Filling up the DagBag from /home/shamim/airflow_git/Airflow_project/air_venv/lib/python3.12/site-packages/airflow/example_dags/example_complex.py
[2025-02-14T22:06:26.636+0600] {processor.py:925} INFO - DAG(s) 'example_complex' retrieved from /home/shamim/airflow_git/Airflow_project/air_venv/lib/python3.12/site-packages/airflow/example_dags/example_complex.py
[2025-02-14T22:06:26.762+0600] {logging_mixin.py:190} INFO - [2025-02-14T22:06:26.762+0600] {dag.py:3239} INFO - Sync 1 DAGs
[2025-02-14T22:06:26.804+0600] {logging_mixin.py:190} INFO - [2025-02-14T22:06:26.804+0600] {dag.py:4180} INFO - Setting next_dagrun for example_complex to None, run_after=None
[2025-02-14T22:06:26.864+0600] {processor.py:208} INFO - Processing /home/shamim/airflow_git/Airflow_project/air_venv/lib/python3.12/site-packages/airflow/example_dags/example_complex.py took 0.291 seconds
[2025-02-14T22:06:58.010+0600] {processor.py:186} INFO - Started process (PID=578336) to work on /home/shamim/airflow_git/Airflow_project/air_venv/lib/python3.12/site-packages/airflow/example_dags/example_complex.py
[2025-02-14T22:06:58.012+0600] {processor.py:914} INFO - Processing file /home/shamim/airflow_git/Airflow_project/air_venv/lib/python3.12/site-packages/airflow/example_dags/example_complex.py for tasks to queue
[2025-02-14T22:06:58.015+0600] {logging_mixin.py:190} INFO - [2025-02-14T22:06:58.015+0600] {dagbag.py:588} INFO - Filling up the DagBag from /home/shamim/airflow_git/Airflow_project/air_venv/lib/python3.12/site-packages/airflow/example_dags/example_complex.py
[2025-02-14T22:06:58.033+0600] {processor.py:925} INFO - DAG(s) 'example_complex' retrieved from /home/shamim/airflow_git/Airflow_project/air_venv/lib/python3.12/site-packages/airflow/example_dags/example_complex.py
[2025-02-14T22:06:58.095+0600] {logging_mixin.py:190} INFO - [2025-02-14T22:06:58.095+0600] {dag.py:3239} INFO - Sync 1 DAGs
[2025-02-14T22:06:58.116+0600] {logging_mixin.py:190} INFO - [2025-02-14T22:06:58.116+0600] {dag.py:4180} INFO - Setting next_dagrun for example_complex to None, run_after=None
[2025-02-14T22:06:58.141+0600] {processor.py:208} INFO - Processing /home/shamim/airflow_git/Airflow_project/air_venv/lib/python3.12/site-packages/airflow/example_dags/example_complex.py took 0.139 seconds
[2025-02-14T22:07:29.870+0600] {processor.py:186} INFO - Started process (PID=578814) to work on /home/shamim/airflow_git/Airflow_project/air_venv/lib/python3.12/site-packages/airflow/example_dags/example_complex.py
[2025-02-14T22:07:29.871+0600] {processor.py:914} INFO - Processing file /home/shamim/airflow_git/Airflow_project/air_venv/lib/python3.12/site-packages/airflow/example_dags/example_complex.py for tasks to queue
[2025-02-14T22:07:29.875+0600] {logging_mixin.py:190} INFO - [2025-02-14T22:07:29.875+0600] {dagbag.py:588} INFO - Filling up the DagBag from /home/shamim/airflow_git/Airflow_project/air_venv/lib/python3.12/site-packages/airflow/example_dags/example_complex.py
[2025-02-14T22:07:29.900+0600] {processor.py:925} INFO - DAG(s) 'example_complex' retrieved from /home/shamim/airflow_git/Airflow_project/air_venv/lib/python3.12/site-packages/airflow/example_dags/example_complex.py
[2025-02-14T22:07:29.975+0600] {logging_mixin.py:190} INFO - [2025-02-14T22:07:29.974+0600] {dag.py:3239} INFO - Sync 1 DAGs
[2025-02-14T22:07:29.999+0600] {logging_mixin.py:190} INFO - [2025-02-14T22:07:29.998+0600] {dag.py:4180} INFO - Setting next_dagrun for example_complex to None, run_after=None
[2025-02-14T22:07:30.024+0600] {processor.py:208} INFO - Processing /home/shamim/airflow_git/Airflow_project/air_venv/lib/python3.12/site-packages/airflow/example_dags/example_complex.py took 0.164 seconds
[2025-02-14T22:08:01.463+0600] {processor.py:186} INFO - Started process (PID=579369) to work on /home/shamim/airflow_git/Airflow_project/air_venv/lib/python3.12/site-packages/airflow/example_dags/example_complex.py
[2025-02-14T22:08:01.466+0600] {processor.py:914} INFO - Processing file /home/shamim/airflow_git/Airflow_project/air_venv/lib/python3.12/site-packages/airflow/example_dags/example_complex.py for tasks to queue
[2025-02-14T22:08:01.469+0600] {logging_mixin.py:190} INFO - [2025-02-14T22:08:01.468+0600] {dagbag.py:588} INFO - Filling up the DagBag from /home/shamim/airflow_git/Airflow_project/air_venv/lib/python3.12/site-packages/airflow/example_dags/example_complex.py
[2025-02-14T22:08:01.506+0600] {processor.py:925} INFO - DAG(s) 'example_complex' retrieved from /home/shamim/airflow_git/Airflow_project/air_venv/lib/python3.12/site-packages/airflow/example_dags/example_complex.py
[2025-02-14T22:08:01.597+0600] {logging_mixin.py:190} INFO - [2025-02-14T22:08:01.597+0600] {dag.py:3239} INFO - Sync 1 DAGs
[2025-02-14T22:08:01.622+0600] {logging_mixin.py:190} INFO - [2025-02-14T22:08:01.622+0600] {dag.py:4180} INFO - Setting next_dagrun for example_complex to None, run_after=None
[2025-02-14T22:08:01.652+0600] {processor.py:208} INFO - Processing /home/shamim/airflow_git/Airflow_project/air_venv/lib/python3.12/site-packages/airflow/example_dags/example_complex.py took 0.202 seconds
[2025-02-14T22:08:34.068+0600] {processor.py:186} INFO - Started process (PID=579830) to work on /home/shamim/airflow_git/Airflow_project/air_venv/lib/python3.12/site-packages/airflow/example_dags/example_complex.py
[2025-02-14T22:08:34.075+0600] {processor.py:914} INFO - Processing file /home/shamim/airflow_git/Airflow_project/air_venv/lib/python3.12/site-packages/airflow/example_dags/example_complex.py for tasks to queue
[2025-02-14T22:08:34.080+0600] {logging_mixin.py:190} INFO - [2025-02-14T22:08:34.078+0600] {dagbag.py:588} INFO - Filling up the DagBag from /home/shamim/airflow_git/Airflow_project/air_venv/lib/python3.12/site-packages/airflow/example_dags/example_complex.py
[2025-02-14T22:08:34.122+0600] {processor.py:925} INFO - DAG(s) 'example_complex' retrieved from /home/shamim/airflow_git/Airflow_project/air_venv/lib/python3.12/site-packages/airflow/example_dags/example_complex.py
[2025-02-14T22:08:34.253+0600] {logging_mixin.py:190} INFO - [2025-02-14T22:08:34.252+0600] {dag.py:3239} INFO - Sync 1 DAGs
[2025-02-14T22:08:34.305+0600] {logging_mixin.py:190} INFO - [2025-02-14T22:08:34.305+0600] {dag.py:4180} INFO - Setting next_dagrun for example_complex to None, run_after=None
[2025-02-14T22:08:34.371+0600] {processor.py:208} INFO - Processing /home/shamim/airflow_git/Airflow_project/air_venv/lib/python3.12/site-packages/airflow/example_dags/example_complex.py took 0.349 seconds
[2025-02-14T22:09:04.838+0600] {processor.py:186} INFO - Started process (PID=580251) to work on /home/shamim/airflow_git/Airflow_project/air_venv/lib/python3.12/site-packages/airflow/example_dags/example_complex.py
[2025-02-14T22:09:04.840+0600] {processor.py:914} INFO - Processing file /home/shamim/airflow_git/Airflow_project/air_venv/lib/python3.12/site-packages/airflow/example_dags/example_complex.py for tasks to queue
[2025-02-14T22:09:04.842+0600] {logging_mixin.py:190} INFO - [2025-02-14T22:09:04.841+0600] {dagbag.py:588} INFO - Filling up the DagBag from /home/shamim/airflow_git/Airflow_project/air_venv/lib/python3.12/site-packages/airflow/example_dags/example_complex.py
[2025-02-14T22:09:04.865+0600] {processor.py:925} INFO - DAG(s) 'example_complex' retrieved from /home/shamim/airflow_git/Airflow_project/air_venv/lib/python3.12/site-packages/airflow/example_dags/example_complex.py
[2025-02-14T22:09:04.936+0600] {logging_mixin.py:190} INFO - [2025-02-14T22:09:04.935+0600] {dag.py:3239} INFO - Sync 1 DAGs
[2025-02-14T22:09:04.961+0600] {logging_mixin.py:190} INFO - [2025-02-14T22:09:04.960+0600] {dag.py:4180} INFO - Setting next_dagrun for example_complex to None, run_after=None
[2025-02-14T22:09:04.991+0600] {processor.py:208} INFO - Processing /home/shamim/airflow_git/Airflow_project/air_venv/lib/python3.12/site-packages/airflow/example_dags/example_complex.py took 0.164 seconds
[2025-02-14T22:09:36.383+0600] {processor.py:186} INFO - Started process (PID=580798) to work on /home/shamim/airflow_git/Airflow_project/air_venv/lib/python3.12/site-packages/airflow/example_dags/example_complex.py
[2025-02-14T22:09:36.386+0600] {processor.py:914} INFO - Processing file /home/shamim/airflow_git/Airflow_project/air_venv/lib/python3.12/site-packages/airflow/example_dags/example_complex.py for tasks to queue
[2025-02-14T22:09:36.390+0600] {logging_mixin.py:190} INFO - [2025-02-14T22:09:36.389+0600] {dagbag.py:588} INFO - Filling up the DagBag from /home/shamim/airflow_git/Airflow_project/air_venv/lib/python3.12/site-packages/airflow/example_dags/example_complex.py
[2025-02-14T22:09:36.440+0600] {processor.py:925} INFO - DAG(s) 'example_complex' retrieved from /home/shamim/airflow_git/Airflow_project/air_venv/lib/python3.12/site-packages/airflow/example_dags/example_complex.py
[2025-02-14T22:09:36.564+0600] {logging_mixin.py:190} INFO - [2025-02-14T22:09:36.563+0600] {dag.py:3239} INFO - Sync 1 DAGs
[2025-02-14T22:09:36.598+0600] {logging_mixin.py:190} INFO - [2025-02-14T22:09:36.597+0600] {dag.py:4180} INFO - Setting next_dagrun for example_complex to None, run_after=None
[2025-02-14T22:09:36.636+0600] {processor.py:208} INFO - Processing /home/shamim/airflow_git/Airflow_project/air_venv/lib/python3.12/site-packages/airflow/example_dags/example_complex.py took 0.270 seconds
[2025-02-14T22:10:06.834+0600] {processor.py:186} INFO - Started process (PID=581243) to work on /home/shamim/airflow_git/Airflow_project/air_venv/lib/python3.12/site-packages/airflow/example_dags/example_complex.py
[2025-02-14T22:10:06.836+0600] {processor.py:914} INFO - Processing file /home/shamim/airflow_git/Airflow_project/air_venv/lib/python3.12/site-packages/airflow/example_dags/example_complex.py for tasks to queue
[2025-02-14T22:10:06.838+0600] {logging_mixin.py:190} INFO - [2025-02-14T22:10:06.837+0600] {dagbag.py:588} INFO - Filling up the DagBag from /home/shamim/airflow_git/Airflow_project/air_venv/lib/python3.12/site-packages/airflow/example_dags/example_complex.py
[2025-02-14T22:10:06.864+0600] {processor.py:925} INFO - DAG(s) 'example_complex' retrieved from /home/shamim/airflow_git/Airflow_project/air_venv/lib/python3.12/site-packages/airflow/example_dags/example_complex.py
[2025-02-14T22:10:06.954+0600] {logging_mixin.py:190} INFO - [2025-02-14T22:10:06.954+0600] {dag.py:3239} INFO - Sync 1 DAGs
[2025-02-14T22:10:06.988+0600] {logging_mixin.py:190} INFO - [2025-02-14T22:10:06.987+0600] {dag.py:4180} INFO - Setting next_dagrun for example_complex to None, run_after=None
[2025-02-14T22:10:07.025+0600] {processor.py:208} INFO - Processing /home/shamim/airflow_git/Airflow_project/air_venv/lib/python3.12/site-packages/airflow/example_dags/example_complex.py took 0.202 seconds
