[2025-02-14T21:56:21.152+0600] {processor.py:186} INFO - Started process (PID=572578) to work on /home/shamim/airflow_git/Airflow_project/air_venv/lib/python3.12/site-packages/airflow/example_dags/example_short_circuit_decorator.py
[2025-02-14T21:56:21.154+0600] {processor.py:914} INFO - Processing file /home/shamim/airflow_git/Airflow_project/air_venv/lib/python3.12/site-packages/airflow/example_dags/example_short_circuit_decorator.py for tasks to queue
[2025-02-14T21:56:21.156+0600] {logging_mixin.py:190} INFO - [2025-02-14T21:56:21.156+0600] {dagbag.py:588} INFO - Filling up the DagBag from /home/shamim/airflow_git/Airflow_project/air_venv/lib/python3.12/site-packages/airflow/example_dags/example_short_circuit_decorator.py
[2025-02-14T21:56:21.185+0600] {processor.py:925} INFO - DAG(s) 'example_short_circuit_decorator' retrieved from /home/shamim/airflow_git/Airflow_project/air_venv/lib/python3.12/site-packages/airflow/example_dags/example_short_circuit_decorator.py
[2025-02-14T21:56:21.582+0600] {logging_mixin.py:190} INFO - [2025-02-14T21:56:21.582+0600] {dag.py:3239} INFO - Sync 1 DAGs
[2025-02-14T21:56:21.607+0600] {logging_mixin.py:190} INFO - [2025-02-14T21:56:21.607+0600] {dag.py:4180} INFO - Setting next_dagrun for example_short_circuit_decorator to None, run_after=None
[2025-02-14T21:56:21.642+0600] {processor.py:208} INFO - Processing /home/shamim/airflow_git/Airflow_project/air_venv/lib/python3.12/site-packages/airflow/example_dags/example_short_circuit_decorator.py took 0.519 seconds
[2025-02-14T21:56:52.065+0600] {processor.py:186} INFO - Started process (PID=572992) to work on /home/shamim/airflow_git/Airflow_project/air_venv/lib/python3.12/site-packages/airflow/example_dags/example_short_circuit_decorator.py
[2025-02-14T21:56:52.066+0600] {processor.py:914} INFO - Processing file /home/shamim/airflow_git/Airflow_project/air_venv/lib/python3.12/site-packages/airflow/example_dags/example_short_circuit_decorator.py for tasks to queue
[2025-02-14T21:56:52.068+0600] {logging_mixin.py:190} INFO - [2025-02-14T21:56:52.067+0600] {dagbag.py:588} INFO - Filling up the DagBag from /home/shamim/airflow_git/Airflow_project/air_venv/lib/python3.12/site-packages/airflow/example_dags/example_short_circuit_decorator.py
[2025-02-14T21:56:52.081+0600] {processor.py:925} INFO - DAG(s) 'example_short_circuit_decorator' retrieved from /home/shamim/airflow_git/Airflow_project/air_venv/lib/python3.12/site-packages/airflow/example_dags/example_short_circuit_decorator.py
[2025-02-14T21:56:52.127+0600] {logging_mixin.py:190} INFO - [2025-02-14T21:56:52.126+0600] {dag.py:3239} INFO - Sync 1 DAGs
[2025-02-14T21:56:52.149+0600] {logging_mixin.py:190} INFO - [2025-02-14T21:56:52.149+0600] {dag.py:4180} INFO - Setting next_dagrun for example_short_circuit_decorator to None, run_after=None
[2025-02-14T21:56:52.174+0600] {processor.py:208} INFO - Processing /home/shamim/airflow_git/Airflow_project/air_venv/lib/python3.12/site-packages/airflow/example_dags/example_short_circuit_decorator.py took 0.119 seconds
[2025-02-14T21:57:22.656+0600] {processor.py:186} INFO - Started process (PID=573400) to work on /home/shamim/airflow_git/Airflow_project/air_venv/lib/python3.12/site-packages/airflow/example_dags/example_short_circuit_decorator.py
[2025-02-14T21:57:22.657+0600] {processor.py:914} INFO - Processing file /home/shamim/airflow_git/Airflow_project/air_venv/lib/python3.12/site-packages/airflow/example_dags/example_short_circuit_decorator.py for tasks to queue
[2025-02-14T21:57:22.659+0600] {logging_mixin.py:190} INFO - [2025-02-14T21:57:22.658+0600] {dagbag.py:588} INFO - Filling up the DagBag from /home/shamim/airflow_git/Airflow_project/air_venv/lib/python3.12/site-packages/airflow/example_dags/example_short_circuit_decorator.py
[2025-02-14T21:57:22.672+0600] {processor.py:925} INFO - DAG(s) 'example_short_circuit_decorator' retrieved from /home/shamim/airflow_git/Airflow_project/air_venv/lib/python3.12/site-packages/airflow/example_dags/example_short_circuit_decorator.py
[2025-02-14T21:57:22.731+0600] {logging_mixin.py:190} INFO - [2025-02-14T21:57:22.731+0600] {dag.py:3239} INFO - Sync 1 DAGs
[2025-02-14T21:57:22.759+0600] {logging_mixin.py:190} INFO - [2025-02-14T21:57:22.758+0600] {dag.py:4180} INFO - Setting next_dagrun for example_short_circuit_decorator to None, run_after=None
[2025-02-14T21:57:22.787+0600] {processor.py:208} INFO - Processing /home/shamim/airflow_git/Airflow_project/air_venv/lib/python3.12/site-packages/airflow/example_dags/example_short_circuit_decorator.py took 0.141 seconds
[2025-02-14T22:02:33.088+0600] {processor.py:186} INFO - Started process (PID=574258) to work on /home/shamim/airflow_git/Airflow_project/air_venv/lib/python3.12/site-packages/airflow/example_dags/example_short_circuit_decorator.py
[2025-02-14T22:02:33.090+0600] {processor.py:914} INFO - Processing file /home/shamim/airflow_git/Airflow_project/air_venv/lib/python3.12/site-packages/airflow/example_dags/example_short_circuit_decorator.py for tasks to queue
[2025-02-14T22:02:33.092+0600] {logging_mixin.py:190} INFO - [2025-02-14T22:02:33.092+0600] {dagbag.py:588} INFO - Filling up the DagBag from /home/shamim/airflow_git/Airflow_project/air_venv/lib/python3.12/site-packages/airflow/example_dags/example_short_circuit_decorator.py
[2025-02-14T22:02:33.109+0600] {processor.py:925} INFO - DAG(s) 'example_short_circuit_decorator' retrieved from /home/shamim/airflow_git/Airflow_project/air_venv/lib/python3.12/site-packages/airflow/example_dags/example_short_circuit_decorator.py
[2025-02-14T22:02:33.160+0600] {logging_mixin.py:190} INFO - [2025-02-14T22:02:33.159+0600] {dag.py:3239} INFO - Sync 1 DAGs
[2025-02-14T22:02:33.184+0600] {logging_mixin.py:190} INFO - [2025-02-14T22:02:33.184+0600] {dag.py:4180} INFO - Setting next_dagrun for example_short_circuit_decorator to None, run_after=None
[2025-02-14T22:02:33.212+0600] {processor.py:208} INFO - Processing /home/shamim/airflow_git/Airflow_project/air_venv/lib/python3.12/site-packages/airflow/example_dags/example_short_circuit_decorator.py took 0.132 seconds
[2025-02-14T22:03:04.231+0600] {processor.py:186} INFO - Started process (PID=574713) to work on /home/shamim/airflow_git/Airflow_project/air_venv/lib/python3.12/site-packages/airflow/example_dags/example_short_circuit_decorator.py
[2025-02-14T22:03:04.233+0600] {processor.py:914} INFO - Processing file /home/shamim/airflow_git/Airflow_project/air_venv/lib/python3.12/site-packages/airflow/example_dags/example_short_circuit_decorator.py for tasks to queue
[2025-02-14T22:03:04.236+0600] {logging_mixin.py:190} INFO - [2025-02-14T22:03:04.236+0600] {dagbag.py:588} INFO - Filling up the DagBag from /home/shamim/airflow_git/Airflow_project/air_venv/lib/python3.12/site-packages/airflow/example_dags/example_short_circuit_decorator.py
[2025-02-14T22:03:04.253+0600] {processor.py:925} INFO - DAG(s) 'example_short_circuit_decorator' retrieved from /home/shamim/airflow_git/Airflow_project/air_venv/lib/python3.12/site-packages/airflow/example_dags/example_short_circuit_decorator.py
[2025-02-14T22:03:04.300+0600] {logging_mixin.py:190} INFO - [2025-02-14T22:03:04.300+0600] {dag.py:3239} INFO - Sync 1 DAGs
[2025-02-14T22:03:04.323+0600] {logging_mixin.py:190} INFO - [2025-02-14T22:03:04.322+0600] {dag.py:4180} INFO - Setting next_dagrun for example_short_circuit_decorator to None, run_after=None
[2025-02-14T22:03:04.355+0600] {processor.py:208} INFO - Processing /home/shamim/airflow_git/Airflow_project/air_venv/lib/python3.12/site-packages/airflow/example_dags/example_short_circuit_decorator.py took 0.135 seconds
[2025-02-14T22:03:34.515+0600] {processor.py:186} INFO - Started process (PID=575134) to work on /home/shamim/airflow_git/Airflow_project/air_venv/lib/python3.12/site-packages/airflow/example_dags/example_short_circuit_decorator.py
[2025-02-14T22:03:34.516+0600] {processor.py:914} INFO - Processing file /home/shamim/airflow_git/Airflow_project/air_venv/lib/python3.12/site-packages/airflow/example_dags/example_short_circuit_decorator.py for tasks to queue
[2025-02-14T22:03:34.518+0600] {logging_mixin.py:190} INFO - [2025-02-14T22:03:34.518+0600] {dagbag.py:588} INFO - Filling up the DagBag from /home/shamim/airflow_git/Airflow_project/air_venv/lib/python3.12/site-packages/airflow/example_dags/example_short_circuit_decorator.py
[2025-02-14T22:03:34.530+0600] {processor.py:925} INFO - DAG(s) 'example_short_circuit_decorator' retrieved from /home/shamim/airflow_git/Airflow_project/air_venv/lib/python3.12/site-packages/airflow/example_dags/example_short_circuit_decorator.py
[2025-02-14T22:03:34.569+0600] {logging_mixin.py:190} INFO - [2025-02-14T22:03:34.568+0600] {dag.py:3239} INFO - Sync 1 DAGs
[2025-02-14T22:03:34.588+0600] {logging_mixin.py:190} INFO - [2025-02-14T22:03:34.588+0600] {dag.py:4180} INFO - Setting next_dagrun for example_short_circuit_decorator to None, run_after=None
[2025-02-14T22:03:34.615+0600] {processor.py:208} INFO - Processing /home/shamim/airflow_git/Airflow_project/air_venv/lib/python3.12/site-packages/airflow/example_dags/example_short_circuit_decorator.py took 0.107 seconds
[2025-02-14T22:04:05.017+0600] {processor.py:186} INFO - Started process (PID=575549) to work on /home/shamim/airflow_git/Airflow_project/air_venv/lib/python3.12/site-packages/airflow/example_dags/example_short_circuit_decorator.py
[2025-02-14T22:04:05.020+0600] {processor.py:914} INFO - Processing file /home/shamim/airflow_git/Airflow_project/air_venv/lib/python3.12/site-packages/airflow/example_dags/example_short_circuit_decorator.py for tasks to queue
[2025-02-14T22:04:05.023+0600] {logging_mixin.py:190} INFO - [2025-02-14T22:04:05.022+0600] {dagbag.py:588} INFO - Filling up the DagBag from /home/shamim/airflow_git/Airflow_project/air_venv/lib/python3.12/site-packages/airflow/example_dags/example_short_circuit_decorator.py
[2025-02-14T22:04:05.039+0600] {processor.py:925} INFO - DAG(s) 'example_short_circuit_decorator' retrieved from /home/shamim/airflow_git/Airflow_project/air_venv/lib/python3.12/site-packages/airflow/example_dags/example_short_circuit_decorator.py
[2025-02-14T22:04:05.094+0600] {logging_mixin.py:190} INFO - [2025-02-14T22:04:05.094+0600] {dag.py:3239} INFO - Sync 1 DAGs
[2025-02-14T22:04:05.122+0600] {logging_mixin.py:190} INFO - [2025-02-14T22:04:05.121+0600] {dag.py:4180} INFO - Setting next_dagrun for example_short_circuit_decorator to None, run_after=None
[2025-02-14T22:04:05.153+0600] {processor.py:208} INFO - Processing /home/shamim/airflow_git/Airflow_project/air_venv/lib/python3.12/site-packages/airflow/example_dags/example_short_circuit_decorator.py took 0.144 seconds
[2025-02-14T22:04:35.812+0600] {processor.py:186} INFO - Started process (PID=575974) to work on /home/shamim/airflow_git/Airflow_project/air_venv/lib/python3.12/site-packages/airflow/example_dags/example_short_circuit_decorator.py
[2025-02-14T22:04:35.813+0600] {processor.py:914} INFO - Processing file /home/shamim/airflow_git/Airflow_project/air_venv/lib/python3.12/site-packages/airflow/example_dags/example_short_circuit_decorator.py for tasks to queue
[2025-02-14T22:04:35.817+0600] {logging_mixin.py:190} INFO - [2025-02-14T22:04:35.816+0600] {dagbag.py:588} INFO - Filling up the DagBag from /home/shamim/airflow_git/Airflow_project/air_venv/lib/python3.12/site-packages/airflow/example_dags/example_short_circuit_decorator.py
[2025-02-14T22:04:35.836+0600] {processor.py:925} INFO - DAG(s) 'example_short_circuit_decorator' retrieved from /home/shamim/airflow_git/Airflow_project/air_venv/lib/python3.12/site-packages/airflow/example_dags/example_short_circuit_decorator.py
[2025-02-14T22:04:35.889+0600] {logging_mixin.py:190} INFO - [2025-02-14T22:04:35.888+0600] {dag.py:3239} INFO - Sync 1 DAGs
[2025-02-14T22:04:35.912+0600] {logging_mixin.py:190} INFO - [2025-02-14T22:04:35.912+0600] {dag.py:4180} INFO - Setting next_dagrun for example_short_circuit_decorator to None, run_after=None
[2025-02-14T22:04:35.939+0600] {processor.py:208} INFO - Processing /home/shamim/airflow_git/Airflow_project/air_venv/lib/python3.12/site-packages/airflow/example_dags/example_short_circuit_decorator.py took 0.137 seconds
[2025-02-14T22:05:06.822+0600] {processor.py:186} INFO - Started process (PID=576387) to work on /home/shamim/airflow_git/Airflow_project/air_venv/lib/python3.12/site-packages/airflow/example_dags/example_short_circuit_decorator.py
[2025-02-14T22:05:06.824+0600] {processor.py:914} INFO - Processing file /home/shamim/airflow_git/Airflow_project/air_venv/lib/python3.12/site-packages/airflow/example_dags/example_short_circuit_decorator.py for tasks to queue
[2025-02-14T22:05:06.826+0600] {logging_mixin.py:190} INFO - [2025-02-14T22:05:06.826+0600] {dagbag.py:588} INFO - Filling up the DagBag from /home/shamim/airflow_git/Airflow_project/air_venv/lib/python3.12/site-packages/airflow/example_dags/example_short_circuit_decorator.py
[2025-02-14T22:05:06.844+0600] {processor.py:925} INFO - DAG(s) 'example_short_circuit_decorator' retrieved from /home/shamim/airflow_git/Airflow_project/air_venv/lib/python3.12/site-packages/airflow/example_dags/example_short_circuit_decorator.py
[2025-02-14T22:05:06.899+0600] {logging_mixin.py:190} INFO - [2025-02-14T22:05:06.899+0600] {dag.py:3239} INFO - Sync 1 DAGs
[2025-02-14T22:05:06.924+0600] {logging_mixin.py:190} INFO - [2025-02-14T22:05:06.923+0600] {dag.py:4180} INFO - Setting next_dagrun for example_short_circuit_decorator to None, run_after=None
[2025-02-14T22:05:06.955+0600] {processor.py:208} INFO - Processing /home/shamim/airflow_git/Airflow_project/air_venv/lib/python3.12/site-packages/airflow/example_dags/example_short_circuit_decorator.py took 0.143 seconds
[2025-02-14T22:05:45.199+0600] {processor.py:186} INFO - Started process (PID=577181) to work on /home/shamim/airflow_git/Airflow_project/air_venv/lib/python3.12/site-packages/airflow/example_dags/example_short_circuit_decorator.py
[2025-02-14T22:05:45.203+0600] {processor.py:914} INFO - Processing file /home/shamim/airflow_git/Airflow_project/air_venv/lib/python3.12/site-packages/airflow/example_dags/example_short_circuit_decorator.py for tasks to queue
[2025-02-14T22:05:45.215+0600] {logging_mixin.py:190} INFO - [2025-02-14T22:05:45.212+0600] {dagbag.py:588} INFO - Filling up the DagBag from /home/shamim/airflow_git/Airflow_project/air_venv/lib/python3.12/site-packages/airflow/example_dags/example_short_circuit_decorator.py
[2025-02-14T22:05:45.265+0600] {processor.py:925} INFO - DAG(s) 'example_short_circuit_decorator' retrieved from /home/shamim/airflow_git/Airflow_project/air_venv/lib/python3.12/site-packages/airflow/example_dags/example_short_circuit_decorator.py
[2025-02-14T22:05:45.388+0600] {logging_mixin.py:190} INFO - [2025-02-14T22:05:45.387+0600] {dag.py:3239} INFO - Sync 1 DAGs
[2025-02-14T22:05:45.435+0600] {logging_mixin.py:190} INFO - [2025-02-14T22:05:45.434+0600] {dag.py:4180} INFO - Setting next_dagrun for example_short_circuit_decorator to None, run_after=None
[2025-02-14T22:05:45.527+0600] {processor.py:208} INFO - Processing /home/shamim/airflow_git/Airflow_project/air_venv/lib/python3.12/site-packages/airflow/example_dags/example_short_circuit_decorator.py took 0.377 seconds
[2025-02-14T22:06:15.674+0600] {processor.py:186} INFO - Started process (PID=577709) to work on /home/shamim/airflow_git/Airflow_project/air_venv/lib/python3.12/site-packages/airflow/example_dags/example_short_circuit_decorator.py
[2025-02-14T22:06:15.676+0600] {processor.py:914} INFO - Processing file /home/shamim/airflow_git/Airflow_project/air_venv/lib/python3.12/site-packages/airflow/example_dags/example_short_circuit_decorator.py for tasks to queue
[2025-02-14T22:06:15.680+0600] {logging_mixin.py:190} INFO - [2025-02-14T22:06:15.679+0600] {dagbag.py:588} INFO - Filling up the DagBag from /home/shamim/airflow_git/Airflow_project/air_venv/lib/python3.12/site-packages/airflow/example_dags/example_short_circuit_decorator.py
[2025-02-14T22:06:15.700+0600] {processor.py:925} INFO - DAG(s) 'example_short_circuit_decorator' retrieved from /home/shamim/airflow_git/Airflow_project/air_venv/lib/python3.12/site-packages/airflow/example_dags/example_short_circuit_decorator.py
[2025-02-14T22:06:15.765+0600] {logging_mixin.py:190} INFO - [2025-02-14T22:06:15.765+0600] {dag.py:3239} INFO - Sync 1 DAGs
[2025-02-14T22:06:15.808+0600] {logging_mixin.py:190} INFO - [2025-02-14T22:06:15.808+0600] {dag.py:4180} INFO - Setting next_dagrun for example_short_circuit_decorator to None, run_after=None
[2025-02-14T22:06:15.848+0600] {processor.py:208} INFO - Processing /home/shamim/airflow_git/Airflow_project/air_venv/lib/python3.12/site-packages/airflow/example_dags/example_short_circuit_decorator.py took 0.183 seconds
[2025-02-14T22:06:46.505+0600] {processor.py:186} INFO - Started process (PID=578205) to work on /home/shamim/airflow_git/Airflow_project/air_venv/lib/python3.12/site-packages/airflow/example_dags/example_short_circuit_decorator.py
[2025-02-14T22:06:46.506+0600] {processor.py:914} INFO - Processing file /home/shamim/airflow_git/Airflow_project/air_venv/lib/python3.12/site-packages/airflow/example_dags/example_short_circuit_decorator.py for tasks to queue
[2025-02-14T22:06:46.512+0600] {logging_mixin.py:190} INFO - [2025-02-14T22:06:46.511+0600] {dagbag.py:588} INFO - Filling up the DagBag from /home/shamim/airflow_git/Airflow_project/air_venv/lib/python3.12/site-packages/airflow/example_dags/example_short_circuit_decorator.py
[2025-02-14T22:06:46.537+0600] {processor.py:925} INFO - DAG(s) 'example_short_circuit_decorator' retrieved from /home/shamim/airflow_git/Airflow_project/air_venv/lib/python3.12/site-packages/airflow/example_dags/example_short_circuit_decorator.py
[2025-02-14T22:06:46.611+0600] {logging_mixin.py:190} INFO - [2025-02-14T22:06:46.610+0600] {dag.py:3239} INFO - Sync 1 DAGs
[2025-02-14T22:06:46.641+0600] {logging_mixin.py:190} INFO - [2025-02-14T22:06:46.641+0600] {dag.py:4180} INFO - Setting next_dagrun for example_short_circuit_decorator to None, run_after=None
[2025-02-14T22:06:46.678+0600] {processor.py:208} INFO - Processing /home/shamim/airflow_git/Airflow_project/air_venv/lib/python3.12/site-packages/airflow/example_dags/example_short_circuit_decorator.py took 0.185 seconds
[2025-02-14T22:07:16.829+0600] {processor.py:186} INFO - Started process (PID=578632) to work on /home/shamim/airflow_git/Airflow_project/air_venv/lib/python3.12/site-packages/airflow/example_dags/example_short_circuit_decorator.py
[2025-02-14T22:07:16.830+0600] {processor.py:914} INFO - Processing file /home/shamim/airflow_git/Airflow_project/air_venv/lib/python3.12/site-packages/airflow/example_dags/example_short_circuit_decorator.py for tasks to queue
[2025-02-14T22:07:16.833+0600] {logging_mixin.py:190} INFO - [2025-02-14T22:07:16.833+0600] {dagbag.py:588} INFO - Filling up the DagBag from /home/shamim/airflow_git/Airflow_project/air_venv/lib/python3.12/site-packages/airflow/example_dags/example_short_circuit_decorator.py
[2025-02-14T22:07:16.847+0600] {processor.py:925} INFO - DAG(s) 'example_short_circuit_decorator' retrieved from /home/shamim/airflow_git/Airflow_project/air_venv/lib/python3.12/site-packages/airflow/example_dags/example_short_circuit_decorator.py
[2025-02-14T22:07:16.891+0600] {logging_mixin.py:190} INFO - [2025-02-14T22:07:16.890+0600] {dag.py:3239} INFO - Sync 1 DAGs
[2025-02-14T22:07:16.912+0600] {logging_mixin.py:190} INFO - [2025-02-14T22:07:16.910+0600] {dag.py:4180} INFO - Setting next_dagrun for example_short_circuit_decorator to None, run_after=None
[2025-02-14T22:07:16.940+0600] {processor.py:208} INFO - Processing /home/shamim/airflow_git/Airflow_project/air_venv/lib/python3.12/site-packages/airflow/example_dags/example_short_circuit_decorator.py took 0.120 seconds
[2025-02-14T22:07:47.863+0600] {processor.py:186} INFO - Started process (PID=579190) to work on /home/shamim/airflow_git/Airflow_project/air_venv/lib/python3.12/site-packages/airflow/example_dags/example_short_circuit_decorator.py
[2025-02-14T22:07:47.864+0600] {processor.py:914} INFO - Processing file /home/shamim/airflow_git/Airflow_project/air_venv/lib/python3.12/site-packages/airflow/example_dags/example_short_circuit_decorator.py for tasks to queue
[2025-02-14T22:07:47.866+0600] {logging_mixin.py:190} INFO - [2025-02-14T22:07:47.865+0600] {dagbag.py:588} INFO - Filling up the DagBag from /home/shamim/airflow_git/Airflow_project/air_venv/lib/python3.12/site-packages/airflow/example_dags/example_short_circuit_decorator.py
[2025-02-14T22:07:47.883+0600] {processor.py:925} INFO - DAG(s) 'example_short_circuit_decorator' retrieved from /home/shamim/airflow_git/Airflow_project/air_venv/lib/python3.12/site-packages/airflow/example_dags/example_short_circuit_decorator.py
[2025-02-14T22:07:47.936+0600] {logging_mixin.py:190} INFO - [2025-02-14T22:07:47.935+0600] {dag.py:3239} INFO - Sync 1 DAGs
[2025-02-14T22:07:47.970+0600] {logging_mixin.py:190} INFO - [2025-02-14T22:07:47.970+0600] {dag.py:4180} INFO - Setting next_dagrun for example_short_circuit_decorator to None, run_after=None
[2025-02-14T22:07:48.013+0600] {processor.py:208} INFO - Processing /home/shamim/airflow_git/Airflow_project/air_venv/lib/python3.12/site-packages/airflow/example_dags/example_short_circuit_decorator.py took 0.162 seconds
[2025-02-14T22:08:18.485+0600] {processor.py:186} INFO - Started process (PID=579647) to work on /home/shamim/airflow_git/Airflow_project/air_venv/lib/python3.12/site-packages/airflow/example_dags/example_short_circuit_decorator.py
[2025-02-14T22:08:18.486+0600] {processor.py:914} INFO - Processing file /home/shamim/airflow_git/Airflow_project/air_venv/lib/python3.12/site-packages/airflow/example_dags/example_short_circuit_decorator.py for tasks to queue
[2025-02-14T22:08:18.488+0600] {logging_mixin.py:190} INFO - [2025-02-14T22:08:18.487+0600] {dagbag.py:588} INFO - Filling up the DagBag from /home/shamim/airflow_git/Airflow_project/air_venv/lib/python3.12/site-packages/airflow/example_dags/example_short_circuit_decorator.py
[2025-02-14T22:08:18.500+0600] {processor.py:925} INFO - DAG(s) 'example_short_circuit_decorator' retrieved from /home/shamim/airflow_git/Airflow_project/air_venv/lib/python3.12/site-packages/airflow/example_dags/example_short_circuit_decorator.py
[2025-02-14T22:08:18.552+0600] {logging_mixin.py:190} INFO - [2025-02-14T22:08:18.551+0600] {dag.py:3239} INFO - Sync 1 DAGs
[2025-02-14T22:08:18.574+0600] {logging_mixin.py:190} INFO - [2025-02-14T22:08:18.574+0600] {dag.py:4180} INFO - Setting next_dagrun for example_short_circuit_decorator to None, run_after=None
[2025-02-14T22:08:18.597+0600] {processor.py:208} INFO - Processing /home/shamim/airflow_git/Airflow_project/air_venv/lib/python3.12/site-packages/airflow/example_dags/example_short_circuit_decorator.py took 0.121 seconds
[2025-02-14T22:08:50.469+0600] {processor.py:186} INFO - Started process (PID=580126) to work on /home/shamim/airflow_git/Airflow_project/air_venv/lib/python3.12/site-packages/airflow/example_dags/example_short_circuit_decorator.py
[2025-02-14T22:08:50.479+0600] {processor.py:914} INFO - Processing file /home/shamim/airflow_git/Airflow_project/air_venv/lib/python3.12/site-packages/airflow/example_dags/example_short_circuit_decorator.py for tasks to queue
[2025-02-14T22:08:50.491+0600] {logging_mixin.py:190} INFO - [2025-02-14T22:08:50.483+0600] {dagbag.py:588} INFO - Filling up the DagBag from /home/shamim/airflow_git/Airflow_project/air_venv/lib/python3.12/site-packages/airflow/example_dags/example_short_circuit_decorator.py
[2025-02-14T22:08:50.580+0600] {processor.py:925} INFO - DAG(s) 'example_short_circuit_decorator' retrieved from /home/shamim/airflow_git/Airflow_project/air_venv/lib/python3.12/site-packages/airflow/example_dags/example_short_circuit_decorator.py
[2025-02-14T22:08:50.779+0600] {logging_mixin.py:190} INFO - [2025-02-14T22:08:50.779+0600] {dag.py:3239} INFO - Sync 1 DAGs
[2025-02-14T22:08:50.860+0600] {logging_mixin.py:190} INFO - [2025-02-14T22:08:50.859+0600] {dag.py:4180} INFO - Setting next_dagrun for example_short_circuit_decorator to None, run_after=None
[2025-02-14T22:08:50.956+0600] {processor.py:208} INFO - Processing /home/shamim/airflow_git/Airflow_project/air_venv/lib/python3.12/site-packages/airflow/example_dags/example_short_circuit_decorator.py took 0.531 seconds
[2025-02-14T22:09:21.305+0600] {processor.py:186} INFO - Started process (PID=580564) to work on /home/shamim/airflow_git/Airflow_project/air_venv/lib/python3.12/site-packages/airflow/example_dags/example_short_circuit_decorator.py
[2025-02-14T22:09:21.306+0600] {processor.py:914} INFO - Processing file /home/shamim/airflow_git/Airflow_project/air_venv/lib/python3.12/site-packages/airflow/example_dags/example_short_circuit_decorator.py for tasks to queue
[2025-02-14T22:09:21.308+0600] {logging_mixin.py:190} INFO - [2025-02-14T22:09:21.307+0600] {dagbag.py:588} INFO - Filling up the DagBag from /home/shamim/airflow_git/Airflow_project/air_venv/lib/python3.12/site-packages/airflow/example_dags/example_short_circuit_decorator.py
[2025-02-14T22:09:21.326+0600] {processor.py:925} INFO - DAG(s) 'example_short_circuit_decorator' retrieved from /home/shamim/airflow_git/Airflow_project/air_venv/lib/python3.12/site-packages/airflow/example_dags/example_short_circuit_decorator.py
[2025-02-14T22:09:21.377+0600] {logging_mixin.py:190} INFO - [2025-02-14T22:09:21.377+0600] {dag.py:3239} INFO - Sync 1 DAGs
[2025-02-14T22:09:21.401+0600] {logging_mixin.py:190} INFO - [2025-02-14T22:09:21.401+0600] {dag.py:4180} INFO - Setting next_dagrun for example_short_circuit_decorator to None, run_after=None
[2025-02-14T22:09:21.429+0600] {processor.py:208} INFO - Processing /home/shamim/airflow_git/Airflow_project/air_venv/lib/python3.12/site-packages/airflow/example_dags/example_short_circuit_decorator.py took 0.134 seconds
[2025-02-14T22:09:51.592+0600] {processor.py:186} INFO - Started process (PID=581081) to work on /home/shamim/airflow_git/Airflow_project/air_venv/lib/python3.12/site-packages/airflow/example_dags/example_short_circuit_decorator.py
[2025-02-14T22:09:51.594+0600] {processor.py:914} INFO - Processing file /home/shamim/airflow_git/Airflow_project/air_venv/lib/python3.12/site-packages/airflow/example_dags/example_short_circuit_decorator.py for tasks to queue
[2025-02-14T22:09:51.596+0600] {logging_mixin.py:190} INFO - [2025-02-14T22:09:51.595+0600] {dagbag.py:588} INFO - Filling up the DagBag from /home/shamim/airflow_git/Airflow_project/air_venv/lib/python3.12/site-packages/airflow/example_dags/example_short_circuit_decorator.py
[2025-02-14T22:09:51.610+0600] {processor.py:925} INFO - DAG(s) 'example_short_circuit_decorator' retrieved from /home/shamim/airflow_git/Airflow_project/air_venv/lib/python3.12/site-packages/airflow/example_dags/example_short_circuit_decorator.py
[2025-02-14T22:09:51.655+0600] {logging_mixin.py:190} INFO - [2025-02-14T22:09:51.654+0600] {dag.py:3239} INFO - Sync 1 DAGs
[2025-02-14T22:09:51.675+0600] {logging_mixin.py:190} INFO - [2025-02-14T22:09:51.675+0600] {dag.py:4180} INFO - Setting next_dagrun for example_short_circuit_decorator to None, run_after=None
[2025-02-14T22:09:51.704+0600] {processor.py:208} INFO - Processing /home/shamim/airflow_git/Airflow_project/air_venv/lib/python3.12/site-packages/airflow/example_dags/example_short_circuit_decorator.py took 0.121 seconds
