[2025-02-14T21:56:20.651+0600] {processor.py:186} INFO - Started process (PID=572560) to work on /home/shamim/airflow_git/Airflow_project/air_venv/lib/python3.12/site-packages/airflow/example_dags/example_python_operator.py
[2025-02-14T21:56:20.652+0600] {processor.py:914} INFO - Processing file /home/shamim/airflow_git/Airflow_project/air_venv/lib/python3.12/site-packages/airflow/example_dags/example_python_operator.py for tasks to queue
[2025-02-14T21:56:20.654+0600] {logging_mixin.py:190} INFO - [2025-02-14T21:56:20.653+0600] {dagbag.py:588} INFO - Filling up the DagBag from /home/shamim/airflow_git/Airflow_project/air_venv/lib/python3.12/site-packages/airflow/example_dags/example_python_operator.py
[2025-02-14T21:56:20.671+0600] {logging_mixin.py:190} INFO - [2025-02-14T21:56:20.670+0600] {example_python_operator.py:93} WARNING - The virtalenv_python example task requires virtualenv, please install it.
[2025-02-14T21:56:20.675+0600] {processor.py:925} INFO - DAG(s) 'example_python_operator' retrieved from /home/shamim/airflow_git/Airflow_project/air_venv/lib/python3.12/site-packages/airflow/example_dags/example_python_operator.py
[2025-02-14T21:56:20.910+0600] {logging_mixin.py:190} INFO - [2025-02-14T21:56:20.909+0600] {dag.py:3239} INFO - Sync 1 DAGs
[2025-02-14T21:56:20.937+0600] {logging_mixin.py:190} INFO - [2025-02-14T21:56:20.937+0600] {dag.py:4180} INFO - Setting next_dagrun for example_python_operator to None, run_after=None
[2025-02-14T21:56:20.968+0600] {processor.py:208} INFO - Processing /home/shamim/airflow_git/Airflow_project/air_venv/lib/python3.12/site-packages/airflow/example_dags/example_python_operator.py took 0.329 seconds
[2025-02-14T21:56:51.767+0600] {processor.py:186} INFO - Started process (PID=572977) to work on /home/shamim/airflow_git/Airflow_project/air_venv/lib/python3.12/site-packages/airflow/example_dags/example_python_operator.py
[2025-02-14T21:56:51.768+0600] {processor.py:914} INFO - Processing file /home/shamim/airflow_git/Airflow_project/air_venv/lib/python3.12/site-packages/airflow/example_dags/example_python_operator.py for tasks to queue
[2025-02-14T21:56:51.769+0600] {logging_mixin.py:190} INFO - [2025-02-14T21:56:51.769+0600] {dagbag.py:588} INFO - Filling up the DagBag from /home/shamim/airflow_git/Airflow_project/air_venv/lib/python3.12/site-packages/airflow/example_dags/example_python_operator.py
[2025-02-14T21:56:51.779+0600] {logging_mixin.py:190} INFO - [2025-02-14T21:56:51.779+0600] {example_python_operator.py:93} WARNING - The virtalenv_python example task requires virtualenv, please install it.
[2025-02-14T21:56:51.783+0600] {processor.py:925} INFO - DAG(s) 'example_python_operator' retrieved from /home/shamim/airflow_git/Airflow_project/air_venv/lib/python3.12/site-packages/airflow/example_dags/example_python_operator.py
[2025-02-14T21:56:51.822+0600] {logging_mixin.py:190} INFO - [2025-02-14T21:56:51.822+0600] {dag.py:3239} INFO - Sync 1 DAGs
[2025-02-14T21:56:51.842+0600] {logging_mixin.py:190} INFO - [2025-02-14T21:56:51.841+0600] {dag.py:4180} INFO - Setting next_dagrun for example_python_operator to None, run_after=None
[2025-02-14T21:56:51.862+0600] {processor.py:208} INFO - Processing /home/shamim/airflow_git/Airflow_project/air_venv/lib/python3.12/site-packages/airflow/example_dags/example_python_operator.py took 0.105 seconds
[2025-02-14T21:57:22.352+0600] {processor.py:186} INFO - Started process (PID=573385) to work on /home/shamim/airflow_git/Airflow_project/air_venv/lib/python3.12/site-packages/airflow/example_dags/example_python_operator.py
[2025-02-14T21:57:22.353+0600] {processor.py:914} INFO - Processing file /home/shamim/airflow_git/Airflow_project/air_venv/lib/python3.12/site-packages/airflow/example_dags/example_python_operator.py for tasks to queue
[2025-02-14T21:57:22.354+0600] {logging_mixin.py:190} INFO - [2025-02-14T21:57:22.354+0600] {dagbag.py:588} INFO - Filling up the DagBag from /home/shamim/airflow_git/Airflow_project/air_venv/lib/python3.12/site-packages/airflow/example_dags/example_python_operator.py
[2025-02-14T21:57:22.365+0600] {logging_mixin.py:190} INFO - [2025-02-14T21:57:22.365+0600] {example_python_operator.py:93} WARNING - The virtalenv_python example task requires virtualenv, please install it.
[2025-02-14T21:57:22.369+0600] {processor.py:925} INFO - DAG(s) 'example_python_operator' retrieved from /home/shamim/airflow_git/Airflow_project/air_venv/lib/python3.12/site-packages/airflow/example_dags/example_python_operator.py
[2025-02-14T21:57:22.414+0600] {logging_mixin.py:190} INFO - [2025-02-14T21:57:22.414+0600] {dag.py:3239} INFO - Sync 1 DAGs
[2025-02-14T21:57:22.435+0600] {logging_mixin.py:190} INFO - [2025-02-14T21:57:22.435+0600] {dag.py:4180} INFO - Setting next_dagrun for example_python_operator to None, run_after=None
[2025-02-14T21:57:22.457+0600] {processor.py:208} INFO - Processing /home/shamim/airflow_git/Airflow_project/air_venv/lib/python3.12/site-packages/airflow/example_dags/example_python_operator.py took 0.116 seconds
[2025-02-14T22:02:32.882+0600] {processor.py:186} INFO - Started process (PID=574241) to work on /home/shamim/airflow_git/Airflow_project/air_venv/lib/python3.12/site-packages/airflow/example_dags/example_python_operator.py
[2025-02-14T22:02:32.883+0600] {processor.py:914} INFO - Processing file /home/shamim/airflow_git/Airflow_project/air_venv/lib/python3.12/site-packages/airflow/example_dags/example_python_operator.py for tasks to queue
[2025-02-14T22:02:32.887+0600] {logging_mixin.py:190} INFO - [2025-02-14T22:02:32.886+0600] {dagbag.py:588} INFO - Filling up the DagBag from /home/shamim/airflow_git/Airflow_project/air_venv/lib/python3.12/site-packages/airflow/example_dags/example_python_operator.py
[2025-02-14T22:02:32.898+0600] {logging_mixin.py:190} INFO - [2025-02-14T22:02:32.898+0600] {example_python_operator.py:93} WARNING - The virtalenv_python example task requires virtualenv, please install it.
[2025-02-14T22:02:32.902+0600] {processor.py:925} INFO - DAG(s) 'example_python_operator' retrieved from /home/shamim/airflow_git/Airflow_project/air_venv/lib/python3.12/site-packages/airflow/example_dags/example_python_operator.py
[2025-02-14T22:02:32.957+0600] {logging_mixin.py:190} INFO - [2025-02-14T22:02:32.957+0600] {dag.py:3239} INFO - Sync 1 DAGs
[2025-02-14T22:02:32.978+0600] {logging_mixin.py:190} INFO - [2025-02-14T22:02:32.978+0600] {dag.py:4180} INFO - Setting next_dagrun for example_python_operator to None, run_after=None
[2025-02-14T22:02:33.010+0600] {processor.py:208} INFO - Processing /home/shamim/airflow_git/Airflow_project/air_venv/lib/python3.12/site-packages/airflow/example_dags/example_python_operator.py took 0.138 seconds
[2025-02-14T22:03:03.910+0600] {processor.py:186} INFO - Started process (PID=574695) to work on /home/shamim/airflow_git/Airflow_project/air_venv/lib/python3.12/site-packages/airflow/example_dags/example_python_operator.py
[2025-02-14T22:03:03.911+0600] {processor.py:914} INFO - Processing file /home/shamim/airflow_git/Airflow_project/air_venv/lib/python3.12/site-packages/airflow/example_dags/example_python_operator.py for tasks to queue
[2025-02-14T22:03:03.915+0600] {logging_mixin.py:190} INFO - [2025-02-14T22:03:03.914+0600] {dagbag.py:588} INFO - Filling up the DagBag from /home/shamim/airflow_git/Airflow_project/air_venv/lib/python3.12/site-packages/airflow/example_dags/example_python_operator.py
[2025-02-14T22:03:03.927+0600] {logging_mixin.py:190} INFO - [2025-02-14T22:03:03.927+0600] {example_python_operator.py:93} WARNING - The virtalenv_python example task requires virtualenv, please install it.
[2025-02-14T22:03:03.930+0600] {processor.py:925} INFO - DAG(s) 'example_python_operator' retrieved from /home/shamim/airflow_git/Airflow_project/air_venv/lib/python3.12/site-packages/airflow/example_dags/example_python_operator.py
[2025-02-14T22:03:03.980+0600] {logging_mixin.py:190} INFO - [2025-02-14T22:03:03.979+0600] {dag.py:3239} INFO - Sync 1 DAGs
[2025-02-14T22:03:04.004+0600] {logging_mixin.py:190} INFO - [2025-02-14T22:03:04.004+0600] {dag.py:4180} INFO - Setting next_dagrun for example_python_operator to None, run_after=None
[2025-02-14T22:03:04.033+0600] {processor.py:208} INFO - Processing /home/shamim/airflow_git/Airflow_project/air_venv/lib/python3.12/site-packages/airflow/example_dags/example_python_operator.py took 0.135 seconds
[2025-02-14T22:03:34.109+0600] {processor.py:186} INFO - Started process (PID=575113) to work on /home/shamim/airflow_git/Airflow_project/air_venv/lib/python3.12/site-packages/airflow/example_dags/example_python_operator.py
[2025-02-14T22:03:34.110+0600] {processor.py:914} INFO - Processing file /home/shamim/airflow_git/Airflow_project/air_venv/lib/python3.12/site-packages/airflow/example_dags/example_python_operator.py for tasks to queue
[2025-02-14T22:03:34.113+0600] {logging_mixin.py:190} INFO - [2025-02-14T22:03:34.112+0600] {dagbag.py:588} INFO - Filling up the DagBag from /home/shamim/airflow_git/Airflow_project/air_venv/lib/python3.12/site-packages/airflow/example_dags/example_python_operator.py
[2025-02-14T22:03:34.121+0600] {logging_mixin.py:190} INFO - [2025-02-14T22:03:34.121+0600] {example_python_operator.py:93} WARNING - The virtalenv_python example task requires virtualenv, please install it.
[2025-02-14T22:03:34.124+0600] {processor.py:925} INFO - DAG(s) 'example_python_operator' retrieved from /home/shamim/airflow_git/Airflow_project/air_venv/lib/python3.12/site-packages/airflow/example_dags/example_python_operator.py
[2025-02-14T22:03:34.170+0600] {logging_mixin.py:190} INFO - [2025-02-14T22:03:34.170+0600] {dag.py:3239} INFO - Sync 1 DAGs
[2025-02-14T22:03:34.194+0600] {logging_mixin.py:190} INFO - [2025-02-14T22:03:34.193+0600] {dag.py:4180} INFO - Setting next_dagrun for example_python_operator to None, run_after=None
[2025-02-14T22:03:34.222+0600] {processor.py:208} INFO - Processing /home/shamim/airflow_git/Airflow_project/air_venv/lib/python3.12/site-packages/airflow/example_dags/example_python_operator.py took 0.121 seconds
[2025-02-14T22:04:04.783+0600] {processor.py:186} INFO - Started process (PID=575531) to work on /home/shamim/airflow_git/Airflow_project/air_venv/lib/python3.12/site-packages/airflow/example_dags/example_python_operator.py
[2025-02-14T22:04:04.784+0600] {processor.py:914} INFO - Processing file /home/shamim/airflow_git/Airflow_project/air_venv/lib/python3.12/site-packages/airflow/example_dags/example_python_operator.py for tasks to queue
[2025-02-14T22:04:04.788+0600] {logging_mixin.py:190} INFO - [2025-02-14T22:04:04.787+0600] {dagbag.py:588} INFO - Filling up the DagBag from /home/shamim/airflow_git/Airflow_project/air_venv/lib/python3.12/site-packages/airflow/example_dags/example_python_operator.py
[2025-02-14T22:04:04.800+0600] {logging_mixin.py:190} INFO - [2025-02-14T22:04:04.799+0600] {example_python_operator.py:93} WARNING - The virtalenv_python example task requires virtualenv, please install it.
[2025-02-14T22:04:04.805+0600] {processor.py:925} INFO - DAG(s) 'example_python_operator' retrieved from /home/shamim/airflow_git/Airflow_project/air_venv/lib/python3.12/site-packages/airflow/example_dags/example_python_operator.py
[2025-02-14T22:04:04.852+0600] {logging_mixin.py:190} INFO - [2025-02-14T22:04:04.852+0600] {dag.py:3239} INFO - Sync 1 DAGs
[2025-02-14T22:04:04.874+0600] {logging_mixin.py:190} INFO - [2025-02-14T22:04:04.874+0600] {dag.py:4180} INFO - Setting next_dagrun for example_python_operator to None, run_after=None
[2025-02-14T22:04:04.904+0600] {processor.py:208} INFO - Processing /home/shamim/airflow_git/Airflow_project/air_venv/lib/python3.12/site-packages/airflow/example_dags/example_python_operator.py took 0.129 seconds
[2025-02-14T22:04:35.531+0600] {processor.py:186} INFO - Started process (PID=575956) to work on /home/shamim/airflow_git/Airflow_project/air_venv/lib/python3.12/site-packages/airflow/example_dags/example_python_operator.py
[2025-02-14T22:04:35.532+0600] {processor.py:914} INFO - Processing file /home/shamim/airflow_git/Airflow_project/air_venv/lib/python3.12/site-packages/airflow/example_dags/example_python_operator.py for tasks to queue
[2025-02-14T22:04:35.536+0600] {logging_mixin.py:190} INFO - [2025-02-14T22:04:35.535+0600] {dagbag.py:588} INFO - Filling up the DagBag from /home/shamim/airflow_git/Airflow_project/air_venv/lib/python3.12/site-packages/airflow/example_dags/example_python_operator.py
[2025-02-14T22:04:35.545+0600] {logging_mixin.py:190} INFO - [2025-02-14T22:04:35.545+0600] {example_python_operator.py:93} WARNING - The virtalenv_python example task requires virtualenv, please install it.
[2025-02-14T22:04:35.549+0600] {processor.py:925} INFO - DAG(s) 'example_python_operator' retrieved from /home/shamim/airflow_git/Airflow_project/air_venv/lib/python3.12/site-packages/airflow/example_dags/example_python_operator.py
[2025-02-14T22:04:35.596+0600] {logging_mixin.py:190} INFO - [2025-02-14T22:04:35.596+0600] {dag.py:3239} INFO - Sync 1 DAGs
[2025-02-14T22:04:35.621+0600] {logging_mixin.py:190} INFO - [2025-02-14T22:04:35.621+0600] {dag.py:4180} INFO - Setting next_dagrun for example_python_operator to None, run_after=None
[2025-02-14T22:04:35.648+0600] {processor.py:208} INFO - Processing /home/shamim/airflow_git/Airflow_project/air_venv/lib/python3.12/site-packages/airflow/example_dags/example_python_operator.py took 0.129 seconds
[2025-02-14T22:05:06.560+0600] {processor.py:186} INFO - Started process (PID=576369) to work on /home/shamim/airflow_git/Airflow_project/air_venv/lib/python3.12/site-packages/airflow/example_dags/example_python_operator.py
[2025-02-14T22:05:06.562+0600] {processor.py:914} INFO - Processing file /home/shamim/airflow_git/Airflow_project/air_venv/lib/python3.12/site-packages/airflow/example_dags/example_python_operator.py for tasks to queue
[2025-02-14T22:05:06.565+0600] {logging_mixin.py:190} INFO - [2025-02-14T22:05:06.564+0600] {dagbag.py:588} INFO - Filling up the DagBag from /home/shamim/airflow_git/Airflow_project/air_venv/lib/python3.12/site-packages/airflow/example_dags/example_python_operator.py
[2025-02-14T22:05:06.576+0600] {logging_mixin.py:190} INFO - [2025-02-14T22:05:06.576+0600] {example_python_operator.py:93} WARNING - The virtalenv_python example task requires virtualenv, please install it.
[2025-02-14T22:05:06.580+0600] {processor.py:925} INFO - DAG(s) 'example_python_operator' retrieved from /home/shamim/airflow_git/Airflow_project/air_venv/lib/python3.12/site-packages/airflow/example_dags/example_python_operator.py
[2025-02-14T22:05:06.637+0600] {logging_mixin.py:190} INFO - [2025-02-14T22:05:06.637+0600] {dag.py:3239} INFO - Sync 1 DAGs
[2025-02-14T22:05:06.659+0600] {logging_mixin.py:190} INFO - [2025-02-14T22:05:06.659+0600] {dag.py:4180} INFO - Setting next_dagrun for example_python_operator to None, run_after=None
[2025-02-14T22:05:06.689+0600] {processor.py:208} INFO - Processing /home/shamim/airflow_git/Airflow_project/air_venv/lib/python3.12/site-packages/airflow/example_dags/example_python_operator.py took 0.138 seconds
[2025-02-14T22:05:44.543+0600] {processor.py:186} INFO - Started process (PID=577163) to work on /home/shamim/airflow_git/Airflow_project/air_venv/lib/python3.12/site-packages/airflow/example_dags/example_python_operator.py
[2025-02-14T22:05:44.545+0600] {processor.py:914} INFO - Processing file /home/shamim/airflow_git/Airflow_project/air_venv/lib/python3.12/site-packages/airflow/example_dags/example_python_operator.py for tasks to queue
[2025-02-14T22:05:44.551+0600] {logging_mixin.py:190} INFO - [2025-02-14T22:05:44.550+0600] {dagbag.py:588} INFO - Filling up the DagBag from /home/shamim/airflow_git/Airflow_project/air_venv/lib/python3.12/site-packages/airflow/example_dags/example_python_operator.py
[2025-02-14T22:05:44.574+0600] {logging_mixin.py:190} INFO - [2025-02-14T22:05:44.574+0600] {example_python_operator.py:93} WARNING - The virtalenv_python example task requires virtualenv, please install it.
[2025-02-14T22:05:44.581+0600] {processor.py:925} INFO - DAG(s) 'example_python_operator' retrieved from /home/shamim/airflow_git/Airflow_project/air_venv/lib/python3.12/site-packages/airflow/example_dags/example_python_operator.py
[2025-02-14T22:05:44.682+0600] {logging_mixin.py:190} INFO - [2025-02-14T22:05:44.681+0600] {dag.py:3239} INFO - Sync 1 DAGs
[2025-02-14T22:05:44.750+0600] {logging_mixin.py:190} INFO - [2025-02-14T22:05:44.746+0600] {dag.py:4180} INFO - Setting next_dagrun for example_python_operator to None, run_after=None
[2025-02-14T22:05:44.825+0600] {processor.py:208} INFO - Processing /home/shamim/airflow_git/Airflow_project/air_venv/lib/python3.12/site-packages/airflow/example_dags/example_python_operator.py took 0.300 seconds
[2025-02-14T22:06:15.308+0600] {processor.py:186} INFO - Started process (PID=577691) to work on /home/shamim/airflow_git/Airflow_project/air_venv/lib/python3.12/site-packages/airflow/example_dags/example_python_operator.py
[2025-02-14T22:06:15.309+0600] {processor.py:914} INFO - Processing file /home/shamim/airflow_git/Airflow_project/air_venv/lib/python3.12/site-packages/airflow/example_dags/example_python_operator.py for tasks to queue
[2025-02-14T22:06:15.313+0600] {logging_mixin.py:190} INFO - [2025-02-14T22:06:15.313+0600] {dagbag.py:588} INFO - Filling up the DagBag from /home/shamim/airflow_git/Airflow_project/air_venv/lib/python3.12/site-packages/airflow/example_dags/example_python_operator.py
[2025-02-14T22:06:15.324+0600] {logging_mixin.py:190} INFO - [2025-02-14T22:06:15.324+0600] {example_python_operator.py:93} WARNING - The virtalenv_python example task requires virtualenv, please install it.
[2025-02-14T22:06:15.328+0600] {processor.py:925} INFO - DAG(s) 'example_python_operator' retrieved from /home/shamim/airflow_git/Airflow_project/air_venv/lib/python3.12/site-packages/airflow/example_dags/example_python_operator.py
[2025-02-14T22:06:15.382+0600] {logging_mixin.py:190} INFO - [2025-02-14T22:06:15.381+0600] {dag.py:3239} INFO - Sync 1 DAGs
[2025-02-14T22:06:15.407+0600] {logging_mixin.py:190} INFO - [2025-02-14T22:06:15.407+0600] {dag.py:4180} INFO - Setting next_dagrun for example_python_operator to None, run_after=None
[2025-02-14T22:06:15.440+0600] {processor.py:208} INFO - Processing /home/shamim/airflow_git/Airflow_project/air_venv/lib/python3.12/site-packages/airflow/example_dags/example_python_operator.py took 0.140 seconds
[2025-02-14T22:06:46.015+0600] {processor.py:186} INFO - Started process (PID=578189) to work on /home/shamim/airflow_git/Airflow_project/air_venv/lib/python3.12/site-packages/airflow/example_dags/example_python_operator.py
[2025-02-14T22:06:46.017+0600] {processor.py:914} INFO - Processing file /home/shamim/airflow_git/Airflow_project/air_venv/lib/python3.12/site-packages/airflow/example_dags/example_python_operator.py for tasks to queue
[2025-02-14T22:06:46.022+0600] {logging_mixin.py:190} INFO - [2025-02-14T22:06:46.021+0600] {dagbag.py:588} INFO - Filling up the DagBag from /home/shamim/airflow_git/Airflow_project/air_venv/lib/python3.12/site-packages/airflow/example_dags/example_python_operator.py
[2025-02-14T22:06:46.037+0600] {logging_mixin.py:190} INFO - [2025-02-14T22:06:46.037+0600] {example_python_operator.py:93} WARNING - The virtalenv_python example task requires virtualenv, please install it.
[2025-02-14T22:06:46.042+0600] {processor.py:925} INFO - DAG(s) 'example_python_operator' retrieved from /home/shamim/airflow_git/Airflow_project/air_venv/lib/python3.12/site-packages/airflow/example_dags/example_python_operator.py
[2025-02-14T22:06:46.099+0600] {logging_mixin.py:190} INFO - [2025-02-14T22:06:46.099+0600] {dag.py:3239} INFO - Sync 1 DAGs
[2025-02-14T22:06:46.129+0600] {logging_mixin.py:190} INFO - [2025-02-14T22:06:46.128+0600] {dag.py:4180} INFO - Setting next_dagrun for example_python_operator to None, run_after=None
[2025-02-14T22:06:46.204+0600] {processor.py:208} INFO - Processing /home/shamim/airflow_git/Airflow_project/air_venv/lib/python3.12/site-packages/airflow/example_dags/example_python_operator.py took 0.204 seconds
[2025-02-14T22:07:16.380+0600] {processor.py:186} INFO - Started process (PID=578614) to work on /home/shamim/airflow_git/Airflow_project/air_venv/lib/python3.12/site-packages/airflow/example_dags/example_python_operator.py
[2025-02-14T22:07:16.381+0600] {processor.py:914} INFO - Processing file /home/shamim/airflow_git/Airflow_project/air_venv/lib/python3.12/site-packages/airflow/example_dags/example_python_operator.py for tasks to queue
[2025-02-14T22:07:16.384+0600] {logging_mixin.py:190} INFO - [2025-02-14T22:07:16.384+0600] {dagbag.py:588} INFO - Filling up the DagBag from /home/shamim/airflow_git/Airflow_project/air_venv/lib/python3.12/site-packages/airflow/example_dags/example_python_operator.py
[2025-02-14T22:07:16.395+0600] {logging_mixin.py:190} INFO - [2025-02-14T22:07:16.395+0600] {example_python_operator.py:93} WARNING - The virtalenv_python example task requires virtualenv, please install it.
[2025-02-14T22:07:16.399+0600] {processor.py:925} INFO - DAG(s) 'example_python_operator' retrieved from /home/shamim/airflow_git/Airflow_project/air_venv/lib/python3.12/site-packages/airflow/example_dags/example_python_operator.py
[2025-02-14T22:07:16.454+0600] {logging_mixin.py:190} INFO - [2025-02-14T22:07:16.454+0600] {dag.py:3239} INFO - Sync 1 DAGs
[2025-02-14T22:07:16.475+0600] {logging_mixin.py:190} INFO - [2025-02-14T22:07:16.475+0600] {dag.py:4180} INFO - Setting next_dagrun for example_python_operator to None, run_after=None
[2025-02-14T22:07:16.498+0600] {processor.py:208} INFO - Processing /home/shamim/airflow_git/Airflow_project/air_venv/lib/python3.12/site-packages/airflow/example_dags/example_python_operator.py took 0.129 seconds
[2025-02-14T22:07:47.308+0600] {processor.py:186} INFO - Started process (PID=579169) to work on /home/shamim/airflow_git/Airflow_project/air_venv/lib/python3.12/site-packages/airflow/example_dags/example_python_operator.py
[2025-02-14T22:07:47.311+0600] {processor.py:914} INFO - Processing file /home/shamim/airflow_git/Airflow_project/air_venv/lib/python3.12/site-packages/airflow/example_dags/example_python_operator.py for tasks to queue
[2025-02-14T22:07:47.314+0600] {logging_mixin.py:190} INFO - [2025-02-14T22:07:47.313+0600] {dagbag.py:588} INFO - Filling up the DagBag from /home/shamim/airflow_git/Airflow_project/air_venv/lib/python3.12/site-packages/airflow/example_dags/example_python_operator.py
[2025-02-14T22:07:47.343+0600] {logging_mixin.py:190} INFO - [2025-02-14T22:07:47.342+0600] {example_python_operator.py:93} WARNING - The virtalenv_python example task requires virtualenv, please install it.
[2025-02-14T22:07:47.347+0600] {processor.py:925} INFO - DAG(s) 'example_python_operator' retrieved from /home/shamim/airflow_git/Airflow_project/air_venv/lib/python3.12/site-packages/airflow/example_dags/example_python_operator.py
[2025-02-14T22:07:47.427+0600] {logging_mixin.py:190} INFO - [2025-02-14T22:07:47.427+0600] {dag.py:3239} INFO - Sync 1 DAGs
[2025-02-14T22:07:47.463+0600] {logging_mixin.py:190} INFO - [2025-02-14T22:07:47.463+0600] {dag.py:4180} INFO - Setting next_dagrun for example_python_operator to None, run_after=None
[2025-02-14T22:07:47.513+0600] {processor.py:208} INFO - Processing /home/shamim/airflow_git/Airflow_project/air_venv/lib/python3.12/site-packages/airflow/example_dags/example_python_operator.py took 0.220 seconds
[2025-02-14T22:08:18.268+0600] {processor.py:186} INFO - Started process (PID=579629) to work on /home/shamim/airflow_git/Airflow_project/air_venv/lib/python3.12/site-packages/airflow/example_dags/example_python_operator.py
[2025-02-14T22:08:18.269+0600] {processor.py:914} INFO - Processing file /home/shamim/airflow_git/Airflow_project/air_venv/lib/python3.12/site-packages/airflow/example_dags/example_python_operator.py for tasks to queue
[2025-02-14T22:08:18.271+0600] {logging_mixin.py:190} INFO - [2025-02-14T22:08:18.270+0600] {dagbag.py:588} INFO - Filling up the DagBag from /home/shamim/airflow_git/Airflow_project/air_venv/lib/python3.12/site-packages/airflow/example_dags/example_python_operator.py
[2025-02-14T22:08:18.280+0600] {logging_mixin.py:190} INFO - [2025-02-14T22:08:18.280+0600] {example_python_operator.py:93} WARNING - The virtalenv_python example task requires virtualenv, please install it.
[2025-02-14T22:08:18.284+0600] {processor.py:925} INFO - DAG(s) 'example_python_operator' retrieved from /home/shamim/airflow_git/Airflow_project/air_venv/lib/python3.12/site-packages/airflow/example_dags/example_python_operator.py
[2025-02-14T22:08:18.329+0600] {logging_mixin.py:190} INFO - [2025-02-14T22:08:18.328+0600] {dag.py:3239} INFO - Sync 1 DAGs
[2025-02-14T22:08:18.350+0600] {logging_mixin.py:190} INFO - [2025-02-14T22:08:18.349+0600] {dag.py:4180} INFO - Setting next_dagrun for example_python_operator to None, run_after=None
[2025-02-14T22:08:18.376+0600] {processor.py:208} INFO - Processing /home/shamim/airflow_git/Airflow_project/air_venv/lib/python3.12/site-packages/airflow/example_dags/example_python_operator.py took 0.116 seconds
[2025-02-14T22:08:49.819+0600] {processor.py:186} INFO - Started process (PID=580110) to work on /home/shamim/airflow_git/Airflow_project/air_venv/lib/python3.12/site-packages/airflow/example_dags/example_python_operator.py
[2025-02-14T22:08:49.827+0600] {processor.py:914} INFO - Processing file /home/shamim/airflow_git/Airflow_project/air_venv/lib/python3.12/site-packages/airflow/example_dags/example_python_operator.py for tasks to queue
[2025-02-14T22:08:49.832+0600] {logging_mixin.py:190} INFO - [2025-02-14T22:08:49.831+0600] {dagbag.py:588} INFO - Filling up the DagBag from /home/shamim/airflow_git/Airflow_project/air_venv/lib/python3.12/site-packages/airflow/example_dags/example_python_operator.py
[2025-02-14T22:08:49.863+0600] {logging_mixin.py:190} INFO - [2025-02-14T22:08:49.862+0600] {example_python_operator.py:93} WARNING - The virtalenv_python example task requires virtualenv, please install it.
[2025-02-14T22:08:49.874+0600] {processor.py:925} INFO - DAG(s) 'example_python_operator' retrieved from /home/shamim/airflow_git/Airflow_project/air_venv/lib/python3.12/site-packages/airflow/example_dags/example_python_operator.py
[2025-02-14T22:08:49.980+0600] {logging_mixin.py:190} INFO - [2025-02-14T22:08:49.978+0600] {dag.py:3239} INFO - Sync 1 DAGs
[2025-02-14T22:08:50.033+0600] {logging_mixin.py:190} INFO - [2025-02-14T22:08:50.033+0600] {dag.py:4180} INFO - Setting next_dagrun for example_python_operator to None, run_after=None
[2025-02-14T22:08:50.124+0600] {processor.py:208} INFO - Processing /home/shamim/airflow_git/Airflow_project/air_venv/lib/python3.12/site-packages/airflow/example_dags/example_python_operator.py took 0.333 seconds
[2025-02-14T22:09:20.614+0600] {processor.py:186} INFO - Started process (PID=580534) to work on /home/shamim/airflow_git/Airflow_project/air_venv/lib/python3.12/site-packages/airflow/example_dags/example_python_operator.py
[2025-02-14T22:09:20.617+0600] {processor.py:914} INFO - Processing file /home/shamim/airflow_git/Airflow_project/air_venv/lib/python3.12/site-packages/airflow/example_dags/example_python_operator.py for tasks to queue
[2025-02-14T22:09:20.620+0600] {logging_mixin.py:190} INFO - [2025-02-14T22:09:20.619+0600] {dagbag.py:588} INFO - Filling up the DagBag from /home/shamim/airflow_git/Airflow_project/air_venv/lib/python3.12/site-packages/airflow/example_dags/example_python_operator.py
[2025-02-14T22:09:20.634+0600] {logging_mixin.py:190} INFO - [2025-02-14T22:09:20.633+0600] {example_python_operator.py:93} WARNING - The virtalenv_python example task requires virtualenv, please install it.
[2025-02-14T22:09:20.639+0600] {processor.py:925} INFO - DAG(s) 'example_python_operator' retrieved from /home/shamim/airflow_git/Airflow_project/air_venv/lib/python3.12/site-packages/airflow/example_dags/example_python_operator.py
[2025-02-14T22:09:20.706+0600] {logging_mixin.py:190} INFO - [2025-02-14T22:09:20.706+0600] {dag.py:3239} INFO - Sync 1 DAGs
[2025-02-14T22:09:20.736+0600] {logging_mixin.py:190} INFO - [2025-02-14T22:09:20.736+0600] {dag.py:4180} INFO - Setting next_dagrun for example_python_operator to None, run_after=None
[2025-02-14T22:09:20.770+0600] {processor.py:208} INFO - Processing /home/shamim/airflow_git/Airflow_project/air_venv/lib/python3.12/site-packages/airflow/example_dags/example_python_operator.py took 0.169 seconds
[2025-02-14T22:09:51.218+0600] {processor.py:186} INFO - Started process (PID=581063) to work on /home/shamim/airflow_git/Airflow_project/air_venv/lib/python3.12/site-packages/airflow/example_dags/example_python_operator.py
[2025-02-14T22:09:51.221+0600] {processor.py:914} INFO - Processing file /home/shamim/airflow_git/Airflow_project/air_venv/lib/python3.12/site-packages/airflow/example_dags/example_python_operator.py for tasks to queue
[2025-02-14T22:09:51.224+0600] {logging_mixin.py:190} INFO - [2025-02-14T22:09:51.224+0600] {dagbag.py:588} INFO - Filling up the DagBag from /home/shamim/airflow_git/Airflow_project/air_venv/lib/python3.12/site-packages/airflow/example_dags/example_python_operator.py
[2025-02-14T22:09:51.236+0600] {logging_mixin.py:190} INFO - [2025-02-14T22:09:51.236+0600] {example_python_operator.py:93} WARNING - The virtalenv_python example task requires virtualenv, please install it.
[2025-02-14T22:09:51.242+0600] {processor.py:925} INFO - DAG(s) 'example_python_operator' retrieved from /home/shamim/airflow_git/Airflow_project/air_venv/lib/python3.12/site-packages/airflow/example_dags/example_python_operator.py
[2025-02-14T22:09:51.302+0600] {logging_mixin.py:190} INFO - [2025-02-14T22:09:51.301+0600] {dag.py:3239} INFO - Sync 1 DAGs
[2025-02-14T22:09:51.327+0600] {logging_mixin.py:190} INFO - [2025-02-14T22:09:51.327+0600] {dag.py:4180} INFO - Setting next_dagrun for example_python_operator to None, run_after=None
[2025-02-14T22:09:51.356+0600] {processor.py:208} INFO - Processing /home/shamim/airflow_git/Airflow_project/air_venv/lib/python3.12/site-packages/airflow/example_dags/example_python_operator.py took 0.147 seconds
