[2025-02-14T21:56:22.890+0600] {processor.py:186} INFO - Started process (PID=572637) to work on /home/shamim/airflow_git/Airflow_project/air_venv/lib/python3.12/site-packages/airflow/example_dags/example_nested_branch_dag.py
[2025-02-14T21:56:22.892+0600] {processor.py:914} INFO - Processing file /home/shamim/airflow_git/Airflow_project/air_venv/lib/python3.12/site-packages/airflow/example_dags/example_nested_branch_dag.py for tasks to queue
[2025-02-14T21:56:22.894+0600] {logging_mixin.py:190} INFO - [2025-02-14T21:56:22.893+0600] {dagbag.py:588} INFO - Filling up the DagBag from /home/shamim/airflow_git/Airflow_project/air_venv/lib/python3.12/site-packages/airflow/example_dags/example_nested_branch_dag.py
[2025-02-14T21:56:22.918+0600] {processor.py:925} INFO - DAG(s) 'example_nested_branch_dag' retrieved from /home/shamim/airflow_git/Airflow_project/air_venv/lib/python3.12/site-packages/airflow/example_dags/example_nested_branch_dag.py
[2025-02-14T21:56:23.159+0600] {logging_mixin.py:190} INFO - [2025-02-14T21:56:23.159+0600] {dag.py:3239} INFO - Sync 1 DAGs
[2025-02-14T21:56:23.197+0600] {logging_mixin.py:190} INFO - [2025-02-14T21:56:23.197+0600] {dag.py:4180} INFO - Setting next_dagrun for example_nested_branch_dag to 2025-02-13 00:00:00+00:00, run_after=2025-02-14 00:00:00+00:00
[2025-02-14T21:56:23.228+0600] {processor.py:208} INFO - Processing /home/shamim/airflow_git/Airflow_project/air_venv/lib/python3.12/site-packages/airflow/example_dags/example_nested_branch_dag.py took 0.353 seconds
[2025-02-14T21:56:53.910+0600] {processor.py:186} INFO - Started process (PID=573046) to work on /home/shamim/airflow_git/Airflow_project/air_venv/lib/python3.12/site-packages/airflow/example_dags/example_nested_branch_dag.py
[2025-02-14T21:56:53.911+0600] {processor.py:914} INFO - Processing file /home/shamim/airflow_git/Airflow_project/air_venv/lib/python3.12/site-packages/airflow/example_dags/example_nested_branch_dag.py for tasks to queue
[2025-02-14T21:56:53.913+0600] {logging_mixin.py:190} INFO - [2025-02-14T21:56:53.912+0600] {dagbag.py:588} INFO - Filling up the DagBag from /home/shamim/airflow_git/Airflow_project/air_venv/lib/python3.12/site-packages/airflow/example_dags/example_nested_branch_dag.py
[2025-02-14T21:56:53.934+0600] {processor.py:925} INFO - DAG(s) 'example_nested_branch_dag' retrieved from /home/shamim/airflow_git/Airflow_project/air_venv/lib/python3.12/site-packages/airflow/example_dags/example_nested_branch_dag.py
[2025-02-14T21:56:53.979+0600] {logging_mixin.py:190} INFO - [2025-02-14T21:56:53.979+0600] {dag.py:3239} INFO - Sync 1 DAGs
[2025-02-14T21:56:54.012+0600] {logging_mixin.py:190} INFO - [2025-02-14T21:56:54.012+0600] {dag.py:4180} INFO - Setting next_dagrun for example_nested_branch_dag to 2025-02-13 00:00:00+00:00, run_after=2025-02-14 00:00:00+00:00
[2025-02-14T21:56:54.039+0600] {processor.py:208} INFO - Processing /home/shamim/airflow_git/Airflow_project/air_venv/lib/python3.12/site-packages/airflow/example_dags/example_nested_branch_dag.py took 0.142 seconds
[2025-02-14T21:57:24.663+0600] {processor.py:186} INFO - Started process (PID=573457) to work on /home/shamim/airflow_git/Airflow_project/air_venv/lib/python3.12/site-packages/airflow/example_dags/example_nested_branch_dag.py
[2025-02-14T21:57:24.664+0600] {processor.py:914} INFO - Processing file /home/shamim/airflow_git/Airflow_project/air_venv/lib/python3.12/site-packages/airflow/example_dags/example_nested_branch_dag.py for tasks to queue
[2025-02-14T21:57:24.666+0600] {logging_mixin.py:190} INFO - [2025-02-14T21:57:24.666+0600] {dagbag.py:588} INFO - Filling up the DagBag from /home/shamim/airflow_git/Airflow_project/air_venv/lib/python3.12/site-packages/airflow/example_dags/example_nested_branch_dag.py
[2025-02-14T21:57:24.682+0600] {processor.py:925} INFO - DAG(s) 'example_nested_branch_dag' retrieved from /home/shamim/airflow_git/Airflow_project/air_venv/lib/python3.12/site-packages/airflow/example_dags/example_nested_branch_dag.py
[2025-02-14T21:57:24.733+0600] {logging_mixin.py:190} INFO - [2025-02-14T21:57:24.733+0600] {dag.py:3239} INFO - Sync 1 DAGs
[2025-02-14T21:57:24.769+0600] {logging_mixin.py:190} INFO - [2025-02-14T21:57:24.768+0600] {dag.py:4180} INFO - Setting next_dagrun for example_nested_branch_dag to 2025-02-13 00:00:00+00:00, run_after=2025-02-14 00:00:00+00:00
[2025-02-14T21:57:24.792+0600] {processor.py:208} INFO - Processing /home/shamim/airflow_git/Airflow_project/air_venv/lib/python3.12/site-packages/airflow/example_dags/example_nested_branch_dag.py took 0.144 seconds
[2025-02-14T22:02:33.905+0600] {processor.py:186} INFO - Started process (PID=574315) to work on /home/shamim/airflow_git/Airflow_project/air_venv/lib/python3.12/site-packages/airflow/example_dags/example_nested_branch_dag.py
[2025-02-14T22:02:33.906+0600] {processor.py:914} INFO - Processing file /home/shamim/airflow_git/Airflow_project/air_venv/lib/python3.12/site-packages/airflow/example_dags/example_nested_branch_dag.py for tasks to queue
[2025-02-14T22:02:33.910+0600] {logging_mixin.py:190} INFO - [2025-02-14T22:02:33.909+0600] {dagbag.py:588} INFO - Filling up the DagBag from /home/shamim/airflow_git/Airflow_project/air_venv/lib/python3.12/site-packages/airflow/example_dags/example_nested_branch_dag.py
[2025-02-14T22:02:33.930+0600] {processor.py:925} INFO - DAG(s) 'example_nested_branch_dag' retrieved from /home/shamim/airflow_git/Airflow_project/air_venv/lib/python3.12/site-packages/airflow/example_dags/example_nested_branch_dag.py
[2025-02-14T22:02:33.984+0600] {logging_mixin.py:190} INFO - [2025-02-14T22:02:33.984+0600] {dag.py:3239} INFO - Sync 1 DAGs
[2025-02-14T22:02:34.027+0600] {logging_mixin.py:190} INFO - [2025-02-14T22:02:34.027+0600] {dag.py:4180} INFO - Setting next_dagrun for example_nested_branch_dag to 2025-02-13 00:00:00+00:00, run_after=2025-02-14 00:00:00+00:00
[2025-02-14T22:02:34.059+0600] {processor.py:208} INFO - Processing /home/shamim/airflow_git/Airflow_project/air_venv/lib/python3.12/site-packages/airflow/example_dags/example_nested_branch_dag.py took 0.164 seconds
[2025-02-14T22:03:04.998+0600] {processor.py:186} INFO - Started process (PID=574767) to work on /home/shamim/airflow_git/Airflow_project/air_venv/lib/python3.12/site-packages/airflow/example_dags/example_nested_branch_dag.py
[2025-02-14T22:03:04.999+0600] {processor.py:914} INFO - Processing file /home/shamim/airflow_git/Airflow_project/air_venv/lib/python3.12/site-packages/airflow/example_dags/example_nested_branch_dag.py for tasks to queue
[2025-02-14T22:03:05.003+0600] {logging_mixin.py:190} INFO - [2025-02-14T22:03:05.002+0600] {dagbag.py:588} INFO - Filling up the DagBag from /home/shamim/airflow_git/Airflow_project/air_venv/lib/python3.12/site-packages/airflow/example_dags/example_nested_branch_dag.py
[2025-02-14T22:03:05.022+0600] {processor.py:925} INFO - DAG(s) 'example_nested_branch_dag' retrieved from /home/shamim/airflow_git/Airflow_project/air_venv/lib/python3.12/site-packages/airflow/example_dags/example_nested_branch_dag.py
[2025-02-14T22:03:05.069+0600] {logging_mixin.py:190} INFO - [2025-02-14T22:03:05.069+0600] {dag.py:3239} INFO - Sync 1 DAGs
[2025-02-14T22:03:05.110+0600] {logging_mixin.py:190} INFO - [2025-02-14T22:03:05.110+0600] {dag.py:4180} INFO - Setting next_dagrun for example_nested_branch_dag to 2025-02-13 00:00:00+00:00, run_after=2025-02-14 00:00:00+00:00
[2025-02-14T22:03:05.140+0600] {processor.py:208} INFO - Processing /home/shamim/airflow_git/Airflow_project/air_venv/lib/python3.12/site-packages/airflow/example_dags/example_nested_branch_dag.py took 0.151 seconds
[2025-02-14T22:03:35.286+0600] {processor.py:186} INFO - Started process (PID=575188) to work on /home/shamim/airflow_git/Airflow_project/air_venv/lib/python3.12/site-packages/airflow/example_dags/example_nested_branch_dag.py
[2025-02-14T22:03:35.287+0600] {processor.py:914} INFO - Processing file /home/shamim/airflow_git/Airflow_project/air_venv/lib/python3.12/site-packages/airflow/example_dags/example_nested_branch_dag.py for tasks to queue
[2025-02-14T22:03:35.289+0600] {logging_mixin.py:190} INFO - [2025-02-14T22:03:35.289+0600] {dagbag.py:588} INFO - Filling up the DagBag from /home/shamim/airflow_git/Airflow_project/air_venv/lib/python3.12/site-packages/airflow/example_dags/example_nested_branch_dag.py
[2025-02-14T22:03:35.303+0600] {processor.py:925} INFO - DAG(s) 'example_nested_branch_dag' retrieved from /home/shamim/airflow_git/Airflow_project/air_venv/lib/python3.12/site-packages/airflow/example_dags/example_nested_branch_dag.py
[2025-02-14T22:03:35.340+0600] {logging_mixin.py:190} INFO - [2025-02-14T22:03:35.340+0600] {dag.py:3239} INFO - Sync 1 DAGs
[2025-02-14T22:03:35.369+0600] {logging_mixin.py:190} INFO - [2025-02-14T22:03:35.369+0600] {dag.py:4180} INFO - Setting next_dagrun for example_nested_branch_dag to 2025-02-13 00:00:00+00:00, run_after=2025-02-14 00:00:00+00:00
[2025-02-14T22:03:35.393+0600] {processor.py:208} INFO - Processing /home/shamim/airflow_git/Airflow_project/air_venv/lib/python3.12/site-packages/airflow/example_dags/example_nested_branch_dag.py took 0.114 seconds
[2025-02-14T22:04:05.869+0600] {processor.py:186} INFO - Started process (PID=575603) to work on /home/shamim/airflow_git/Airflow_project/air_venv/lib/python3.12/site-packages/airflow/example_dags/example_nested_branch_dag.py
[2025-02-14T22:04:05.871+0600] {processor.py:914} INFO - Processing file /home/shamim/airflow_git/Airflow_project/air_venv/lib/python3.12/site-packages/airflow/example_dags/example_nested_branch_dag.py for tasks to queue
[2025-02-14T22:04:05.874+0600] {logging_mixin.py:190} INFO - [2025-02-14T22:04:05.873+0600] {dagbag.py:588} INFO - Filling up the DagBag from /home/shamim/airflow_git/Airflow_project/air_venv/lib/python3.12/site-packages/airflow/example_dags/example_nested_branch_dag.py
[2025-02-14T22:04:05.891+0600] {processor.py:925} INFO - DAG(s) 'example_nested_branch_dag' retrieved from /home/shamim/airflow_git/Airflow_project/air_venv/lib/python3.12/site-packages/airflow/example_dags/example_nested_branch_dag.py
[2025-02-14T22:04:05.938+0600] {logging_mixin.py:190} INFO - [2025-02-14T22:04:05.938+0600] {dag.py:3239} INFO - Sync 1 DAGs
[2025-02-14T22:04:05.979+0600] {logging_mixin.py:190} INFO - [2025-02-14T22:04:05.979+0600] {dag.py:4180} INFO - Setting next_dagrun for example_nested_branch_dag to 2025-02-13 00:00:00+00:00, run_after=2025-02-14 00:00:00+00:00
[2025-02-14T22:04:06.010+0600] {processor.py:208} INFO - Processing /home/shamim/airflow_git/Airflow_project/air_venv/lib/python3.12/site-packages/airflow/example_dags/example_nested_branch_dag.py took 0.151 seconds
[2025-02-14T22:04:36.613+0600] {processor.py:186} INFO - Started process (PID=576030) to work on /home/shamim/airflow_git/Airflow_project/air_venv/lib/python3.12/site-packages/airflow/example_dags/example_nested_branch_dag.py
[2025-02-14T22:04:36.614+0600] {processor.py:914} INFO - Processing file /home/shamim/airflow_git/Airflow_project/air_venv/lib/python3.12/site-packages/airflow/example_dags/example_nested_branch_dag.py for tasks to queue
[2025-02-14T22:04:36.617+0600] {logging_mixin.py:190} INFO - [2025-02-14T22:04:36.616+0600] {dagbag.py:588} INFO - Filling up the DagBag from /home/shamim/airflow_git/Airflow_project/air_venv/lib/python3.12/site-packages/airflow/example_dags/example_nested_branch_dag.py
[2025-02-14T22:04:36.633+0600] {processor.py:925} INFO - DAG(s) 'example_nested_branch_dag' retrieved from /home/shamim/airflow_git/Airflow_project/air_venv/lib/python3.12/site-packages/airflow/example_dags/example_nested_branch_dag.py
[2025-02-14T22:04:36.679+0600] {logging_mixin.py:190} INFO - [2025-02-14T22:04:36.679+0600] {dag.py:3239} INFO - Sync 1 DAGs
[2025-02-14T22:04:36.721+0600] {logging_mixin.py:190} INFO - [2025-02-14T22:04:36.721+0600] {dag.py:4180} INFO - Setting next_dagrun for example_nested_branch_dag to 2025-02-13 00:00:00+00:00, run_after=2025-02-14 00:00:00+00:00
[2025-02-14T22:04:36.748+0600] {processor.py:208} INFO - Processing /home/shamim/airflow_git/Airflow_project/air_venv/lib/python3.12/site-packages/airflow/example_dags/example_nested_branch_dag.py took 0.146 seconds
[2025-02-14T22:05:07.705+0600] {processor.py:186} INFO - Started process (PID=576461) to work on /home/shamim/airflow_git/Airflow_project/air_venv/lib/python3.12/site-packages/airflow/example_dags/example_nested_branch_dag.py
[2025-02-14T22:05:07.707+0600] {processor.py:914} INFO - Processing file /home/shamim/airflow_git/Airflow_project/air_venv/lib/python3.12/site-packages/airflow/example_dags/example_nested_branch_dag.py for tasks to queue
[2025-02-14T22:05:07.710+0600] {logging_mixin.py:190} INFO - [2025-02-14T22:05:07.709+0600] {dagbag.py:588} INFO - Filling up the DagBag from /home/shamim/airflow_git/Airflow_project/air_venv/lib/python3.12/site-packages/airflow/example_dags/example_nested_branch_dag.py
[2025-02-14T22:05:07.733+0600] {processor.py:925} INFO - DAG(s) 'example_nested_branch_dag' retrieved from /home/shamim/airflow_git/Airflow_project/air_venv/lib/python3.12/site-packages/airflow/example_dags/example_nested_branch_dag.py
[2025-02-14T22:05:07.791+0600] {logging_mixin.py:190} INFO - [2025-02-14T22:05:07.791+0600] {dag.py:3239} INFO - Sync 1 DAGs
[2025-02-14T22:05:07.839+0600] {logging_mixin.py:190} INFO - [2025-02-14T22:05:07.839+0600] {dag.py:4180} INFO - Setting next_dagrun for example_nested_branch_dag to 2025-02-13 00:00:00+00:00, run_after=2025-02-14 00:00:00+00:00
[2025-02-14T22:05:07.871+0600] {processor.py:208} INFO - Processing /home/shamim/airflow_git/Airflow_project/air_venv/lib/python3.12/site-packages/airflow/example_dags/example_nested_branch_dag.py took 0.178 seconds
[2025-02-14T22:05:47.908+0600] {processor.py:186} INFO - Started process (PID=577236) to work on /home/shamim/airflow_git/Airflow_project/air_venv/lib/python3.12/site-packages/airflow/example_dags/example_nested_branch_dag.py
[2025-02-14T22:05:47.912+0600] {processor.py:914} INFO - Processing file /home/shamim/airflow_git/Airflow_project/air_venv/lib/python3.12/site-packages/airflow/example_dags/example_nested_branch_dag.py for tasks to queue
[2025-02-14T22:05:47.921+0600] {logging_mixin.py:190} INFO - [2025-02-14T22:05:47.920+0600] {dagbag.py:588} INFO - Filling up the DagBag from /home/shamim/airflow_git/Airflow_project/air_venv/lib/python3.12/site-packages/airflow/example_dags/example_nested_branch_dag.py
[2025-02-14T22:05:47.981+0600] {processor.py:925} INFO - DAG(s) 'example_nested_branch_dag' retrieved from /home/shamim/airflow_git/Airflow_project/air_venv/lib/python3.12/site-packages/airflow/example_dags/example_nested_branch_dag.py
[2025-02-14T22:05:48.061+0600] {logging_mixin.py:190} INFO - [2025-02-14T22:05:48.061+0600] {dag.py:3239} INFO - Sync 1 DAGs
[2025-02-14T22:05:48.134+0600] {logging_mixin.py:190} INFO - [2025-02-14T22:05:48.133+0600] {dag.py:4180} INFO - Setting next_dagrun for example_nested_branch_dag to 2025-02-13 00:00:00+00:00, run_after=2025-02-14 00:00:00+00:00
[2025-02-14T22:05:48.206+0600] {processor.py:208} INFO - Processing /home/shamim/airflow_git/Airflow_project/air_venv/lib/python3.12/site-packages/airflow/example_dags/example_nested_branch_dag.py took 0.323 seconds
[2025-02-14T22:06:18.952+0600] {processor.py:186} INFO - Started process (PID=577787) to work on /home/shamim/airflow_git/Airflow_project/air_venv/lib/python3.12/site-packages/airflow/example_dags/example_nested_branch_dag.py
[2025-02-14T22:06:18.953+0600] {processor.py:914} INFO - Processing file /home/shamim/airflow_git/Airflow_project/air_venv/lib/python3.12/site-packages/airflow/example_dags/example_nested_branch_dag.py for tasks to queue
[2025-02-14T22:06:18.957+0600] {logging_mixin.py:190} INFO - [2025-02-14T22:06:18.957+0600] {dagbag.py:588} INFO - Filling up the DagBag from /home/shamim/airflow_git/Airflow_project/air_venv/lib/python3.12/site-packages/airflow/example_dags/example_nested_branch_dag.py
[2025-02-14T22:06:18.979+0600] {processor.py:925} INFO - DAG(s) 'example_nested_branch_dag' retrieved from /home/shamim/airflow_git/Airflow_project/air_venv/lib/python3.12/site-packages/airflow/example_dags/example_nested_branch_dag.py
[2025-02-14T22:06:19.036+0600] {logging_mixin.py:190} INFO - [2025-02-14T22:06:19.036+0600] {dag.py:3239} INFO - Sync 1 DAGs
[2025-02-14T22:06:19.077+0600] {logging_mixin.py:190} INFO - [2025-02-14T22:06:19.077+0600] {dag.py:4180} INFO - Setting next_dagrun for example_nested_branch_dag to 2025-02-13 00:00:00+00:00, run_after=2025-02-14 00:00:00+00:00
[2025-02-14T22:06:19.108+0600] {processor.py:208} INFO - Processing /home/shamim/airflow_git/Airflow_project/air_venv/lib/python3.12/site-packages/airflow/example_dags/example_nested_branch_dag.py took 0.170 seconds
[2025-02-14T22:06:49.730+0600] {processor.py:186} INFO - Started process (PID=578260) to work on /home/shamim/airflow_git/Airflow_project/air_venv/lib/python3.12/site-packages/airflow/example_dags/example_nested_branch_dag.py
[2025-02-14T22:06:49.733+0600] {processor.py:914} INFO - Processing file /home/shamim/airflow_git/Airflow_project/air_venv/lib/python3.12/site-packages/airflow/example_dags/example_nested_branch_dag.py for tasks to queue
[2025-02-14T22:06:49.739+0600] {logging_mixin.py:190} INFO - [2025-02-14T22:06:49.738+0600] {dagbag.py:588} INFO - Filling up the DagBag from /home/shamim/airflow_git/Airflow_project/air_venv/lib/python3.12/site-packages/airflow/example_dags/example_nested_branch_dag.py
[2025-02-14T22:06:49.775+0600] {processor.py:925} INFO - DAG(s) 'example_nested_branch_dag' retrieved from /home/shamim/airflow_git/Airflow_project/air_venv/lib/python3.12/site-packages/airflow/example_dags/example_nested_branch_dag.py
[2025-02-14T22:06:49.824+0600] {logging_mixin.py:190} INFO - [2025-02-14T22:06:49.824+0600] {dag.py:3239} INFO - Sync 1 DAGs
[2025-02-14T22:06:49.856+0600] {logging_mixin.py:190} INFO - [2025-02-14T22:06:49.856+0600] {dag.py:4180} INFO - Setting next_dagrun for example_nested_branch_dag to 2025-02-13 00:00:00+00:00, run_after=2025-02-14 00:00:00+00:00
[2025-02-14T22:06:49.883+0600] {processor.py:208} INFO - Processing /home/shamim/airflow_git/Airflow_project/air_venv/lib/python3.12/site-packages/airflow/example_dags/example_nested_branch_dag.py took 0.171 seconds
[2025-02-14T22:07:20.642+0600] {processor.py:186} INFO - Started process (PID=578683) to work on /home/shamim/airflow_git/Airflow_project/air_venv/lib/python3.12/site-packages/airflow/example_dags/example_nested_branch_dag.py
[2025-02-14T22:07:20.644+0600] {processor.py:914} INFO - Processing file /home/shamim/airflow_git/Airflow_project/air_venv/lib/python3.12/site-packages/airflow/example_dags/example_nested_branch_dag.py for tasks to queue
[2025-02-14T22:07:20.647+0600] {logging_mixin.py:190} INFO - [2025-02-14T22:07:20.647+0600] {dagbag.py:588} INFO - Filling up the DagBag from /home/shamim/airflow_git/Airflow_project/air_venv/lib/python3.12/site-packages/airflow/example_dags/example_nested_branch_dag.py
[2025-02-14T22:07:20.665+0600] {processor.py:925} INFO - DAG(s) 'example_nested_branch_dag' retrieved from /home/shamim/airflow_git/Airflow_project/air_venv/lib/python3.12/site-packages/airflow/example_dags/example_nested_branch_dag.py
[2025-02-14T22:07:20.707+0600] {logging_mixin.py:190} INFO - [2025-02-14T22:07:20.707+0600] {dag.py:3239} INFO - Sync 1 DAGs
[2025-02-14T22:07:20.742+0600] {logging_mixin.py:190} INFO - [2025-02-14T22:07:20.742+0600] {dag.py:4180} INFO - Setting next_dagrun for example_nested_branch_dag to 2025-02-13 00:00:00+00:00, run_after=2025-02-14 00:00:00+00:00
[2025-02-14T22:07:20.772+0600] {processor.py:208} INFO - Processing /home/shamim/airflow_git/Airflow_project/air_venv/lib/python3.12/site-packages/airflow/example_dags/example_nested_branch_dag.py took 0.143 seconds
[2025-02-14T22:07:51.627+0600] {processor.py:186} INFO - Started process (PID=579266) to work on /home/shamim/airflow_git/Airflow_project/air_venv/lib/python3.12/site-packages/airflow/example_dags/example_nested_branch_dag.py
[2025-02-14T22:07:51.629+0600] {processor.py:914} INFO - Processing file /home/shamim/airflow_git/Airflow_project/air_venv/lib/python3.12/site-packages/airflow/example_dags/example_nested_branch_dag.py for tasks to queue
[2025-02-14T22:07:51.631+0600] {logging_mixin.py:190} INFO - [2025-02-14T22:07:51.630+0600] {dagbag.py:588} INFO - Filling up the DagBag from /home/shamim/airflow_git/Airflow_project/air_venv/lib/python3.12/site-packages/airflow/example_dags/example_nested_branch_dag.py
[2025-02-14T22:07:51.651+0600] {processor.py:925} INFO - DAG(s) 'example_nested_branch_dag' retrieved from /home/shamim/airflow_git/Airflow_project/air_venv/lib/python3.12/site-packages/airflow/example_dags/example_nested_branch_dag.py
[2025-02-14T22:07:51.701+0600] {logging_mixin.py:190} INFO - [2025-02-14T22:07:51.700+0600] {dag.py:3239} INFO - Sync 1 DAGs
[2025-02-14T22:07:51.739+0600] {logging_mixin.py:190} INFO - [2025-02-14T22:07:51.738+0600] {dag.py:4180} INFO - Setting next_dagrun for example_nested_branch_dag to 2025-02-13 00:00:00+00:00, run_after=2025-02-14 00:00:00+00:00
[2025-02-14T22:07:51.765+0600] {processor.py:208} INFO - Processing /home/shamim/airflow_git/Airflow_project/air_venv/lib/python3.12/site-packages/airflow/example_dags/example_nested_branch_dag.py took 0.150 seconds
[2025-02-14T22:08:22.197+0600] {processor.py:186} INFO - Started process (PID=579707) to work on /home/shamim/airflow_git/Airflow_project/air_venv/lib/python3.12/site-packages/airflow/example_dags/example_nested_branch_dag.py
[2025-02-14T22:08:22.198+0600] {processor.py:914} INFO - Processing file /home/shamim/airflow_git/Airflow_project/air_venv/lib/python3.12/site-packages/airflow/example_dags/example_nested_branch_dag.py for tasks to queue
[2025-02-14T22:08:22.200+0600] {logging_mixin.py:190} INFO - [2025-02-14T22:08:22.199+0600] {dagbag.py:588} INFO - Filling up the DagBag from /home/shamim/airflow_git/Airflow_project/air_venv/lib/python3.12/site-packages/airflow/example_dags/example_nested_branch_dag.py
[2025-02-14T22:08:22.219+0600] {processor.py:925} INFO - DAG(s) 'example_nested_branch_dag' retrieved from /home/shamim/airflow_git/Airflow_project/air_venv/lib/python3.12/site-packages/airflow/example_dags/example_nested_branch_dag.py
[2025-02-14T22:08:22.262+0600] {logging_mixin.py:190} INFO - [2025-02-14T22:08:22.262+0600] {dag.py:3239} INFO - Sync 1 DAGs
[2025-02-14T22:08:22.305+0600] {logging_mixin.py:190} INFO - [2025-02-14T22:08:22.305+0600] {dag.py:4180} INFO - Setting next_dagrun for example_nested_branch_dag to 2025-02-13 00:00:00+00:00, run_after=2025-02-14 00:00:00+00:00
[2025-02-14T22:08:22.331+0600] {processor.py:208} INFO - Processing /home/shamim/airflow_git/Airflow_project/air_venv/lib/python3.12/site-packages/airflow/example_dags/example_nested_branch_dag.py took 0.145 seconds
[2025-02-14T22:08:53.114+0600] {processor.py:186} INFO - Started process (PID=580179) to work on /home/shamim/airflow_git/Airflow_project/air_venv/lib/python3.12/site-packages/airflow/example_dags/example_nested_branch_dag.py
[2025-02-14T22:08:53.115+0600] {processor.py:914} INFO - Processing file /home/shamim/airflow_git/Airflow_project/air_venv/lib/python3.12/site-packages/airflow/example_dags/example_nested_branch_dag.py for tasks to queue
[2025-02-14T22:08:53.117+0600] {logging_mixin.py:190} INFO - [2025-02-14T22:08:53.117+0600] {dagbag.py:588} INFO - Filling up the DagBag from /home/shamim/airflow_git/Airflow_project/air_venv/lib/python3.12/site-packages/airflow/example_dags/example_nested_branch_dag.py
[2025-02-14T22:08:53.142+0600] {processor.py:925} INFO - DAG(s) 'example_nested_branch_dag' retrieved from /home/shamim/airflow_git/Airflow_project/air_venv/lib/python3.12/site-packages/airflow/example_dags/example_nested_branch_dag.py
[2025-02-14T22:08:53.187+0600] {logging_mixin.py:190} INFO - [2025-02-14T22:08:53.187+0600] {dag.py:3239} INFO - Sync 1 DAGs
[2025-02-14T22:08:53.226+0600] {logging_mixin.py:190} INFO - [2025-02-14T22:08:53.226+0600] {dag.py:4180} INFO - Setting next_dagrun for example_nested_branch_dag to 2025-02-13 00:00:00+00:00, run_after=2025-02-14 00:00:00+00:00
[2025-02-14T22:08:53.256+0600] {processor.py:208} INFO - Processing /home/shamim/airflow_git/Airflow_project/air_venv/lib/python3.12/site-packages/airflow/example_dags/example_nested_branch_dag.py took 0.156 seconds
[2025-02-14T22:09:24.138+0600] {processor.py:186} INFO - Started process (PID=580627) to work on /home/shamim/airflow_git/Airflow_project/air_venv/lib/python3.12/site-packages/airflow/example_dags/example_nested_branch_dag.py
[2025-02-14T22:09:24.140+0600] {processor.py:914} INFO - Processing file /home/shamim/airflow_git/Airflow_project/air_venv/lib/python3.12/site-packages/airflow/example_dags/example_nested_branch_dag.py for tasks to queue
[2025-02-14T22:09:24.144+0600] {logging_mixin.py:190} INFO - [2025-02-14T22:09:24.143+0600] {dagbag.py:588} INFO - Filling up the DagBag from /home/shamim/airflow_git/Airflow_project/air_venv/lib/python3.12/site-packages/airflow/example_dags/example_nested_branch_dag.py
[2025-02-14T22:09:24.174+0600] {processor.py:925} INFO - DAG(s) 'example_nested_branch_dag' retrieved from /home/shamim/airflow_git/Airflow_project/air_venv/lib/python3.12/site-packages/airflow/example_dags/example_nested_branch_dag.py
[2025-02-14T22:09:24.252+0600] {logging_mixin.py:190} INFO - [2025-02-14T22:09:24.252+0600] {dag.py:3239} INFO - Sync 1 DAGs
[2025-02-14T22:09:24.328+0600] {logging_mixin.py:190} INFO - [2025-02-14T22:09:24.327+0600] {dag.py:4180} INFO - Setting next_dagrun for example_nested_branch_dag to 2025-02-13 00:00:00+00:00, run_after=2025-02-14 00:00:00+00:00
[2025-02-14T22:09:24.373+0600] {processor.py:208} INFO - Processing /home/shamim/airflow_git/Airflow_project/air_venv/lib/python3.12/site-packages/airflow/example_dags/example_nested_branch_dag.py took 0.254 seconds
[2025-02-14T22:09:54.552+0600] {processor.py:186} INFO - Started process (PID=581135) to work on /home/shamim/airflow_git/Airflow_project/air_venv/lib/python3.12/site-packages/airflow/example_dags/example_nested_branch_dag.py
[2025-02-14T22:09:54.553+0600] {processor.py:914} INFO - Processing file /home/shamim/airflow_git/Airflow_project/air_venv/lib/python3.12/site-packages/airflow/example_dags/example_nested_branch_dag.py for tasks to queue
[2025-02-14T22:09:54.555+0600] {logging_mixin.py:190} INFO - [2025-02-14T22:09:54.554+0600] {dagbag.py:588} INFO - Filling up the DagBag from /home/shamim/airflow_git/Airflow_project/air_venv/lib/python3.12/site-packages/airflow/example_dags/example_nested_branch_dag.py
[2025-02-14T22:09:54.570+0600] {processor.py:925} INFO - DAG(s) 'example_nested_branch_dag' retrieved from /home/shamim/airflow_git/Airflow_project/air_venv/lib/python3.12/site-packages/airflow/example_dags/example_nested_branch_dag.py
[2025-02-14T22:09:54.607+0600] {logging_mixin.py:190} INFO - [2025-02-14T22:09:54.607+0600] {dag.py:3239} INFO - Sync 1 DAGs
[2025-02-14T22:09:54.638+0600] {logging_mixin.py:190} INFO - [2025-02-14T22:09:54.638+0600] {dag.py:4180} INFO - Setting next_dagrun for example_nested_branch_dag to 2025-02-13 00:00:00+00:00, run_after=2025-02-14 00:00:00+00:00
[2025-02-14T22:09:54.663+0600] {processor.py:208} INFO - Processing /home/shamim/airflow_git/Airflow_project/air_venv/lib/python3.12/site-packages/airflow/example_dags/example_nested_branch_dag.py took 0.118 seconds
