[2025-02-14T21:56:21.605+0600] {processor.py:186} INFO - Started process (PID=572589) to work on /home/shamim/airflow_git/Airflow_project/air_venv/lib/python3.12/site-packages/airflow/example_dags/example_sensors.py
[2025-02-14T21:56:21.607+0600] {processor.py:914} INFO - Processing file /home/shamim/airflow_git/Airflow_project/air_venv/lib/python3.12/site-packages/airflow/example_dags/example_sensors.py for tasks to queue
[2025-02-14T21:56:21.609+0600] {logging_mixin.py:190} INFO - [2025-02-14T21:56:21.608+0600] {dagbag.py:588} INFO - Filling up the DagBag from /home/shamim/airflow_git/Airflow_project/air_venv/lib/python3.12/site-packages/airflow/example_dags/example_sensors.py
[2025-02-14T21:56:21.636+0600] {processor.py:925} INFO - DAG(s) 'example_sensors' retrieved from /home/shamim/airflow_git/Airflow_project/air_venv/lib/python3.12/site-packages/airflow/example_dags/example_sensors.py
[2025-02-14T21:56:21.866+0600] {logging_mixin.py:190} INFO - [2025-02-14T21:56:21.866+0600] {dag.py:3239} INFO - Sync 1 DAGs
[2025-02-14T21:56:21.890+0600] {logging_mixin.py:190} INFO - [2025-02-14T21:56:21.889+0600] {dag.py:4180} INFO - Setting next_dagrun for example_sensors to None, run_after=None
[2025-02-14T21:56:21.923+0600] {processor.py:208} INFO - Processing /home/shamim/airflow_git/Airflow_project/air_venv/lib/python3.12/site-packages/airflow/example_dags/example_sensors.py took 0.333 seconds
[2025-02-14T21:56:52.211+0600] {processor.py:186} INFO - Started process (PID=573001) to work on /home/shamim/airflow_git/Airflow_project/air_venv/lib/python3.12/site-packages/airflow/example_dags/example_sensors.py
[2025-02-14T21:56:52.212+0600] {processor.py:914} INFO - Processing file /home/shamim/airflow_git/Airflow_project/air_venv/lib/python3.12/site-packages/airflow/example_dags/example_sensors.py for tasks to queue
[2025-02-14T21:56:52.213+0600] {logging_mixin.py:190} INFO - [2025-02-14T21:56:52.213+0600] {dagbag.py:588} INFO - Filling up the DagBag from /home/shamim/airflow_git/Airflow_project/air_venv/lib/python3.12/site-packages/airflow/example_dags/example_sensors.py
[2025-02-14T21:56:52.229+0600] {processor.py:925} INFO - DAG(s) 'example_sensors' retrieved from /home/shamim/airflow_git/Airflow_project/air_venv/lib/python3.12/site-packages/airflow/example_dags/example_sensors.py
[2025-02-14T21:56:52.274+0600] {logging_mixin.py:190} INFO - [2025-02-14T21:56:52.273+0600] {dag.py:3239} INFO - Sync 1 DAGs
[2025-02-14T21:56:52.293+0600] {logging_mixin.py:190} INFO - [2025-02-14T21:56:52.292+0600] {dag.py:4180} INFO - Setting next_dagrun for example_sensors to None, run_after=None
[2025-02-14T21:56:52.314+0600] {processor.py:208} INFO - Processing /home/shamim/airflow_git/Airflow_project/air_venv/lib/python3.12/site-packages/airflow/example_dags/example_sensors.py took 0.114 seconds
[2025-02-14T21:57:22.828+0600] {processor.py:186} INFO - Started process (PID=573409) to work on /home/shamim/airflow_git/Airflow_project/air_venv/lib/python3.12/site-packages/airflow/example_dags/example_sensors.py
[2025-02-14T21:57:22.829+0600] {processor.py:914} INFO - Processing file /home/shamim/airflow_git/Airflow_project/air_venv/lib/python3.12/site-packages/airflow/example_dags/example_sensors.py for tasks to queue
[2025-02-14T21:57:22.831+0600] {logging_mixin.py:190} INFO - [2025-02-14T21:57:22.830+0600] {dagbag.py:588} INFO - Filling up the DagBag from /home/shamim/airflow_git/Airflow_project/air_venv/lib/python3.12/site-packages/airflow/example_dags/example_sensors.py
[2025-02-14T21:57:22.846+0600] {processor.py:925} INFO - DAG(s) 'example_sensors' retrieved from /home/shamim/airflow_git/Airflow_project/air_venv/lib/python3.12/site-packages/airflow/example_dags/example_sensors.py
[2025-02-14T21:57:22.894+0600] {logging_mixin.py:190} INFO - [2025-02-14T21:57:22.893+0600] {dag.py:3239} INFO - Sync 1 DAGs
[2025-02-14T21:57:22.913+0600] {logging_mixin.py:190} INFO - [2025-02-14T21:57:22.912+0600] {dag.py:4180} INFO - Setting next_dagrun for example_sensors to None, run_after=None
[2025-02-14T21:57:22.939+0600] {processor.py:208} INFO - Processing /home/shamim/airflow_git/Airflow_project/air_venv/lib/python3.12/site-packages/airflow/example_dags/example_sensors.py took 0.121 seconds
[2025-02-14T22:02:33.232+0600] {processor.py:186} INFO - Started process (PID=574267) to work on /home/shamim/airflow_git/Airflow_project/air_venv/lib/python3.12/site-packages/airflow/example_dags/example_sensors.py
[2025-02-14T22:02:33.233+0600] {processor.py:914} INFO - Processing file /home/shamim/airflow_git/Airflow_project/air_venv/lib/python3.12/site-packages/airflow/example_dags/example_sensors.py for tasks to queue
[2025-02-14T22:02:33.235+0600] {logging_mixin.py:190} INFO - [2025-02-14T22:02:33.235+0600] {dagbag.py:588} INFO - Filling up the DagBag from /home/shamim/airflow_git/Airflow_project/air_venv/lib/python3.12/site-packages/airflow/example_dags/example_sensors.py
[2025-02-14T22:02:33.252+0600] {processor.py:925} INFO - DAG(s) 'example_sensors' retrieved from /home/shamim/airflow_git/Airflow_project/air_venv/lib/python3.12/site-packages/airflow/example_dags/example_sensors.py
[2025-02-14T22:02:33.308+0600] {logging_mixin.py:190} INFO - [2025-02-14T22:02:33.308+0600] {dag.py:3239} INFO - Sync 1 DAGs
[2025-02-14T22:02:33.329+0600] {logging_mixin.py:190} INFO - [2025-02-14T22:02:33.329+0600] {dag.py:4180} INFO - Setting next_dagrun for example_sensors to None, run_after=None
[2025-02-14T22:02:33.354+0600] {processor.py:208} INFO - Processing /home/shamim/airflow_git/Airflow_project/air_venv/lib/python3.12/site-packages/airflow/example_dags/example_sensors.py took 0.132 seconds
[2025-02-14T22:03:04.388+0600] {processor.py:186} INFO - Started process (PID=574722) to work on /home/shamim/airflow_git/Airflow_project/air_venv/lib/python3.12/site-packages/airflow/example_dags/example_sensors.py
[2025-02-14T22:03:04.390+0600] {processor.py:914} INFO - Processing file /home/shamim/airflow_git/Airflow_project/air_venv/lib/python3.12/site-packages/airflow/example_dags/example_sensors.py for tasks to queue
[2025-02-14T22:03:04.393+0600] {logging_mixin.py:190} INFO - [2025-02-14T22:03:04.393+0600] {dagbag.py:588} INFO - Filling up the DagBag from /home/shamim/airflow_git/Airflow_project/air_venv/lib/python3.12/site-packages/airflow/example_dags/example_sensors.py
[2025-02-14T22:03:04.414+0600] {processor.py:925} INFO - DAG(s) 'example_sensors' retrieved from /home/shamim/airflow_git/Airflow_project/air_venv/lib/python3.12/site-packages/airflow/example_dags/example_sensors.py
[2025-02-14T22:03:04.469+0600] {logging_mixin.py:190} INFO - [2025-02-14T22:03:04.469+0600] {dag.py:3239} INFO - Sync 1 DAGs
[2025-02-14T22:03:04.492+0600] {logging_mixin.py:190} INFO - [2025-02-14T22:03:04.492+0600] {dag.py:4180} INFO - Setting next_dagrun for example_sensors to None, run_after=None
[2025-02-14T22:03:04.522+0600] {processor.py:208} INFO - Processing /home/shamim/airflow_git/Airflow_project/air_venv/lib/python3.12/site-packages/airflow/example_dags/example_sensors.py took 0.146 seconds
[2025-02-14T22:03:34.658+0600] {processor.py:186} INFO - Started process (PID=575140) to work on /home/shamim/airflow_git/Airflow_project/air_venv/lib/python3.12/site-packages/airflow/example_dags/example_sensors.py
[2025-02-14T22:03:34.659+0600] {processor.py:914} INFO - Processing file /home/shamim/airflow_git/Airflow_project/air_venv/lib/python3.12/site-packages/airflow/example_dags/example_sensors.py for tasks to queue
[2025-02-14T22:03:34.662+0600] {logging_mixin.py:190} INFO - [2025-02-14T22:03:34.662+0600] {dagbag.py:588} INFO - Filling up the DagBag from /home/shamim/airflow_git/Airflow_project/air_venv/lib/python3.12/site-packages/airflow/example_dags/example_sensors.py
[2025-02-14T22:03:34.679+0600] {processor.py:925} INFO - DAG(s) 'example_sensors' retrieved from /home/shamim/airflow_git/Airflow_project/air_venv/lib/python3.12/site-packages/airflow/example_dags/example_sensors.py
[2025-02-14T22:03:34.727+0600] {logging_mixin.py:190} INFO - [2025-02-14T22:03:34.726+0600] {dag.py:3239} INFO - Sync 1 DAGs
[2025-02-14T22:03:34.745+0600] {logging_mixin.py:190} INFO - [2025-02-14T22:03:34.744+0600] {dag.py:4180} INFO - Setting next_dagrun for example_sensors to None, run_after=None
[2025-02-14T22:03:34.769+0600] {processor.py:208} INFO - Processing /home/shamim/airflow_git/Airflow_project/air_venv/lib/python3.12/site-packages/airflow/example_dags/example_sensors.py took 0.122 seconds
[2025-02-14T22:04:05.112+0600] {processor.py:186} INFO - Started process (PID=575555) to work on /home/shamim/airflow_git/Airflow_project/air_venv/lib/python3.12/site-packages/airflow/example_dags/example_sensors.py
[2025-02-14T22:04:05.114+0600] {processor.py:914} INFO - Processing file /home/shamim/airflow_git/Airflow_project/air_venv/lib/python3.12/site-packages/airflow/example_dags/example_sensors.py for tasks to queue
[2025-02-14T22:04:05.118+0600] {logging_mixin.py:190} INFO - [2025-02-14T22:04:05.117+0600] {dagbag.py:588} INFO - Filling up the DagBag from /home/shamim/airflow_git/Airflow_project/air_venv/lib/python3.12/site-packages/airflow/example_dags/example_sensors.py
[2025-02-14T22:04:05.139+0600] {processor.py:925} INFO - DAG(s) 'example_sensors' retrieved from /home/shamim/airflow_git/Airflow_project/air_venv/lib/python3.12/site-packages/airflow/example_dags/example_sensors.py
[2025-02-14T22:04:05.202+0600] {logging_mixin.py:190} INFO - [2025-02-14T22:04:05.201+0600] {dag.py:3239} INFO - Sync 1 DAGs
[2025-02-14T22:04:05.229+0600] {logging_mixin.py:190} INFO - [2025-02-14T22:04:05.229+0600] {dag.py:4180} INFO - Setting next_dagrun for example_sensors to None, run_after=None
[2025-02-14T22:04:05.260+0600] {processor.py:208} INFO - Processing /home/shamim/airflow_git/Airflow_project/air_venv/lib/python3.12/site-packages/airflow/example_dags/example_sensors.py took 0.158 seconds
[2025-02-14T22:04:35.868+0600] {processor.py:186} INFO - Started process (PID=575980) to work on /home/shamim/airflow_git/Airflow_project/air_venv/lib/python3.12/site-packages/airflow/example_dags/example_sensors.py
[2025-02-14T22:04:35.869+0600] {processor.py:914} INFO - Processing file /home/shamim/airflow_git/Airflow_project/air_venv/lib/python3.12/site-packages/airflow/example_dags/example_sensors.py for tasks to queue
[2025-02-14T22:04:35.872+0600] {logging_mixin.py:190} INFO - [2025-02-14T22:04:35.872+0600] {dagbag.py:588} INFO - Filling up the DagBag from /home/shamim/airflow_git/Airflow_project/air_venv/lib/python3.12/site-packages/airflow/example_dags/example_sensors.py
[2025-02-14T22:04:35.888+0600] {processor.py:925} INFO - DAG(s) 'example_sensors' retrieved from /home/shamim/airflow_git/Airflow_project/air_venv/lib/python3.12/site-packages/airflow/example_dags/example_sensors.py
[2025-02-14T22:04:35.945+0600] {logging_mixin.py:190} INFO - [2025-02-14T22:04:35.945+0600] {dag.py:3239} INFO - Sync 1 DAGs
[2025-02-14T22:04:35.971+0600] {logging_mixin.py:190} INFO - [2025-02-14T22:04:35.971+0600] {dag.py:4180} INFO - Setting next_dagrun for example_sensors to None, run_after=None
[2025-02-14T22:04:36.006+0600] {processor.py:208} INFO - Processing /home/shamim/airflow_git/Airflow_project/air_venv/lib/python3.12/site-packages/airflow/example_dags/example_sensors.py took 0.147 seconds
[2025-02-14T22:05:06.911+0600] {processor.py:186} INFO - Started process (PID=576393) to work on /home/shamim/airflow_git/Airflow_project/air_venv/lib/python3.12/site-packages/airflow/example_dags/example_sensors.py
[2025-02-14T22:05:06.912+0600] {processor.py:914} INFO - Processing file /home/shamim/airflow_git/Airflow_project/air_venv/lib/python3.12/site-packages/airflow/example_dags/example_sensors.py for tasks to queue
[2025-02-14T22:05:06.916+0600] {logging_mixin.py:190} INFO - [2025-02-14T22:05:06.915+0600] {dagbag.py:588} INFO - Filling up the DagBag from /home/shamim/airflow_git/Airflow_project/air_venv/lib/python3.12/site-packages/airflow/example_dags/example_sensors.py
[2025-02-14T22:05:06.938+0600] {processor.py:925} INFO - DAG(s) 'example_sensors' retrieved from /home/shamim/airflow_git/Airflow_project/air_venv/lib/python3.12/site-packages/airflow/example_dags/example_sensors.py
[2025-02-14T22:05:07.009+0600] {logging_mixin.py:190} INFO - [2025-02-14T22:05:07.008+0600] {dag.py:3239} INFO - Sync 1 DAGs
[2025-02-14T22:05:07.029+0600] {logging_mixin.py:190} INFO - [2025-02-14T22:05:07.029+0600] {dag.py:4180} INFO - Setting next_dagrun for example_sensors to None, run_after=None
[2025-02-14T22:05:07.056+0600] {processor.py:208} INFO - Processing /home/shamim/airflow_git/Airflow_project/air_venv/lib/python3.12/site-packages/airflow/example_dags/example_sensors.py took 0.154 seconds
[2025-02-14T22:05:45.447+0600] {processor.py:186} INFO - Started process (PID=577187) to work on /home/shamim/airflow_git/Airflow_project/air_venv/lib/python3.12/site-packages/airflow/example_dags/example_sensors.py
[2025-02-14T22:05:45.449+0600] {processor.py:914} INFO - Processing file /home/shamim/airflow_git/Airflow_project/air_venv/lib/python3.12/site-packages/airflow/example_dags/example_sensors.py for tasks to queue
[2025-02-14T22:05:45.460+0600] {logging_mixin.py:190} INFO - [2025-02-14T22:05:45.456+0600] {dagbag.py:588} INFO - Filling up the DagBag from /home/shamim/airflow_git/Airflow_project/air_venv/lib/python3.12/site-packages/airflow/example_dags/example_sensors.py
[2025-02-14T22:05:45.530+0600] {processor.py:925} INFO - DAG(s) 'example_sensors' retrieved from /home/shamim/airflow_git/Airflow_project/air_venv/lib/python3.12/site-packages/airflow/example_dags/example_sensors.py
[2025-02-14T22:05:45.651+0600] {logging_mixin.py:190} INFO - [2025-02-14T22:05:45.650+0600] {dag.py:3239} INFO - Sync 1 DAGs
[2025-02-14T22:05:45.698+0600] {logging_mixin.py:190} INFO - [2025-02-14T22:05:45.697+0600] {dag.py:4180} INFO - Setting next_dagrun for example_sensors to None, run_after=None
[2025-02-14T22:05:45.771+0600] {processor.py:208} INFO - Processing /home/shamim/airflow_git/Airflow_project/air_venv/lib/python3.12/site-packages/airflow/example_dags/example_sensors.py took 0.361 seconds
[2025-02-14T22:06:15.903+0600] {processor.py:186} INFO - Started process (PID=577716) to work on /home/shamim/airflow_git/Airflow_project/air_venv/lib/python3.12/site-packages/airflow/example_dags/example_sensors.py
[2025-02-14T22:06:15.904+0600] {processor.py:914} INFO - Processing file /home/shamim/airflow_git/Airflow_project/air_venv/lib/python3.12/site-packages/airflow/example_dags/example_sensors.py for tasks to queue
[2025-02-14T22:06:15.907+0600] {logging_mixin.py:190} INFO - [2025-02-14T22:06:15.906+0600] {dagbag.py:588} INFO - Filling up the DagBag from /home/shamim/airflow_git/Airflow_project/air_venv/lib/python3.12/site-packages/airflow/example_dags/example_sensors.py
[2025-02-14T22:06:15.926+0600] {processor.py:925} INFO - DAG(s) 'example_sensors' retrieved from /home/shamim/airflow_git/Airflow_project/air_venv/lib/python3.12/site-packages/airflow/example_dags/example_sensors.py
[2025-02-14T22:06:15.989+0600] {logging_mixin.py:190} INFO - [2025-02-14T22:06:15.988+0600] {dag.py:3239} INFO - Sync 1 DAGs
[2025-02-14T22:06:16.017+0600] {logging_mixin.py:190} INFO - [2025-02-14T22:06:16.016+0600] {dag.py:4180} INFO - Setting next_dagrun for example_sensors to None, run_after=None
[2025-02-14T22:06:16.046+0600] {processor.py:208} INFO - Processing /home/shamim/airflow_git/Airflow_project/air_venv/lib/python3.12/site-packages/airflow/example_dags/example_sensors.py took 0.154 seconds
[2025-02-14T22:06:46.582+0600] {processor.py:186} INFO - Started process (PID=578211) to work on /home/shamim/airflow_git/Airflow_project/air_venv/lib/python3.12/site-packages/airflow/example_dags/example_sensors.py
[2025-02-14T22:06:46.583+0600] {processor.py:914} INFO - Processing file /home/shamim/airflow_git/Airflow_project/air_venv/lib/python3.12/site-packages/airflow/example_dags/example_sensors.py for tasks to queue
[2025-02-14T22:06:46.587+0600] {logging_mixin.py:190} INFO - [2025-02-14T22:06:46.587+0600] {dagbag.py:588} INFO - Filling up the DagBag from /home/shamim/airflow_git/Airflow_project/air_venv/lib/python3.12/site-packages/airflow/example_dags/example_sensors.py
[2025-02-14T22:06:46.609+0600] {processor.py:925} INFO - DAG(s) 'example_sensors' retrieved from /home/shamim/airflow_git/Airflow_project/air_venv/lib/python3.12/site-packages/airflow/example_dags/example_sensors.py
[2025-02-14T22:06:46.701+0600] {logging_mixin.py:190} INFO - [2025-02-14T22:06:46.701+0600] {dag.py:3239} INFO - Sync 1 DAGs
[2025-02-14T22:06:46.733+0600] {logging_mixin.py:190} INFO - [2025-02-14T22:06:46.733+0600] {dag.py:4180} INFO - Setting next_dagrun for example_sensors to None, run_after=None
[2025-02-14T22:06:46.773+0600] {processor.py:208} INFO - Processing /home/shamim/airflow_git/Airflow_project/air_venv/lib/python3.12/site-packages/airflow/example_dags/example_sensors.py took 0.203 seconds
[2025-02-14T22:07:16.839+0600] {processor.py:186} INFO - Started process (PID=578635) to work on /home/shamim/airflow_git/Airflow_project/air_venv/lib/python3.12/site-packages/airflow/example_dags/example_sensors.py
[2025-02-14T22:07:16.840+0600] {processor.py:914} INFO - Processing file /home/shamim/airflow_git/Airflow_project/air_venv/lib/python3.12/site-packages/airflow/example_dags/example_sensors.py for tasks to queue
[2025-02-14T22:07:16.843+0600] {logging_mixin.py:190} INFO - [2025-02-14T22:07:16.843+0600] {dagbag.py:588} INFO - Filling up the DagBag from /home/shamim/airflow_git/Airflow_project/air_venv/lib/python3.12/site-packages/airflow/example_dags/example_sensors.py
[2025-02-14T22:07:16.857+0600] {processor.py:925} INFO - DAG(s) 'example_sensors' retrieved from /home/shamim/airflow_git/Airflow_project/air_venv/lib/python3.12/site-packages/airflow/example_dags/example_sensors.py
[2025-02-14T22:07:16.906+0600] {logging_mixin.py:190} INFO - [2025-02-14T22:07:16.906+0600] {dag.py:3239} INFO - Sync 1 DAGs
[2025-02-14T22:07:16.929+0600] {logging_mixin.py:190} INFO - [2025-02-14T22:07:16.928+0600] {dag.py:4180} INFO - Setting next_dagrun for example_sensors to None, run_after=None
[2025-02-14T22:07:16.960+0600] {processor.py:208} INFO - Processing /home/shamim/airflow_git/Airflow_project/air_venv/lib/python3.12/site-packages/airflow/example_dags/example_sensors.py took 0.128 seconds
[2025-02-14T22:07:47.872+0600] {processor.py:186} INFO - Started process (PID=579193) to work on /home/shamim/airflow_git/Airflow_project/air_venv/lib/python3.12/site-packages/airflow/example_dags/example_sensors.py
[2025-02-14T22:07:47.873+0600] {processor.py:914} INFO - Processing file /home/shamim/airflow_git/Airflow_project/air_venv/lib/python3.12/site-packages/airflow/example_dags/example_sensors.py for tasks to queue
[2025-02-14T22:07:47.875+0600] {logging_mixin.py:190} INFO - [2025-02-14T22:07:47.874+0600] {dagbag.py:588} INFO - Filling up the DagBag from /home/shamim/airflow_git/Airflow_project/air_venv/lib/python3.12/site-packages/airflow/example_dags/example_sensors.py
[2025-02-14T22:07:47.891+0600] {processor.py:925} INFO - DAG(s) 'example_sensors' retrieved from /home/shamim/airflow_git/Airflow_project/air_venv/lib/python3.12/site-packages/airflow/example_dags/example_sensors.py
[2025-02-14T22:07:47.946+0600] {logging_mixin.py:190} INFO - [2025-02-14T22:07:47.946+0600] {dag.py:3239} INFO - Sync 1 DAGs
[2025-02-14T22:07:47.974+0600] {logging_mixin.py:190} INFO - [2025-02-14T22:07:47.973+0600] {dag.py:4180} INFO - Setting next_dagrun for example_sensors to None, run_after=None
[2025-02-14T22:07:48.032+0600] {processor.py:208} INFO - Processing /home/shamim/airflow_git/Airflow_project/air_venv/lib/python3.12/site-packages/airflow/example_dags/example_sensors.py took 0.169 seconds
[2025-02-14T22:08:18.575+0600] {processor.py:186} INFO - Started process (PID=579653) to work on /home/shamim/airflow_git/Airflow_project/air_venv/lib/python3.12/site-packages/airflow/example_dags/example_sensors.py
[2025-02-14T22:08:18.576+0600] {processor.py:914} INFO - Processing file /home/shamim/airflow_git/Airflow_project/air_venv/lib/python3.12/site-packages/airflow/example_dags/example_sensors.py for tasks to queue
[2025-02-14T22:08:18.578+0600] {logging_mixin.py:190} INFO - [2025-02-14T22:08:18.577+0600] {dagbag.py:588} INFO - Filling up the DagBag from /home/shamim/airflow_git/Airflow_project/air_venv/lib/python3.12/site-packages/airflow/example_dags/example_sensors.py
[2025-02-14T22:08:18.594+0600] {processor.py:925} INFO - DAG(s) 'example_sensors' retrieved from /home/shamim/airflow_git/Airflow_project/air_venv/lib/python3.12/site-packages/airflow/example_dags/example_sensors.py
[2025-02-14T22:08:18.640+0600] {logging_mixin.py:190} INFO - [2025-02-14T22:08:18.640+0600] {dag.py:3239} INFO - Sync 1 DAGs
[2025-02-14T22:08:18.658+0600] {logging_mixin.py:190} INFO - [2025-02-14T22:08:18.657+0600] {dag.py:4180} INFO - Setting next_dagrun for example_sensors to None, run_after=None
[2025-02-14T22:08:18.680+0600] {processor.py:208} INFO - Processing /home/shamim/airflow_git/Airflow_project/air_venv/lib/python3.12/site-packages/airflow/example_dags/example_sensors.py took 0.114 seconds
[2025-02-14T22:08:50.560+0600] {processor.py:186} INFO - Started process (PID=580131) to work on /home/shamim/airflow_git/Airflow_project/air_venv/lib/python3.12/site-packages/airflow/example_dags/example_sensors.py
[2025-02-14T22:08:50.562+0600] {processor.py:914} INFO - Processing file /home/shamim/airflow_git/Airflow_project/air_venv/lib/python3.12/site-packages/airflow/example_dags/example_sensors.py for tasks to queue
[2025-02-14T22:08:50.564+0600] {logging_mixin.py:190} INFO - [2025-02-14T22:08:50.564+0600] {dagbag.py:588} INFO - Filling up the DagBag from /home/shamim/airflow_git/Airflow_project/air_venv/lib/python3.12/site-packages/airflow/example_dags/example_sensors.py
[2025-02-14T22:08:50.610+0600] {processor.py:925} INFO - DAG(s) 'example_sensors' retrieved from /home/shamim/airflow_git/Airflow_project/air_venv/lib/python3.12/site-packages/airflow/example_dags/example_sensors.py
[2025-02-14T22:08:50.730+0600] {logging_mixin.py:190} INFO - [2025-02-14T22:08:50.729+0600] {dag.py:3239} INFO - Sync 1 DAGs
[2025-02-14T22:08:50.796+0600] {logging_mixin.py:190} INFO - [2025-02-14T22:08:50.796+0600] {dag.py:4180} INFO - Setting next_dagrun for example_sensors to None, run_after=None
[2025-02-14T22:08:50.888+0600] {processor.py:208} INFO - Processing /home/shamim/airflow_git/Airflow_project/air_venv/lib/python3.12/site-packages/airflow/example_dags/example_sensors.py took 0.344 seconds
[2025-02-14T22:09:21.029+0600] {processor.py:186} INFO - Started process (PID=580552) to work on /home/shamim/airflow_git/Airflow_project/air_venv/lib/python3.12/site-packages/airflow/example_dags/example_sensors.py
[2025-02-14T22:09:21.030+0600] {processor.py:914} INFO - Processing file /home/shamim/airflow_git/Airflow_project/air_venv/lib/python3.12/site-packages/airflow/example_dags/example_sensors.py for tasks to queue
[2025-02-14T22:09:21.031+0600] {logging_mixin.py:190} INFO - [2025-02-14T22:09:21.031+0600] {dagbag.py:588} INFO - Filling up the DagBag from /home/shamim/airflow_git/Airflow_project/air_venv/lib/python3.12/site-packages/airflow/example_dags/example_sensors.py
[2025-02-14T22:09:21.048+0600] {processor.py:925} INFO - DAG(s) 'example_sensors' retrieved from /home/shamim/airflow_git/Airflow_project/air_venv/lib/python3.12/site-packages/airflow/example_dags/example_sensors.py
[2025-02-14T22:09:21.115+0600] {logging_mixin.py:190} INFO - [2025-02-14T22:09:21.115+0600] {dag.py:3239} INFO - Sync 1 DAGs
[2025-02-14T22:09:21.165+0600] {logging_mixin.py:190} INFO - [2025-02-14T22:09:21.165+0600] {dag.py:4180} INFO - Setting next_dagrun for example_sensors to None, run_after=None
[2025-02-14T22:09:21.242+0600] {processor.py:208} INFO - Processing /home/shamim/airflow_git/Airflow_project/air_venv/lib/python3.12/site-packages/airflow/example_dags/example_sensors.py took 0.221 seconds
[2025-02-14T22:09:51.749+0600] {processor.py:186} INFO - Started process (PID=581087) to work on /home/shamim/airflow_git/Airflow_project/air_venv/lib/python3.12/site-packages/airflow/example_dags/example_sensors.py
[2025-02-14T22:09:51.751+0600] {processor.py:914} INFO - Processing file /home/shamim/airflow_git/Airflow_project/air_venv/lib/python3.12/site-packages/airflow/example_dags/example_sensors.py for tasks to queue
[2025-02-14T22:09:51.753+0600] {logging_mixin.py:190} INFO - [2025-02-14T22:09:51.752+0600] {dagbag.py:588} INFO - Filling up the DagBag from /home/shamim/airflow_git/Airflow_project/air_venv/lib/python3.12/site-packages/airflow/example_dags/example_sensors.py
[2025-02-14T22:09:51.768+0600] {processor.py:925} INFO - DAG(s) 'example_sensors' retrieved from /home/shamim/airflow_git/Airflow_project/air_venv/lib/python3.12/site-packages/airflow/example_dags/example_sensors.py
[2025-02-14T22:09:51.812+0600] {logging_mixin.py:190} INFO - [2025-02-14T22:09:51.812+0600] {dag.py:3239} INFO - Sync 1 DAGs
[2025-02-14T22:09:51.831+0600] {logging_mixin.py:190} INFO - [2025-02-14T22:09:51.830+0600] {dag.py:4180} INFO - Setting next_dagrun for example_sensors to None, run_after=None
[2025-02-14T22:09:51.858+0600] {processor.py:208} INFO - Processing /home/shamim/airflow_git/Airflow_project/air_venv/lib/python3.12/site-packages/airflow/example_dags/example_sensors.py took 0.119 seconds
