[2025-02-14T21:56:28.431+0600] {processor.py:186} INFO - Started process (PID=572715) to work on /home/shamim/airflow_git/Airflow_project/air_venv/lib/python3.12/site-packages/airflow/example_dags/example_dag_decorator.py
[2025-02-14T21:56:28.432+0600] {processor.py:914} INFO - Processing file /home/shamim/airflow_git/Airflow_project/air_venv/lib/python3.12/site-packages/airflow/example_dags/example_dag_decorator.py for tasks to queue
[2025-02-14T21:56:28.434+0600] {logging_mixin.py:190} INFO - [2025-02-14T21:56:28.434+0600] {dagbag.py:588} INFO - Filling up the DagBag from /home/shamim/airflow_git/Airflow_project/air_venv/lib/python3.12/site-packages/airflow/example_dags/example_dag_decorator.py
[2025-02-14T21:56:28.488+0600] {processor.py:925} INFO - DAG(s) 'example_dag_decorator' retrieved from /home/shamim/airflow_git/Airflow_project/air_venv/lib/python3.12/site-packages/airflow/example_dags/example_dag_decorator.py
[2025-02-14T21:56:28.752+0600] {logging_mixin.py:190} INFO - [2025-02-14T21:56:28.751+0600] {dag.py:3239} INFO - Sync 1 DAGs
[2025-02-14T21:56:28.786+0600] {logging_mixin.py:190} INFO - [2025-02-14T21:56:28.786+0600] {dag.py:4180} INFO - Setting next_dagrun for example_dag_decorator to None, run_after=None
[2025-02-14T21:56:28.820+0600] {processor.py:208} INFO - Processing /home/shamim/airflow_git/Airflow_project/air_venv/lib/python3.12/site-packages/airflow/example_dags/example_dag_decorator.py took 0.406 seconds
[2025-02-14T21:56:59.030+0600] {processor.py:186} INFO - Started process (PID=573127) to work on /home/shamim/airflow_git/Airflow_project/air_venv/lib/python3.12/site-packages/airflow/example_dags/example_dag_decorator.py
[2025-02-14T21:56:59.031+0600] {processor.py:914} INFO - Processing file /home/shamim/airflow_git/Airflow_project/air_venv/lib/python3.12/site-packages/airflow/example_dags/example_dag_decorator.py for tasks to queue
[2025-02-14T21:56:59.033+0600] {logging_mixin.py:190} INFO - [2025-02-14T21:56:59.032+0600] {dagbag.py:588} INFO - Filling up the DagBag from /home/shamim/airflow_git/Airflow_project/air_venv/lib/python3.12/site-packages/airflow/example_dags/example_dag_decorator.py
[2025-02-14T21:56:59.049+0600] {processor.py:925} INFO - DAG(s) 'example_dag_decorator' retrieved from /home/shamim/airflow_git/Airflow_project/air_venv/lib/python3.12/site-packages/airflow/example_dags/example_dag_decorator.py
[2025-02-14T21:56:59.222+0600] {logging_mixin.py:190} INFO - [2025-02-14T21:56:59.222+0600] {dag.py:3239} INFO - Sync 1 DAGs
[2025-02-14T21:56:59.241+0600] {logging_mixin.py:190} INFO - [2025-02-14T21:56:59.241+0600] {dag.py:4180} INFO - Setting next_dagrun for example_dag_decorator to None, run_after=None
[2025-02-14T21:56:59.277+0600] {processor.py:208} INFO - Processing /home/shamim/airflow_git/Airflow_project/air_venv/lib/python3.12/site-packages/airflow/example_dags/example_dag_decorator.py took 0.257 seconds
[2025-02-14T21:57:29.960+0600] {processor.py:186} INFO - Started process (PID=573541) to work on /home/shamim/airflow_git/Airflow_project/air_venv/lib/python3.12/site-packages/airflow/example_dags/example_dag_decorator.py
[2025-02-14T21:57:29.964+0600] {processor.py:914} INFO - Processing file /home/shamim/airflow_git/Airflow_project/air_venv/lib/python3.12/site-packages/airflow/example_dags/example_dag_decorator.py for tasks to queue
[2025-02-14T21:57:29.966+0600] {logging_mixin.py:190} INFO - [2025-02-14T21:57:29.966+0600] {dagbag.py:588} INFO - Filling up the DagBag from /home/shamim/airflow_git/Airflow_project/air_venv/lib/python3.12/site-packages/airflow/example_dags/example_dag_decorator.py
[2025-02-14T21:57:29.987+0600] {processor.py:925} INFO - DAG(s) 'example_dag_decorator' retrieved from /home/shamim/airflow_git/Airflow_project/air_venv/lib/python3.12/site-packages/airflow/example_dags/example_dag_decorator.py
[2025-02-14T21:57:30.214+0600] {logging_mixin.py:190} INFO - [2025-02-14T21:57:30.214+0600] {dag.py:3239} INFO - Sync 1 DAGs
[2025-02-14T21:57:30.232+0600] {logging_mixin.py:190} INFO - [2025-02-14T21:57:30.231+0600] {dag.py:4180} INFO - Setting next_dagrun for example_dag_decorator to None, run_after=None
[2025-02-14T21:57:30.257+0600] {processor.py:208} INFO - Processing /home/shamim/airflow_git/Airflow_project/air_venv/lib/python3.12/site-packages/airflow/example_dags/example_dag_decorator.py took 0.313 seconds
[2025-02-14T22:02:36.165+0600] {processor.py:186} INFO - Started process (PID=574391) to work on /home/shamim/airflow_git/Airflow_project/air_venv/lib/python3.12/site-packages/airflow/example_dags/example_dag_decorator.py
[2025-02-14T22:02:36.166+0600] {processor.py:914} INFO - Processing file /home/shamim/airflow_git/Airflow_project/air_venv/lib/python3.12/site-packages/airflow/example_dags/example_dag_decorator.py for tasks to queue
[2025-02-14T22:02:36.170+0600] {logging_mixin.py:190} INFO - [2025-02-14T22:02:36.169+0600] {dagbag.py:588} INFO - Filling up the DagBag from /home/shamim/airflow_git/Airflow_project/air_venv/lib/python3.12/site-packages/airflow/example_dags/example_dag_decorator.py
[2025-02-14T22:02:36.185+0600] {processor.py:925} INFO - DAG(s) 'example_dag_decorator' retrieved from /home/shamim/airflow_git/Airflow_project/air_venv/lib/python3.12/site-packages/airflow/example_dags/example_dag_decorator.py
[2025-02-14T22:02:36.377+0600] {logging_mixin.py:190} INFO - [2025-02-14T22:02:36.377+0600] {dag.py:3239} INFO - Sync 1 DAGs
[2025-02-14T22:02:36.400+0600] {logging_mixin.py:190} INFO - [2025-02-14T22:02:36.399+0600] {dag.py:4180} INFO - Setting next_dagrun for example_dag_decorator to None, run_after=None
[2025-02-14T22:02:36.434+0600] {processor.py:208} INFO - Processing /home/shamim/airflow_git/Airflow_project/air_venv/lib/python3.12/site-packages/airflow/example_dags/example_dag_decorator.py took 0.277 seconds
[2025-02-14T22:03:07.649+0600] {processor.py:186} INFO - Started process (PID=574846) to work on /home/shamim/airflow_git/Airflow_project/air_venv/lib/python3.12/site-packages/airflow/example_dags/example_dag_decorator.py
[2025-02-14T22:03:07.650+0600] {processor.py:914} INFO - Processing file /home/shamim/airflow_git/Airflow_project/air_venv/lib/python3.12/site-packages/airflow/example_dags/example_dag_decorator.py for tasks to queue
[2025-02-14T22:03:07.653+0600] {logging_mixin.py:190} INFO - [2025-02-14T22:03:07.653+0600] {dagbag.py:588} INFO - Filling up the DagBag from /home/shamim/airflow_git/Airflow_project/air_venv/lib/python3.12/site-packages/airflow/example_dags/example_dag_decorator.py
[2025-02-14T22:03:07.671+0600] {processor.py:925} INFO - DAG(s) 'example_dag_decorator' retrieved from /home/shamim/airflow_git/Airflow_project/air_venv/lib/python3.12/site-packages/airflow/example_dags/example_dag_decorator.py
[2025-02-14T22:03:07.886+0600] {logging_mixin.py:190} INFO - [2025-02-14T22:03:07.886+0600] {dag.py:3239} INFO - Sync 1 DAGs
[2025-02-14T22:03:07.907+0600] {logging_mixin.py:190} INFO - [2025-02-14T22:03:07.906+0600] {dag.py:4180} INFO - Setting next_dagrun for example_dag_decorator to None, run_after=None
[2025-02-14T22:03:07.941+0600] {processor.py:208} INFO - Processing /home/shamim/airflow_git/Airflow_project/air_venv/lib/python3.12/site-packages/airflow/example_dags/example_dag_decorator.py took 0.301 seconds
[2025-02-14T22:03:38.693+0600] {processor.py:186} INFO - Started process (PID=575264) to work on /home/shamim/airflow_git/Airflow_project/air_venv/lib/python3.12/site-packages/airflow/example_dags/example_dag_decorator.py
[2025-02-14T22:03:38.694+0600] {processor.py:914} INFO - Processing file /home/shamim/airflow_git/Airflow_project/air_venv/lib/python3.12/site-packages/airflow/example_dags/example_dag_decorator.py for tasks to queue
[2025-02-14T22:03:38.696+0600] {logging_mixin.py:190} INFO - [2025-02-14T22:03:38.696+0600] {dagbag.py:588} INFO - Filling up the DagBag from /home/shamim/airflow_git/Airflow_project/air_venv/lib/python3.12/site-packages/airflow/example_dags/example_dag_decorator.py
[2025-02-14T22:03:38.713+0600] {processor.py:925} INFO - DAG(s) 'example_dag_decorator' retrieved from /home/shamim/airflow_git/Airflow_project/air_venv/lib/python3.12/site-packages/airflow/example_dags/example_dag_decorator.py
[2025-02-14T22:03:38.992+0600] {logging_mixin.py:190} INFO - [2025-02-14T22:03:38.992+0600] {dag.py:3239} INFO - Sync 1 DAGs
[2025-02-14T22:03:39.026+0600] {logging_mixin.py:190} INFO - [2025-02-14T22:03:39.025+0600] {dag.py:4180} INFO - Setting next_dagrun for example_dag_decorator to None, run_after=None
[2025-02-14T22:03:39.069+0600] {processor.py:208} INFO - Processing /home/shamim/airflow_git/Airflow_project/air_venv/lib/python3.12/site-packages/airflow/example_dags/example_dag_decorator.py took 0.387 seconds
[2025-02-14T22:04:10.569+0600] {processor.py:186} INFO - Started process (PID=575686) to work on /home/shamim/airflow_git/Airflow_project/air_venv/lib/python3.12/site-packages/airflow/example_dags/example_dag_decorator.py
[2025-02-14T22:04:10.570+0600] {processor.py:914} INFO - Processing file /home/shamim/airflow_git/Airflow_project/air_venv/lib/python3.12/site-packages/airflow/example_dags/example_dag_decorator.py for tasks to queue
[2025-02-14T22:04:10.573+0600] {logging_mixin.py:190} INFO - [2025-02-14T22:04:10.573+0600] {dagbag.py:588} INFO - Filling up the DagBag from /home/shamim/airflow_git/Airflow_project/air_venv/lib/python3.12/site-packages/airflow/example_dags/example_dag_decorator.py
[2025-02-14T22:04:10.589+0600] {processor.py:925} INFO - DAG(s) 'example_dag_decorator' retrieved from /home/shamim/airflow_git/Airflow_project/air_venv/lib/python3.12/site-packages/airflow/example_dags/example_dag_decorator.py
[2025-02-14T22:04:10.832+0600] {logging_mixin.py:190} INFO - [2025-02-14T22:04:10.832+0600] {dag.py:3239} INFO - Sync 1 DAGs
[2025-02-14T22:04:10.857+0600] {logging_mixin.py:190} INFO - [2025-02-14T22:04:10.857+0600] {dag.py:4180} INFO - Setting next_dagrun for example_dag_decorator to None, run_after=None
[2025-02-14T22:04:10.891+0600] {processor.py:208} INFO - Processing /home/shamim/airflow_git/Airflow_project/air_venv/lib/python3.12/site-packages/airflow/example_dags/example_dag_decorator.py took 0.332 seconds
[2025-02-14T22:04:42.239+0600] {processor.py:186} INFO - Started process (PID=576108) to work on /home/shamim/airflow_git/Airflow_project/air_venv/lib/python3.12/site-packages/airflow/example_dags/example_dag_decorator.py
[2025-02-14T22:04:42.240+0600] {processor.py:914} INFO - Processing file /home/shamim/airflow_git/Airflow_project/air_venv/lib/python3.12/site-packages/airflow/example_dags/example_dag_decorator.py for tasks to queue
[2025-02-14T22:04:42.244+0600] {logging_mixin.py:190} INFO - [2025-02-14T22:04:42.243+0600] {dagbag.py:588} INFO - Filling up the DagBag from /home/shamim/airflow_git/Airflow_project/air_venv/lib/python3.12/site-packages/airflow/example_dags/example_dag_decorator.py
[2025-02-14T22:04:42.265+0600] {processor.py:925} INFO - DAG(s) 'example_dag_decorator' retrieved from /home/shamim/airflow_git/Airflow_project/air_venv/lib/python3.12/site-packages/airflow/example_dags/example_dag_decorator.py
[2025-02-14T22:04:42.502+0600] {logging_mixin.py:190} INFO - [2025-02-14T22:04:42.501+0600] {dag.py:3239} INFO - Sync 1 DAGs
[2025-02-14T22:04:42.525+0600] {logging_mixin.py:190} INFO - [2025-02-14T22:04:42.525+0600] {dag.py:4180} INFO - Setting next_dagrun for example_dag_decorator to None, run_after=None
[2025-02-14T22:04:42.566+0600] {processor.py:208} INFO - Processing /home/shamim/airflow_git/Airflow_project/air_venv/lib/python3.12/site-packages/airflow/example_dags/example_dag_decorator.py took 0.338 seconds
[2025-02-14T22:05:17.863+0600] {processor.py:186} INFO - Started process (PID=576688) to work on /home/shamim/airflow_git/Airflow_project/air_venv/lib/python3.12/site-packages/airflow/example_dags/example_dag_decorator.py
[2025-02-14T22:05:17.868+0600] {processor.py:914} INFO - Processing file /home/shamim/airflow_git/Airflow_project/air_venv/lib/python3.12/site-packages/airflow/example_dags/example_dag_decorator.py for tasks to queue
[2025-02-14T22:05:17.874+0600] {logging_mixin.py:190} INFO - [2025-02-14T22:05:17.873+0600] {dagbag.py:588} INFO - Filling up the DagBag from /home/shamim/airflow_git/Airflow_project/air_venv/lib/python3.12/site-packages/airflow/example_dags/example_dag_decorator.py
[2025-02-14T22:05:17.919+0600] {processor.py:925} INFO - DAG(s) 'example_dag_decorator' retrieved from /home/shamim/airflow_git/Airflow_project/air_venv/lib/python3.12/site-packages/airflow/example_dags/example_dag_decorator.py
[2025-02-14T22:05:18.218+0600] {logging_mixin.py:190} INFO - [2025-02-14T22:05:18.218+0600] {dag.py:3239} INFO - Sync 1 DAGs
[2025-02-14T22:05:18.245+0600] {logging_mixin.py:190} INFO - [2025-02-14T22:05:18.245+0600] {dag.py:4180} INFO - Setting next_dagrun for example_dag_decorator to None, run_after=None
[2025-02-14T22:05:18.291+0600] {processor.py:208} INFO - Processing /home/shamim/airflow_git/Airflow_project/air_venv/lib/python3.12/site-packages/airflow/example_dags/example_dag_decorator.py took 0.444 seconds
[2025-02-14T22:05:55.423+0600] {processor.py:186} INFO - Started process (PID=577367) to work on /home/shamim/airflow_git/Airflow_project/air_venv/lib/python3.12/site-packages/airflow/example_dags/example_dag_decorator.py
[2025-02-14T22:05:55.424+0600] {processor.py:914} INFO - Processing file /home/shamim/airflow_git/Airflow_project/air_venv/lib/python3.12/site-packages/airflow/example_dags/example_dag_decorator.py for tasks to queue
[2025-02-14T22:05:55.428+0600] {logging_mixin.py:190} INFO - [2025-02-14T22:05:55.428+0600] {dagbag.py:588} INFO - Filling up the DagBag from /home/shamim/airflow_git/Airflow_project/air_venv/lib/python3.12/site-packages/airflow/example_dags/example_dag_decorator.py
[2025-02-14T22:05:55.451+0600] {processor.py:925} INFO - DAG(s) 'example_dag_decorator' retrieved from /home/shamim/airflow_git/Airflow_project/air_venv/lib/python3.12/site-packages/airflow/example_dags/example_dag_decorator.py
[2025-02-14T22:05:55.773+0600] {logging_mixin.py:190} INFO - [2025-02-14T22:05:55.772+0600] {dag.py:3239} INFO - Sync 1 DAGs
[2025-02-14T22:05:55.796+0600] {logging_mixin.py:190} INFO - [2025-02-14T22:05:55.795+0600] {dag.py:4180} INFO - Setting next_dagrun for example_dag_decorator to None, run_after=None
[2025-02-14T22:05:55.827+0600] {processor.py:208} INFO - Processing /home/shamim/airflow_git/Airflow_project/air_venv/lib/python3.12/site-packages/airflow/example_dags/example_dag_decorator.py took 0.415 seconds
[2025-02-14T22:06:26.703+0600] {processor.py:186} INFO - Started process (PID=577906) to work on /home/shamim/airflow_git/Airflow_project/air_venv/lib/python3.12/site-packages/airflow/example_dags/example_dag_decorator.py
[2025-02-14T22:06:26.705+0600] {processor.py:914} INFO - Processing file /home/shamim/airflow_git/Airflow_project/air_venv/lib/python3.12/site-packages/airflow/example_dags/example_dag_decorator.py for tasks to queue
[2025-02-14T22:06:26.710+0600] {logging_mixin.py:190} INFO - [2025-02-14T22:06:26.710+0600] {dagbag.py:588} INFO - Filling up the DagBag from /home/shamim/airflow_git/Airflow_project/air_venv/lib/python3.12/site-packages/airflow/example_dags/example_dag_decorator.py
[2025-02-14T22:06:26.749+0600] {processor.py:925} INFO - DAG(s) 'example_dag_decorator' retrieved from /home/shamim/airflow_git/Airflow_project/air_venv/lib/python3.12/site-packages/airflow/example_dags/example_dag_decorator.py
[2025-02-14T22:06:26.868+0600] {logging_mixin.py:190} INFO - [2025-02-14T22:06:26.868+0600] {dag.py:3239} INFO - Sync 1 DAGs
[2025-02-14T22:06:26.911+0600] {logging_mixin.py:190} INFO - [2025-02-14T22:06:26.910+0600] {dag.py:4180} INFO - Setting next_dagrun for example_dag_decorator to None, run_after=None
[2025-02-14T22:06:26.964+0600] {processor.py:208} INFO - Processing /home/shamim/airflow_git/Airflow_project/air_venv/lib/python3.12/site-packages/airflow/example_dags/example_dag_decorator.py took 0.280 seconds
[2025-02-14T22:06:58.182+0600] {processor.py:186} INFO - Started process (PID=578342) to work on /home/shamim/airflow_git/Airflow_project/air_venv/lib/python3.12/site-packages/airflow/example_dags/example_dag_decorator.py
[2025-02-14T22:06:58.183+0600] {processor.py:914} INFO - Processing file /home/shamim/airflow_git/Airflow_project/air_venv/lib/python3.12/site-packages/airflow/example_dags/example_dag_decorator.py for tasks to queue
[2025-02-14T22:06:58.186+0600] {logging_mixin.py:190} INFO - [2025-02-14T22:06:58.186+0600] {dagbag.py:588} INFO - Filling up the DagBag from /home/shamim/airflow_git/Airflow_project/air_venv/lib/python3.12/site-packages/airflow/example_dags/example_dag_decorator.py
[2025-02-14T22:06:58.202+0600] {processor.py:925} INFO - DAG(s) 'example_dag_decorator' retrieved from /home/shamim/airflow_git/Airflow_project/air_venv/lib/python3.12/site-packages/airflow/example_dags/example_dag_decorator.py
[2025-02-14T22:06:58.423+0600] {logging_mixin.py:190} INFO - [2025-02-14T22:06:58.422+0600] {dag.py:3239} INFO - Sync 1 DAGs
[2025-02-14T22:06:58.444+0600] {logging_mixin.py:190} INFO - [2025-02-14T22:06:58.444+0600] {dag.py:4180} INFO - Setting next_dagrun for example_dag_decorator to None, run_after=None
[2025-02-14T22:06:58.476+0600] {processor.py:208} INFO - Processing /home/shamim/airflow_git/Airflow_project/air_venv/lib/python3.12/site-packages/airflow/example_dags/example_dag_decorator.py took 0.302 seconds
[2025-02-14T22:07:29.880+0600] {processor.py:186} INFO - Started process (PID=578817) to work on /home/shamim/airflow_git/Airflow_project/air_venv/lib/python3.12/site-packages/airflow/example_dags/example_dag_decorator.py
[2025-02-14T22:07:29.881+0600] {processor.py:914} INFO - Processing file /home/shamim/airflow_git/Airflow_project/air_venv/lib/python3.12/site-packages/airflow/example_dags/example_dag_decorator.py for tasks to queue
[2025-02-14T22:07:29.885+0600] {logging_mixin.py:190} INFO - [2025-02-14T22:07:29.884+0600] {dagbag.py:588} INFO - Filling up the DagBag from /home/shamim/airflow_git/Airflow_project/air_venv/lib/python3.12/site-packages/airflow/example_dags/example_dag_decorator.py
[2025-02-14T22:07:29.905+0600] {processor.py:925} INFO - DAG(s) 'example_dag_decorator' retrieved from /home/shamim/airflow_git/Airflow_project/air_venv/lib/python3.12/site-packages/airflow/example_dags/example_dag_decorator.py
[2025-02-14T22:07:30.147+0600] {logging_mixin.py:190} INFO - [2025-02-14T22:07:30.146+0600] {dag.py:3239} INFO - Sync 1 DAGs
[2025-02-14T22:07:30.175+0600] {logging_mixin.py:190} INFO - [2025-02-14T22:07:30.174+0600] {dag.py:4180} INFO - Setting next_dagrun for example_dag_decorator to None, run_after=None
[2025-02-14T22:07:30.207+0600] {processor.py:208} INFO - Processing /home/shamim/airflow_git/Airflow_project/air_venv/lib/python3.12/site-packages/airflow/example_dags/example_dag_decorator.py took 0.336 seconds
[2025-02-14T22:08:01.731+0600] {processor.py:186} INFO - Started process (PID=579375) to work on /home/shamim/airflow_git/Airflow_project/air_venv/lib/python3.12/site-packages/airflow/example_dags/example_dag_decorator.py
[2025-02-14T22:08:01.732+0600] {processor.py:914} INFO - Processing file /home/shamim/airflow_git/Airflow_project/air_venv/lib/python3.12/site-packages/airflow/example_dags/example_dag_decorator.py for tasks to queue
[2025-02-14T22:08:01.734+0600] {logging_mixin.py:190} INFO - [2025-02-14T22:08:01.733+0600] {dagbag.py:588} INFO - Filling up the DagBag from /home/shamim/airflow_git/Airflow_project/air_venv/lib/python3.12/site-packages/airflow/example_dags/example_dag_decorator.py
[2025-02-14T22:08:01.760+0600] {processor.py:925} INFO - DAG(s) 'example_dag_decorator' retrieved from /home/shamim/airflow_git/Airflow_project/air_venv/lib/python3.12/site-packages/airflow/example_dags/example_dag_decorator.py
[2025-02-14T22:08:02.080+0600] {logging_mixin.py:190} INFO - [2025-02-14T22:08:02.080+0600] {dag.py:3239} INFO - Sync 1 DAGs
[2025-02-14T22:08:02.104+0600] {logging_mixin.py:190} INFO - [2025-02-14T22:08:02.104+0600] {dag.py:4180} INFO - Setting next_dagrun for example_dag_decorator to None, run_after=None
[2025-02-14T22:08:02.138+0600] {processor.py:208} INFO - Processing /home/shamim/airflow_git/Airflow_project/air_venv/lib/python3.12/site-packages/airflow/example_dags/example_dag_decorator.py took 0.419 seconds
[2025-02-14T22:08:34.178+0600] {processor.py:186} INFO - Started process (PID=579836) to work on /home/shamim/airflow_git/Airflow_project/air_venv/lib/python3.12/site-packages/airflow/example_dags/example_dag_decorator.py
[2025-02-14T22:08:34.179+0600] {processor.py:914} INFO - Processing file /home/shamim/airflow_git/Airflow_project/air_venv/lib/python3.12/site-packages/airflow/example_dags/example_dag_decorator.py for tasks to queue
[2025-02-14T22:08:34.181+0600] {logging_mixin.py:190} INFO - [2025-02-14T22:08:34.180+0600] {dagbag.py:588} INFO - Filling up the DagBag from /home/shamim/airflow_git/Airflow_project/air_venv/lib/python3.12/site-packages/airflow/example_dags/example_dag_decorator.py
[2025-02-14T22:08:34.231+0600] {processor.py:925} INFO - DAG(s) 'example_dag_decorator' retrieved from /home/shamim/airflow_git/Airflow_project/air_venv/lib/python3.12/site-packages/airflow/example_dags/example_dag_decorator.py
[2025-02-14T22:08:34.600+0600] {logging_mixin.py:190} INFO - [2025-02-14T22:08:34.600+0600] {dag.py:3239} INFO - Sync 1 DAGs
[2025-02-14T22:08:34.642+0600] {logging_mixin.py:190} INFO - [2025-02-14T22:08:34.641+0600] {dag.py:4180} INFO - Setting next_dagrun for example_dag_decorator to None, run_after=None
[2025-02-14T22:08:34.713+0600] {processor.py:208} INFO - Processing /home/shamim/airflow_git/Airflow_project/air_venv/lib/python3.12/site-packages/airflow/example_dags/example_dag_decorator.py took 0.581 seconds
[2025-02-14T22:09:05.042+0600] {processor.py:186} INFO - Started process (PID=580258) to work on /home/shamim/airflow_git/Airflow_project/air_venv/lib/python3.12/site-packages/airflow/example_dags/example_dag_decorator.py
[2025-02-14T22:09:05.045+0600] {processor.py:914} INFO - Processing file /home/shamim/airflow_git/Airflow_project/air_venv/lib/python3.12/site-packages/airflow/example_dags/example_dag_decorator.py for tasks to queue
[2025-02-14T22:09:05.046+0600] {logging_mixin.py:190} INFO - [2025-02-14T22:09:05.046+0600] {dagbag.py:588} INFO - Filling up the DagBag from /home/shamim/airflow_git/Airflow_project/air_venv/lib/python3.12/site-packages/airflow/example_dags/example_dag_decorator.py
[2025-02-14T22:09:05.064+0600] {processor.py:925} INFO - DAG(s) 'example_dag_decorator' retrieved from /home/shamim/airflow_git/Airflow_project/air_venv/lib/python3.12/site-packages/airflow/example_dags/example_dag_decorator.py
[2025-02-14T22:09:05.283+0600] {logging_mixin.py:190} INFO - [2025-02-14T22:09:05.283+0600] {dag.py:3239} INFO - Sync 1 DAGs
[2025-02-14T22:09:05.300+0600] {logging_mixin.py:190} INFO - [2025-02-14T22:09:05.300+0600] {dag.py:4180} INFO - Setting next_dagrun for example_dag_decorator to None, run_after=None
[2025-02-14T22:09:05.365+0600] {processor.py:208} INFO - Processing /home/shamim/airflow_git/Airflow_project/air_venv/lib/python3.12/site-packages/airflow/example_dags/example_dag_decorator.py took 0.334 seconds
[2025-02-14T22:09:36.707+0600] {processor.py:186} INFO - Started process (PID=580808) to work on /home/shamim/airflow_git/Airflow_project/air_venv/lib/python3.12/site-packages/airflow/example_dags/example_dag_decorator.py
[2025-02-14T22:09:36.709+0600] {processor.py:914} INFO - Processing file /home/shamim/airflow_git/Airflow_project/air_venv/lib/python3.12/site-packages/airflow/example_dags/example_dag_decorator.py for tasks to queue
[2025-02-14T22:09:36.711+0600] {logging_mixin.py:190} INFO - [2025-02-14T22:09:36.710+0600] {dagbag.py:588} INFO - Filling up the DagBag from /home/shamim/airflow_git/Airflow_project/air_venv/lib/python3.12/site-packages/airflow/example_dags/example_dag_decorator.py
[2025-02-14T22:09:36.735+0600] {processor.py:925} INFO - DAG(s) 'example_dag_decorator' retrieved from /home/shamim/airflow_git/Airflow_project/air_venv/lib/python3.12/site-packages/airflow/example_dags/example_dag_decorator.py
[2025-02-14T22:09:37.077+0600] {logging_mixin.py:190} INFO - [2025-02-14T22:09:37.076+0600] {dag.py:3239} INFO - Sync 1 DAGs
[2025-02-14T22:09:37.111+0600] {logging_mixin.py:190} INFO - [2025-02-14T22:09:37.110+0600] {dag.py:4180} INFO - Setting next_dagrun for example_dag_decorator to None, run_after=None
[2025-02-14T22:09:37.155+0600] {processor.py:208} INFO - Processing /home/shamim/airflow_git/Airflow_project/air_venv/lib/python3.12/site-packages/airflow/example_dags/example_dag_decorator.py took 0.461 seconds
[2025-02-14T22:10:07.478+0600] {processor.py:186} INFO - Started process (PID=581256) to work on /home/shamim/airflow_git/Airflow_project/air_venv/lib/python3.12/site-packages/airflow/example_dags/example_dag_decorator.py
[2025-02-14T22:10:07.480+0600] {processor.py:914} INFO - Processing file /home/shamim/airflow_git/Airflow_project/air_venv/lib/python3.12/site-packages/airflow/example_dags/example_dag_decorator.py for tasks to queue
[2025-02-14T22:10:07.482+0600] {logging_mixin.py:190} INFO - [2025-02-14T22:10:07.481+0600] {dagbag.py:588} INFO - Filling up the DagBag from /home/shamim/airflow_git/Airflow_project/air_venv/lib/python3.12/site-packages/airflow/example_dags/example_dag_decorator.py
[2025-02-14T22:10:07.502+0600] {processor.py:925} INFO - DAG(s) 'example_dag_decorator' retrieved from /home/shamim/airflow_git/Airflow_project/air_venv/lib/python3.12/site-packages/airflow/example_dags/example_dag_decorator.py
[2025-02-14T22:10:07.759+0600] {logging_mixin.py:190} INFO - [2025-02-14T22:10:07.758+0600] {dag.py:3239} INFO - Sync 1 DAGs
[2025-02-14T22:10:07.784+0600] {logging_mixin.py:190} INFO - [2025-02-14T22:10:07.783+0600] {dag.py:4180} INFO - Setting next_dagrun for example_dag_decorator to None, run_after=None
[2025-02-14T22:10:07.821+0600] {processor.py:208} INFO - Processing /home/shamim/airflow_git/Airflow_project/air_venv/lib/python3.12/site-packages/airflow/example_dags/example_dag_decorator.py took 0.353 seconds
