[2025-02-14T21:56:20.342+0600] {processor.py:186} INFO - Started process (PID=572554) to work on /home/shamim/airflow_git/Airflow_project/air_venv/lib/python3.12/site-packages/airflow/example_dags/example_short_circuit_operator.py
[2025-02-14T21:56:20.343+0600] {processor.py:914} INFO - Processing file /home/shamim/airflow_git/Airflow_project/air_venv/lib/python3.12/site-packages/airflow/example_dags/example_short_circuit_operator.py for tasks to queue
[2025-02-14T21:56:20.345+0600] {logging_mixin.py:190} INFO - [2025-02-14T21:56:20.345+0600] {dagbag.py:588} INFO - Filling up the DagBag from /home/shamim/airflow_git/Airflow_project/air_venv/lib/python3.12/site-packages/airflow/example_dags/example_short_circuit_operator.py
[2025-02-14T21:56:20.363+0600] {processor.py:925} INFO - DAG(s) 'example_short_circuit_operator' retrieved from /home/shamim/airflow_git/Airflow_project/air_venv/lib/python3.12/site-packages/airflow/example_dags/example_short_circuit_operator.py
[2025-02-14T21:56:20.622+0600] {logging_mixin.py:190} INFO - [2025-02-14T21:56:20.622+0600] {dag.py:3239} INFO - Sync 1 DAGs
[2025-02-14T21:56:20.641+0600] {logging_mixin.py:190} INFO - [2025-02-14T21:56:20.641+0600] {dag.py:4180} INFO - Setting next_dagrun for example_short_circuit_operator to None, run_after=None
[2025-02-14T21:56:20.674+0600] {processor.py:208} INFO - Processing /home/shamim/airflow_git/Airflow_project/air_venv/lib/python3.12/site-packages/airflow/example_dags/example_short_circuit_operator.py took 0.351 seconds
[2025-02-14T21:56:51.611+0600] {processor.py:186} INFO - Started process (PID=572968) to work on /home/shamim/airflow_git/Airflow_project/air_venv/lib/python3.12/site-packages/airflow/example_dags/example_short_circuit_operator.py
[2025-02-14T21:56:51.613+0600] {processor.py:914} INFO - Processing file /home/shamim/airflow_git/Airflow_project/air_venv/lib/python3.12/site-packages/airflow/example_dags/example_short_circuit_operator.py for tasks to queue
[2025-02-14T21:56:51.615+0600] {logging_mixin.py:190} INFO - [2025-02-14T21:56:51.614+0600] {dagbag.py:588} INFO - Filling up the DagBag from /home/shamim/airflow_git/Airflow_project/air_venv/lib/python3.12/site-packages/airflow/example_dags/example_short_circuit_operator.py
[2025-02-14T21:56:51.627+0600] {processor.py:925} INFO - DAG(s) 'example_short_circuit_operator' retrieved from /home/shamim/airflow_git/Airflow_project/air_venv/lib/python3.12/site-packages/airflow/example_dags/example_short_circuit_operator.py
[2025-02-14T21:56:51.678+0600] {logging_mixin.py:190} INFO - [2025-02-14T21:56:51.678+0600] {dag.py:3239} INFO - Sync 1 DAGs
[2025-02-14T21:56:51.703+0600] {logging_mixin.py:190} INFO - [2025-02-14T21:56:51.703+0600] {dag.py:4180} INFO - Setting next_dagrun for example_short_circuit_operator to None, run_after=None
[2025-02-14T21:56:51.728+0600] {processor.py:208} INFO - Processing /home/shamim/airflow_git/Airflow_project/air_venv/lib/python3.12/site-packages/airflow/example_dags/example_short_circuit_operator.py took 0.130 seconds
[2025-02-14T21:57:22.179+0600] {processor.py:186} INFO - Started process (PID=573376) to work on /home/shamim/airflow_git/Airflow_project/air_venv/lib/python3.12/site-packages/airflow/example_dags/example_short_circuit_operator.py
[2025-02-14T21:57:22.180+0600] {processor.py:914} INFO - Processing file /home/shamim/airflow_git/Airflow_project/air_venv/lib/python3.12/site-packages/airflow/example_dags/example_short_circuit_operator.py for tasks to queue
[2025-02-14T21:57:22.182+0600] {logging_mixin.py:190} INFO - [2025-02-14T21:57:22.182+0600] {dagbag.py:588} INFO - Filling up the DagBag from /home/shamim/airflow_git/Airflow_project/air_venv/lib/python3.12/site-packages/airflow/example_dags/example_short_circuit_operator.py
[2025-02-14T21:57:22.200+0600] {processor.py:925} INFO - DAG(s) 'example_short_circuit_operator' retrieved from /home/shamim/airflow_git/Airflow_project/air_venv/lib/python3.12/site-packages/airflow/example_dags/example_short_circuit_operator.py
[2025-02-14T21:57:22.245+0600] {logging_mixin.py:190} INFO - [2025-02-14T21:57:22.245+0600] {dag.py:3239} INFO - Sync 1 DAGs
[2025-02-14T21:57:22.276+0600] {logging_mixin.py:190} INFO - [2025-02-14T21:57:22.276+0600] {dag.py:4180} INFO - Setting next_dagrun for example_short_circuit_operator to None, run_after=None
[2025-02-14T21:57:22.307+0600] {processor.py:208} INFO - Processing /home/shamim/airflow_git/Airflow_project/air_venv/lib/python3.12/site-packages/airflow/example_dags/example_short_circuit_operator.py took 0.145 seconds
[2025-02-14T22:02:32.758+0600] {processor.py:186} INFO - Started process (PID=574234) to work on /home/shamim/airflow_git/Airflow_project/air_venv/lib/python3.12/site-packages/airflow/example_dags/example_short_circuit_operator.py
[2025-02-14T22:02:32.759+0600] {processor.py:914} INFO - Processing file /home/shamim/airflow_git/Airflow_project/air_venv/lib/python3.12/site-packages/airflow/example_dags/example_short_circuit_operator.py for tasks to queue
[2025-02-14T22:02:32.762+0600] {logging_mixin.py:190} INFO - [2025-02-14T22:02:32.762+0600] {dagbag.py:588} INFO - Filling up the DagBag from /home/shamim/airflow_git/Airflow_project/air_venv/lib/python3.12/site-packages/airflow/example_dags/example_short_circuit_operator.py
[2025-02-14T22:02:32.774+0600] {processor.py:925} INFO - DAG(s) 'example_short_circuit_operator' retrieved from /home/shamim/airflow_git/Airflow_project/air_venv/lib/python3.12/site-packages/airflow/example_dags/example_short_circuit_operator.py
[2025-02-14T22:02:32.822+0600] {logging_mixin.py:190} INFO - [2025-02-14T22:02:32.821+0600] {dag.py:3239} INFO - Sync 1 DAGs
[2025-02-14T22:02:32.844+0600] {logging_mixin.py:190} INFO - [2025-02-14T22:02:32.844+0600] {dag.py:4180} INFO - Setting next_dagrun for example_short_circuit_operator to None, run_after=None
[2025-02-14T22:02:32.872+0600] {processor.py:208} INFO - Processing /home/shamim/airflow_git/Airflow_project/air_venv/lib/python3.12/site-packages/airflow/example_dags/example_short_circuit_operator.py took 0.123 seconds
[2025-02-14T22:03:03.895+0600] {processor.py:186} INFO - Started process (PID=574692) to work on /home/shamim/airflow_git/Airflow_project/air_venv/lib/python3.12/site-packages/airflow/example_dags/example_short_circuit_operator.py
[2025-02-14T22:03:03.898+0600] {processor.py:914} INFO - Processing file /home/shamim/airflow_git/Airflow_project/air_venv/lib/python3.12/site-packages/airflow/example_dags/example_short_circuit_operator.py for tasks to queue
[2025-02-14T22:03:03.902+0600] {logging_mixin.py:190} INFO - [2025-02-14T22:03:03.901+0600] {dagbag.py:588} INFO - Filling up the DagBag from /home/shamim/airflow_git/Airflow_project/air_venv/lib/python3.12/site-packages/airflow/example_dags/example_short_circuit_operator.py
[2025-02-14T22:03:03.918+0600] {processor.py:925} INFO - DAG(s) 'example_short_circuit_operator' retrieved from /home/shamim/airflow_git/Airflow_project/air_venv/lib/python3.12/site-packages/airflow/example_dags/example_short_circuit_operator.py
[2025-02-14T22:03:03.971+0600] {logging_mixin.py:190} INFO - [2025-02-14T22:03:03.971+0600] {dag.py:3239} INFO - Sync 1 DAGs
[2025-02-14T22:03:03.994+0600] {logging_mixin.py:190} INFO - [2025-02-14T22:03:03.993+0600] {dag.py:4180} INFO - Setting next_dagrun for example_short_circuit_operator to None, run_after=None
[2025-02-14T22:03:04.021+0600] {processor.py:208} INFO - Processing /home/shamim/airflow_git/Airflow_project/air_venv/lib/python3.12/site-packages/airflow/example_dags/example_short_circuit_operator.py took 0.136 seconds
[2025-02-14T22:03:34.099+0600] {processor.py:186} INFO - Started process (PID=575110) to work on /home/shamim/airflow_git/Airflow_project/air_venv/lib/python3.12/site-packages/airflow/example_dags/example_short_circuit_operator.py
[2025-02-14T22:03:34.100+0600] {processor.py:914} INFO - Processing file /home/shamim/airflow_git/Airflow_project/air_venv/lib/python3.12/site-packages/airflow/example_dags/example_short_circuit_operator.py for tasks to queue
[2025-02-14T22:03:34.102+0600] {logging_mixin.py:190} INFO - [2025-02-14T22:03:34.102+0600] {dagbag.py:588} INFO - Filling up the DagBag from /home/shamim/airflow_git/Airflow_project/air_venv/lib/python3.12/site-packages/airflow/example_dags/example_short_circuit_operator.py
[2025-02-14T22:03:34.113+0600] {processor.py:925} INFO - DAG(s) 'example_short_circuit_operator' retrieved from /home/shamim/airflow_git/Airflow_project/air_venv/lib/python3.12/site-packages/airflow/example_dags/example_short_circuit_operator.py
[2025-02-14T22:03:34.157+0600] {logging_mixin.py:190} INFO - [2025-02-14T22:03:34.157+0600] {dag.py:3239} INFO - Sync 1 DAGs
[2025-02-14T22:03:34.183+0600] {logging_mixin.py:190} INFO - [2025-02-14T22:03:34.182+0600] {dag.py:4180} INFO - Setting next_dagrun for example_short_circuit_operator to None, run_after=None
[2025-02-14T22:03:34.211+0600] {processor.py:208} INFO - Processing /home/shamim/airflow_git/Airflow_project/air_venv/lib/python3.12/site-packages/airflow/example_dags/example_short_circuit_operator.py took 0.123 seconds
[2025-02-14T22:04:04.667+0600] {processor.py:186} INFO - Started process (PID=575525) to work on /home/shamim/airflow_git/Airflow_project/air_venv/lib/python3.12/site-packages/airflow/example_dags/example_short_circuit_operator.py
[2025-02-14T22:04:04.669+0600] {processor.py:914} INFO - Processing file /home/shamim/airflow_git/Airflow_project/air_venv/lib/python3.12/site-packages/airflow/example_dags/example_short_circuit_operator.py for tasks to queue
[2025-02-14T22:04:04.672+0600] {logging_mixin.py:190} INFO - [2025-02-14T22:04:04.672+0600] {dagbag.py:588} INFO - Filling up the DagBag from /home/shamim/airflow_git/Airflow_project/air_venv/lib/python3.12/site-packages/airflow/example_dags/example_short_circuit_operator.py
[2025-02-14T22:04:04.686+0600] {processor.py:925} INFO - DAG(s) 'example_short_circuit_operator' retrieved from /home/shamim/airflow_git/Airflow_project/air_venv/lib/python3.12/site-packages/airflow/example_dags/example_short_circuit_operator.py
[2025-02-14T22:04:04.739+0600] {logging_mixin.py:190} INFO - [2025-02-14T22:04:04.739+0600] {dag.py:3239} INFO - Sync 1 DAGs
[2025-02-14T22:04:04.761+0600] {logging_mixin.py:190} INFO - [2025-02-14T22:04:04.761+0600] {dag.py:4180} INFO - Setting next_dagrun for example_short_circuit_operator to None, run_after=None
[2025-02-14T22:04:04.796+0600] {processor.py:208} INFO - Processing /home/shamim/airflow_git/Airflow_project/air_venv/lib/python3.12/site-packages/airflow/example_dags/example_short_circuit_operator.py took 0.139 seconds
[2025-02-14T22:04:35.460+0600] {processor.py:186} INFO - Started process (PID=575950) to work on /home/shamim/airflow_git/Airflow_project/air_venv/lib/python3.12/site-packages/airflow/example_dags/example_short_circuit_operator.py
[2025-02-14T22:04:35.461+0600] {processor.py:914} INFO - Processing file /home/shamim/airflow_git/Airflow_project/air_venv/lib/python3.12/site-packages/airflow/example_dags/example_short_circuit_operator.py for tasks to queue
[2025-02-14T22:04:35.465+0600] {logging_mixin.py:190} INFO - [2025-02-14T22:04:35.464+0600] {dagbag.py:588} INFO - Filling up the DagBag from /home/shamim/airflow_git/Airflow_project/air_venv/lib/python3.12/site-packages/airflow/example_dags/example_short_circuit_operator.py
[2025-02-14T22:04:35.484+0600] {processor.py:925} INFO - DAG(s) 'example_short_circuit_operator' retrieved from /home/shamim/airflow_git/Airflow_project/air_venv/lib/python3.12/site-packages/airflow/example_dags/example_short_circuit_operator.py
[2025-02-14T22:04:35.546+0600] {logging_mixin.py:190} INFO - [2025-02-14T22:04:35.546+0600] {dag.py:3239} INFO - Sync 1 DAGs
[2025-02-14T22:04:35.570+0600] {logging_mixin.py:190} INFO - [2025-02-14T22:04:35.570+0600] {dag.py:4180} INFO - Setting next_dagrun for example_short_circuit_operator to None, run_after=None
[2025-02-14T22:04:35.596+0600] {processor.py:208} INFO - Processing /home/shamim/airflow_git/Airflow_project/air_venv/lib/python3.12/site-packages/airflow/example_dags/example_short_circuit_operator.py took 0.145 seconds
[2025-02-14T22:05:06.471+0600] {processor.py:186} INFO - Started process (PID=576363) to work on /home/shamim/airflow_git/Airflow_project/air_venv/lib/python3.12/site-packages/airflow/example_dags/example_short_circuit_operator.py
[2025-02-14T22:05:06.472+0600] {processor.py:914} INFO - Processing file /home/shamim/airflow_git/Airflow_project/air_venv/lib/python3.12/site-packages/airflow/example_dags/example_short_circuit_operator.py for tasks to queue
[2025-02-14T22:05:06.475+0600] {logging_mixin.py:190} INFO - [2025-02-14T22:05:06.475+0600] {dagbag.py:588} INFO - Filling up the DagBag from /home/shamim/airflow_git/Airflow_project/air_venv/lib/python3.12/site-packages/airflow/example_dags/example_short_circuit_operator.py
[2025-02-14T22:05:06.488+0600] {processor.py:925} INFO - DAG(s) 'example_short_circuit_operator' retrieved from /home/shamim/airflow_git/Airflow_project/air_venv/lib/python3.12/site-packages/airflow/example_dags/example_short_circuit_operator.py
[2025-02-14T22:05:06.538+0600] {logging_mixin.py:190} INFO - [2025-02-14T22:05:06.537+0600] {dag.py:3239} INFO - Sync 1 DAGs
[2025-02-14T22:05:06.560+0600] {logging_mixin.py:190} INFO - [2025-02-14T22:05:06.559+0600] {dag.py:4180} INFO - Setting next_dagrun for example_short_circuit_operator to None, run_after=None
[2025-02-14T22:05:06.592+0600] {processor.py:208} INFO - Processing /home/shamim/airflow_git/Airflow_project/air_venv/lib/python3.12/site-packages/airflow/example_dags/example_short_circuit_operator.py took 0.131 seconds
[2025-02-14T22:05:44.244+0600] {processor.py:186} INFO - Started process (PID=577156) to work on /home/shamim/airflow_git/Airflow_project/air_venv/lib/python3.12/site-packages/airflow/example_dags/example_short_circuit_operator.py
[2025-02-14T22:05:44.256+0600] {processor.py:914} INFO - Processing file /home/shamim/airflow_git/Airflow_project/air_venv/lib/python3.12/site-packages/airflow/example_dags/example_short_circuit_operator.py for tasks to queue
[2025-02-14T22:05:44.269+0600] {logging_mixin.py:190} INFO - [2025-02-14T22:05:44.268+0600] {dagbag.py:588} INFO - Filling up the DagBag from /home/shamim/airflow_git/Airflow_project/air_venv/lib/python3.12/site-packages/airflow/example_dags/example_short_circuit_operator.py
[2025-02-14T22:05:44.309+0600] {processor.py:925} INFO - DAG(s) 'example_short_circuit_operator' retrieved from /home/shamim/airflow_git/Airflow_project/air_venv/lib/python3.12/site-packages/airflow/example_dags/example_short_circuit_operator.py
[2025-02-14T22:05:44.435+0600] {logging_mixin.py:190} INFO - [2025-02-14T22:05:44.435+0600] {dag.py:3239} INFO - Sync 1 DAGs
[2025-02-14T22:05:44.483+0600] {logging_mixin.py:190} INFO - [2025-02-14T22:05:44.483+0600] {dag.py:4180} INFO - Setting next_dagrun for example_short_circuit_operator to None, run_after=None
[2025-02-14T22:05:44.550+0600] {processor.py:208} INFO - Processing /home/shamim/airflow_git/Airflow_project/air_venv/lib/python3.12/site-packages/airflow/example_dags/example_short_circuit_operator.py took 0.331 seconds
[2025-02-14T22:06:15.152+0600] {processor.py:186} INFO - Started process (PID=577685) to work on /home/shamim/airflow_git/Airflow_project/air_venv/lib/python3.12/site-packages/airflow/example_dags/example_short_circuit_operator.py
[2025-02-14T22:06:15.153+0600] {processor.py:914} INFO - Processing file /home/shamim/airflow_git/Airflow_project/air_venv/lib/python3.12/site-packages/airflow/example_dags/example_short_circuit_operator.py for tasks to queue
[2025-02-14T22:06:15.157+0600] {logging_mixin.py:190} INFO - [2025-02-14T22:06:15.157+0600] {dagbag.py:588} INFO - Filling up the DagBag from /home/shamim/airflow_git/Airflow_project/air_venv/lib/python3.12/site-packages/airflow/example_dags/example_short_circuit_operator.py
[2025-02-14T22:06:15.170+0600] {processor.py:925} INFO - DAG(s) 'example_short_circuit_operator' retrieved from /home/shamim/airflow_git/Airflow_project/air_venv/lib/python3.12/site-packages/airflow/example_dags/example_short_circuit_operator.py
[2025-02-14T22:06:15.216+0600] {logging_mixin.py:190} INFO - [2025-02-14T22:06:15.216+0600] {dag.py:3239} INFO - Sync 1 DAGs
[2025-02-14T22:06:15.236+0600] {logging_mixin.py:190} INFO - [2025-02-14T22:06:15.236+0600] {dag.py:4180} INFO - Setting next_dagrun for example_short_circuit_operator to None, run_after=None
[2025-02-14T22:06:15.262+0600] {processor.py:208} INFO - Processing /home/shamim/airflow_git/Airflow_project/air_venv/lib/python3.12/site-packages/airflow/example_dags/example_short_circuit_operator.py took 0.120 seconds
[2025-02-14T22:06:45.806+0600] {processor.py:186} INFO - Started process (PID=578180) to work on /home/shamim/airflow_git/Airflow_project/air_venv/lib/python3.12/site-packages/airflow/example_dags/example_short_circuit_operator.py
[2025-02-14T22:06:45.808+0600] {processor.py:914} INFO - Processing file /home/shamim/airflow_git/Airflow_project/air_venv/lib/python3.12/site-packages/airflow/example_dags/example_short_circuit_operator.py for tasks to queue
[2025-02-14T22:06:45.814+0600] {logging_mixin.py:190} INFO - [2025-02-14T22:06:45.813+0600] {dagbag.py:588} INFO - Filling up the DagBag from /home/shamim/airflow_git/Airflow_project/air_venv/lib/python3.12/site-packages/airflow/example_dags/example_short_circuit_operator.py
[2025-02-14T22:06:45.830+0600] {processor.py:925} INFO - DAG(s) 'example_short_circuit_operator' retrieved from /home/shamim/airflow_git/Airflow_project/air_venv/lib/python3.12/site-packages/airflow/example_dags/example_short_circuit_operator.py
[2025-02-14T22:06:45.905+0600] {logging_mixin.py:190} INFO - [2025-02-14T22:06:45.904+0600] {dag.py:3239} INFO - Sync 1 DAGs
[2025-02-14T22:06:45.940+0600] {logging_mixin.py:190} INFO - [2025-02-14T22:06:45.940+0600] {dag.py:4180} INFO - Setting next_dagrun for example_short_circuit_operator to None, run_after=None
[2025-02-14T22:06:45.980+0600] {processor.py:208} INFO - Processing /home/shamim/airflow_git/Airflow_project/air_venv/lib/python3.12/site-packages/airflow/example_dags/example_short_circuit_operator.py took 0.185 seconds
[2025-02-14T22:07:16.155+0600] {processor.py:186} INFO - Started process (PID=578605) to work on /home/shamim/airflow_git/Airflow_project/air_venv/lib/python3.12/site-packages/airflow/example_dags/example_short_circuit_operator.py
[2025-02-14T22:07:16.157+0600] {processor.py:914} INFO - Processing file /home/shamim/airflow_git/Airflow_project/air_venv/lib/python3.12/site-packages/airflow/example_dags/example_short_circuit_operator.py for tasks to queue
[2025-02-14T22:07:16.161+0600] {logging_mixin.py:190} INFO - [2025-02-14T22:07:16.160+0600] {dagbag.py:588} INFO - Filling up the DagBag from /home/shamim/airflow_git/Airflow_project/air_venv/lib/python3.12/site-packages/airflow/example_dags/example_short_circuit_operator.py
[2025-02-14T22:07:16.176+0600] {processor.py:925} INFO - DAG(s) 'example_short_circuit_operator' retrieved from /home/shamim/airflow_git/Airflow_project/air_venv/lib/python3.12/site-packages/airflow/example_dags/example_short_circuit_operator.py
[2025-02-14T22:07:16.249+0600] {logging_mixin.py:190} INFO - [2025-02-14T22:07:16.248+0600] {dag.py:3239} INFO - Sync 1 DAGs
[2025-02-14T22:07:16.279+0600] {logging_mixin.py:190} INFO - [2025-02-14T22:07:16.279+0600] {dag.py:4180} INFO - Setting next_dagrun for example_short_circuit_operator to None, run_after=None
[2025-02-14T22:07:16.316+0600] {processor.py:208} INFO - Processing /home/shamim/airflow_git/Airflow_project/air_venv/lib/python3.12/site-packages/airflow/example_dags/example_short_circuit_operator.py took 0.172 seconds
[2025-02-14T22:07:47.289+0600] {processor.py:186} INFO - Started process (PID=579166) to work on /home/shamim/airflow_git/Airflow_project/air_venv/lib/python3.12/site-packages/airflow/example_dags/example_short_circuit_operator.py
[2025-02-14T22:07:47.291+0600] {processor.py:914} INFO - Processing file /home/shamim/airflow_git/Airflow_project/air_venv/lib/python3.12/site-packages/airflow/example_dags/example_short_circuit_operator.py for tasks to queue
[2025-02-14T22:07:47.295+0600] {logging_mixin.py:190} INFO - [2025-02-14T22:07:47.293+0600] {dagbag.py:588} INFO - Filling up the DagBag from /home/shamim/airflow_git/Airflow_project/air_venv/lib/python3.12/site-packages/airflow/example_dags/example_short_circuit_operator.py
[2025-02-14T22:07:47.312+0600] {processor.py:925} INFO - DAG(s) 'example_short_circuit_operator' retrieved from /home/shamim/airflow_git/Airflow_project/air_venv/lib/python3.12/site-packages/airflow/example_dags/example_short_circuit_operator.py
[2025-02-14T22:07:47.406+0600] {logging_mixin.py:190} INFO - [2025-02-14T22:07:47.406+0600] {dag.py:3239} INFO - Sync 1 DAGs
[2025-02-14T22:07:47.443+0600] {logging_mixin.py:190} INFO - [2025-02-14T22:07:47.443+0600] {dag.py:4180} INFO - Setting next_dagrun for example_short_circuit_operator to None, run_after=None
[2025-02-14T22:07:47.491+0600] {processor.py:208} INFO - Processing /home/shamim/airflow_git/Airflow_project/air_venv/lib/python3.12/site-packages/airflow/example_dags/example_short_circuit_operator.py took 0.221 seconds
[2025-02-14T22:08:18.116+0600] {processor.py:186} INFO - Started process (PID=579622) to work on /home/shamim/airflow_git/Airflow_project/air_venv/lib/python3.12/site-packages/airflow/example_dags/example_short_circuit_operator.py
[2025-02-14T22:08:18.118+0600] {processor.py:914} INFO - Processing file /home/shamim/airflow_git/Airflow_project/air_venv/lib/python3.12/site-packages/airflow/example_dags/example_short_circuit_operator.py for tasks to queue
[2025-02-14T22:08:18.121+0600] {logging_mixin.py:190} INFO - [2025-02-14T22:08:18.121+0600] {dagbag.py:588} INFO - Filling up the DagBag from /home/shamim/airflow_git/Airflow_project/air_venv/lib/python3.12/site-packages/airflow/example_dags/example_short_circuit_operator.py
[2025-02-14T22:08:18.142+0600] {processor.py:925} INFO - DAG(s) 'example_short_circuit_operator' retrieved from /home/shamim/airflow_git/Airflow_project/air_venv/lib/python3.12/site-packages/airflow/example_dags/example_short_circuit_operator.py
[2025-02-14T22:08:18.208+0600] {logging_mixin.py:190} INFO - [2025-02-14T22:08:18.207+0600] {dag.py:3239} INFO - Sync 1 DAGs
[2025-02-14T22:08:18.234+0600] {logging_mixin.py:190} INFO - [2025-02-14T22:08:18.233+0600] {dag.py:4180} INFO - Setting next_dagrun for example_short_circuit_operator to None, run_after=None
[2025-02-14T22:08:18.264+0600] {processor.py:208} INFO - Processing /home/shamim/airflow_git/Airflow_project/air_venv/lib/python3.12/site-packages/airflow/example_dags/example_short_circuit_operator.py took 0.161 seconds
[2025-02-14T22:08:49.577+0600] {processor.py:186} INFO - Started process (PID=580102) to work on /home/shamim/airflow_git/Airflow_project/air_venv/lib/python3.12/site-packages/airflow/example_dags/example_short_circuit_operator.py
[2025-02-14T22:08:49.580+0600] {processor.py:914} INFO - Processing file /home/shamim/airflow_git/Airflow_project/air_venv/lib/python3.12/site-packages/airflow/example_dags/example_short_circuit_operator.py for tasks to queue
[2025-02-14T22:08:49.583+0600] {logging_mixin.py:190} INFO - [2025-02-14T22:08:49.582+0600] {dagbag.py:588} INFO - Filling up the DagBag from /home/shamim/airflow_git/Airflow_project/air_venv/lib/python3.12/site-packages/airflow/example_dags/example_short_circuit_operator.py
[2025-02-14T22:08:49.602+0600] {processor.py:925} INFO - DAG(s) 'example_short_circuit_operator' retrieved from /home/shamim/airflow_git/Airflow_project/air_venv/lib/python3.12/site-packages/airflow/example_dags/example_short_circuit_operator.py
[2025-02-14T22:08:49.672+0600] {logging_mixin.py:190} INFO - [2025-02-14T22:08:49.671+0600] {dag.py:3239} INFO - Sync 1 DAGs
[2025-02-14T22:08:49.705+0600] {logging_mixin.py:190} INFO - [2025-02-14T22:08:49.704+0600] {dag.py:4180} INFO - Setting next_dagrun for example_short_circuit_operator to None, run_after=None
[2025-02-14T22:08:49.741+0600] {processor.py:208} INFO - Processing /home/shamim/airflow_git/Airflow_project/air_venv/lib/python3.12/site-packages/airflow/example_dags/example_short_circuit_operator.py took 0.178 seconds
[2025-02-14T22:09:20.397+0600] {processor.py:186} INFO - Started process (PID=580525) to work on /home/shamim/airflow_git/Airflow_project/air_venv/lib/python3.12/site-packages/airflow/example_dags/example_short_circuit_operator.py
[2025-02-14T22:09:20.399+0600] {processor.py:914} INFO - Processing file /home/shamim/airflow_git/Airflow_project/air_venv/lib/python3.12/site-packages/airflow/example_dags/example_short_circuit_operator.py for tasks to queue
[2025-02-14T22:09:20.401+0600] {logging_mixin.py:190} INFO - [2025-02-14T22:09:20.400+0600] {dagbag.py:588} INFO - Filling up the DagBag from /home/shamim/airflow_git/Airflow_project/air_venv/lib/python3.12/site-packages/airflow/example_dags/example_short_circuit_operator.py
[2025-02-14T22:09:20.417+0600] {processor.py:925} INFO - DAG(s) 'example_short_circuit_operator' retrieved from /home/shamim/airflow_git/Airflow_project/air_venv/lib/python3.12/site-packages/airflow/example_dags/example_short_circuit_operator.py
[2025-02-14T22:09:20.472+0600] {logging_mixin.py:190} INFO - [2025-02-14T22:09:20.471+0600] {dag.py:3239} INFO - Sync 1 DAGs
[2025-02-14T22:09:20.502+0600] {logging_mixin.py:190} INFO - [2025-02-14T22:09:20.501+0600] {dag.py:4180} INFO - Setting next_dagrun for example_short_circuit_operator to None, run_after=None
[2025-02-14T22:09:20.548+0600] {processor.py:208} INFO - Processing /home/shamim/airflow_git/Airflow_project/air_venv/lib/python3.12/site-packages/airflow/example_dags/example_short_circuit_operator.py took 0.160 seconds
[2025-02-14T22:09:51.041+0600] {processor.py:186} INFO - Started process (PID=581054) to work on /home/shamim/airflow_git/Airflow_project/air_venv/lib/python3.12/site-packages/airflow/example_dags/example_short_circuit_operator.py
[2025-02-14T22:09:51.042+0600] {processor.py:914} INFO - Processing file /home/shamim/airflow_git/Airflow_project/air_venv/lib/python3.12/site-packages/airflow/example_dags/example_short_circuit_operator.py for tasks to queue
[2025-02-14T22:09:51.044+0600] {logging_mixin.py:190} INFO - [2025-02-14T22:09:51.044+0600] {dagbag.py:588} INFO - Filling up the DagBag from /home/shamim/airflow_git/Airflow_project/air_venv/lib/python3.12/site-packages/airflow/example_dags/example_short_circuit_operator.py
[2025-02-14T22:09:51.058+0600] {processor.py:925} INFO - DAG(s) 'example_short_circuit_operator' retrieved from /home/shamim/airflow_git/Airflow_project/air_venv/lib/python3.12/site-packages/airflow/example_dags/example_short_circuit_operator.py
[2025-02-14T22:09:51.109+0600] {logging_mixin.py:190} INFO - [2025-02-14T22:09:51.108+0600] {dag.py:3239} INFO - Sync 1 DAGs
[2025-02-14T22:09:51.139+0600] {logging_mixin.py:190} INFO - [2025-02-14T22:09:51.138+0600] {dag.py:4180} INFO - Setting next_dagrun for example_short_circuit_operator to None, run_after=None
[2025-02-14T22:09:51.175+0600] {processor.py:208} INFO - Processing /home/shamim/airflow_git/Airflow_project/air_venv/lib/python3.12/site-packages/airflow/example_dags/example_short_circuit_operator.py took 0.145 seconds
