[2025-02-14T21:56:18.048+0600] {processor.py:186} INFO - Started process (PID=572475) to work on /home/shamim/airflow_git/Airflow_project/air_venv/lib/python3.12/site-packages/airflow/example_dags/example_xcomargs.py
[2025-02-14T21:56:18.049+0600] {processor.py:914} INFO - Processing file /home/shamim/airflow_git/Airflow_project/air_venv/lib/python3.12/site-packages/airflow/example_dags/example_xcomargs.py for tasks to queue
[2025-02-14T21:56:18.051+0600] {logging_mixin.py:190} INFO - [2025-02-14T21:56:18.051+0600] {dagbag.py:588} INFO - Filling up the DagBag from /home/shamim/airflow_git/Airflow_project/air_venv/lib/python3.12/site-packages/airflow/example_dags/example_xcomargs.py
[2025-02-14T21:56:18.070+0600] {processor.py:925} INFO - DAG(s) 'example_xcom_args', 'example_xcom_args_with_operators' retrieved from /home/shamim/airflow_git/Airflow_project/air_venv/lib/python3.12/site-packages/airflow/example_dags/example_xcomargs.py
[2025-02-14T21:56:18.365+0600] {logging_mixin.py:190} INFO - [2025-02-14T21:56:18.365+0600] {dag.py:3239} INFO - Sync 2 DAGs
[2025-02-14T21:56:18.388+0600] {logging_mixin.py:190} INFO - [2025-02-14T21:56:18.388+0600] {dag.py:4180} INFO - Setting next_dagrun for example_xcom_args to None, run_after=None
[2025-02-14T21:56:18.394+0600] {logging_mixin.py:190} INFO - [2025-02-14T21:56:18.394+0600] {dag.py:4180} INFO - Setting next_dagrun for example_xcom_args_with_operators to None, run_after=None
[2025-02-14T21:56:18.433+0600] {processor.py:208} INFO - Processing /home/shamim/airflow_git/Airflow_project/air_venv/lib/python3.12/site-packages/airflow/example_dags/example_xcomargs.py took 0.396 seconds
[2025-02-14T21:56:48.594+0600] {processor.py:186} INFO - Started process (PID=572899) to work on /home/shamim/airflow_git/Airflow_project/air_venv/lib/python3.12/site-packages/airflow/example_dags/example_xcomargs.py
[2025-02-14T21:56:48.595+0600] {processor.py:914} INFO - Processing file /home/shamim/airflow_git/Airflow_project/air_venv/lib/python3.12/site-packages/airflow/example_dags/example_xcomargs.py for tasks to queue
[2025-02-14T21:56:48.597+0600] {logging_mixin.py:190} INFO - [2025-02-14T21:56:48.596+0600] {dagbag.py:588} INFO - Filling up the DagBag from /home/shamim/airflow_git/Airflow_project/air_venv/lib/python3.12/site-packages/airflow/example_dags/example_xcomargs.py
[2025-02-14T21:56:48.613+0600] {processor.py:925} INFO - DAG(s) 'example_xcom_args', 'example_xcom_args_with_operators' retrieved from /home/shamim/airflow_git/Airflow_project/air_venv/lib/python3.12/site-packages/airflow/example_dags/example_xcomargs.py
[2025-02-14T21:56:48.663+0600] {logging_mixin.py:190} INFO - [2025-02-14T21:56:48.662+0600] {dag.py:3239} INFO - Sync 2 DAGs
[2025-02-14T21:56:48.688+0600] {logging_mixin.py:190} INFO - [2025-02-14T21:56:48.688+0600] {dag.py:4180} INFO - Setting next_dagrun for example_xcom_args to None, run_after=None
[2025-02-14T21:56:48.693+0600] {logging_mixin.py:190} INFO - [2025-02-14T21:56:48.693+0600] {dag.py:4180} INFO - Setting next_dagrun for example_xcom_args_with_operators to None, run_after=None
[2025-02-14T21:56:48.717+0600] {processor.py:208} INFO - Processing /home/shamim/airflow_git/Airflow_project/air_venv/lib/python3.12/site-packages/airflow/example_dags/example_xcomargs.py took 0.139 seconds
[2025-02-14T21:57:19.067+0600] {processor.py:186} INFO - Started process (PID=573293) to work on /home/shamim/airflow_git/Airflow_project/air_venv/lib/python3.12/site-packages/airflow/example_dags/example_xcomargs.py
[2025-02-14T21:57:19.069+0600] {processor.py:914} INFO - Processing file /home/shamim/airflow_git/Airflow_project/air_venv/lib/python3.12/site-packages/airflow/example_dags/example_xcomargs.py for tasks to queue
[2025-02-14T21:57:19.071+0600] {logging_mixin.py:190} INFO - [2025-02-14T21:57:19.070+0600] {dagbag.py:588} INFO - Filling up the DagBag from /home/shamim/airflow_git/Airflow_project/air_venv/lib/python3.12/site-packages/airflow/example_dags/example_xcomargs.py
[2025-02-14T21:57:19.090+0600] {processor.py:925} INFO - DAG(s) 'example_xcom_args_with_operators', 'example_xcom_args' retrieved from /home/shamim/airflow_git/Airflow_project/air_venv/lib/python3.12/site-packages/airflow/example_dags/example_xcomargs.py
[2025-02-14T21:57:19.159+0600] {logging_mixin.py:190} INFO - [2025-02-14T21:57:19.159+0600] {dag.py:3239} INFO - Sync 2 DAGs
[2025-02-14T21:57:19.188+0600] {logging_mixin.py:190} INFO - [2025-02-14T21:57:19.187+0600] {dag.py:4180} INFO - Setting next_dagrun for example_xcom_args to None, run_after=None
[2025-02-14T21:57:19.195+0600] {logging_mixin.py:190} INFO - [2025-02-14T21:57:19.194+0600] {dag.py:4180} INFO - Setting next_dagrun for example_xcom_args_with_operators to None, run_after=None
[2025-02-14T21:57:19.220+0600] {processor.py:208} INFO - Processing /home/shamim/airflow_git/Airflow_project/air_venv/lib/python3.12/site-packages/airflow/example_dags/example_xcomargs.py took 0.168 seconds
[2025-02-14T22:02:31.713+0600] {processor.py:186} INFO - Started process (PID=574163) to work on /home/shamim/airflow_git/Airflow_project/air_venv/lib/python3.12/site-packages/airflow/example_dags/example_xcomargs.py
[2025-02-14T22:02:31.718+0600] {processor.py:914} INFO - Processing file /home/shamim/airflow_git/Airflow_project/air_venv/lib/python3.12/site-packages/airflow/example_dags/example_xcomargs.py for tasks to queue
[2025-02-14T22:02:31.721+0600] {logging_mixin.py:190} INFO - [2025-02-14T22:02:31.721+0600] {dagbag.py:588} INFO - Filling up the DagBag from /home/shamim/airflow_git/Airflow_project/air_venv/lib/python3.12/site-packages/airflow/example_dags/example_xcomargs.py
[2025-02-14T22:02:31.737+0600] {processor.py:925} INFO - DAG(s) 'example_xcom_args', 'example_xcom_args_with_operators' retrieved from /home/shamim/airflow_git/Airflow_project/air_venv/lib/python3.12/site-packages/airflow/example_dags/example_xcomargs.py
[2025-02-14T22:02:31.799+0600] {logging_mixin.py:190} INFO - [2025-02-14T22:02:31.798+0600] {dag.py:3239} INFO - Sync 2 DAGs
[2025-02-14T22:02:31.824+0600] {logging_mixin.py:190} INFO - [2025-02-14T22:02:31.824+0600] {dag.py:4180} INFO - Setting next_dagrun for example_xcom_args to None, run_after=None
[2025-02-14T22:02:31.830+0600] {logging_mixin.py:190} INFO - [2025-02-14T22:02:31.830+0600] {dag.py:4180} INFO - Setting next_dagrun for example_xcom_args_with_operators to None, run_after=None
[2025-02-14T22:02:31.855+0600] {processor.py:208} INFO - Processing /home/shamim/airflow_git/Airflow_project/air_venv/lib/python3.12/site-packages/airflow/example_dags/example_xcomargs.py took 0.151 seconds
[2025-02-14T22:03:02.506+0600] {processor.py:186} INFO - Started process (PID=574620) to work on /home/shamim/airflow_git/Airflow_project/air_venv/lib/python3.12/site-packages/airflow/example_dags/example_xcomargs.py
[2025-02-14T22:03:02.509+0600] {processor.py:914} INFO - Processing file /home/shamim/airflow_git/Airflow_project/air_venv/lib/python3.12/site-packages/airflow/example_dags/example_xcomargs.py for tasks to queue
[2025-02-14T22:03:02.516+0600] {logging_mixin.py:190} INFO - [2025-02-14T22:03:02.515+0600] {dagbag.py:588} INFO - Filling up the DagBag from /home/shamim/airflow_git/Airflow_project/air_venv/lib/python3.12/site-packages/airflow/example_dags/example_xcomargs.py
[2025-02-14T22:03:02.538+0600] {processor.py:925} INFO - DAG(s) 'example_xcom_args', 'example_xcom_args_with_operators' retrieved from /home/shamim/airflow_git/Airflow_project/air_venv/lib/python3.12/site-packages/airflow/example_dags/example_xcomargs.py
[2025-02-14T22:03:02.583+0600] {logging_mixin.py:190} INFO - [2025-02-14T22:03:02.583+0600] {dag.py:3239} INFO - Sync 2 DAGs
[2025-02-14T22:03:02.603+0600] {logging_mixin.py:190} INFO - [2025-02-14T22:03:02.602+0600] {dag.py:4180} INFO - Setting next_dagrun for example_xcom_args to None, run_after=None
[2025-02-14T22:03:02.608+0600] {logging_mixin.py:190} INFO - [2025-02-14T22:03:02.608+0600] {dag.py:4180} INFO - Setting next_dagrun for example_xcom_args_with_operators to None, run_after=None
[2025-02-14T22:03:02.630+0600] {processor.py:208} INFO - Processing /home/shamim/airflow_git/Airflow_project/air_venv/lib/python3.12/site-packages/airflow/example_dags/example_xcomargs.py took 0.132 seconds
[2025-02-14T22:03:32.864+0600] {processor.py:186} INFO - Started process (PID=575036) to work on /home/shamim/airflow_git/Airflow_project/air_venv/lib/python3.12/site-packages/airflow/example_dags/example_xcomargs.py
[2025-02-14T22:03:32.865+0600] {processor.py:914} INFO - Processing file /home/shamim/airflow_git/Airflow_project/air_venv/lib/python3.12/site-packages/airflow/example_dags/example_xcomargs.py for tasks to queue
[2025-02-14T22:03:32.868+0600] {logging_mixin.py:190} INFO - [2025-02-14T22:03:32.868+0600] {dagbag.py:588} INFO - Filling up the DagBag from /home/shamim/airflow_git/Airflow_project/air_venv/lib/python3.12/site-packages/airflow/example_dags/example_xcomargs.py
[2025-02-14T22:03:32.884+0600] {processor.py:925} INFO - DAG(s) 'example_xcom_args_with_operators', 'example_xcom_args' retrieved from /home/shamim/airflow_git/Airflow_project/air_venv/lib/python3.12/site-packages/airflow/example_dags/example_xcomargs.py
[2025-02-14T22:03:32.925+0600] {logging_mixin.py:190} INFO - [2025-02-14T22:03:32.925+0600] {dag.py:3239} INFO - Sync 2 DAGs
[2025-02-14T22:03:32.946+0600] {logging_mixin.py:190} INFO - [2025-02-14T22:03:32.946+0600] {dag.py:4180} INFO - Setting next_dagrun for example_xcom_args to None, run_after=None
[2025-02-14T22:03:32.951+0600] {logging_mixin.py:190} INFO - [2025-02-14T22:03:32.951+0600] {dag.py:4180} INFO - Setting next_dagrun for example_xcom_args_with_operators to None, run_after=None
[2025-02-14T22:03:32.975+0600] {processor.py:208} INFO - Processing /home/shamim/airflow_git/Airflow_project/air_venv/lib/python3.12/site-packages/airflow/example_dags/example_xcomargs.py took 0.120 seconds
[2025-02-14T22:04:03.530+0600] {processor.py:186} INFO - Started process (PID=575455) to work on /home/shamim/airflow_git/Airflow_project/air_venv/lib/python3.12/site-packages/airflow/example_dags/example_xcomargs.py
[2025-02-14T22:04:03.532+0600] {processor.py:914} INFO - Processing file /home/shamim/airflow_git/Airflow_project/air_venv/lib/python3.12/site-packages/airflow/example_dags/example_xcomargs.py for tasks to queue
[2025-02-14T22:04:03.535+0600] {logging_mixin.py:190} INFO - [2025-02-14T22:04:03.535+0600] {dagbag.py:588} INFO - Filling up the DagBag from /home/shamim/airflow_git/Airflow_project/air_venv/lib/python3.12/site-packages/airflow/example_dags/example_xcomargs.py
[2025-02-14T22:04:03.549+0600] {processor.py:925} INFO - DAG(s) 'example_xcom_args', 'example_xcom_args_with_operators' retrieved from /home/shamim/airflow_git/Airflow_project/air_venv/lib/python3.12/site-packages/airflow/example_dags/example_xcomargs.py
[2025-02-14T22:04:03.602+0600] {logging_mixin.py:190} INFO - [2025-02-14T22:04:03.602+0600] {dag.py:3239} INFO - Sync 2 DAGs
[2025-02-14T22:04:03.629+0600] {logging_mixin.py:190} INFO - [2025-02-14T22:04:03.628+0600] {dag.py:4180} INFO - Setting next_dagrun for example_xcom_args to None, run_after=None
[2025-02-14T22:04:03.636+0600] {logging_mixin.py:190} INFO - [2025-02-14T22:04:03.635+0600] {dag.py:4180} INFO - Setting next_dagrun for example_xcom_args_with_operators to None, run_after=None
[2025-02-14T22:04:03.665+0600] {processor.py:208} INFO - Processing /home/shamim/airflow_git/Airflow_project/air_venv/lib/python3.12/site-packages/airflow/example_dags/example_xcomargs.py took 0.145 seconds
[2025-02-14T22:04:34.213+0600] {processor.py:186} INFO - Started process (PID=575880) to work on /home/shamim/airflow_git/Airflow_project/air_venv/lib/python3.12/site-packages/airflow/example_dags/example_xcomargs.py
[2025-02-14T22:04:34.214+0600] {processor.py:914} INFO - Processing file /home/shamim/airflow_git/Airflow_project/air_venv/lib/python3.12/site-packages/airflow/example_dags/example_xcomargs.py for tasks to queue
[2025-02-14T22:04:34.219+0600] {logging_mixin.py:190} INFO - [2025-02-14T22:04:34.218+0600] {dagbag.py:588} INFO - Filling up the DagBag from /home/shamim/airflow_git/Airflow_project/air_venv/lib/python3.12/site-packages/airflow/example_dags/example_xcomargs.py
[2025-02-14T22:04:34.243+0600] {processor.py:925} INFO - DAG(s) 'example_xcom_args', 'example_xcom_args_with_operators' retrieved from /home/shamim/airflow_git/Airflow_project/air_venv/lib/python3.12/site-packages/airflow/example_dags/example_xcomargs.py
[2025-02-14T22:04:34.324+0600] {logging_mixin.py:190} INFO - [2025-02-14T22:04:34.323+0600] {dag.py:3239} INFO - Sync 2 DAGs
[2025-02-14T22:04:34.348+0600] {logging_mixin.py:190} INFO - [2025-02-14T22:04:34.348+0600] {dag.py:4180} INFO - Setting next_dagrun for example_xcom_args to None, run_after=None
[2025-02-14T22:04:34.355+0600] {logging_mixin.py:190} INFO - [2025-02-14T22:04:34.355+0600] {dag.py:4180} INFO - Setting next_dagrun for example_xcom_args_with_operators to None, run_after=None
[2025-02-14T22:04:34.382+0600] {processor.py:208} INFO - Processing /home/shamim/airflow_git/Airflow_project/air_venv/lib/python3.12/site-packages/airflow/example_dags/example_xcomargs.py took 0.195 seconds
[2025-02-14T22:05:05.374+0600] {processor.py:186} INFO - Started process (PID=576293) to work on /home/shamim/airflow_git/Airflow_project/air_venv/lib/python3.12/site-packages/airflow/example_dags/example_xcomargs.py
[2025-02-14T22:05:05.378+0600] {processor.py:914} INFO - Processing file /home/shamim/airflow_git/Airflow_project/air_venv/lib/python3.12/site-packages/airflow/example_dags/example_xcomargs.py for tasks to queue
[2025-02-14T22:05:05.381+0600] {logging_mixin.py:190} INFO - [2025-02-14T22:05:05.380+0600] {dagbag.py:588} INFO - Filling up the DagBag from /home/shamim/airflow_git/Airflow_project/air_venv/lib/python3.12/site-packages/airflow/example_dags/example_xcomargs.py
[2025-02-14T22:05:05.398+0600] {processor.py:925} INFO - DAG(s) 'example_xcom_args_with_operators', 'example_xcom_args' retrieved from /home/shamim/airflow_git/Airflow_project/air_venv/lib/python3.12/site-packages/airflow/example_dags/example_xcomargs.py
[2025-02-14T22:05:05.450+0600] {logging_mixin.py:190} INFO - [2025-02-14T22:05:05.449+0600] {dag.py:3239} INFO - Sync 2 DAGs
[2025-02-14T22:05:05.474+0600] {logging_mixin.py:190} INFO - [2025-02-14T22:05:05.473+0600] {dag.py:4180} INFO - Setting next_dagrun for example_xcom_args to None, run_after=None
[2025-02-14T22:05:05.479+0600] {logging_mixin.py:190} INFO - [2025-02-14T22:05:05.479+0600] {dag.py:4180} INFO - Setting next_dagrun for example_xcom_args_with_operators to None, run_after=None
[2025-02-14T22:05:05.504+0600] {processor.py:208} INFO - Processing /home/shamim/airflow_git/Airflow_project/air_venv/lib/python3.12/site-packages/airflow/example_dags/example_xcomargs.py took 0.150 seconds
[2025-02-14T22:05:40.825+0600] {processor.py:186} INFO - Started process (PID=577085) to work on /home/shamim/airflow_git/Airflow_project/air_venv/lib/python3.12/site-packages/airflow/example_dags/example_xcomargs.py
[2025-02-14T22:05:40.828+0600] {processor.py:914} INFO - Processing file /home/shamim/airflow_git/Airflow_project/air_venv/lib/python3.12/site-packages/airflow/example_dags/example_xcomargs.py for tasks to queue
[2025-02-14T22:05:40.835+0600] {logging_mixin.py:190} INFO - [2025-02-14T22:05:40.834+0600] {dagbag.py:588} INFO - Filling up the DagBag from /home/shamim/airflow_git/Airflow_project/air_venv/lib/python3.12/site-packages/airflow/example_dags/example_xcomargs.py
[2025-02-14T22:05:40.863+0600] {processor.py:925} INFO - DAG(s) 'example_xcom_args', 'example_xcom_args_with_operators' retrieved from /home/shamim/airflow_git/Airflow_project/air_venv/lib/python3.12/site-packages/airflow/example_dags/example_xcomargs.py
[2025-02-14T22:05:41.000+0600] {logging_mixin.py:190} INFO - [2025-02-14T22:05:40.999+0600] {dag.py:3239} INFO - Sync 2 DAGs
[2025-02-14T22:05:41.044+0600] {logging_mixin.py:190} INFO - [2025-02-14T22:05:41.044+0600] {dag.py:4180} INFO - Setting next_dagrun for example_xcom_args to None, run_after=None
[2025-02-14T22:05:41.056+0600] {logging_mixin.py:190} INFO - [2025-02-14T22:05:41.055+0600] {dag.py:4180} INFO - Setting next_dagrun for example_xcom_args_with_operators to None, run_after=None
[2025-02-14T22:05:41.125+0600] {processor.py:208} INFO - Processing /home/shamim/airflow_git/Airflow_project/air_venv/lib/python3.12/site-packages/airflow/example_dags/example_xcomargs.py took 0.339 seconds
[2025-02-14T22:06:11.610+0600] {processor.py:186} INFO - Started process (PID=577613) to work on /home/shamim/airflow_git/Airflow_project/air_venv/lib/python3.12/site-packages/airflow/example_dags/example_xcomargs.py
[2025-02-14T22:06:11.612+0600] {processor.py:914} INFO - Processing file /home/shamim/airflow_git/Airflow_project/air_venv/lib/python3.12/site-packages/airflow/example_dags/example_xcomargs.py for tasks to queue
[2025-02-14T22:06:11.616+0600] {logging_mixin.py:190} INFO - [2025-02-14T22:06:11.615+0600] {dagbag.py:588} INFO - Filling up the DagBag from /home/shamim/airflow_git/Airflow_project/air_venv/lib/python3.12/site-packages/airflow/example_dags/example_xcomargs.py
[2025-02-14T22:06:11.635+0600] {processor.py:925} INFO - DAG(s) 'example_xcom_args', 'example_xcom_args_with_operators' retrieved from /home/shamim/airflow_git/Airflow_project/air_venv/lib/python3.12/site-packages/airflow/example_dags/example_xcomargs.py
[2025-02-14T22:06:11.700+0600] {logging_mixin.py:190} INFO - [2025-02-14T22:06:11.700+0600] {dag.py:3239} INFO - Sync 2 DAGs
[2025-02-14T22:06:11.730+0600] {logging_mixin.py:190} INFO - [2025-02-14T22:06:11.729+0600] {dag.py:4180} INFO - Setting next_dagrun for example_xcom_args to None, run_after=None
[2025-02-14T22:06:11.736+0600] {logging_mixin.py:190} INFO - [2025-02-14T22:06:11.736+0600] {dag.py:4180} INFO - Setting next_dagrun for example_xcom_args_with_operators to None, run_after=None
[2025-02-14T22:06:11.804+0600] {processor.py:208} INFO - Processing /home/shamim/airflow_git/Airflow_project/air_venv/lib/python3.12/site-packages/airflow/example_dags/example_xcomargs.py took 0.203 seconds
[2025-02-14T22:06:42.572+0600] {processor.py:186} INFO - Started process (PID=578099) to work on /home/shamim/airflow_git/Airflow_project/air_venv/lib/python3.12/site-packages/airflow/example_dags/example_xcomargs.py
[2025-02-14T22:06:42.575+0600] {processor.py:914} INFO - Processing file /home/shamim/airflow_git/Airflow_project/air_venv/lib/python3.12/site-packages/airflow/example_dags/example_xcomargs.py for tasks to queue
[2025-02-14T22:06:42.585+0600] {logging_mixin.py:190} INFO - [2025-02-14T22:06:42.584+0600] {dagbag.py:588} INFO - Filling up the DagBag from /home/shamim/airflow_git/Airflow_project/air_venv/lib/python3.12/site-packages/airflow/example_dags/example_xcomargs.py
[2025-02-14T22:06:42.608+0600] {processor.py:925} INFO - DAG(s) 'example_xcom_args', 'example_xcom_args_with_operators' retrieved from /home/shamim/airflow_git/Airflow_project/air_venv/lib/python3.12/site-packages/airflow/example_dags/example_xcomargs.py
[2025-02-14T22:06:42.682+0600] {logging_mixin.py:190} INFO - [2025-02-14T22:06:42.682+0600] {dag.py:3239} INFO - Sync 2 DAGs
[2025-02-14T22:06:42.707+0600] {logging_mixin.py:190} INFO - [2025-02-14T22:06:42.707+0600] {dag.py:4180} INFO - Setting next_dagrun for example_xcom_args to None, run_after=None
[2025-02-14T22:06:42.712+0600] {logging_mixin.py:190} INFO - [2025-02-14T22:06:42.712+0600] {dag.py:4180} INFO - Setting next_dagrun for example_xcom_args_with_operators to None, run_after=None
[2025-02-14T22:06:42.733+0600] {processor.py:208} INFO - Processing /home/shamim/airflow_git/Airflow_project/air_venv/lib/python3.12/site-packages/airflow/example_dags/example_xcomargs.py took 0.174 seconds
[2025-02-14T22:07:13.635+0600] {processor.py:186} INFO - Started process (PID=578535) to work on /home/shamim/airflow_git/Airflow_project/air_venv/lib/python3.12/site-packages/airflow/example_dags/example_xcomargs.py
[2025-02-14T22:07:13.636+0600] {processor.py:914} INFO - Processing file /home/shamim/airflow_git/Airflow_project/air_venv/lib/python3.12/site-packages/airflow/example_dags/example_xcomargs.py for tasks to queue
[2025-02-14T22:07:13.641+0600] {logging_mixin.py:190} INFO - [2025-02-14T22:07:13.639+0600] {dagbag.py:588} INFO - Filling up the DagBag from /home/shamim/airflow_git/Airflow_project/air_venv/lib/python3.12/site-packages/airflow/example_dags/example_xcomargs.py
[2025-02-14T22:07:13.661+0600] {processor.py:925} INFO - DAG(s) 'example_xcom_args_with_operators', 'example_xcom_args' retrieved from /home/shamim/airflow_git/Airflow_project/air_venv/lib/python3.12/site-packages/airflow/example_dags/example_xcomargs.py
[2025-02-14T22:07:13.716+0600] {logging_mixin.py:190} INFO - [2025-02-14T22:07:13.716+0600] {dag.py:3239} INFO - Sync 2 DAGs
[2025-02-14T22:07:13.744+0600] {logging_mixin.py:190} INFO - [2025-02-14T22:07:13.744+0600] {dag.py:4180} INFO - Setting next_dagrun for example_xcom_args to None, run_after=None
[2025-02-14T22:07:13.750+0600] {logging_mixin.py:190} INFO - [2025-02-14T22:07:13.749+0600] {dag.py:4180} INFO - Setting next_dagrun for example_xcom_args_with_operators to None, run_after=None
[2025-02-14T22:07:13.771+0600] {processor.py:208} INFO - Processing /home/shamim/airflow_git/Airflow_project/air_venv/lib/python3.12/site-packages/airflow/example_dags/example_xcomargs.py took 0.149 seconds
[2025-02-14T22:07:44.353+0600] {processor.py:186} INFO - Started process (PID=579061) to work on /home/shamim/airflow_git/Airflow_project/air_venv/lib/python3.12/site-packages/airflow/example_dags/example_xcomargs.py
[2025-02-14T22:07:44.358+0600] {processor.py:914} INFO - Processing file /home/shamim/airflow_git/Airflow_project/air_venv/lib/python3.12/site-packages/airflow/example_dags/example_xcomargs.py for tasks to queue
[2025-02-14T22:07:44.361+0600] {logging_mixin.py:190} INFO - [2025-02-14T22:07:44.361+0600] {dagbag.py:588} INFO - Filling up the DagBag from /home/shamim/airflow_git/Airflow_project/air_venv/lib/python3.12/site-packages/airflow/example_dags/example_xcomargs.py
[2025-02-14T22:07:44.409+0600] {processor.py:925} INFO - DAG(s) 'example_xcom_args', 'example_xcom_args_with_operators' retrieved from /home/shamim/airflow_git/Airflow_project/air_venv/lib/python3.12/site-packages/airflow/example_dags/example_xcomargs.py
[2025-02-14T22:07:44.474+0600] {logging_mixin.py:190} INFO - [2025-02-14T22:07:44.473+0600] {dag.py:3239} INFO - Sync 2 DAGs
[2025-02-14T22:07:44.496+0600] {logging_mixin.py:190} INFO - [2025-02-14T22:07:44.496+0600] {dag.py:4180} INFO - Setting next_dagrun for example_xcom_args to None, run_after=None
[2025-02-14T22:07:44.503+0600] {logging_mixin.py:190} INFO - [2025-02-14T22:07:44.503+0600] {dag.py:4180} INFO - Setting next_dagrun for example_xcom_args_with_operators to None, run_after=None
[2025-02-14T22:07:44.532+0600] {processor.py:208} INFO - Processing /home/shamim/airflow_git/Airflow_project/air_venv/lib/python3.12/site-packages/airflow/example_dags/example_xcomargs.py took 0.214 seconds
[2025-02-14T22:08:15.048+0600] {processor.py:186} INFO - Started process (PID=579552) to work on /home/shamim/airflow_git/Airflow_project/air_venv/lib/python3.12/site-packages/airflow/example_dags/example_xcomargs.py
[2025-02-14T22:08:15.049+0600] {processor.py:914} INFO - Processing file /home/shamim/airflow_git/Airflow_project/air_venv/lib/python3.12/site-packages/airflow/example_dags/example_xcomargs.py for tasks to queue
[2025-02-14T22:08:15.051+0600] {logging_mixin.py:190} INFO - [2025-02-14T22:08:15.050+0600] {dagbag.py:588} INFO - Filling up the DagBag from /home/shamim/airflow_git/Airflow_project/air_venv/lib/python3.12/site-packages/airflow/example_dags/example_xcomargs.py
[2025-02-14T22:08:15.064+0600] {processor.py:925} INFO - DAG(s) 'example_xcom_args', 'example_xcom_args_with_operators' retrieved from /home/shamim/airflow_git/Airflow_project/air_venv/lib/python3.12/site-packages/airflow/example_dags/example_xcomargs.py
[2025-02-14T22:08:15.108+0600] {logging_mixin.py:190} INFO - [2025-02-14T22:08:15.108+0600] {dag.py:3239} INFO - Sync 2 DAGs
[2025-02-14T22:08:15.131+0600] {logging_mixin.py:190} INFO - [2025-02-14T22:08:15.131+0600] {dag.py:4180} INFO - Setting next_dagrun for example_xcom_args to None, run_after=None
[2025-02-14T22:08:15.137+0600] {logging_mixin.py:190} INFO - [2025-02-14T22:08:15.137+0600] {dag.py:4180} INFO - Setting next_dagrun for example_xcom_args_with_operators to None, run_after=None
[2025-02-14T22:08:15.160+0600] {processor.py:208} INFO - Processing /home/shamim/airflow_git/Airflow_project/air_venv/lib/python3.12/site-packages/airflow/example_dags/example_xcomargs.py took 0.121 seconds
[2025-02-14T22:08:45.639+0600] {processor.py:186} INFO - Started process (PID=580029) to work on /home/shamim/airflow_git/Airflow_project/air_venv/lib/python3.12/site-packages/airflow/example_dags/example_xcomargs.py
[2025-02-14T22:08:45.643+0600] {processor.py:914} INFO - Processing file /home/shamim/airflow_git/Airflow_project/air_venv/lib/python3.12/site-packages/airflow/example_dags/example_xcomargs.py for tasks to queue
[2025-02-14T22:08:45.645+0600] {logging_mixin.py:190} INFO - [2025-02-14T22:08:45.644+0600] {dagbag.py:588} INFO - Filling up the DagBag from /home/shamim/airflow_git/Airflow_project/air_venv/lib/python3.12/site-packages/airflow/example_dags/example_xcomargs.py
[2025-02-14T22:08:45.660+0600] {processor.py:925} INFO - DAG(s) 'example_xcom_args_with_operators', 'example_xcom_args' retrieved from /home/shamim/airflow_git/Airflow_project/air_venv/lib/python3.12/site-packages/airflow/example_dags/example_xcomargs.py
[2025-02-14T22:08:45.711+0600] {logging_mixin.py:190} INFO - [2025-02-14T22:08:45.710+0600] {dag.py:3239} INFO - Sync 2 DAGs
[2025-02-14T22:08:45.731+0600] {logging_mixin.py:190} INFO - [2025-02-14T22:08:45.730+0600] {dag.py:4180} INFO - Setting next_dagrun for example_xcom_args to None, run_after=None
[2025-02-14T22:08:45.736+0600] {logging_mixin.py:190} INFO - [2025-02-14T22:08:45.736+0600] {dag.py:4180} INFO - Setting next_dagrun for example_xcom_args_with_operators to None, run_after=None
[2025-02-14T22:08:45.757+0600] {processor.py:208} INFO - Processing /home/shamim/airflow_git/Airflow_project/air_venv/lib/python3.12/site-packages/airflow/example_dags/example_xcomargs.py took 0.127 seconds
[2025-02-14T22:09:16.407+0600] {processor.py:186} INFO - Started process (PID=580440) to work on /home/shamim/airflow_git/Airflow_project/air_venv/lib/python3.12/site-packages/airflow/example_dags/example_xcomargs.py
[2025-02-14T22:09:16.408+0600] {processor.py:914} INFO - Processing file /home/shamim/airflow_git/Airflow_project/air_venv/lib/python3.12/site-packages/airflow/example_dags/example_xcomargs.py for tasks to queue
[2025-02-14T22:09:16.410+0600] {logging_mixin.py:190} INFO - [2025-02-14T22:09:16.410+0600] {dagbag.py:588} INFO - Filling up the DagBag from /home/shamim/airflow_git/Airflow_project/air_venv/lib/python3.12/site-packages/airflow/example_dags/example_xcomargs.py
[2025-02-14T22:09:16.430+0600] {processor.py:925} INFO - DAG(s) 'example_xcom_args', 'example_xcom_args_with_operators' retrieved from /home/shamim/airflow_git/Airflow_project/air_venv/lib/python3.12/site-packages/airflow/example_dags/example_xcomargs.py
[2025-02-14T22:09:16.493+0600] {logging_mixin.py:190} INFO - [2025-02-14T22:09:16.493+0600] {dag.py:3239} INFO - Sync 2 DAGs
[2025-02-14T22:09:16.530+0600] {logging_mixin.py:190} INFO - [2025-02-14T22:09:16.529+0600] {dag.py:4180} INFO - Setting next_dagrun for example_xcom_args to None, run_after=None
[2025-02-14T22:09:16.537+0600] {logging_mixin.py:190} INFO - [2025-02-14T22:09:16.537+0600] {dag.py:4180} INFO - Setting next_dagrun for example_xcom_args_with_operators to None, run_after=None
[2025-02-14T22:09:16.568+0600] {processor.py:208} INFO - Processing /home/shamim/airflow_git/Airflow_project/air_venv/lib/python3.12/site-packages/airflow/example_dags/example_xcomargs.py took 0.173 seconds
[2025-02-14T22:09:46.768+0600] {processor.py:186} INFO - Started process (PID=580980) to work on /home/shamim/airflow_git/Airflow_project/air_venv/lib/python3.12/site-packages/airflow/example_dags/example_xcomargs.py
[2025-02-14T22:09:46.770+0600] {processor.py:914} INFO - Processing file /home/shamim/airflow_git/Airflow_project/air_venv/lib/python3.12/site-packages/airflow/example_dags/example_xcomargs.py for tasks to queue
[2025-02-14T22:09:46.771+0600] {logging_mixin.py:190} INFO - [2025-02-14T22:09:46.771+0600] {dagbag.py:588} INFO - Filling up the DagBag from /home/shamim/airflow_git/Airflow_project/air_venv/lib/python3.12/site-packages/airflow/example_dags/example_xcomargs.py
[2025-02-14T22:09:46.785+0600] {processor.py:925} INFO - DAG(s) 'example_xcom_args_with_operators', 'example_xcom_args' retrieved from /home/shamim/airflow_git/Airflow_project/air_venv/lib/python3.12/site-packages/airflow/example_dags/example_xcomargs.py
[2025-02-14T22:09:46.831+0600] {logging_mixin.py:190} INFO - [2025-02-14T22:09:46.830+0600] {dag.py:3239} INFO - Sync 2 DAGs
[2025-02-14T22:09:46.855+0600] {logging_mixin.py:190} INFO - [2025-02-14T22:09:46.854+0600] {dag.py:4180} INFO - Setting next_dagrun for example_xcom_args to None, run_after=None
[2025-02-14T22:09:46.860+0600] {logging_mixin.py:190} INFO - [2025-02-14T22:09:46.860+0600] {dag.py:4180} INFO - Setting next_dagrun for example_xcom_args_with_operators to None, run_after=None
[2025-02-14T22:09:46.893+0600] {processor.py:208} INFO - Processing /home/shamim/airflow_git/Airflow_project/air_venv/lib/python3.12/site-packages/airflow/example_dags/example_xcomargs.py took 0.135 seconds
