[2025-02-14T21:56:27.444+0600] {processor.py:186} INFO - Started process (PID=572680) to work on /home/shamim/airflow_git/Airflow_project/air_venv/lib/python3.12/site-packages/airflow/example_dags/example_dynamic_task_mapping.py
[2025-02-14T21:56:27.445+0600] {processor.py:914} INFO - Processing file /home/shamim/airflow_git/Airflow_project/air_venv/lib/python3.12/site-packages/airflow/example_dags/example_dynamic_task_mapping.py for tasks to queue
[2025-02-14T21:56:27.448+0600] {logging_mixin.py:190} INFO - [2025-02-14T21:56:27.448+0600] {dagbag.py:588} INFO - Filling up the DagBag from /home/shamim/airflow_git/Airflow_project/air_venv/lib/python3.12/site-packages/airflow/example_dags/example_dynamic_task_mapping.py
[2025-02-14T21:56:27.470+0600] {processor.py:925} INFO - DAG(s) 'example_dynamic_task_mapping' retrieved from /home/shamim/airflow_git/Airflow_project/air_venv/lib/python3.12/site-packages/airflow/example_dags/example_dynamic_task_mapping.py
[2025-02-14T21:56:27.829+0600] {logging_mixin.py:190} INFO - [2025-02-14T21:56:27.829+0600] {dag.py:3239} INFO - Sync 1 DAGs
[2025-02-14T21:56:27.863+0600] {logging_mixin.py:190} INFO - [2025-02-14T21:56:27.863+0600] {dag.py:4180} INFO - Setting next_dagrun for example_dynamic_task_mapping to None, run_after=None
[2025-02-14T21:56:27.901+0600] {processor.py:208} INFO - Processing /home/shamim/airflow_git/Airflow_project/air_venv/lib/python3.12/site-packages/airflow/example_dags/example_dynamic_task_mapping.py took 0.479 seconds
[2025-02-14T21:56:58.493+0600] {processor.py:186} INFO - Started process (PID=573089) to work on /home/shamim/airflow_git/Airflow_project/air_venv/lib/python3.12/site-packages/airflow/example_dags/example_dynamic_task_mapping.py
[2025-02-14T21:56:58.494+0600] {processor.py:914} INFO - Processing file /home/shamim/airflow_git/Airflow_project/air_venv/lib/python3.12/site-packages/airflow/example_dags/example_dynamic_task_mapping.py for tasks to queue
[2025-02-14T21:56:58.496+0600] {logging_mixin.py:190} INFO - [2025-02-14T21:56:58.495+0600] {dagbag.py:588} INFO - Filling up the DagBag from /home/shamim/airflow_git/Airflow_project/air_venv/lib/python3.12/site-packages/airflow/example_dags/example_dynamic_task_mapping.py
[2025-02-14T21:56:58.507+0600] {processor.py:925} INFO - DAG(s) 'example_dynamic_task_mapping' retrieved from /home/shamim/airflow_git/Airflow_project/air_venv/lib/python3.12/site-packages/airflow/example_dags/example_dynamic_task_mapping.py
[2025-02-14T21:56:58.547+0600] {logging_mixin.py:190} INFO - [2025-02-14T21:56:58.546+0600] {dag.py:3239} INFO - Sync 1 DAGs
[2025-02-14T21:56:58.567+0600] {logging_mixin.py:190} INFO - [2025-02-14T21:56:58.567+0600] {dag.py:4180} INFO - Setting next_dagrun for example_dynamic_task_mapping to None, run_after=None
[2025-02-14T21:56:58.594+0600] {processor.py:208} INFO - Processing /home/shamim/airflow_git/Airflow_project/air_venv/lib/python3.12/site-packages/airflow/example_dags/example_dynamic_task_mapping.py took 0.115 seconds
[2025-02-14T21:57:29.401+0600] {processor.py:186} INFO - Started process (PID=573505) to work on /home/shamim/airflow_git/Airflow_project/air_venv/lib/python3.12/site-packages/airflow/example_dags/example_dynamic_task_mapping.py
[2025-02-14T21:57:29.402+0600] {processor.py:914} INFO - Processing file /home/shamim/airflow_git/Airflow_project/air_venv/lib/python3.12/site-packages/airflow/example_dags/example_dynamic_task_mapping.py for tasks to queue
[2025-02-14T21:57:29.405+0600] {logging_mixin.py:190} INFO - [2025-02-14T21:57:29.404+0600] {dagbag.py:588} INFO - Filling up the DagBag from /home/shamim/airflow_git/Airflow_project/air_venv/lib/python3.12/site-packages/airflow/example_dags/example_dynamic_task_mapping.py
[2025-02-14T21:57:29.421+0600] {processor.py:925} INFO - DAG(s) 'example_dynamic_task_mapping' retrieved from /home/shamim/airflow_git/Airflow_project/air_venv/lib/python3.12/site-packages/airflow/example_dags/example_dynamic_task_mapping.py
[2025-02-14T21:57:29.468+0600] {logging_mixin.py:190} INFO - [2025-02-14T21:57:29.467+0600] {dag.py:3239} INFO - Sync 1 DAGs
[2025-02-14T21:57:29.496+0600] {logging_mixin.py:190} INFO - [2025-02-14T21:57:29.496+0600] {dag.py:4180} INFO - Setting next_dagrun for example_dynamic_task_mapping to None, run_after=None
[2025-02-14T21:57:29.527+0600] {processor.py:208} INFO - Processing /home/shamim/airflow_git/Airflow_project/air_venv/lib/python3.12/site-packages/airflow/example_dags/example_dynamic_task_mapping.py took 0.140 seconds
[2025-02-14T22:02:35.482+0600] {processor.py:186} INFO - Started process (PID=574354) to work on /home/shamim/airflow_git/Airflow_project/air_venv/lib/python3.12/site-packages/airflow/example_dags/example_dynamic_task_mapping.py
[2025-02-14T22:02:35.487+0600] {processor.py:914} INFO - Processing file /home/shamim/airflow_git/Airflow_project/air_venv/lib/python3.12/site-packages/airflow/example_dags/example_dynamic_task_mapping.py for tasks to queue
[2025-02-14T22:02:35.491+0600] {logging_mixin.py:190} INFO - [2025-02-14T22:02:35.490+0600] {dagbag.py:588} INFO - Filling up the DagBag from /home/shamim/airflow_git/Airflow_project/air_venv/lib/python3.12/site-packages/airflow/example_dags/example_dynamic_task_mapping.py
[2025-02-14T22:02:35.504+0600] {processor.py:925} INFO - DAG(s) 'example_dynamic_task_mapping' retrieved from /home/shamim/airflow_git/Airflow_project/air_venv/lib/python3.12/site-packages/airflow/example_dags/example_dynamic_task_mapping.py
[2025-02-14T22:02:35.553+0600] {logging_mixin.py:190} INFO - [2025-02-14T22:02:35.552+0600] {dag.py:3239} INFO - Sync 1 DAGs
[2025-02-14T22:02:35.582+0600] {logging_mixin.py:190} INFO - [2025-02-14T22:02:35.581+0600] {dag.py:4180} INFO - Setting next_dagrun for example_dynamic_task_mapping to None, run_after=None
[2025-02-14T22:02:35.612+0600] {processor.py:208} INFO - Processing /home/shamim/airflow_git/Airflow_project/air_venv/lib/python3.12/site-packages/airflow/example_dags/example_dynamic_task_mapping.py took 0.140 seconds
[2025-02-14T22:03:06.967+0600] {processor.py:186} INFO - Started process (PID=574810) to work on /home/shamim/airflow_git/Airflow_project/air_venv/lib/python3.12/site-packages/airflow/example_dags/example_dynamic_task_mapping.py
[2025-02-14T22:03:06.969+0600] {processor.py:914} INFO - Processing file /home/shamim/airflow_git/Airflow_project/air_venv/lib/python3.12/site-packages/airflow/example_dags/example_dynamic_task_mapping.py for tasks to queue
[2025-02-14T22:03:06.972+0600] {logging_mixin.py:190} INFO - [2025-02-14T22:03:06.971+0600] {dagbag.py:588} INFO - Filling up the DagBag from /home/shamim/airflow_git/Airflow_project/air_venv/lib/python3.12/site-packages/airflow/example_dags/example_dynamic_task_mapping.py
[2025-02-14T22:03:06.983+0600] {processor.py:925} INFO - DAG(s) 'example_dynamic_task_mapping' retrieved from /home/shamim/airflow_git/Airflow_project/air_venv/lib/python3.12/site-packages/airflow/example_dags/example_dynamic_task_mapping.py
[2025-02-14T22:03:07.030+0600] {logging_mixin.py:190} INFO - [2025-02-14T22:03:07.030+0600] {dag.py:3239} INFO - Sync 1 DAGs
[2025-02-14T22:03:07.060+0600] {logging_mixin.py:190} INFO - [2025-02-14T22:03:07.059+0600] {dag.py:4180} INFO - Setting next_dagrun for example_dynamic_task_mapping to None, run_after=None
[2025-02-14T22:03:07.091+0600] {processor.py:208} INFO - Processing /home/shamim/airflow_git/Airflow_project/air_venv/lib/python3.12/site-packages/airflow/example_dags/example_dynamic_task_mapping.py took 0.132 seconds
[2025-02-14T22:03:37.572+0600] {processor.py:186} INFO - Started process (PID=575221) to work on /home/shamim/airflow_git/Airflow_project/air_venv/lib/python3.12/site-packages/airflow/example_dags/example_dynamic_task_mapping.py
[2025-02-14T22:03:37.573+0600] {processor.py:914} INFO - Processing file /home/shamim/airflow_git/Airflow_project/air_venv/lib/python3.12/site-packages/airflow/example_dags/example_dynamic_task_mapping.py for tasks to queue
[2025-02-14T22:03:37.575+0600] {logging_mixin.py:190} INFO - [2025-02-14T22:03:37.575+0600] {dagbag.py:588} INFO - Filling up the DagBag from /home/shamim/airflow_git/Airflow_project/air_venv/lib/python3.12/site-packages/airflow/example_dags/example_dynamic_task_mapping.py
[2025-02-14T22:03:37.586+0600] {processor.py:925} INFO - DAG(s) 'example_dynamic_task_mapping' retrieved from /home/shamim/airflow_git/Airflow_project/air_venv/lib/python3.12/site-packages/airflow/example_dags/example_dynamic_task_mapping.py
[2025-02-14T22:03:37.622+0600] {logging_mixin.py:190} INFO - [2025-02-14T22:03:37.622+0600] {dag.py:3239} INFO - Sync 1 DAGs
[2025-02-14T22:03:37.642+0600] {logging_mixin.py:190} INFO - [2025-02-14T22:03:37.642+0600] {dag.py:4180} INFO - Setting next_dagrun for example_dynamic_task_mapping to None, run_after=None
[2025-02-14T22:03:37.669+0600] {processor.py:208} INFO - Processing /home/shamim/airflow_git/Airflow_project/air_venv/lib/python3.12/site-packages/airflow/example_dags/example_dynamic_task_mapping.py took 0.105 seconds
[2025-02-14T22:04:09.101+0600] {processor.py:186} INFO - Started process (PID=575636) to work on /home/shamim/airflow_git/Airflow_project/air_venv/lib/python3.12/site-packages/airflow/example_dags/example_dynamic_task_mapping.py
[2025-02-14T22:04:09.107+0600] {processor.py:914} INFO - Processing file /home/shamim/airflow_git/Airflow_project/air_venv/lib/python3.12/site-packages/airflow/example_dags/example_dynamic_task_mapping.py for tasks to queue
[2025-02-14T22:04:09.110+0600] {logging_mixin.py:190} INFO - [2025-02-14T22:04:09.109+0600] {dagbag.py:588} INFO - Filling up the DagBag from /home/shamim/airflow_git/Airflow_project/air_venv/lib/python3.12/site-packages/airflow/example_dags/example_dynamic_task_mapping.py
[2025-02-14T22:04:09.122+0600] {processor.py:925} INFO - DAG(s) 'example_dynamic_task_mapping' retrieved from /home/shamim/airflow_git/Airflow_project/air_venv/lib/python3.12/site-packages/airflow/example_dags/example_dynamic_task_mapping.py
[2025-02-14T22:04:09.170+0600] {logging_mixin.py:190} INFO - [2025-02-14T22:04:09.169+0600] {dag.py:3239} INFO - Sync 1 DAGs
[2025-02-14T22:04:09.190+0600] {logging_mixin.py:190} INFO - [2025-02-14T22:04:09.190+0600] {dag.py:4180} INFO - Setting next_dagrun for example_dynamic_task_mapping to None, run_after=None
[2025-02-14T22:04:09.214+0600] {processor.py:208} INFO - Processing /home/shamim/airflow_git/Airflow_project/air_venv/lib/python3.12/site-packages/airflow/example_dags/example_dynamic_task_mapping.py took 0.123 seconds
[2025-02-14T22:04:40.811+0600] {processor.py:186} INFO - Started process (PID=576058) to work on /home/shamim/airflow_git/Airflow_project/air_venv/lib/python3.12/site-packages/airflow/example_dags/example_dynamic_task_mapping.py
[2025-02-14T22:04:40.812+0600] {processor.py:914} INFO - Processing file /home/shamim/airflow_git/Airflow_project/air_venv/lib/python3.12/site-packages/airflow/example_dags/example_dynamic_task_mapping.py for tasks to queue
[2025-02-14T22:04:40.815+0600] {logging_mixin.py:190} INFO - [2025-02-14T22:04:40.815+0600] {dagbag.py:588} INFO - Filling up the DagBag from /home/shamim/airflow_git/Airflow_project/air_venv/lib/python3.12/site-packages/airflow/example_dags/example_dynamic_task_mapping.py
[2025-02-14T22:04:40.828+0600] {processor.py:925} INFO - DAG(s) 'example_dynamic_task_mapping' retrieved from /home/shamim/airflow_git/Airflow_project/air_venv/lib/python3.12/site-packages/airflow/example_dags/example_dynamic_task_mapping.py
[2025-02-14T22:04:40.875+0600] {logging_mixin.py:190} INFO - [2025-02-14T22:04:40.874+0600] {dag.py:3239} INFO - Sync 1 DAGs
[2025-02-14T22:04:40.897+0600] {logging_mixin.py:190} INFO - [2025-02-14T22:04:40.896+0600] {dag.py:4180} INFO - Setting next_dagrun for example_dynamic_task_mapping to None, run_after=None
[2025-02-14T22:04:40.922+0600] {processor.py:208} INFO - Processing /home/shamim/airflow_git/Airflow_project/air_venv/lib/python3.12/site-packages/airflow/example_dags/example_dynamic_task_mapping.py took 0.121 seconds
[2025-02-14T22:05:14.453+0600] {processor.py:186} INFO - Started process (PID=576635) to work on /home/shamim/airflow_git/Airflow_project/air_venv/lib/python3.12/site-packages/airflow/example_dags/example_dynamic_task_mapping.py
[2025-02-14T22:05:14.460+0600] {processor.py:914} INFO - Processing file /home/shamim/airflow_git/Airflow_project/air_venv/lib/python3.12/site-packages/airflow/example_dags/example_dynamic_task_mapping.py for tasks to queue
[2025-02-14T22:05:14.473+0600] {logging_mixin.py:190} INFO - [2025-02-14T22:05:14.470+0600] {dagbag.py:588} INFO - Filling up the DagBag from /home/shamim/airflow_git/Airflow_project/air_venv/lib/python3.12/site-packages/airflow/example_dags/example_dynamic_task_mapping.py
[2025-02-14T22:05:14.513+0600] {processor.py:925} INFO - DAG(s) 'example_dynamic_task_mapping' retrieved from /home/shamim/airflow_git/Airflow_project/air_venv/lib/python3.12/site-packages/airflow/example_dags/example_dynamic_task_mapping.py
[2025-02-14T22:05:14.610+0600] {logging_mixin.py:190} INFO - [2025-02-14T22:05:14.608+0600] {dag.py:3239} INFO - Sync 1 DAGs
[2025-02-14T22:05:14.681+0600] {logging_mixin.py:190} INFO - [2025-02-14T22:05:14.680+0600] {dag.py:4180} INFO - Setting next_dagrun for example_dynamic_task_mapping to None, run_after=None
[2025-02-14T22:05:14.722+0600] {processor.py:208} INFO - Processing /home/shamim/airflow_git/Airflow_project/air_venv/lib/python3.12/site-packages/airflow/example_dags/example_dynamic_task_mapping.py took 0.291 seconds
[2025-02-14T22:05:53.960+0600] {processor.py:186} INFO - Started process (PID=577317) to work on /home/shamim/airflow_git/Airflow_project/air_venv/lib/python3.12/site-packages/airflow/example_dags/example_dynamic_task_mapping.py
[2025-02-14T22:05:53.964+0600] {processor.py:914} INFO - Processing file /home/shamim/airflow_git/Airflow_project/air_venv/lib/python3.12/site-packages/airflow/example_dags/example_dynamic_task_mapping.py for tasks to queue
[2025-02-14T22:05:53.969+0600] {logging_mixin.py:190} INFO - [2025-02-14T22:05:53.968+0600] {dagbag.py:588} INFO - Filling up the DagBag from /home/shamim/airflow_git/Airflow_project/air_venv/lib/python3.12/site-packages/airflow/example_dags/example_dynamic_task_mapping.py
[2025-02-14T22:05:53.992+0600] {processor.py:925} INFO - DAG(s) 'example_dynamic_task_mapping' retrieved from /home/shamim/airflow_git/Airflow_project/air_venv/lib/python3.12/site-packages/airflow/example_dags/example_dynamic_task_mapping.py
[2025-02-14T22:05:54.072+0600] {logging_mixin.py:190} INFO - [2025-02-14T22:05:54.071+0600] {dag.py:3239} INFO - Sync 1 DAGs
[2025-02-14T22:05:54.123+0600] {logging_mixin.py:190} INFO - [2025-02-14T22:05:54.123+0600] {dag.py:4180} INFO - Setting next_dagrun for example_dynamic_task_mapping to None, run_after=None
[2025-02-14T22:05:54.203+0600] {processor.py:208} INFO - Processing /home/shamim/airflow_git/Airflow_project/air_venv/lib/python3.12/site-packages/airflow/example_dags/example_dynamic_task_mapping.py took 0.260 seconds
[2025-02-14T22:06:25.751+0600] {processor.py:186} INFO - Started process (PID=577869) to work on /home/shamim/airflow_git/Airflow_project/air_venv/lib/python3.12/site-packages/airflow/example_dags/example_dynamic_task_mapping.py
[2025-02-14T22:06:25.753+0600] {processor.py:914} INFO - Processing file /home/shamim/airflow_git/Airflow_project/air_venv/lib/python3.12/site-packages/airflow/example_dags/example_dynamic_task_mapping.py for tasks to queue
[2025-02-14T22:06:25.757+0600] {logging_mixin.py:190} INFO - [2025-02-14T22:06:25.757+0600] {dagbag.py:588} INFO - Filling up the DagBag from /home/shamim/airflow_git/Airflow_project/air_venv/lib/python3.12/site-packages/airflow/example_dags/example_dynamic_task_mapping.py
[2025-02-14T22:06:25.778+0600] {processor.py:925} INFO - DAG(s) 'example_dynamic_task_mapping' retrieved from /home/shamim/airflow_git/Airflow_project/air_venv/lib/python3.12/site-packages/airflow/example_dags/example_dynamic_task_mapping.py
[2025-02-14T22:06:25.840+0600] {logging_mixin.py:190} INFO - [2025-02-14T22:06:25.839+0600] {dag.py:3239} INFO - Sync 1 DAGs
[2025-02-14T22:06:25.867+0600] {logging_mixin.py:190} INFO - [2025-02-14T22:06:25.867+0600] {dag.py:4180} INFO - Setting next_dagrun for example_dynamic_task_mapping to None, run_after=None
[2025-02-14T22:06:25.901+0600] {processor.py:208} INFO - Processing /home/shamim/airflow_git/Airflow_project/air_venv/lib/python3.12/site-packages/airflow/example_dags/example_dynamic_task_mapping.py took 0.165 seconds
[2025-02-14T22:06:57.468+0600] {processor.py:186} INFO - Started process (PID=578303) to work on /home/shamim/airflow_git/Airflow_project/air_venv/lib/python3.12/site-packages/airflow/example_dags/example_dynamic_task_mapping.py
[2025-02-14T22:06:57.472+0600] {processor.py:914} INFO - Processing file /home/shamim/airflow_git/Airflow_project/air_venv/lib/python3.12/site-packages/airflow/example_dags/example_dynamic_task_mapping.py for tasks to queue
[2025-02-14T22:06:57.475+0600] {logging_mixin.py:190} INFO - [2025-02-14T22:06:57.475+0600] {dagbag.py:588} INFO - Filling up the DagBag from /home/shamim/airflow_git/Airflow_project/air_venv/lib/python3.12/site-packages/airflow/example_dags/example_dynamic_task_mapping.py
[2025-02-14T22:06:57.489+0600] {processor.py:925} INFO - DAG(s) 'example_dynamic_task_mapping' retrieved from /home/shamim/airflow_git/Airflow_project/air_venv/lib/python3.12/site-packages/airflow/example_dags/example_dynamic_task_mapping.py
[2025-02-14T22:06:57.539+0600] {logging_mixin.py:190} INFO - [2025-02-14T22:06:57.539+0600] {dag.py:3239} INFO - Sync 1 DAGs
[2025-02-14T22:06:57.559+0600] {logging_mixin.py:190} INFO - [2025-02-14T22:06:57.559+0600] {dag.py:4180} INFO - Setting next_dagrun for example_dynamic_task_mapping to None, run_after=None
[2025-02-14T22:06:57.583+0600] {processor.py:208} INFO - Processing /home/shamim/airflow_git/Airflow_project/air_venv/lib/python3.12/site-packages/airflow/example_dags/example_dynamic_task_mapping.py took 0.127 seconds
[2025-02-14T22:07:29.251+0600] {processor.py:186} INFO - Started process (PID=578784) to work on /home/shamim/airflow_git/Airflow_project/air_venv/lib/python3.12/site-packages/airflow/example_dags/example_dynamic_task_mapping.py
[2025-02-14T22:07:29.252+0600] {processor.py:914} INFO - Processing file /home/shamim/airflow_git/Airflow_project/air_venv/lib/python3.12/site-packages/airflow/example_dags/example_dynamic_task_mapping.py for tasks to queue
[2025-02-14T22:07:29.256+0600] {logging_mixin.py:190} INFO - [2025-02-14T22:07:29.255+0600] {dagbag.py:588} INFO - Filling up the DagBag from /home/shamim/airflow_git/Airflow_project/air_venv/lib/python3.12/site-packages/airflow/example_dags/example_dynamic_task_mapping.py
[2025-02-14T22:07:29.272+0600] {processor.py:925} INFO - DAG(s) 'example_dynamic_task_mapping' retrieved from /home/shamim/airflow_git/Airflow_project/air_venv/lib/python3.12/site-packages/airflow/example_dags/example_dynamic_task_mapping.py
[2025-02-14T22:07:29.318+0600] {logging_mixin.py:190} INFO - [2025-02-14T22:07:29.318+0600] {dag.py:3239} INFO - Sync 1 DAGs
[2025-02-14T22:07:29.347+0600] {logging_mixin.py:190} INFO - [2025-02-14T22:07:29.347+0600] {dag.py:4180} INFO - Setting next_dagrun for example_dynamic_task_mapping to None, run_after=None
[2025-02-14T22:07:29.377+0600] {processor.py:208} INFO - Processing /home/shamim/airflow_git/Airflow_project/air_venv/lib/python3.12/site-packages/airflow/example_dags/example_dynamic_task_mapping.py took 0.139 seconds
[2025-02-14T22:08:00.908+0600] {processor.py:186} INFO - Started process (PID=579337) to work on /home/shamim/airflow_git/Airflow_project/air_venv/lib/python3.12/site-packages/airflow/example_dags/example_dynamic_task_mapping.py
[2025-02-14T22:08:00.910+0600] {processor.py:914} INFO - Processing file /home/shamim/airflow_git/Airflow_project/air_venv/lib/python3.12/site-packages/airflow/example_dags/example_dynamic_task_mapping.py for tasks to queue
[2025-02-14T22:08:00.912+0600] {logging_mixin.py:190} INFO - [2025-02-14T22:08:00.912+0600] {dagbag.py:588} INFO - Filling up the DagBag from /home/shamim/airflow_git/Airflow_project/air_venv/lib/python3.12/site-packages/airflow/example_dags/example_dynamic_task_mapping.py
[2025-02-14T22:08:00.930+0600] {processor.py:925} INFO - DAG(s) 'example_dynamic_task_mapping' retrieved from /home/shamim/airflow_git/Airflow_project/air_venv/lib/python3.12/site-packages/airflow/example_dags/example_dynamic_task_mapping.py
[2025-02-14T22:08:00.986+0600] {logging_mixin.py:190} INFO - [2025-02-14T22:08:00.986+0600] {dag.py:3239} INFO - Sync 1 DAGs
[2025-02-14T22:08:01.017+0600] {logging_mixin.py:190} INFO - [2025-02-14T22:08:01.017+0600] {dag.py:4180} INFO - Setting next_dagrun for example_dynamic_task_mapping to None, run_after=None
[2025-02-14T22:08:01.056+0600] {processor.py:208} INFO - Processing /home/shamim/airflow_git/Airflow_project/air_venv/lib/python3.12/site-packages/airflow/example_dags/example_dynamic_task_mapping.py took 0.162 seconds
[2025-02-14T22:08:32.891+0600] {processor.py:186} INFO - Started process (PID=579800) to work on /home/shamim/airflow_git/Airflow_project/air_venv/lib/python3.12/site-packages/airflow/example_dags/example_dynamic_task_mapping.py
[2025-02-14T22:08:32.893+0600] {processor.py:914} INFO - Processing file /home/shamim/airflow_git/Airflow_project/air_venv/lib/python3.12/site-packages/airflow/example_dags/example_dynamic_task_mapping.py for tasks to queue
[2025-02-14T22:08:32.895+0600] {logging_mixin.py:190} INFO - [2025-02-14T22:08:32.894+0600] {dagbag.py:588} INFO - Filling up the DagBag from /home/shamim/airflow_git/Airflow_project/air_venv/lib/python3.12/site-packages/airflow/example_dags/example_dynamic_task_mapping.py
[2025-02-14T22:08:32.919+0600] {processor.py:925} INFO - DAG(s) 'example_dynamic_task_mapping' retrieved from /home/shamim/airflow_git/Airflow_project/air_venv/lib/python3.12/site-packages/airflow/example_dags/example_dynamic_task_mapping.py
[2025-02-14T22:08:33.026+0600] {logging_mixin.py:190} INFO - [2025-02-14T22:08:33.025+0600] {dag.py:3239} INFO - Sync 1 DAGs
[2025-02-14T22:08:33.088+0600] {logging_mixin.py:190} INFO - [2025-02-14T22:08:33.087+0600] {dag.py:4180} INFO - Setting next_dagrun for example_dynamic_task_mapping to None, run_after=None
[2025-02-14T22:08:33.147+0600] {processor.py:208} INFO - Processing /home/shamim/airflow_git/Airflow_project/air_venv/lib/python3.12/site-packages/airflow/example_dags/example_dynamic_task_mapping.py took 0.322 seconds
[2025-02-14T22:09:03.426+0600] {processor.py:186} INFO - Started process (PID=580215) to work on /home/shamim/airflow_git/Airflow_project/air_venv/lib/python3.12/site-packages/airflow/example_dags/example_dynamic_task_mapping.py
[2025-02-14T22:09:03.428+0600] {processor.py:914} INFO - Processing file /home/shamim/airflow_git/Airflow_project/air_venv/lib/python3.12/site-packages/airflow/example_dags/example_dynamic_task_mapping.py for tasks to queue
[2025-02-14T22:09:03.429+0600] {logging_mixin.py:190} INFO - [2025-02-14T22:09:03.429+0600] {dagbag.py:588} INFO - Filling up the DagBag from /home/shamim/airflow_git/Airflow_project/air_venv/lib/python3.12/site-packages/airflow/example_dags/example_dynamic_task_mapping.py
[2025-02-14T22:09:03.446+0600] {processor.py:925} INFO - DAG(s) 'example_dynamic_task_mapping' retrieved from /home/shamim/airflow_git/Airflow_project/air_venv/lib/python3.12/site-packages/airflow/example_dags/example_dynamic_task_mapping.py
[2025-02-14T22:09:03.487+0600] {logging_mixin.py:190} INFO - [2025-02-14T22:09:03.487+0600] {dag.py:3239} INFO - Sync 1 DAGs
[2025-02-14T22:09:03.511+0600] {logging_mixin.py:190} INFO - [2025-02-14T22:09:03.510+0600] {dag.py:4180} INFO - Setting next_dagrun for example_dynamic_task_mapping to None, run_after=None
[2025-02-14T22:09:03.553+0600] {processor.py:208} INFO - Processing /home/shamim/airflow_git/Airflow_project/air_venv/lib/python3.12/site-packages/airflow/example_dags/example_dynamic_task_mapping.py took 0.139 seconds
[2025-02-14T22:09:33.615+0600] {processor.py:186} INFO - Started process (PID=580738) to work on /home/shamim/airflow_git/Airflow_project/air_venv/lib/python3.12/site-packages/airflow/example_dags/example_dynamic_task_mapping.py
[2025-02-14T22:09:33.617+0600] {processor.py:914} INFO - Processing file /home/shamim/airflow_git/Airflow_project/air_venv/lib/python3.12/site-packages/airflow/example_dags/example_dynamic_task_mapping.py for tasks to queue
[2025-02-14T22:09:33.620+0600] {logging_mixin.py:190} INFO - [2025-02-14T22:09:33.619+0600] {dagbag.py:588} INFO - Filling up the DagBag from /home/shamim/airflow_git/Airflow_project/air_venv/lib/python3.12/site-packages/airflow/example_dags/example_dynamic_task_mapping.py
[2025-02-14T22:09:33.641+0600] {processor.py:925} INFO - DAG(s) 'example_dynamic_task_mapping' retrieved from /home/shamim/airflow_git/Airflow_project/air_venv/lib/python3.12/site-packages/airflow/example_dags/example_dynamic_task_mapping.py
[2025-02-14T22:09:33.732+0600] {logging_mixin.py:190} INFO - [2025-02-14T22:09:33.731+0600] {dag.py:3239} INFO - Sync 1 DAGs
[2025-02-14T22:09:33.770+0600] {logging_mixin.py:190} INFO - [2025-02-14T22:09:33.770+0600] {dag.py:4180} INFO - Setting next_dagrun for example_dynamic_task_mapping to None, run_after=None
[2025-02-14T22:09:33.807+0600] {processor.py:208} INFO - Processing /home/shamim/airflow_git/Airflow_project/air_venv/lib/python3.12/site-packages/airflow/example_dags/example_dynamic_task_mapping.py took 0.206 seconds
[2025-02-14T22:10:04.182+0600] {processor.py:186} INFO - Started process (PID=581186) to work on /home/shamim/airflow_git/Airflow_project/air_venv/lib/python3.12/site-packages/airflow/example_dags/example_dynamic_task_mapping.py
[2025-02-14T22:10:04.183+0600] {processor.py:914} INFO - Processing file /home/shamim/airflow_git/Airflow_project/air_venv/lib/python3.12/site-packages/airflow/example_dags/example_dynamic_task_mapping.py for tasks to queue
[2025-02-14T22:10:04.185+0600] {logging_mixin.py:190} INFO - [2025-02-14T22:10:04.184+0600] {dagbag.py:588} INFO - Filling up the DagBag from /home/shamim/airflow_git/Airflow_project/air_venv/lib/python3.12/site-packages/airflow/example_dags/example_dynamic_task_mapping.py
[2025-02-14T22:10:04.199+0600] {processor.py:925} INFO - DAG(s) 'example_dynamic_task_mapping' retrieved from /home/shamim/airflow_git/Airflow_project/air_venv/lib/python3.12/site-packages/airflow/example_dags/example_dynamic_task_mapping.py
[2025-02-14T22:10:04.243+0600] {logging_mixin.py:190} INFO - [2025-02-14T22:10:04.242+0600] {dag.py:3239} INFO - Sync 1 DAGs
[2025-02-14T22:10:04.263+0600] {logging_mixin.py:190} INFO - [2025-02-14T22:10:04.262+0600] {dag.py:4180} INFO - Setting next_dagrun for example_dynamic_task_mapping to None, run_after=None
[2025-02-14T22:10:04.288+0600] {processor.py:208} INFO - Processing /home/shamim/airflow_git/Airflow_project/air_venv/lib/python3.12/site-packages/airflow/example_dags/example_dynamic_task_mapping.py took 0.116 seconds
