[2025-02-14T21:56:19.454+0600] {processor.py:186} INFO - Started process (PID=572518) to work on /home/shamim/airflow_git/Airflow_project/air_venv/lib/python3.12/site-packages/airflow/example_dags/example_trigger_target_dag.py
[2025-02-14T21:56:19.455+0600] {processor.py:914} INFO - Processing file /home/shamim/airflow_git/Airflow_project/air_venv/lib/python3.12/site-packages/airflow/example_dags/example_trigger_target_dag.py for tasks to queue
[2025-02-14T21:56:19.457+0600] {logging_mixin.py:190} INFO - [2025-02-14T21:56:19.456+0600] {dagbag.py:588} INFO - Filling up the DagBag from /home/shamim/airflow_git/Airflow_project/air_venv/lib/python3.12/site-packages/airflow/example_dags/example_trigger_target_dag.py
[2025-02-14T21:56:19.471+0600] {processor.py:925} INFO - DAG(s) 'example_trigger_target_dag' retrieved from /home/shamim/airflow_git/Airflow_project/air_venv/lib/python3.12/site-packages/airflow/example_dags/example_trigger_target_dag.py
[2025-02-14T21:56:19.699+0600] {logging_mixin.py:190} INFO - [2025-02-14T21:56:19.698+0600] {dag.py:3239} INFO - Sync 1 DAGs
[2025-02-14T21:56:19.728+0600] {logging_mixin.py:190} INFO - [2025-02-14T21:56:19.728+0600] {dag.py:4180} INFO - Setting next_dagrun for example_trigger_target_dag to None, run_after=None
[2025-02-14T21:56:19.761+0600] {processor.py:208} INFO - Processing /home/shamim/airflow_git/Airflow_project/air_venv/lib/python3.12/site-packages/airflow/example_dags/example_trigger_target_dag.py took 0.322 seconds
[2025-02-14T21:56:50.214+0600] {processor.py:186} INFO - Started process (PID=572939) to work on /home/shamim/airflow_git/Airflow_project/air_venv/lib/python3.12/site-packages/airflow/example_dags/example_trigger_target_dag.py
[2025-02-14T21:56:50.215+0600] {processor.py:914} INFO - Processing file /home/shamim/airflow_git/Airflow_project/air_venv/lib/python3.12/site-packages/airflow/example_dags/example_trigger_target_dag.py for tasks to queue
[2025-02-14T21:56:50.217+0600] {logging_mixin.py:190} INFO - [2025-02-14T21:56:50.216+0600] {dagbag.py:588} INFO - Filling up the DagBag from /home/shamim/airflow_git/Airflow_project/air_venv/lib/python3.12/site-packages/airflow/example_dags/example_trigger_target_dag.py
[2025-02-14T21:56:50.229+0600] {processor.py:925} INFO - DAG(s) 'example_trigger_target_dag' retrieved from /home/shamim/airflow_git/Airflow_project/air_venv/lib/python3.12/site-packages/airflow/example_dags/example_trigger_target_dag.py
[2025-02-14T21:56:50.270+0600] {logging_mixin.py:190} INFO - [2025-02-14T21:56:50.270+0600] {dag.py:3239} INFO - Sync 1 DAGs
[2025-02-14T21:56:50.292+0600] {logging_mixin.py:190} INFO - [2025-02-14T21:56:50.292+0600] {dag.py:4180} INFO - Setting next_dagrun for example_trigger_target_dag to None, run_after=None
[2025-02-14T21:56:50.317+0600] {processor.py:208} INFO - Processing /home/shamim/airflow_git/Airflow_project/air_venv/lib/python3.12/site-packages/airflow/example_dags/example_trigger_target_dag.py took 0.113 seconds
[2025-02-14T21:57:20.731+0600] {processor.py:186} INFO - Started process (PID=573335) to work on /home/shamim/airflow_git/Airflow_project/air_venv/lib/python3.12/site-packages/airflow/example_dags/example_trigger_target_dag.py
[2025-02-14T21:57:20.732+0600] {processor.py:914} INFO - Processing file /home/shamim/airflow_git/Airflow_project/air_venv/lib/python3.12/site-packages/airflow/example_dags/example_trigger_target_dag.py for tasks to queue
[2025-02-14T21:57:20.733+0600] {logging_mixin.py:190} INFO - [2025-02-14T21:57:20.733+0600] {dagbag.py:588} INFO - Filling up the DagBag from /home/shamim/airflow_git/Airflow_project/air_venv/lib/python3.12/site-packages/airflow/example_dags/example_trigger_target_dag.py
[2025-02-14T21:57:20.745+0600] {processor.py:925} INFO - DAG(s) 'example_trigger_target_dag' retrieved from /home/shamim/airflow_git/Airflow_project/air_venv/lib/python3.12/site-packages/airflow/example_dags/example_trigger_target_dag.py
[2025-02-14T21:57:20.783+0600] {logging_mixin.py:190} INFO - [2025-02-14T21:57:20.783+0600] {dag.py:3239} INFO - Sync 1 DAGs
[2025-02-14T21:57:20.808+0600] {logging_mixin.py:190} INFO - [2025-02-14T21:57:20.808+0600] {dag.py:4180} INFO - Setting next_dagrun for example_trigger_target_dag to None, run_after=None
[2025-02-14T21:57:20.836+0600] {processor.py:208} INFO - Processing /home/shamim/airflow_git/Airflow_project/air_venv/lib/python3.12/site-packages/airflow/example_dags/example_trigger_target_dag.py took 0.119 seconds
[2025-02-14T22:02:32.361+0600] {processor.py:186} INFO - Started process (PID=574205) to work on /home/shamim/airflow_git/Airflow_project/air_venv/lib/python3.12/site-packages/airflow/example_dags/example_trigger_target_dag.py
[2025-02-14T22:02:32.362+0600] {processor.py:914} INFO - Processing file /home/shamim/airflow_git/Airflow_project/air_venv/lib/python3.12/site-packages/airflow/example_dags/example_trigger_target_dag.py for tasks to queue
[2025-02-14T22:02:32.365+0600] {logging_mixin.py:190} INFO - [2025-02-14T22:02:32.365+0600] {dagbag.py:588} INFO - Filling up the DagBag from /home/shamim/airflow_git/Airflow_project/air_venv/lib/python3.12/site-packages/airflow/example_dags/example_trigger_target_dag.py
[2025-02-14T22:02:32.376+0600] {processor.py:925} INFO - DAG(s) 'example_trigger_target_dag' retrieved from /home/shamim/airflow_git/Airflow_project/air_venv/lib/python3.12/site-packages/airflow/example_dags/example_trigger_target_dag.py
[2025-02-14T22:02:32.419+0600] {logging_mixin.py:190} INFO - [2025-02-14T22:02:32.419+0600] {dag.py:3239} INFO - Sync 1 DAGs
[2025-02-14T22:02:32.439+0600] {logging_mixin.py:190} INFO - [2025-02-14T22:02:32.439+0600] {dag.py:4180} INFO - Setting next_dagrun for example_trigger_target_dag to None, run_after=None
[2025-02-14T22:02:32.466+0600] {processor.py:208} INFO - Processing /home/shamim/airflow_git/Airflow_project/air_venv/lib/python3.12/site-packages/airflow/example_dags/example_trigger_target_dag.py took 0.113 seconds
[2025-02-14T22:03:03.374+0600] {processor.py:186} INFO - Started process (PID=574662) to work on /home/shamim/airflow_git/Airflow_project/air_venv/lib/python3.12/site-packages/airflow/example_dags/example_trigger_target_dag.py
[2025-02-14T22:03:03.376+0600] {processor.py:914} INFO - Processing file /home/shamim/airflow_git/Airflow_project/air_venv/lib/python3.12/site-packages/airflow/example_dags/example_trigger_target_dag.py for tasks to queue
[2025-02-14T22:03:03.379+0600] {logging_mixin.py:190} INFO - [2025-02-14T22:03:03.379+0600] {dagbag.py:588} INFO - Filling up the DagBag from /home/shamim/airflow_git/Airflow_project/air_venv/lib/python3.12/site-packages/airflow/example_dags/example_trigger_target_dag.py
[2025-02-14T22:03:03.390+0600] {processor.py:925} INFO - DAG(s) 'example_trigger_target_dag' retrieved from /home/shamim/airflow_git/Airflow_project/air_venv/lib/python3.12/site-packages/airflow/example_dags/example_trigger_target_dag.py
[2025-02-14T22:03:03.433+0600] {logging_mixin.py:190} INFO - [2025-02-14T22:03:03.433+0600] {dag.py:3239} INFO - Sync 1 DAGs
[2025-02-14T22:03:03.453+0600] {logging_mixin.py:190} INFO - [2025-02-14T22:03:03.453+0600] {dag.py:4180} INFO - Setting next_dagrun for example_trigger_target_dag to None, run_after=None
[2025-02-14T22:03:03.483+0600] {processor.py:208} INFO - Processing /home/shamim/airflow_git/Airflow_project/air_venv/lib/python3.12/site-packages/airflow/example_dags/example_trigger_target_dag.py took 0.120 seconds
[2025-02-14T22:03:33.595+0600] {processor.py:186} INFO - Started process (PID=575080) to work on /home/shamim/airflow_git/Airflow_project/air_venv/lib/python3.12/site-packages/airflow/example_dags/example_trigger_target_dag.py
[2025-02-14T22:03:33.596+0600] {processor.py:914} INFO - Processing file /home/shamim/airflow_git/Airflow_project/air_venv/lib/python3.12/site-packages/airflow/example_dags/example_trigger_target_dag.py for tasks to queue
[2025-02-14T22:03:33.599+0600] {logging_mixin.py:190} INFO - [2025-02-14T22:03:33.599+0600] {dagbag.py:588} INFO - Filling up the DagBag from /home/shamim/airflow_git/Airflow_project/air_venv/lib/python3.12/site-packages/airflow/example_dags/example_trigger_target_dag.py
[2025-02-14T22:03:33.613+0600] {processor.py:925} INFO - DAG(s) 'example_trigger_target_dag' retrieved from /home/shamim/airflow_git/Airflow_project/air_venv/lib/python3.12/site-packages/airflow/example_dags/example_trigger_target_dag.py
[2025-02-14T22:03:33.657+0600] {logging_mixin.py:190} INFO - [2025-02-14T22:03:33.656+0600] {dag.py:3239} INFO - Sync 1 DAGs
[2025-02-14T22:03:33.682+0600] {logging_mixin.py:190} INFO - [2025-02-14T22:03:33.681+0600] {dag.py:4180} INFO - Setting next_dagrun for example_trigger_target_dag to None, run_after=None
[2025-02-14T22:03:33.708+0600] {processor.py:208} INFO - Processing /home/shamim/airflow_git/Airflow_project/air_venv/lib/python3.12/site-packages/airflow/example_dags/example_trigger_target_dag.py took 0.124 seconds
[2025-02-14T22:04:04.214+0600] {processor.py:186} INFO - Started process (PID=575495) to work on /home/shamim/airflow_git/Airflow_project/air_venv/lib/python3.12/site-packages/airflow/example_dags/example_trigger_target_dag.py
[2025-02-14T22:04:04.216+0600] {processor.py:914} INFO - Processing file /home/shamim/airflow_git/Airflow_project/air_venv/lib/python3.12/site-packages/airflow/example_dags/example_trigger_target_dag.py for tasks to queue
[2025-02-14T22:04:04.220+0600] {logging_mixin.py:190} INFO - [2025-02-14T22:04:04.220+0600] {dagbag.py:588} INFO - Filling up the DagBag from /home/shamim/airflow_git/Airflow_project/air_venv/lib/python3.12/site-packages/airflow/example_dags/example_trigger_target_dag.py
[2025-02-14T22:04:04.233+0600] {processor.py:925} INFO - DAG(s) 'example_trigger_target_dag' retrieved from /home/shamim/airflow_git/Airflow_project/air_venv/lib/python3.12/site-packages/airflow/example_dags/example_trigger_target_dag.py
[2025-02-14T22:04:04.275+0600] {logging_mixin.py:190} INFO - [2025-02-14T22:04:04.274+0600] {dag.py:3239} INFO - Sync 1 DAGs
[2025-02-14T22:04:04.296+0600] {logging_mixin.py:190} INFO - [2025-02-14T22:04:04.296+0600] {dag.py:4180} INFO - Setting next_dagrun for example_trigger_target_dag to None, run_after=None
[2025-02-14T22:04:04.326+0600] {processor.py:208} INFO - Processing /home/shamim/airflow_git/Airflow_project/air_venv/lib/python3.12/site-packages/airflow/example_dags/example_trigger_target_dag.py took 0.121 seconds
[2025-02-14T22:04:34.858+0600] {processor.py:186} INFO - Started process (PID=575919) to work on /home/shamim/airflow_git/Airflow_project/air_venv/lib/python3.12/site-packages/airflow/example_dags/example_trigger_target_dag.py
[2025-02-14T22:04:34.859+0600] {processor.py:914} INFO - Processing file /home/shamim/airflow_git/Airflow_project/air_venv/lib/python3.12/site-packages/airflow/example_dags/example_trigger_target_dag.py for tasks to queue
[2025-02-14T22:04:34.862+0600] {logging_mixin.py:190} INFO - [2025-02-14T22:04:34.861+0600] {dagbag.py:588} INFO - Filling up the DagBag from /home/shamim/airflow_git/Airflow_project/air_venv/lib/python3.12/site-packages/airflow/example_dags/example_trigger_target_dag.py
[2025-02-14T22:04:34.874+0600] {processor.py:925} INFO - DAG(s) 'example_trigger_target_dag' retrieved from /home/shamim/airflow_git/Airflow_project/air_venv/lib/python3.12/site-packages/airflow/example_dags/example_trigger_target_dag.py
[2025-02-14T22:04:34.916+0600] {logging_mixin.py:190} INFO - [2025-02-14T22:04:34.916+0600] {dag.py:3239} INFO - Sync 1 DAGs
[2025-02-14T22:04:34.944+0600] {logging_mixin.py:190} INFO - [2025-02-14T22:04:34.944+0600] {dag.py:4180} INFO - Setting next_dagrun for example_trigger_target_dag to None, run_after=None
[2025-02-14T22:04:34.976+0600] {processor.py:208} INFO - Processing /home/shamim/airflow_git/Airflow_project/air_venv/lib/python3.12/site-packages/airflow/example_dags/example_trigger_target_dag.py took 0.129 seconds
[2025-02-14T22:05:06.000+0600] {processor.py:186} INFO - Started process (PID=576333) to work on /home/shamim/airflow_git/Airflow_project/air_venv/lib/python3.12/site-packages/airflow/example_dags/example_trigger_target_dag.py
[2025-02-14T22:05:06.002+0600] {processor.py:914} INFO - Processing file /home/shamim/airflow_git/Airflow_project/air_venv/lib/python3.12/site-packages/airflow/example_dags/example_trigger_target_dag.py for tasks to queue
[2025-02-14T22:05:06.005+0600] {logging_mixin.py:190} INFO - [2025-02-14T22:05:06.004+0600] {dagbag.py:588} INFO - Filling up the DagBag from /home/shamim/airflow_git/Airflow_project/air_venv/lib/python3.12/site-packages/airflow/example_dags/example_trigger_target_dag.py
[2025-02-14T22:05:06.016+0600] {processor.py:925} INFO - DAG(s) 'example_trigger_target_dag' retrieved from /home/shamim/airflow_git/Airflow_project/air_venv/lib/python3.12/site-packages/airflow/example_dags/example_trigger_target_dag.py
[2025-02-14T22:05:06.063+0600] {logging_mixin.py:190} INFO - [2025-02-14T22:05:06.063+0600] {dag.py:3239} INFO - Sync 1 DAGs
[2025-02-14T22:05:06.087+0600] {logging_mixin.py:190} INFO - [2025-02-14T22:05:06.087+0600] {dag.py:4180} INFO - Setting next_dagrun for example_trigger_target_dag to None, run_after=None
[2025-02-14T22:05:06.116+0600] {processor.py:208} INFO - Processing /home/shamim/airflow_git/Airflow_project/air_venv/lib/python3.12/site-packages/airflow/example_dags/example_trigger_target_dag.py took 0.125 seconds
[2025-02-14T22:05:42.787+0600] {processor.py:186} INFO - Started process (PID=577126) to work on /home/shamim/airflow_git/Airflow_project/air_venv/lib/python3.12/site-packages/airflow/example_dags/example_trigger_target_dag.py
[2025-02-14T22:05:42.791+0600] {processor.py:914} INFO - Processing file /home/shamim/airflow_git/Airflow_project/air_venv/lib/python3.12/site-packages/airflow/example_dags/example_trigger_target_dag.py for tasks to queue
[2025-02-14T22:05:42.799+0600] {logging_mixin.py:190} INFO - [2025-02-14T22:05:42.798+0600] {dagbag.py:588} INFO - Filling up the DagBag from /home/shamim/airflow_git/Airflow_project/air_venv/lib/python3.12/site-packages/airflow/example_dags/example_trigger_target_dag.py
[2025-02-14T22:05:42.856+0600] {processor.py:925} INFO - DAG(s) 'example_trigger_target_dag' retrieved from /home/shamim/airflow_git/Airflow_project/air_venv/lib/python3.12/site-packages/airflow/example_dags/example_trigger_target_dag.py
[2025-02-14T22:05:43.021+0600] {logging_mixin.py:190} INFO - [2025-02-14T22:05:43.020+0600] {dag.py:3239} INFO - Sync 1 DAGs
[2025-02-14T22:05:43.076+0600] {logging_mixin.py:190} INFO - [2025-02-14T22:05:43.074+0600] {dag.py:4180} INFO - Setting next_dagrun for example_trigger_target_dag to None, run_after=None
[2025-02-14T22:05:43.152+0600] {processor.py:208} INFO - Processing /home/shamim/airflow_git/Airflow_project/air_venv/lib/python3.12/site-packages/airflow/example_dags/example_trigger_target_dag.py took 0.380 seconds
[2025-02-14T22:06:13.516+0600] {processor.py:186} INFO - Started process (PID=577653) to work on /home/shamim/airflow_git/Airflow_project/air_venv/lib/python3.12/site-packages/airflow/example_dags/example_trigger_target_dag.py
[2025-02-14T22:06:13.518+0600] {processor.py:914} INFO - Processing file /home/shamim/airflow_git/Airflow_project/air_venv/lib/python3.12/site-packages/airflow/example_dags/example_trigger_target_dag.py for tasks to queue
[2025-02-14T22:06:13.521+0600] {logging_mixin.py:190} INFO - [2025-02-14T22:06:13.521+0600] {dagbag.py:588} INFO - Filling up the DagBag from /home/shamim/airflow_git/Airflow_project/air_venv/lib/python3.12/site-packages/airflow/example_dags/example_trigger_target_dag.py
[2025-02-14T22:06:13.535+0600] {processor.py:925} INFO - DAG(s) 'example_trigger_target_dag' retrieved from /home/shamim/airflow_git/Airflow_project/air_venv/lib/python3.12/site-packages/airflow/example_dags/example_trigger_target_dag.py
[2025-02-14T22:06:13.575+0600] {logging_mixin.py:190} INFO - [2025-02-14T22:06:13.574+0600] {dag.py:3239} INFO - Sync 1 DAGs
[2025-02-14T22:06:13.601+0600] {logging_mixin.py:190} INFO - [2025-02-14T22:06:13.600+0600] {dag.py:4180} INFO - Setting next_dagrun for example_trigger_target_dag to None, run_after=None
[2025-02-14T22:06:13.628+0600] {processor.py:208} INFO - Processing /home/shamim/airflow_git/Airflow_project/air_venv/lib/python3.12/site-packages/airflow/example_dags/example_trigger_target_dag.py took 0.124 seconds
[2025-02-14T22:06:44.342+0600] {processor.py:186} INFO - Started process (PID=578140) to work on /home/shamim/airflow_git/Airflow_project/air_venv/lib/python3.12/site-packages/airflow/example_dags/example_trigger_target_dag.py
[2025-02-14T22:06:44.344+0600] {processor.py:914} INFO - Processing file /home/shamim/airflow_git/Airflow_project/air_venv/lib/python3.12/site-packages/airflow/example_dags/example_trigger_target_dag.py for tasks to queue
[2025-02-14T22:06:44.347+0600] {logging_mixin.py:190} INFO - [2025-02-14T22:06:44.346+0600] {dagbag.py:588} INFO - Filling up the DagBag from /home/shamim/airflow_git/Airflow_project/air_venv/lib/python3.12/site-packages/airflow/example_dags/example_trigger_target_dag.py
[2025-02-14T22:06:44.358+0600] {processor.py:925} INFO - DAG(s) 'example_trigger_target_dag' retrieved from /home/shamim/airflow_git/Airflow_project/air_venv/lib/python3.12/site-packages/airflow/example_dags/example_trigger_target_dag.py
[2025-02-14T22:06:44.402+0600] {logging_mixin.py:190} INFO - [2025-02-14T22:06:44.402+0600] {dag.py:3239} INFO - Sync 1 DAGs
[2025-02-14T22:06:44.426+0600] {logging_mixin.py:190} INFO - [2025-02-14T22:06:44.426+0600] {dag.py:4180} INFO - Setting next_dagrun for example_trigger_target_dag to None, run_after=None
[2025-02-14T22:06:44.452+0600] {processor.py:208} INFO - Processing /home/shamim/airflow_git/Airflow_project/air_venv/lib/python3.12/site-packages/airflow/example_dags/example_trigger_target_dag.py took 0.118 seconds
[2025-02-14T22:07:15.318+0600] {processor.py:186} INFO - Started process (PID=578575) to work on /home/shamim/airflow_git/Airflow_project/air_venv/lib/python3.12/site-packages/airflow/example_dags/example_trigger_target_dag.py
[2025-02-14T22:07:15.319+0600] {processor.py:914} INFO - Processing file /home/shamim/airflow_git/Airflow_project/air_venv/lib/python3.12/site-packages/airflow/example_dags/example_trigger_target_dag.py for tasks to queue
[2025-02-14T22:07:15.322+0600] {logging_mixin.py:190} INFO - [2025-02-14T22:07:15.321+0600] {dagbag.py:588} INFO - Filling up the DagBag from /home/shamim/airflow_git/Airflow_project/air_venv/lib/python3.12/site-packages/airflow/example_dags/example_trigger_target_dag.py
[2025-02-14T22:07:15.335+0600] {processor.py:925} INFO - DAG(s) 'example_trigger_target_dag' retrieved from /home/shamim/airflow_git/Airflow_project/air_venv/lib/python3.12/site-packages/airflow/example_dags/example_trigger_target_dag.py
[2025-02-14T22:07:15.386+0600] {logging_mixin.py:190} INFO - [2025-02-14T22:07:15.385+0600] {dag.py:3239} INFO - Sync 1 DAGs
[2025-02-14T22:07:15.415+0600] {logging_mixin.py:190} INFO - [2025-02-14T22:07:15.415+0600] {dag.py:4180} INFO - Setting next_dagrun for example_trigger_target_dag to None, run_after=None
[2025-02-14T22:07:15.562+0600] {processor.py:208} INFO - Processing /home/shamim/airflow_git/Airflow_project/air_venv/lib/python3.12/site-packages/airflow/example_dags/example_trigger_target_dag.py took 0.253 seconds
[2025-02-14T22:07:46.248+0600] {processor.py:186} INFO - Started process (PID=579134) to work on /home/shamim/airflow_git/Airflow_project/air_venv/lib/python3.12/site-packages/airflow/example_dags/example_trigger_target_dag.py
[2025-02-14T22:07:46.250+0600] {processor.py:914} INFO - Processing file /home/shamim/airflow_git/Airflow_project/air_venv/lib/python3.12/site-packages/airflow/example_dags/example_trigger_target_dag.py for tasks to queue
[2025-02-14T22:07:46.252+0600] {logging_mixin.py:190} INFO - [2025-02-14T22:07:46.252+0600] {dagbag.py:588} INFO - Filling up the DagBag from /home/shamim/airflow_git/Airflow_project/air_venv/lib/python3.12/site-packages/airflow/example_dags/example_trigger_target_dag.py
[2025-02-14T22:07:46.268+0600] {processor.py:925} INFO - DAG(s) 'example_trigger_target_dag' retrieved from /home/shamim/airflow_git/Airflow_project/air_venv/lib/python3.12/site-packages/airflow/example_dags/example_trigger_target_dag.py
[2025-02-14T22:07:46.312+0600] {logging_mixin.py:190} INFO - [2025-02-14T22:07:46.312+0600] {dag.py:3239} INFO - Sync 1 DAGs
[2025-02-14T22:07:46.337+0600] {logging_mixin.py:190} INFO - [2025-02-14T22:07:46.337+0600] {dag.py:4180} INFO - Setting next_dagrun for example_trigger_target_dag to None, run_after=None
[2025-02-14T22:07:46.373+0600] {processor.py:208} INFO - Processing /home/shamim/airflow_git/Airflow_project/air_venv/lib/python3.12/site-packages/airflow/example_dags/example_trigger_target_dag.py took 0.140 seconds
[2025-02-14T22:08:16.675+0600] {processor.py:186} INFO - Started process (PID=579593) to work on /home/shamim/airflow_git/Airflow_project/air_venv/lib/python3.12/site-packages/airflow/example_dags/example_trigger_target_dag.py
[2025-02-14T22:08:16.676+0600] {processor.py:914} INFO - Processing file /home/shamim/airflow_git/Airflow_project/air_venv/lib/python3.12/site-packages/airflow/example_dags/example_trigger_target_dag.py for tasks to queue
[2025-02-14T22:08:16.678+0600] {logging_mixin.py:190} INFO - [2025-02-14T22:08:16.678+0600] {dagbag.py:588} INFO - Filling up the DagBag from /home/shamim/airflow_git/Airflow_project/air_venv/lib/python3.12/site-packages/airflow/example_dags/example_trigger_target_dag.py
[2025-02-14T22:08:16.692+0600] {processor.py:925} INFO - DAG(s) 'example_trigger_target_dag' retrieved from /home/shamim/airflow_git/Airflow_project/air_venv/lib/python3.12/site-packages/airflow/example_dags/example_trigger_target_dag.py
[2025-02-14T22:08:16.740+0600] {logging_mixin.py:190} INFO - [2025-02-14T22:08:16.739+0600] {dag.py:3239} INFO - Sync 1 DAGs
[2025-02-14T22:08:16.767+0600] {logging_mixin.py:190} INFO - [2025-02-14T22:08:16.766+0600] {dag.py:4180} INFO - Setting next_dagrun for example_trigger_target_dag to None, run_after=None
[2025-02-14T22:08:16.793+0600] {processor.py:208} INFO - Processing /home/shamim/airflow_git/Airflow_project/air_venv/lib/python3.12/site-packages/airflow/example_dags/example_trigger_target_dag.py took 0.129 seconds
[2025-02-14T22:08:47.431+0600] {processor.py:186} INFO - Started process (PID=580070) to work on /home/shamim/airflow_git/Airflow_project/air_venv/lib/python3.12/site-packages/airflow/example_dags/example_trigger_target_dag.py
[2025-02-14T22:08:47.433+0600] {processor.py:914} INFO - Processing file /home/shamim/airflow_git/Airflow_project/air_venv/lib/python3.12/site-packages/airflow/example_dags/example_trigger_target_dag.py for tasks to queue
[2025-02-14T22:08:47.435+0600] {logging_mixin.py:190} INFO - [2025-02-14T22:08:47.434+0600] {dagbag.py:588} INFO - Filling up the DagBag from /home/shamim/airflow_git/Airflow_project/air_venv/lib/python3.12/site-packages/airflow/example_dags/example_trigger_target_dag.py
[2025-02-14T22:08:47.453+0600] {processor.py:925} INFO - DAG(s) 'example_trigger_target_dag' retrieved from /home/shamim/airflow_git/Airflow_project/air_venv/lib/python3.12/site-packages/airflow/example_dags/example_trigger_target_dag.py
[2025-02-14T22:08:47.511+0600] {logging_mixin.py:190} INFO - [2025-02-14T22:08:47.511+0600] {dag.py:3239} INFO - Sync 1 DAGs
[2025-02-14T22:08:47.609+0600] {logging_mixin.py:190} INFO - [2025-02-14T22:08:47.609+0600] {dag.py:4180} INFO - Setting next_dagrun for example_trigger_target_dag to None, run_after=None
[2025-02-14T22:08:47.713+0600] {processor.py:208} INFO - Processing /home/shamim/airflow_git/Airflow_project/air_venv/lib/python3.12/site-packages/airflow/example_dags/example_trigger_target_dag.py took 0.293 seconds
[2025-02-14T22:09:19.713+0600] {processor.py:186} INFO - Started process (PID=580487) to work on /home/shamim/airflow_git/Airflow_project/air_venv/lib/python3.12/site-packages/airflow/example_dags/example_trigger_target_dag.py
[2025-02-14T22:09:19.715+0600] {processor.py:914} INFO - Processing file /home/shamim/airflow_git/Airflow_project/air_venv/lib/python3.12/site-packages/airflow/example_dags/example_trigger_target_dag.py for tasks to queue
[2025-02-14T22:09:19.719+0600] {logging_mixin.py:190} INFO - [2025-02-14T22:09:19.717+0600] {dagbag.py:588} INFO - Filling up the DagBag from /home/shamim/airflow_git/Airflow_project/air_venv/lib/python3.12/site-packages/airflow/example_dags/example_trigger_target_dag.py
[2025-02-14T22:09:19.737+0600] {processor.py:925} INFO - DAG(s) 'example_trigger_target_dag' retrieved from /home/shamim/airflow_git/Airflow_project/air_venv/lib/python3.12/site-packages/airflow/example_dags/example_trigger_target_dag.py
[2025-02-14T22:09:19.800+0600] {logging_mixin.py:190} INFO - [2025-02-14T22:09:19.799+0600] {dag.py:3239} INFO - Sync 1 DAGs
[2025-02-14T22:09:19.832+0600] {logging_mixin.py:190} INFO - [2025-02-14T22:09:19.832+0600] {dag.py:4180} INFO - Setting next_dagrun for example_trigger_target_dag to None, run_after=None
[2025-02-14T22:09:19.867+0600] {processor.py:208} INFO - Processing /home/shamim/airflow_git/Airflow_project/air_venv/lib/python3.12/site-packages/airflow/example_dags/example_trigger_target_dag.py took 0.168 seconds
[2025-02-14T22:09:50.602+0600] {processor.py:186} INFO - Started process (PID=581025) to work on /home/shamim/airflow_git/Airflow_project/air_venv/lib/python3.12/site-packages/airflow/example_dags/example_trigger_target_dag.py
[2025-02-14T22:09:50.604+0600] {processor.py:914} INFO - Processing file /home/shamim/airflow_git/Airflow_project/air_venv/lib/python3.12/site-packages/airflow/example_dags/example_trigger_target_dag.py for tasks to queue
[2025-02-14T22:09:50.605+0600] {logging_mixin.py:190} INFO - [2025-02-14T22:09:50.605+0600] {dagbag.py:588} INFO - Filling up the DagBag from /home/shamim/airflow_git/Airflow_project/air_venv/lib/python3.12/site-packages/airflow/example_dags/example_trigger_target_dag.py
[2025-02-14T22:09:50.619+0600] {processor.py:925} INFO - DAG(s) 'example_trigger_target_dag' retrieved from /home/shamim/airflow_git/Airflow_project/air_venv/lib/python3.12/site-packages/airflow/example_dags/example_trigger_target_dag.py
[2025-02-14T22:09:50.661+0600] {logging_mixin.py:190} INFO - [2025-02-14T22:09:50.661+0600] {dag.py:3239} INFO - Sync 1 DAGs
[2025-02-14T22:09:50.693+0600] {logging_mixin.py:190} INFO - [2025-02-14T22:09:50.693+0600] {dag.py:4180} INFO - Setting next_dagrun for example_trigger_target_dag to None, run_after=None
[2025-02-14T22:09:50.725+0600] {processor.py:208} INFO - Processing /home/shamim/airflow_git/Airflow_project/air_venv/lib/python3.12/site-packages/airflow/example_dags/example_trigger_target_dag.py took 0.131 seconds
