[2025-02-14T21:56:27.573+0600] {processor.py:186} INFO - Started process (PID=572686) to work on /home/shamim/airflow_git/Airflow_project/air_venv/lib/python3.12/site-packages/airflow/example_dags/example_display_name.py
[2025-02-14T21:56:27.575+0600] {processor.py:914} INFO - Processing file /home/shamim/airflow_git/Airflow_project/air_venv/lib/python3.12/site-packages/airflow/example_dags/example_display_name.py for tasks to queue
[2025-02-14T21:56:27.579+0600] {logging_mixin.py:190} INFO - [2025-02-14T21:56:27.577+0600] {dagbag.py:588} INFO - Filling up the DagBag from /home/shamim/airflow_git/Airflow_project/air_venv/lib/python3.12/site-packages/airflow/example_dags/example_display_name.py
[2025-02-14T21:56:27.599+0600] {processor.py:925} INFO - DAG(s) 'example_display_name' retrieved from /home/shamim/airflow_git/Airflow_project/air_venv/lib/python3.12/site-packages/airflow/example_dags/example_display_name.py
[2025-02-14T21:56:27.895+0600] {logging_mixin.py:190} INFO - [2025-02-14T21:56:27.895+0600] {dag.py:3239} INFO - Sync 1 DAGs
[2025-02-14T21:56:27.920+0600] {logging_mixin.py:190} INFO - [2025-02-14T21:56:27.920+0600] {dag.py:4180} INFO - Setting next_dagrun for example_display_name to None, run_after=None
[2025-02-14T21:56:27.950+0600] {processor.py:208} INFO - Processing /home/shamim/airflow_git/Airflow_project/air_venv/lib/python3.12/site-packages/airflow/example_dags/example_display_name.py took 0.393 seconds
[2025-02-14T21:56:58.540+0600] {processor.py:186} INFO - Started process (PID=573095) to work on /home/shamim/airflow_git/Airflow_project/air_venv/lib/python3.12/site-packages/airflow/example_dags/example_display_name.py
[2025-02-14T21:56:58.541+0600] {processor.py:914} INFO - Processing file /home/shamim/airflow_git/Airflow_project/air_venv/lib/python3.12/site-packages/airflow/example_dags/example_display_name.py for tasks to queue
[2025-02-14T21:56:58.543+0600] {logging_mixin.py:190} INFO - [2025-02-14T21:56:58.542+0600] {dagbag.py:588} INFO - Filling up the DagBag from /home/shamim/airflow_git/Airflow_project/air_venv/lib/python3.12/site-packages/airflow/example_dags/example_display_name.py
[2025-02-14T21:56:58.553+0600] {processor.py:925} INFO - DAG(s) 'example_display_name' retrieved from /home/shamim/airflow_git/Airflow_project/air_venv/lib/python3.12/site-packages/airflow/example_dags/example_display_name.py
[2025-02-14T21:56:58.590+0600] {logging_mixin.py:190} INFO - [2025-02-14T21:56:58.590+0600] {dag.py:3239} INFO - Sync 1 DAGs
[2025-02-14T21:56:58.612+0600] {logging_mixin.py:190} INFO - [2025-02-14T21:56:58.612+0600] {dag.py:4180} INFO - Setting next_dagrun for example_display_name to None, run_after=None
[2025-02-14T21:56:58.638+0600] {processor.py:208} INFO - Processing /home/shamim/airflow_git/Airflow_project/air_venv/lib/python3.12/site-packages/airflow/example_dags/example_display_name.py took 0.110 seconds
[2025-02-14T21:57:29.565+0600] {processor.py:186} INFO - Started process (PID=573513) to work on /home/shamim/airflow_git/Airflow_project/air_venv/lib/python3.12/site-packages/airflow/example_dags/example_display_name.py
[2025-02-14T21:57:29.567+0600] {processor.py:914} INFO - Processing file /home/shamim/airflow_git/Airflow_project/air_venv/lib/python3.12/site-packages/airflow/example_dags/example_display_name.py for tasks to queue
[2025-02-14T21:57:29.570+0600] {logging_mixin.py:190} INFO - [2025-02-14T21:57:29.569+0600] {dagbag.py:588} INFO - Filling up the DagBag from /home/shamim/airflow_git/Airflow_project/air_venv/lib/python3.12/site-packages/airflow/example_dags/example_display_name.py
[2025-02-14T21:57:29.584+0600] {processor.py:925} INFO - DAG(s) 'example_display_name' retrieved from /home/shamim/airflow_git/Airflow_project/air_venv/lib/python3.12/site-packages/airflow/example_dags/example_display_name.py
[2025-02-14T21:57:29.633+0600] {logging_mixin.py:190} INFO - [2025-02-14T21:57:29.633+0600] {dag.py:3239} INFO - Sync 1 DAGs
[2025-02-14T21:57:29.660+0600] {logging_mixin.py:190} INFO - [2025-02-14T21:57:29.660+0600] {dag.py:4180} INFO - Setting next_dagrun for example_display_name to None, run_after=None
[2025-02-14T21:57:29.691+0600] {processor.py:208} INFO - Processing /home/shamim/airflow_git/Airflow_project/air_venv/lib/python3.12/site-packages/airflow/example_dags/example_display_name.py took 0.143 seconds
[2025-02-14T22:02:35.655+0600] {processor.py:186} INFO - Started process (PID=574360) to work on /home/shamim/airflow_git/Airflow_project/air_venv/lib/python3.12/site-packages/airflow/example_dags/example_display_name.py
[2025-02-14T22:02:35.657+0600] {processor.py:914} INFO - Processing file /home/shamim/airflow_git/Airflow_project/air_venv/lib/python3.12/site-packages/airflow/example_dags/example_display_name.py for tasks to queue
[2025-02-14T22:02:35.659+0600] {logging_mixin.py:190} INFO - [2025-02-14T22:02:35.659+0600] {dagbag.py:588} INFO - Filling up the DagBag from /home/shamim/airflow_git/Airflow_project/air_venv/lib/python3.12/site-packages/airflow/example_dags/example_display_name.py
[2025-02-14T22:02:35.669+0600] {processor.py:925} INFO - DAG(s) 'example_display_name' retrieved from /home/shamim/airflow_git/Airflow_project/air_venv/lib/python3.12/site-packages/airflow/example_dags/example_display_name.py
[2025-02-14T22:02:35.703+0600] {logging_mixin.py:190} INFO - [2025-02-14T22:02:35.703+0600] {dag.py:3239} INFO - Sync 1 DAGs
[2025-02-14T22:02:35.721+0600] {logging_mixin.py:190} INFO - [2025-02-14T22:02:35.721+0600] {dag.py:4180} INFO - Setting next_dagrun for example_display_name to None, run_after=None
[2025-02-14T22:02:35.744+0600] {processor.py:208} INFO - Processing /home/shamim/airflow_git/Airflow_project/air_venv/lib/python3.12/site-packages/airflow/example_dags/example_display_name.py took 0.097 seconds
[2025-02-14T22:03:07.134+0600] {processor.py:186} INFO - Started process (PID=574816) to work on /home/shamim/airflow_git/Airflow_project/air_venv/lib/python3.12/site-packages/airflow/example_dags/example_display_name.py
[2025-02-14T22:03:07.136+0600] {processor.py:914} INFO - Processing file /home/shamim/airflow_git/Airflow_project/air_venv/lib/python3.12/site-packages/airflow/example_dags/example_display_name.py for tasks to queue
[2025-02-14T22:03:07.140+0600] {logging_mixin.py:190} INFO - [2025-02-14T22:03:07.139+0600] {dagbag.py:588} INFO - Filling up the DagBag from /home/shamim/airflow_git/Airflow_project/air_venv/lib/python3.12/site-packages/airflow/example_dags/example_display_name.py
[2025-02-14T22:03:07.149+0600] {processor.py:925} INFO - DAG(s) 'example_display_name' retrieved from /home/shamim/airflow_git/Airflow_project/air_venv/lib/python3.12/site-packages/airflow/example_dags/example_display_name.py
[2025-02-14T22:03:07.191+0600] {logging_mixin.py:190} INFO - [2025-02-14T22:03:07.191+0600] {dag.py:3239} INFO - Sync 1 DAGs
[2025-02-14T22:03:07.213+0600] {logging_mixin.py:190} INFO - [2025-02-14T22:03:07.213+0600] {dag.py:4180} INFO - Setting next_dagrun for example_display_name to None, run_after=None
[2025-02-14T22:03:07.242+0600] {processor.py:208} INFO - Processing /home/shamim/airflow_git/Airflow_project/air_venv/lib/python3.12/site-packages/airflow/example_dags/example_display_name.py took 0.117 seconds
[2025-02-14T22:03:37.711+0600] {processor.py:186} INFO - Started process (PID=575227) to work on /home/shamim/airflow_git/Airflow_project/air_venv/lib/python3.12/site-packages/airflow/example_dags/example_display_name.py
[2025-02-14T22:03:37.712+0600] {processor.py:914} INFO - Processing file /home/shamim/airflow_git/Airflow_project/air_venv/lib/python3.12/site-packages/airflow/example_dags/example_display_name.py for tasks to queue
[2025-02-14T22:03:37.716+0600] {logging_mixin.py:190} INFO - [2025-02-14T22:03:37.715+0600] {dagbag.py:588} INFO - Filling up the DagBag from /home/shamim/airflow_git/Airflow_project/air_venv/lib/python3.12/site-packages/airflow/example_dags/example_display_name.py
[2025-02-14T22:03:37.728+0600] {processor.py:925} INFO - DAG(s) 'example_display_name' retrieved from /home/shamim/airflow_git/Airflow_project/air_venv/lib/python3.12/site-packages/airflow/example_dags/example_display_name.py
[2025-02-14T22:03:37.774+0600] {logging_mixin.py:190} INFO - [2025-02-14T22:03:37.774+0600] {dag.py:3239} INFO - Sync 1 DAGs
[2025-02-14T22:03:37.799+0600] {logging_mixin.py:190} INFO - [2025-02-14T22:03:37.799+0600] {dag.py:4180} INFO - Setting next_dagrun for example_display_name to None, run_after=None
[2025-02-14T22:03:37.832+0600] {processor.py:208} INFO - Processing /home/shamim/airflow_git/Airflow_project/air_venv/lib/python3.12/site-packages/airflow/example_dags/example_display_name.py took 0.131 seconds
[2025-02-14T22:04:09.177+0600] {processor.py:186} INFO - Started process (PID=575642) to work on /home/shamim/airflow_git/Airflow_project/air_venv/lib/python3.12/site-packages/airflow/example_dags/example_display_name.py
[2025-02-14T22:04:09.179+0600] {processor.py:914} INFO - Processing file /home/shamim/airflow_git/Airflow_project/air_venv/lib/python3.12/site-packages/airflow/example_dags/example_display_name.py for tasks to queue
[2025-02-14T22:04:09.182+0600] {logging_mixin.py:190} INFO - [2025-02-14T22:04:09.181+0600] {dagbag.py:588} INFO - Filling up the DagBag from /home/shamim/airflow_git/Airflow_project/air_venv/lib/python3.12/site-packages/airflow/example_dags/example_display_name.py
[2025-02-14T22:04:09.193+0600] {processor.py:925} INFO - DAG(s) 'example_display_name' retrieved from /home/shamim/airflow_git/Airflow_project/air_venv/lib/python3.12/site-packages/airflow/example_dags/example_display_name.py
[2025-02-14T22:04:09.238+0600] {logging_mixin.py:190} INFO - [2025-02-14T22:04:09.238+0600] {dag.py:3239} INFO - Sync 1 DAGs
[2025-02-14T22:04:09.264+0600] {logging_mixin.py:190} INFO - [2025-02-14T22:04:09.263+0600] {dag.py:4180} INFO - Setting next_dagrun for example_display_name to None, run_after=None
[2025-02-14T22:04:09.295+0600] {processor.py:208} INFO - Processing /home/shamim/airflow_git/Airflow_project/air_venv/lib/python3.12/site-packages/airflow/example_dags/example_display_name.py took 0.125 seconds
[2025-02-14T22:04:40.891+0600] {processor.py:186} INFO - Started process (PID=576064) to work on /home/shamim/airflow_git/Airflow_project/air_venv/lib/python3.12/site-packages/airflow/example_dags/example_display_name.py
[2025-02-14T22:04:40.892+0600] {processor.py:914} INFO - Processing file /home/shamim/airflow_git/Airflow_project/air_venv/lib/python3.12/site-packages/airflow/example_dags/example_display_name.py for tasks to queue
[2025-02-14T22:04:40.895+0600] {logging_mixin.py:190} INFO - [2025-02-14T22:04:40.894+0600] {dagbag.py:588} INFO - Filling up the DagBag from /home/shamim/airflow_git/Airflow_project/air_venv/lib/python3.12/site-packages/airflow/example_dags/example_display_name.py
[2025-02-14T22:04:40.906+0600] {processor.py:925} INFO - DAG(s) 'example_display_name' retrieved from /home/shamim/airflow_git/Airflow_project/air_venv/lib/python3.12/site-packages/airflow/example_dags/example_display_name.py
[2025-02-14T22:04:40.947+0600] {logging_mixin.py:190} INFO - [2025-02-14T22:04:40.946+0600] {dag.py:3239} INFO - Sync 1 DAGs
[2025-02-14T22:04:40.972+0600] {logging_mixin.py:190} INFO - [2025-02-14T22:04:40.971+0600] {dag.py:4180} INFO - Setting next_dagrun for example_display_name to None, run_after=None
[2025-02-14T22:04:41.001+0600] {processor.py:208} INFO - Processing /home/shamim/airflow_git/Airflow_project/air_venv/lib/python3.12/site-packages/airflow/example_dags/example_display_name.py took 0.120 seconds
[2025-02-14T22:05:16.703+0600] {processor.py:186} INFO - Started process (PID=576655) to work on /home/shamim/airflow_git/Airflow_project/air_venv/lib/python3.12/site-packages/airflow/example_dags/example_display_name.py
[2025-02-14T22:05:16.705+0600] {processor.py:914} INFO - Processing file /home/shamim/airflow_git/Airflow_project/air_venv/lib/python3.12/site-packages/airflow/example_dags/example_display_name.py for tasks to queue
[2025-02-14T22:05:16.710+0600] {logging_mixin.py:190} INFO - [2025-02-14T22:05:16.710+0600] {dagbag.py:588} INFO - Filling up the DagBag from /home/shamim/airflow_git/Airflow_project/air_venv/lib/python3.12/site-packages/airflow/example_dags/example_display_name.py
[2025-02-14T22:05:16.750+0600] {processor.py:925} INFO - DAG(s) 'example_display_name' retrieved from /home/shamim/airflow_git/Airflow_project/air_venv/lib/python3.12/site-packages/airflow/example_dags/example_display_name.py
[2025-02-14T22:05:16.825+0600] {logging_mixin.py:190} INFO - [2025-02-14T22:05:16.824+0600] {dag.py:3239} INFO - Sync 1 DAGs
[2025-02-14T22:05:16.859+0600] {logging_mixin.py:190} INFO - [2025-02-14T22:05:16.858+0600] {dag.py:4180} INFO - Setting next_dagrun for example_display_name to None, run_after=None
[2025-02-14T22:05:16.896+0600] {processor.py:208} INFO - Processing /home/shamim/airflow_git/Airflow_project/air_venv/lib/python3.12/site-packages/airflow/example_dags/example_display_name.py took 0.205 seconds
[2025-02-14T22:05:54.291+0600] {processor.py:186} INFO - Started process (PID=577326) to work on /home/shamim/airflow_git/Airflow_project/air_venv/lib/python3.12/site-packages/airflow/example_dags/example_display_name.py
[2025-02-14T22:05:54.293+0600] {processor.py:914} INFO - Processing file /home/shamim/airflow_git/Airflow_project/air_venv/lib/python3.12/site-packages/airflow/example_dags/example_display_name.py for tasks to queue
[2025-02-14T22:05:54.299+0600] {logging_mixin.py:190} INFO - [2025-02-14T22:05:54.298+0600] {dagbag.py:588} INFO - Filling up the DagBag from /home/shamim/airflow_git/Airflow_project/air_venv/lib/python3.12/site-packages/airflow/example_dags/example_display_name.py
[2025-02-14T22:05:54.318+0600] {processor.py:925} INFO - DAG(s) 'example_display_name' retrieved from /home/shamim/airflow_git/Airflow_project/air_venv/lib/python3.12/site-packages/airflow/example_dags/example_display_name.py
[2025-02-14T22:05:54.397+0600] {logging_mixin.py:190} INFO - [2025-02-14T22:05:54.396+0600] {dag.py:3239} INFO - Sync 1 DAGs
[2025-02-14T22:05:54.468+0600] {logging_mixin.py:190} INFO - [2025-02-14T22:05:54.467+0600] {dag.py:4180} INFO - Setting next_dagrun for example_display_name to None, run_after=None
[2025-02-14T22:05:54.526+0600] {processor.py:208} INFO - Processing /home/shamim/airflow_git/Airflow_project/air_venv/lib/python3.12/site-packages/airflow/example_dags/example_display_name.py took 0.249 seconds
[2025-02-14T22:06:25.995+0600] {processor.py:186} INFO - Started process (PID=577878) to work on /home/shamim/airflow_git/Airflow_project/air_venv/lib/python3.12/site-packages/airflow/example_dags/example_display_name.py
[2025-02-14T22:06:25.997+0600] {processor.py:914} INFO - Processing file /home/shamim/airflow_git/Airflow_project/air_venv/lib/python3.12/site-packages/airflow/example_dags/example_display_name.py for tasks to queue
[2025-02-14T22:06:26.002+0600] {logging_mixin.py:190} INFO - [2025-02-14T22:06:26.002+0600] {dagbag.py:588} INFO - Filling up the DagBag from /home/shamim/airflow_git/Airflow_project/air_venv/lib/python3.12/site-packages/airflow/example_dags/example_display_name.py
[2025-02-14T22:06:26.022+0600] {processor.py:925} INFO - DAG(s) 'example_display_name' retrieved from /home/shamim/airflow_git/Airflow_project/air_venv/lib/python3.12/site-packages/airflow/example_dags/example_display_name.py
[2025-02-14T22:06:26.091+0600] {logging_mixin.py:190} INFO - [2025-02-14T22:06:26.090+0600] {dag.py:3239} INFO - Sync 1 DAGs
[2025-02-14T22:06:26.136+0600] {logging_mixin.py:190} INFO - [2025-02-14T22:06:26.136+0600] {dag.py:4180} INFO - Setting next_dagrun for example_display_name to None, run_after=None
[2025-02-14T22:06:26.185+0600] {processor.py:208} INFO - Processing /home/shamim/airflow_git/Airflow_project/air_venv/lib/python3.12/site-packages/airflow/example_dags/example_display_name.py took 0.206 seconds
[2025-02-14T22:06:57.628+0600] {processor.py:186} INFO - Started process (PID=578310) to work on /home/shamim/airflow_git/Airflow_project/air_venv/lib/python3.12/site-packages/airflow/example_dags/example_display_name.py
[2025-02-14T22:06:57.630+0600] {processor.py:914} INFO - Processing file /home/shamim/airflow_git/Airflow_project/air_venv/lib/python3.12/site-packages/airflow/example_dags/example_display_name.py for tasks to queue
[2025-02-14T22:06:57.633+0600] {logging_mixin.py:190} INFO - [2025-02-14T22:06:57.633+0600] {dagbag.py:588} INFO - Filling up the DagBag from /home/shamim/airflow_git/Airflow_project/air_venv/lib/python3.12/site-packages/airflow/example_dags/example_display_name.py
[2025-02-14T22:06:57.646+0600] {processor.py:925} INFO - DAG(s) 'example_display_name' retrieved from /home/shamim/airflow_git/Airflow_project/air_venv/lib/python3.12/site-packages/airflow/example_dags/example_display_name.py
[2025-02-14T22:06:57.688+0600] {logging_mixin.py:190} INFO - [2025-02-14T22:06:57.687+0600] {dag.py:3239} INFO - Sync 1 DAGs
[2025-02-14T22:06:57.710+0600] {logging_mixin.py:190} INFO - [2025-02-14T22:06:57.710+0600] {dag.py:4180} INFO - Setting next_dagrun for example_display_name to None, run_after=None
[2025-02-14T22:06:57.740+0600] {processor.py:208} INFO - Processing /home/shamim/airflow_git/Airflow_project/air_venv/lib/python3.12/site-packages/airflow/example_dags/example_display_name.py took 0.122 seconds
[2025-02-14T22:07:29.418+0600] {processor.py:186} INFO - Started process (PID=578790) to work on /home/shamim/airflow_git/Airflow_project/air_venv/lib/python3.12/site-packages/airflow/example_dags/example_display_name.py
[2025-02-14T22:07:29.419+0600] {processor.py:914} INFO - Processing file /home/shamim/airflow_git/Airflow_project/air_venv/lib/python3.12/site-packages/airflow/example_dags/example_display_name.py for tasks to queue
[2025-02-14T22:07:29.422+0600] {logging_mixin.py:190} INFO - [2025-02-14T22:07:29.421+0600] {dagbag.py:588} INFO - Filling up the DagBag from /home/shamim/airflow_git/Airflow_project/air_venv/lib/python3.12/site-packages/airflow/example_dags/example_display_name.py
[2025-02-14T22:07:29.432+0600] {processor.py:925} INFO - DAG(s) 'example_display_name' retrieved from /home/shamim/airflow_git/Airflow_project/air_venv/lib/python3.12/site-packages/airflow/example_dags/example_display_name.py
[2025-02-14T22:07:29.474+0600] {logging_mixin.py:190} INFO - [2025-02-14T22:07:29.474+0600] {dag.py:3239} INFO - Sync 1 DAGs
[2025-02-14T22:07:29.495+0600] {logging_mixin.py:190} INFO - [2025-02-14T22:07:29.495+0600] {dag.py:4180} INFO - Setting next_dagrun for example_display_name to None, run_after=None
[2025-02-14T22:07:29.520+0600] {processor.py:208} INFO - Processing /home/shamim/airflow_git/Airflow_project/air_venv/lib/python3.12/site-packages/airflow/example_dags/example_display_name.py took 0.112 seconds
[2025-02-14T22:08:01.011+0600] {processor.py:186} INFO - Started process (PID=579343) to work on /home/shamim/airflow_git/Airflow_project/air_venv/lib/python3.12/site-packages/airflow/example_dags/example_display_name.py
[2025-02-14T22:08:01.013+0600] {processor.py:914} INFO - Processing file /home/shamim/airflow_git/Airflow_project/air_venv/lib/python3.12/site-packages/airflow/example_dags/example_display_name.py for tasks to queue
[2025-02-14T22:08:01.014+0600] {logging_mixin.py:190} INFO - [2025-02-14T22:08:01.014+0600] {dagbag.py:588} INFO - Filling up the DagBag from /home/shamim/airflow_git/Airflow_project/air_venv/lib/python3.12/site-packages/airflow/example_dags/example_display_name.py
[2025-02-14T22:08:01.028+0600] {processor.py:925} INFO - DAG(s) 'example_display_name' retrieved from /home/shamim/airflow_git/Airflow_project/air_venv/lib/python3.12/site-packages/airflow/example_dags/example_display_name.py
[2025-02-14T22:08:01.086+0600] {logging_mixin.py:190} INFO - [2025-02-14T22:08:01.085+0600] {dag.py:3239} INFO - Sync 1 DAGs
[2025-02-14T22:08:01.120+0600] {logging_mixin.py:190} INFO - [2025-02-14T22:08:01.120+0600] {dag.py:4180} INFO - Setting next_dagrun for example_display_name to None, run_after=None
[2025-02-14T22:08:01.157+0600] {processor.py:208} INFO - Processing /home/shamim/airflow_git/Airflow_project/air_venv/lib/python3.12/site-packages/airflow/example_dags/example_display_name.py took 0.156 seconds
[2025-02-14T22:08:33.278+0600] {processor.py:186} INFO - Started process (PID=579806) to work on /home/shamim/airflow_git/Airflow_project/air_venv/lib/python3.12/site-packages/airflow/example_dags/example_display_name.py
[2025-02-14T22:08:33.282+0600] {processor.py:914} INFO - Processing file /home/shamim/airflow_git/Airflow_project/air_venv/lib/python3.12/site-packages/airflow/example_dags/example_display_name.py for tasks to queue
[2025-02-14T22:08:33.284+0600] {logging_mixin.py:190} INFO - [2025-02-14T22:08:33.284+0600] {dagbag.py:588} INFO - Filling up the DagBag from /home/shamim/airflow_git/Airflow_project/air_venv/lib/python3.12/site-packages/airflow/example_dags/example_display_name.py
[2025-02-14T22:08:33.309+0600] {processor.py:925} INFO - DAG(s) 'example_display_name' retrieved from /home/shamim/airflow_git/Airflow_project/air_venv/lib/python3.12/site-packages/airflow/example_dags/example_display_name.py
[2025-02-14T22:08:33.397+0600] {logging_mixin.py:190} INFO - [2025-02-14T22:08:33.397+0600] {dag.py:3239} INFO - Sync 1 DAGs
[2025-02-14T22:08:33.453+0600] {logging_mixin.py:190} INFO - [2025-02-14T22:08:33.452+0600] {dag.py:4180} INFO - Setting next_dagrun for example_display_name to None, run_after=None
[2025-02-14T22:08:33.510+0600] {processor.py:208} INFO - Processing /home/shamim/airflow_git/Airflow_project/air_venv/lib/python3.12/site-packages/airflow/example_dags/example_display_name.py took 0.258 seconds
[2025-02-14T22:09:04.247+0600] {processor.py:186} INFO - Started process (PID=580227) to work on /home/shamim/airflow_git/Airflow_project/air_venv/lib/python3.12/site-packages/airflow/example_dags/example_display_name.py
[2025-02-14T22:09:04.252+0600] {processor.py:914} INFO - Processing file /home/shamim/airflow_git/Airflow_project/air_venv/lib/python3.12/site-packages/airflow/example_dags/example_display_name.py for tasks to queue
[2025-02-14T22:09:04.254+0600] {logging_mixin.py:190} INFO - [2025-02-14T22:09:04.253+0600] {dagbag.py:588} INFO - Filling up the DagBag from /home/shamim/airflow_git/Airflow_project/air_venv/lib/python3.12/site-packages/airflow/example_dags/example_display_name.py
[2025-02-14T22:09:04.264+0600] {processor.py:925} INFO - DAG(s) 'example_display_name' retrieved from /home/shamim/airflow_git/Airflow_project/air_venv/lib/python3.12/site-packages/airflow/example_dags/example_display_name.py
[2025-02-14T22:09:04.307+0600] {logging_mixin.py:190} INFO - [2025-02-14T22:09:04.306+0600] {dag.py:3239} INFO - Sync 1 DAGs
[2025-02-14T22:09:04.330+0600] {logging_mixin.py:190} INFO - [2025-02-14T22:09:04.330+0600] {dag.py:4180} INFO - Setting next_dagrun for example_display_name to None, run_after=None
[2025-02-14T22:09:04.355+0600] {processor.py:208} INFO - Processing /home/shamim/airflow_git/Airflow_project/air_venv/lib/python3.12/site-packages/airflow/example_dags/example_display_name.py took 0.116 seconds
[2025-02-14T22:09:34.912+0600] {processor.py:186} INFO - Started process (PID=580757) to work on /home/shamim/airflow_git/Airflow_project/air_venv/lib/python3.12/site-packages/airflow/example_dags/example_display_name.py
[2025-02-14T22:09:34.913+0600] {processor.py:914} INFO - Processing file /home/shamim/airflow_git/Airflow_project/air_venv/lib/python3.12/site-packages/airflow/example_dags/example_display_name.py for tasks to queue
[2025-02-14T22:09:34.916+0600] {logging_mixin.py:190} INFO - [2025-02-14T22:09:34.915+0600] {dagbag.py:588} INFO - Filling up the DagBag from /home/shamim/airflow_git/Airflow_project/air_venv/lib/python3.12/site-packages/airflow/example_dags/example_display_name.py
[2025-02-14T22:09:34.936+0600] {processor.py:925} INFO - DAG(s) 'example_display_name' retrieved from /home/shamim/airflow_git/Airflow_project/air_venv/lib/python3.12/site-packages/airflow/example_dags/example_display_name.py
[2025-02-14T22:09:35.009+0600] {logging_mixin.py:190} INFO - [2025-02-14T22:09:35.009+0600] {dag.py:3239} INFO - Sync 1 DAGs
[2025-02-14T22:09:35.048+0600] {logging_mixin.py:190} INFO - [2025-02-14T22:09:35.047+0600] {dag.py:4180} INFO - Setting next_dagrun for example_display_name to None, run_after=None
[2025-02-14T22:09:35.096+0600] {processor.py:208} INFO - Processing /home/shamim/airflow_git/Airflow_project/air_venv/lib/python3.12/site-packages/airflow/example_dags/example_display_name.py took 0.203 seconds
[2025-02-14T22:10:05.337+0600] {processor.py:186} INFO - Started process (PID=581195) to work on /home/shamim/airflow_git/Airflow_project/air_venv/lib/python3.12/site-packages/airflow/example_dags/example_display_name.py
[2025-02-14T22:10:05.338+0600] {processor.py:914} INFO - Processing file /home/shamim/airflow_git/Airflow_project/air_venv/lib/python3.12/site-packages/airflow/example_dags/example_display_name.py for tasks to queue
[2025-02-14T22:10:05.339+0600] {logging_mixin.py:190} INFO - [2025-02-14T22:10:05.339+0600] {dagbag.py:588} INFO - Filling up the DagBag from /home/shamim/airflow_git/Airflow_project/air_venv/lib/python3.12/site-packages/airflow/example_dags/example_display_name.py
[2025-02-14T22:10:05.349+0600] {processor.py:925} INFO - DAG(s) 'example_display_name' retrieved from /home/shamim/airflow_git/Airflow_project/air_venv/lib/python3.12/site-packages/airflow/example_dags/example_display_name.py
[2025-02-14T22:10:05.384+0600] {logging_mixin.py:190} INFO - [2025-02-14T22:10:05.383+0600] {dag.py:3239} INFO - Sync 1 DAGs
[2025-02-14T22:10:05.403+0600] {logging_mixin.py:190} INFO - [2025-02-14T22:10:05.402+0600] {dag.py:4180} INFO - Setting next_dagrun for example_display_name to None, run_after=None
[2025-02-14T22:10:05.424+0600] {processor.py:208} INFO - Processing /home/shamim/airflow_git/Airflow_project/air_venv/lib/python3.12/site-packages/airflow/example_dags/example_display_name.py took 0.095 seconds
