[2025-02-14T21:56:22.774+0600] {processor.py:186} INFO - Started process (PID=572627) to work on /home/shamim/airflow_git/Airflow_project/air_venv/lib/python3.12/site-packages/airflow/example_dags/example_latest_only.py
[2025-02-14T21:56:22.775+0600] {processor.py:914} INFO - Processing file /home/shamim/airflow_git/Airflow_project/air_venv/lib/python3.12/site-packages/airflow/example_dags/example_latest_only.py for tasks to queue
[2025-02-14T21:56:22.778+0600] {logging_mixin.py:190} INFO - [2025-02-14T21:56:22.777+0600] {dagbag.py:588} INFO - Filling up the DagBag from /home/shamim/airflow_git/Airflow_project/air_venv/lib/python3.12/site-packages/airflow/example_dags/example_latest_only.py
[2025-02-14T21:56:22.793+0600] {processor.py:925} INFO - DAG(s) 'latest_only' retrieved from /home/shamim/airflow_git/Airflow_project/air_venv/lib/python3.12/site-packages/airflow/example_dags/example_latest_only.py
[2025-02-14T21:56:23.037+0600] {logging_mixin.py:190} INFO - [2025-02-14T21:56:23.037+0600] {dag.py:3239} INFO - Sync 1 DAGs
[2025-02-14T21:56:23.073+0600] {logging_mixin.py:190} INFO - [2025-02-14T21:56:23.073+0600] {dag.py:4180} INFO - Setting next_dagrun for latest_only to 2025-02-14 08:00:00+00:00, run_after=2025-02-14 12:00:00+00:00
[2025-02-14T21:56:23.116+0600] {processor.py:208} INFO - Processing /home/shamim/airflow_git/Airflow_project/air_venv/lib/python3.12/site-packages/airflow/example_dags/example_latest_only.py took 0.358 seconds
[2025-02-14T21:56:53.729+0600] {processor.py:186} INFO - Started process (PID=573034) to work on /home/shamim/airflow_git/Airflow_project/air_venv/lib/python3.12/site-packages/airflow/example_dags/example_latest_only.py
[2025-02-14T21:56:53.730+0600] {processor.py:914} INFO - Processing file /home/shamim/airflow_git/Airflow_project/air_venv/lib/python3.12/site-packages/airflow/example_dags/example_latest_only.py for tasks to queue
[2025-02-14T21:56:53.732+0600] {logging_mixin.py:190} INFO - [2025-02-14T21:56:53.732+0600] {dagbag.py:588} INFO - Filling up the DagBag from /home/shamim/airflow_git/Airflow_project/air_venv/lib/python3.12/site-packages/airflow/example_dags/example_latest_only.py
[2025-02-14T21:56:53.745+0600] {processor.py:925} INFO - DAG(s) 'latest_only' retrieved from /home/shamim/airflow_git/Airflow_project/air_venv/lib/python3.12/site-packages/airflow/example_dags/example_latest_only.py
[2025-02-14T21:56:53.783+0600] {logging_mixin.py:190} INFO - [2025-02-14T21:56:53.783+0600] {dag.py:3239} INFO - Sync 1 DAGs
[2025-02-14T21:56:53.813+0600] {logging_mixin.py:190} INFO - [2025-02-14T21:56:53.813+0600] {dag.py:4180} INFO - Setting next_dagrun for latest_only to 2025-02-14 08:00:00+00:00, run_after=2025-02-14 12:00:00+00:00
[2025-02-14T21:56:53.841+0600] {processor.py:208} INFO - Processing /home/shamim/airflow_git/Airflow_project/air_venv/lib/python3.12/site-packages/airflow/example_dags/example_latest_only.py took 0.123 seconds
[2025-02-14T21:57:24.384+0600] {processor.py:186} INFO - Started process (PID=573442) to work on /home/shamim/airflow_git/Airflow_project/air_venv/lib/python3.12/site-packages/airflow/example_dags/example_latest_only.py
[2025-02-14T21:57:24.386+0600] {processor.py:914} INFO - Processing file /home/shamim/airflow_git/Airflow_project/air_venv/lib/python3.12/site-packages/airflow/example_dags/example_latest_only.py for tasks to queue
[2025-02-14T21:57:24.388+0600] {logging_mixin.py:190} INFO - [2025-02-14T21:57:24.387+0600] {dagbag.py:588} INFO - Filling up the DagBag from /home/shamim/airflow_git/Airflow_project/air_venv/lib/python3.12/site-packages/airflow/example_dags/example_latest_only.py
[2025-02-14T21:57:24.401+0600] {processor.py:925} INFO - DAG(s) 'latest_only' retrieved from /home/shamim/airflow_git/Airflow_project/air_venv/lib/python3.12/site-packages/airflow/example_dags/example_latest_only.py
[2025-02-14T21:57:24.453+0600] {logging_mixin.py:190} INFO - [2025-02-14T21:57:24.453+0600] {dag.py:3239} INFO - Sync 1 DAGs
[2025-02-14T21:57:24.497+0600] {logging_mixin.py:190} INFO - [2025-02-14T21:57:24.496+0600] {dag.py:4180} INFO - Setting next_dagrun for latest_only to 2025-02-14 08:00:00+00:00, run_after=2025-02-14 12:00:00+00:00
[2025-02-14T21:57:24.525+0600] {processor.py:208} INFO - Processing /home/shamim/airflow_git/Airflow_project/air_venv/lib/python3.12/site-packages/airflow/example_dags/example_latest_only.py took 0.155 seconds
[2025-02-14T22:02:33.658+0600] {processor.py:186} INFO - Started process (PID=574300) to work on /home/shamim/airflow_git/Airflow_project/air_venv/lib/python3.12/site-packages/airflow/example_dags/example_latest_only.py
[2025-02-14T22:02:33.660+0600] {processor.py:914} INFO - Processing file /home/shamim/airflow_git/Airflow_project/air_venv/lib/python3.12/site-packages/airflow/example_dags/example_latest_only.py for tasks to queue
[2025-02-14T22:02:33.662+0600] {logging_mixin.py:190} INFO - [2025-02-14T22:02:33.662+0600] {dagbag.py:588} INFO - Filling up the DagBag from /home/shamim/airflow_git/Airflow_project/air_venv/lib/python3.12/site-packages/airflow/example_dags/example_latest_only.py
[2025-02-14T22:02:33.671+0600] {processor.py:925} INFO - DAG(s) 'latest_only' retrieved from /home/shamim/airflow_git/Airflow_project/air_venv/lib/python3.12/site-packages/airflow/example_dags/example_latest_only.py
[2025-02-14T22:02:33.716+0600] {logging_mixin.py:190} INFO - [2025-02-14T22:02:33.715+0600] {dag.py:3239} INFO - Sync 1 DAGs
[2025-02-14T22:02:33.756+0600] {logging_mixin.py:190} INFO - [2025-02-14T22:02:33.755+0600] {dag.py:4180} INFO - Setting next_dagrun for latest_only to 2025-02-14 12:00:00+00:00, run_after=2025-02-14 16:00:00+00:00
[2025-02-14T22:02:33.783+0600] {processor.py:208} INFO - Processing /home/shamim/airflow_git/Airflow_project/air_venv/lib/python3.12/site-packages/airflow/example_dags/example_latest_only.py took 0.134 seconds
[2025-02-14T22:03:04.828+0600] {processor.py:186} INFO - Started process (PID=574755) to work on /home/shamim/airflow_git/Airflow_project/air_venv/lib/python3.12/site-packages/airflow/example_dags/example_latest_only.py
[2025-02-14T22:03:04.830+0600] {processor.py:914} INFO - Processing file /home/shamim/airflow_git/Airflow_project/air_venv/lib/python3.12/site-packages/airflow/example_dags/example_latest_only.py for tasks to queue
[2025-02-14T22:03:04.832+0600] {logging_mixin.py:190} INFO - [2025-02-14T22:03:04.832+0600] {dagbag.py:588} INFO - Filling up the DagBag from /home/shamim/airflow_git/Airflow_project/air_venv/lib/python3.12/site-packages/airflow/example_dags/example_latest_only.py
[2025-02-14T22:03:04.842+0600] {processor.py:925} INFO - DAG(s) 'latest_only' retrieved from /home/shamim/airflow_git/Airflow_project/air_venv/lib/python3.12/site-packages/airflow/example_dags/example_latest_only.py
[2025-02-14T22:03:04.880+0600] {logging_mixin.py:190} INFO - [2025-02-14T22:03:04.880+0600] {dag.py:3239} INFO - Sync 1 DAGs
[2025-02-14T22:03:04.914+0600] {logging_mixin.py:190} INFO - [2025-02-14T22:03:04.913+0600] {dag.py:4180} INFO - Setting next_dagrun for latest_only to 2025-02-14 12:00:00+00:00, run_after=2025-02-14 16:00:00+00:00
[2025-02-14T22:03:04.941+0600] {processor.py:208} INFO - Processing /home/shamim/airflow_git/Airflow_project/air_venv/lib/python3.12/site-packages/airflow/example_dags/example_latest_only.py took 0.122 seconds
[2025-02-14T22:03:35.064+0600] {processor.py:186} INFO - Started process (PID=575174) to work on /home/shamim/airflow_git/Airflow_project/air_venv/lib/python3.12/site-packages/airflow/example_dags/example_latest_only.py
[2025-02-14T22:03:35.065+0600] {processor.py:914} INFO - Processing file /home/shamim/airflow_git/Airflow_project/air_venv/lib/python3.12/site-packages/airflow/example_dags/example_latest_only.py for tasks to queue
[2025-02-14T22:03:35.069+0600] {logging_mixin.py:190} INFO - [2025-02-14T22:03:35.068+0600] {dagbag.py:588} INFO - Filling up the DagBag from /home/shamim/airflow_git/Airflow_project/air_venv/lib/python3.12/site-packages/airflow/example_dags/example_latest_only.py
[2025-02-14T22:03:35.080+0600] {processor.py:925} INFO - DAG(s) 'latest_only' retrieved from /home/shamim/airflow_git/Airflow_project/air_venv/lib/python3.12/site-packages/airflow/example_dags/example_latest_only.py
[2025-02-14T22:03:35.125+0600] {logging_mixin.py:190} INFO - [2025-02-14T22:03:35.125+0600] {dag.py:3239} INFO - Sync 1 DAGs
[2025-02-14T22:03:35.163+0600] {logging_mixin.py:190} INFO - [2025-02-14T22:03:35.163+0600] {dag.py:4180} INFO - Setting next_dagrun for latest_only to 2025-02-14 12:00:00+00:00, run_after=2025-02-14 16:00:00+00:00
[2025-02-14T22:03:35.187+0600] {processor.py:208} INFO - Processing /home/shamim/airflow_git/Airflow_project/air_venv/lib/python3.12/site-packages/airflow/example_dags/example_latest_only.py took 0.133 seconds
[2025-02-14T22:04:05.762+0600] {processor.py:186} INFO - Started process (PID=575593) to work on /home/shamim/airflow_git/Airflow_project/air_venv/lib/python3.12/site-packages/airflow/example_dags/example_latest_only.py
[2025-02-14T22:04:05.765+0600] {processor.py:914} INFO - Processing file /home/shamim/airflow_git/Airflow_project/air_venv/lib/python3.12/site-packages/airflow/example_dags/example_latest_only.py for tasks to queue
[2025-02-14T22:04:05.769+0600] {logging_mixin.py:190} INFO - [2025-02-14T22:04:05.769+0600] {dagbag.py:588} INFO - Filling up the DagBag from /home/shamim/airflow_git/Airflow_project/air_venv/lib/python3.12/site-packages/airflow/example_dags/example_latest_only.py
[2025-02-14T22:04:05.781+0600] {processor.py:925} INFO - DAG(s) 'latest_only' retrieved from /home/shamim/airflow_git/Airflow_project/air_venv/lib/python3.12/site-packages/airflow/example_dags/example_latest_only.py
[2025-02-14T22:04:05.831+0600] {logging_mixin.py:190} INFO - [2025-02-14T22:04:05.830+0600] {dag.py:3239} INFO - Sync 1 DAGs
[2025-02-14T22:04:05.867+0600] {logging_mixin.py:190} INFO - [2025-02-14T22:04:05.867+0600] {dag.py:4180} INFO - Setting next_dagrun for latest_only to 2025-02-14 12:00:00+00:00, run_after=2025-02-14 16:00:00+00:00
[2025-02-14T22:04:05.892+0600] {processor.py:208} INFO - Processing /home/shamim/airflow_git/Airflow_project/air_venv/lib/python3.12/site-packages/airflow/example_dags/example_latest_only.py took 0.141 seconds
[2025-02-14T22:04:36.358+0600] {processor.py:186} INFO - Started process (PID=576015) to work on /home/shamim/airflow_git/Airflow_project/air_venv/lib/python3.12/site-packages/airflow/example_dags/example_latest_only.py
[2025-02-14T22:04:36.359+0600] {processor.py:914} INFO - Processing file /home/shamim/airflow_git/Airflow_project/air_venv/lib/python3.12/site-packages/airflow/example_dags/example_latest_only.py for tasks to queue
[2025-02-14T22:04:36.362+0600] {logging_mixin.py:190} INFO - [2025-02-14T22:04:36.362+0600] {dagbag.py:588} INFO - Filling up the DagBag from /home/shamim/airflow_git/Airflow_project/air_venv/lib/python3.12/site-packages/airflow/example_dags/example_latest_only.py
[2025-02-14T22:04:36.374+0600] {processor.py:925} INFO - DAG(s) 'latest_only' retrieved from /home/shamim/airflow_git/Airflow_project/air_venv/lib/python3.12/site-packages/airflow/example_dags/example_latest_only.py
[2025-02-14T22:04:36.420+0600] {logging_mixin.py:190} INFO - [2025-02-14T22:04:36.419+0600] {dag.py:3239} INFO - Sync 1 DAGs
[2025-02-14T22:04:36.457+0600] {logging_mixin.py:190} INFO - [2025-02-14T22:04:36.457+0600] {dag.py:4180} INFO - Setting next_dagrun for latest_only to 2025-02-14 12:00:00+00:00, run_after=2025-02-14 16:00:00+00:00
[2025-02-14T22:04:36.485+0600] {processor.py:208} INFO - Processing /home/shamim/airflow_git/Airflow_project/air_venv/lib/python3.12/site-packages/airflow/example_dags/example_latest_only.py took 0.137 seconds
[2025-02-14T22:05:07.422+0600] {processor.py:186} INFO - Started process (PID=576435) to work on /home/shamim/airflow_git/Airflow_project/air_venv/lib/python3.12/site-packages/airflow/example_dags/example_latest_only.py
[2025-02-14T22:05:07.423+0600] {processor.py:914} INFO - Processing file /home/shamim/airflow_git/Airflow_project/air_venv/lib/python3.12/site-packages/airflow/example_dags/example_latest_only.py for tasks to queue
[2025-02-14T22:05:07.426+0600] {logging_mixin.py:190} INFO - [2025-02-14T22:05:07.425+0600] {dagbag.py:588} INFO - Filling up the DagBag from /home/shamim/airflow_git/Airflow_project/air_venv/lib/python3.12/site-packages/airflow/example_dags/example_latest_only.py
[2025-02-14T22:05:07.438+0600] {processor.py:925} INFO - DAG(s) 'latest_only' retrieved from /home/shamim/airflow_git/Airflow_project/air_venv/lib/python3.12/site-packages/airflow/example_dags/example_latest_only.py
[2025-02-14T22:05:07.482+0600] {logging_mixin.py:190} INFO - [2025-02-14T22:05:07.481+0600] {dag.py:3239} INFO - Sync 1 DAGs
[2025-02-14T22:05:07.529+0600] {logging_mixin.py:190} INFO - [2025-02-14T22:05:07.529+0600] {dag.py:4180} INFO - Setting next_dagrun for latest_only to 2025-02-14 12:00:00+00:00, run_after=2025-02-14 16:00:00+00:00
[2025-02-14T22:05:07.561+0600] {processor.py:208} INFO - Processing /home/shamim/airflow_git/Airflow_project/air_venv/lib/python3.12/site-packages/airflow/example_dags/example_latest_only.py took 0.150 seconds
[2025-02-14T22:05:47.456+0600] {processor.py:186} INFO - Started process (PID=577226) to work on /home/shamim/airflow_git/Airflow_project/air_venv/lib/python3.12/site-packages/airflow/example_dags/example_latest_only.py
[2025-02-14T22:05:47.459+0600] {processor.py:914} INFO - Processing file /home/shamim/airflow_git/Airflow_project/air_venv/lib/python3.12/site-packages/airflow/example_dags/example_latest_only.py for tasks to queue
[2025-02-14T22:05:47.471+0600] {logging_mixin.py:190} INFO - [2025-02-14T22:05:47.470+0600] {dagbag.py:588} INFO - Filling up the DagBag from /home/shamim/airflow_git/Airflow_project/air_venv/lib/python3.12/site-packages/airflow/example_dags/example_latest_only.py
[2025-02-14T22:05:47.539+0600] {processor.py:925} INFO - DAG(s) 'latest_only' retrieved from /home/shamim/airflow_git/Airflow_project/air_venv/lib/python3.12/site-packages/airflow/example_dags/example_latest_only.py
[2025-02-14T22:05:47.832+0600] {logging_mixin.py:190} INFO - [2025-02-14T22:05:47.831+0600] {dag.py:3239} INFO - Sync 1 DAGs
[2025-02-14T22:05:48.308+0600] {logging_mixin.py:190} INFO - [2025-02-14T22:05:48.308+0600] {dag.py:4180} INFO - Setting next_dagrun for latest_only to 2025-02-14 12:00:00+00:00, run_after=2025-02-14 16:00:00+00:00
[2025-02-14T22:05:48.603+0600] {processor.py:208} INFO - Processing /home/shamim/airflow_git/Airflow_project/air_venv/lib/python3.12/site-packages/airflow/example_dags/example_latest_only.py took 1.225 seconds
[2025-02-14T22:06:18.936+0600] {processor.py:186} INFO - Started process (PID=577784) to work on /home/shamim/airflow_git/Airflow_project/air_venv/lib/python3.12/site-packages/airflow/example_dags/example_latest_only.py
[2025-02-14T22:06:18.938+0600] {processor.py:914} INFO - Processing file /home/shamim/airflow_git/Airflow_project/air_venv/lib/python3.12/site-packages/airflow/example_dags/example_latest_only.py for tasks to queue
[2025-02-14T22:06:18.942+0600] {logging_mixin.py:190} INFO - [2025-02-14T22:06:18.941+0600] {dagbag.py:588} INFO - Filling up the DagBag from /home/shamim/airflow_git/Airflow_project/air_venv/lib/python3.12/site-packages/airflow/example_dags/example_latest_only.py
[2025-02-14T22:06:18.957+0600] {processor.py:925} INFO - DAG(s) 'latest_only' retrieved from /home/shamim/airflow_git/Airflow_project/air_venv/lib/python3.12/site-packages/airflow/example_dags/example_latest_only.py
[2025-02-14T22:06:19.010+0600] {logging_mixin.py:190} INFO - [2025-02-14T22:06:19.009+0600] {dag.py:3239} INFO - Sync 1 DAGs
[2025-02-14T22:06:19.049+0600] {logging_mixin.py:190} INFO - [2025-02-14T22:06:19.049+0600] {dag.py:4180} INFO - Setting next_dagrun for latest_only to 2025-02-14 12:00:00+00:00, run_after=2025-02-14 16:00:00+00:00
[2025-02-14T22:06:19.075+0600] {processor.py:208} INFO - Processing /home/shamim/airflow_git/Airflow_project/air_venv/lib/python3.12/site-packages/airflow/example_dags/example_latest_only.py took 0.152 seconds
[2025-02-14T22:06:49.710+0600] {processor.py:186} INFO - Started process (PID=578257) to work on /home/shamim/airflow_git/Airflow_project/air_venv/lib/python3.12/site-packages/airflow/example_dags/example_latest_only.py
[2025-02-14T22:06:49.718+0600] {processor.py:914} INFO - Processing file /home/shamim/airflow_git/Airflow_project/air_venv/lib/python3.12/site-packages/airflow/example_dags/example_latest_only.py for tasks to queue
[2025-02-14T22:06:49.724+0600] {logging_mixin.py:190} INFO - [2025-02-14T22:06:49.723+0600] {dagbag.py:588} INFO - Filling up the DagBag from /home/shamim/airflow_git/Airflow_project/air_venv/lib/python3.12/site-packages/airflow/example_dags/example_latest_only.py
[2025-02-14T22:06:49.745+0600] {processor.py:925} INFO - DAG(s) 'latest_only' retrieved from /home/shamim/airflow_git/Airflow_project/air_venv/lib/python3.12/site-packages/airflow/example_dags/example_latest_only.py
[2025-02-14T22:06:49.801+0600] {logging_mixin.py:190} INFO - [2025-02-14T22:06:49.800+0600] {dag.py:3239} INFO - Sync 1 DAGs
[2025-02-14T22:06:49.837+0600] {logging_mixin.py:190} INFO - [2025-02-14T22:06:49.836+0600] {dag.py:4180} INFO - Setting next_dagrun for latest_only to 2025-02-14 12:00:00+00:00, run_after=2025-02-14 16:00:00+00:00
[2025-02-14T22:06:49.861+0600] {processor.py:208} INFO - Processing /home/shamim/airflow_git/Airflow_project/air_venv/lib/python3.12/site-packages/airflow/example_dags/example_latest_only.py took 0.173 seconds
[2025-02-14T22:07:20.627+0600] {processor.py:186} INFO - Started process (PID=578680) to work on /home/shamim/airflow_git/Airflow_project/air_venv/lib/python3.12/site-packages/airflow/example_dags/example_latest_only.py
[2025-02-14T22:07:20.632+0600] {processor.py:914} INFO - Processing file /home/shamim/airflow_git/Airflow_project/air_venv/lib/python3.12/site-packages/airflow/example_dags/example_latest_only.py for tasks to queue
[2025-02-14T22:07:20.637+0600] {logging_mixin.py:190} INFO - [2025-02-14T22:07:20.636+0600] {dagbag.py:588} INFO - Filling up the DagBag from /home/shamim/airflow_git/Airflow_project/air_venv/lib/python3.12/site-packages/airflow/example_dags/example_latest_only.py
[2025-02-14T22:07:20.650+0600] {processor.py:925} INFO - DAG(s) 'latest_only' retrieved from /home/shamim/airflow_git/Airflow_project/air_venv/lib/python3.12/site-packages/airflow/example_dags/example_latest_only.py
[2025-02-14T22:07:20.697+0600] {logging_mixin.py:190} INFO - [2025-02-14T22:07:20.696+0600] {dag.py:3239} INFO - Sync 1 DAGs
[2025-02-14T22:07:20.729+0600] {logging_mixin.py:190} INFO - [2025-02-14T22:07:20.729+0600] {dag.py:4180} INFO - Setting next_dagrun for latest_only to 2025-02-14 12:00:00+00:00, run_after=2025-02-14 16:00:00+00:00
[2025-02-14T22:07:20.756+0600] {processor.py:208} INFO - Processing /home/shamim/airflow_git/Airflow_project/air_venv/lib/python3.12/site-packages/airflow/example_dags/example_latest_only.py took 0.152 seconds
[2025-02-14T22:07:51.613+0600] {processor.py:186} INFO - Started process (PID=579263) to work on /home/shamim/airflow_git/Airflow_project/air_venv/lib/python3.12/site-packages/airflow/example_dags/example_latest_only.py
[2025-02-14T22:07:51.619+0600] {processor.py:914} INFO - Processing file /home/shamim/airflow_git/Airflow_project/air_venv/lib/python3.12/site-packages/airflow/example_dags/example_latest_only.py for tasks to queue
[2025-02-14T22:07:51.622+0600] {logging_mixin.py:190} INFO - [2025-02-14T22:07:51.621+0600] {dagbag.py:588} INFO - Filling up the DagBag from /home/shamim/airflow_git/Airflow_project/air_venv/lib/python3.12/site-packages/airflow/example_dags/example_latest_only.py
[2025-02-14T22:07:51.637+0600] {processor.py:925} INFO - DAG(s) 'latest_only' retrieved from /home/shamim/airflow_git/Airflow_project/air_venv/lib/python3.12/site-packages/airflow/example_dags/example_latest_only.py
[2025-02-14T22:07:51.684+0600] {logging_mixin.py:190} INFO - [2025-02-14T22:07:51.684+0600] {dag.py:3239} INFO - Sync 1 DAGs
[2025-02-14T22:07:51.719+0600] {logging_mixin.py:190} INFO - [2025-02-14T22:07:51.719+0600] {dag.py:4180} INFO - Setting next_dagrun for latest_only to 2025-02-14 12:00:00+00:00, run_after=2025-02-14 16:00:00+00:00
[2025-02-14T22:07:51.742+0600] {processor.py:208} INFO - Processing /home/shamim/airflow_git/Airflow_project/air_venv/lib/python3.12/site-packages/airflow/example_dags/example_latest_only.py took 0.143 seconds
[2025-02-14T22:08:22.185+0600] {processor.py:186} INFO - Started process (PID=579704) to work on /home/shamim/airflow_git/Airflow_project/air_venv/lib/python3.12/site-packages/airflow/example_dags/example_latest_only.py
[2025-02-14T22:08:22.186+0600] {processor.py:914} INFO - Processing file /home/shamim/airflow_git/Airflow_project/air_venv/lib/python3.12/site-packages/airflow/example_dags/example_latest_only.py for tasks to queue
[2025-02-14T22:08:22.188+0600] {logging_mixin.py:190} INFO - [2025-02-14T22:08:22.188+0600] {dagbag.py:588} INFO - Filling up the DagBag from /home/shamim/airflow_git/Airflow_project/air_venv/lib/python3.12/site-packages/airflow/example_dags/example_latest_only.py
[2025-02-14T22:08:22.202+0600] {processor.py:925} INFO - DAG(s) 'latest_only' retrieved from /home/shamim/airflow_git/Airflow_project/air_venv/lib/python3.12/site-packages/airflow/example_dags/example_latest_only.py
[2025-02-14T22:08:22.245+0600] {logging_mixin.py:190} INFO - [2025-02-14T22:08:22.245+0600] {dag.py:3239} INFO - Sync 1 DAGs
[2025-02-14T22:08:22.280+0600] {logging_mixin.py:190} INFO - [2025-02-14T22:08:22.280+0600] {dag.py:4180} INFO - Setting next_dagrun for latest_only to 2025-02-14 12:00:00+00:00, run_after=2025-02-14 16:00:00+00:00
[2025-02-14T22:08:22.306+0600] {processor.py:208} INFO - Processing /home/shamim/airflow_git/Airflow_project/air_venv/lib/python3.12/site-packages/airflow/example_dags/example_latest_only.py took 0.132 seconds
[2025-02-14T22:08:53.094+0600] {processor.py:186} INFO - Started process (PID=580176) to work on /home/shamim/airflow_git/Airflow_project/air_venv/lib/python3.12/site-packages/airflow/example_dags/example_latest_only.py
[2025-02-14T22:08:53.101+0600] {processor.py:914} INFO - Processing file /home/shamim/airflow_git/Airflow_project/air_venv/lib/python3.12/site-packages/airflow/example_dags/example_latest_only.py for tasks to queue
[2025-02-14T22:08:53.104+0600] {logging_mixin.py:190} INFO - [2025-02-14T22:08:53.103+0600] {dagbag.py:588} INFO - Filling up the DagBag from /home/shamim/airflow_git/Airflow_project/air_venv/lib/python3.12/site-packages/airflow/example_dags/example_latest_only.py
[2025-02-14T22:08:53.119+0600] {processor.py:925} INFO - DAG(s) 'latest_only' retrieved from /home/shamim/airflow_git/Airflow_project/air_venv/lib/python3.12/site-packages/airflow/example_dags/example_latest_only.py
[2025-02-14T22:08:53.165+0600] {logging_mixin.py:190} INFO - [2025-02-14T22:08:53.165+0600] {dag.py:3239} INFO - Sync 1 DAGs
[2025-02-14T22:08:53.200+0600] {logging_mixin.py:190} INFO - [2025-02-14T22:08:53.200+0600] {dag.py:4180} INFO - Setting next_dagrun for latest_only to 2025-02-14 12:00:00+00:00, run_after=2025-02-14 16:00:00+00:00
[2025-02-14T22:08:53.243+0600] {processor.py:208} INFO - Processing /home/shamim/airflow_git/Airflow_project/air_venv/lib/python3.12/site-packages/airflow/example_dags/example_latest_only.py took 0.177 seconds
[2025-02-14T22:09:24.096+0600] {processor.py:186} INFO - Started process (PID=580623) to work on /home/shamim/airflow_git/Airflow_project/air_venv/lib/python3.12/site-packages/airflow/example_dags/example_latest_only.py
[2025-02-14T22:09:24.098+0600] {processor.py:914} INFO - Processing file /home/shamim/airflow_git/Airflow_project/air_venv/lib/python3.12/site-packages/airflow/example_dags/example_latest_only.py for tasks to queue
[2025-02-14T22:09:24.106+0600] {logging_mixin.py:190} INFO - [2025-02-14T22:09:24.106+0600] {dagbag.py:588} INFO - Filling up the DagBag from /home/shamim/airflow_git/Airflow_project/air_venv/lib/python3.12/site-packages/airflow/example_dags/example_latest_only.py
[2025-02-14T22:09:24.129+0600] {processor.py:925} INFO - DAG(s) 'latest_only' retrieved from /home/shamim/airflow_git/Airflow_project/air_venv/lib/python3.12/site-packages/airflow/example_dags/example_latest_only.py
[2025-02-14T22:09:24.214+0600] {logging_mixin.py:190} INFO - [2025-02-14T22:09:24.214+0600] {dag.py:3239} INFO - Sync 1 DAGs
[2025-02-14T22:09:24.271+0600] {logging_mixin.py:190} INFO - [2025-02-14T22:09:24.270+0600] {dag.py:4180} INFO - Setting next_dagrun for latest_only to 2025-02-14 12:00:00+00:00, run_after=2025-02-14 16:00:00+00:00
[2025-02-14T22:09:24.320+0600] {processor.py:208} INFO - Processing /home/shamim/airflow_git/Airflow_project/air_venv/lib/python3.12/site-packages/airflow/example_dags/example_latest_only.py took 0.252 seconds
[2025-02-14T22:09:54.409+0600] {processor.py:186} INFO - Started process (PID=581129) to work on /home/shamim/airflow_git/Airflow_project/air_venv/lib/python3.12/site-packages/airflow/example_dags/example_latest_only.py
[2025-02-14T22:09:54.410+0600] {processor.py:914} INFO - Processing file /home/shamim/airflow_git/Airflow_project/air_venv/lib/python3.12/site-packages/airflow/example_dags/example_latest_only.py for tasks to queue
[2025-02-14T22:09:54.411+0600] {logging_mixin.py:190} INFO - [2025-02-14T22:09:54.411+0600] {dagbag.py:588} INFO - Filling up the DagBag from /home/shamim/airflow_git/Airflow_project/air_venv/lib/python3.12/site-packages/airflow/example_dags/example_latest_only.py
[2025-02-14T22:09:54.422+0600] {processor.py:925} INFO - DAG(s) 'latest_only' retrieved from /home/shamim/airflow_git/Airflow_project/air_venv/lib/python3.12/site-packages/airflow/example_dags/example_latest_only.py
[2025-02-14T22:09:54.458+0600] {logging_mixin.py:190} INFO - [2025-02-14T22:09:54.458+0600] {dag.py:3239} INFO - Sync 1 DAGs
[2025-02-14T22:09:54.487+0600] {logging_mixin.py:190} INFO - [2025-02-14T22:09:54.487+0600] {dag.py:4180} INFO - Setting next_dagrun for latest_only to 2025-02-14 12:00:00+00:00, run_after=2025-02-14 16:00:00+00:00
[2025-02-14T22:09:54.511+0600] {processor.py:208} INFO - Processing /home/shamim/airflow_git/Airflow_project/air_venv/lib/python3.12/site-packages/airflow/example_dags/example_latest_only.py took 0.112 seconds
