[2025-02-14T21:56:17.590+0600] {processor.py:186} INFO - Started process (PID=572440) to work on /home/shamim/airflow_git/Airflow_project/air_venv/lib/python3.12/site-packages/airflow/example_dags/tutorial.py
[2025-02-14T21:56:17.590+0600] {processor.py:914} INFO - Processing file /home/shamim/airflow_git/Airflow_project/air_venv/lib/python3.12/site-packages/airflow/example_dags/tutorial.py for tasks to queue
[2025-02-14T21:56:17.593+0600] {logging_mixin.py:190} INFO - [2025-02-14T21:56:17.592+0600] {dagbag.py:588} INFO - Filling up the DagBag from /home/shamim/airflow_git/Airflow_project/air_venv/lib/python3.12/site-packages/airflow/example_dags/tutorial.py
[2025-02-14T21:56:17.607+0600] {processor.py:925} INFO - DAG(s) 'tutorial' retrieved from /home/shamim/airflow_git/Airflow_project/air_venv/lib/python3.12/site-packages/airflow/example_dags/tutorial.py
[2025-02-14T21:56:17.839+0600] {logging_mixin.py:190} INFO - [2025-02-14T21:56:17.839+0600] {dag.py:3239} INFO - Sync 1 DAGs
[2025-02-14T21:56:17.875+0600] {logging_mixin.py:190} INFO - [2025-02-14T21:56:17.875+0600] {dag.py:4180} INFO - Setting next_dagrun for tutorial to 2025-02-13 00:00:00+00:00, run_after=2025-02-14 00:00:00+00:00
[2025-02-14T21:56:17.905+0600] {processor.py:208} INFO - Processing /home/shamim/airflow_git/Airflow_project/air_venv/lib/python3.12/site-packages/airflow/example_dags/tutorial.py took 0.329 seconds
[2025-02-14T21:56:48.113+0600] {processor.py:186} INFO - Started process (PID=572860) to work on /home/shamim/airflow_git/Airflow_project/air_venv/lib/python3.12/site-packages/airflow/example_dags/tutorial.py
[2025-02-14T21:56:48.114+0600] {processor.py:914} INFO - Processing file /home/shamim/airflow_git/Airflow_project/air_venv/lib/python3.12/site-packages/airflow/example_dags/tutorial.py for tasks to queue
[2025-02-14T21:56:48.115+0600] {logging_mixin.py:190} INFO - [2025-02-14T21:56:48.115+0600] {dagbag.py:588} INFO - Filling up the DagBag from /home/shamim/airflow_git/Airflow_project/air_venv/lib/python3.12/site-packages/airflow/example_dags/tutorial.py
[2025-02-14T21:56:48.127+0600] {processor.py:925} INFO - DAG(s) 'tutorial' retrieved from /home/shamim/airflow_git/Airflow_project/air_venv/lib/python3.12/site-packages/airflow/example_dags/tutorial.py
[2025-02-14T21:56:48.169+0600] {logging_mixin.py:190} INFO - [2025-02-14T21:56:48.168+0600] {dag.py:3239} INFO - Sync 1 DAGs
[2025-02-14T21:56:48.204+0600] {logging_mixin.py:190} INFO - [2025-02-14T21:56:48.204+0600] {dag.py:4180} INFO - Setting next_dagrun for tutorial to 2025-02-13 00:00:00+00:00, run_after=2025-02-14 00:00:00+00:00
[2025-02-14T21:56:48.232+0600] {processor.py:208} INFO - Processing /home/shamim/airflow_git/Airflow_project/air_venv/lib/python3.12/site-packages/airflow/example_dags/tutorial.py took 0.131 seconds
[2025-02-14T21:57:18.732+0600] {processor.py:186} INFO - Started process (PID=573259) to work on /home/shamim/airflow_git/Airflow_project/air_venv/lib/python3.12/site-packages/airflow/example_dags/tutorial.py
[2025-02-14T21:57:18.733+0600] {processor.py:914} INFO - Processing file /home/shamim/airflow_git/Airflow_project/air_venv/lib/python3.12/site-packages/airflow/example_dags/tutorial.py for tasks to queue
[2025-02-14T21:57:18.735+0600] {logging_mixin.py:190} INFO - [2025-02-14T21:57:18.734+0600] {dagbag.py:588} INFO - Filling up the DagBag from /home/shamim/airflow_git/Airflow_project/air_venv/lib/python3.12/site-packages/airflow/example_dags/tutorial.py
[2025-02-14T21:57:18.751+0600] {processor.py:925} INFO - DAG(s) 'tutorial' retrieved from /home/shamim/airflow_git/Airflow_project/air_venv/lib/python3.12/site-packages/airflow/example_dags/tutorial.py
[2025-02-14T21:57:18.798+0600] {logging_mixin.py:190} INFO - [2025-02-14T21:57:18.797+0600] {dag.py:3239} INFO - Sync 1 DAGs
[2025-02-14T21:57:18.833+0600] {logging_mixin.py:190} INFO - [2025-02-14T21:57:18.833+0600] {dag.py:4180} INFO - Setting next_dagrun for tutorial to 2025-02-13 00:00:00+00:00, run_after=2025-02-14 00:00:00+00:00
[2025-02-14T21:57:18.860+0600] {processor.py:208} INFO - Processing /home/shamim/airflow_git/Airflow_project/air_venv/lib/python3.12/site-packages/airflow/example_dags/tutorial.py took 0.140 seconds
[2025-02-14T22:02:31.386+0600] {processor.py:186} INFO - Started process (PID=574127) to work on /home/shamim/airflow_git/Airflow_project/air_venv/lib/python3.12/site-packages/airflow/example_dags/tutorial.py
[2025-02-14T22:02:31.392+0600] {processor.py:914} INFO - Processing file /home/shamim/airflow_git/Airflow_project/air_venv/lib/python3.12/site-packages/airflow/example_dags/tutorial.py for tasks to queue
[2025-02-14T22:02:31.395+0600] {logging_mixin.py:190} INFO - [2025-02-14T22:02:31.394+0600] {dagbag.py:588} INFO - Filling up the DagBag from /home/shamim/airflow_git/Airflow_project/air_venv/lib/python3.12/site-packages/airflow/example_dags/tutorial.py
[2025-02-14T22:02:31.406+0600] {processor.py:925} INFO - DAG(s) 'tutorial' retrieved from /home/shamim/airflow_git/Airflow_project/air_venv/lib/python3.12/site-packages/airflow/example_dags/tutorial.py
[2025-02-14T22:02:31.459+0600] {logging_mixin.py:190} INFO - [2025-02-14T22:02:31.459+0600] {dag.py:3239} INFO - Sync 1 DAGs
[2025-02-14T22:02:31.498+0600] {logging_mixin.py:190} INFO - [2025-02-14T22:02:31.498+0600] {dag.py:4180} INFO - Setting next_dagrun for tutorial to 2025-02-13 00:00:00+00:00, run_after=2025-02-14 00:00:00+00:00
[2025-02-14T22:02:31.526+0600] {processor.py:208} INFO - Processing /home/shamim/airflow_git/Airflow_project/air_venv/lib/python3.12/site-packages/airflow/example_dags/tutorial.py took 0.149 seconds
[2025-02-14T22:03:02.160+0600] {processor.py:186} INFO - Started process (PID=574584) to work on /home/shamim/airflow_git/Airflow_project/air_venv/lib/python3.12/site-packages/airflow/example_dags/tutorial.py
[2025-02-14T22:03:02.161+0600] {processor.py:914} INFO - Processing file /home/shamim/airflow_git/Airflow_project/air_venv/lib/python3.12/site-packages/airflow/example_dags/tutorial.py for tasks to queue
[2025-02-14T22:03:02.164+0600] {logging_mixin.py:190} INFO - [2025-02-14T22:03:02.163+0600] {dagbag.py:588} INFO - Filling up the DagBag from /home/shamim/airflow_git/Airflow_project/air_venv/lib/python3.12/site-packages/airflow/example_dags/tutorial.py
[2025-02-14T22:03:02.175+0600] {processor.py:925} INFO - DAG(s) 'tutorial' retrieved from /home/shamim/airflow_git/Airflow_project/air_venv/lib/python3.12/site-packages/airflow/example_dags/tutorial.py
[2025-02-14T22:03:02.222+0600] {logging_mixin.py:190} INFO - [2025-02-14T22:03:02.221+0600] {dag.py:3239} INFO - Sync 1 DAGs
[2025-02-14T22:03:02.265+0600] {logging_mixin.py:190} INFO - [2025-02-14T22:03:02.265+0600] {dag.py:4180} INFO - Setting next_dagrun for tutorial to 2025-02-13 00:00:00+00:00, run_after=2025-02-14 00:00:00+00:00
[2025-02-14T22:03:02.293+0600] {processor.py:208} INFO - Processing /home/shamim/airflow_git/Airflow_project/air_venv/lib/python3.12/site-packages/airflow/example_dags/tutorial.py took 0.144 seconds
[2025-02-14T22:03:32.568+0600] {processor.py:186} INFO - Started process (PID=575000) to work on /home/shamim/airflow_git/Airflow_project/air_venv/lib/python3.12/site-packages/airflow/example_dags/tutorial.py
[2025-02-14T22:03:32.569+0600] {processor.py:914} INFO - Processing file /home/shamim/airflow_git/Airflow_project/air_venv/lib/python3.12/site-packages/airflow/example_dags/tutorial.py for tasks to queue
[2025-02-14T22:03:32.573+0600] {logging_mixin.py:190} INFO - [2025-02-14T22:03:32.572+0600] {dagbag.py:588} INFO - Filling up the DagBag from /home/shamim/airflow_git/Airflow_project/air_venv/lib/python3.12/site-packages/airflow/example_dags/tutorial.py
[2025-02-14T22:03:32.583+0600] {processor.py:925} INFO - DAG(s) 'tutorial' retrieved from /home/shamim/airflow_git/Airflow_project/air_venv/lib/python3.12/site-packages/airflow/example_dags/tutorial.py
[2025-02-14T22:03:32.624+0600] {logging_mixin.py:190} INFO - [2025-02-14T22:03:32.623+0600] {dag.py:3239} INFO - Sync 1 DAGs
[2025-02-14T22:03:32.665+0600] {logging_mixin.py:190} INFO - [2025-02-14T22:03:32.665+0600] {dag.py:4180} INFO - Setting next_dagrun for tutorial to 2025-02-13 00:00:00+00:00, run_after=2025-02-14 00:00:00+00:00
[2025-02-14T22:03:32.695+0600] {processor.py:208} INFO - Processing /home/shamim/airflow_git/Airflow_project/air_venv/lib/python3.12/site-packages/airflow/example_dags/tutorial.py took 0.137 seconds
[2025-02-14T22:04:03.091+0600] {processor.py:186} INFO - Started process (PID=575417) to work on /home/shamim/airflow_git/Airflow_project/air_venv/lib/python3.12/site-packages/airflow/example_dags/tutorial.py
[2025-02-14T22:04:03.093+0600] {processor.py:914} INFO - Processing file /home/shamim/airflow_git/Airflow_project/air_venv/lib/python3.12/site-packages/airflow/example_dags/tutorial.py for tasks to queue
[2025-02-14T22:04:03.096+0600] {logging_mixin.py:190} INFO - [2025-02-14T22:04:03.095+0600] {dagbag.py:588} INFO - Filling up the DagBag from /home/shamim/airflow_git/Airflow_project/air_venv/lib/python3.12/site-packages/airflow/example_dags/tutorial.py
[2025-02-14T22:04:03.108+0600] {processor.py:925} INFO - DAG(s) 'tutorial' retrieved from /home/shamim/airflow_git/Airflow_project/air_venv/lib/python3.12/site-packages/airflow/example_dags/tutorial.py
[2025-02-14T22:04:03.157+0600] {logging_mixin.py:190} INFO - [2025-02-14T22:04:03.157+0600] {dag.py:3239} INFO - Sync 1 DAGs
[2025-02-14T22:04:03.197+0600] {logging_mixin.py:190} INFO - [2025-02-14T22:04:03.197+0600] {dag.py:4180} INFO - Setting next_dagrun for tutorial to 2025-02-13 00:00:00+00:00, run_after=2025-02-14 00:00:00+00:00
[2025-02-14T22:04:03.224+0600] {processor.py:208} INFO - Processing /home/shamim/airflow_git/Airflow_project/air_venv/lib/python3.12/site-packages/airflow/example_dags/tutorial.py took 0.144 seconds
[2025-02-14T22:04:33.670+0600] {processor.py:186} INFO - Started process (PID=575842) to work on /home/shamim/airflow_git/Airflow_project/air_venv/lib/python3.12/site-packages/airflow/example_dags/tutorial.py
[2025-02-14T22:04:33.671+0600] {processor.py:914} INFO - Processing file /home/shamim/airflow_git/Airflow_project/air_venv/lib/python3.12/site-packages/airflow/example_dags/tutorial.py for tasks to queue
[2025-02-14T22:04:33.674+0600] {logging_mixin.py:190} INFO - [2025-02-14T22:04:33.673+0600] {dagbag.py:588} INFO - Filling up the DagBag from /home/shamim/airflow_git/Airflow_project/air_venv/lib/python3.12/site-packages/airflow/example_dags/tutorial.py
[2025-02-14T22:04:33.685+0600] {processor.py:925} INFO - DAG(s) 'tutorial' retrieved from /home/shamim/airflow_git/Airflow_project/air_venv/lib/python3.12/site-packages/airflow/example_dags/tutorial.py
[2025-02-14T22:04:33.736+0600] {logging_mixin.py:190} INFO - [2025-02-14T22:04:33.736+0600] {dag.py:3239} INFO - Sync 1 DAGs
[2025-02-14T22:04:33.781+0600] {logging_mixin.py:190} INFO - [2025-02-14T22:04:33.781+0600] {dag.py:4180} INFO - Setting next_dagrun for tutorial to 2025-02-13 00:00:00+00:00, run_after=2025-02-14 00:00:00+00:00
[2025-02-14T22:04:33.809+0600] {processor.py:208} INFO - Processing /home/shamim/airflow_git/Airflow_project/air_venv/lib/python3.12/site-packages/airflow/example_dags/tutorial.py took 0.148 seconds
[2025-02-14T22:05:03.972+0600] {processor.py:186} INFO - Started process (PID=576255) to work on /home/shamim/airflow_git/Airflow_project/air_venv/lib/python3.12/site-packages/airflow/example_dags/tutorial.py
[2025-02-14T22:05:03.974+0600] {processor.py:914} INFO - Processing file /home/shamim/airflow_git/Airflow_project/air_venv/lib/python3.12/site-packages/airflow/example_dags/tutorial.py for tasks to queue
[2025-02-14T22:05:03.976+0600] {logging_mixin.py:190} INFO - [2025-02-14T22:05:03.976+0600] {dagbag.py:588} INFO - Filling up the DagBag from /home/shamim/airflow_git/Airflow_project/air_venv/lib/python3.12/site-packages/airflow/example_dags/tutorial.py
[2025-02-14T22:05:03.990+0600] {processor.py:925} INFO - DAG(s) 'tutorial' retrieved from /home/shamim/airflow_git/Airflow_project/air_venv/lib/python3.12/site-packages/airflow/example_dags/tutorial.py
[2025-02-14T22:05:04.050+0600] {logging_mixin.py:190} INFO - [2025-02-14T22:05:04.049+0600] {dag.py:3239} INFO - Sync 1 DAGs
[2025-02-14T22:05:04.090+0600] {logging_mixin.py:190} INFO - [2025-02-14T22:05:04.089+0600] {dag.py:4180} INFO - Setting next_dagrun for tutorial to 2025-02-13 00:00:00+00:00, run_after=2025-02-14 00:00:00+00:00
[2025-02-14T22:05:04.119+0600] {processor.py:208} INFO - Processing /home/shamim/airflow_git/Airflow_project/air_venv/lib/python3.12/site-packages/airflow/example_dags/tutorial.py took 0.158 seconds
[2025-02-14T22:05:39.822+0600] {processor.py:186} INFO - Started process (PID=577048) to work on /home/shamim/airflow_git/Airflow_project/air_venv/lib/python3.12/site-packages/airflow/example_dags/tutorial.py
[2025-02-14T22:05:39.826+0600] {processor.py:914} INFO - Processing file /home/shamim/airflow_git/Airflow_project/air_venv/lib/python3.12/site-packages/airflow/example_dags/tutorial.py for tasks to queue
[2025-02-14T22:05:39.837+0600] {logging_mixin.py:190} INFO - [2025-02-14T22:05:39.833+0600] {dagbag.py:588} INFO - Filling up the DagBag from /home/shamim/airflow_git/Airflow_project/air_venv/lib/python3.12/site-packages/airflow/example_dags/tutorial.py
[2025-02-14T22:05:39.869+0600] {processor.py:925} INFO - DAG(s) 'tutorial' retrieved from /home/shamim/airflow_git/Airflow_project/air_venv/lib/python3.12/site-packages/airflow/example_dags/tutorial.py
[2025-02-14T22:05:39.978+0600] {logging_mixin.py:190} INFO - [2025-02-14T22:05:39.977+0600] {dag.py:3239} INFO - Sync 1 DAGs
[2025-02-14T22:05:40.064+0600] {logging_mixin.py:190} INFO - [2025-02-14T22:05:40.064+0600] {dag.py:4180} INFO - Setting next_dagrun for tutorial to 2025-02-13 00:00:00+00:00, run_after=2025-02-14 00:00:00+00:00
[2025-02-14T22:05:40.116+0600] {processor.py:208} INFO - Processing /home/shamim/airflow_git/Airflow_project/air_venv/lib/python3.12/site-packages/airflow/example_dags/tutorial.py took 0.321 seconds
[2025-02-14T22:06:11.013+0600] {processor.py:186} INFO - Started process (PID=577577) to work on /home/shamim/airflow_git/Airflow_project/air_venv/lib/python3.12/site-packages/airflow/example_dags/tutorial.py
[2025-02-14T22:06:11.018+0600] {processor.py:914} INFO - Processing file /home/shamim/airflow_git/Airflow_project/air_venv/lib/python3.12/site-packages/airflow/example_dags/tutorial.py for tasks to queue
[2025-02-14T22:06:11.024+0600] {logging_mixin.py:190} INFO - [2025-02-14T22:06:11.023+0600] {dagbag.py:588} INFO - Filling up the DagBag from /home/shamim/airflow_git/Airflow_project/air_venv/lib/python3.12/site-packages/airflow/example_dags/tutorial.py
[2025-02-14T22:06:11.049+0600] {processor.py:925} INFO - DAG(s) 'tutorial' retrieved from /home/shamim/airflow_git/Airflow_project/air_venv/lib/python3.12/site-packages/airflow/example_dags/tutorial.py
[2025-02-14T22:06:11.128+0600] {logging_mixin.py:190} INFO - [2025-02-14T22:06:11.128+0600] {dag.py:3239} INFO - Sync 1 DAGs
[2025-02-14T22:06:11.185+0600] {logging_mixin.py:190} INFO - [2025-02-14T22:06:11.185+0600] {dag.py:4180} INFO - Setting next_dagrun for tutorial to 2025-02-13 00:00:00+00:00, run_after=2025-02-14 00:00:00+00:00
[2025-02-14T22:06:11.252+0600] {processor.py:208} INFO - Processing /home/shamim/airflow_git/Airflow_project/air_venv/lib/python3.12/site-packages/airflow/example_dags/tutorial.py took 0.261 seconds
[2025-02-14T22:06:41.866+0600] {processor.py:186} INFO - Started process (PID=578054) to work on /home/shamim/airflow_git/Airflow_project/air_venv/lib/python3.12/site-packages/airflow/example_dags/tutorial.py
[2025-02-14T22:06:41.869+0600] {processor.py:914} INFO - Processing file /home/shamim/airflow_git/Airflow_project/air_venv/lib/python3.12/site-packages/airflow/example_dags/tutorial.py for tasks to queue
[2025-02-14T22:06:41.872+0600] {logging_mixin.py:190} INFO - [2025-02-14T22:06:41.872+0600] {dagbag.py:588} INFO - Filling up the DagBag from /home/shamim/airflow_git/Airflow_project/air_venv/lib/python3.12/site-packages/airflow/example_dags/tutorial.py
[2025-02-14T22:06:41.890+0600] {processor.py:925} INFO - DAG(s) 'tutorial' retrieved from /home/shamim/airflow_git/Airflow_project/air_venv/lib/python3.12/site-packages/airflow/example_dags/tutorial.py
[2025-02-14T22:06:41.958+0600] {logging_mixin.py:190} INFO - [2025-02-14T22:06:41.958+0600] {dag.py:3239} INFO - Sync 1 DAGs
[2025-02-14T22:06:42.023+0600] {logging_mixin.py:190} INFO - [2025-02-14T22:06:42.023+0600] {dag.py:4180} INFO - Setting next_dagrun for tutorial to 2025-02-13 00:00:00+00:00, run_after=2025-02-14 00:00:00+00:00
[2025-02-14T22:06:42.119+0600] {processor.py:208} INFO - Processing /home/shamim/airflow_git/Airflow_project/air_venv/lib/python3.12/site-packages/airflow/example_dags/tutorial.py took 0.268 seconds
[2025-02-14T22:07:12.315+0600] {processor.py:186} INFO - Started process (PID=578480) to work on /home/shamim/airflow_git/Airflow_project/air_venv/lib/python3.12/site-packages/airflow/example_dags/tutorial.py
[2025-02-14T22:07:12.316+0600] {processor.py:914} INFO - Processing file /home/shamim/airflow_git/Airflow_project/air_venv/lib/python3.12/site-packages/airflow/example_dags/tutorial.py for tasks to queue
[2025-02-14T22:07:12.319+0600] {logging_mixin.py:190} INFO - [2025-02-14T22:07:12.319+0600] {dagbag.py:588} INFO - Filling up the DagBag from /home/shamim/airflow_git/Airflow_project/air_venv/lib/python3.12/site-packages/airflow/example_dags/tutorial.py
[2025-02-14T22:07:12.334+0600] {processor.py:925} INFO - DAG(s) 'tutorial' retrieved from /home/shamim/airflow_git/Airflow_project/air_venv/lib/python3.12/site-packages/airflow/example_dags/tutorial.py
[2025-02-14T22:07:12.379+0600] {logging_mixin.py:190} INFO - [2025-02-14T22:07:12.379+0600] {dag.py:3239} INFO - Sync 1 DAGs
[2025-02-14T22:07:12.415+0600] {logging_mixin.py:190} INFO - [2025-02-14T22:07:12.415+0600] {dag.py:4180} INFO - Setting next_dagrun for tutorial to 2025-02-13 00:00:00+00:00, run_after=2025-02-14 00:00:00+00:00
[2025-02-14T22:07:12.446+0600] {processor.py:208} INFO - Processing /home/shamim/airflow_git/Airflow_project/air_venv/lib/python3.12/site-packages/airflow/example_dags/tutorial.py took 0.144 seconds
[2025-02-14T22:07:42.846+0600] {processor.py:186} INFO - Started process (PID=579007) to work on /home/shamim/airflow_git/Airflow_project/air_venv/lib/python3.12/site-packages/airflow/example_dags/tutorial.py
[2025-02-14T22:07:42.853+0600] {processor.py:914} INFO - Processing file /home/shamim/airflow_git/Airflow_project/air_venv/lib/python3.12/site-packages/airflow/example_dags/tutorial.py for tasks to queue
[2025-02-14T22:07:42.855+0600] {logging_mixin.py:190} INFO - [2025-02-14T22:07:42.854+0600] {dagbag.py:588} INFO - Filling up the DagBag from /home/shamim/airflow_git/Airflow_project/air_venv/lib/python3.12/site-packages/airflow/example_dags/tutorial.py
[2025-02-14T22:07:42.869+0600] {processor.py:925} INFO - DAG(s) 'tutorial' retrieved from /home/shamim/airflow_git/Airflow_project/air_venv/lib/python3.12/site-packages/airflow/example_dags/tutorial.py
[2025-02-14T22:07:42.940+0600] {logging_mixin.py:190} INFO - [2025-02-14T22:07:42.940+0600] {dag.py:3239} INFO - Sync 1 DAGs
[2025-02-14T22:07:42.984+0600] {logging_mixin.py:190} INFO - [2025-02-14T22:07:42.983+0600] {dag.py:4180} INFO - Setting next_dagrun for tutorial to 2025-02-13 00:00:00+00:00, run_after=2025-02-14 00:00:00+00:00
[2025-02-14T22:07:43.009+0600] {processor.py:208} INFO - Processing /home/shamim/airflow_git/Airflow_project/air_venv/lib/python3.12/site-packages/airflow/example_dags/tutorial.py took 0.173 seconds
[2025-02-14T22:08:13.702+0600] {processor.py:186} INFO - Started process (PID=579516) to work on /home/shamim/airflow_git/Airflow_project/air_venv/lib/python3.12/site-packages/airflow/example_dags/tutorial.py
[2025-02-14T22:08:13.704+0600] {processor.py:914} INFO - Processing file /home/shamim/airflow_git/Airflow_project/air_venv/lib/python3.12/site-packages/airflow/example_dags/tutorial.py for tasks to queue
[2025-02-14T22:08:13.708+0600] {logging_mixin.py:190} INFO - [2025-02-14T22:08:13.707+0600] {dagbag.py:588} INFO - Filling up the DagBag from /home/shamim/airflow_git/Airflow_project/air_venv/lib/python3.12/site-packages/airflow/example_dags/tutorial.py
[2025-02-14T22:08:13.727+0600] {processor.py:925} INFO - DAG(s) 'tutorial' retrieved from /home/shamim/airflow_git/Airflow_project/air_venv/lib/python3.12/site-packages/airflow/example_dags/tutorial.py
[2025-02-14T22:08:13.776+0600] {logging_mixin.py:190} INFO - [2025-02-14T22:08:13.776+0600] {dag.py:3239} INFO - Sync 1 DAGs
[2025-02-14T22:08:13.813+0600] {logging_mixin.py:190} INFO - [2025-02-14T22:08:13.812+0600] {dag.py:4180} INFO - Setting next_dagrun for tutorial to 2025-02-13 00:00:00+00:00, run_after=2025-02-14 00:00:00+00:00
[2025-02-14T22:08:13.837+0600] {processor.py:208} INFO - Processing /home/shamim/airflow_git/Airflow_project/air_venv/lib/python3.12/site-packages/airflow/example_dags/tutorial.py took 0.172 seconds
[2025-02-14T22:08:44.236+0600] {processor.py:186} INFO - Started process (PID=579993) to work on /home/shamim/airflow_git/Airflow_project/air_venv/lib/python3.12/site-packages/airflow/example_dags/tutorial.py
[2025-02-14T22:08:44.237+0600] {processor.py:914} INFO - Processing file /home/shamim/airflow_git/Airflow_project/air_venv/lib/python3.12/site-packages/airflow/example_dags/tutorial.py for tasks to queue
[2025-02-14T22:08:44.239+0600] {logging_mixin.py:190} INFO - [2025-02-14T22:08:44.238+0600] {dagbag.py:588} INFO - Filling up the DagBag from /home/shamim/airflow_git/Airflow_project/air_venv/lib/python3.12/site-packages/airflow/example_dags/tutorial.py
[2025-02-14T22:08:44.253+0600] {processor.py:925} INFO - DAG(s) 'tutorial' retrieved from /home/shamim/airflow_git/Airflow_project/air_venv/lib/python3.12/site-packages/airflow/example_dags/tutorial.py
[2025-02-14T22:08:44.311+0600] {logging_mixin.py:190} INFO - [2025-02-14T22:08:44.310+0600] {dag.py:3239} INFO - Sync 1 DAGs
[2025-02-14T22:08:44.357+0600] {logging_mixin.py:190} INFO - [2025-02-14T22:08:44.357+0600] {dag.py:4180} INFO - Setting next_dagrun for tutorial to 2025-02-13 00:00:00+00:00, run_after=2025-02-14 00:00:00+00:00
[2025-02-14T22:08:44.388+0600] {processor.py:208} INFO - Processing /home/shamim/airflow_git/Airflow_project/air_venv/lib/python3.12/site-packages/airflow/example_dags/tutorial.py took 0.163 seconds
[2025-02-14T22:09:14.737+0600] {processor.py:186} INFO - Started process (PID=580401) to work on /home/shamim/airflow_git/Airflow_project/air_venv/lib/python3.12/site-packages/airflow/example_dags/tutorial.py
[2025-02-14T22:09:14.775+0600] {processor.py:914} INFO - Processing file /home/shamim/airflow_git/Airflow_project/air_venv/lib/python3.12/site-packages/airflow/example_dags/tutorial.py for tasks to queue
[2025-02-14T22:09:14.779+0600] {logging_mixin.py:190} INFO - [2025-02-14T22:09:14.778+0600] {dagbag.py:588} INFO - Filling up the DagBag from /home/shamim/airflow_git/Airflow_project/air_venv/lib/python3.12/site-packages/airflow/example_dags/tutorial.py
[2025-02-14T22:09:14.809+0600] {processor.py:925} INFO - DAG(s) 'tutorial' retrieved from /home/shamim/airflow_git/Airflow_project/air_venv/lib/python3.12/site-packages/airflow/example_dags/tutorial.py
[2025-02-14T22:09:14.961+0600] {logging_mixin.py:190} INFO - [2025-02-14T22:09:14.959+0600] {dag.py:3239} INFO - Sync 1 DAGs
[2025-02-14T22:09:15.065+0600] {logging_mixin.py:190} INFO - [2025-02-14T22:09:15.065+0600] {dag.py:4180} INFO - Setting next_dagrun for tutorial to 2025-02-13 00:00:00+00:00, run_after=2025-02-14 00:00:00+00:00
[2025-02-14T22:09:15.127+0600] {processor.py:208} INFO - Processing /home/shamim/airflow_git/Airflow_project/air_venv/lib/python3.12/site-packages/airflow/example_dags/tutorial.py took 0.418 seconds
[2025-02-14T22:09:45.311+0600] {processor.py:186} INFO - Started process (PID=580941) to work on /home/shamim/airflow_git/Airflow_project/air_venv/lib/python3.12/site-packages/airflow/example_dags/tutorial.py
[2025-02-14T22:09:45.313+0600] {processor.py:914} INFO - Processing file /home/shamim/airflow_git/Airflow_project/air_venv/lib/python3.12/site-packages/airflow/example_dags/tutorial.py for tasks to queue
[2025-02-14T22:09:45.317+0600] {logging_mixin.py:190} INFO - [2025-02-14T22:09:45.316+0600] {dagbag.py:588} INFO - Filling up the DagBag from /home/shamim/airflow_git/Airflow_project/air_venv/lib/python3.12/site-packages/airflow/example_dags/tutorial.py
[2025-02-14T22:09:45.357+0600] {processor.py:925} INFO - DAG(s) 'tutorial' retrieved from /home/shamim/airflow_git/Airflow_project/air_venv/lib/python3.12/site-packages/airflow/example_dags/tutorial.py
[2025-02-14T22:09:45.417+0600] {logging_mixin.py:190} INFO - [2025-02-14T22:09:45.416+0600] {dag.py:3239} INFO - Sync 1 DAGs
[2025-02-14T22:09:45.466+0600] {logging_mixin.py:190} INFO - [2025-02-14T22:09:45.466+0600] {dag.py:4180} INFO - Setting next_dagrun for tutorial to 2025-02-13 00:00:00+00:00, run_after=2025-02-14 00:00:00+00:00
[2025-02-14T22:09:45.506+0600] {processor.py:208} INFO - Processing /home/shamim/airflow_git/Airflow_project/air_venv/lib/python3.12/site-packages/airflow/example_dags/tutorial.py took 0.211 seconds
