[2025-02-14T21:56:17.258+0600] {processor.py:186} INFO - Started process (PID=572434) to work on /home/shamim/airflow_git/Airflow_project/air_venv/lib/python3.12/site-packages/airflow/example_dags/tutorial_taskflow_templates.py
[2025-02-14T21:56:17.259+0600] {processor.py:914} INFO - Processing file /home/shamim/airflow_git/Airflow_project/air_venv/lib/python3.12/site-packages/airflow/example_dags/tutorial_taskflow_templates.py for tasks to queue
[2025-02-14T21:56:17.262+0600] {logging_mixin.py:190} INFO - [2025-02-14T21:56:17.261+0600] {dagbag.py:588} INFO - Filling up the DagBag from /home/shamim/airflow_git/Airflow_project/air_venv/lib/python3.12/site-packages/airflow/example_dags/tutorial_taskflow_templates.py
[2025-02-14T21:56:17.296+0600] {processor.py:925} INFO - DAG(s) 'tutorial_taskflow_templates' retrieved from /home/shamim/airflow_git/Airflow_project/air_venv/lib/python3.12/site-packages/airflow/example_dags/tutorial_taskflow_templates.py
[2025-02-14T21:56:17.548+0600] {logging_mixin.py:190} INFO - [2025-02-14T21:56:17.548+0600] {dag.py:3239} INFO - Sync 1 DAGs
[2025-02-14T21:56:17.597+0600] {logging_mixin.py:190} INFO - [2025-02-14T21:56:17.597+0600] {dag.py:4180} INFO - Setting next_dagrun for tutorial_taskflow_templates to 2025-02-13 00:00:00+00:00, run_after=2025-02-14 00:00:00+00:00
[2025-02-14T21:56:17.624+0600] {processor.py:208} INFO - Processing /home/shamim/airflow_git/Airflow_project/air_venv/lib/python3.12/site-packages/airflow/example_dags/tutorial_taskflow_templates.py took 0.383 seconds
[2025-02-14T21:56:48.106+0600] {processor.py:186} INFO - Started process (PID=572857) to work on /home/shamim/airflow_git/Airflow_project/air_venv/lib/python3.12/site-packages/airflow/example_dags/tutorial_taskflow_templates.py
[2025-02-14T21:56:48.107+0600] {processor.py:914} INFO - Processing file /home/shamim/airflow_git/Airflow_project/air_venv/lib/python3.12/site-packages/airflow/example_dags/tutorial_taskflow_templates.py for tasks to queue
[2025-02-14T21:56:48.108+0600] {logging_mixin.py:190} INFO - [2025-02-14T21:56:48.108+0600] {dagbag.py:588} INFO - Filling up the DagBag from /home/shamim/airflow_git/Airflow_project/air_venv/lib/python3.12/site-packages/airflow/example_dags/tutorial_taskflow_templates.py
[2025-02-14T21:56:48.126+0600] {processor.py:925} INFO - DAG(s) 'tutorial_taskflow_templates' retrieved from /home/shamim/airflow_git/Airflow_project/air_venv/lib/python3.12/site-packages/airflow/example_dags/tutorial_taskflow_templates.py
[2025-02-14T21:56:48.170+0600] {logging_mixin.py:190} INFO - [2025-02-14T21:56:48.170+0600] {dag.py:3239} INFO - Sync 1 DAGs
[2025-02-14T21:56:48.208+0600] {logging_mixin.py:190} INFO - [2025-02-14T21:56:48.208+0600] {dag.py:4180} INFO - Setting next_dagrun for tutorial_taskflow_templates to 2025-02-13 00:00:00+00:00, run_after=2025-02-14 00:00:00+00:00
[2025-02-14T21:56:48.232+0600] {processor.py:208} INFO - Processing /home/shamim/airflow_git/Airflow_project/air_venv/lib/python3.12/site-packages/airflow/example_dags/tutorial_taskflow_templates.py took 0.141 seconds
[2025-02-14T21:57:18.562+0600] {processor.py:186} INFO - Started process (PID=573250) to work on /home/shamim/airflow_git/Airflow_project/air_venv/lib/python3.12/site-packages/airflow/example_dags/tutorial_taskflow_templates.py
[2025-02-14T21:57:18.564+0600] {processor.py:914} INFO - Processing file /home/shamim/airflow_git/Airflow_project/air_venv/lib/python3.12/site-packages/airflow/example_dags/tutorial_taskflow_templates.py for tasks to queue
[2025-02-14T21:57:18.566+0600] {logging_mixin.py:190} INFO - [2025-02-14T21:57:18.565+0600] {dagbag.py:588} INFO - Filling up the DagBag from /home/shamim/airflow_git/Airflow_project/air_venv/lib/python3.12/site-packages/airflow/example_dags/tutorial_taskflow_templates.py
[2025-02-14T21:57:18.588+0600] {processor.py:925} INFO - DAG(s) 'tutorial_taskflow_templates' retrieved from /home/shamim/airflow_git/Airflow_project/air_venv/lib/python3.12/site-packages/airflow/example_dags/tutorial_taskflow_templates.py
[2025-02-14T21:57:18.633+0600] {logging_mixin.py:190} INFO - [2025-02-14T21:57:18.633+0600] {dag.py:3239} INFO - Sync 1 DAGs
[2025-02-14T21:57:18.673+0600] {logging_mixin.py:190} INFO - [2025-02-14T21:57:18.673+0600] {dag.py:4180} INFO - Setting next_dagrun for tutorial_taskflow_templates to 2025-02-13 00:00:00+00:00, run_after=2025-02-14 00:00:00+00:00
[2025-02-14T21:57:18.699+0600] {processor.py:208} INFO - Processing /home/shamim/airflow_git/Airflow_project/air_venv/lib/python3.12/site-packages/airflow/example_dags/tutorial_taskflow_templates.py took 0.152 seconds
[2025-02-14T22:02:31.256+0600] {processor.py:186} INFO - Started process (PID=574121) to work on /home/shamim/airflow_git/Airflow_project/air_venv/lib/python3.12/site-packages/airflow/example_dags/tutorial_taskflow_templates.py
[2025-02-14T22:02:31.261+0600] {processor.py:914} INFO - Processing file /home/shamim/airflow_git/Airflow_project/air_venv/lib/python3.12/site-packages/airflow/example_dags/tutorial_taskflow_templates.py for tasks to queue
[2025-02-14T22:02:31.265+0600] {logging_mixin.py:190} INFO - [2025-02-14T22:02:31.264+0600] {dagbag.py:588} INFO - Filling up the DagBag from /home/shamim/airflow_git/Airflow_project/air_venv/lib/python3.12/site-packages/airflow/example_dags/tutorial_taskflow_templates.py
[2025-02-14T22:02:31.286+0600] {processor.py:925} INFO - DAG(s) 'tutorial_taskflow_templates' retrieved from /home/shamim/airflow_git/Airflow_project/air_venv/lib/python3.12/site-packages/airflow/example_dags/tutorial_taskflow_templates.py
[2025-02-14T22:02:31.346+0600] {logging_mixin.py:190} INFO - [2025-02-14T22:02:31.345+0600] {dag.py:3239} INFO - Sync 1 DAGs
[2025-02-14T22:02:31.386+0600] {logging_mixin.py:190} INFO - [2025-02-14T22:02:31.385+0600] {dag.py:4180} INFO - Setting next_dagrun for tutorial_taskflow_templates to 2025-02-13 00:00:00+00:00, run_after=2025-02-14 00:00:00+00:00
[2025-02-14T22:02:31.411+0600] {processor.py:208} INFO - Processing /home/shamim/airflow_git/Airflow_project/air_venv/lib/python3.12/site-packages/airflow/example_dags/tutorial_taskflow_templates.py took 0.165 seconds
[2025-02-14T22:03:01.993+0600] {processor.py:186} INFO - Started process (PID=574578) to work on /home/shamim/airflow_git/Airflow_project/air_venv/lib/python3.12/site-packages/airflow/example_dags/tutorial_taskflow_templates.py
[2025-02-14T22:03:01.995+0600] {processor.py:914} INFO - Processing file /home/shamim/airflow_git/Airflow_project/air_venv/lib/python3.12/site-packages/airflow/example_dags/tutorial_taskflow_templates.py for tasks to queue
[2025-02-14T22:03:01.997+0600] {logging_mixin.py:190} INFO - [2025-02-14T22:03:01.997+0600] {dagbag.py:588} INFO - Filling up the DagBag from /home/shamim/airflow_git/Airflow_project/air_venv/lib/python3.12/site-packages/airflow/example_dags/tutorial_taskflow_templates.py
[2025-02-14T22:03:02.016+0600] {processor.py:925} INFO - DAG(s) 'tutorial_taskflow_templates' retrieved from /home/shamim/airflow_git/Airflow_project/air_venv/lib/python3.12/site-packages/airflow/example_dags/tutorial_taskflow_templates.py
[2025-02-14T22:03:02.054+0600] {logging_mixin.py:190} INFO - [2025-02-14T22:03:02.054+0600] {dag.py:3239} INFO - Sync 1 DAGs
[2025-02-14T22:03:02.090+0600] {logging_mixin.py:190} INFO - [2025-02-14T22:03:02.090+0600] {dag.py:4180} INFO - Setting next_dagrun for tutorial_taskflow_templates to 2025-02-13 00:00:00+00:00, run_after=2025-02-14 00:00:00+00:00
[2025-02-14T22:03:02.114+0600] {processor.py:208} INFO - Processing /home/shamim/airflow_git/Airflow_project/air_venv/lib/python3.12/site-packages/airflow/example_dags/tutorial_taskflow_templates.py took 0.130 seconds
[2025-02-14T22:03:32.417+0600] {processor.py:186} INFO - Started process (PID=574993) to work on /home/shamim/airflow_git/Airflow_project/air_venv/lib/python3.12/site-packages/airflow/example_dags/tutorial_taskflow_templates.py
[2025-02-14T22:03:32.418+0600] {processor.py:914} INFO - Processing file /home/shamim/airflow_git/Airflow_project/air_venv/lib/python3.12/site-packages/airflow/example_dags/tutorial_taskflow_templates.py for tasks to queue
[2025-02-14T22:03:32.421+0600] {logging_mixin.py:190} INFO - [2025-02-14T22:03:32.421+0600] {dagbag.py:588} INFO - Filling up the DagBag from /home/shamim/airflow_git/Airflow_project/air_venv/lib/python3.12/site-packages/airflow/example_dags/tutorial_taskflow_templates.py
[2025-02-14T22:03:32.443+0600] {processor.py:925} INFO - DAG(s) 'tutorial_taskflow_templates' retrieved from /home/shamim/airflow_git/Airflow_project/air_venv/lib/python3.12/site-packages/airflow/example_dags/tutorial_taskflow_templates.py
[2025-02-14T22:03:32.491+0600] {logging_mixin.py:190} INFO - [2025-02-14T22:03:32.491+0600] {dag.py:3239} INFO - Sync 1 DAGs
[2025-02-14T22:03:32.530+0600] {logging_mixin.py:190} INFO - [2025-02-14T22:03:32.529+0600] {dag.py:4180} INFO - Setting next_dagrun for tutorial_taskflow_templates to 2025-02-13 00:00:00+00:00, run_after=2025-02-14 00:00:00+00:00
[2025-02-14T22:03:32.555+0600] {processor.py:208} INFO - Processing /home/shamim/airflow_git/Airflow_project/air_venv/lib/python3.12/site-packages/airflow/example_dags/tutorial_taskflow_templates.py took 0.149 seconds
[2025-02-14T22:04:02.980+0600] {processor.py:186} INFO - Started process (PID=575411) to work on /home/shamim/airflow_git/Airflow_project/air_venv/lib/python3.12/site-packages/airflow/example_dags/tutorial_taskflow_templates.py
[2025-02-14T22:04:02.986+0600] {processor.py:914} INFO - Processing file /home/shamim/airflow_git/Airflow_project/air_venv/lib/python3.12/site-packages/airflow/example_dags/tutorial_taskflow_templates.py for tasks to queue
[2025-02-14T22:04:02.989+0600] {logging_mixin.py:190} INFO - [2025-02-14T22:04:02.988+0600] {dagbag.py:588} INFO - Filling up the DagBag from /home/shamim/airflow_git/Airflow_project/air_venv/lib/python3.12/site-packages/airflow/example_dags/tutorial_taskflow_templates.py
[2025-02-14T22:04:03.009+0600] {processor.py:925} INFO - DAG(s) 'tutorial_taskflow_templates' retrieved from /home/shamim/airflow_git/Airflow_project/air_venv/lib/python3.12/site-packages/airflow/example_dags/tutorial_taskflow_templates.py
[2025-02-14T22:04:03.056+0600] {logging_mixin.py:190} INFO - [2025-02-14T22:04:03.055+0600] {dag.py:3239} INFO - Sync 1 DAGs
[2025-02-14T22:04:03.104+0600] {logging_mixin.py:190} INFO - [2025-02-14T22:04:03.104+0600] {dag.py:4180} INFO - Setting next_dagrun for tutorial_taskflow_templates to 2025-02-13 00:00:00+00:00, run_after=2025-02-14 00:00:00+00:00
[2025-02-14T22:04:03.130+0600] {processor.py:208} INFO - Processing /home/shamim/airflow_git/Airflow_project/air_venv/lib/python3.12/site-packages/airflow/example_dags/tutorial_taskflow_templates.py took 0.158 seconds
[2025-02-14T22:04:33.557+0600] {processor.py:186} INFO - Started process (PID=575836) to work on /home/shamim/airflow_git/Airflow_project/air_venv/lib/python3.12/site-packages/airflow/example_dags/tutorial_taskflow_templates.py
[2025-02-14T22:04:33.559+0600] {processor.py:914} INFO - Processing file /home/shamim/airflow_git/Airflow_project/air_venv/lib/python3.12/site-packages/airflow/example_dags/tutorial_taskflow_templates.py for tasks to queue
[2025-02-14T22:04:33.562+0600] {logging_mixin.py:190} INFO - [2025-02-14T22:04:33.561+0600] {dagbag.py:588} INFO - Filling up the DagBag from /home/shamim/airflow_git/Airflow_project/air_venv/lib/python3.12/site-packages/airflow/example_dags/tutorial_taskflow_templates.py
[2025-02-14T22:04:33.587+0600] {processor.py:925} INFO - DAG(s) 'tutorial_taskflow_templates' retrieved from /home/shamim/airflow_git/Airflow_project/air_venv/lib/python3.12/site-packages/airflow/example_dags/tutorial_taskflow_templates.py
[2025-02-14T22:04:33.636+0600] {logging_mixin.py:190} INFO - [2025-02-14T22:04:33.636+0600] {dag.py:3239} INFO - Sync 1 DAGs
[2025-02-14T22:04:33.676+0600] {logging_mixin.py:190} INFO - [2025-02-14T22:04:33.676+0600] {dag.py:4180} INFO - Setting next_dagrun for tutorial_taskflow_templates to 2025-02-13 00:00:00+00:00, run_after=2025-02-14 00:00:00+00:00
[2025-02-14T22:04:33.705+0600] {processor.py:208} INFO - Processing /home/shamim/airflow_git/Airflow_project/air_venv/lib/python3.12/site-packages/airflow/example_dags/tutorial_taskflow_templates.py took 0.159 seconds
[2025-02-14T22:05:03.836+0600] {processor.py:186} INFO - Started process (PID=576248) to work on /home/shamim/airflow_git/Airflow_project/air_venv/lib/python3.12/site-packages/airflow/example_dags/tutorial_taskflow_templates.py
[2025-02-14T22:05:03.838+0600] {processor.py:914} INFO - Processing file /home/shamim/airflow_git/Airflow_project/air_venv/lib/python3.12/site-packages/airflow/example_dags/tutorial_taskflow_templates.py for tasks to queue
[2025-02-14T22:05:03.841+0600] {logging_mixin.py:190} INFO - [2025-02-14T22:05:03.840+0600] {dagbag.py:588} INFO - Filling up the DagBag from /home/shamim/airflow_git/Airflow_project/air_venv/lib/python3.12/site-packages/airflow/example_dags/tutorial_taskflow_templates.py
[2025-02-14T22:05:03.862+0600] {processor.py:925} INFO - DAG(s) 'tutorial_taskflow_templates' retrieved from /home/shamim/airflow_git/Airflow_project/air_venv/lib/python3.12/site-packages/airflow/example_dags/tutorial_taskflow_templates.py
[2025-02-14T22:05:03.911+0600] {logging_mixin.py:190} INFO - [2025-02-14T22:05:03.911+0600] {dag.py:3239} INFO - Sync 1 DAGs
[2025-02-14T22:05:03.955+0600] {logging_mixin.py:190} INFO - [2025-02-14T22:05:03.955+0600] {dag.py:4180} INFO - Setting next_dagrun for tutorial_taskflow_templates to 2025-02-13 00:00:00+00:00, run_after=2025-02-14 00:00:00+00:00
[2025-02-14T22:05:03.988+0600] {processor.py:208} INFO - Processing /home/shamim/airflow_git/Airflow_project/air_venv/lib/python3.12/site-packages/airflow/example_dags/tutorial_taskflow_templates.py took 0.164 seconds
[2025-02-14T22:05:39.085+0600] {processor.py:186} INFO - Started process (PID=577039) to work on /home/shamim/airflow_git/Airflow_project/air_venv/lib/python3.12/site-packages/airflow/example_dags/tutorial_taskflow_templates.py
[2025-02-14T22:05:39.088+0600] {processor.py:914} INFO - Processing file /home/shamim/airflow_git/Airflow_project/air_venv/lib/python3.12/site-packages/airflow/example_dags/tutorial_taskflow_templates.py for tasks to queue
[2025-02-14T22:05:39.093+0600] {logging_mixin.py:190} INFO - [2025-02-14T22:05:39.093+0600] {dagbag.py:588} INFO - Filling up the DagBag from /home/shamim/airflow_git/Airflow_project/air_venv/lib/python3.12/site-packages/airflow/example_dags/tutorial_taskflow_templates.py
[2025-02-14T22:05:39.155+0600] {processor.py:925} INFO - DAG(s) 'tutorial_taskflow_templates' retrieved from /home/shamim/airflow_git/Airflow_project/air_venv/lib/python3.12/site-packages/airflow/example_dags/tutorial_taskflow_templates.py
[2025-02-14T22:05:39.258+0600] {logging_mixin.py:190} INFO - [2025-02-14T22:05:39.258+0600] {dag.py:3239} INFO - Sync 1 DAGs
[2025-02-14T22:05:39.443+0600] {logging_mixin.py:190} INFO - [2025-02-14T22:05:39.442+0600] {dag.py:4180} INFO - Setting next_dagrun for tutorial_taskflow_templates to 2025-02-13 00:00:00+00:00, run_after=2025-02-14 00:00:00+00:00
[2025-02-14T22:05:39.541+0600] {processor.py:208} INFO - Processing /home/shamim/airflow_git/Airflow_project/air_venv/lib/python3.12/site-packages/airflow/example_dags/tutorial_taskflow_templates.py took 0.475 seconds
[2025-02-14T22:06:09.723+0600] {processor.py:186} INFO - Started process (PID=577535) to work on /home/shamim/airflow_git/Airflow_project/air_venv/lib/python3.12/site-packages/airflow/example_dags/tutorial_taskflow_templates.py
[2025-02-14T22:06:09.725+0600] {processor.py:914} INFO - Processing file /home/shamim/airflow_git/Airflow_project/air_venv/lib/python3.12/site-packages/airflow/example_dags/tutorial_taskflow_templates.py for tasks to queue
[2025-02-14T22:06:09.731+0600] {logging_mixin.py:190} INFO - [2025-02-14T22:06:09.729+0600] {dagbag.py:588} INFO - Filling up the DagBag from /home/shamim/airflow_git/Airflow_project/air_venv/lib/python3.12/site-packages/airflow/example_dags/tutorial_taskflow_templates.py
[2025-02-14T22:06:09.759+0600] {processor.py:925} INFO - DAG(s) 'tutorial_taskflow_templates' retrieved from /home/shamim/airflow_git/Airflow_project/air_venv/lib/python3.12/site-packages/airflow/example_dags/tutorial_taskflow_templates.py
[2025-02-14T22:06:09.825+0600] {logging_mixin.py:190} INFO - [2025-02-14T22:06:09.824+0600] {dag.py:3239} INFO - Sync 1 DAGs
[2025-02-14T22:06:09.882+0600] {logging_mixin.py:190} INFO - [2025-02-14T22:06:09.882+0600] {dag.py:4180} INFO - Setting next_dagrun for tutorial_taskflow_templates to 2025-02-13 00:00:00+00:00, run_after=2025-02-14 00:00:00+00:00
[2025-02-14T22:06:09.919+0600] {processor.py:208} INFO - Processing /home/shamim/airflow_git/Airflow_project/air_venv/lib/python3.12/site-packages/airflow/example_dags/tutorial_taskflow_templates.py took 0.213 seconds
[2025-02-14T22:06:40.673+0600] {processor.py:186} INFO - Started process (PID=578037) to work on /home/shamim/airflow_git/Airflow_project/air_venv/lib/python3.12/site-packages/airflow/example_dags/tutorial_taskflow_templates.py
[2025-02-14T22:06:40.676+0600] {processor.py:914} INFO - Processing file /home/shamim/airflow_git/Airflow_project/air_venv/lib/python3.12/site-packages/airflow/example_dags/tutorial_taskflow_templates.py for tasks to queue
[2025-02-14T22:06:40.682+0600] {logging_mixin.py:190} INFO - [2025-02-14T22:06:40.681+0600] {dagbag.py:588} INFO - Filling up the DagBag from /home/shamim/airflow_git/Airflow_project/air_venv/lib/python3.12/site-packages/airflow/example_dags/tutorial_taskflow_templates.py
[2025-02-14T22:06:40.712+0600] {processor.py:925} INFO - DAG(s) 'tutorial_taskflow_templates' retrieved from /home/shamim/airflow_git/Airflow_project/air_venv/lib/python3.12/site-packages/airflow/example_dags/tutorial_taskflow_templates.py
[2025-02-14T22:06:40.800+0600] {logging_mixin.py:190} INFO - [2025-02-14T22:06:40.800+0600] {dag.py:3239} INFO - Sync 1 DAGs
[2025-02-14T22:06:40.856+0600] {logging_mixin.py:190} INFO - [2025-02-14T22:06:40.856+0600] {dag.py:4180} INFO - Setting next_dagrun for tutorial_taskflow_templates to 2025-02-13 00:00:00+00:00, run_after=2025-02-14 00:00:00+00:00
[2025-02-14T22:06:40.897+0600] {processor.py:208} INFO - Processing /home/shamim/airflow_git/Airflow_project/air_venv/lib/python3.12/site-packages/airflow/example_dags/tutorial_taskflow_templates.py took 0.236 seconds
[2025-02-14T22:07:11.151+0600] {processor.py:186} INFO - Started process (PID=578468) to work on /home/shamim/airflow_git/Airflow_project/air_venv/lib/python3.12/site-packages/airflow/example_dags/tutorial_taskflow_templates.py
[2025-02-14T22:07:11.154+0600] {processor.py:914} INFO - Processing file /home/shamim/airflow_git/Airflow_project/air_venv/lib/python3.12/site-packages/airflow/example_dags/tutorial_taskflow_templates.py for tasks to queue
[2025-02-14T22:07:11.157+0600] {logging_mixin.py:190} INFO - [2025-02-14T22:07:11.157+0600] {dagbag.py:588} INFO - Filling up the DagBag from /home/shamim/airflow_git/Airflow_project/air_venv/lib/python3.12/site-packages/airflow/example_dags/tutorial_taskflow_templates.py
[2025-02-14T22:07:11.178+0600] {processor.py:925} INFO - DAG(s) 'tutorial_taskflow_templates' retrieved from /home/shamim/airflow_git/Airflow_project/air_venv/lib/python3.12/site-packages/airflow/example_dags/tutorial_taskflow_templates.py
[2025-02-14T22:07:11.217+0600] {logging_mixin.py:190} INFO - [2025-02-14T22:07:11.217+0600] {dag.py:3239} INFO - Sync 1 DAGs
[2025-02-14T22:07:11.248+0600] {logging_mixin.py:190} INFO - [2025-02-14T22:07:11.247+0600] {dag.py:4180} INFO - Setting next_dagrun for tutorial_taskflow_templates to 2025-02-13 00:00:00+00:00, run_after=2025-02-14 00:00:00+00:00
[2025-02-14T22:07:11.270+0600] {processor.py:208} INFO - Processing /home/shamim/airflow_git/Airflow_project/air_venv/lib/python3.12/site-packages/airflow/example_dags/tutorial_taskflow_templates.py took 0.129 seconds
[2025-02-14T22:07:41.823+0600] {processor.py:186} INFO - Started process (PID=578994) to work on /home/shamim/airflow_git/Airflow_project/air_venv/lib/python3.12/site-packages/airflow/example_dags/tutorial_taskflow_templates.py
[2025-02-14T22:07:41.824+0600] {processor.py:914} INFO - Processing file /home/shamim/airflow_git/Airflow_project/air_venv/lib/python3.12/site-packages/airflow/example_dags/tutorial_taskflow_templates.py for tasks to queue
[2025-02-14T22:07:41.825+0600] {logging_mixin.py:190} INFO - [2025-02-14T22:07:41.825+0600] {dagbag.py:588} INFO - Filling up the DagBag from /home/shamim/airflow_git/Airflow_project/air_venv/lib/python3.12/site-packages/airflow/example_dags/tutorial_taskflow_templates.py
[2025-02-14T22:07:41.842+0600] {processor.py:925} INFO - DAG(s) 'tutorial_taskflow_templates' retrieved from /home/shamim/airflow_git/Airflow_project/air_venv/lib/python3.12/site-packages/airflow/example_dags/tutorial_taskflow_templates.py
[2025-02-14T22:07:41.879+0600] {logging_mixin.py:190} INFO - [2025-02-14T22:07:41.879+0600] {dag.py:3239} INFO - Sync 1 DAGs
[2025-02-14T22:07:41.910+0600] {logging_mixin.py:190} INFO - [2025-02-14T22:07:41.910+0600] {dag.py:4180} INFO - Setting next_dagrun for tutorial_taskflow_templates to 2025-02-13 00:00:00+00:00, run_after=2025-02-14 00:00:00+00:00
[2025-02-14T22:07:41.933+0600] {processor.py:208} INFO - Processing /home/shamim/airflow_git/Airflow_project/air_venv/lib/python3.12/site-packages/airflow/example_dags/tutorial_taskflow_templates.py took 0.118 seconds
[2025-02-14T22:08:12.603+0600] {processor.py:186} INFO - Started process (PID=579510) to work on /home/shamim/airflow_git/Airflow_project/air_venv/lib/python3.12/site-packages/airflow/example_dags/tutorial_taskflow_templates.py
[2025-02-14T22:08:12.605+0600] {processor.py:914} INFO - Processing file /home/shamim/airflow_git/Airflow_project/air_venv/lib/python3.12/site-packages/airflow/example_dags/tutorial_taskflow_templates.py for tasks to queue
[2025-02-14T22:08:12.606+0600] {logging_mixin.py:190} INFO - [2025-02-14T22:08:12.606+0600] {dagbag.py:588} INFO - Filling up the DagBag from /home/shamim/airflow_git/Airflow_project/air_venv/lib/python3.12/site-packages/airflow/example_dags/tutorial_taskflow_templates.py
[2025-02-14T22:08:12.623+0600] {processor.py:925} INFO - DAG(s) 'tutorial_taskflow_templates' retrieved from /home/shamim/airflow_git/Airflow_project/air_venv/lib/python3.12/site-packages/airflow/example_dags/tutorial_taskflow_templates.py
[2025-02-14T22:08:12.661+0600] {logging_mixin.py:190} INFO - [2025-02-14T22:08:12.661+0600] {dag.py:3239} INFO - Sync 1 DAGs
[2025-02-14T22:08:12.692+0600] {logging_mixin.py:190} INFO - [2025-02-14T22:08:12.692+0600] {dag.py:4180} INFO - Setting next_dagrun for tutorial_taskflow_templates to 2025-02-13 00:00:00+00:00, run_after=2025-02-14 00:00:00+00:00
[2025-02-14T22:08:12.714+0600] {processor.py:208} INFO - Processing /home/shamim/airflow_git/Airflow_project/air_venv/lib/python3.12/site-packages/airflow/example_dags/tutorial_taskflow_templates.py took 0.120 seconds
[2025-02-14T22:08:43.107+0600] {processor.py:186} INFO - Started process (PID=579985) to work on /home/shamim/airflow_git/Airflow_project/air_venv/lib/python3.12/site-packages/airflow/example_dags/tutorial_taskflow_templates.py
[2025-02-14T22:08:43.108+0600] {processor.py:914} INFO - Processing file /home/shamim/airflow_git/Airflow_project/air_venv/lib/python3.12/site-packages/airflow/example_dags/tutorial_taskflow_templates.py for tasks to queue
[2025-02-14T22:08:43.110+0600] {logging_mixin.py:190} INFO - [2025-02-14T22:08:43.109+0600] {dagbag.py:588} INFO - Filling up the DagBag from /home/shamim/airflow_git/Airflow_project/air_venv/lib/python3.12/site-packages/airflow/example_dags/tutorial_taskflow_templates.py
[2025-02-14T22:08:43.136+0600] {processor.py:925} INFO - DAG(s) 'tutorial_taskflow_templates' retrieved from /home/shamim/airflow_git/Airflow_project/air_venv/lib/python3.12/site-packages/airflow/example_dags/tutorial_taskflow_templates.py
[2025-02-14T22:08:43.182+0600] {logging_mixin.py:190} INFO - [2025-02-14T22:08:43.181+0600] {dag.py:3239} INFO - Sync 1 DAGs
[2025-02-14T22:08:43.218+0600] {logging_mixin.py:190} INFO - [2025-02-14T22:08:43.218+0600] {dag.py:4180} INFO - Setting next_dagrun for tutorial_taskflow_templates to 2025-02-13 00:00:00+00:00, run_after=2025-02-14 00:00:00+00:00
[2025-02-14T22:08:43.239+0600] {processor.py:208} INFO - Processing /home/shamim/airflow_git/Airflow_project/air_venv/lib/python3.12/site-packages/airflow/example_dags/tutorial_taskflow_templates.py took 0.143 seconds
[2025-02-14T22:09:14.547+0600] {processor.py:186} INFO - Started process (PID=580395) to work on /home/shamim/airflow_git/Airflow_project/air_venv/lib/python3.12/site-packages/airflow/example_dags/tutorial_taskflow_templates.py
[2025-02-14T22:09:14.579+0600] {processor.py:914} INFO - Processing file /home/shamim/airflow_git/Airflow_project/air_venv/lib/python3.12/site-packages/airflow/example_dags/tutorial_taskflow_templates.py for tasks to queue
[2025-02-14T22:09:14.581+0600] {logging_mixin.py:190} INFO - [2025-02-14T22:09:14.580+0600] {dagbag.py:588} INFO - Filling up the DagBag from /home/shamim/airflow_git/Airflow_project/air_venv/lib/python3.12/site-packages/airflow/example_dags/tutorial_taskflow_templates.py
[2025-02-14T22:09:14.620+0600] {processor.py:925} INFO - DAG(s) 'tutorial_taskflow_templates' retrieved from /home/shamim/airflow_git/Airflow_project/air_venv/lib/python3.12/site-packages/airflow/example_dags/tutorial_taskflow_templates.py
[2025-02-14T22:09:14.692+0600] {logging_mixin.py:190} INFO - [2025-02-14T22:09:14.692+0600] {dag.py:3239} INFO - Sync 1 DAGs
[2025-02-14T22:09:14.760+0600] {logging_mixin.py:190} INFO - [2025-02-14T22:09:14.760+0600] {dag.py:4180} INFO - Setting next_dagrun for tutorial_taskflow_templates to 2025-02-13 00:00:00+00:00, run_after=2025-02-14 00:00:00+00:00
[2025-02-14T22:09:14.820+0600] {processor.py:208} INFO - Processing /home/shamim/airflow_git/Airflow_project/air_venv/lib/python3.12/site-packages/airflow/example_dags/tutorial_taskflow_templates.py took 0.314 seconds
[2025-02-14T22:09:45.048+0600] {processor.py:186} INFO - Started process (PID=580935) to work on /home/shamim/airflow_git/Airflow_project/air_venv/lib/python3.12/site-packages/airflow/example_dags/tutorial_taskflow_templates.py
[2025-02-14T22:09:45.051+0600] {processor.py:914} INFO - Processing file /home/shamim/airflow_git/Airflow_project/air_venv/lib/python3.12/site-packages/airflow/example_dags/tutorial_taskflow_templates.py for tasks to queue
[2025-02-14T22:09:45.053+0600] {logging_mixin.py:190} INFO - [2025-02-14T22:09:45.053+0600] {dagbag.py:588} INFO - Filling up the DagBag from /home/shamim/airflow_git/Airflow_project/air_venv/lib/python3.12/site-packages/airflow/example_dags/tutorial_taskflow_templates.py
[2025-02-14T22:09:45.079+0600] {processor.py:925} INFO - DAG(s) 'tutorial_taskflow_templates' retrieved from /home/shamim/airflow_git/Airflow_project/air_venv/lib/python3.12/site-packages/airflow/example_dags/tutorial_taskflow_templates.py
[2025-02-14T22:09:45.132+0600] {logging_mixin.py:190} INFO - [2025-02-14T22:09:45.131+0600] {dag.py:3239} INFO - Sync 1 DAGs
[2025-02-14T22:09:45.186+0600] {logging_mixin.py:190} INFO - [2025-02-14T22:09:45.186+0600] {dag.py:4180} INFO - Setting next_dagrun for tutorial_taskflow_templates to 2025-02-13 00:00:00+00:00, run_after=2025-02-14 00:00:00+00:00
[2025-02-14T22:09:45.236+0600] {processor.py:208} INFO - Processing /home/shamim/airflow_git/Airflow_project/air_venv/lib/python3.12/site-packages/airflow/example_dags/tutorial_taskflow_templates.py took 0.196 seconds
