[2025-02-14T21:56:16.816+0600] {processor.py:186} INFO - Started process (PID=572410) to work on /home/shamim/airflow_git/Airflow_project/air_venv/lib/python3.12/site-packages/airflow/example_dags/tutorial_taskflow_api.py
[2025-02-14T21:56:16.817+0600] {processor.py:914} INFO - Processing file /home/shamim/airflow_git/Airflow_project/air_venv/lib/python3.12/site-packages/airflow/example_dags/tutorial_taskflow_api.py for tasks to queue
[2025-02-14T21:56:16.818+0600] {logging_mixin.py:190} INFO - [2025-02-14T21:56:16.818+0600] {dagbag.py:588} INFO - Filling up the DagBag from /home/shamim/airflow_git/Airflow_project/air_venv/lib/python3.12/site-packages/airflow/example_dags/tutorial_taskflow_api.py
[2025-02-14T21:56:16.835+0600] {processor.py:925} INFO - DAG(s) 'tutorial_taskflow_api' retrieved from /home/shamim/airflow_git/Airflow_project/air_venv/lib/python3.12/site-packages/airflow/example_dags/tutorial_taskflow_api.py
[2025-02-14T21:56:17.056+0600] {logging_mixin.py:190} INFO - [2025-02-14T21:56:17.056+0600] {dag.py:3239} INFO - Sync 1 DAGs
[2025-02-14T21:56:17.078+0600] {logging_mixin.py:190} INFO - [2025-02-14T21:56:17.077+0600] {dag.py:4180} INFO - Setting next_dagrun for tutorial_taskflow_api to None, run_after=None
[2025-02-14T21:56:17.109+0600] {processor.py:208} INFO - Processing /home/shamim/airflow_git/Airflow_project/air_venv/lib/python3.12/site-packages/airflow/example_dags/tutorial_taskflow_api.py took 0.311 seconds
[2025-02-14T21:56:47.733+0600] {processor.py:186} INFO - Started process (PID=572830) to work on /home/shamim/airflow_git/Airflow_project/air_venv/lib/python3.12/site-packages/airflow/example_dags/tutorial_taskflow_api.py
[2025-02-14T21:56:47.734+0600] {processor.py:914} INFO - Processing file /home/shamim/airflow_git/Airflow_project/air_venv/lib/python3.12/site-packages/airflow/example_dags/tutorial_taskflow_api.py for tasks to queue
[2025-02-14T21:56:47.736+0600] {logging_mixin.py:190} INFO - [2025-02-14T21:56:47.735+0600] {dagbag.py:588} INFO - Filling up the DagBag from /home/shamim/airflow_git/Airflow_project/air_venv/lib/python3.12/site-packages/airflow/example_dags/tutorial_taskflow_api.py
[2025-02-14T21:56:47.750+0600] {processor.py:925} INFO - DAG(s) 'tutorial_taskflow_api' retrieved from /home/shamim/airflow_git/Airflow_project/air_venv/lib/python3.12/site-packages/airflow/example_dags/tutorial_taskflow_api.py
[2025-02-14T21:56:47.795+0600] {logging_mixin.py:190} INFO - [2025-02-14T21:56:47.794+0600] {dag.py:3239} INFO - Sync 1 DAGs
[2025-02-14T21:56:47.813+0600] {logging_mixin.py:190} INFO - [2025-02-14T21:56:47.813+0600] {dag.py:4180} INFO - Setting next_dagrun for tutorial_taskflow_api to None, run_after=None
[2025-02-14T21:56:47.837+0600] {processor.py:208} INFO - Processing /home/shamim/airflow_git/Airflow_project/air_venv/lib/python3.12/site-packages/airflow/example_dags/tutorial_taskflow_api.py took 0.116 seconds
[2025-02-14T21:57:18.303+0600] {processor.py:186} INFO - Started process (PID=573229) to work on /home/shamim/airflow_git/Airflow_project/air_venv/lib/python3.12/site-packages/airflow/example_dags/tutorial_taskflow_api.py
[2025-02-14T21:57:18.304+0600] {processor.py:914} INFO - Processing file /home/shamim/airflow_git/Airflow_project/air_venv/lib/python3.12/site-packages/airflow/example_dags/tutorial_taskflow_api.py for tasks to queue
[2025-02-14T21:57:18.306+0600] {logging_mixin.py:190} INFO - [2025-02-14T21:57:18.305+0600] {dagbag.py:588} INFO - Filling up the DagBag from /home/shamim/airflow_git/Airflow_project/air_venv/lib/python3.12/site-packages/airflow/example_dags/tutorial_taskflow_api.py
[2025-02-14T21:57:18.320+0600] {processor.py:925} INFO - DAG(s) 'tutorial_taskflow_api' retrieved from /home/shamim/airflow_git/Airflow_project/air_venv/lib/python3.12/site-packages/airflow/example_dags/tutorial_taskflow_api.py
[2025-02-14T21:57:18.375+0600] {logging_mixin.py:190} INFO - [2025-02-14T21:57:18.374+0600] {dag.py:3239} INFO - Sync 1 DAGs
[2025-02-14T21:57:18.398+0600] {logging_mixin.py:190} INFO - [2025-02-14T21:57:18.397+0600] {dag.py:4180} INFO - Setting next_dagrun for tutorial_taskflow_api to None, run_after=None
[2025-02-14T21:57:18.422+0600] {processor.py:208} INFO - Processing /home/shamim/airflow_git/Airflow_project/air_venv/lib/python3.12/site-packages/airflow/example_dags/tutorial_taskflow_api.py took 0.134 seconds
[2025-02-14T22:02:30.905+0600] {processor.py:186} INFO - Started process (PID=574097) to work on /home/shamim/airflow_git/Airflow_project/air_venv/lib/python3.12/site-packages/airflow/example_dags/tutorial_taskflow_api.py
[2025-02-14T22:02:30.907+0600] {processor.py:914} INFO - Processing file /home/shamim/airflow_git/Airflow_project/air_venv/lib/python3.12/site-packages/airflow/example_dags/tutorial_taskflow_api.py for tasks to queue
[2025-02-14T22:02:30.910+0600] {logging_mixin.py:190} INFO - [2025-02-14T22:02:30.910+0600] {dagbag.py:588} INFO - Filling up the DagBag from /home/shamim/airflow_git/Airflow_project/air_venv/lib/python3.12/site-packages/airflow/example_dags/tutorial_taskflow_api.py
[2025-02-14T22:02:30.925+0600] {processor.py:925} INFO - DAG(s) 'tutorial_taskflow_api' retrieved from /home/shamim/airflow_git/Airflow_project/air_venv/lib/python3.12/site-packages/airflow/example_dags/tutorial_taskflow_api.py
[2025-02-14T22:02:30.982+0600] {logging_mixin.py:190} INFO - [2025-02-14T22:02:30.981+0600] {dag.py:3239} INFO - Sync 1 DAGs
[2025-02-14T22:02:31.009+0600] {logging_mixin.py:190} INFO - [2025-02-14T22:02:31.009+0600] {dag.py:4180} INFO - Setting next_dagrun for tutorial_taskflow_api to None, run_after=None
[2025-02-14T22:02:31.042+0600] {processor.py:208} INFO - Processing /home/shamim/airflow_git/Airflow_project/air_venv/lib/python3.12/site-packages/airflow/example_dags/tutorial_taskflow_api.py took 0.146 seconds
[2025-02-14T22:03:01.442+0600] {processor.py:186} INFO - Started process (PID=574547) to work on /home/shamim/airflow_git/Airflow_project/air_venv/lib/python3.12/site-packages/airflow/example_dags/tutorial_taskflow_api.py
[2025-02-14T22:03:01.445+0600] {processor.py:914} INFO - Processing file /home/shamim/airflow_git/Airflow_project/air_venv/lib/python3.12/site-packages/airflow/example_dags/tutorial_taskflow_api.py for tasks to queue
[2025-02-14T22:03:01.447+0600] {logging_mixin.py:190} INFO - [2025-02-14T22:03:01.447+0600] {dagbag.py:588} INFO - Filling up the DagBag from /home/shamim/airflow_git/Airflow_project/air_venv/lib/python3.12/site-packages/airflow/example_dags/tutorial_taskflow_api.py
[2025-02-14T22:03:01.459+0600] {processor.py:925} INFO - DAG(s) 'tutorial_taskflow_api' retrieved from /home/shamim/airflow_git/Airflow_project/air_venv/lib/python3.12/site-packages/airflow/example_dags/tutorial_taskflow_api.py
[2025-02-14T22:03:01.499+0600] {logging_mixin.py:190} INFO - [2025-02-14T22:03:01.499+0600] {dag.py:3239} INFO - Sync 1 DAGs
[2025-02-14T22:03:01.523+0600] {logging_mixin.py:190} INFO - [2025-02-14T22:03:01.523+0600] {dag.py:4180} INFO - Setting next_dagrun for tutorial_taskflow_api to None, run_after=None
[2025-02-14T22:03:01.551+0600] {processor.py:208} INFO - Processing /home/shamim/airflow_git/Airflow_project/air_venv/lib/python3.12/site-packages/airflow/example_dags/tutorial_taskflow_api.py took 0.119 seconds
[2025-02-14T22:03:32.178+0600] {processor.py:186} INFO - Started process (PID=574972) to work on /home/shamim/airflow_git/Airflow_project/air_venv/lib/python3.12/site-packages/airflow/example_dags/tutorial_taskflow_api.py
[2025-02-14T22:03:32.183+0600] {processor.py:914} INFO - Processing file /home/shamim/airflow_git/Airflow_project/air_venv/lib/python3.12/site-packages/airflow/example_dags/tutorial_taskflow_api.py for tasks to queue
[2025-02-14T22:03:32.186+0600] {logging_mixin.py:190} INFO - [2025-02-14T22:03:32.186+0600] {dagbag.py:588} INFO - Filling up the DagBag from /home/shamim/airflow_git/Airflow_project/air_venv/lib/python3.12/site-packages/airflow/example_dags/tutorial_taskflow_api.py
[2025-02-14T22:03:32.201+0600] {processor.py:925} INFO - DAG(s) 'tutorial_taskflow_api' retrieved from /home/shamim/airflow_git/Airflow_project/air_venv/lib/python3.12/site-packages/airflow/example_dags/tutorial_taskflow_api.py
[2025-02-14T22:03:32.241+0600] {logging_mixin.py:190} INFO - [2025-02-14T22:03:32.241+0600] {dag.py:3239} INFO - Sync 1 DAGs
[2025-02-14T22:03:32.262+0600] {logging_mixin.py:190} INFO - [2025-02-14T22:03:32.262+0600] {dag.py:4180} INFO - Setting next_dagrun for tutorial_taskflow_api to None, run_after=None
[2025-02-14T22:03:32.287+0600] {processor.py:208} INFO - Processing /home/shamim/airflow_git/Airflow_project/air_venv/lib/python3.12/site-packages/airflow/example_dags/tutorial_taskflow_api.py took 0.120 seconds
[2025-02-14T22:04:02.574+0600] {processor.py:186} INFO - Started process (PID=575385) to work on /home/shamim/airflow_git/Airflow_project/air_venv/lib/python3.12/site-packages/airflow/example_dags/tutorial_taskflow_api.py
[2025-02-14T22:04:02.576+0600] {processor.py:914} INFO - Processing file /home/shamim/airflow_git/Airflow_project/air_venv/lib/python3.12/site-packages/airflow/example_dags/tutorial_taskflow_api.py for tasks to queue
[2025-02-14T22:04:02.579+0600] {logging_mixin.py:190} INFO - [2025-02-14T22:04:02.579+0600] {dagbag.py:588} INFO - Filling up the DagBag from /home/shamim/airflow_git/Airflow_project/air_venv/lib/python3.12/site-packages/airflow/example_dags/tutorial_taskflow_api.py
[2025-02-14T22:04:02.601+0600] {processor.py:925} INFO - DAG(s) 'tutorial_taskflow_api' retrieved from /home/shamim/airflow_git/Airflow_project/air_venv/lib/python3.12/site-packages/airflow/example_dags/tutorial_taskflow_api.py
[2025-02-14T22:04:02.642+0600] {logging_mixin.py:190} INFO - [2025-02-14T22:04:02.642+0600] {dag.py:3239} INFO - Sync 1 DAGs
[2025-02-14T22:04:02.663+0600] {logging_mixin.py:190} INFO - [2025-02-14T22:04:02.663+0600] {dag.py:4180} INFO - Setting next_dagrun for tutorial_taskflow_api to None, run_after=None
[2025-02-14T22:04:02.688+0600] {processor.py:208} INFO - Processing /home/shamim/airflow_git/Airflow_project/air_venv/lib/python3.12/site-packages/airflow/example_dags/tutorial_taskflow_api.py took 0.126 seconds
[2025-02-14T22:04:32.849+0600] {processor.py:186} INFO - Started process (PID=575805) to work on /home/shamim/airflow_git/Airflow_project/air_venv/lib/python3.12/site-packages/airflow/example_dags/tutorial_taskflow_api.py
[2025-02-14T22:04:32.851+0600] {processor.py:914} INFO - Processing file /home/shamim/airflow_git/Airflow_project/air_venv/lib/python3.12/site-packages/airflow/example_dags/tutorial_taskflow_api.py for tasks to queue
[2025-02-14T22:04:32.854+0600] {logging_mixin.py:190} INFO - [2025-02-14T22:04:32.854+0600] {dagbag.py:588} INFO - Filling up the DagBag from /home/shamim/airflow_git/Airflow_project/air_venv/lib/python3.12/site-packages/airflow/example_dags/tutorial_taskflow_api.py
[2025-02-14T22:04:32.870+0600] {processor.py:925} INFO - DAG(s) 'tutorial_taskflow_api' retrieved from /home/shamim/airflow_git/Airflow_project/air_venv/lib/python3.12/site-packages/airflow/example_dags/tutorial_taskflow_api.py
[2025-02-14T22:04:32.919+0600] {logging_mixin.py:190} INFO - [2025-02-14T22:04:32.919+0600] {dag.py:3239} INFO - Sync 1 DAGs
[2025-02-14T22:04:32.944+0600] {logging_mixin.py:190} INFO - [2025-02-14T22:04:32.944+0600] {dag.py:4180} INFO - Setting next_dagrun for tutorial_taskflow_api to None, run_after=None
[2025-02-14T22:04:32.979+0600] {processor.py:208} INFO - Processing /home/shamim/airflow_git/Airflow_project/air_venv/lib/python3.12/site-packages/airflow/example_dags/tutorial_taskflow_api.py took 0.140 seconds
[2025-02-14T22:05:03.231+0600] {processor.py:186} INFO - Started process (PID=576216) to work on /home/shamim/airflow_git/Airflow_project/air_venv/lib/python3.12/site-packages/airflow/example_dags/tutorial_taskflow_api.py
[2025-02-14T22:05:03.232+0600] {processor.py:914} INFO - Processing file /home/shamim/airflow_git/Airflow_project/air_venv/lib/python3.12/site-packages/airflow/example_dags/tutorial_taskflow_api.py for tasks to queue
[2025-02-14T22:05:03.235+0600] {logging_mixin.py:190} INFO - [2025-02-14T22:05:03.235+0600] {dagbag.py:588} INFO - Filling up the DagBag from /home/shamim/airflow_git/Airflow_project/air_venv/lib/python3.12/site-packages/airflow/example_dags/tutorial_taskflow_api.py
[2025-02-14T22:05:03.247+0600] {processor.py:925} INFO - DAG(s) 'tutorial_taskflow_api' retrieved from /home/shamim/airflow_git/Airflow_project/air_venv/lib/python3.12/site-packages/airflow/example_dags/tutorial_taskflow_api.py
[2025-02-14T22:05:03.292+0600] {logging_mixin.py:190} INFO - [2025-02-14T22:05:03.292+0600] {dag.py:3239} INFO - Sync 1 DAGs
[2025-02-14T22:05:03.314+0600] {logging_mixin.py:190} INFO - [2025-02-14T22:05:03.313+0600] {dag.py:4180} INFO - Setting next_dagrun for tutorial_taskflow_api to None, run_after=None
[2025-02-14T22:05:03.342+0600] {processor.py:208} INFO - Processing /home/shamim/airflow_git/Airflow_project/air_venv/lib/python3.12/site-packages/airflow/example_dags/tutorial_taskflow_api.py took 0.121 seconds
[2025-02-14T22:05:37.635+0600] {processor.py:186} INFO - Started process (PID=577016) to work on /home/shamim/airflow_git/Airflow_project/air_venv/lib/python3.12/site-packages/airflow/example_dags/tutorial_taskflow_api.py
[2025-02-14T22:05:37.640+0600] {processor.py:914} INFO - Processing file /home/shamim/airflow_git/Airflow_project/air_venv/lib/python3.12/site-packages/airflow/example_dags/tutorial_taskflow_api.py for tasks to queue
[2025-02-14T22:05:37.658+0600] {logging_mixin.py:190} INFO - [2025-02-14T22:05:37.657+0600] {dagbag.py:588} INFO - Filling up the DagBag from /home/shamim/airflow_git/Airflow_project/air_venv/lib/python3.12/site-packages/airflow/example_dags/tutorial_taskflow_api.py
[2025-02-14T22:05:37.764+0600] {processor.py:925} INFO - DAG(s) 'tutorial_taskflow_api' retrieved from /home/shamim/airflow_git/Airflow_project/air_venv/lib/python3.12/site-packages/airflow/example_dags/tutorial_taskflow_api.py
[2025-02-14T22:05:37.887+0600] {logging_mixin.py:190} INFO - [2025-02-14T22:05:37.886+0600] {dag.py:3239} INFO - Sync 1 DAGs
[2025-02-14T22:05:37.930+0600] {logging_mixin.py:190} INFO - [2025-02-14T22:05:37.929+0600] {dag.py:4180} INFO - Setting next_dagrun for tutorial_taskflow_api to None, run_after=None
[2025-02-14T22:05:37.986+0600] {processor.py:208} INFO - Processing /home/shamim/airflow_git/Airflow_project/air_venv/lib/python3.12/site-packages/airflow/example_dags/tutorial_taskflow_api.py took 0.419 seconds
[2025-02-14T22:06:08.405+0600] {processor.py:186} INFO - Started process (PID=577505) to work on /home/shamim/airflow_git/Airflow_project/air_venv/lib/python3.12/site-packages/airflow/example_dags/tutorial_taskflow_api.py
[2025-02-14T22:06:08.406+0600] {processor.py:914} INFO - Processing file /home/shamim/airflow_git/Airflow_project/air_venv/lib/python3.12/site-packages/airflow/example_dags/tutorial_taskflow_api.py for tasks to queue
[2025-02-14T22:06:08.410+0600] {logging_mixin.py:190} INFO - [2025-02-14T22:06:08.410+0600] {dagbag.py:588} INFO - Filling up the DagBag from /home/shamim/airflow_git/Airflow_project/air_venv/lib/python3.12/site-packages/airflow/example_dags/tutorial_taskflow_api.py
[2025-02-14T22:06:08.428+0600] {processor.py:925} INFO - DAG(s) 'tutorial_taskflow_api' retrieved from /home/shamim/airflow_git/Airflow_project/air_venv/lib/python3.12/site-packages/airflow/example_dags/tutorial_taskflow_api.py
[2025-02-14T22:06:08.500+0600] {logging_mixin.py:190} INFO - [2025-02-14T22:06:08.499+0600] {dag.py:3239} INFO - Sync 1 DAGs
[2025-02-14T22:06:08.536+0600] {logging_mixin.py:190} INFO - [2025-02-14T22:06:08.536+0600] {dag.py:4180} INFO - Setting next_dagrun for tutorial_taskflow_api to None, run_after=None
[2025-02-14T22:06:08.591+0600] {processor.py:208} INFO - Processing /home/shamim/airflow_git/Airflow_project/air_venv/lib/python3.12/site-packages/airflow/example_dags/tutorial_taskflow_api.py took 0.199 seconds
[2025-02-14T22:06:38.983+0600] {processor.py:186} INFO - Started process (PID=577996) to work on /home/shamim/airflow_git/Airflow_project/air_venv/lib/python3.12/site-packages/airflow/example_dags/tutorial_taskflow_api.py
[2025-02-14T22:06:38.985+0600] {processor.py:914} INFO - Processing file /home/shamim/airflow_git/Airflow_project/air_venv/lib/python3.12/site-packages/airflow/example_dags/tutorial_taskflow_api.py for tasks to queue
[2025-02-14T22:06:38.990+0600] {logging_mixin.py:190} INFO - [2025-02-14T22:06:38.990+0600] {dagbag.py:588} INFO - Filling up the DagBag from /home/shamim/airflow_git/Airflow_project/air_venv/lib/python3.12/site-packages/airflow/example_dags/tutorial_taskflow_api.py
[2025-02-14T22:06:39.008+0600] {processor.py:925} INFO - DAG(s) 'tutorial_taskflow_api' retrieved from /home/shamim/airflow_git/Airflow_project/air_venv/lib/python3.12/site-packages/airflow/example_dags/tutorial_taskflow_api.py
[2025-02-14T22:06:39.056+0600] {logging_mixin.py:190} INFO - [2025-02-14T22:06:39.056+0600] {dag.py:3239} INFO - Sync 1 DAGs
[2025-02-14T22:06:39.081+0600] {logging_mixin.py:190} INFO - [2025-02-14T22:06:39.080+0600] {dag.py:4180} INFO - Setting next_dagrun for tutorial_taskflow_api to None, run_after=None
[2025-02-14T22:06:39.105+0600] {processor.py:208} INFO - Processing /home/shamim/airflow_git/Airflow_project/air_venv/lib/python3.12/site-packages/airflow/example_dags/tutorial_taskflow_api.py took 0.139 seconds
[2025-02-14T22:07:09.320+0600] {processor.py:186} INFO - Started process (PID=578425) to work on /home/shamim/airflow_git/Airflow_project/air_venv/lib/python3.12/site-packages/airflow/example_dags/tutorial_taskflow_api.py
[2025-02-14T22:07:09.321+0600] {processor.py:914} INFO - Processing file /home/shamim/airflow_git/Airflow_project/air_venv/lib/python3.12/site-packages/airflow/example_dags/tutorial_taskflow_api.py for tasks to queue
[2025-02-14T22:07:09.325+0600] {logging_mixin.py:190} INFO - [2025-02-14T22:07:09.324+0600] {dagbag.py:588} INFO - Filling up the DagBag from /home/shamim/airflow_git/Airflow_project/air_venv/lib/python3.12/site-packages/airflow/example_dags/tutorial_taskflow_api.py
[2025-02-14T22:07:09.342+0600] {processor.py:925} INFO - DAG(s) 'tutorial_taskflow_api' retrieved from /home/shamim/airflow_git/Airflow_project/air_venv/lib/python3.12/site-packages/airflow/example_dags/tutorial_taskflow_api.py
[2025-02-14T22:07:09.394+0600] {logging_mixin.py:190} INFO - [2025-02-14T22:07:09.394+0600] {dag.py:3239} INFO - Sync 1 DAGs
[2025-02-14T22:07:09.422+0600] {logging_mixin.py:190} INFO - [2025-02-14T22:07:09.422+0600] {dag.py:4180} INFO - Setting next_dagrun for tutorial_taskflow_api to None, run_after=None
[2025-02-14T22:07:09.454+0600] {processor.py:208} INFO - Processing /home/shamim/airflow_git/Airflow_project/air_venv/lib/python3.12/site-packages/airflow/example_dags/tutorial_taskflow_api.py took 0.147 seconds
[2025-02-14T22:07:40.173+0600] {processor.py:186} INFO - Started process (PID=578952) to work on /home/shamim/airflow_git/Airflow_project/air_venv/lib/python3.12/site-packages/airflow/example_dags/tutorial_taskflow_api.py
[2025-02-14T22:07:40.176+0600] {processor.py:914} INFO - Processing file /home/shamim/airflow_git/Airflow_project/air_venv/lib/python3.12/site-packages/airflow/example_dags/tutorial_taskflow_api.py for tasks to queue
[2025-02-14T22:07:40.178+0600] {logging_mixin.py:190} INFO - [2025-02-14T22:07:40.178+0600] {dagbag.py:588} INFO - Filling up the DagBag from /home/shamim/airflow_git/Airflow_project/air_venv/lib/python3.12/site-packages/airflow/example_dags/tutorial_taskflow_api.py
[2025-02-14T22:07:40.211+0600] {processor.py:925} INFO - DAG(s) 'tutorial_taskflow_api' retrieved from /home/shamim/airflow_git/Airflow_project/air_venv/lib/python3.12/site-packages/airflow/example_dags/tutorial_taskflow_api.py
[2025-02-14T22:07:40.280+0600] {logging_mixin.py:190} INFO - [2025-02-14T22:07:40.280+0600] {dag.py:3239} INFO - Sync 1 DAGs
[2025-02-14T22:07:40.338+0600] {logging_mixin.py:190} INFO - [2025-02-14T22:07:40.337+0600] {dag.py:4180} INFO - Setting next_dagrun for tutorial_taskflow_api to None, run_after=None
[2025-02-14T22:07:40.379+0600] {processor.py:208} INFO - Processing /home/shamim/airflow_git/Airflow_project/air_venv/lib/python3.12/site-packages/airflow/example_dags/tutorial_taskflow_api.py took 0.219 seconds
[2025-02-14T22:08:11.011+0600] {processor.py:186} INFO - Started process (PID=579468) to work on /home/shamim/airflow_git/Airflow_project/air_venv/lib/python3.12/site-packages/airflow/example_dags/tutorial_taskflow_api.py
[2025-02-14T22:08:11.012+0600] {processor.py:914} INFO - Processing file /home/shamim/airflow_git/Airflow_project/air_venv/lib/python3.12/site-packages/airflow/example_dags/tutorial_taskflow_api.py for tasks to queue
[2025-02-14T22:08:11.014+0600] {logging_mixin.py:190} INFO - [2025-02-14T22:08:11.013+0600] {dagbag.py:588} INFO - Filling up the DagBag from /home/shamim/airflow_git/Airflow_project/air_venv/lib/python3.12/site-packages/airflow/example_dags/tutorial_taskflow_api.py
[2025-02-14T22:08:11.025+0600] {processor.py:925} INFO - DAG(s) 'tutorial_taskflow_api' retrieved from /home/shamim/airflow_git/Airflow_project/air_venv/lib/python3.12/site-packages/airflow/example_dags/tutorial_taskflow_api.py
[2025-02-14T22:08:11.066+0600] {logging_mixin.py:190} INFO - [2025-02-14T22:08:11.066+0600] {dag.py:3239} INFO - Sync 1 DAGs
[2025-02-14T22:08:11.090+0600] {logging_mixin.py:190} INFO - [2025-02-14T22:08:11.089+0600] {dag.py:4180} INFO - Setting next_dagrun for tutorial_taskflow_api to None, run_after=None
[2025-02-14T22:08:11.124+0600] {processor.py:208} INFO - Processing /home/shamim/airflow_git/Airflow_project/air_venv/lib/python3.12/site-packages/airflow/example_dags/tutorial_taskflow_api.py took 0.122 seconds
[2025-02-14T22:08:41.383+0600] {processor.py:186} INFO - Started process (PID=579953) to work on /home/shamim/airflow_git/Airflow_project/air_venv/lib/python3.12/site-packages/airflow/example_dags/tutorial_taskflow_api.py
[2025-02-14T22:08:41.387+0600] {processor.py:914} INFO - Processing file /home/shamim/airflow_git/Airflow_project/air_venv/lib/python3.12/site-packages/airflow/example_dags/tutorial_taskflow_api.py for tasks to queue
[2025-02-14T22:08:41.401+0600] {logging_mixin.py:190} INFO - [2025-02-14T22:08:41.396+0600] {dagbag.py:588} INFO - Filling up the DagBag from /home/shamim/airflow_git/Airflow_project/air_venv/lib/python3.12/site-packages/airflow/example_dags/tutorial_taskflow_api.py
[2025-02-14T22:08:41.432+0600] {processor.py:925} INFO - DAG(s) 'tutorial_taskflow_api' retrieved from /home/shamim/airflow_git/Airflow_project/air_venv/lib/python3.12/site-packages/airflow/example_dags/tutorial_taskflow_api.py
[2025-02-14T22:08:41.557+0600] {logging_mixin.py:190} INFO - [2025-02-14T22:08:41.556+0600] {dag.py:3239} INFO - Sync 1 DAGs
[2025-02-14T22:08:41.684+0600] {logging_mixin.py:190} INFO - [2025-02-14T22:08:41.683+0600] {dag.py:4180} INFO - Setting next_dagrun for tutorial_taskflow_api to None, run_after=None
[2025-02-14T22:08:41.758+0600] {processor.py:208} INFO - Processing /home/shamim/airflow_git/Airflow_project/air_venv/lib/python3.12/site-packages/airflow/example_dags/tutorial_taskflow_api.py took 0.401 seconds
[2025-02-14T22:09:12.330+0600] {processor.py:186} INFO - Started process (PID=580356) to work on /home/shamim/airflow_git/Airflow_project/air_venv/lib/python3.12/site-packages/airflow/example_dags/tutorial_taskflow_api.py
[2025-02-14T22:09:12.339+0600] {processor.py:914} INFO - Processing file /home/shamim/airflow_git/Airflow_project/air_venv/lib/python3.12/site-packages/airflow/example_dags/tutorial_taskflow_api.py for tasks to queue
[2025-02-14T22:09:12.341+0600] {logging_mixin.py:190} INFO - [2025-02-14T22:09:12.340+0600] {dagbag.py:588} INFO - Filling up the DagBag from /home/shamim/airflow_git/Airflow_project/air_venv/lib/python3.12/site-packages/airflow/example_dags/tutorial_taskflow_api.py
[2025-02-14T22:09:12.357+0600] {processor.py:925} INFO - DAG(s) 'tutorial_taskflow_api' retrieved from /home/shamim/airflow_git/Airflow_project/air_venv/lib/python3.12/site-packages/airflow/example_dags/tutorial_taskflow_api.py
[2025-02-14T22:09:12.400+0600] {logging_mixin.py:190} INFO - [2025-02-14T22:09:12.400+0600] {dag.py:3239} INFO - Sync 1 DAGs
[2025-02-14T22:09:12.421+0600] {logging_mixin.py:190} INFO - [2025-02-14T22:09:12.421+0600] {dag.py:4180} INFO - Setting next_dagrun for tutorial_taskflow_api to None, run_after=None
[2025-02-14T22:09:12.465+0600] {processor.py:208} INFO - Processing /home/shamim/airflow_git/Airflow_project/air_venv/lib/python3.12/site-packages/airflow/example_dags/tutorial_taskflow_api.py took 0.142 seconds
[2025-02-14T22:09:42.888+0600] {processor.py:186} INFO - Started process (PID=580896) to work on /home/shamim/airflow_git/Airflow_project/air_venv/lib/python3.12/site-packages/airflow/example_dags/tutorial_taskflow_api.py
[2025-02-14T22:09:42.890+0600] {processor.py:914} INFO - Processing file /home/shamim/airflow_git/Airflow_project/air_venv/lib/python3.12/site-packages/airflow/example_dags/tutorial_taskflow_api.py for tasks to queue
[2025-02-14T22:09:42.892+0600] {logging_mixin.py:190} INFO - [2025-02-14T22:09:42.892+0600] {dagbag.py:588} INFO - Filling up the DagBag from /home/shamim/airflow_git/Airflow_project/air_venv/lib/python3.12/site-packages/airflow/example_dags/tutorial_taskflow_api.py
[2025-02-14T22:09:42.906+0600] {processor.py:925} INFO - DAG(s) 'tutorial_taskflow_api' retrieved from /home/shamim/airflow_git/Airflow_project/air_venv/lib/python3.12/site-packages/airflow/example_dags/tutorial_taskflow_api.py
[2025-02-14T22:09:42.952+0600] {logging_mixin.py:190} INFO - [2025-02-14T22:09:42.951+0600] {dag.py:3239} INFO - Sync 1 DAGs
[2025-02-14T22:09:42.978+0600] {logging_mixin.py:190} INFO - [2025-02-14T22:09:42.978+0600] {dag.py:4180} INFO - Setting next_dagrun for tutorial_taskflow_api to None, run_after=None
[2025-02-14T22:09:43.008+0600] {processor.py:208} INFO - Processing /home/shamim/airflow_git/Airflow_project/air_venv/lib/python3.12/site-packages/airflow/example_dags/tutorial_taskflow_api.py took 0.138 seconds
